[2017-03-10 01:56:21] INFO > #200: (/comboprojeto) - [] - {"url":"/comboprojeto?_dc=1489107381627&page=1&start=0&limit=25","ip":"::1","http_method":"OPTIONS","server":"localhost","referrer":"http://localhost:8081/","uid":"40e1a03"}
[2017-03-10 01:56:21] INFO > #200: (/comboprogramadores) - [] - {"url":"/comboprogramadores?_dc=1489107381630&page=1&start=0&limit=25","ip":"::1","http_method":"OPTIONS","server":"localhost","referrer":"http://localhost:8081/","uid":"29108fb"}
[2017-03-10 01:56:21] INFO > #200: (/comboprojeto) - [] - {"url":"/comboprojeto?_dc=1489107381627&page=1&start=0&limit=25","ip":"::1","http_method":"GET","server":"localhost","referrer":"http://localhost:8081/","uid":"924b1b4"}
[2017-03-10 01:56:22] INFO > #200: (/comboprogramadores) - [] - {"url":"/comboprogramadores?_dc=1489107381630&page=1&start=0&limit=25","ip":"::1","http_method":"GET","server":"localhost","referrer":"http://localhost:8081/","uid":"6909c17"}
[2017-03-10 01:56:25] INFO > #200: (/sprint/13) - [] - {"url":"/sprint/13","ip":"::1","http_method":"OPTIONS","server":"localhost","referrer":"http://localhost:8081/","uid":"571eccc"}
[2017-03-10 01:56:25] INFO > #200: (/sprint/13) - [] - {"url":"/sprint/13","ip":"::1","http_method":"GET","server":"localhost","referrer":"http://localhost:8081/","uid":"ccf3a1e"}
[2017-03-10 02:10:33] INFO > #200: (/comboprojeto) - [] - {"url":"/comboprojeto?_dc=1489108233127&page=1&start=0&limit=25","ip":"::1","http_method":"OPTIONS","server":"localhost","referrer":"http://localhost:8081/","uid":"71681df"}
[2017-03-10 02:10:33] INFO > #200: (/comboprogramadores) - [] - {"url":"/comboprogramadores?_dc=1489108233130&page=1&start=0&limit=25","ip":"::1","http_method":"OPTIONS","server":"localhost","referrer":"http://localhost:8081/","uid":"dbcbbf9"}
[2017-03-10 02:10:33] INFO > #200: (/comboprojeto) - [] - {"url":"/comboprojeto?_dc=1489108233127&page=1&start=0&limit=25","ip":"::1","http_method":"GET","server":"localhost","referrer":"http://localhost:8081/","uid":"79d3725"}
[2017-03-10 02:10:33] INFO > #200: (/comboprogramadores) - [] - {"url":"/comboprogramadores?_dc=1489108233130&page=1&start=0&limit=25","ip":"::1","http_method":"GET","server":"localhost","referrer":"http://localhost:8081/","uid":"6cf9188"}
[2017-03-10 02:10:35] INFO > #200: (/sprint/13) - [] - {"url":"/sprint/13","ip":"::1","http_method":"OPTIONS","server":"localhost","referrer":"http://localhost:8081/","uid":"e1361f8"}
[2017-03-10 02:10:35] INFO > #200: (/sprint/13) - [] - {"url":"/sprint/13","ip":"::1","http_method":"GET","server":"localhost","referrer":"http://localhost:8081/","uid":"7f8ce9d"}
[2017-03-10 02:10:39] INFO > #200: (//sprint/tarefas/24) - [] - {"url":"//sprint/tarefas/24","ip":"::1","http_method":"OPTIONS","server":"localhost","referrer":"http://localhost:8081/","uid":"4f40e25"}
[2017-03-10 02:10:39] INFO > #200: (//sprint/tarefas/24) - [] - {"url":"//sprint/tarefas/24","ip":"::1","http_method":"GET","server":"localhost","referrer":"http://localhost:8081/","uid":"7ba0030"}
[2017-03-10 02:13:05] INFO > #200: (/comboprojeto) - [] - {"url":"/comboprojeto?_dc=1489108385195&page=1&start=0&limit=25","ip":"::1","http_method":"OPTIONS","server":"localhost","referrer":"http://localhost:8081/","uid":"4cfd770"}
[2017-03-10 02:13:05] INFO > #200: (/comboprogramadores) - [] - {"url":"/comboprogramadores?_dc=1489108385197&page=1&start=0&limit=25","ip":"::1","http_method":"OPTIONS","server":"localhost","referrer":"http://localhost:8081/","uid":"c161420"}
[2017-03-10 02:13:05] INFO > #200: (/comboprojeto) - [] - {"url":"/comboprojeto?_dc=1489108385195&page=1&start=0&limit=25","ip":"::1","http_method":"GET","server":"localhost","referrer":"http://localhost:8081/","uid":"fd412f1"}
[2017-03-10 02:13:05] INFO > #200: (/comboprogramadores) - [] - {"url":"/comboprogramadores?_dc=1489108385197&page=1&start=0&limit=25","ip":"::1","http_method":"GET","server":"localhost","referrer":"http://localhost:8081/","uid":"6b16f10"}
[2017-03-10 02:13:07] INFO > #200: (/sprint/13) - [] - {"url":"/sprint/13","ip":"::1","http_method":"GET","server":"localhost","referrer":"http://localhost:8081/","uid":"965133e"}
[2017-03-10 02:13:16] INFO > #200: (//sprint/tarefas/24) - [] - {"url":"//sprint/tarefas/24","ip":"::1","http_method":"GET","server":"localhost","referrer":"http://localhost:8081/","uid":"3c2a3da"}
[2017-03-10 02:14:01] INFO > #200: (/comboprojeto) - [] - {"url":"/comboprojeto?_dc=1489108441034&page=1&start=0&limit=25","ip":"::1","http_method":"OPTIONS","server":"localhost","referrer":"http://localhost:8081/","uid":"733c0ca"}
[2017-03-10 02:14:01] INFO > #200: (/comboprogramadores) - [] - {"url":"/comboprogramadores?_dc=1489108441037&page=1&start=0&limit=25","ip":"::1","http_method":"OPTIONS","server":"localhost","referrer":"http://localhost:8081/","uid":"76d6ec1"}
[2017-03-10 02:14:01] INFO > #200: (/comboprojeto) - [] - {"url":"/comboprojeto?_dc=1489108441034&page=1&start=0&limit=25","ip":"::1","http_method":"GET","server":"localhost","referrer":"http://localhost:8081/","uid":"ddf96e1"}
[2017-03-10 02:14:01] INFO > #200: (/comboprogramadores) - [] - {"url":"/comboprogramadores?_dc=1489108441037&page=1&start=0&limit=25","ip":"::1","http_method":"GET","server":"localhost","referrer":"http://localhost:8081/","uid":"3c182a9"}
[2017-03-10 02:14:03] INFO > #200: (/sprint/13) - [] - {"url":"/sprint/13","ip":"::1","http_method":"GET","server":"localhost","referrer":"http://localhost:8081/","uid":"722a58c"}
[2017-03-10 02:14:05] INFO > #200: (//sprint/tarefas/12) - [] - {"url":"//sprint/tarefas/12","ip":"::1","http_method":"OPTIONS","server":"localhost","referrer":"http://localhost:8081/","uid":"7cef8a5"}
[2017-03-10 02:14:05] INFO > #200: (//sprint/tarefas/12) - [] - {"url":"//sprint/tarefas/12","ip":"::1","http_method":"GET","server":"localhost","referrer":"http://localhost:8081/","uid":"3d10ce7"}
[2017-03-10 02:16:56] INFO > #200: (/comboprojeto) - [] - {"url":"/comboprojeto?_dc=1489108616262&page=1&start=0&limit=25","ip":"::1","http_method":"OPTIONS","server":"localhost","referrer":"http://localhost:8081/","uid":"e285dae"}
[2017-03-10 02:16:56] INFO > #200: (/comboprogramadores) - [] - {"url":"/comboprogramadores?_dc=1489108616265&page=1&start=0&limit=25","ip":"::1","http_method":"OPTIONS","server":"localhost","referrer":"http://localhost:8081/","uid":"ec3fdc3"}
[2017-03-10 02:16:56] INFO > #200: (/comboprojeto) - [] - {"url":"/comboprojeto?_dc=1489108616262&page=1&start=0&limit=25","ip":"::1","http_method":"GET","server":"localhost","referrer":"http://localhost:8081/","uid":"8037fd5"}
[2017-03-10 02:16:56] INFO > #200: (/comboprogramadores) - [] - {"url":"/comboprogramadores?_dc=1489108616265&page=1&start=0&limit=25","ip":"::1","http_method":"GET","server":"localhost","referrer":"http://localhost:8081/","uid":"fe37e65"}
[2017-03-10 02:16:58] INFO > #200: (/sprint/13) - [] - {"url":"/sprint/13","ip":"::1","http_method":"GET","server":"localhost","referrer":"http://localhost:8081/","uid":"6091c56"}
[2017-03-10 02:17:00] INFO > #200: (//sprint/tarefas/12) - [] - {"url":"//sprint/tarefas/12","ip":"::1","http_method":"GET","server":"localhost","referrer":"http://localhost:8081/","uid":"a2ee0c3"}
[2017-03-10 02:18:53] INFO > #200: (/sprint/12) - [] - {"url":"/sprint/12","ip":"::1","http_method":"OPTIONS","server":"localhost","referrer":"http://localhost:8081/","uid":"513489e"}
[2017-03-10 02:18:53] INFO > #200: (/sprint/12) - [] - {"url":"/sprint/12","ip":"::1","http_method":"PATCH","server":"localhost","referrer":"http://localhost:8081/","uid":"c963474"}
[2017-03-10 02:18:54] INFO > #200: (/sprint/13) - [] - {"url":"/sprint/13","ip":"::1","http_method":"GET","server":"localhost","referrer":"http://localhost:8081/","uid":"252a093"}
[2017-03-10 02:19:00] INFO > #200: (//sprint/tarefas/13) - [] - {"url":"//sprint/tarefas/13","ip":"::1","http_method":"OPTIONS","server":"localhost","referrer":"http://localhost:8081/","uid":"d7dfeda"}
[2017-03-10 02:19:00] INFO > #200: (//sprint/tarefas/13) - [] - {"url":"//sprint/tarefas/13","ip":"::1","http_method":"GET","server":"localhost","referrer":"http://localhost:8081/","uid":"6d25905"}
[2017-03-10 02:19:08] INFO > #200: (//sprint/tarefas/12) - [] - {"url":"//sprint/tarefas/12","ip":"::1","http_method":"GET","server":"localhost","referrer":"http://localhost:8081/","uid":"3d7d5a7"}
[2017-03-10 02:19:22] INFO > #200: (/comboprojeto) - [] - {"url":"/comboprojeto?_dc=1489108762939&page=1&start=0&limit=25","ip":"::1","http_method":"OPTIONS","server":"localhost","referrer":"http://localhost:8081/","uid":"69d517d"}
[2017-03-10 02:19:22] INFO > #200: (/comboprogramadores) - [] - {"url":"/comboprogramadores?_dc=1489108762942&page=1&start=0&limit=25","ip":"::1","http_method":"OPTIONS","server":"localhost","referrer":"http://localhost:8081/","uid":"d8cffb3"}
[2017-03-10 02:19:23] INFO > #200: (/comboprojeto) - [] - {"url":"/comboprojeto?_dc=1489108762939&page=1&start=0&limit=25","ip":"::1","http_method":"GET","server":"localhost","referrer":"http://localhost:8081/","uid":"1c79434"}
[2017-03-10 02:19:23] INFO > #200: (/comboprogramadores) - [] - {"url":"/comboprogramadores?_dc=1489108762942&page=1&start=0&limit=25","ip":"::1","http_method":"GET","server":"localhost","referrer":"http://localhost:8081/","uid":"f2376ed"}
[2017-03-10 02:19:25] INFO > #200: (/sprint/13) - [] - {"url":"/sprint/13","ip":"::1","http_method":"GET","server":"localhost","referrer":"http://localhost:8081/","uid":"0c5c819"}
[2017-03-10 02:21:08] INFO > #200: (/sprint/13) - [] - {"url":"/sprint/13","ip":"::1","http_method":"OPTIONS","server":"localhost","referrer":"http://localhost:8081/","uid":"f7f8b66"}
[2017-03-10 02:21:08] INFO > #200: (/sprint/13) - [] - {"url":"/sprint/13","ip":"::1","http_method":"GET","server":"localhost","referrer":"http://localhost:8081/","uid":"a8fbc3e"}
[2017-03-10 02:21:15] INFO > #200: (//sprint/tarefas/12) - [] - {"url":"//sprint/tarefas/12","ip":"::1","http_method":"GET","server":"localhost","referrer":"http://localhost:8081/","uid":"b2904a1"}
[2017-03-10 02:21:46] INFO > #200: (/sprint/12) - [] - {"url":"/sprint/12","ip":"::1","http_method":"PATCH","server":"localhost","referrer":"http://localhost:8081/","uid":"8165543"}
[2017-03-10 02:21:47] INFO > #200: (/sprint/13) - [] - {"url":"/sprint/13","ip":"::1","http_method":"GET","server":"localhost","referrer":"http://localhost:8081/","uid":"2b059bc"}
[2017-03-10 02:21:49] INFO > #200: (//sprint/tarefas/24) - [] - {"url":"//sprint/tarefas/24","ip":"::1","http_method":"OPTIONS","server":"localhost","referrer":"http://localhost:8081/","uid":"e2a5be4"}
[2017-03-10 02:21:49] INFO > #200: (//sprint/tarefas/24) - [] - {"url":"//sprint/tarefas/24","ip":"::1","http_method":"GET","server":"localhost","referrer":"http://localhost:8081/","uid":"c28a44a"}
[2017-03-10 02:21:56] INFO > #200: (//sprint/tarefas/12) - [] - {"url":"//sprint/tarefas/12","ip":"::1","http_method":"GET","server":"localhost","referrer":"http://localhost:8081/","uid":"ae622cd"}
[2017-03-10 02:22:06] INFO > #200: (/sprint/12) - [] - {"url":"/sprint/12","ip":"::1","http_method":"PATCH","server":"localhost","referrer":"http://localhost:8081/","uid":"8a625e6"}
[2017-03-10 02:22:07] INFO > #200: (/sprint/13) - [] - {"url":"/sprint/13","ip":"::1","http_method":"GET","server":"localhost","referrer":"http://localhost:8081/","uid":"4783e86"}
[2017-03-10 02:22:09] INFO > #200: (//sprint/tarefas/12) - [] - {"url":"//sprint/tarefas/12","ip":"::1","http_method":"GET","server":"localhost","referrer":"http://localhost:8081/","uid":"868e977"}
[2017-03-10 02:23:27] INFO > #200: (//sprint/tarefas/13) - [] - {"url":"//sprint/tarefas/13","ip":"::1","http_method":"GET","server":"localhost","referrer":"http://localhost:8081/","uid":"062e240"}
[2017-03-10 02:24:08] INFO > #200: (/sprint/13) - [] - {"url":"/sprint/13","ip":"::1","http_method":"PATCH","server":"localhost","referrer":"http://localhost:8081/","uid":"124ae14"}
[2017-03-10 02:24:09] INFO > #200: (/sprint/13) - [] - {"url":"/sprint/13","ip":"::1","http_method":"GET","server":"localhost","referrer":"http://localhost:8081/","uid":"d810289"}
[2017-03-10 02:24:11] INFO > #200: (//sprint/tarefas/24) - [] - {"url":"//sprint/tarefas/24","ip":"::1","http_method":"GET","server":"localhost","referrer":"http://localhost:8081/","uid":"44c29d8"}
[2017-03-10 02:24:29] INFO > #200: (/sprint/24) - [] - {"url":"/sprint/24","ip":"::1","http_method":"OPTIONS","server":"localhost","referrer":"http://localhost:8081/","uid":"7c42e03"}
[2017-03-10 02:24:29] INFO > #200: (/sprint/24) - [] - {"url":"/sprint/24","ip":"::1","http_method":"PATCH","server":"localhost","referrer":"http://localhost:8081/","uid":"b3a73a7"}
[2017-03-10 02:24:30] INFO > #200: (/sprint/13) - [] - {"url":"/sprint/13","ip":"::1","http_method":"GET","server":"localhost","referrer":"http://localhost:8081/","uid":"e8e5dc7"}
[2017-03-10 02:25:26] INFO > #200: (/sprint/14) - [] - {"url":"/sprint/14","ip":"::1","http_method":"OPTIONS","server":"localhost","referrer":"http://localhost:8081/","uid":"4345747"}
[2017-03-10 02:25:26] INFO > #200: (/sprint/14) - [] - {"url":"/sprint/14","ip":"::1","http_method":"GET","server":"localhost","referrer":"http://localhost:8081/","uid":"f4ae4ff"}
[2017-03-10 02:25:28] INFO > #200: (//sprint/tarefas/17) - [] - {"url":"//sprint/tarefas/17","ip":"::1","http_method":"OPTIONS","server":"localhost","referrer":"http://localhost:8081/","uid":"b100a44"}
[2017-03-10 02:25:28] INFO > #200: (//sprint/tarefas/17) - [] - {"url":"//sprint/tarefas/17","ip":"::1","http_method":"GET","server":"localhost","referrer":"http://localhost:8081/","uid":"fff0c98"}
[2017-03-10 02:26:15] INFO > #200: (/sprint/17) - [] - {"url":"/sprint/17","ip":"::1","http_method":"OPTIONS","server":"localhost","referrer":"http://localhost:8081/","uid":"58a031b"}
[2017-03-10 02:26:15] INFO > #200: (/sprint/17) - [] - {"url":"/sprint/17","ip":"::1","http_method":"PATCH","server":"localhost","referrer":"http://localhost:8081/","uid":"64b7c17"}
[2017-03-10 02:26:15] INFO > #200: (/sprint/14) - [] - {"url":"/sprint/14","ip":"::1","http_method":"GET","server":"localhost","referrer":"http://localhost:8081/","uid":"5374c37"}
[2017-03-10 02:26:23] INFO > #200: (/sprint/8) - [] - {"url":"/sprint/8","ip":"::1","http_method":"OPTIONS","server":"localhost","referrer":"http://localhost:8081/","uid":"62ea13e"}
[2017-03-10 02:26:23] INFO > #200: (/sprint/8) - [] - {"url":"/sprint/8","ip":"::1","http_method":"GET","server":"localhost","referrer":"http://localhost:8081/","uid":"9a41efe"}
[2017-03-10 02:26:24] INFO > #200: (//sprint/tarefas/14) - [] - {"url":"//sprint/tarefas/14","ip":"::1","http_method":"OPTIONS","server":"localhost","referrer":"http://localhost:8081/","uid":"4d2aff1"}
[2017-03-10 02:26:24] INFO > #200: (//sprint/tarefas/14) - [] - {"url":"//sprint/tarefas/14","ip":"::1","http_method":"GET","server":"localhost","referrer":"http://localhost:8081/","uid":"0a7ddbd"}
[2017-03-10 02:27:14] INFO > #200: (/sprint/tarefa/10) - [] - {"url":"/sprint/tarefa/10","ip":"::1","http_method":"OPTIONS","server":"localhost","referrer":"http://localhost:8081/","uid":"1294743"}
[2017-03-10 02:27:14] INFO > #200: (/sprint/tarefa/10) - [] - {"url":"/sprint/tarefa/10","ip":"::1","http_method":"DELETE","server":"localhost","referrer":"http://localhost:8081/","uid":"5bceae7"}
[2017-03-10 02:27:17] INFO > #200: (/sprint/14) - [] - {"url":"/sprint/14","ip":"::1","http_method":"PATCH","server":"localhost","referrer":"http://localhost:8081/","uid":"7e53dce"}
[2017-03-10 02:27:18] INFO > #200: (/sprint/8) - [] - {"url":"/sprint/8","ip":"::1","http_method":"GET","server":"localhost","referrer":"http://localhost:8081/","uid":"6480b13"}
[2017-03-10 02:27:19] INFO > #200: (//sprint/tarefas/14) - [] - {"url":"//sprint/tarefas/14","ip":"::1","http_method":"GET","server":"localhost","referrer":"http://localhost:8081/","uid":"cc793e2"}
[2017-03-10 02:27:49] INFO > #200: (//sprint/tarefas/14) - [] - {"url":"//sprint/tarefas/14","ip":"::1","http_method":"GET","server":"localhost","referrer":"http://localhost:8081/","uid":"e28ba3d"}
[2017-03-10 02:29:18] INFO > #200: (/sprint/14) - [] - {"url":"/sprint/14","ip":"::1","http_method":"PATCH","server":"localhost","referrer":"http://localhost:8081/","uid":"fd96af8"}
[2017-03-10 02:29:19] INFO > #200: (/sprint/8) - [] - {"url":"/sprint/8","ip":"::1","http_method":"GET","server":"localhost","referrer":"http://localhost:8081/","uid":"d98a1a7"}
[2017-03-10 02:29:22] INFO > #200: (//sprint/tarefas/14) - [] - {"url":"//sprint/tarefas/14","ip":"::1","http_method":"GET","server":"localhost","referrer":"http://localhost:8081/","uid":"d1ff1e9"}
[2017-03-10 02:30:35] INFO > #200: (/sprint/13) - [] - {"url":"/sprint/13","ip":"::1","http_method":"GET","server":"localhost","referrer":"http://localhost:8081/","uid":"5ab8d8d"}
[2017-03-10 03:05:20] INFO > #200: (/projetos) - [] - {"url":"/projetos","ip":"::1","http_method":"GET","server":"localhost","referrer":null,"uid":"b489ac9"}
[2017-03-10 03:05:24] WARNING > #404: (/login) - [] - {"url":"/login","ip":"::1","http_method":"GET","server":"localhost","referrer":null,"uid":"17b5589"}
[2017-03-10 03:06:02] WARNING > #404: (/login) - [] - {"url":"/login","ip":"::1","http_method":"GET","server":"localhost","referrer":null,"uid":"2767d58"}
[2017-03-10 03:06:07] INFO > #200: (/login/1) - [] - {"url":"/login/1","ip":"::1","http_method":"GET","server":"localhost","referrer":null,"uid":"81861a3"}
[2017-03-10 03:06:14] WARNING > #404: (/login/1/2) - [] - {"url":"/login/1/2","ip":"::1","http_method":"GET","server":"localhost","referrer":null,"uid":"7734be4"}
[2017-03-10 03:06:58] INFO > #200: (/login/1) - [] - {"url":"/login/1","ip":"::1","http_method":"GET","server":"localhost","referrer":null,"uid":"1bd614d"}
[2017-03-10 03:07:19] INFO > #200: (/login/1) - [] - {"url":"/login/1","ip":"::1","http_method":"GET","server":"localhost","referrer":null,"uid":"169f324"}
[2017-03-10 03:07:22] INFO > #200: (/login/1) - [] - {"url":"/login/1","ip":"::1","http_method":"GET","server":"localhost","referrer":null,"uid":"4ccef4d"}
[2017-03-10 03:07:26] INFO > #200: (/login/1) - [] - {"url":"/login/1","ip":"::1","http_method":"GET","server":"localhost","referrer":null,"uid":"15142f6"}
[2017-03-10 03:07:43] INFO > #200: (/login/1) - [] - {"url":"/login/1","ip":"::1","http_method":"GET","server":"localhost","referrer":null,"uid":"c3ebb09"}
[2017-03-10 03:25:47] INFO > #200: (/login/fabio,gomes) - [] - {"url":"/login/fabio,gomes","ip":"::1","http_method":"OPTIONS","server":"localhost","referrer":"http://localhost:8081/","uid":"d8b1344"}
[2017-03-10 03:25:47] INFO > #200: (/login/fabio,gomes) - [] - {"url":"/login/fabio,gomes","ip":"::1","http_method":"GET","server":"localhost","referrer":"http://localhost:8081/","uid":"31f9c2f"}
[2017-03-10 03:26:27] INFO > #200: (/login/fabio,fabio) - [] - {"url":"/login/fabio,fabio","ip":"::1","http_method":"OPTIONS","server":"localhost","referrer":"http://localhost:8081/","uid":"2a4a1bb"}
[2017-03-10 03:26:27] INFO > #200: (/login/fabio,fabio) - [] - {"url":"/login/fabio,fabio","ip":"::1","http_method":"GET","server":"localhost","referrer":"http://localhost:8081/","uid":"6a5e06d"}
[2017-03-10 03:26:41] INFO > #200: (/login/fabio,%20fabio) - [] - {"url":"/login/fabio,%20fabio","ip":"::1","http_method":"GET","server":"localhost","referrer":null,"uid":"de05f2e"}
[2017-03-10 03:26:47] INFO > #200: (/login/fabio,fabio) - [] - {"url":"/login/fabio,fabio","ip":"::1","http_method":"GET","server":"localhost","referrer":null,"uid":"04adc31"}
[2017-03-10 03:28:07] INFO > #200: (/login/fabio,fabio) - [] - {"url":"/login/fabio,fabio","ip":"::1","http_method":"GET","server":"localhost","referrer":null,"uid":"0d372a2"}
[2017-03-10 03:28:08] INFO > #200: (/login/fabio,fabio) - [] - {"url":"/login/fabio,fabio","ip":"::1","http_method":"GET","server":"localhost","referrer":null,"uid":"d3a347f"}
[2017-03-10 03:28:53] INFO > #200: (/login/fabio,aaa) - [] - {"url":"/login/fabio,aaa","ip":"::1","http_method":"OPTIONS","server":"localhost","referrer":"http://localhost:8081/","uid":"a29f5f2"}
[2017-03-10 03:28:53] INFO > #200: (/login/fabio,aaa) - [] - {"url":"/login/fabio,aaa","ip":"::1","http_method":"GET","server":"localhost","referrer":"http://localhost:8081/","uid":"6c0ce4a"}
[2017-03-10 03:28:59] INFO > #200: (/login/fabio,fabio) - [] - {"url":"/login/fabio,fabio","ip":"::1","http_method":"GET","server":"localhost","referrer":"http://localhost:8081/","uid":"6e57732"}
[2017-03-10 03:30:02] INFO > #200: (/login/fabio) - [] - {"url":"/login/fabio","ip":"::1","http_method":"GET","server":"localhost","referrer":null,"uid":"6c71731"}
[2017-03-10 03:30:10] INFO > #200: (/login/fabio,aa) - [] - {"url":"/login/fabio,aa","ip":"::1","http_method":"GET","server":"localhost","referrer":null,"uid":"bca7c63"}
[2017-03-10 03:30:16] INFO > #200: (/login/fabio,fabio) - [] - {"url":"/login/fabio,fabio","ip":"::1","http_method":"GET","server":"localhost","referrer":null,"uid":"87be715"}
[2017-03-10 03:30:41] INFO > #200: (/comboprojeto) - [] - {"url":"/comboprojeto?_dc=1489113041270&page=1&start=0&limit=25","ip":"::1","http_method":"OPTIONS","server":"localhost","referrer":"http://localhost:8081/","uid":"84ceec6"}
[2017-03-10 03:30:41] INFO > #200: (/comboprogramadores) - [] - {"url":"/comboprogramadores?_dc=1489113041274&page=1&start=0&limit=25","ip":"::1","http_method":"OPTIONS","server":"localhost","referrer":"http://localhost:8081/","uid":"e789872"}
[2017-03-10 03:30:41] INFO > #200: (/comboprojeto) - [] - {"url":"/comboprojeto?_dc=1489113041270&page=1&start=0&limit=25","ip":"::1","http_method":"GET","server":"localhost","referrer":"http://localhost:8081/","uid":"7b31ec7"}
[2017-03-10 03:30:41] INFO > #200: (/comboprogramadores) - [] - {"url":"/comboprogramadores?_dc=1489113041274&page=1&start=0&limit=25","ip":"::1","http_method":"GET","server":"localhost","referrer":"http://localhost:8081/","uid":"32cf39e"}
[2017-03-10 03:30:44] INFO > #200: (/sprint/13) - [] - {"url":"/sprint/13","ip":"::1","http_method":"OPTIONS","server":"localhost","referrer":"http://localhost:8081/","uid":"f50d281"}
[2017-03-10 03:30:44] INFO > #200: (/sprint/13) - [] - {"url":"/sprint/13","ip":"::1","http_method":"GET","server":"localhost","referrer":"http://localhost:8081/","uid":"3936914"}
