[2017-02-22 02:23:44] INFO > #200: (/projetos) - [] - {"url":"/projetos?_dc=1487726624879&page=1&start=0&limit=25&sort=nomeusuario&dir=desc","ip":"::1","http_method":"OPTIONS","server":"localhost","referrer":"http://localhost:8081/","uid":"6919f11"}
[2017-02-22 02:23:44] INFO > #200: (/hora) - [] - {"url":"/hora?_dc=1487726624882&page=1&start=0&limit=25","ip":"::1","http_method":"OPTIONS","server":"localhost","referrer":"http://localhost:8081/","uid":"89bc4ae"}
[2017-02-22 02:23:44] INFO > #200: (/sistemasinternos) - [] - {"url":"/sistemasinternos?_dc=1487726624883&page=1&start=0&limit=25","ip":"::1","http_method":"OPTIONS","server":"localhost","referrer":"http://localhost:8081/","uid":"bdc9bc1"}
[2017-02-22 02:23:44] INFO > #200: (/sistemasexternos) - [] - {"url":"/sistemasexternos?_dc=1487726624884&page=1&start=0&limit=25","ip":"::1","http_method":"OPTIONS","server":"localhost","referrer":"http://localhost:8081/","uid":"ecc8ba4"}
[2017-02-22 02:23:44] INFO > #200: (/sistemas) - [] - {"url":"/sistemas?_dc=1487726624884&page=1&start=0&limit=25","ip":"::1","http_method":"OPTIONS","server":"localhost","referrer":"http://localhost:8081/","uid":"f51d7a5"}
[2017-02-22 02:23:45] INFO > #200: (/sistemas) - [] - {"url":"/sistemas?_dc=1487726624885&page=1&start=0&limit=25","ip":"::1","http_method":"OPTIONS","server":"localhost","referrer":"http://localhost:8081/","uid":"fc9f6bd"}
[2017-02-22 02:23:45] INFO > #200: (/abrangencia) - [] - {"url":"/abrangencia?_dc=1487726624885&page=1&start=0&limit=25","ip":"::1","http_method":"OPTIONS","server":"localhost","referrer":"http://localhost:8081/","uid":"25ef18a"}
[2017-02-22 02:23:45] INFO > #200: (/estabilidade) - [] - {"url":"/estabilidade?_dc=1487726624886&page=1&start=0&limit=25","ip":"::1","http_method":"OPTIONS","server":"localhost","referrer":"http://localhost:8081/","uid":"66743e5"}
[2017-02-22 02:23:45] INFO > #200: (/conhecimento) - [] - {"url":"/conhecimento?_dc=1487726624887&page=1&start=0&limit=25","ip":"::1","http_method":"OPTIONS","server":"localhost","referrer":"http://localhost:8081/","uid":"54fda9c"}
[2017-02-22 02:23:45] INFO > #200: (/classificacao) - [] - {"url":"/classificacao?_dc=1487726624887&page=1&start=0&limit=25","ip":"::1","http_method":"OPTIONS","server":"localhost","referrer":"http://localhost:8081/","uid":"6428234"}
[2017-02-22 02:23:45] INFO > #200: (/nivelrisco) - [] - {"url":"/nivelrisco?_dc=1487726624888&page=1&start=0&limit=25","ip":"::1","http_method":"OPTIONS","server":"localhost","referrer":"http://localhost:8081/","uid":"99fbecd"}
[2017-02-22 02:23:45] INFO > #200: (/projetos) - [] - {"url":"/projetos?_dc=1487726624879&page=1&start=0&limit=25&sort=nomeusuario&dir=desc","ip":"::1","http_method":"GET","server":"localhost","referrer":"http://localhost:8081/","uid":"1200ee9"}
[2017-02-22 02:23:45] INFO > #200: (/hora) - [] - {"url":"/hora?_dc=1487726624882&page=1&start=0&limit=25","ip":"::1","http_method":"GET","server":"localhost","referrer":"http://localhost:8081/","uid":"713936c"}
[2017-02-22 02:23:45] INFO > #200: (/sistemasinternos) - [] - {"url":"/sistemasinternos?_dc=1487726624883&page=1&start=0&limit=25","ip":"::1","http_method":"GET","server":"localhost","referrer":"http://localhost:8081/","uid":"79a724b"}
[2017-02-22 02:23:45] INFO > #200: (/sistemasexternos) - [] - {"url":"/sistemasexternos?_dc=1487726624884&page=1&start=0&limit=25","ip":"::1","http_method":"GET","server":"localhost","referrer":"http://localhost:8081/","uid":"6b71ab1"}
[2017-02-22 02:23:45] INFO > #200: (/sistemas) - [] - {"url":"/sistemas?_dc=1487726624884&page=1&start=0&limit=25","ip":"::1","http_method":"GET","server":"localhost","referrer":"http://localhost:8081/","uid":"211be97"}
[2017-02-22 02:23:45] INFO > #200: (/sistemas) - [] - {"url":"/sistemas?_dc=1487726624885&page=1&start=0&limit=25","ip":"::1","http_method":"GET","server":"localhost","referrer":"http://localhost:8081/","uid":"a3af103"}
[2017-02-22 02:23:45] INFO > #200: (/abrangencia) - [] - {"url":"/abrangencia?_dc=1487726624885&page=1&start=0&limit=25","ip":"::1","http_method":"GET","server":"localhost","referrer":"http://localhost:8081/","uid":"8e73a38"}
[2017-02-22 02:23:45] INFO > #200: (/estabilidade) - [] - {"url":"/estabilidade?_dc=1487726624886&page=1&start=0&limit=25","ip":"::1","http_method":"GET","server":"localhost","referrer":"http://localhost:8081/","uid":"5008f1b"}
[2017-02-22 02:23:45] INFO > #200: (/conhecimento) - [] - {"url":"/conhecimento?_dc=1487726624887&page=1&start=0&limit=25","ip":"::1","http_method":"GET","server":"localhost","referrer":"http://localhost:8081/","uid":"c319d30"}
[2017-02-22 02:23:45] INFO > #200: (/classificacao) - [] - {"url":"/classificacao?_dc=1487726624887&page=1&start=0&limit=25","ip":"::1","http_method":"GET","server":"localhost","referrer":"http://localhost:8081/","uid":"eab9085"}
[2017-02-22 02:23:45] INFO > #200: (/nivelrisco) - [] - {"url":"/nivelrisco?_dc=1487726624888&page=1&start=0&limit=25","ip":"::1","http_method":"GET","server":"localhost","referrer":"http://localhost:8081/","uid":"7180536"}
[2017-02-22 02:23:46] INFO > #200: (/projetos/solicitantes/8) - [] - {"url":"/projetos/solicitantes/8","ip":"::1","http_method":"OPTIONS","server":"localhost","referrer":"http://localhost:8081/","uid":"81cee65"}
[2017-02-22 02:23:46] INFO > #200: (/projetos/riscos/8) - [] - {"url":"/projetos/riscos/8","ip":"::1","http_method":"OPTIONS","server":"localhost","referrer":"http://localhost:8081/","uid":"76f75bc"}
[2017-02-22 02:23:47] INFO > #200: (/projetos/solicitantes/8) - [] - {"url":"/projetos/solicitantes/8","ip":"::1","http_method":"GET","server":"localhost","referrer":"http://localhost:8081/","uid":"0a32aeb"}
[2017-02-22 02:23:47] INFO > #200: (/projetos/riscos/8) - [] - {"url":"/projetos/riscos/8","ip":"::1","http_method":"GET","server":"localhost","referrer":"http://localhost:8081/","uid":"96bd222"}
[2017-02-22 02:26:37] INFO > #200: (/projetos) - [] - {"url":"/projetos?_dc=1487726797937&page=1&start=0&limit=25&sort=nomeusuario&dir=desc","ip":"::1","http_method":"OPTIONS","server":"localhost","referrer":"http://localhost:8081/","uid":"3f029df"}
[2017-02-22 02:26:37] INFO > #200: (/hora) - [] - {"url":"/hora?_dc=1487726797940&page=1&start=0&limit=25","ip":"::1","http_method":"OPTIONS","server":"localhost","referrer":"http://localhost:8081/","uid":"c0e0242"}
[2017-02-22 02:26:37] INFO > #200: (/sistemasinternos) - [] - {"url":"/sistemasinternos?_dc=1487726797940&page=1&start=0&limit=25","ip":"::1","http_method":"OPTIONS","server":"localhost","referrer":"http://localhost:8081/","uid":"384ce0f"}
[2017-02-22 02:26:38] INFO > #200: (/sistemasexternos) - [] - {"url":"/sistemasexternos?_dc=1487726797941&page=1&start=0&limit=25","ip":"::1","http_method":"OPTIONS","server":"localhost","referrer":"http://localhost:8081/","uid":"5a036bb"}
[2017-02-22 02:26:38] INFO > #200: (/sistemas) - [] - {"url":"/sistemas?_dc=1487726797941&page=1&start=0&limit=25","ip":"::1","http_method":"OPTIONS","server":"localhost","referrer":"http://localhost:8081/","uid":"ed5fe84"}
[2017-02-22 02:26:38] INFO > #200: (/sistemas) - [] - {"url":"/sistemas?_dc=1487726797942&page=1&start=0&limit=25","ip":"::1","http_method":"OPTIONS","server":"localhost","referrer":"http://localhost:8081/","uid":"d6debad"}
[2017-02-22 02:26:38] INFO > #200: (/abrangencia) - [] - {"url":"/abrangencia?_dc=1487726797942&page=1&start=0&limit=25","ip":"::1","http_method":"OPTIONS","server":"localhost","referrer":"http://localhost:8081/","uid":"90e6798"}
[2017-02-22 02:26:38] INFO > #200: (/estabilidade) - [] - {"url":"/estabilidade?_dc=1487726797943&page=1&start=0&limit=25","ip":"::1","http_method":"OPTIONS","server":"localhost","referrer":"http://localhost:8081/","uid":"25b7e32"}
[2017-02-22 02:26:38] INFO > #200: (/conhecimento) - [] - {"url":"/conhecimento?_dc=1487726797944&page=1&start=0&limit=25","ip":"::1","http_method":"OPTIONS","server":"localhost","referrer":"http://localhost:8081/","uid":"ae5b1df"}
[2017-02-22 02:26:38] INFO > #200: (/classificacao) - [] - {"url":"/classificacao?_dc=1487726797945&page=1&start=0&limit=25","ip":"::1","http_method":"OPTIONS","server":"localhost","referrer":"http://localhost:8081/","uid":"8098f3a"}
[2017-02-22 02:26:38] INFO > #200: (/nivelrisco) - [] - {"url":"/nivelrisco?_dc=1487726797945&page=1&start=0&limit=25","ip":"::1","http_method":"OPTIONS","server":"localhost","referrer":"http://localhost:8081/","uid":"0a3e5b6"}
[2017-02-22 02:26:38] INFO > #200: (/projetos) - [] - {"url":"/projetos?_dc=1487726797937&page=1&start=0&limit=25&sort=nomeusuario&dir=desc","ip":"::1","http_method":"GET","server":"localhost","referrer":"http://localhost:8081/","uid":"bcafcde"}
[2017-02-22 02:26:38] INFO > #200: (/hora) - [] - {"url":"/hora?_dc=1487726797940&page=1&start=0&limit=25","ip":"::1","http_method":"GET","server":"localhost","referrer":"http://localhost:8081/","uid":"344b3e9"}
[2017-02-22 02:26:38] INFO > #200: (/sistemasinternos) - [] - {"url":"/sistemasinternos?_dc=1487726797940&page=1&start=0&limit=25","ip":"::1","http_method":"GET","server":"localhost","referrer":"http://localhost:8081/","uid":"3d57b74"}
[2017-02-22 02:26:38] INFO > #200: (/sistemasexternos) - [] - {"url":"/sistemasexternos?_dc=1487726797941&page=1&start=0&limit=25","ip":"::1","http_method":"GET","server":"localhost","referrer":"http://localhost:8081/","uid":"9507be1"}
[2017-02-22 02:26:38] INFO > #200: (/sistemas) - [] - {"url":"/sistemas?_dc=1487726797941&page=1&start=0&limit=25","ip":"::1","http_method":"GET","server":"localhost","referrer":"http://localhost:8081/","uid":"62fa30a"}
[2017-02-22 02:26:38] INFO > #200: (/sistemas) - [] - {"url":"/sistemas?_dc=1487726797942&page=1&start=0&limit=25","ip":"::1","http_method":"GET","server":"localhost","referrer":"http://localhost:8081/","uid":"8375a79"}
[2017-02-22 02:26:38] INFO > #200: (/abrangencia) - [] - {"url":"/abrangencia?_dc=1487726797942&page=1&start=0&limit=25","ip":"::1","http_method":"GET","server":"localhost","referrer":"http://localhost:8081/","uid":"9db0e2f"}
[2017-02-22 02:26:38] INFO > #200: (/estabilidade) - [] - {"url":"/estabilidade?_dc=1487726797943&page=1&start=0&limit=25","ip":"::1","http_method":"GET","server":"localhost","referrer":"http://localhost:8081/","uid":"a9002e1"}
[2017-02-22 02:26:38] INFO > #200: (/conhecimento) - [] - {"url":"/conhecimento?_dc=1487726797944&page=1&start=0&limit=25","ip":"::1","http_method":"GET","server":"localhost","referrer":"http://localhost:8081/","uid":"cd6e0a4"}
[2017-02-22 02:26:38] INFO > #200: (/classificacao) - [] - {"url":"/classificacao?_dc=1487726797945&page=1&start=0&limit=25","ip":"::1","http_method":"GET","server":"localhost","referrer":"http://localhost:8081/","uid":"5d9bdaa"}
[2017-02-22 02:26:38] INFO > #200: (/nivelrisco) - [] - {"url":"/nivelrisco?_dc=1487726797945&page=1&start=0&limit=25","ip":"::1","http_method":"GET","server":"localhost","referrer":"http://localhost:8081/","uid":"46d6234"}
[2017-02-22 02:26:39] INFO > #200: (/projetos/solicitantes/8) - [] - {"url":"/projetos/solicitantes/8","ip":"::1","http_method":"GET","server":"localhost","referrer":"http://localhost:8081/","uid":"9b11e92"}
[2017-02-22 02:26:39] INFO > #200: (/projetos/riscos/8) - [] - {"url":"/projetos/riscos/8","ip":"::1","http_method":"GET","server":"localhost","referrer":"http://localhost:8081/","uid":"50b0e91"}
[2017-02-22 02:28:43] INFO > #200: (/projetos) - [] - {"url":"/projetos?_dc=1487726923622&page=1&start=0&limit=25&sort=nomeusuario&dir=desc","ip":"::1","http_method":"OPTIONS","server":"localhost","referrer":"http://localhost:8081/","uid":"76f98b4"}
[2017-02-22 02:28:43] INFO > #200: (/hora) - [] - {"url":"/hora?_dc=1487726923625&page=1&start=0&limit=25","ip":"::1","http_method":"OPTIONS","server":"localhost","referrer":"http://localhost:8081/","uid":"9052f45"}
[2017-02-22 02:28:43] INFO > #200: (/sistemasinternos) - [] - {"url":"/sistemasinternos?_dc=1487726923626&page=1&start=0&limit=25","ip":"::1","http_method":"OPTIONS","server":"localhost","referrer":"http://localhost:8081/","uid":"8aeb4c8"}
[2017-02-22 02:28:43] INFO > #200: (/sistemasexternos) - [] - {"url":"/sistemasexternos?_dc=1487726923626&page=1&start=0&limit=25","ip":"::1","http_method":"OPTIONS","server":"localhost","referrer":"http://localhost:8081/","uid":"90f60a9"}
[2017-02-22 02:28:43] INFO > #200: (/sistemas) - [] - {"url":"/sistemas?_dc=1487726923627&page=1&start=0&limit=25","ip":"::1","http_method":"OPTIONS","server":"localhost","referrer":"http://localhost:8081/","uid":"cc09659"}
[2017-02-22 02:28:43] INFO > #200: (/sistemas) - [] - {"url":"/sistemas?_dc=1487726923628&page=1&start=0&limit=25","ip":"::1","http_method":"OPTIONS","server":"localhost","referrer":"http://localhost:8081/","uid":"c1b5ebf"}
[2017-02-22 02:28:43] INFO > #200: (/abrangencia) - [] - {"url":"/abrangencia?_dc=1487726923628&page=1&start=0&limit=25","ip":"::1","http_method":"OPTIONS","server":"localhost","referrer":"http://localhost:8081/","uid":"84f48d4"}
[2017-02-22 02:28:43] INFO > #200: (/estabilidade) - [] - {"url":"/estabilidade?_dc=1487726923629&page=1&start=0&limit=25","ip":"::1","http_method":"OPTIONS","server":"localhost","referrer":"http://localhost:8081/","uid":"8f90890"}
[2017-02-22 02:28:43] INFO > #200: (/conhecimento) - [] - {"url":"/conhecimento?_dc=1487726923629&page=1&start=0&limit=25","ip":"::1","http_method":"OPTIONS","server":"localhost","referrer":"http://localhost:8081/","uid":"e730d18"}
[2017-02-22 02:28:43] INFO > #200: (/classificacao) - [] - {"url":"/classificacao?_dc=1487726923631&page=1&start=0&limit=25","ip":"::1","http_method":"OPTIONS","server":"localhost","referrer":"http://localhost:8081/","uid":"8424360"}
[2017-02-22 02:28:43] INFO > #200: (/nivelrisco) - [] - {"url":"/nivelrisco?_dc=1487726923631&page=1&start=0&limit=25","ip":"::1","http_method":"OPTIONS","server":"localhost","referrer":"http://localhost:8081/","uid":"3d6faa8"}
[2017-02-22 02:28:43] INFO > #200: (/projetos) - [] - {"url":"/projetos?_dc=1487726923622&page=1&start=0&limit=25&sort=nomeusuario&dir=desc","ip":"::1","http_method":"GET","server":"localhost","referrer":"http://localhost:8081/","uid":"8b4db7d"}
[2017-02-22 02:28:43] INFO > #200: (/hora) - [] - {"url":"/hora?_dc=1487726923625&page=1&start=0&limit=25","ip":"::1","http_method":"GET","server":"localhost","referrer":"http://localhost:8081/","uid":"b8299ee"}
[2017-02-22 02:28:43] INFO > #200: (/sistemasinternos) - [] - {"url":"/sistemasinternos?_dc=1487726923626&page=1&start=0&limit=25","ip":"::1","http_method":"GET","server":"localhost","referrer":"http://localhost:8081/","uid":"f55e1cc"}
[2017-02-22 02:28:43] INFO > #200: (/sistemasexternos) - [] - {"url":"/sistemasexternos?_dc=1487726923626&page=1&start=0&limit=25","ip":"::1","http_method":"GET","server":"localhost","referrer":"http://localhost:8081/","uid":"ff794b9"}
[2017-02-22 02:28:43] INFO > #200: (/sistemas) - [] - {"url":"/sistemas?_dc=1487726923627&page=1&start=0&limit=25","ip":"::1","http_method":"GET","server":"localhost","referrer":"http://localhost:8081/","uid":"bda2738"}
[2017-02-22 02:28:44] INFO > #200: (/sistemas) - [] - {"url":"/sistemas?_dc=1487726923628&page=1&start=0&limit=25","ip":"::1","http_method":"GET","server":"localhost","referrer":"http://localhost:8081/","uid":"ea546c9"}
[2017-02-22 02:28:44] INFO > #200: (/abrangencia) - [] - {"url":"/abrangencia?_dc=1487726923628&page=1&start=0&limit=25","ip":"::1","http_method":"GET","server":"localhost","referrer":"http://localhost:8081/","uid":"e65c7ac"}
[2017-02-22 02:28:44] INFO > #200: (/estabilidade) - [] - {"url":"/estabilidade?_dc=1487726923629&page=1&start=0&limit=25","ip":"::1","http_method":"GET","server":"localhost","referrer":"http://localhost:8081/","uid":"3d7a8b0"}
[2017-02-22 02:28:44] INFO > #200: (/conhecimento) - [] - {"url":"/conhecimento?_dc=1487726923629&page=1&start=0&limit=25","ip":"::1","http_method":"GET","server":"localhost","referrer":"http://localhost:8081/","uid":"11ad97e"}
[2017-02-22 02:28:44] INFO > #200: (/classificacao) - [] - {"url":"/classificacao?_dc=1487726923631&page=1&start=0&limit=25","ip":"::1","http_method":"GET","server":"localhost","referrer":"http://localhost:8081/","uid":"57fa7fa"}
[2017-02-22 02:28:44] INFO > #200: (/nivelrisco) - [] - {"url":"/nivelrisco?_dc=1487726923631&page=1&start=0&limit=25","ip":"::1","http_method":"GET","server":"localhost","referrer":"http://localhost:8081/","uid":"4cbd26f"}
[2017-02-22 02:28:45] INFO > #200: (/projetos/solicitantes/8) - [] - {"url":"/projetos/solicitantes/8","ip":"::1","http_method":"GET","server":"localhost","referrer":"http://localhost:8081/","uid":"b0d00bf"}
[2017-02-22 02:28:45] INFO > #200: (/projetos/riscos/8) - [] - {"url":"/projetos/riscos/8","ip":"::1","http_method":"GET","server":"localhost","referrer":"http://localhost:8081/","uid":"f7cbe1f"}
[2017-02-22 02:30:08] INFO > #200: (/projetos) - [] - {"url":"/projetos?_dc=1487727008034&page=1&start=0&limit=25&sort=nomeusuario&dir=desc","ip":"::1","http_method":"OPTIONS","server":"localhost","referrer":"http://localhost:8081/","uid":"abf2432"}
[2017-02-22 02:30:08] INFO > #200: (/hora) - [] - {"url":"/hora?_dc=1487727008038&page=1&start=0&limit=25","ip":"::1","http_method":"OPTIONS","server":"localhost","referrer":"http://localhost:8081/","uid":"9121a2d"}
[2017-02-22 02:30:08] INFO > #200: (/sistemasinternos) - [] - {"url":"/sistemasinternos?_dc=1487727008039&page=1&start=0&limit=25","ip":"::1","http_method":"OPTIONS","server":"localhost","referrer":"http://localhost:8081/","uid":"474d85c"}
[2017-02-22 02:30:08] INFO > #200: (/sistemasexternos) - [] - {"url":"/sistemasexternos?_dc=1487727008040&page=1&start=0&limit=25","ip":"::1","http_method":"OPTIONS","server":"localhost","referrer":"http://localhost:8081/","uid":"adfc37a"}
[2017-02-22 02:30:08] INFO > #200: (/sistemas) - [] - {"url":"/sistemas?_dc=1487727008041&page=1&start=0&limit=25","ip":"::1","http_method":"OPTIONS","server":"localhost","referrer":"http://localhost:8081/","uid":"faafe96"}
[2017-02-22 02:30:08] INFO > #200: (/sistemas) - [] - {"url":"/sistemas?_dc=1487727008042&page=1&start=0&limit=25","ip":"::1","http_method":"OPTIONS","server":"localhost","referrer":"http://localhost:8081/","uid":"7a99379"}
[2017-02-22 02:30:08] INFO > #200: (/abrangencia) - [] - {"url":"/abrangencia?_dc=1487727008042&page=1&start=0&limit=25","ip":"::1","http_method":"OPTIONS","server":"localhost","referrer":"http://localhost:8081/","uid":"f217e79"}
[2017-02-22 02:30:08] INFO > #200: (/estabilidade) - [] - {"url":"/estabilidade?_dc=1487727008043&page=1&start=0&limit=25","ip":"::1","http_method":"OPTIONS","server":"localhost","referrer":"http://localhost:8081/","uid":"56b84c7"}
[2017-02-22 02:30:08] INFO > #200: (/conhecimento) - [] - {"url":"/conhecimento?_dc=1487727008044&page=1&start=0&limit=25","ip":"::1","http_method":"OPTIONS","server":"localhost","referrer":"http://localhost:8081/","uid":"2fbb42f"}
[2017-02-22 02:30:08] INFO > #200: (/classificacao) - [] - {"url":"/classificacao?_dc=1487727008045&page=1&start=0&limit=25","ip":"::1","http_method":"OPTIONS","server":"localhost","referrer":"http://localhost:8081/","uid":"e87dbf8"}
[2017-02-22 02:30:08] INFO > #200: (/nivelrisco) - [] - {"url":"/nivelrisco?_dc=1487727008046&page=1&start=0&limit=25","ip":"::1","http_method":"OPTIONS","server":"localhost","referrer":"http://localhost:8081/","uid":"ebf8fbd"}
[2017-02-22 02:30:08] INFO > #200: (/projetos) - [] - {"url":"/projetos?_dc=1487727008034&page=1&start=0&limit=25&sort=nomeusuario&dir=desc","ip":"::1","http_method":"GET","server":"localhost","referrer":"http://localhost:8081/","uid":"dfa637e"}
[2017-02-22 02:30:08] INFO > #200: (/hora) - [] - {"url":"/hora?_dc=1487727008038&page=1&start=0&limit=25","ip":"::1","http_method":"GET","server":"localhost","referrer":"http://localhost:8081/","uid":"6f4f93c"}
[2017-02-22 02:30:08] INFO > #200: (/sistemasinternos) - [] - {"url":"/sistemasinternos?_dc=1487727008039&page=1&start=0&limit=25","ip":"::1","http_method":"GET","server":"localhost","referrer":"http://localhost:8081/","uid":"7277261"}
[2017-02-22 02:30:08] INFO > #200: (/sistemasexternos) - [] - {"url":"/sistemasexternos?_dc=1487727008040&page=1&start=0&limit=25","ip":"::1","http_method":"GET","server":"localhost","referrer":"http://localhost:8081/","uid":"3ce8be3"}
[2017-02-22 02:30:08] INFO > #200: (/sistemas) - [] - {"url":"/sistemas?_dc=1487727008041&page=1&start=0&limit=25","ip":"::1","http_method":"GET","server":"localhost","referrer":"http://localhost:8081/","uid":"6eda5fc"}
[2017-02-22 02:30:08] INFO > #200: (/sistemas) - [] - {"url":"/sistemas?_dc=1487727008042&page=1&start=0&limit=25","ip":"::1","http_method":"GET","server":"localhost","referrer":"http://localhost:8081/","uid":"64c93cb"}
[2017-02-22 02:30:08] INFO > #200: (/abrangencia) - [] - {"url":"/abrangencia?_dc=1487727008042&page=1&start=0&limit=25","ip":"::1","http_method":"GET","server":"localhost","referrer":"http://localhost:8081/","uid":"5485051"}
[2017-02-22 02:30:08] INFO > #200: (/estabilidade) - [] - {"url":"/estabilidade?_dc=1487727008043&page=1&start=0&limit=25","ip":"::1","http_method":"GET","server":"localhost","referrer":"http://localhost:8081/","uid":"3d37a77"}
[2017-02-22 02:30:08] INFO > #200: (/conhecimento) - [] - {"url":"/conhecimento?_dc=1487727008044&page=1&start=0&limit=25","ip":"::1","http_method":"GET","server":"localhost","referrer":"http://localhost:8081/","uid":"cd5c9fd"}
[2017-02-22 02:30:08] INFO > #200: (/classificacao) - [] - {"url":"/classificacao?_dc=1487727008045&page=1&start=0&limit=25","ip":"::1","http_method":"GET","server":"localhost","referrer":"http://localhost:8081/","uid":"d76682b"}
[2017-02-22 02:30:08] INFO > #200: (/nivelrisco) - [] - {"url":"/nivelrisco?_dc=1487727008046&page=1&start=0&limit=25","ip":"::1","http_method":"GET","server":"localhost","referrer":"http://localhost:8081/","uid":"fdd8c2e"}
[2017-02-22 02:30:09] INFO > #200: (/projetos/solicitantes/8) - [] - {"url":"/projetos/solicitantes/8","ip":"::1","http_method":"GET","server":"localhost","referrer":"http://localhost:8081/","uid":"4191007"}
[2017-02-22 02:30:09] INFO > #200: (/projetos/riscos/8) - [] - {"url":"/projetos/riscos/8","ip":"::1","http_method":"GET","server":"localhost","referrer":"http://localhost:8081/","uid":"23923b9"}
[2017-02-22 02:35:18] INFO > #200: (/projetos) - [] - {"url":"/projetos?_dc=1487727317984&page=1&start=0&limit=25&sort=nomeusuario&dir=desc","ip":"::1","http_method":"OPTIONS","server":"localhost","referrer":"http://localhost:8081/","uid":"2911fd2"}
[2017-02-22 02:35:18] INFO > #200: (/hora) - [] - {"url":"/hora?_dc=1487727317988&page=1&start=0&limit=25","ip":"::1","http_method":"OPTIONS","server":"localhost","referrer":"http://localhost:8081/","uid":"97d3c0c"}
[2017-02-22 02:35:18] INFO > #200: (/sistemasinternos) - [] - {"url":"/sistemasinternos?_dc=1487727317989&page=1&start=0&limit=25","ip":"::1","http_method":"OPTIONS","server":"localhost","referrer":"http://localhost:8081/","uid":"9eb6168"}
[2017-02-22 02:35:18] INFO > #200: (/sistemasexternos) - [] - {"url":"/sistemasexternos?_dc=1487727317991&page=1&start=0&limit=25","ip":"::1","http_method":"OPTIONS","server":"localhost","referrer":"http://localhost:8081/","uid":"457a80e"}
[2017-02-22 02:35:18] INFO > #200: (/sistemas) - [] - {"url":"/sistemas?_dc=1487727317992&page=1&start=0&limit=25","ip":"::1","http_method":"OPTIONS","server":"localhost","referrer":"http://localhost:8081/","uid":"3bdbcbd"}
[2017-02-22 02:35:18] INFO > #200: (/sistemas) - [] - {"url":"/sistemas?_dc=1487727317993&page=1&start=0&limit=25","ip":"::1","http_method":"OPTIONS","server":"localhost","referrer":"http://localhost:8081/","uid":"6fc12c1"}
[2017-02-22 02:35:18] INFO > #200: (/abrangencia) - [] - {"url":"/abrangencia?_dc=1487727317994&page=1&start=0&limit=25","ip":"::1","http_method":"OPTIONS","server":"localhost","referrer":"http://localhost:8081/","uid":"4e482d9"}
[2017-02-22 02:35:18] INFO > #200: (/estabilidade) - [] - {"url":"/estabilidade?_dc=1487727317996&page=1&start=0&limit=25","ip":"::1","http_method":"OPTIONS","server":"localhost","referrer":"http://localhost:8081/","uid":"7ba477e"}
[2017-02-22 02:35:18] INFO > #200: (/conhecimento) - [] - {"url":"/conhecimento?_dc=1487727317997&page=1&start=0&limit=25","ip":"::1","http_method":"OPTIONS","server":"localhost","referrer":"http://localhost:8081/","uid":"f4cf507"}
[2017-02-22 02:35:18] INFO > #200: (/classificacao) - [] - {"url":"/classificacao?_dc=1487727317999&page=1&start=0&limit=25","ip":"::1","http_method":"OPTIONS","server":"localhost","referrer":"http://localhost:8081/","uid":"06c038e"}
[2017-02-22 02:35:18] INFO > #200: (/nivelrisco) - [] - {"url":"/nivelrisco?_dc=1487727318000&page=1&start=0&limit=25","ip":"::1","http_method":"OPTIONS","server":"localhost","referrer":"http://localhost:8081/","uid":"4f437a8"}
[2017-02-22 02:35:18] INFO > #200: (/projetos) - [] - {"url":"/projetos?_dc=1487727317984&page=1&start=0&limit=25&sort=nomeusuario&dir=desc","ip":"::1","http_method":"GET","server":"localhost","referrer":"http://localhost:8081/","uid":"91e757f"}
[2017-02-22 02:35:18] INFO > #200: (/hora) - [] - {"url":"/hora?_dc=1487727317988&page=1&start=0&limit=25","ip":"::1","http_method":"GET","server":"localhost","referrer":"http://localhost:8081/","uid":"3a67ac8"}
[2017-02-22 02:35:18] INFO > #200: (/sistemasinternos) - [] - {"url":"/sistemasinternos?_dc=1487727317989&page=1&start=0&limit=25","ip":"::1","http_method":"GET","server":"localhost","referrer":"http://localhost:8081/","uid":"425eef5"}
[2017-02-22 02:35:18] INFO > #200: (/sistemasexternos) - [] - {"url":"/sistemasexternos?_dc=1487727317991&page=1&start=0&limit=25","ip":"::1","http_method":"GET","server":"localhost","referrer":"http://localhost:8081/","uid":"8a39371"}
[2017-02-22 02:35:18] INFO > #200: (/sistemas) - [] - {"url":"/sistemas?_dc=1487727317992&page=1&start=0&limit=25","ip":"::1","http_method":"GET","server":"localhost","referrer":"http://localhost:8081/","uid":"fe9149e"}
[2017-02-22 02:35:18] INFO > #200: (/sistemas) - [] - {"url":"/sistemas?_dc=1487727317993&page=1&start=0&limit=25","ip":"::1","http_method":"GET","server":"localhost","referrer":"http://localhost:8081/","uid":"34f28aa"}
[2017-02-22 02:35:18] INFO > #200: (/abrangencia) - [] - {"url":"/abrangencia?_dc=1487727317994&page=1&start=0&limit=25","ip":"::1","http_method":"GET","server":"localhost","referrer":"http://localhost:8081/","uid":"2657810"}
[2017-02-22 02:35:18] INFO > #200: (/estabilidade) - [] - {"url":"/estabilidade?_dc=1487727317996&page=1&start=0&limit=25","ip":"::1","http_method":"GET","server":"localhost","referrer":"http://localhost:8081/","uid":"634fcb2"}
[2017-02-22 02:35:18] INFO > #200: (/conhecimento) - [] - {"url":"/conhecimento?_dc=1487727317997&page=1&start=0&limit=25","ip":"::1","http_method":"GET","server":"localhost","referrer":"http://localhost:8081/","uid":"5d793ce"}
[2017-02-22 02:35:18] INFO > #200: (/classificacao) - [] - {"url":"/classificacao?_dc=1487727317999&page=1&start=0&limit=25","ip":"::1","http_method":"GET","server":"localhost","referrer":"http://localhost:8081/","uid":"2de6709"}
[2017-02-22 02:35:18] INFO > #200: (/nivelrisco) - [] - {"url":"/nivelrisco?_dc=1487727318000&page=1&start=0&limit=25","ip":"::1","http_method":"GET","server":"localhost","referrer":"http://localhost:8081/","uid":"5afc308"}
[2017-02-22 02:35:19] INFO > #200: (/projetos/solicitantes/8) - [] - {"url":"/projetos/solicitantes/8","ip":"::1","http_method":"OPTIONS","server":"localhost","referrer":"http://localhost:8081/","uid":"efbb811"}
[2017-02-22 02:35:19] INFO > #200: (/projetos/riscos/8) - [] - {"url":"/projetos/riscos/8","ip":"::1","http_method":"OPTIONS","server":"localhost","referrer":"http://localhost:8081/","uid":"de397c2"}
[2017-02-22 02:35:20] INFO > #200: (/projetos/solicitantes/8) - [] - {"url":"/projetos/solicitantes/8","ip":"::1","http_method":"GET","server":"localhost","referrer":"http://localhost:8081/","uid":"50ef90e"}
[2017-02-22 02:35:20] INFO > #200: (/projetos/riscos/8) - [] - {"url":"/projetos/riscos/8","ip":"::1","http_method":"GET","server":"localhost","referrer":"http://localhost:8081/","uid":"98c53f5"}
[2017-02-22 02:47:21] INFO > #200: (/projetos) - [] - {"url":"/projetos?_dc=1487728041322&page=1&start=0&limit=25&sort=nomeusuario&dir=desc","ip":"::1","http_method":"OPTIONS","server":"localhost","referrer":"http://localhost:8081/","uid":"457d8d6"}
[2017-02-22 02:47:21] INFO > #200: (/hora) - [] - {"url":"/hora?_dc=1487728041326&page=1&start=0&limit=25","ip":"::1","http_method":"OPTIONS","server":"localhost","referrer":"http://localhost:8081/","uid":"44a461d"}
[2017-02-22 02:47:21] INFO > #200: (/sistemasinternos) - [] - {"url":"/sistemasinternos?_dc=1487728041327&page=1&start=0&limit=25","ip":"::1","http_method":"OPTIONS","server":"localhost","referrer":"http://localhost:8081/","uid":"b4c83de"}
[2017-02-22 02:47:21] INFO > #200: (/sistemasexternos) - [] - {"url":"/sistemasexternos?_dc=1487728041328&page=1&start=0&limit=25","ip":"::1","http_method":"OPTIONS","server":"localhost","referrer":"http://localhost:8081/","uid":"17ed84b"}
[2017-02-22 02:47:21] INFO > #200: (/sistemas) - [] - {"url":"/sistemas?_dc=1487728041329&page=1&start=0&limit=25","ip":"::1","http_method":"OPTIONS","server":"localhost","referrer":"http://localhost:8081/","uid":"e586f69"}
[2017-02-22 02:47:21] INFO > #200: (/sistemas) - [] - {"url":"/sistemas?_dc=1487728041330&page=1&start=0&limit=25","ip":"::1","http_method":"OPTIONS","server":"localhost","referrer":"http://localhost:8081/","uid":"54f4eff"}
[2017-02-22 02:47:21] INFO > #200: (/abrangencia) - [] - {"url":"/abrangencia?_dc=1487728041330&page=1&start=0&limit=25","ip":"::1","http_method":"OPTIONS","server":"localhost","referrer":"http://localhost:8081/","uid":"f0174c4"}
[2017-02-22 02:47:21] INFO > #200: (/estabilidade) - [] - {"url":"/estabilidade?_dc=1487728041331&page=1&start=0&limit=25","ip":"::1","http_method":"OPTIONS","server":"localhost","referrer":"http://localhost:8081/","uid":"5eeb0e6"}
[2017-02-22 02:47:21] INFO > #200: (/conhecimento) - [] - {"url":"/conhecimento?_dc=1487728041332&page=1&start=0&limit=25","ip":"::1","http_method":"OPTIONS","server":"localhost","referrer":"http://localhost:8081/","uid":"3f6fb52"}
[2017-02-22 02:47:21] INFO > #200: (/classificacao) - [] - {"url":"/classificacao?_dc=1487728041333&page=1&start=0&limit=25","ip":"::1","http_method":"OPTIONS","server":"localhost","referrer":"http://localhost:8081/","uid":"2247fca"}
[2017-02-22 02:47:21] INFO > #200: (/nivelrisco) - [] - {"url":"/nivelrisco?_dc=1487728041334&page=1&start=0&limit=25","ip":"::1","http_method":"OPTIONS","server":"localhost","referrer":"http://localhost:8081/","uid":"213a46f"}
[2017-02-22 02:47:21] INFO > #200: (/projetos) - [] - {"url":"/projetos?_dc=1487728041322&page=1&start=0&limit=25&sort=nomeusuario&dir=desc","ip":"::1","http_method":"GET","server":"localhost","referrer":"http://localhost:8081/","uid":"1791c27"}
[2017-02-22 02:47:21] INFO > #200: (/hora) - [] - {"url":"/hora?_dc=1487728041326&page=1&start=0&limit=25","ip":"::1","http_method":"GET","server":"localhost","referrer":"http://localhost:8081/","uid":"ca3b908"}
[2017-02-22 02:47:21] INFO > #200: (/sistemasinternos) - [] - {"url":"/sistemasinternos?_dc=1487728041327&page=1&start=0&limit=25","ip":"::1","http_method":"GET","server":"localhost","referrer":"http://localhost:8081/","uid":"7fc04c8"}
[2017-02-22 02:47:21] INFO > #200: (/sistemasexternos) - [] - {"url":"/sistemasexternos?_dc=1487728041328&page=1&start=0&limit=25","ip":"::1","http_method":"GET","server":"localhost","referrer":"http://localhost:8081/","uid":"a080573"}
[2017-02-22 02:47:21] INFO > #200: (/sistemas) - [] - {"url":"/sistemas?_dc=1487728041329&page=1&start=0&limit=25","ip":"::1","http_method":"GET","server":"localhost","referrer":"http://localhost:8081/","uid":"161833b"}
[2017-02-22 02:47:21] INFO > #200: (/sistemas) - [] - {"url":"/sistemas?_dc=1487728041330&page=1&start=0&limit=25","ip":"::1","http_method":"GET","server":"localhost","referrer":"http://localhost:8081/","uid":"76685ed"}
[2017-02-22 02:47:21] INFO > #200: (/abrangencia) - [] - {"url":"/abrangencia?_dc=1487728041330&page=1&start=0&limit=25","ip":"::1","http_method":"GET","server":"localhost","referrer":"http://localhost:8081/","uid":"5952325"}
[2017-02-22 02:47:21] INFO > #200: (/estabilidade) - [] - {"url":"/estabilidade?_dc=1487728041331&page=1&start=0&limit=25","ip":"::1","http_method":"GET","server":"localhost","referrer":"http://localhost:8081/","uid":"cef152f"}
[2017-02-22 02:47:21] INFO > #200: (/conhecimento) - [] - {"url":"/conhecimento?_dc=1487728041332&page=1&start=0&limit=25","ip":"::1","http_method":"GET","server":"localhost","referrer":"http://localhost:8081/","uid":"d957dea"}
[2017-02-22 02:47:21] INFO > #200: (/classificacao) - [] - {"url":"/classificacao?_dc=1487728041333&page=1&start=0&limit=25","ip":"::1","http_method":"GET","server":"localhost","referrer":"http://localhost:8081/","uid":"d0f6648"}
[2017-02-22 02:47:21] INFO > #200: (/nivelrisco) - [] - {"url":"/nivelrisco?_dc=1487728041334&page=1&start=0&limit=25","ip":"::1","http_method":"GET","server":"localhost","referrer":"http://localhost:8081/","uid":"110a893"}
[2017-02-22 02:47:22] INFO > #200: (/projetos/solicitantes/8) - [] - {"url":"/projetos/solicitantes/8","ip":"::1","http_method":"OPTIONS","server":"localhost","referrer":"http://localhost:8081/","uid":"05bd97d"}
[2017-02-22 02:47:22] INFO > #200: (/projetos/riscos/8) - [] - {"url":"/projetos/riscos/8","ip":"::1","http_method":"OPTIONS","server":"localhost","referrer":"http://localhost:8081/","uid":"93d5dfb"}
[2017-02-22 02:47:23] INFO > #200: (/projetos/solicitantes/8) - [] - {"url":"/projetos/solicitantes/8","ip":"::1","http_method":"GET","server":"localhost","referrer":"http://localhost:8081/","uid":"7ea0dc7"}
[2017-02-22 02:47:23] INFO > #200: (/projetos/riscos/8) - [] - {"url":"/projetos/riscos/8","ip":"::1","http_method":"GET","server":"localhost","referrer":"http://localhost:8081/","uid":"9ec7799"}
[2017-02-22 02:47:32] INFO > #200: (/projetos/solicitantes/todos8) - [] - {"url":"/projetos/solicitantes/todos8","ip":"::1","http_method":"OPTIONS","server":"localhost","referrer":"http://localhost:8081/","uid":"c394ae8"}
[2017-02-22 02:47:32] INFO > #200: (/projetos/solicitantes/todos8) - [] - {"url":"/projetos/solicitantes/todos8","ip":"::1","http_method":"DELETE","server":"localhost","referrer":"http://localhost:8081/","uid":"2b90ee4"}
[2017-02-22 02:48:04] INFO > #200: (/projetos/8) - [] - {"url":"/projetos/8","ip":"::1","http_method":"OPTIONS","server":"localhost","referrer":"http://localhost:8081/","uid":"a696b6f"}
[2017-02-22 02:48:05] INFO > #200: (/projetos/8) - [] - {"url":"/projetos/8","ip":"::1","http_method":"PATCH","server":"localhost","referrer":"http://localhost:8081/","uid":"03255f4"}
[2017-02-22 02:48:07] INFO > #200: (/projetos) - [] - {"url":"/projetos?_dc=1487728087372&page=1&start=0&limit=25&sort=nomeusuario&dir=desc","ip":"::1","http_method":"OPTIONS","server":"localhost","referrer":"http://localhost:8081/","uid":"05c05aa"}
[2017-02-22 02:48:07] INFO > #200: (/projetos) - [] - {"url":"/projetos?_dc=1487728087372&page=1&start=0&limit=25&sort=nomeusuario&dir=desc","ip":"::1","http_method":"GET","server":"localhost","referrer":"http://localhost:8081/","uid":"8eda40f"}
[2017-02-22 02:48:09] INFO > #200: (/projetos/solicitantes/8) - [] - {"url":"/projetos/solicitantes/8","ip":"::1","http_method":"GET","server":"localhost","referrer":"http://localhost:8081/","uid":"1aee0d6"}
[2017-02-22 02:48:09] INFO > #200: (/projetos/riscos/8) - [] - {"url":"/projetos/riscos/8","ip":"::1","http_method":"GET","server":"localhost","referrer":"http://localhost:8081/","uid":"60f7864"}
[2017-02-22 02:48:16] INFO > #200: (/projetos/solicitantes/todos8) - [] - {"url":"/projetos/solicitantes/todos8","ip":"::1","http_method":"DELETE","server":"localhost","referrer":"http://localhost:8081/","uid":"b030ce8"}
[2017-02-22 02:49:12] INFO > #200: (/projetos/solicitantes/todos8) - [] - {"url":"/projetos/solicitantes/todos8","ip":"::1","http_method":"DELETE","server":"localhost","referrer":"http://localhost:8081/","uid":"a619f71"}
[2017-02-22 02:49:22] INFO > #200: (/projetos) - [] - {"url":"/projetos?_dc=1487728162371&page=1&start=0&limit=25&sort=nomeusuario&dir=desc","ip":"::1","http_method":"OPTIONS","server":"localhost","referrer":"http://localhost:8081/","uid":"ae4c65f"}
[2017-02-22 02:49:22] INFO > #200: (/hora) - [] - {"url":"/hora?_dc=1487728162374&page=1&start=0&limit=25","ip":"::1","http_method":"OPTIONS","server":"localhost","referrer":"http://localhost:8081/","uid":"f7e5200"}
[2017-02-22 02:49:22] INFO > #200: (/sistemasinternos) - [] - {"url":"/sistemasinternos?_dc=1487728162375&page=1&start=0&limit=25","ip":"::1","http_method":"OPTIONS","server":"localhost","referrer":"http://localhost:8081/","uid":"58cf4aa"}
[2017-02-22 02:49:22] INFO > #200: (/sistemasexternos) - [] - {"url":"/sistemasexternos?_dc=1487728162376&page=1&start=0&limit=25","ip":"::1","http_method":"OPTIONS","server":"localhost","referrer":"http://localhost:8081/","uid":"0089275"}
[2017-02-22 02:49:22] INFO > #200: (/sistemas) - [] - {"url":"/sistemas?_dc=1487728162377&page=1&start=0&limit=25","ip":"::1","http_method":"OPTIONS","server":"localhost","referrer":"http://localhost:8081/","uid":"4644f3d"}
[2017-02-22 02:49:22] INFO > #200: (/sistemas) - [] - {"url":"/sistemas?_dc=1487728162377&page=1&start=0&limit=25","ip":"::1","http_method":"OPTIONS","server":"localhost","referrer":"http://localhost:8081/","uid":"d2fd5c5"}
[2017-02-22 02:49:22] INFO > #200: (/abrangencia) - [] - {"url":"/abrangencia?_dc=1487728162378&page=1&start=0&limit=25","ip":"::1","http_method":"OPTIONS","server":"localhost","referrer":"http://localhost:8081/","uid":"68687e0"}
[2017-02-22 02:49:22] INFO > #200: (/estabilidade) - [] - {"url":"/estabilidade?_dc=1487728162379&page=1&start=0&limit=25","ip":"::1","http_method":"OPTIONS","server":"localhost","referrer":"http://localhost:8081/","uid":"5958a53"}
[2017-02-22 02:49:22] INFO > #200: (/conhecimento) - [] - {"url":"/conhecimento?_dc=1487728162380&page=1&start=0&limit=25","ip":"::1","http_method":"OPTIONS","server":"localhost","referrer":"http://localhost:8081/","uid":"a66f929"}
[2017-02-22 02:49:22] INFO > #200: (/classificacao) - [] - {"url":"/classificacao?_dc=1487728162381&page=1&start=0&limit=25","ip":"::1","http_method":"OPTIONS","server":"localhost","referrer":"http://localhost:8081/","uid":"858eeaa"}
[2017-02-22 02:49:22] INFO > #200: (/nivelrisco) - [] - {"url":"/nivelrisco?_dc=1487728162381&page=1&start=0&limit=25","ip":"::1","http_method":"OPTIONS","server":"localhost","referrer":"http://localhost:8081/","uid":"ea095d3"}
[2017-02-22 02:49:22] INFO > #200: (/projetos) - [] - {"url":"/projetos?_dc=1487728162371&page=1&start=0&limit=25&sort=nomeusuario&dir=desc","ip":"::1","http_method":"GET","server":"localhost","referrer":"http://localhost:8081/","uid":"e0a6aa0"}
[2017-02-22 02:49:22] INFO > #200: (/hora) - [] - {"url":"/hora?_dc=1487728162374&page=1&start=0&limit=25","ip":"::1","http_method":"GET","server":"localhost","referrer":"http://localhost:8081/","uid":"7b5ba46"}
[2017-02-22 02:49:22] INFO > #200: (/sistemasinternos) - [] - {"url":"/sistemasinternos?_dc=1487728162375&page=1&start=0&limit=25","ip":"::1","http_method":"GET","server":"localhost","referrer":"http://localhost:8081/","uid":"c8c23de"}
[2017-02-22 02:49:22] INFO > #200: (/sistemasexternos) - [] - {"url":"/sistemasexternos?_dc=1487728162376&page=1&start=0&limit=25","ip":"::1","http_method":"GET","server":"localhost","referrer":"http://localhost:8081/","uid":"0b90fc5"}
[2017-02-22 02:49:22] INFO > #200: (/sistemas) - [] - {"url":"/sistemas?_dc=1487728162377&page=1&start=0&limit=25","ip":"::1","http_method":"GET","server":"localhost","referrer":"http://localhost:8081/","uid":"c225564"}
[2017-02-22 02:49:22] INFO > #200: (/abrangencia) - [] - {"url":"/abrangencia?_dc=1487728162378&page=1&start=0&limit=25","ip":"::1","http_method":"GET","server":"localhost","referrer":"http://localhost:8081/","uid":"82de498"}
[2017-02-22 02:49:22] INFO > #200: (/estabilidade) - [] - {"url":"/estabilidade?_dc=1487728162379&page=1&start=0&limit=25","ip":"::1","http_method":"GET","server":"localhost","referrer":"http://localhost:8081/","uid":"fd4f651"}
[2017-02-22 02:49:22] INFO > #200: (/conhecimento) - [] - {"url":"/conhecimento?_dc=1487728162380&page=1&start=0&limit=25","ip":"::1","http_method":"GET","server":"localhost","referrer":"http://localhost:8081/","uid":"95eb44f"}
[2017-02-22 02:49:22] INFO > #200: (/classificacao) - [] - {"url":"/classificacao?_dc=1487728162381&page=1&start=0&limit=25","ip":"::1","http_method":"GET","server":"localhost","referrer":"http://localhost:8081/","uid":"1d6e586"}
[2017-02-22 02:49:22] INFO > #200: (/nivelrisco) - [] - {"url":"/nivelrisco?_dc=1487728162381&page=1&start=0&limit=25","ip":"::1","http_method":"GET","server":"localhost","referrer":"http://localhost:8081/","uid":"ccf0260"}
[2017-02-22 02:49:22] INFO > #200: (/sistemas) - [] - {"url":"/sistemas?_dc=1487728162377&page=1&start=0&limit=25","ip":"::1","http_method":"GET","server":"localhost","referrer":"http://localhost:8081/","uid":"a0a4bf1"}
[2017-02-22 02:49:24] INFO > #200: (/projetos/solicitantes/8) - [] - {"url":"/projetos/solicitantes/8","ip":"::1","http_method":"GET","server":"localhost","referrer":"http://localhost:8081/","uid":"bb65408"}
[2017-02-22 02:49:24] INFO > #200: (/projetos/riscos/8) - [] - {"url":"/projetos/riscos/8","ip":"::1","http_method":"GET","server":"localhost","referrer":"http://localhost:8081/","uid":"39c7210"}
[2017-02-22 02:49:31] INFO > #200: (/projetos/solicitantes/todos/8) - [] - {"url":"/projetos/solicitantes/todos/8","ip":"::1","http_method":"OPTIONS","server":"localhost","referrer":"http://localhost:8081/","uid":"3c7cebf"}
[2017-02-22 02:49:31] INFO > #200: (/projetos/solicitantes/todos/8) - [] - {"url":"/projetos/solicitantes/todos/8","ip":"::1","http_method":"DELETE","server":"localhost","referrer":"http://localhost:8081/","uid":"db3ba4d"}
[2017-02-22 02:54:36] INFO > #200: (/projetos/solicitantes/todos/8) - [] - {"url":"/projetos/solicitantes/todos/8","ip":"::1","http_method":"DELETE","server":"localhost","referrer":"http://localhost:8081/","uid":"f6b8622"}
[2017-02-22 02:55:29] INFO > #200: (/projetos/8) - [] - {"url":"/projetos/8","ip":"::1","http_method":"PATCH","server":"localhost","referrer":"http://localhost:8081/","uid":"14db90e"}
[2017-02-22 02:55:30] INFO > #200: (/projetos) - [] - {"url":"/projetos?_dc=1487728530610&page=1&start=0&limit=25&sort=nomeusuario&dir=desc","ip":"::1","http_method":"OPTIONS","server":"localhost","referrer":"http://localhost:8081/","uid":"8bec558"}
[2017-02-22 02:55:30] INFO > #200: (/projetos) - [] - {"url":"/projetos?_dc=1487728530610&page=1&start=0&limit=25&sort=nomeusuario&dir=desc","ip":"::1","http_method":"GET","server":"localhost","referrer":"http://localhost:8081/","uid":"b97f91f"}
[2017-02-22 02:55:32] INFO > #200: (/projetos/solicitantes/8) - [] - {"url":"/projetos/solicitantes/8","ip":"::1","http_method":"GET","server":"localhost","referrer":"http://localhost:8081/","uid":"a942e49"}
[2017-02-22 02:55:32] INFO > #200: (/projetos/riscos/8) - [] - {"url":"/projetos/riscos/8","ip":"::1","http_method":"GET","server":"localhost","referrer":"http://localhost:8081/","uid":"4c64be6"}
[2017-02-22 02:58:37] INFO > #200: (/projetos) - [] - {"url":"/projetos?_dc=1487728717159&page=1&start=0&limit=25&sort=nomeusuario&dir=desc","ip":"::1","http_method":"OPTIONS","server":"localhost","referrer":"http://localhost:8081/","uid":"cf9fb40"}
[2017-02-22 02:58:37] INFO > #200: (/hora) - [] - {"url":"/hora?_dc=1487728717163&page=1&start=0&limit=25","ip":"::1","http_method":"OPTIONS","server":"localhost","referrer":"http://localhost:8081/","uid":"db7355d"}
[2017-02-22 02:58:37] INFO > #200: (/sistemasinternos) - [] - {"url":"/sistemasinternos?_dc=1487728717166&page=1&start=0&limit=25","ip":"::1","http_method":"OPTIONS","server":"localhost","referrer":"http://localhost:8081/","uid":"595b8e4"}
[2017-02-22 02:58:37] INFO > #200: (/sistemasexternos) - [] - {"url":"/sistemasexternos?_dc=1487728717167&page=1&start=0&limit=25","ip":"::1","http_method":"OPTIONS","server":"localhost","referrer":"http://localhost:8081/","uid":"fb96c66"}
[2017-02-22 02:58:37] INFO > #200: (/sistemas) - [] - {"url":"/sistemas?_dc=1487728717167&page=1&start=0&limit=25","ip":"::1","http_method":"OPTIONS","server":"localhost","referrer":"http://localhost:8081/","uid":"b75e1e8"}
[2017-02-22 02:58:37] INFO > #200: (/sistemas) - [] - {"url":"/sistemas?_dc=1487728717168&page=1&start=0&limit=25","ip":"::1","http_method":"OPTIONS","server":"localhost","referrer":"http://localhost:8081/","uid":"0cc4df6"}
[2017-02-22 02:58:37] INFO > #200: (/abrangencia) - [] - {"url":"/abrangencia?_dc=1487728717169&page=1&start=0&limit=25","ip":"::1","http_method":"OPTIONS","server":"localhost","referrer":"http://localhost:8081/","uid":"c3c1c0e"}
[2017-02-22 02:58:37] INFO > #200: (/estabilidade) - [] - {"url":"/estabilidade?_dc=1487728717170&page=1&start=0&limit=25","ip":"::1","http_method":"OPTIONS","server":"localhost","referrer":"http://localhost:8081/","uid":"3fb1e9e"}
[2017-02-22 02:58:37] INFO > #200: (/conhecimento) - [] - {"url":"/conhecimento?_dc=1487728717171&page=1&start=0&limit=25","ip":"::1","http_method":"OPTIONS","server":"localhost","referrer":"http://localhost:8081/","uid":"cbdb589"}
[2017-02-22 02:58:37] INFO > #200: (/classificacao) - [] - {"url":"/classificacao?_dc=1487728717172&page=1&start=0&limit=25","ip":"::1","http_method":"OPTIONS","server":"localhost","referrer":"http://localhost:8081/","uid":"ebb3e4a"}
[2017-02-22 02:58:37] INFO > #200: (/nivelrisco) - [] - {"url":"/nivelrisco?_dc=1487728717173&page=1&start=0&limit=25","ip":"::1","http_method":"OPTIONS","server":"localhost","referrer":"http://localhost:8081/","uid":"d7c36ee"}
[2017-02-22 02:58:37] INFO > #200: (/projetos) - [] - {"url":"/projetos?_dc=1487728717159&page=1&start=0&limit=25&sort=nomeusuario&dir=desc","ip":"::1","http_method":"GET","server":"localhost","referrer":"http://localhost:8081/","uid":"fcc1d55"}
[2017-02-22 02:58:37] INFO > #200: (/hora) - [] - {"url":"/hora?_dc=1487728717163&page=1&start=0&limit=25","ip":"::1","http_method":"GET","server":"localhost","referrer":"http://localhost:8081/","uid":"8865f9d"}
[2017-02-22 02:58:37] INFO > #200: (/sistemasinternos) - [] - {"url":"/sistemasinternos?_dc=1487728717166&page=1&start=0&limit=25","ip":"::1","http_method":"GET","server":"localhost","referrer":"http://localhost:8081/","uid":"0ed61c3"}
[2017-02-22 02:58:37] INFO > #200: (/sistemasexternos) - [] - {"url":"/sistemasexternos?_dc=1487728717167&page=1&start=0&limit=25","ip":"::1","http_method":"GET","server":"localhost","referrer":"http://localhost:8081/","uid":"ea533a2"}
[2017-02-22 02:58:37] INFO > #200: (/sistemas) - [] - {"url":"/sistemas?_dc=1487728717167&page=1&start=0&limit=25","ip":"::1","http_method":"GET","server":"localhost","referrer":"http://localhost:8081/","uid":"a54ed32"}
[2017-02-22 02:58:37] INFO > #200: (/sistemas) - [] - {"url":"/sistemas?_dc=1487728717168&page=1&start=0&limit=25","ip":"::1","http_method":"GET","server":"localhost","referrer":"http://localhost:8081/","uid":"1383f34"}
[2017-02-22 02:58:37] INFO > #200: (/abrangencia) - [] - {"url":"/abrangencia?_dc=1487728717169&page=1&start=0&limit=25","ip":"::1","http_method":"GET","server":"localhost","referrer":"http://localhost:8081/","uid":"b66d40e"}
[2017-02-22 02:58:37] INFO > #200: (/estabilidade) - [] - {"url":"/estabilidade?_dc=1487728717170&page=1&start=0&limit=25","ip":"::1","http_method":"GET","server":"localhost","referrer":"http://localhost:8081/","uid":"1a09614"}
[2017-02-22 02:58:37] INFO > #200: (/conhecimento) - [] - {"url":"/conhecimento?_dc=1487728717171&page=1&start=0&limit=25","ip":"::1","http_method":"GET","server":"localhost","referrer":"http://localhost:8081/","uid":"2581019"}
[2017-02-22 02:58:37] INFO > #200: (/classificacao) - [] - {"url":"/classificacao?_dc=1487728717172&page=1&start=0&limit=25","ip":"::1","http_method":"GET","server":"localhost","referrer":"http://localhost:8081/","uid":"ddc7c94"}
[2017-02-22 02:58:37] INFO > #200: (/nivelrisco) - [] - {"url":"/nivelrisco?_dc=1487728717173&page=1&start=0&limit=25","ip":"::1","http_method":"GET","server":"localhost","referrer":"http://localhost:8081/","uid":"3e9ba3d"}
[2017-02-22 02:58:39] INFO > #200: (/projetos/solicitantes/8) - [] - {"url":"/projetos/solicitantes/8","ip":"::1","http_method":"OPTIONS","server":"localhost","referrer":"http://localhost:8081/","uid":"983f888"}
[2017-02-22 02:58:39] INFO > #200: (/projetos/riscos/8) - [] - {"url":"/projetos/riscos/8","ip":"::1","http_method":"OPTIONS","server":"localhost","referrer":"http://localhost:8081/","uid":"7b1d633"}
[2017-02-22 02:58:39] INFO > #200: (/projetos/solicitantes/8) - [] - {"url":"/projetos/solicitantes/8","ip":"::1","http_method":"GET","server":"localhost","referrer":"http://localhost:8081/","uid":"c71d332"}
[2017-02-22 02:58:39] INFO > #200: (/projetos/riscos/8) - [] - {"url":"/projetos/riscos/8","ip":"::1","http_method":"GET","server":"localhost","referrer":"http://localhost:8081/","uid":"61cb1d9"}
[2017-02-22 02:59:51] INFO > #200: (/projetos) - [] - {"url":"/projetos?_dc=1487728791454&page=1&start=0&limit=25&sort=nomeusuario&dir=desc","ip":"::1","http_method":"OPTIONS","server":"localhost","referrer":"http://localhost:8081/","uid":"062f46f"}
[2017-02-22 02:59:51] INFO > #200: (/hora) - [] - {"url":"/hora?_dc=1487728791457&page=1&start=0&limit=25","ip":"::1","http_method":"OPTIONS","server":"localhost","referrer":"http://localhost:8081/","uid":"be4a6f5"}
[2017-02-22 02:59:51] INFO > #200: (/sistemasinternos) - [] - {"url":"/sistemasinternos?_dc=1487728791458&page=1&start=0&limit=25","ip":"::1","http_method":"OPTIONS","server":"localhost","referrer":"http://localhost:8081/","uid":"afa9503"}
[2017-02-22 02:59:51] INFO > #200: (/sistemasexternos) - [] - {"url":"/sistemasexternos?_dc=1487728791459&page=1&start=0&limit=25","ip":"::1","http_method":"OPTIONS","server":"localhost","referrer":"http://localhost:8081/","uid":"74281f7"}
[2017-02-22 02:59:51] INFO > #200: (/sistemas) - [] - {"url":"/sistemas?_dc=1487728791460&page=1&start=0&limit=25","ip":"::1","http_method":"OPTIONS","server":"localhost","referrer":"http://localhost:8081/","uid":"fb88e80"}
[2017-02-22 02:59:51] INFO > #200: (/sistemas) - [] - {"url":"/sistemas?_dc=1487728791461&page=1&start=0&limit=25","ip":"::1","http_method":"OPTIONS","server":"localhost","referrer":"http://localhost:8081/","uid":"f8e8d05"}
[2017-02-22 02:59:51] INFO > #200: (/abrangencia) - [] - {"url":"/abrangencia?_dc=1487728791462&page=1&start=0&limit=25","ip":"::1","http_method":"OPTIONS","server":"localhost","referrer":"http://localhost:8081/","uid":"522604f"}
[2017-02-22 02:59:51] INFO > #200: (/estabilidade) - [] - {"url":"/estabilidade?_dc=1487728791463&page=1&start=0&limit=25","ip":"::1","http_method":"OPTIONS","server":"localhost","referrer":"http://localhost:8081/","uid":"c478a9f"}
[2017-02-22 02:59:51] INFO > #200: (/conhecimento) - [] - {"url":"/conhecimento?_dc=1487728791463&page=1&start=0&limit=25","ip":"::1","http_method":"OPTIONS","server":"localhost","referrer":"http://localhost:8081/","uid":"666a6fc"}
[2017-02-22 02:59:51] INFO > #200: (/classificacao) - [] - {"url":"/classificacao?_dc=1487728791464&page=1&start=0&limit=25","ip":"::1","http_method":"OPTIONS","server":"localhost","referrer":"http://localhost:8081/","uid":"27eb71f"}
[2017-02-22 02:59:51] INFO > #200: (/nivelrisco) - [] - {"url":"/nivelrisco?_dc=1487728791465&page=1&start=0&limit=25","ip":"::1","http_method":"OPTIONS","server":"localhost","referrer":"http://localhost:8081/","uid":"b033cb7"}
[2017-02-22 02:59:51] INFO > #200: (/projetos) - [] - {"url":"/projetos?_dc=1487728791454&page=1&start=0&limit=25&sort=nomeusuario&dir=desc","ip":"::1","http_method":"GET","server":"localhost","referrer":"http://localhost:8081/","uid":"0c6910e"}
[2017-02-22 02:59:51] INFO > #200: (/hora) - [] - {"url":"/hora?_dc=1487728791457&page=1&start=0&limit=25","ip":"::1","http_method":"GET","server":"localhost","referrer":"http://localhost:8081/","uid":"9f44373"}
[2017-02-22 02:59:51] INFO > #200: (/sistemasinternos) - [] - {"url":"/sistemasinternos?_dc=1487728791458&page=1&start=0&limit=25","ip":"::1","http_method":"GET","server":"localhost","referrer":"http://localhost:8081/","uid":"d72e036"}
[2017-02-22 02:59:51] INFO > #200: (/sistemasexternos) - [] - {"url":"/sistemasexternos?_dc=1487728791459&page=1&start=0&limit=25","ip":"::1","http_method":"GET","server":"localhost","referrer":"http://localhost:8081/","uid":"ca0aa96"}
[2017-02-22 02:59:51] INFO > #200: (/sistemas) - [] - {"url":"/sistemas?_dc=1487728791460&page=1&start=0&limit=25","ip":"::1","http_method":"GET","server":"localhost","referrer":"http://localhost:8081/","uid":"467f823"}
[2017-02-22 02:59:51] INFO > #200: (/sistemas) - [] - {"url":"/sistemas?_dc=1487728791461&page=1&start=0&limit=25","ip":"::1","http_method":"GET","server":"localhost","referrer":"http://localhost:8081/","uid":"cf42534"}
[2017-02-22 02:59:51] INFO > #200: (/abrangencia) - [] - {"url":"/abrangencia?_dc=1487728791462&page=1&start=0&limit=25","ip":"::1","http_method":"GET","server":"localhost","referrer":"http://localhost:8081/","uid":"cb31c42"}
[2017-02-22 02:59:51] INFO > #200: (/estabilidade) - [] - {"url":"/estabilidade?_dc=1487728791463&page=1&start=0&limit=25","ip":"::1","http_method":"GET","server":"localhost","referrer":"http://localhost:8081/","uid":"ca07d27"}
[2017-02-22 02:59:51] INFO > #200: (/conhecimento) - [] - {"url":"/conhecimento?_dc=1487728791463&page=1&start=0&limit=25","ip":"::1","http_method":"GET","server":"localhost","referrer":"http://localhost:8081/","uid":"9d2ab2a"}
[2017-02-22 02:59:51] INFO > #200: (/classificacao) - [] - {"url":"/classificacao?_dc=1487728791464&page=1&start=0&limit=25","ip":"::1","http_method":"GET","server":"localhost","referrer":"http://localhost:8081/","uid":"185997b"}
[2017-02-22 02:59:52] INFO > #200: (/nivelrisco) - [] - {"url":"/nivelrisco?_dc=1487728791465&page=1&start=0&limit=25","ip":"::1","http_method":"GET","server":"localhost","referrer":"http://localhost:8081/","uid":"13df607"}
[2017-02-22 02:59:53] INFO > #200: (/projetos/solicitantes/8) - [] - {"url":"/projetos/solicitantes/8","ip":"::1","http_method":"GET","server":"localhost","referrer":"http://localhost:8081/","uid":"a5f1cde"}
[2017-02-22 02:59:53] INFO > #200: (/projetos/riscos/8) - [] - {"url":"/projetos/riscos/8","ip":"::1","http_method":"GET","server":"localhost","referrer":"http://localhost:8081/","uid":"5ab7d1e"}
[2017-02-22 03:00:15] INFO > #200: (/projetos) - [] - {"url":"/projetos?_dc=1487728815261&page=1&start=0&limit=25&sort=nomeusuario&dir=desc","ip":"::1","http_method":"OPTIONS","server":"localhost","referrer":"http://localhost:8081/","uid":"a0f4738"}
[2017-02-22 03:00:15] INFO > #200: (/hora) - [] - {"url":"/hora?_dc=1487728815265&page=1&start=0&limit=25","ip":"::1","http_method":"OPTIONS","server":"localhost","referrer":"http://localhost:8081/","uid":"05e2aaa"}
[2017-02-22 03:00:15] INFO > #200: (/sistemasinternos) - [] - {"url":"/sistemasinternos?_dc=1487728815266&page=1&start=0&limit=25","ip":"::1","http_method":"OPTIONS","server":"localhost","referrer":"http://localhost:8081/","uid":"b383499"}
[2017-02-22 03:00:15] INFO > #200: (/sistemasexternos) - [] - {"url":"/sistemasexternos?_dc=1487728815267&page=1&start=0&limit=25","ip":"::1","http_method":"OPTIONS","server":"localhost","referrer":"http://localhost:8081/","uid":"dc44c63"}
[2017-02-22 03:00:15] INFO > #200: (/sistemas) - [] - {"url":"/sistemas?_dc=1487728815268&page=1&start=0&limit=25","ip":"::1","http_method":"OPTIONS","server":"localhost","referrer":"http://localhost:8081/","uid":"6b27cb4"}
[2017-02-22 03:00:15] INFO > #200: (/sistemas) - [] - {"url":"/sistemas?_dc=1487728815270&page=1&start=0&limit=25","ip":"::1","http_method":"OPTIONS","server":"localhost","referrer":"http://localhost:8081/","uid":"d212391"}
[2017-02-22 03:00:15] INFO > #200: (/abrangencia) - [] - {"url":"/abrangencia?_dc=1487728815270&page=1&start=0&limit=25","ip":"::1","http_method":"OPTIONS","server":"localhost","referrer":"http://localhost:8081/","uid":"a6f9d92"}
[2017-02-22 03:00:15] INFO > #200: (/estabilidade) - [] - {"url":"/estabilidade?_dc=1487728815271&page=1&start=0&limit=25","ip":"::1","http_method":"OPTIONS","server":"localhost","referrer":"http://localhost:8081/","uid":"326fc4b"}
[2017-02-22 03:00:15] INFO > #200: (/conhecimento) - [] - {"url":"/conhecimento?_dc=1487728815272&page=1&start=0&limit=25","ip":"::1","http_method":"OPTIONS","server":"localhost","referrer":"http://localhost:8081/","uid":"835bb0f"}
[2017-02-22 03:00:15] INFO > #200: (/classificacao) - [] - {"url":"/classificacao?_dc=1487728815273&page=1&start=0&limit=25","ip":"::1","http_method":"OPTIONS","server":"localhost","referrer":"http://localhost:8081/","uid":"3d2f95b"}
[2017-02-22 03:00:15] INFO > #200: (/nivelrisco) - [] - {"url":"/nivelrisco?_dc=1487728815273&page=1&start=0&limit=25","ip":"::1","http_method":"OPTIONS","server":"localhost","referrer":"http://localhost:8081/","uid":"b81f6b4"}
[2017-02-22 03:00:15] INFO > #200: (/projetos) - [] - {"url":"/projetos?_dc=1487728815261&page=1&start=0&limit=25&sort=nomeusuario&dir=desc","ip":"::1","http_method":"GET","server":"localhost","referrer":"http://localhost:8081/","uid":"ef6abf2"}
[2017-02-22 03:00:15] INFO > #200: (/hora) - [] - {"url":"/hora?_dc=1487728815265&page=1&start=0&limit=25","ip":"::1","http_method":"GET","server":"localhost","referrer":"http://localhost:8081/","uid":"4bcf521"}
[2017-02-22 03:00:15] INFO > #200: (/sistemasinternos) - [] - {"url":"/sistemasinternos?_dc=1487728815266&page=1&start=0&limit=25","ip":"::1","http_method":"GET","server":"localhost","referrer":"http://localhost:8081/","uid":"56bdd29"}
[2017-02-22 03:00:15] INFO > #200: (/sistemasexternos) - [] - {"url":"/sistemasexternos?_dc=1487728815267&page=1&start=0&limit=25","ip":"::1","http_method":"GET","server":"localhost","referrer":"http://localhost:8081/","uid":"95bc932"}
[2017-02-22 03:00:15] INFO > #200: (/sistemas) - [] - {"url":"/sistemas?_dc=1487728815268&page=1&start=0&limit=25","ip":"::1","http_method":"GET","server":"localhost","referrer":"http://localhost:8081/","uid":"9e38846"}
[2017-02-22 03:00:15] INFO > #200: (/sistemas) - [] - {"url":"/sistemas?_dc=1487728815270&page=1&start=0&limit=25","ip":"::1","http_method":"GET","server":"localhost","referrer":"http://localhost:8081/","uid":"76bc1fe"}
[2017-02-22 03:00:15] INFO > #200: (/abrangencia) - [] - {"url":"/abrangencia?_dc=1487728815270&page=1&start=0&limit=25","ip":"::1","http_method":"GET","server":"localhost","referrer":"http://localhost:8081/","uid":"0cd33de"}
[2017-02-22 03:00:15] INFO > #200: (/estabilidade) - [] - {"url":"/estabilidade?_dc=1487728815271&page=1&start=0&limit=25","ip":"::1","http_method":"GET","server":"localhost","referrer":"http://localhost:8081/","uid":"f04c715"}
[2017-02-22 03:00:15] INFO > #200: (/conhecimento) - [] - {"url":"/conhecimento?_dc=1487728815272&page=1&start=0&limit=25","ip":"::1","http_method":"GET","server":"localhost","referrer":"http://localhost:8081/","uid":"853353c"}
[2017-02-22 03:00:15] INFO > #200: (/classificacao) - [] - {"url":"/classificacao?_dc=1487728815273&page=1&start=0&limit=25","ip":"::1","http_method":"GET","server":"localhost","referrer":"http://localhost:8081/","uid":"e031039"}
[2017-02-22 03:00:15] INFO > #200: (/nivelrisco) - [] - {"url":"/nivelrisco?_dc=1487728815273&page=1&start=0&limit=25","ip":"::1","http_method":"GET","server":"localhost","referrer":"http://localhost:8081/","uid":"e547411"}
[2017-02-22 03:00:17] INFO > #200: (/projetos/solicitantes/8) - [] - {"url":"/projetos/solicitantes/8","ip":"::1","http_method":"GET","server":"localhost","referrer":"http://localhost:8081/","uid":"0c21d33"}
[2017-02-22 03:00:17] INFO > #200: (/projetos/riscos/8) - [] - {"url":"/projetos/riscos/8","ip":"::1","http_method":"GET","server":"localhost","referrer":"http://localhost:8081/","uid":"516f145"}
[2017-02-22 03:01:09] INFO > #200: (/projetos) - [] - {"url":"/projetos?_dc=1487728869222&page=1&start=0&limit=25&sort=nomeusuario&dir=desc","ip":"::1","http_method":"OPTIONS","server":"localhost","referrer":"http://localhost:8081/","uid":"13b1829"}
[2017-02-22 03:01:09] INFO > #200: (/hora) - [] - {"url":"/hora?_dc=1487728869225&page=1&start=0&limit=25","ip":"::1","http_method":"OPTIONS","server":"localhost","referrer":"http://localhost:8081/","uid":"15fe758"}
[2017-02-22 03:01:09] INFO > #200: (/sistemasinternos) - [] - {"url":"/sistemasinternos?_dc=1487728869227&page=1&start=0&limit=25","ip":"::1","http_method":"OPTIONS","server":"localhost","referrer":"http://localhost:8081/","uid":"fe26b45"}
[2017-02-22 03:01:09] INFO > #200: (/sistemasexternos) - [] - {"url":"/sistemasexternos?_dc=1487728869228&page=1&start=0&limit=25","ip":"::1","http_method":"OPTIONS","server":"localhost","referrer":"http://localhost:8081/","uid":"99f26df"}
[2017-02-22 03:01:09] INFO > #200: (/sistemas) - [] - {"url":"/sistemas?_dc=1487728869229&page=1&start=0&limit=25","ip":"::1","http_method":"OPTIONS","server":"localhost","referrer":"http://localhost:8081/","uid":"cab4a62"}
[2017-02-22 03:01:09] INFO > #200: (/sistemas) - [] - {"url":"/sistemas?_dc=1487728869230&page=1&start=0&limit=25","ip":"::1","http_method":"OPTIONS","server":"localhost","referrer":"http://localhost:8081/","uid":"defeeed"}
[2017-02-22 03:01:09] INFO > #200: (/abrangencia) - [] - {"url":"/abrangencia?_dc=1487728869231&page=1&start=0&limit=25","ip":"::1","http_method":"OPTIONS","server":"localhost","referrer":"http://localhost:8081/","uid":"11f4481"}
[2017-02-22 03:01:09] INFO > #200: (/estabilidade) - [] - {"url":"/estabilidade?_dc=1487728869232&page=1&start=0&limit=25","ip":"::1","http_method":"OPTIONS","server":"localhost","referrer":"http://localhost:8081/","uid":"a5780f9"}
[2017-02-22 03:01:09] INFO > #200: (/conhecimento) - [] - {"url":"/conhecimento?_dc=1487728869234&page=1&start=0&limit=25","ip":"::1","http_method":"OPTIONS","server":"localhost","referrer":"http://localhost:8081/","uid":"5eccb9f"}
[2017-02-22 03:01:09] INFO > #200: (/classificacao) - [] - {"url":"/classificacao?_dc=1487728869235&page=1&start=0&limit=25","ip":"::1","http_method":"OPTIONS","server":"localhost","referrer":"http://localhost:8081/","uid":"fa3503a"}
[2017-02-22 03:01:09] INFO > #200: (/nivelrisco) - [] - {"url":"/nivelrisco?_dc=1487728869238&page=1&start=0&limit=25","ip":"::1","http_method":"OPTIONS","server":"localhost","referrer":"http://localhost:8081/","uid":"9349428"}
[2017-02-22 03:01:09] INFO > #200: (/projetos) - [] - {"url":"/projetos?_dc=1487728869222&page=1&start=0&limit=25&sort=nomeusuario&dir=desc","ip":"::1","http_method":"GET","server":"localhost","referrer":"http://localhost:8081/","uid":"b37a379"}
[2017-02-22 03:01:09] INFO > #200: (/hora) - [] - {"url":"/hora?_dc=1487728869225&page=1&start=0&limit=25","ip":"::1","http_method":"GET","server":"localhost","referrer":"http://localhost:8081/","uid":"47e3f10"}
[2017-02-22 03:01:09] INFO > #200: (/sistemasinternos) - [] - {"url":"/sistemasinternos?_dc=1487728869227&page=1&start=0&limit=25","ip":"::1","http_method":"GET","server":"localhost","referrer":"http://localhost:8081/","uid":"3ca7708"}
[2017-02-22 03:01:09] INFO > #200: (/sistemasexternos) - [] - {"url":"/sistemasexternos?_dc=1487728869228&page=1&start=0&limit=25","ip":"::1","http_method":"GET","server":"localhost","referrer":"http://localhost:8081/","uid":"ef3cf49"}
[2017-02-22 03:01:09] INFO > #200: (/sistemas) - [] - {"url":"/sistemas?_dc=1487728869229&page=1&start=0&limit=25","ip":"::1","http_method":"GET","server":"localhost","referrer":"http://localhost:8081/","uid":"91422ab"}
[2017-02-22 03:01:09] INFO > #200: (/sistemas) - [] - {"url":"/sistemas?_dc=1487728869230&page=1&start=0&limit=25","ip":"::1","http_method":"GET","server":"localhost","referrer":"http://localhost:8081/","uid":"b863ab4"}
[2017-02-22 03:01:09] INFO > #200: (/abrangencia) - [] - {"url":"/abrangencia?_dc=1487728869231&page=1&start=0&limit=25","ip":"::1","http_method":"GET","server":"localhost","referrer":"http://localhost:8081/","uid":"d554cbe"}
[2017-02-22 03:01:09] INFO > #200: (/estabilidade) - [] - {"url":"/estabilidade?_dc=1487728869232&page=1&start=0&limit=25","ip":"::1","http_method":"GET","server":"localhost","referrer":"http://localhost:8081/","uid":"85c786d"}
[2017-02-22 03:01:09] INFO > #200: (/conhecimento) - [] - {"url":"/conhecimento?_dc=1487728869234&page=1&start=0&limit=25","ip":"::1","http_method":"GET","server":"localhost","referrer":"http://localhost:8081/","uid":"33a5935"}
[2017-02-22 03:01:09] INFO > #200: (/classificacao) - [] - {"url":"/classificacao?_dc=1487728869235&page=1&start=0&limit=25","ip":"::1","http_method":"GET","server":"localhost","referrer":"http://localhost:8081/","uid":"004abfc"}
[2017-02-22 03:01:09] INFO > #200: (/nivelrisco) - [] - {"url":"/nivelrisco?_dc=1487728869238&page=1&start=0&limit=25","ip":"::1","http_method":"GET","server":"localhost","referrer":"http://localhost:8081/","uid":"39bc6b7"}
[2017-02-22 03:01:10] INFO > #200: (/projetos/solicitantes/8) - [] - {"url":"/projetos/solicitantes/8","ip":"::1","http_method":"GET","server":"localhost","referrer":"http://localhost:8081/","uid":"cbb8892"}
[2017-02-22 03:01:10] INFO > #200: (/projetos/riscos/8) - [] - {"url":"/projetos/riscos/8","ip":"::1","http_method":"GET","server":"localhost","referrer":"http://localhost:8081/","uid":"a7786d3"}
[2017-02-22 03:01:58] INFO > #200: (/projetos) - [] - {"url":"/projetos?_dc=1487728918739&page=1&start=0&limit=25&sort=nomeusuario&dir=desc","ip":"::1","http_method":"OPTIONS","server":"localhost","referrer":"http://localhost:8081/","uid":"e2abac4"}
[2017-02-22 03:01:58] INFO > #200: (/hora) - [] - {"url":"/hora?_dc=1487728918743&page=1&start=0&limit=25","ip":"::1","http_method":"OPTIONS","server":"localhost","referrer":"http://localhost:8081/","uid":"27546af"}
[2017-02-22 03:01:58] INFO > #200: (/sistemasinternos) - [] - {"url":"/sistemasinternos?_dc=1487728918744&page=1&start=0&limit=25","ip":"::1","http_method":"OPTIONS","server":"localhost","referrer":"http://localhost:8081/","uid":"1b24021"}
[2017-02-22 03:01:58] INFO > #200: (/sistemasexternos) - [] - {"url":"/sistemasexternos?_dc=1487728918745&page=1&start=0&limit=25","ip":"::1","http_method":"OPTIONS","server":"localhost","referrer":"http://localhost:8081/","uid":"df30169"}
[2017-02-22 03:01:58] INFO > #200: (/sistemas) - [] - {"url":"/sistemas?_dc=1487728918746&page=1&start=0&limit=25","ip":"::1","http_method":"OPTIONS","server":"localhost","referrer":"http://localhost:8081/","uid":"4709484"}
[2017-02-22 03:01:58] INFO > #200: (/sistemas) - [] - {"url":"/sistemas?_dc=1487728918747&page=1&start=0&limit=25","ip":"::1","http_method":"OPTIONS","server":"localhost","referrer":"http://localhost:8081/","uid":"74b95fd"}
[2017-02-22 03:01:58] INFO > #200: (/abrangencia) - [] - {"url":"/abrangencia?_dc=1487728918748&page=1&start=0&limit=25","ip":"::1","http_method":"OPTIONS","server":"localhost","referrer":"http://localhost:8081/","uid":"e136363"}
[2017-02-22 03:01:58] INFO > #200: (/estabilidade) - [] - {"url":"/estabilidade?_dc=1487728918749&page=1&start=0&limit=25","ip":"::1","http_method":"OPTIONS","server":"localhost","referrer":"http://localhost:8081/","uid":"d0a9b3a"}
[2017-02-22 03:01:58] INFO > #200: (/conhecimento) - [] - {"url":"/conhecimento?_dc=1487728918750&page=1&start=0&limit=25","ip":"::1","http_method":"OPTIONS","server":"localhost","referrer":"http://localhost:8081/","uid":"71e770d"}
[2017-02-22 03:01:58] INFO > #200: (/classificacao) - [] - {"url":"/classificacao?_dc=1487728918751&page=1&start=0&limit=25","ip":"::1","http_method":"OPTIONS","server":"localhost","referrer":"http://localhost:8081/","uid":"9858871"}
[2017-02-22 03:01:58] INFO > #200: (/nivelrisco) - [] - {"url":"/nivelrisco?_dc=1487728918753&page=1&start=0&limit=25","ip":"::1","http_method":"OPTIONS","server":"localhost","referrer":"http://localhost:8081/","uid":"7f4bf36"}
[2017-02-22 03:01:58] INFO > #200: (/projetos) - [] - {"url":"/projetos?_dc=1487728918739&page=1&start=0&limit=25&sort=nomeusuario&dir=desc","ip":"::1","http_method":"GET","server":"localhost","referrer":"http://localhost:8081/","uid":"1345a9d"}
[2017-02-22 03:01:59] INFO > #200: (/hora) - [] - {"url":"/hora?_dc=1487728918743&page=1&start=0&limit=25","ip":"::1","http_method":"GET","server":"localhost","referrer":"http://localhost:8081/","uid":"b699791"}
[2017-02-22 03:01:59] INFO > #200: (/sistemasinternos) - [] - {"url":"/sistemasinternos?_dc=1487728918744&page=1&start=0&limit=25","ip":"::1","http_method":"GET","server":"localhost","referrer":"http://localhost:8081/","uid":"46bb2f0"}
[2017-02-22 03:01:59] INFO > #200: (/sistemasexternos) - [] - {"url":"/sistemasexternos?_dc=1487728918745&page=1&start=0&limit=25","ip":"::1","http_method":"GET","server":"localhost","referrer":"http://localhost:8081/","uid":"84a9061"}
[2017-02-22 03:01:59] INFO > #200: (/sistemas) - [] - {"url":"/sistemas?_dc=1487728918746&page=1&start=0&limit=25","ip":"::1","http_method":"GET","server":"localhost","referrer":"http://localhost:8081/","uid":"622a4e2"}
[2017-02-22 03:01:59] INFO > #200: (/sistemas) - [] - {"url":"/sistemas?_dc=1487728918747&page=1&start=0&limit=25","ip":"::1","http_method":"GET","server":"localhost","referrer":"http://localhost:8081/","uid":"13fc317"}
[2017-02-22 03:01:59] INFO > #200: (/abrangencia) - [] - {"url":"/abrangencia?_dc=1487728918748&page=1&start=0&limit=25","ip":"::1","http_method":"GET","server":"localhost","referrer":"http://localhost:8081/","uid":"89c4513"}
[2017-02-22 03:01:59] INFO > #200: (/estabilidade) - [] - {"url":"/estabilidade?_dc=1487728918749&page=1&start=0&limit=25","ip":"::1","http_method":"GET","server":"localhost","referrer":"http://localhost:8081/","uid":"31debe4"}
[2017-02-22 03:01:59] INFO > #200: (/conhecimento) - [] - {"url":"/conhecimento?_dc=1487728918750&page=1&start=0&limit=25","ip":"::1","http_method":"GET","server":"localhost","referrer":"http://localhost:8081/","uid":"0478a50"}
[2017-02-22 03:01:59] INFO > #200: (/classificacao) - [] - {"url":"/classificacao?_dc=1487728918751&page=1&start=0&limit=25","ip":"::1","http_method":"GET","server":"localhost","referrer":"http://localhost:8081/","uid":"b21ac29"}
[2017-02-22 03:01:59] INFO > #200: (/nivelrisco) - [] - {"url":"/nivelrisco?_dc=1487728918753&page=1&start=0&limit=25","ip":"::1","http_method":"GET","server":"localhost","referrer":"http://localhost:8081/","uid":"b7a147f"}
[2017-02-22 03:02:00] INFO > #200: (/projetos/solicitantes/8) - [] - {"url":"/projetos/solicitantes/8","ip":"::1","http_method":"GET","server":"localhost","referrer":"http://localhost:8081/","uid":"40d1659"}
[2017-02-22 03:02:00] INFO > #200: (/projetos/riscos/8) - [] - {"url":"/projetos/riscos/8","ip":"::1","http_method":"GET","server":"localhost","referrer":"http://localhost:8081/","uid":"390920d"}
[2017-02-22 03:03:14] INFO > #200: (/projetos) - [] - {"url":"/projetos?_dc=1487728994308&page=1&start=0&limit=25&sort=nomeusuario&dir=desc","ip":"::1","http_method":"OPTIONS","server":"localhost","referrer":"http://localhost:8081/","uid":"2742fc7"}
[2017-02-22 03:03:14] INFO > #200: (/hora) - [] - {"url":"/hora?_dc=1487728994312&page=1&start=0&limit=25","ip":"::1","http_method":"OPTIONS","server":"localhost","referrer":"http://localhost:8081/","uid":"95eafce"}
[2017-02-22 03:03:14] INFO > #200: (/sistemasinternos) - [] - {"url":"/sistemasinternos?_dc=1487728994314&page=1&start=0&limit=25","ip":"::1","http_method":"OPTIONS","server":"localhost","referrer":"http://localhost:8081/","uid":"4411815"}
[2017-02-22 03:03:14] INFO > #200: (/sistemasexternos) - [] - {"url":"/sistemasexternos?_dc=1487728994315&page=1&start=0&limit=25","ip":"::1","http_method":"OPTIONS","server":"localhost","referrer":"http://localhost:8081/","uid":"adfd2bb"}
[2017-02-22 03:03:14] INFO > #200: (/sistemas) - [] - {"url":"/sistemas?_dc=1487728994317&page=1&start=0&limit=25","ip":"::1","http_method":"OPTIONS","server":"localhost","referrer":"http://localhost:8081/","uid":"a875ec6"}
[2017-02-22 03:03:14] INFO > #200: (/sistemas) - [] - {"url":"/sistemas?_dc=1487728994318&page=1&start=0&limit=25","ip":"::1","http_method":"OPTIONS","server":"localhost","referrer":"http://localhost:8081/","uid":"18fa2f1"}
[2017-02-22 03:03:14] INFO > #200: (/abrangencia) - [] - {"url":"/abrangencia?_dc=1487728994319&page=1&start=0&limit=25","ip":"::1","http_method":"OPTIONS","server":"localhost","referrer":"http://localhost:8081/","uid":"8b98462"}
[2017-02-22 03:03:14] INFO > #200: (/estabilidade) - [] - {"url":"/estabilidade?_dc=1487728994320&page=1&start=0&limit=25","ip":"::1","http_method":"OPTIONS","server":"localhost","referrer":"http://localhost:8081/","uid":"4d3d2ef"}
[2017-02-22 03:03:14] INFO > #200: (/conhecimento) - [] - {"url":"/conhecimento?_dc=1487728994322&page=1&start=0&limit=25","ip":"::1","http_method":"OPTIONS","server":"localhost","referrer":"http://localhost:8081/","uid":"8d4d139"}
[2017-02-22 03:03:14] INFO > #200: (/classificacao) - [] - {"url":"/classificacao?_dc=1487728994323&page=1&start=0&limit=25","ip":"::1","http_method":"OPTIONS","server":"localhost","referrer":"http://localhost:8081/","uid":"6fc261f"}
[2017-02-22 03:03:14] INFO > #200: (/nivelrisco) - [] - {"url":"/nivelrisco?_dc=1487728994324&page=1&start=0&limit=25","ip":"::1","http_method":"OPTIONS","server":"localhost","referrer":"http://localhost:8081/","uid":"b3c8430"}
[2017-02-22 03:03:14] INFO > #200: (/projetos) - [] - {"url":"/projetos?_dc=1487728994308&page=1&start=0&limit=25&sort=nomeusuario&dir=desc","ip":"::1","http_method":"GET","server":"localhost","referrer":"http://localhost:8081/","uid":"5011466"}
[2017-02-22 03:03:14] INFO > #200: (/hora) - [] - {"url":"/hora?_dc=1487728994312&page=1&start=0&limit=25","ip":"::1","http_method":"GET","server":"localhost","referrer":"http://localhost:8081/","uid":"836b6b7"}
[2017-02-22 03:03:14] INFO > #200: (/sistemasinternos) - [] - {"url":"/sistemasinternos?_dc=1487728994314&page=1&start=0&limit=25","ip":"::1","http_method":"GET","server":"localhost","referrer":"http://localhost:8081/","uid":"cb35732"}
[2017-02-22 03:03:14] INFO > #200: (/sistemasexternos) - [] - {"url":"/sistemasexternos?_dc=1487728994315&page=1&start=0&limit=25","ip":"::1","http_method":"GET","server":"localhost","referrer":"http://localhost:8081/","uid":"56429ba"}
[2017-02-22 03:03:14] INFO > #200: (/sistemas) - [] - {"url":"/sistemas?_dc=1487728994317&page=1&start=0&limit=25","ip":"::1","http_method":"GET","server":"localhost","referrer":"http://localhost:8081/","uid":"5ec6c11"}
[2017-02-22 03:03:14] INFO > #200: (/sistemas) - [] - {"url":"/sistemas?_dc=1487728994318&page=1&start=0&limit=25","ip":"::1","http_method":"GET","server":"localhost","referrer":"http://localhost:8081/","uid":"9dc8e8b"}
[2017-02-22 03:03:14] INFO > #200: (/abrangencia) - [] - {"url":"/abrangencia?_dc=1487728994319&page=1&start=0&limit=25","ip":"::1","http_method":"GET","server":"localhost","referrer":"http://localhost:8081/","uid":"a86d769"}
[2017-02-22 03:03:14] INFO > #200: (/estabilidade) - [] - {"url":"/estabilidade?_dc=1487728994320&page=1&start=0&limit=25","ip":"::1","http_method":"GET","server":"localhost","referrer":"http://localhost:8081/","uid":"2b038ad"}
[2017-02-22 03:03:14] INFO > #200: (/conhecimento) - [] - {"url":"/conhecimento?_dc=1487728994322&page=1&start=0&limit=25","ip":"::1","http_method":"GET","server":"localhost","referrer":"http://localhost:8081/","uid":"862927e"}
[2017-02-22 03:03:14] INFO > #200: (/classificacao) - [] - {"url":"/classificacao?_dc=1487728994323&page=1&start=0&limit=25","ip":"::1","http_method":"GET","server":"localhost","referrer":"http://localhost:8081/","uid":"7e5a3c3"}
[2017-02-22 03:03:14] INFO > #200: (/nivelrisco) - [] - {"url":"/nivelrisco?_dc=1487728994324&page=1&start=0&limit=25","ip":"::1","http_method":"GET","server":"localhost","referrer":"http://localhost:8081/","uid":"718e40d"}
[2017-02-22 03:03:16] INFO > #200: (/projetos/solicitantes/8) - [] - {"url":"/projetos/solicitantes/8","ip":"::1","http_method":"GET","server":"localhost","referrer":"http://localhost:8081/","uid":"0250890"}
[2017-02-22 03:03:16] INFO > #200: (/projetos/riscos/8) - [] - {"url":"/projetos/riscos/8","ip":"::1","http_method":"GET","server":"localhost","referrer":"http://localhost:8081/","uid":"65b876b"}
[2017-02-22 03:03:23] INFO > #200: (/projetos/8) - [] - {"url":"/projetos/8","ip":"::1","http_method":"OPTIONS","server":"localhost","referrer":"http://localhost:8081/","uid":"20f4772"}
[2017-02-22 03:03:23] INFO > #200: (/projetos/8) - [] - {"url":"/projetos/8","ip":"::1","http_method":"PATCH","server":"localhost","referrer":"http://localhost:8081/","uid":"1448b6e"}
[2017-02-22 03:03:24] INFO > #200: (/projetos) - [] - {"url":"/projetos?_dc=1487729004778&page=1&start=0&limit=25&sort=nomeusuario&dir=desc","ip":"::1","http_method":"OPTIONS","server":"localhost","referrer":"http://localhost:8081/","uid":"c0e6801"}
[2017-02-22 03:03:24] INFO > #200: (/projetos) - [] - {"url":"/projetos?_dc=1487729004778&page=1&start=0&limit=25&sort=nomeusuario&dir=desc","ip":"::1","http_method":"GET","server":"localhost","referrer":"http://localhost:8081/","uid":"92850df"}
[2017-02-22 03:03:26] INFO > #200: (/projetos/solicitantes/8) - [] - {"url":"/projetos/solicitantes/8","ip":"::1","http_method":"GET","server":"localhost","referrer":"http://localhost:8081/","uid":"307095c"}
[2017-02-22 03:03:26] INFO > #200: (/projetos/riscos/8) - [] - {"url":"/projetos/riscos/8","ip":"::1","http_method":"GET","server":"localhost","referrer":"http://localhost:8081/","uid":"3e53a9b"}
[2017-02-22 03:08:03] INFO > #200: (/projetos) - [] - {"url":"/projetos?_dc=1487729283406&page=1&start=0&limit=25&sort=nomeusuario&dir=desc","ip":"::1","http_method":"OPTIONS","server":"localhost","referrer":"http://localhost:8081/","uid":"b25ab81"}
[2017-02-22 03:08:03] INFO > #200: (/projetos) - [] - {"url":"/projetos?_dc=1487729283406&page=1&start=0&limit=25&sort=nomeusuario&dir=desc","ip":"::1","http_method":"GET","server":"localhost","referrer":"http://localhost:8081/","uid":"6f40349"}
[2017-02-22 03:08:04] INFO > #200: (/projetos) - [] - {"url":"/projetos?_dc=1487729284455&page=1&start=0&limit=25&sort=nomeusuario&dir=desc","ip":"::1","http_method":"OPTIONS","server":"localhost","referrer":"http://localhost:8081/","uid":"b3c36b2"}
[2017-02-22 03:08:04] INFO > #200: (/projetos) - [] - {"url":"/projetos?_dc=1487729284455&page=1&start=0&limit=25&sort=nomeusuario&dir=desc","ip":"::1","http_method":"GET","server":"localhost","referrer":"http://localhost:8081/","uid":"1e8fc90"}
[2017-02-22 03:08:10] INFO > #200: (/projetos) - [] - {"url":"/projetos?_dc=1487729290949&page=1&start=0&limit=25&sort=nomeusuario&dir=desc","ip":"::1","http_method":"OPTIONS","server":"localhost","referrer":"http://localhost:8081/","uid":"435a347"}
[2017-02-22 03:08:11] INFO > #200: (/projetos) - [] - {"url":"/projetos?_dc=1487729290949&page=1&start=0&limit=25&sort=nomeusuario&dir=desc","ip":"::1","http_method":"GET","server":"localhost","referrer":"http://localhost:8081/","uid":"755ffb6"}
[2017-02-22 03:08:12] INFO > #200: (/projetos) - [] - {"url":"/projetos?_dc=1487729292088&page=1&start=0&limit=25&sort=nomeusuario&dir=desc","ip":"::1","http_method":"OPTIONS","server":"localhost","referrer":"http://localhost:8081/","uid":"e1a9db8"}
[2017-02-22 03:08:12] INFO > #200: (/projetos) - [] - {"url":"/projetos?_dc=1487729292088&page=1&start=0&limit=25&sort=nomeusuario&dir=desc","ip":"::1","http_method":"GET","server":"localhost","referrer":"http://localhost:8081/","uid":"d47e565"}
[2017-02-22 03:08:17] INFO > #200: (/projetos/solicitantes/8) - [] - {"url":"/projetos/solicitantes/8","ip":"::1","http_method":"GET","server":"localhost","referrer":"http://localhost:8081/","uid":"316e45d"}
[2017-02-22 03:08:17] INFO > #200: (/projetos/riscos/8) - [] - {"url":"/projetos/riscos/8","ip":"::1","http_method":"GET","server":"localhost","referrer":"http://localhost:8081/","uid":"f88bd03"}
[2017-02-22 03:08:30] INFO > #200: (/projetos/solicitantes/8) - [] - {"url":"/projetos/solicitantes/8","ip":"::1","http_method":"GET","server":"localhost","referrer":"http://localhost:8081/","uid":"0be4e4e"}
[2017-02-22 03:08:30] INFO > #200: (/projetos/riscos/8) - [] - {"url":"/projetos/riscos/8","ip":"::1","http_method":"GET","server":"localhost","referrer":"http://localhost:8081/","uid":"4397518"}
