[2017-01-19 13:44:19] INFO > #200: (/usuarios) - [] - {"url":"/usuarios?_dc=1484829858733&page=1&start=0&limit=25&sort=nomeusuario&dir=desc","ip":"::1","http_method":"OPTIONS","server":"localhost","referrer":"http://localhost:8081/","uid":"a1d2c7b"}
[2017-01-19 13:44:19] INFO > #200: (/classificacao) - [] - {"url":"/classificacao?_dc=1484829858737&page=1&start=0&limit=25","ip":"::1","http_method":"OPTIONS","server":"localhost","referrer":"http://localhost:8081/","uid":"67f9a31"}
[2017-01-19 13:44:19] INFO > #200: (/usuarios) - [] - {"url":"/usuarios?_dc=1484829858733&page=1&start=0&limit=25&sort=nomeusuario&dir=desc","ip":"::1","http_method":"GET","server":"localhost","referrer":"http://localhost:8081/","uid":"5888335"}
[2017-01-19 13:44:19] INFO > #200: (/classificacao) - [] - {"url":"/classificacao?_dc=1484829858737&page=1&start=0&limit=25","ip":"::1","http_method":"GET","server":"localhost","referrer":"http://localhost:8081/","uid":"8d38b15"}
[2017-01-19 13:45:27] INFO > #200: (/usuarios) - [] - {"url":"/usuarios?_dc=1484829927706&page=1&start=0&limit=25&sort=nomeusuario&dir=desc","ip":"::1","http_method":"OPTIONS","server":"localhost","referrer":"http://localhost:8081/","uid":"ac160c2"}
[2017-01-19 13:45:27] INFO > #200: (/classificacao) - [] - {"url":"/classificacao?_dc=1484829927710&page=1&start=0&limit=25","ip":"::1","http_method":"OPTIONS","server":"localhost","referrer":"http://localhost:8081/","uid":"3177fd0"}
[2017-01-19 13:45:27] INFO > #200: (/usuarios) - [] - {"url":"/usuarios?_dc=1484829927706&page=1&start=0&limit=25&sort=nomeusuario&dir=desc","ip":"::1","http_method":"GET","server":"localhost","referrer":"http://localhost:8081/","uid":"8d91009"}
[2017-01-19 13:45:27] INFO > #200: (/classificacao) - [] - {"url":"/classificacao?_dc=1484829927710&page=1&start=0&limit=25","ip":"::1","http_method":"GET","server":"localhost","referrer":"http://localhost:8081/","uid":"dfc881e"}
[2017-01-19 13:46:36] INFO > #200: (/usuarios) - [] - {"url":"/usuarios?_dc=1484829996343&page=1&start=0&limit=25&sort=nomeusuario&dir=desc","ip":"::1","http_method":"OPTIONS","server":"localhost","referrer":"http://localhost:8081/","uid":"4f36c0c"}
[2017-01-19 13:46:36] INFO > #200: (/classificacao) - [] - {"url":"/classificacao?_dc=1484829996347&page=1&start=0&limit=25","ip":"::1","http_method":"OPTIONS","server":"localhost","referrer":"http://localhost:8081/","uid":"cb88caf"}
[2017-01-19 13:46:36] INFO > #200: (/usuarios) - [] - {"url":"/usuarios?_dc=1484829996343&page=1&start=0&limit=25&sort=nomeusuario&dir=desc","ip":"::1","http_method":"GET","server":"localhost","referrer":"http://localhost:8081/","uid":"bfc41b3"}
[2017-01-19 13:46:36] INFO > #200: (/classificacao) - [] - {"url":"/classificacao?_dc=1484829996347&page=1&start=0&limit=25","ip":"::1","http_method":"GET","server":"localhost","referrer":"http://localhost:8081/","uid":"cf7bd46"}
[2017-01-19 13:49:14] INFO > #200: (/usuarios) - [] - {"url":"/usuarios?_dc=1484830153974&page=1&start=0&limit=25&sort=nomeusuario&dir=desc","ip":"::1","http_method":"OPTIONS","server":"localhost","referrer":"http://localhost:8081/","uid":"258c86a"}
[2017-01-19 13:49:14] INFO > #200: (/classificacao) - [] - {"url":"/classificacao?_dc=1484830153978&page=1&start=0&limit=25","ip":"::1","http_method":"OPTIONS","server":"localhost","referrer":"http://localhost:8081/","uid":"57b4fb2"}
[2017-01-19 13:49:14] INFO > #200: (/usuarios) - [] - {"url":"/usuarios?_dc=1484830153974&page=1&start=0&limit=25&sort=nomeusuario&dir=desc","ip":"::1","http_method":"GET","server":"localhost","referrer":"http://localhost:8081/","uid":"05946b6"}
[2017-01-19 13:49:14] INFO > #200: (/classificacao) - [] - {"url":"/classificacao?_dc=1484830153978&page=1&start=0&limit=25","ip":"::1","http_method":"GET","server":"localhost","referrer":"http://localhost:8081/","uid":"fb58923"}
[2017-01-19 13:49:44] INFO > #200: (/usuarios) - [] - {"url":"/usuarios?_dc=1484830184521&page=1&start=0&limit=25&sort=nomeusuario&dir=desc","ip":"::1","http_method":"OPTIONS","server":"localhost","referrer":"http://localhost:8081/","uid":"7f10fac"}
[2017-01-19 13:49:44] INFO > #200: (/classificacao) - [] - {"url":"/classificacao?_dc=1484830184525&page=1&start=0&limit=25","ip":"::1","http_method":"OPTIONS","server":"localhost","referrer":"http://localhost:8081/","uid":"a5c55d0"}
[2017-01-19 13:49:44] INFO > #200: (/usuarios) - [] - {"url":"/usuarios?_dc=1484830184521&page=1&start=0&limit=25&sort=nomeusuario&dir=desc","ip":"::1","http_method":"GET","server":"localhost","referrer":"http://localhost:8081/","uid":"20279fb"}
[2017-01-19 13:49:44] INFO > #200: (/classificacao) - [] - {"url":"/classificacao?_dc=1484830184525&page=1&start=0&limit=25","ip":"::1","http_method":"GET","server":"localhost","referrer":"http://localhost:8081/","uid":"9962b8a"}
[2017-01-19 13:50:18] INFO > #200: (/usuarios) - [] - {"url":"/usuarios?_dc=1484830218424&page=1&start=0&limit=25&sort=nomeusuario&dir=desc","ip":"::1","http_method":"OPTIONS","server":"localhost","referrer":"http://localhost:8081/","uid":"71b357e"}
[2017-01-19 13:50:18] INFO > #200: (/classificacao) - [] - {"url":"/classificacao?_dc=1484830218431&page=1&start=0&limit=25","ip":"::1","http_method":"OPTIONS","server":"localhost","referrer":"http://localhost:8081/","uid":"48e448e"}
[2017-01-19 13:50:18] INFO > #200: (/usuarios) - [] - {"url":"/usuarios?_dc=1484830218424&page=1&start=0&limit=25&sort=nomeusuario&dir=desc","ip":"::1","http_method":"GET","server":"localhost","referrer":"http://localhost:8081/","uid":"dffd5bf"}
[2017-01-19 13:50:18] INFO > #200: (/classificacao) - [] - {"url":"/classificacao?_dc=1484830218431&page=1&start=0&limit=25","ip":"::1","http_method":"GET","server":"localhost","referrer":"http://localhost:8081/","uid":"d81abda"}
[2017-01-19 13:50:57] INFO > #200: (/usuarios) - [] - {"url":"/usuarios?_dc=1484830257344&page=1&start=0&limit=25&sort=nomeusuario&dir=desc","ip":"::1","http_method":"OPTIONS","server":"localhost","referrer":"http://localhost:8081/","uid":"cd29be5"}
[2017-01-19 13:50:57] INFO > #200: (/classificacao) - [] - {"url":"/classificacao?_dc=1484830257349&page=1&start=0&limit=25","ip":"::1","http_method":"OPTIONS","server":"localhost","referrer":"http://localhost:8081/","uid":"9e5e215"}
[2017-01-19 13:50:57] INFO > #200: (/usuarios) - [] - {"url":"/usuarios?_dc=1484830257344&page=1&start=0&limit=25&sort=nomeusuario&dir=desc","ip":"::1","http_method":"GET","server":"localhost","referrer":"http://localhost:8081/","uid":"605cef9"}
[2017-01-19 13:50:57] INFO > #200: (/classificacao) - [] - {"url":"/classificacao?_dc=1484830257349&page=1&start=0&limit=25","ip":"::1","http_method":"GET","server":"localhost","referrer":"http://localhost:8081/","uid":"10200e3"}
[2017-01-19 13:51:07] INFO > #200: (/usuarios) - [] - {"url":"/usuarios?_dc=1484830267867&page=1&start=0&limit=25&sort=nomeusuario&dir=desc","ip":"::1","http_method":"OPTIONS","server":"localhost","referrer":"http://localhost:8081/","uid":"bb0cdd8"}
[2017-01-19 13:51:07] INFO > #200: (/classificacao) - [] - {"url":"/classificacao?_dc=1484830267872&page=1&start=0&limit=25","ip":"::1","http_method":"OPTIONS","server":"localhost","referrer":"http://localhost:8081/","uid":"e14fb29"}
[2017-01-19 13:51:07] INFO > #200: (/usuarios) - [] - {"url":"/usuarios?_dc=1484830267867&page=1&start=0&limit=25&sort=nomeusuario&dir=desc","ip":"::1","http_method":"GET","server":"localhost","referrer":"http://localhost:8081/","uid":"4ceb005"}
[2017-01-19 13:51:08] INFO > #200: (/classificacao) - [] - {"url":"/classificacao?_dc=1484830267872&page=1&start=0&limit=25","ip":"::1","http_method":"GET","server":"localhost","referrer":"http://localhost:8081/","uid":"067bad1"}
[2017-01-19 13:52:04] INFO > #200: (/usuarios) - [] - {"url":"/usuarios?_dc=1484830324719&page=1&start=0&limit=25&sort=nomeusuario&dir=desc","ip":"::1","http_method":"OPTIONS","server":"localhost","referrer":"http://localhost:8081/","uid":"4468159"}
[2017-01-19 13:52:04] INFO > #200: (/classificacao) - [] - {"url":"/classificacao?_dc=1484830324722&page=1&start=0&limit=25","ip":"::1","http_method":"OPTIONS","server":"localhost","referrer":"http://localhost:8081/","uid":"b6a214d"}
[2017-01-19 13:52:04] INFO > #200: (/usuarios) - [] - {"url":"/usuarios?_dc=1484830324719&page=1&start=0&limit=25&sort=nomeusuario&dir=desc","ip":"::1","http_method":"GET","server":"localhost","referrer":"http://localhost:8081/","uid":"be01f88"}
[2017-01-19 13:52:04] INFO > #200: (/classificacao) - [] - {"url":"/classificacao?_dc=1484830324722&page=1&start=0&limit=25","ip":"::1","http_method":"GET","server":"localhost","referrer":"http://localhost:8081/","uid":"3cf8210"}
[2017-01-19 13:52:37] INFO > #200: (/usuarios) - [] - {"url":"/usuarios?_dc=1484830357272&page=1&start=0&limit=25&sort=nomeusuario&dir=desc","ip":"::1","http_method":"OPTIONS","server":"localhost","referrer":"http://localhost:8081/","uid":"1de00eb"}
[2017-01-19 13:52:37] INFO > #200: (/classificacao) - [] - {"url":"/classificacao?_dc=1484830357277&page=1&start=0&limit=25","ip":"::1","http_method":"OPTIONS","server":"localhost","referrer":"http://localhost:8081/","uid":"fbdd64f"}
[2017-01-19 13:52:37] INFO > #200: (/usuarios) - [] - {"url":"/usuarios?_dc=1484830357272&page=1&start=0&limit=25&sort=nomeusuario&dir=desc","ip":"::1","http_method":"GET","server":"localhost","referrer":"http://localhost:8081/","uid":"2397936"}
[2017-01-19 13:52:37] INFO > #200: (/classificacao) - [] - {"url":"/classificacao?_dc=1484830357277&page=1&start=0&limit=25","ip":"::1","http_method":"GET","server":"localhost","referrer":"http://localhost:8081/","uid":"12aff07"}
[2017-01-19 13:53:06] INFO > #200: (/usuarios) - [] - {"url":"/usuarios?_dc=1484830386636&page=1&start=0&limit=25&sort=nomeusuario&dir=desc","ip":"::1","http_method":"OPTIONS","server":"localhost","referrer":"http://localhost:8081/","uid":"65c3786"}
[2017-01-19 13:53:06] INFO > #200: (/classificacao) - [] - {"url":"/classificacao?_dc=1484830386640&page=1&start=0&limit=25","ip":"::1","http_method":"OPTIONS","server":"localhost","referrer":"http://localhost:8081/","uid":"bcd90f5"}
[2017-01-19 13:53:06] INFO > #200: (/usuarios) - [] - {"url":"/usuarios?_dc=1484830386636&page=1&start=0&limit=25&sort=nomeusuario&dir=desc","ip":"::1","http_method":"GET","server":"localhost","referrer":"http://localhost:8081/","uid":"86ec852"}
[2017-01-19 13:53:06] INFO > #200: (/classificacao) - [] - {"url":"/classificacao?_dc=1484830386640&page=1&start=0&limit=25","ip":"::1","http_method":"GET","server":"localhost","referrer":"http://localhost:8081/","uid":"6c17c36"}
[2017-01-19 13:55:45] INFO > #200: (/usuarios) - [] - {"url":"/usuarios?_dc=1484830545217&page=1&start=0&limit=25&sort=nomeusuario&dir=desc","ip":"::1","http_method":"OPTIONS","server":"localhost","referrer":"http://localhost:8081/","uid":"8099f83"}
[2017-01-19 13:55:45] INFO > #200: (/classificacao) - [] - {"url":"/classificacao?_dc=1484830545222&page=1&start=0&limit=25","ip":"::1","http_method":"OPTIONS","server":"localhost","referrer":"http://localhost:8081/","uid":"4e2dcbf"}
[2017-01-19 13:55:45] INFO > #200: (/usuarios) - [] - {"url":"/usuarios?_dc=1484830545217&page=1&start=0&limit=25&sort=nomeusuario&dir=desc","ip":"::1","http_method":"GET","server":"localhost","referrer":"http://localhost:8081/","uid":"8cf40e9"}
[2017-01-19 13:55:45] INFO > #200: (/classificacao) - [] - {"url":"/classificacao?_dc=1484830545222&page=1&start=0&limit=25","ip":"::1","http_method":"GET","server":"localhost","referrer":"http://localhost:8081/","uid":"340d1f6"}
[2017-01-19 13:57:31] INFO > #200: (/usuarios) - [] - {"url":"/usuarios?_dc=1484830651139&page=1&start=0&limit=25&sort=nomeusuario&dir=desc","ip":"::1","http_method":"OPTIONS","server":"localhost","referrer":"http://localhost:8081/","uid":"52d7c1e"}
[2017-01-19 13:57:31] INFO > #200: (/classificacao) - [] - {"url":"/classificacao?_dc=1484830651143&page=1&start=0&limit=25","ip":"::1","http_method":"OPTIONS","server":"localhost","referrer":"http://localhost:8081/","uid":"de45041"}
[2017-01-19 13:57:31] INFO > #200: (/usuarios) - [] - {"url":"/usuarios?_dc=1484830651139&page=1&start=0&limit=25&sort=nomeusuario&dir=desc","ip":"::1","http_method":"GET","server":"localhost","referrer":"http://localhost:8081/","uid":"415a38a"}
[2017-01-19 13:57:31] INFO > #200: (/classificacao) - [] - {"url":"/classificacao?_dc=1484830651143&page=1&start=0&limit=25","ip":"::1","http_method":"GET","server":"localhost","referrer":"http://localhost:8081/","uid":"45220a3"}
[2017-01-19 13:57:52] INFO > #200: (/usuarios) - [] - {"url":"/usuarios?_dc=1484830672169&page=1&start=0&limit=25&sort=nomeusuario&dir=desc","ip":"::1","http_method":"OPTIONS","server":"localhost","referrer":"http://localhost:8081/","uid":"752ea1c"}
[2017-01-19 13:57:52] INFO > #200: (/classificacao) - [] - {"url":"/classificacao?_dc=1484830672172&page=1&start=0&limit=25","ip":"::1","http_method":"OPTIONS","server":"localhost","referrer":"http://localhost:8081/","uid":"c13f43c"}
[2017-01-19 13:57:52] INFO > #200: (/usuarios) - [] - {"url":"/usuarios?_dc=1484830672169&page=1&start=0&limit=25&sort=nomeusuario&dir=desc","ip":"::1","http_method":"GET","server":"localhost","referrer":"http://localhost:8081/","uid":"36b33e2"}
[2017-01-19 13:57:52] INFO > #200: (/classificacao) - [] - {"url":"/classificacao?_dc=1484830672172&page=1&start=0&limit=25","ip":"::1","http_method":"GET","server":"localhost","referrer":"http://localhost:8081/","uid":"f25d3ce"}
[2017-01-19 13:58:30] INFO > #200: (/usuarios) - [] - {"url":"/usuarios?_dc=1484830710035&page=1&start=0&limit=25&sort=nomeusuario&dir=desc","ip":"::1","http_method":"OPTIONS","server":"localhost","referrer":"http://localhost:8081/","uid":"722b5bb"}
[2017-01-19 13:58:30] INFO > #200: (/classificacao) - [] - {"url":"/classificacao?_dc=1484830710044&page=1&start=0&limit=25","ip":"::1","http_method":"OPTIONS","server":"localhost","referrer":"http://localhost:8081/","uid":"ee52a7c"}
[2017-01-19 13:58:30] INFO > #200: (/usuarios) - [] - {"url":"/usuarios?_dc=1484830710035&page=1&start=0&limit=25&sort=nomeusuario&dir=desc","ip":"::1","http_method":"GET","server":"localhost","referrer":"http://localhost:8081/","uid":"ed06264"}
[2017-01-19 13:58:30] INFO > #200: (/classificacao) - [] - {"url":"/classificacao?_dc=1484830710044&page=1&start=0&limit=25","ip":"::1","http_method":"GET","server":"localhost","referrer":"http://localhost:8081/","uid":"f099e51"}
[2017-01-19 13:59:02] INFO > #200: (/usuarios) - [] - {"url":"/usuarios?_dc=1484830742646&page=1&start=0&limit=25&sort=nomeusuario&dir=desc","ip":"::1","http_method":"OPTIONS","server":"localhost","referrer":"http://localhost:8081/","uid":"e0b6a98"}
[2017-01-19 13:59:02] INFO > #200: (/classificacao) - [] - {"url":"/classificacao?_dc=1484830742652&page=1&start=0&limit=25","ip":"::1","http_method":"OPTIONS","server":"localhost","referrer":"http://localhost:8081/","uid":"4696609"}
[2017-01-19 13:59:02] INFO > #200: (/usuarios) - [] - {"url":"/usuarios?_dc=1484830742646&page=1&start=0&limit=25&sort=nomeusuario&dir=desc","ip":"::1","http_method":"GET","server":"localhost","referrer":"http://localhost:8081/","uid":"bc84e07"}
[2017-01-19 13:59:02] INFO > #200: (/classificacao) - [] - {"url":"/classificacao?_dc=1484830742652&page=1&start=0&limit=25","ip":"::1","http_method":"GET","server":"localhost","referrer":"http://localhost:8081/","uid":"70fd854"}
[2017-01-19 13:59:19] INFO > #200: (/usuarios) - [] - {"url":"/usuarios?_dc=1484830759715&page=1&start=0&limit=25&sort=nomeusuario&dir=desc","ip":"::1","http_method":"OPTIONS","server":"localhost","referrer":"http://localhost:8081/","uid":"627ba12"}
[2017-01-19 13:59:19] INFO > #200: (/classificacao) - [] - {"url":"/classificacao?_dc=1484830759721&page=1&start=0&limit=25","ip":"::1","http_method":"OPTIONS","server":"localhost","referrer":"http://localhost:8081/","uid":"3fb68a9"}
[2017-01-19 13:59:19] INFO > #200: (/usuarios) - [] - {"url":"/usuarios?_dc=1484830759715&page=1&start=0&limit=25&sort=nomeusuario&dir=desc","ip":"::1","http_method":"GET","server":"localhost","referrer":"http://localhost:8081/","uid":"fe0d1a6"}
[2017-01-19 13:59:19] INFO > #200: (/classificacao) - [] - {"url":"/classificacao?_dc=1484830759721&page=1&start=0&limit=25","ip":"::1","http_method":"GET","server":"localhost","referrer":"http://localhost:8081/","uid":"7cc1b02"}
[2017-01-19 14:00:14] INFO > #200: (/usuarios) - [] - {"url":"/usuarios?_dc=1484830814241&page=1&start=0&limit=25&sort=nomeusuario&dir=desc","ip":"::1","http_method":"OPTIONS","server":"localhost","referrer":"http://localhost:8081/","uid":"05eb9cd"}
[2017-01-19 14:00:14] INFO > #200: (/classificacao) - [] - {"url":"/classificacao?_dc=1484830814245&page=1&start=0&limit=25","ip":"::1","http_method":"OPTIONS","server":"localhost","referrer":"http://localhost:8081/","uid":"106087d"}
[2017-01-19 14:00:14] INFO > #200: (/usuarios) - [] - {"url":"/usuarios?_dc=1484830814241&page=1&start=0&limit=25&sort=nomeusuario&dir=desc","ip":"::1","http_method":"GET","server":"localhost","referrer":"http://localhost:8081/","uid":"34f3f73"}
[2017-01-19 14:00:14] INFO > #200: (/classificacao) - [] - {"url":"/classificacao?_dc=1484830814245&page=1&start=0&limit=25","ip":"::1","http_method":"GET","server":"localhost","referrer":"http://localhost:8081/","uid":"b26960b"}
[2017-01-19 16:30:35] INFO > #200: (/usuarios) - [] - {"url":"/usuarios?_dc=1484839835163&page=1&start=0&limit=25&sort=nomeusuario&dir=desc","ip":"::1","http_method":"OPTIONS","server":"localhost","referrer":"http://localhost:8081/","uid":"c0e00d1"}
[2017-01-19 16:30:35] INFO > #200: (/classificacao) - [] - {"url":"/classificacao?_dc=1484839835167&page=1&start=0&limit=25","ip":"::1","http_method":"OPTIONS","server":"localhost","referrer":"http://localhost:8081/","uid":"1990201"}
[2017-01-19 16:30:35] INFO > #200: (/usuarios) - [] - {"url":"/usuarios?_dc=1484839835163&page=1&start=0&limit=25&sort=nomeusuario&dir=desc","ip":"::1","http_method":"GET","server":"localhost","referrer":"http://localhost:8081/","uid":"ea95fb9"}
[2017-01-19 16:30:35] INFO > #200: (/classificacao) - [] - {"url":"/classificacao?_dc=1484839835167&page=1&start=0&limit=25","ip":"::1","http_method":"GET","server":"localhost","referrer":"http://localhost:8081/","uid":"e68a35b"}
[2017-01-19 16:31:21] INFO > #200: (/usuarios) - [] - {"url":"/usuarios?_dc=1484839881006&page=1&start=0&limit=25&sort=nomeusuario&dir=desc","ip":"::1","http_method":"OPTIONS","server":"localhost","referrer":"http://localhost:8081/","uid":"1957389"}
[2017-01-19 16:31:21] INFO > #200: (/classificacao) - [] - {"url":"/classificacao?_dc=1484839881009&page=1&start=0&limit=25","ip":"::1","http_method":"OPTIONS","server":"localhost","referrer":"http://localhost:8081/","uid":"49f63e5"}
[2017-01-19 16:31:21] INFO > #200: (/usuarios) - [] - {"url":"/usuarios?_dc=1484839881006&page=1&start=0&limit=25&sort=nomeusuario&dir=desc","ip":"::1","http_method":"GET","server":"localhost","referrer":"http://localhost:8081/","uid":"30d298e"}
[2017-01-19 16:31:21] INFO > #200: (/classificacao) - [] - {"url":"/classificacao?_dc=1484839881009&page=1&start=0&limit=25","ip":"::1","http_method":"GET","server":"localhost","referrer":"http://localhost:8081/","uid":"6b3c724"}
[2017-01-19 16:31:33] INFO > #200: (/usuarios) - [] - {"url":"/usuarios?_dc=1484839893220&page=1&start=0&limit=25&sort=nomeusuario&dir=desc","ip":"::1","http_method":"OPTIONS","server":"localhost","referrer":"http://localhost:8081/","uid":"fd53cbe"}
[2017-01-19 16:31:33] INFO > #200: (/classificacao) - [] - {"url":"/classificacao?_dc=1484839893224&page=1&start=0&limit=25","ip":"::1","http_method":"OPTIONS","server":"localhost","referrer":"http://localhost:8081/","uid":"e523740"}
[2017-01-19 16:31:33] INFO > #200: (/usuarios) - [] - {"url":"/usuarios?_dc=1484839893220&page=1&start=0&limit=25&sort=nomeusuario&dir=desc","ip":"::1","http_method":"GET","server":"localhost","referrer":"http://localhost:8081/","uid":"5b6d57f"}
[2017-01-19 16:31:33] INFO > #200: (/classificacao) - [] - {"url":"/classificacao?_dc=1484839893224&page=1&start=0&limit=25","ip":"::1","http_method":"GET","server":"localhost","referrer":"http://localhost:8081/","uid":"fce7a0e"}
[2017-01-19 16:32:18] INFO > #200: (/usuarios) - [] - {"url":"/usuarios?_dc=1484839938932&page=1&start=0&limit=25&sort=nomeusuario&dir=desc","ip":"::1","http_method":"OPTIONS","server":"localhost","referrer":"http://localhost:8081/","uid":"25b63ac"}
[2017-01-19 16:32:18] INFO > #200: (/classificacao) - [] - {"url":"/classificacao?_dc=1484839938936&page=1&start=0&limit=25","ip":"::1","http_method":"OPTIONS","server":"localhost","referrer":"http://localhost:8081/","uid":"cdcb27b"}
[2017-01-19 16:32:19] INFO > #200: (/usuarios) - [] - {"url":"/usuarios?_dc=1484839938932&page=1&start=0&limit=25&sort=nomeusuario&dir=desc","ip":"::1","http_method":"GET","server":"localhost","referrer":"http://localhost:8081/","uid":"845fd8f"}
[2017-01-19 16:32:19] INFO > #200: (/classificacao) - [] - {"url":"/classificacao?_dc=1484839938936&page=1&start=0&limit=25","ip":"::1","http_method":"GET","server":"localhost","referrer":"http://localhost:8081/","uid":"94980c7"}
[2017-01-19 16:36:31] INFO > #200: (/usuarios) - [] - {"url":"/usuarios?_dc=1484840191123&page=1&start=0&limit=25&sort=nomeusuario&dir=desc","ip":"::1","http_method":"OPTIONS","server":"localhost","referrer":"http://localhost:8081/","uid":"ec0448c"}
[2017-01-19 16:36:31] INFO > #200: (/classificacao) - [] - {"url":"/classificacao?_dc=1484840191127&page=1&start=0&limit=25","ip":"::1","http_method":"OPTIONS","server":"localhost","referrer":"http://localhost:8081/","uid":"7a8cff2"}
[2017-01-19 16:36:31] INFO > #200: (/usuarios) - [] - {"url":"/usuarios?_dc=1484840191123&page=1&start=0&limit=25&sort=nomeusuario&dir=desc","ip":"::1","http_method":"GET","server":"localhost","referrer":"http://localhost:8081/","uid":"449b213"}
[2017-01-19 16:36:31] INFO > #200: (/classificacao) - [] - {"url":"/classificacao?_dc=1484840191127&page=1&start=0&limit=25","ip":"::1","http_method":"GET","server":"localhost","referrer":"http://localhost:8081/","uid":"9e78f4d"}
[2017-01-19 17:42:01] INFO > #200: (/usuarios) - [] - {"url":"/usuarios?_dc=1484844121142&page=1&start=0&limit=25&sort=nomeusuario&dir=desc","ip":"::1","http_method":"OPTIONS","server":"localhost","referrer":"http://localhost:8081/","uid":"3f2537d"}
[2017-01-19 17:42:01] INFO > #200: (/classificacao) - [] - {"url":"/classificacao?_dc=1484844121147&page=1&start=0&limit=25","ip":"::1","http_method":"OPTIONS","server":"localhost","referrer":"http://localhost:8081/","uid":"7dca199"}
[2017-01-19 17:42:01] INFO > #200: (/usuarios) - [] - {"url":"/usuarios?_dc=1484844121142&page=1&start=0&limit=25&sort=nomeusuario&dir=desc","ip":"::1","http_method":"GET","server":"localhost","referrer":"http://localhost:8081/","uid":"68c365b"}
[2017-01-19 17:42:01] INFO > #200: (/classificacao) - [] - {"url":"/classificacao?_dc=1484844121147&page=1&start=0&limit=25","ip":"::1","http_method":"GET","server":"localhost","referrer":"http://localhost:8081/","uid":"53ecee3"}
[2017-01-19 17:42:12] INFO > #200: (/usuarios) - [] - {"url":"/usuarios?_dc=1484844132320&page=1&start=0&limit=25&sort=nomeusuario&dir=desc","ip":"::1","http_method":"OPTIONS","server":"localhost","referrer":"http://localhost:8081/","uid":"a4c8da1"}
[2017-01-19 17:42:12] INFO > #200: (/classificacao) - [] - {"url":"/classificacao?_dc=1484844132323&page=1&start=0&limit=25","ip":"::1","http_method":"OPTIONS","server":"localhost","referrer":"http://localhost:8081/","uid":"7a9ccb0"}
[2017-01-19 17:42:12] INFO > #200: (/usuarios) - [] - {"url":"/usuarios?_dc=1484844132320&page=1&start=0&limit=25&sort=nomeusuario&dir=desc","ip":"::1","http_method":"GET","server":"localhost","referrer":"http://localhost:8081/","uid":"49be815"}
[2017-01-19 17:42:12] INFO > #200: (/classificacao) - [] - {"url":"/classificacao?_dc=1484844132323&page=1&start=0&limit=25","ip":"::1","http_method":"GET","server":"localhost","referrer":"http://localhost:8081/","uid":"c4d0a05"}
[2017-01-19 17:42:37] INFO > #200: (/usuarios) - [] - {"url":"/usuarios?_dc=1484844157684&page=1&start=0&limit=25&sort=nomeusuario&dir=desc","ip":"::1","http_method":"OPTIONS","server":"localhost","referrer":"http://localhost:8081/","uid":"ca21196"}
[2017-01-19 17:42:37] INFO > #200: (/classificacao) - [] - {"url":"/classificacao?_dc=1484844157688&page=1&start=0&limit=25","ip":"::1","http_method":"OPTIONS","server":"localhost","referrer":"http://localhost:8081/","uid":"4b40434"}
[2017-01-19 17:42:37] INFO > #200: (/usuarios) - [] - {"url":"/usuarios?_dc=1484844157684&page=1&start=0&limit=25&sort=nomeusuario&dir=desc","ip":"::1","http_method":"GET","server":"localhost","referrer":"http://localhost:8081/","uid":"ff4cd99"}
[2017-01-19 17:42:37] INFO > #200: (/classificacao) - [] - {"url":"/classificacao?_dc=1484844157688&page=1&start=0&limit=25","ip":"::1","http_method":"GET","server":"localhost","referrer":"http://localhost:8081/","uid":"815349c"}
[2017-01-19 18:02:11] INFO > #200: (/usuarios) - [] - {"url":"/usuarios?_dc=1484845331092&page=1&start=0&limit=25&sort=nomeusuario&dir=desc","ip":"::1","http_method":"OPTIONS","server":"localhost","referrer":"http://localhost:8081/","uid":"ed3650a"}
[2017-01-19 18:02:11] INFO > #200: (/classificacao) - [] - {"url":"/classificacao?_dc=1484845331097&page=1&start=0&limit=25","ip":"::1","http_method":"OPTIONS","server":"localhost","referrer":"http://localhost:8081/","uid":"cb88cb3"}
[2017-01-19 18:02:11] INFO > #200: (/usuarios) - [] - {"url":"/usuarios?_dc=1484845331092&page=1&start=0&limit=25&sort=nomeusuario&dir=desc","ip":"::1","http_method":"GET","server":"localhost","referrer":"http://localhost:8081/","uid":"f8c1ead"}
[2017-01-19 18:02:11] INFO > #200: (/classificacao) - [] - {"url":"/classificacao?_dc=1484845331097&page=1&start=0&limit=25","ip":"::1","http_method":"GET","server":"localhost","referrer":"http://localhost:8081/","uid":"acf479a"}
[2017-01-19 18:03:08] INFO > #200: (/usuarios) - [] - {"url":"/usuarios?_dc=1484845388595&page=1&start=0&limit=25&sort=nomeusuario&dir=desc","ip":"::1","http_method":"OPTIONS","server":"localhost","referrer":"http://localhost:8081/","uid":"c2e5de9"}
[2017-01-19 18:03:08] INFO > #200: (/classificacao) - [] - {"url":"/classificacao?_dc=1484845388598&page=1&start=0&limit=25","ip":"::1","http_method":"OPTIONS","server":"localhost","referrer":"http://localhost:8081/","uid":"af8a8d4"}
[2017-01-19 18:03:08] INFO > #200: (/usuarios) - [] - {"url":"/usuarios?_dc=1484845388595&page=1&start=0&limit=25&sort=nomeusuario&dir=desc","ip":"::1","http_method":"GET","server":"localhost","referrer":"http://localhost:8081/","uid":"3fcedb4"}
[2017-01-19 18:03:08] INFO > #200: (/classificacao) - [] - {"url":"/classificacao?_dc=1484845388598&page=1&start=0&limit=25","ip":"::1","http_method":"GET","server":"localhost","referrer":"http://localhost:8081/","uid":"0380c18"}
[2017-01-19 18:10:05] INFO > #200: (/usuarios) - [] - {"url":"/usuarios?_dc=1484845805178&page=1&start=0&limit=25&sort=nomeusuario&dir=desc","ip":"::1","http_method":"OPTIONS","server":"localhost","referrer":"http://localhost:8081/","uid":"f755eb1"}
[2017-01-19 18:10:05] WARNING > #404: (/hora) - [] - {"url":"/hora?_dc=1484845805181&page=1&start=0&limit=25","ip":"::1","http_method":"OPTIONS","server":"localhost","referrer":"http://localhost:8081/","uid":"b4c7de0"}
[2017-01-19 18:10:05] INFO > #200: (/classificacao) - [] - {"url":"/classificacao?_dc=1484845805183&page=1&start=0&limit=25","ip":"::1","http_method":"OPTIONS","server":"localhost","referrer":"http://localhost:8081/","uid":"a66fd59"}
[2017-01-19 18:10:05] INFO > #200: (/usuarios) - [] - {"url":"/usuarios?_dc=1484845805178&page=1&start=0&limit=25&sort=nomeusuario&dir=desc","ip":"::1","http_method":"GET","server":"localhost","referrer":"http://localhost:8081/","uid":"de09e6d"}
[2017-01-19 18:10:05] INFO > #200: (/classificacao) - [] - {"url":"/classificacao?_dc=1484845805183&page=1&start=0&limit=25","ip":"::1","http_method":"GET","server":"localhost","referrer":"http://localhost:8081/","uid":"6f6280d"}
[2017-01-19 18:10:18] INFO > #200: (/usuarios) - [] - {"url":"/usuarios?_dc=1484845818482&page=1&start=0&limit=25&sort=nomeusuario&dir=desc","ip":"::1","http_method":"OPTIONS","server":"localhost","referrer":"http://localhost:8081/","uid":"ca4892f"}
[2017-01-19 18:10:18] WARNING > #404: (/hora) - [] - {"url":"/hora?_dc=1484845818486&page=1&start=0&limit=25","ip":"::1","http_method":"OPTIONS","server":"localhost","referrer":"http://localhost:8081/","uid":"12cf682"}
[2017-01-19 18:10:18] INFO > #200: (/classificacao) - [] - {"url":"/classificacao?_dc=1484845818488&page=1&start=0&limit=25","ip":"::1","http_method":"OPTIONS","server":"localhost","referrer":"http://localhost:8081/","uid":"2289f8b"}
[2017-01-19 18:10:18] INFO > #200: (/usuarios) - [] - {"url":"/usuarios?_dc=1484845818482&page=1&start=0&limit=25&sort=nomeusuario&dir=desc","ip":"::1","http_method":"GET","server":"localhost","referrer":"http://localhost:8081/","uid":"552a340"}
[2017-01-19 18:10:18] INFO > #200: (/classificacao) - [] - {"url":"/classificacao?_dc=1484845818488&page=1&start=0&limit=25","ip":"::1","http_method":"GET","server":"localhost","referrer":"http://localhost:8081/","uid":"49fd7cf"}
[2017-01-19 18:10:19] INFO > #200: (/usuarios) - [] - {"url":"/usuarios?_dc=1484845819376&page=1&start=0&limit=25&sort=nomeusuario&dir=desc","ip":"::1","http_method":"OPTIONS","server":"localhost","referrer":"http://localhost:8081/","uid":"11cd8cf"}
[2017-01-19 18:10:19] INFO > #200: (/usuarios) - [] - {"url":"/usuarios?_dc=1484845819376&page=1&start=0&limit=25&sort=nomeusuario&dir=desc","ip":"::1","http_method":"GET","server":"localhost","referrer":"http://localhost:8081/","uid":"71f3980"}
[2017-01-19 18:10:20] INFO > #200: (/usuarios) - [] - {"url":"/usuarios?_dc=1484845820291&page=1&start=0&limit=25&sort=nomeusuario&dir=desc","ip":"::1","http_method":"OPTIONS","server":"localhost","referrer":"http://localhost:8081/","uid":"c5628e2"}
[2017-01-19 18:10:20] INFO > #200: (/usuarios) - [] - {"url":"/usuarios?_dc=1484845820291&page=1&start=0&limit=25&sort=nomeusuario&dir=desc","ip":"::1","http_method":"GET","server":"localhost","referrer":"http://localhost:8081/","uid":"a5ceee6"}
[2017-01-19 18:10:20] INFO > #200: (/usuarios) - [] - {"url":"/usuarios?_dc=1484845820890&page=1&start=0&limit=25&sort=nomeusuario&dir=desc","ip":"::1","http_method":"OPTIONS","server":"localhost","referrer":"http://localhost:8081/","uid":"a0157f3"}
[2017-01-19 18:10:20] INFO > #200: (/usuarios) - [] - {"url":"/usuarios?_dc=1484845820890&page=1&start=0&limit=25&sort=nomeusuario&dir=desc","ip":"::1","http_method":"GET","server":"localhost","referrer":"http://localhost:8081/","uid":"a92668d"}
[2017-01-19 18:10:21] INFO > #200: (/usuarios) - [] - {"url":"/usuarios?_dc=1484845821274&page=1&start=0&limit=25&sort=nomeusuario&dir=desc","ip":"::1","http_method":"OPTIONS","server":"localhost","referrer":"http://localhost:8081/","uid":"c7ad814"}
[2017-01-19 18:10:21] INFO > #200: (/usuarios) - [] - {"url":"/usuarios?_dc=1484845821274&page=1&start=0&limit=25&sort=nomeusuario&dir=desc","ip":"::1","http_method":"GET","server":"localhost","referrer":"http://localhost:8081/","uid":"eb36021"}
[2017-01-19 18:10:50] INFO > #200: (/usuarios) - [] - {"url":"/usuarios?_dc=1484845850458&page=1&start=0&limit=25&sort=nomeusuario&dir=desc","ip":"::1","http_method":"OPTIONS","server":"localhost","referrer":"http://localhost:8081/","uid":"a398acb"}
[2017-01-19 18:10:50] WARNING > #404: (/hora) - [] - {"url":"/hora?_dc=1484845850462&page=1&start=0&limit=25","ip":"::1","http_method":"OPTIONS","server":"localhost","referrer":"http://localhost:8081/","uid":"4d82416"}
[2017-01-19 18:10:50] INFO > #200: (/classificacao) - [] - {"url":"/classificacao?_dc=1484845850466&page=1&start=0&limit=25","ip":"::1","http_method":"OPTIONS","server":"localhost","referrer":"http://localhost:8081/","uid":"d8d22b2"}
[2017-01-19 18:10:50] INFO > #200: (/usuarios) - [] - {"url":"/usuarios?_dc=1484845850458&page=1&start=0&limit=25&sort=nomeusuario&dir=desc","ip":"::1","http_method":"GET","server":"localhost","referrer":"http://localhost:8081/","uid":"ca6f1a2"}
[2017-01-19 18:10:50] INFO > #200: (/classificacao) - [] - {"url":"/classificacao?_dc=1484845850466&page=1&start=0&limit=25","ip":"::1","http_method":"GET","server":"localhost","referrer":"http://localhost:8081/","uid":"86aa7f4"}
[2017-01-19 18:11:19] INFO > #200: (/usuarios) - [] - {"url":"/usuarios?_dc=1484845879560&page=1&start=0&limit=25&sort=nomeusuario&dir=desc","ip":"::1","http_method":"OPTIONS","server":"localhost","referrer":"http://localhost:8081/","uid":"669a957"}
[2017-01-19 18:11:19] WARNING > #404: (/hora) - [] - {"url":"/hora?_dc=1484845879563&page=1&start=0&limit=25","ip":"::1","http_method":"OPTIONS","server":"localhost","referrer":"http://localhost:8081/","uid":"8c0113f"}
[2017-01-19 18:11:19] INFO > #200: (/classificacao) - [] - {"url":"/classificacao?_dc=1484845879564&page=1&start=0&limit=25","ip":"::1","http_method":"OPTIONS","server":"localhost","referrer":"http://localhost:8081/","uid":"60994ab"}
[2017-01-19 18:11:19] INFO > #200: (/usuarios) - [] - {"url":"/usuarios?_dc=1484845879560&page=1&start=0&limit=25&sort=nomeusuario&dir=desc","ip":"::1","http_method":"GET","server":"localhost","referrer":"http://localhost:8081/","uid":"19e1eda"}
[2017-01-19 18:11:19] INFO > #200: (/classificacao) - [] - {"url":"/classificacao?_dc=1484845879564&page=1&start=0&limit=25","ip":"::1","http_method":"GET","server":"localhost","referrer":"http://localhost:8081/","uid":"11136a0"}
[2017-01-19 18:11:35] INFO > #200: (/usuarios) - [] - {"url":"/usuarios?_dc=1484845895860&page=1&start=0&limit=25&sort=nomeusuario&dir=desc","ip":"::1","http_method":"OPTIONS","server":"localhost","referrer":"http://localhost:8081/","uid":"2a2fce2"}
[2017-01-19 18:11:35] WARNING > #404: (/hora) - [] - {"url":"/hora?_dc=1484845895863&page=1&start=0&limit=25","ip":"::1","http_method":"OPTIONS","server":"localhost","referrer":"http://localhost:8081/","uid":"04d6721"}
[2017-01-19 18:11:35] INFO > #200: (/classificacao) - [] - {"url":"/classificacao?_dc=1484845895864&page=1&start=0&limit=25","ip":"::1","http_method":"OPTIONS","server":"localhost","referrer":"http://localhost:8081/","uid":"0b7ab6d"}
[2017-01-19 18:11:35] INFO > #200: (/usuarios) - [] - {"url":"/usuarios?_dc=1484845895860&page=1&start=0&limit=25&sort=nomeusuario&dir=desc","ip":"::1","http_method":"GET","server":"localhost","referrer":"http://localhost:8081/","uid":"9919c1b"}
[2017-01-19 18:11:36] INFO > #200: (/classificacao) - [] - {"url":"/classificacao?_dc=1484845895864&page=1&start=0&limit=25","ip":"::1","http_method":"GET","server":"localhost","referrer":"http://localhost:8081/","uid":"551d964"}
[2017-01-19 18:12:06] INFO > #200: (/usuarios) - [] - {"url":"/usuarios?_dc=1484845926029&page=1&start=0&limit=25&sort=nomeusuario&dir=desc","ip":"::1","http_method":"OPTIONS","server":"localhost","referrer":"http://localhost:8081/","uid":"cf834c4"}
[2017-01-19 18:12:06] WARNING > #404: (/hora) - [] - {"url":"/hora?_dc=1484845926033&page=1&start=0&limit=25","ip":"::1","http_method":"OPTIONS","server":"localhost","referrer":"http://localhost:8081/","uid":"32f74f5"}
[2017-01-19 18:12:06] INFO > #200: (/classificacao) - [] - {"url":"/classificacao?_dc=1484845926035&page=1&start=0&limit=25","ip":"::1","http_method":"OPTIONS","server":"localhost","referrer":"http://localhost:8081/","uid":"ef87b43"}
[2017-01-19 18:12:06] INFO > #200: (/usuarios) - [] - {"url":"/usuarios?_dc=1484845926029&page=1&start=0&limit=25&sort=nomeusuario&dir=desc","ip":"::1","http_method":"GET","server":"localhost","referrer":"http://localhost:8081/","uid":"7dca97f"}
[2017-01-19 18:12:06] INFO > #200: (/classificacao) - [] - {"url":"/classificacao?_dc=1484845926035&page=1&start=0&limit=25","ip":"::1","http_method":"GET","server":"localhost","referrer":"http://localhost:8081/","uid":"3b34ceb"}
[2017-01-19 18:12:51] INFO > #200: (/usuarios) - [] - {"url":"/usuarios?_dc=1484845971555&page=1&start=0&limit=25&sort=nomeusuario&dir=desc","ip":"::1","http_method":"OPTIONS","server":"localhost","referrer":"http://localhost:8081/","uid":"c770fa8"}
[2017-01-19 18:12:51] WARNING > #404: (/hora) - [] - {"url":"/hora?_dc=1484845971559&page=1&start=0&limit=25","ip":"::1","http_method":"OPTIONS","server":"localhost","referrer":"http://localhost:8081/","uid":"30381ac"}
[2017-01-19 18:12:51] INFO > #200: (/classificacao) - [] - {"url":"/classificacao?_dc=1484845971561&page=1&start=0&limit=25","ip":"::1","http_method":"OPTIONS","server":"localhost","referrer":"http://localhost:8081/","uid":"f5a9df4"}
[2017-01-19 18:12:51] INFO > #200: (/usuarios) - [] - {"url":"/usuarios?_dc=1484845971555&page=1&start=0&limit=25&sort=nomeusuario&dir=desc","ip":"::1","http_method":"GET","server":"localhost","referrer":"http://localhost:8081/","uid":"5bca3ec"}
[2017-01-19 18:12:51] INFO > #200: (/classificacao) - [] - {"url":"/classificacao?_dc=1484845971561&page=1&start=0&limit=25","ip":"::1","http_method":"GET","server":"localhost","referrer":"http://localhost:8081/","uid":"3d2ff45"}
[2017-01-19 18:13:54] INFO > #200: (/usuarios) - [] - {"url":"/usuarios?_dc=1484846034201&page=1&start=0&limit=25&sort=nomeusuario&dir=desc","ip":"::1","http_method":"OPTIONS","server":"localhost","referrer":"http://localhost:8081/","uid":"aadfd39"}
[2017-01-19 18:13:54] WARNING > #404: (/hora) - [] - {"url":"/hora?_dc=1484846034205&page=1&start=0&limit=25","ip":"::1","http_method":"OPTIONS","server":"localhost","referrer":"http://localhost:8081/","uid":"0bffa85"}
[2017-01-19 18:13:54] INFO > #200: (/classificacao) - [] - {"url":"/classificacao?_dc=1484846034206&page=1&start=0&limit=25","ip":"::1","http_method":"OPTIONS","server":"localhost","referrer":"http://localhost:8081/","uid":"8bb8e08"}
[2017-01-19 18:13:54] INFO > #200: (/usuarios) - [] - {"url":"/usuarios?_dc=1484846034201&page=1&start=0&limit=25&sort=nomeusuario&dir=desc","ip":"::1","http_method":"GET","server":"localhost","referrer":"http://localhost:8081/","uid":"1685591"}
[2017-01-19 18:13:54] INFO > #200: (/classificacao) - [] - {"url":"/classificacao?_dc=1484846034206&page=1&start=0&limit=25","ip":"::1","http_method":"GET","server":"localhost","referrer":"http://localhost:8081/","uid":"ef32b0c"}
[2017-01-19 18:16:43] INFO > #200: (/usuarios) - [] - {"url":"/usuarios?_dc=1484846203337&page=1&start=0&limit=25&sort=nomeusuario&dir=desc","ip":"::1","http_method":"OPTIONS","server":"localhost","referrer":"http://localhost:8081/","uid":"5593e2a"}
[2017-01-19 18:16:43] WARNING > #404: (/hora) - [] - {"url":"/hora?_dc=1484846203340&page=1&start=0&limit=25","ip":"::1","http_method":"OPTIONS","server":"localhost","referrer":"http://localhost:8081/","uid":"07146d1"}
[2017-01-19 18:16:43] WARNING > #404: (/sistemasinternos) - [] - {"url":"/sistemasinternos?_dc=1484846203342&page=1&start=0&limit=25","ip":"::1","http_method":"OPTIONS","server":"localhost","referrer":"http://localhost:8081/","uid":"214a1df"}
[2017-01-19 18:16:43] WARNING > #404: (/sistemasexternos) - [] - {"url":"/sistemasexternos?_dc=1484846203345&page=1&start=0&limit=25","ip":"::1","http_method":"OPTIONS","server":"localhost","referrer":"http://localhost:8081/","uid":"b137521"}
[2017-01-19 18:16:43] INFO > #200: (/classificacao) - [] - {"url":"/classificacao?_dc=1484846203348&page=1&start=0&limit=25","ip":"::1","http_method":"OPTIONS","server":"localhost","referrer":"http://localhost:8081/","uid":"8bc6ca3"}
[2017-01-19 18:16:43] INFO > #200: (/usuarios) - [] - {"url":"/usuarios?_dc=1484846203337&page=1&start=0&limit=25&sort=nomeusuario&dir=desc","ip":"::1","http_method":"GET","server":"localhost","referrer":"http://localhost:8081/","uid":"d4fbe03"}
[2017-01-19 18:16:43] INFO > #200: (/classificacao) - [] - {"url":"/classificacao?_dc=1484846203348&page=1&start=0&limit=25","ip":"::1","http_method":"GET","server":"localhost","referrer":"http://localhost:8081/","uid":"b9a3941"}
[2017-01-19 18:16:44] INFO > #200: (/usuarios) - [] - {"url":"/usuarios?_dc=1484846204260&page=1&start=0&limit=25&sort=nomeusuario&dir=desc","ip":"::1","http_method":"OPTIONS","server":"localhost","referrer":"http://localhost:8081/","uid":"3449568"}
[2017-01-19 18:16:44] INFO > #200: (/usuarios) - [] - {"url":"/usuarios?_dc=1484846204260&page=1&start=0&limit=25&sort=nomeusuario&dir=desc","ip":"::1","http_method":"GET","server":"localhost","referrer":"http://localhost:8081/","uid":"0f7d419"}
[2017-01-19 18:16:44] INFO > #200: (/usuarios) - [] - {"url":"/usuarios?_dc=1484846204930&page=1&start=0&limit=25&sort=nomeusuario&dir=desc","ip":"::1","http_method":"OPTIONS","server":"localhost","referrer":"http://localhost:8081/","uid":"34c38fc"}
[2017-01-19 18:16:45] INFO > #200: (/usuarios) - [] - {"url":"/usuarios?_dc=1484846204930&page=1&start=0&limit=25&sort=nomeusuario&dir=desc","ip":"::1","http_method":"GET","server":"localhost","referrer":"http://localhost:8081/","uid":"5a599ef"}
[2017-01-19 18:16:56] INFO > #200: (/usuarios) - [] - {"url":"/usuarios?_dc=1484846216664&page=1&start=0&limit=25&sort=nomeusuario&dir=desc","ip":"::1","http_method":"OPTIONS","server":"localhost","referrer":"http://localhost:8081/","uid":"d9871d0"}
[2017-01-19 18:16:56] WARNING > #404: (/hora) - [] - {"url":"/hora?_dc=1484846216668&page=1&start=0&limit=25","ip":"::1","http_method":"OPTIONS","server":"localhost","referrer":"http://localhost:8081/","uid":"1d49e13"}
[2017-01-19 18:16:56] WARNING > #404: (/sistemasinternos) - [] - {"url":"/sistemasinternos?_dc=1484846216669&page=1&start=0&limit=25","ip":"::1","http_method":"OPTIONS","server":"localhost","referrer":"http://localhost:8081/","uid":"7312dad"}
[2017-01-19 18:16:56] WARNING > #404: (/sistemasexternos) - [] - {"url":"/sistemasexternos?_dc=1484846216671&page=1&start=0&limit=25","ip":"::1","http_method":"OPTIONS","server":"localhost","referrer":"http://localhost:8081/","uid":"eb2db97"}
[2017-01-19 18:16:56] INFO > #200: (/classificacao) - [] - {"url":"/classificacao?_dc=1484846216672&page=1&start=0&limit=25","ip":"::1","http_method":"OPTIONS","server":"localhost","referrer":"http://localhost:8081/","uid":"4f81383"}
[2017-01-19 18:16:56] INFO > #200: (/usuarios) - [] - {"url":"/usuarios?_dc=1484846216664&page=1&start=0&limit=25&sort=nomeusuario&dir=desc","ip":"::1","http_method":"GET","server":"localhost","referrer":"http://localhost:8081/","uid":"335e81c"}
[2017-01-19 18:16:56] INFO > #200: (/classificacao) - [] - {"url":"/classificacao?_dc=1484846216672&page=1&start=0&limit=25","ip":"::1","http_method":"GET","server":"localhost","referrer":"http://localhost:8081/","uid":"61c70d7"}
[2017-01-19 18:18:40] INFO > #200: (/usuarios) - [] - {"url":"/usuarios?_dc=1484846320532&page=1&start=0&limit=25&sort=nomeusuario&dir=desc","ip":"::1","http_method":"OPTIONS","server":"localhost","referrer":"http://localhost:8081/","uid":"c417142"}
[2017-01-19 18:18:40] INFO > #200: (/usuarios) - [] - {"url":"/usuarios?_dc=1484846320532&page=1&start=0&limit=25&sort=nomeusuario&dir=desc","ip":"::1","http_method":"GET","server":"localhost","referrer":"http://localhost:8081/","uid":"9342f97"}
[2017-01-19 18:18:41] INFO > #200: (/usuarios) - [] - {"url":"/usuarios?_dc=1484846321410&page=1&start=0&limit=25&sort=nomeusuario&dir=desc","ip":"::1","http_method":"OPTIONS","server":"localhost","referrer":"http://localhost:8081/","uid":"917f0dd"}
[2017-01-19 18:18:41] INFO > #200: (/usuarios) - [] - {"url":"/usuarios?_dc=1484846321410&page=1&start=0&limit=25&sort=nomeusuario&dir=desc","ip":"::1","http_method":"GET","server":"localhost","referrer":"http://localhost:8081/","uid":"72ad634"}
[2017-01-19 18:19:05] INFO > #200: (/usuarios) - [] - {"url":"/usuarios?_dc=1484846345512&page=1&start=0&limit=25&sort=nomeusuario&dir=desc","ip":"::1","http_method":"OPTIONS","server":"localhost","referrer":"http://localhost:8081/","uid":"21ad33d"}
[2017-01-19 18:19:05] INFO > #200: (/usuarios) - [] - {"url":"/usuarios?_dc=1484846345512&page=1&start=0&limit=25&sort=nomeusuario&dir=desc","ip":"::1","http_method":"GET","server":"localhost","referrer":"http://localhost:8081/","uid":"4017b9c"}
[2017-01-19 18:19:33] INFO > #200: (/usuarios) - [] - {"url":"/usuarios?_dc=1484846373870&page=1&start=0&limit=25&sort=nomeusuario&dir=desc","ip":"::1","http_method":"OPTIONS","server":"localhost","referrer":"http://localhost:8081/","uid":"1206cf9"}
[2017-01-19 18:19:33] WARNING > #404: (/hora) - [] - {"url":"/hora?_dc=1484846373874&page=1&start=0&limit=25","ip":"::1","http_method":"OPTIONS","server":"localhost","referrer":"http://localhost:8081/","uid":"b47e43a"}
[2017-01-19 18:19:33] WARNING > #404: (/sistemasinternos) - [] - {"url":"/sistemasinternos?_dc=1484846373878&page=1&start=0&limit=25","ip":"::1","http_method":"OPTIONS","server":"localhost","referrer":"http://localhost:8081/","uid":"c8d6897"}
[2017-01-19 18:19:33] WARNING > #404: (/sistemasexternos) - [] - {"url":"/sistemasexternos?_dc=1484846373881&page=1&start=0&limit=25","ip":"::1","http_method":"OPTIONS","server":"localhost","referrer":"http://localhost:8081/","uid":"09d4d9f"}
[2017-01-19 18:19:34] WARNING > #404: (/sistemas) - [] - {"url":"/sistemas?_dc=1484846373882&page=1&start=0&limit=25","ip":"::1","http_method":"OPTIONS","server":"localhost","referrer":"http://localhost:8081/","uid":"5bda4f2"}
[2017-01-19 18:19:34] INFO > #200: (/classificacao) - [] - {"url":"/classificacao?_dc=1484846373884&page=1&start=0&limit=25","ip":"::1","http_method":"OPTIONS","server":"localhost","referrer":"http://localhost:8081/","uid":"e555859"}
[2017-01-19 18:19:34] INFO > #200: (/usuarios) - [] - {"url":"/usuarios?_dc=1484846373870&page=1&start=0&limit=25&sort=nomeusuario&dir=desc","ip":"::1","http_method":"GET","server":"localhost","referrer":"http://localhost:8081/","uid":"d7ef320"}
[2017-01-19 18:19:34] INFO > #200: (/classificacao) - [] - {"url":"/classificacao?_dc=1484846373884&page=1&start=0&limit=25","ip":"::1","http_method":"GET","server":"localhost","referrer":"http://localhost:8081/","uid":"57fe6ee"}
[2017-01-19 18:19:59] INFO > #200: (/usuarios) - [] - {"url":"/usuarios?_dc=1484846399775&page=1&start=0&limit=25&sort=nomeusuario&dir=desc","ip":"::1","http_method":"OPTIONS","server":"localhost","referrer":"http://localhost:8081/","uid":"c824a3e"}
[2017-01-19 18:19:59] WARNING > #404: (/hora) - [] - {"url":"/hora?_dc=1484846399779&page=1&start=0&limit=25","ip":"::1","http_method":"OPTIONS","server":"localhost","referrer":"http://localhost:8081/","uid":"6282b31"}
[2017-01-19 18:19:59] WARNING > #404: (/sistemasinternos) - [] - {"url":"/sistemasinternos?_dc=1484846399780&page=1&start=0&limit=25","ip":"::1","http_method":"OPTIONS","server":"localhost","referrer":"http://localhost:8081/","uid":"2217815"}
[2017-01-19 18:19:59] WARNING > #404: (/sistemasexternos) - [] - {"url":"/sistemasexternos?_dc=1484846399783&page=1&start=0&limit=25","ip":"::1","http_method":"OPTIONS","server":"localhost","referrer":"http://localhost:8081/","uid":"1311752"}
[2017-01-19 18:19:59] WARNING > #404: (/sistemas) - [] - {"url":"/sistemas?_dc=1484846399785&page=1&start=0&limit=25","ip":"::1","http_method":"OPTIONS","server":"localhost","referrer":"http://localhost:8081/","uid":"966b2a1"}
[2017-01-19 18:19:59] INFO > #200: (/classificacao) - [] - {"url":"/classificacao?_dc=1484846399786&page=1&start=0&limit=25","ip":"::1","http_method":"OPTIONS","server":"localhost","referrer":"http://localhost:8081/","uid":"73f3e98"}
[2017-01-19 18:19:59] INFO > #200: (/usuarios) - [] - {"url":"/usuarios?_dc=1484846399775&page=1&start=0&limit=25&sort=nomeusuario&dir=desc","ip":"::1","http_method":"GET","server":"localhost","referrer":"http://localhost:8081/","uid":"86848d1"}
[2017-01-19 18:20:00] INFO > #200: (/classificacao) - [] - {"url":"/classificacao?_dc=1484846399786&page=1&start=0&limit=25","ip":"::1","http_method":"GET","server":"localhost","referrer":"http://localhost:8081/","uid":"c616823"}
[2017-01-19 18:20:24] INFO > #200: (/usuarios) - [] - {"url":"/usuarios?_dc=1484846424805&page=1&start=0&limit=25&sort=nomeusuario&dir=desc","ip":"::1","http_method":"OPTIONS","server":"localhost","referrer":"http://localhost:8081/","uid":"f8d16c3"}
[2017-01-19 18:20:24] WARNING > #404: (/hora) - [] - {"url":"/hora?_dc=1484846424809&page=1&start=0&limit=25","ip":"::1","http_method":"OPTIONS","server":"localhost","referrer":"http://localhost:8081/","uid":"4f56099"}
[2017-01-19 18:20:24] WARNING > #404: (/sistemasinternos) - [] - {"url":"/sistemasinternos?_dc=1484846424811&page=1&start=0&limit=25","ip":"::1","http_method":"OPTIONS","server":"localhost","referrer":"http://localhost:8081/","uid":"783cba7"}
[2017-01-19 18:20:24] WARNING > #404: (/sistemasexternos) - [] - {"url":"/sistemasexternos?_dc=1484846424815&page=1&start=0&limit=25","ip":"::1","http_method":"OPTIONS","server":"localhost","referrer":"http://localhost:8081/","uid":"387d716"}
[2017-01-19 18:20:24] WARNING > #404: (/sistemas) - [] - {"url":"/sistemas?_dc=1484846424819&page=1&start=0&limit=25","ip":"::1","http_method":"OPTIONS","server":"localhost","referrer":"http://localhost:8081/","uid":"4be3b26"}
[2017-01-19 18:20:24] INFO > #200: (/classificacao) - [] - {"url":"/classificacao?_dc=1484846424820&page=1&start=0&limit=25","ip":"::1","http_method":"OPTIONS","server":"localhost","referrer":"http://localhost:8081/","uid":"364b2a1"}
[2017-01-19 18:20:25] INFO > #200: (/usuarios) - [] - {"url":"/usuarios?_dc=1484846424805&page=1&start=0&limit=25&sort=nomeusuario&dir=desc","ip":"::1","http_method":"GET","server":"localhost","referrer":"http://localhost:8081/","uid":"d38876c"}
[2017-01-19 18:20:25] INFO > #200: (/classificacao) - [] - {"url":"/classificacao?_dc=1484846424820&page=1&start=0&limit=25","ip":"::1","http_method":"GET","server":"localhost","referrer":"http://localhost:8081/","uid":"8304cee"}
[2017-01-19 18:22:15] INFO > #200: (/usuarios) - [] - {"url":"/usuarios?_dc=1484846535455&page=1&start=0&limit=25&sort=nomeusuario&dir=desc","ip":"::1","http_method":"OPTIONS","server":"localhost","referrer":"http://localhost:8081/","uid":"e612bed"}
[2017-01-19 18:22:15] WARNING > #404: (/hora) - [] - {"url":"/hora?_dc=1484846535460&page=1&start=0&limit=25","ip":"::1","http_method":"OPTIONS","server":"localhost","referrer":"http://localhost:8081/","uid":"79b6cba"}
[2017-01-19 18:22:15] WARNING > #404: (/sistemasinternos) - [] - {"url":"/sistemasinternos?_dc=1484846535461&page=1&start=0&limit=25","ip":"::1","http_method":"OPTIONS","server":"localhost","referrer":"http://localhost:8081/","uid":"781051f"}
[2017-01-19 18:22:15] WARNING > #404: (/sistemasexternos) - [] - {"url":"/sistemasexternos?_dc=1484846535463&page=1&start=0&limit=25","ip":"::1","http_method":"OPTIONS","server":"localhost","referrer":"http://localhost:8081/","uid":"0780f09"}
[2017-01-19 18:22:15] WARNING > #404: (/sistemas) - [] - {"url":"/sistemas?_dc=1484846535465&page=1&start=0&limit=25","ip":"::1","http_method":"OPTIONS","server":"localhost","referrer":"http://localhost:8081/","uid":"8d3632f"}
[2017-01-19 18:22:15] INFO > #200: (/classificacao) - [] - {"url":"/classificacao?_dc=1484846535466&page=1&start=0&limit=25","ip":"::1","http_method":"OPTIONS","server":"localhost","referrer":"http://localhost:8081/","uid":"ff8051b"}
[2017-01-19 18:22:15] INFO > #200: (/usuarios) - [] - {"url":"/usuarios?_dc=1484846535455&page=1&start=0&limit=25&sort=nomeusuario&dir=desc","ip":"::1","http_method":"GET","server":"localhost","referrer":"http://localhost:8081/","uid":"be53aff"}
[2017-01-19 18:22:15] INFO > #200: (/classificacao) - [] - {"url":"/classificacao?_dc=1484846535466&page=1&start=0&limit=25","ip":"::1","http_method":"GET","server":"localhost","referrer":"http://localhost:8081/","uid":"6b9f3d1"}
[2017-01-19 18:23:44] INFO > #200: (/usuarios) - [] - {"url":"/usuarios?_dc=1484846624805&page=1&start=0&limit=25&sort=nomeusuario&dir=desc","ip":"::1","http_method":"OPTIONS","server":"localhost","referrer":"http://localhost:8081/","uid":"6e477fa"}
[2017-01-19 18:23:44] WARNING > #404: (/hora) - [] - {"url":"/hora?_dc=1484846624808&page=1&start=0&limit=25","ip":"::1","http_method":"OPTIONS","server":"localhost","referrer":"http://localhost:8081/","uid":"e31f7cb"}
[2017-01-19 18:23:44] WARNING > #404: (/sistemasinternos) - [] - {"url":"/sistemasinternos?_dc=1484846624810&page=1&start=0&limit=25","ip":"::1","http_method":"OPTIONS","server":"localhost","referrer":"http://localhost:8081/","uid":"e9faffe"}
[2017-01-19 18:23:44] WARNING > #404: (/sistemasexternos) - [] - {"url":"/sistemasexternos?_dc=1484846624811&page=1&start=0&limit=25","ip":"::1","http_method":"OPTIONS","server":"localhost","referrer":"http://localhost:8081/","uid":"a45118d"}
[2017-01-19 18:23:44] WARNING > #404: (/sistemas) - [] - {"url":"/sistemas?_dc=1484846624813&page=1&start=0&limit=25","ip":"::1","http_method":"OPTIONS","server":"localhost","referrer":"http://localhost:8081/","uid":"637ed92"}
[2017-01-19 18:23:44] INFO > #200: (/classificacao) - [] - {"url":"/classificacao?_dc=1484846624816&page=1&start=0&limit=25","ip":"::1","http_method":"OPTIONS","server":"localhost","referrer":"http://localhost:8081/","uid":"46be515"}
[2017-01-19 18:23:45] INFO > #200: (/usuarios) - [] - {"url":"/usuarios?_dc=1484846624805&page=1&start=0&limit=25&sort=nomeusuario&dir=desc","ip":"::1","http_method":"GET","server":"localhost","referrer":"http://localhost:8081/","uid":"56bf866"}
[2017-01-19 18:23:45] INFO > #200: (/classificacao) - [] - {"url":"/classificacao?_dc=1484846624816&page=1&start=0&limit=25","ip":"::1","http_method":"GET","server":"localhost","referrer":"http://localhost:8081/","uid":"e2f7122"}
[2017-01-19 18:24:29] INFO > #200: (/usuarios) - [] - {"url":"/usuarios?_dc=1484846669774&page=1&start=0&limit=25&sort=nomeusuario&dir=desc","ip":"::1","http_method":"OPTIONS","server":"localhost","referrer":"http://localhost:8081/","uid":"0d3482c"}
[2017-01-19 18:24:29] WARNING > #404: (/hora) - [] - {"url":"/hora?_dc=1484846669778&page=1&start=0&limit=25","ip":"::1","http_method":"OPTIONS","server":"localhost","referrer":"http://localhost:8081/","uid":"5be51dd"}
[2017-01-19 18:24:29] WARNING > #404: (/sistemasinternos) - [] - {"url":"/sistemasinternos?_dc=1484846669779&page=1&start=0&limit=25","ip":"::1","http_method":"OPTIONS","server":"localhost","referrer":"http://localhost:8081/","uid":"babdf51"}
[2017-01-19 18:24:29] WARNING > #404: (/sistemasexternos) - [] - {"url":"/sistemasexternos?_dc=1484846669780&page=1&start=0&limit=25","ip":"::1","http_method":"OPTIONS","server":"localhost","referrer":"http://localhost:8081/","uid":"def4a78"}
[2017-01-19 18:24:29] WARNING > #404: (/sistemas) - [] - {"url":"/sistemas?_dc=1484846669781&page=1&start=0&limit=25","ip":"::1","http_method":"OPTIONS","server":"localhost","referrer":"http://localhost:8081/","uid":"cf67850"}
[2017-01-19 18:24:29] INFO > #200: (/classificacao) - [] - {"url":"/classificacao?_dc=1484846669782&page=1&start=0&limit=25","ip":"::1","http_method":"OPTIONS","server":"localhost","referrer":"http://localhost:8081/","uid":"79fa165"}
[2017-01-19 18:24:30] INFO > #200: (/usuarios) - [] - {"url":"/usuarios?_dc=1484846669774&page=1&start=0&limit=25&sort=nomeusuario&dir=desc","ip":"::1","http_method":"GET","server":"localhost","referrer":"http://localhost:8081/","uid":"0cf2d2c"}
[2017-01-19 18:24:30] INFO > #200: (/classificacao) - [] - {"url":"/classificacao?_dc=1484846669782&page=1&start=0&limit=25","ip":"::1","http_method":"GET","server":"localhost","referrer":"http://localhost:8081/","uid":"9405ff7"}
[2017-01-19 18:26:13] INFO > #200: (/usuarios) - [] - {"url":"/usuarios?_dc=1484846773798&page=1&start=0&limit=25&sort=nomeusuario&dir=desc","ip":"::1","http_method":"OPTIONS","server":"localhost","referrer":"http://localhost:8081/","uid":"a34f39e"}
[2017-01-19 18:26:13] WARNING > #404: (/hora) - [] - {"url":"/hora?_dc=1484846773803&page=1&start=0&limit=25","ip":"::1","http_method":"OPTIONS","server":"localhost","referrer":"http://localhost:8081/","uid":"ad4049a"}
[2017-01-19 18:26:13] WARNING > #404: (/sistemasinternos) - [] - {"url":"/sistemasinternos?_dc=1484846773804&page=1&start=0&limit=25","ip":"::1","http_method":"OPTIONS","server":"localhost","referrer":"http://localhost:8081/","uid":"2f7877b"}
[2017-01-19 18:26:13] WARNING > #404: (/sistemasexternos) - [] - {"url":"/sistemasexternos?_dc=1484846773807&page=1&start=0&limit=25","ip":"::1","http_method":"OPTIONS","server":"localhost","referrer":"http://localhost:8081/","uid":"dfe9380"}
[2017-01-19 18:26:13] WARNING > #404: (/sistemas) - [] - {"url":"/sistemas?_dc=1484846773809&page=1&start=0&limit=25","ip":"::1","http_method":"OPTIONS","server":"localhost","referrer":"http://localhost:8081/","uid":"807c1ea"}
[2017-01-19 18:26:13] INFO > #200: (/classificacao) - [] - {"url":"/classificacao?_dc=1484846773812&page=1&start=0&limit=25","ip":"::1","http_method":"OPTIONS","server":"localhost","referrer":"http://localhost:8081/","uid":"a52cb0d"}
[2017-01-19 18:26:14] INFO > #200: (/usuarios) - [] - {"url":"/usuarios?_dc=1484846773798&page=1&start=0&limit=25&sort=nomeusuario&dir=desc","ip":"::1","http_method":"GET","server":"localhost","referrer":"http://localhost:8081/","uid":"cf9601a"}
[2017-01-19 18:26:14] INFO > #200: (/classificacao) - [] - {"url":"/classificacao?_dc=1484846773812&page=1&start=0&limit=25","ip":"::1","http_method":"GET","server":"localhost","referrer":"http://localhost:8081/","uid":"ac14122"}
[2017-01-19 18:27:30] INFO > #200: (/usuarios) - [] - {"url":"/usuarios?_dc=1484846850824&page=1&start=0&limit=25&sort=nomeusuario&dir=desc","ip":"::1","http_method":"OPTIONS","server":"localhost","referrer":"http://localhost:8081/","uid":"d9670ed"}
[2017-01-19 18:27:30] WARNING > #404: (/hora) - [] - {"url":"/hora?_dc=1484846850828&page=1&start=0&limit=25","ip":"::1","http_method":"OPTIONS","server":"localhost","referrer":"http://localhost:8081/","uid":"402dfc1"}
[2017-01-19 18:27:30] WARNING > #404: (/sistemasinternos) - [] - {"url":"/sistemasinternos?_dc=1484846850830&page=1&start=0&limit=25","ip":"::1","http_method":"OPTIONS","server":"localhost","referrer":"http://localhost:8081/","uid":"bd3ce85"}
[2017-01-19 18:27:30] WARNING > #404: (/sistemasexternos) - [] - {"url":"/sistemasexternos?_dc=1484846850832&page=1&start=0&limit=25","ip":"::1","http_method":"OPTIONS","server":"localhost","referrer":"http://localhost:8081/","uid":"d6eca67"}
[2017-01-19 18:27:30] WARNING > #404: (/sistemas) - [] - {"url":"/sistemas?_dc=1484846850834&page=1&start=0&limit=25","ip":"::1","http_method":"OPTIONS","server":"localhost","referrer":"http://localhost:8081/","uid":"8ee6c97"}
[2017-01-19 18:27:31] INFO > #200: (/classificacao) - [] - {"url":"/classificacao?_dc=1484846850838&page=1&start=0&limit=25","ip":"::1","http_method":"OPTIONS","server":"localhost","referrer":"http://localhost:8081/","uid":"d1e52f1"}
[2017-01-19 18:27:31] INFO > #200: (/usuarios) - [] - {"url":"/usuarios?_dc=1484846850824&page=1&start=0&limit=25&sort=nomeusuario&dir=desc","ip":"::1","http_method":"GET","server":"localhost","referrer":"http://localhost:8081/","uid":"65a4679"}
[2017-01-19 18:27:31] INFO > #200: (/classificacao) - [] - {"url":"/classificacao?_dc=1484846850838&page=1&start=0&limit=25","ip":"::1","http_method":"GET","server":"localhost","referrer":"http://localhost:8081/","uid":"694b566"}
[2017-01-19 18:27:41] INFO > #200: (/usuarios) - [] - {"url":"/usuarios?_dc=1484846861415&page=1&start=0&limit=25&sort=nomeusuario&dir=desc","ip":"::1","http_method":"OPTIONS","server":"localhost","referrer":"http://localhost:8081/","uid":"c151f9e"}
[2017-01-19 18:27:41] WARNING > #404: (/hora) - [] - {"url":"/hora?_dc=1484846861419&page=1&start=0&limit=25","ip":"::1","http_method":"OPTIONS","server":"localhost","referrer":"http://localhost:8081/","uid":"d43e169"}
[2017-01-19 18:27:41] WARNING > #404: (/sistemasinternos) - [] - {"url":"/sistemasinternos?_dc=1484846861420&page=1&start=0&limit=25","ip":"::1","http_method":"OPTIONS","server":"localhost","referrer":"http://localhost:8081/","uid":"c6d0098"}
[2017-01-19 18:27:41] WARNING > #404: (/sistemasexternos) - [] - {"url":"/sistemasexternos?_dc=1484846861422&page=1&start=0&limit=25","ip":"::1","http_method":"OPTIONS","server":"localhost","referrer":"http://localhost:8081/","uid":"cc67ce7"}
[2017-01-19 18:27:41] WARNING > #404: (/sistemas) - [] - {"url":"/sistemas?_dc=1484846861423&page=1&start=0&limit=25","ip":"::1","http_method":"OPTIONS","server":"localhost","referrer":"http://localhost:8081/","uid":"b314f42"}
[2017-01-19 18:27:41] INFO > #200: (/classificacao) - [] - {"url":"/classificacao?_dc=1484846861424&page=1&start=0&limit=25","ip":"::1","http_method":"OPTIONS","server":"localhost","referrer":"http://localhost:8081/","uid":"a21addb"}
[2017-01-19 18:27:41] INFO > #200: (/usuarios) - [] - {"url":"/usuarios?_dc=1484846861415&page=1&start=0&limit=25&sort=nomeusuario&dir=desc","ip":"::1","http_method":"GET","server":"localhost","referrer":"http://localhost:8081/","uid":"cc99f3e"}
[2017-01-19 18:27:41] INFO > #200: (/classificacao) - [] - {"url":"/classificacao?_dc=1484846861424&page=1&start=0&limit=25","ip":"::1","http_method":"GET","server":"localhost","referrer":"http://localhost:8081/","uid":"779d3d2"}
[2017-01-19 18:28:00] INFO > #200: (/usuarios) - [] - {"url":"/usuarios?_dc=1484846880878&page=1&start=0&limit=25&sort=nomeusuario&dir=desc","ip":"::1","http_method":"OPTIONS","server":"localhost","referrer":"http://localhost:8081/","uid":"7db2223"}
[2017-01-19 18:28:00] WARNING > #404: (/hora) - [] - {"url":"/hora?_dc=1484846880881&page=1&start=0&limit=25","ip":"::1","http_method":"OPTIONS","server":"localhost","referrer":"http://localhost:8081/","uid":"aeecd8b"}
[2017-01-19 18:28:00] WARNING > #404: (/sistemasinternos) - [] - {"url":"/sistemasinternos?_dc=1484846880882&page=1&start=0&limit=25","ip":"::1","http_method":"OPTIONS","server":"localhost","referrer":"http://localhost:8081/","uid":"a87244b"}
[2017-01-19 18:28:00] WARNING > #404: (/sistemasexternos) - [] - {"url":"/sistemasexternos?_dc=1484846880883&page=1&start=0&limit=25","ip":"::1","http_method":"OPTIONS","server":"localhost","referrer":"http://localhost:8081/","uid":"2cff6a4"}
[2017-01-19 18:28:01] WARNING > #404: (/sistemas) - [] - {"url":"/sistemas?_dc=1484846880884&page=1&start=0&limit=25","ip":"::1","http_method":"OPTIONS","server":"localhost","referrer":"http://localhost:8081/","uid":"b9e6b5d"}
[2017-01-19 18:28:01] INFO > #200: (/classificacao) - [] - {"url":"/classificacao?_dc=1484846880887&page=1&start=0&limit=25","ip":"::1","http_method":"OPTIONS","server":"localhost","referrer":"http://localhost:8081/","uid":"59e5991"}
[2017-01-19 18:28:01] INFO > #200: (/usuarios) - [] - {"url":"/usuarios?_dc=1484846880878&page=1&start=0&limit=25&sort=nomeusuario&dir=desc","ip":"::1","http_method":"GET","server":"localhost","referrer":"http://localhost:8081/","uid":"6d9b426"}
[2017-01-19 18:28:01] INFO > #200: (/classificacao) - [] - {"url":"/classificacao?_dc=1484846880887&page=1&start=0&limit=25","ip":"::1","http_method":"GET","server":"localhost","referrer":"http://localhost:8081/","uid":"eb335c5"}
[2017-01-19 18:28:27] INFO > #200: (/usuarios) - [] - {"url":"/usuarios?_dc=1484846907497&page=1&start=0&limit=25&sort=nomeusuario&dir=desc","ip":"::1","http_method":"OPTIONS","server":"localhost","referrer":"http://localhost:8081/","uid":"27abce1"}
[2017-01-19 18:28:27] WARNING > #404: (/hora) - [] - {"url":"/hora?_dc=1484846907501&page=1&start=0&limit=25","ip":"::1","http_method":"OPTIONS","server":"localhost","referrer":"http://localhost:8081/","uid":"796ef53"}
[2017-01-19 18:28:27] WARNING > #404: (/sistemasinternos) - [] - {"url":"/sistemasinternos?_dc=1484846907502&page=1&start=0&limit=25","ip":"::1","http_method":"OPTIONS","server":"localhost","referrer":"http://localhost:8081/","uid":"af256b4"}
[2017-01-19 18:28:27] WARNING > #404: (/sistemasexternos) - [] - {"url":"/sistemasexternos?_dc=1484846907504&page=1&start=0&limit=25","ip":"::1","http_method":"OPTIONS","server":"localhost","referrer":"http://localhost:8081/","uid":"f2249fe"}
[2017-01-19 18:28:27] WARNING > #404: (/sistemas) - [] - {"url":"/sistemas?_dc=1484846907505&page=1&start=0&limit=25","ip":"::1","http_method":"OPTIONS","server":"localhost","referrer":"http://localhost:8081/","uid":"cf8faef"}
[2017-01-19 18:28:27] INFO > #200: (/classificacao) - [] - {"url":"/classificacao?_dc=1484846907507&page=1&start=0&limit=25","ip":"::1","http_method":"OPTIONS","server":"localhost","referrer":"http://localhost:8081/","uid":"2a476e1"}
[2017-01-19 18:28:27] INFO > #200: (/usuarios) - [] - {"url":"/usuarios?_dc=1484846907497&page=1&start=0&limit=25&sort=nomeusuario&dir=desc","ip":"::1","http_method":"GET","server":"localhost","referrer":"http://localhost:8081/","uid":"bb97664"}
[2017-01-19 18:28:27] INFO > #200: (/classificacao) - [] - {"url":"/classificacao?_dc=1484846907507&page=1&start=0&limit=25","ip":"::1","http_method":"GET","server":"localhost","referrer":"http://localhost:8081/","uid":"2bec415"}
[2017-01-19 00:55:17] INFO > #200: (/usuarios) - [] - {"url":"/usuarios?_dc=1484783717317&page=1&start=0&limit=25&sort=nomeusuario&dir=desc","ip":"::1","http_method":"OPTIONS","server":"localhost","referrer":"http://localhost:8081/","uid":"9799a94"}
[2017-01-19 00:55:17] WARNING > #404: (/hora) - [] - {"url":"/hora?_dc=1484783717320&page=1&start=0&limit=25","ip":"::1","http_method":"OPTIONS","server":"localhost","referrer":"http://localhost:8081/","uid":"e30fad3"}
[2017-01-19 00:55:17] WARNING > #404: (/sistemasinternos) - [] - {"url":"/sistemasinternos?_dc=1484783717321&page=1&start=0&limit=25","ip":"::1","http_method":"OPTIONS","server":"localhost","referrer":"http://localhost:8081/","uid":"00140c4"}
[2017-01-19 00:55:17] WARNING > #404: (/sistemasexternos) - [] - {"url":"/sistemasexternos?_dc=1484783717322&page=1&start=0&limit=25","ip":"::1","http_method":"OPTIONS","server":"localhost","referrer":"http://localhost:8081/","uid":"a201f3b"}
[2017-01-19 00:55:18] WARNING > #404: (/sistemas) - [] - {"url":"/sistemas?_dc=1484783717322&page=1&start=0&limit=25","ip":"::1","http_method":"OPTIONS","server":"localhost","referrer":"http://localhost:8081/","uid":"3465c17"}
[2017-01-19 00:55:18] INFO > #200: (/classificacao) - [] - {"url":"/classificacao?_dc=1484783717323&page=1&start=0&limit=25","ip":"::1","http_method":"OPTIONS","server":"localhost","referrer":"http://localhost:8081/","uid":"35a0222"}
[2017-01-19 00:55:18] INFO > #200: (/usuarios) - [] - {"url":"/usuarios?_dc=1484783717317&page=1&start=0&limit=25&sort=nomeusuario&dir=desc","ip":"::1","http_method":"GET","server":"localhost","referrer":"http://localhost:8081/","uid":"31c31a3"}
[2017-01-19 01:04:11] INFO > #200: (/usuarios) - [] - {"url":"/usuarios?_dc=1484784251050&page=1&start=0&limit=25&sort=nomeusuario&dir=desc","ip":"::1","http_method":"OPTIONS","server":"localhost","referrer":"http://localhost:8081/","uid":"f7fa453"}
[2017-01-19 01:04:11] WARNING > #404: (/hora) - [] - {"url":"/hora?_dc=1484784251053&page=1&start=0&limit=25","ip":"::1","http_method":"OPTIONS","server":"localhost","referrer":"http://localhost:8081/","uid":"f5350a3"}
[2017-01-19 01:04:11] WARNING > #404: (/sistemasinternos) - [] - {"url":"/sistemasinternos?_dc=1484784251054&page=1&start=0&limit=25","ip":"::1","http_method":"OPTIONS","server":"localhost","referrer":"http://localhost:8081/","uid":"4bf5594"}
[2017-01-19 01:04:11] WARNING > #404: (/sistemasexternos) - [] - {"url":"/sistemasexternos?_dc=1484784251056&page=1&start=0&limit=25","ip":"::1","http_method":"OPTIONS","server":"localhost","referrer":"http://localhost:8081/","uid":"530e2dd"}
[2017-01-19 01:04:11] WARNING > #404: (/sistemas) - [] - {"url":"/sistemas?_dc=1484784251056&page=1&start=0&limit=25","ip":"::1","http_method":"OPTIONS","server":"localhost","referrer":"http://localhost:8081/","uid":"5440124"}
[2017-01-19 01:04:11] INFO > #200: (/classificacao) - [] - {"url":"/classificacao?_dc=1484784251057&page=1&start=0&limit=25","ip":"::1","http_method":"OPTIONS","server":"localhost","referrer":"http://localhost:8081/","uid":"a0c4554"}
[2017-01-19 01:04:11] INFO > #200: (/usuarios) - [] - {"url":"/usuarios?_dc=1484784251050&page=1&start=0&limit=25&sort=nomeusuario&dir=desc","ip":"::1","http_method":"GET","server":"localhost","referrer":"http://localhost:8081/","uid":"973ec31"}
[2017-01-19 01:05:48] INFO > #200: (/usuarios) - [] - {"url":"/usuarios?_dc=1484784348462&page=1&start=0&limit=25&sort=nomeusuario&dir=desc","ip":"::1","http_method":"OPTIONS","server":"localhost","referrer":"http://localhost:8081/","uid":"424e1d7"}
[2017-01-19 01:05:48] WARNING > #404: (/hora) - [] - {"url":"/hora?_dc=1484784348466&page=1&start=0&limit=25","ip":"::1","http_method":"OPTIONS","server":"localhost","referrer":"http://localhost:8081/","uid":"90dfe15"}
[2017-01-19 01:05:48] WARNING > #404: (/sistemasinternos) - [] - {"url":"/sistemasinternos?_dc=1484784348467&page=1&start=0&limit=25","ip":"::1","http_method":"OPTIONS","server":"localhost","referrer":"http://localhost:8081/","uid":"68d907e"}
[2017-01-19 01:05:48] WARNING > #404: (/sistemasexternos) - [] - {"url":"/sistemasexternos?_dc=1484784348468&page=1&start=0&limit=25","ip":"::1","http_method":"OPTIONS","server":"localhost","referrer":"http://localhost:8081/","uid":"17b62ee"}
[2017-01-19 01:05:48] WARNING > #404: (/sistemas) - [] - {"url":"/sistemas?_dc=1484784348468&page=1&start=0&limit=25","ip":"::1","http_method":"OPTIONS","server":"localhost","referrer":"http://localhost:8081/","uid":"ea4a66c"}
[2017-01-19 01:05:48] INFO > #200: (/classificacao) - [] - {"url":"/classificacao?_dc=1484784348469&page=1&start=0&limit=25","ip":"::1","http_method":"OPTIONS","server":"localhost","referrer":"http://localhost:8081/","uid":"3f56ad1"}
[2017-01-19 01:05:48] INFO > #200: (/usuarios) - [] - {"url":"/usuarios?_dc=1484784348462&page=1&start=0&limit=25&sort=nomeusuario&dir=desc","ip":"::1","http_method":"GET","server":"localhost","referrer":"http://localhost:8081/","uid":"cd25f7a"}
[2017-01-19 01:06:04] INFO > #200: (/usuarios) - [] - {"url":"/usuarios?_dc=1484784364057&page=1&start=0&limit=25&sort=nomeusuario&dir=desc","ip":"::1","http_method":"OPTIONS","server":"localhost","referrer":"http://localhost:8081/","uid":"628a610"}
[2017-01-19 01:06:04] WARNING > #404: (/hora) - [] - {"url":"/hora?_dc=1484784364060&page=1&start=0&limit=25","ip":"::1","http_method":"OPTIONS","server":"localhost","referrer":"http://localhost:8081/","uid":"4644b75"}
[2017-01-19 01:06:04] WARNING > #404: (/sistemasinternos) - [] - {"url":"/sistemasinternos?_dc=1484784364061&page=1&start=0&limit=25","ip":"::1","http_method":"OPTIONS","server":"localhost","referrer":"http://localhost:8081/","uid":"92c1edf"}
[2017-01-19 01:06:04] WARNING > #404: (/sistemasexternos) - [] - {"url":"/sistemasexternos?_dc=1484784364062&page=1&start=0&limit=25","ip":"::1","http_method":"OPTIONS","server":"localhost","referrer":"http://localhost:8081/","uid":"4a8187a"}
[2017-01-19 01:06:04] WARNING > #404: (/sistemas) - [] - {"url":"/sistemas?_dc=1484784364063&page=1&start=0&limit=25","ip":"::1","http_method":"OPTIONS","server":"localhost","referrer":"http://localhost:8081/","uid":"3273e8d"}
[2017-01-19 01:06:04] INFO > #200: (/classificacao) - [] - {"url":"/classificacao?_dc=1484784364063&page=1&start=0&limit=25","ip":"::1","http_method":"OPTIONS","server":"localhost","referrer":"http://localhost:8081/","uid":"70e75b5"}
[2017-01-19 01:06:04] INFO > #200: (/usuarios) - [] - {"url":"/usuarios?_dc=1484784364057&page=1&start=0&limit=25&sort=nomeusuario&dir=desc","ip":"::1","http_method":"GET","server":"localhost","referrer":"http://localhost:8081/","uid":"679ad96"}
[2017-01-19 01:12:33] INFO > #200: (/usuarios) - [] - {"url":"/usuarios?_dc=1484784753618&page=1&start=0&limit=25&sort=nomeusuario&dir=desc","ip":"::1","http_method":"OPTIONS","server":"localhost","referrer":"http://localhost:8081/","uid":"1989269"}
[2017-01-19 01:12:33] WARNING > #404: (/hora) - [] - {"url":"/hora?_dc=1484784753621&page=1&start=0&limit=25","ip":"::1","http_method":"OPTIONS","server":"localhost","referrer":"http://localhost:8081/","uid":"6c47ead"}
[2017-01-19 01:12:33] WARNING > #404: (/sistemasinternos) - [] - {"url":"/sistemasinternos?_dc=1484784753623&page=1&start=0&limit=25","ip":"::1","http_method":"OPTIONS","server":"localhost","referrer":"http://localhost:8081/","uid":"af31f63"}
[2017-01-19 01:12:33] WARNING > #404: (/sistemasexternos) - [] - {"url":"/sistemasexternos?_dc=1484784753624&page=1&start=0&limit=25","ip":"::1","http_method":"OPTIONS","server":"localhost","referrer":"http://localhost:8081/","uid":"c3c77f8"}
[2017-01-19 01:12:33] WARNING > #404: (/sistemas) - [] - {"url":"/sistemas?_dc=1484784753624&page=1&start=0&limit=25","ip":"::1","http_method":"OPTIONS","server":"localhost","referrer":"http://localhost:8081/","uid":"608d020"}
[2017-01-19 01:12:33] INFO > #200: (/classificacao) - [] - {"url":"/classificacao?_dc=1484784753625&page=1&start=0&limit=25","ip":"::1","http_method":"OPTIONS","server":"localhost","referrer":"http://localhost:8081/","uid":"42fc6c5"}
[2017-01-19 01:12:33] INFO > #200: (/usuarios) - [] - {"url":"/usuarios?_dc=1484784753618&page=1&start=0&limit=25&sort=nomeusuario&dir=desc","ip":"::1","http_method":"GET","server":"localhost","referrer":"http://localhost:8081/","uid":"09d421f"}
[2017-01-19 01:14:07] INFO > #200: (/usuarios) - [] - {"url":"/usuarios?_dc=1484784847072&page=1&start=0&limit=25&sort=nomeusuario&dir=desc","ip":"::1","http_method":"OPTIONS","server":"localhost","referrer":"http://localhost:8081/","uid":"098cdc2"}
[2017-01-19 01:14:07] WARNING > #404: (/hora) - [] - {"url":"/hora?_dc=1484784847075&page=1&start=0&limit=25","ip":"::1","http_method":"OPTIONS","server":"localhost","referrer":"http://localhost:8081/","uid":"6fdfc33"}
[2017-01-19 01:14:07] WARNING > #404: (/sistemasinternos) - [] - {"url":"/sistemasinternos?_dc=1484784847076&page=1&start=0&limit=25","ip":"::1","http_method":"OPTIONS","server":"localhost","referrer":"http://localhost:8081/","uid":"d7fdd28"}
[2017-01-19 01:14:07] WARNING > #404: (/sistemasexternos) - [] - {"url":"/sistemasexternos?_dc=1484784847077&page=1&start=0&limit=25","ip":"::1","http_method":"OPTIONS","server":"localhost","referrer":"http://localhost:8081/","uid":"3729e5a"}
[2017-01-19 01:14:07] INFO > #200: (/sistemas) - [] - {"url":"/sistemas?_dc=1484784847078&page=1&start=0&limit=25","ip":"::1","http_method":"OPTIONS","server":"localhost","referrer":"http://localhost:8081/","uid":"2d9b22e"}
[2017-01-19 01:14:07] INFO > #200: (/classificacao) - [] - {"url":"/classificacao?_dc=1484784847078&page=1&start=0&limit=25","ip":"::1","http_method":"OPTIONS","server":"localhost","referrer":"http://localhost:8081/","uid":"311b5aa"}
[2017-01-19 01:14:07] INFO > #200: (/usuarios) - [] - {"url":"/usuarios?_dc=1484784847072&page=1&start=0&limit=25&sort=nomeusuario&dir=desc","ip":"::1","http_method":"GET","server":"localhost","referrer":"http://localhost:8081/","uid":"62f224d"}
[2017-01-19 01:14:07] INFO > #200: (/sistemas) - [] - {"url":"/sistemas?_dc=1484784847078&page=1&start=0&limit=25","ip":"::1","http_method":"GET","server":"localhost","referrer":"http://localhost:8081/","uid":"00d3ada"}
[2017-01-19 01:17:58] INFO > #200: (/usuarios) - [] - {"url":"/usuarios?_dc=1484785078950&page=1&start=0&limit=25&sort=nomeusuario&dir=desc","ip":"::1","http_method":"OPTIONS","server":"localhost","referrer":"http://localhost:8081/","uid":"9830dae"}
[2017-01-19 01:17:58] WARNING > #404: (/hora) - [] - {"url":"/hora?_dc=1484785078953&page=1&start=0&limit=25","ip":"::1","http_method":"OPTIONS","server":"localhost","referrer":"http://localhost:8081/","uid":"e6b3d62"}
[2017-01-19 01:17:59] WARNING > #404: (/sistemasinternos) - [] - {"url":"/sistemasinternos?_dc=1484785078954&page=1&start=0&limit=25","ip":"::1","http_method":"OPTIONS","server":"localhost","referrer":"http://localhost:8081/","uid":"d55512f"}
[2017-01-19 01:17:59] WARNING > #404: (/sistemasexternos) - [] - {"url":"/sistemasexternos?_dc=1484785078955&page=1&start=0&limit=25","ip":"::1","http_method":"OPTIONS","server":"localhost","referrer":"http://localhost:8081/","uid":"05bc7a7"}
[2017-01-19 01:17:59] INFO > #200: (/sistemas) - [] - {"url":"/sistemas?_dc=1484785078956&page=1&start=0&limit=25","ip":"::1","http_method":"OPTIONS","server":"localhost","referrer":"http://localhost:8081/","uid":"6a925a1"}
[2017-01-19 01:17:59] INFO > #200: (/classificacao) - [] - {"url":"/classificacao?_dc=1484785078957&page=1&start=0&limit=25","ip":"::1","http_method":"OPTIONS","server":"localhost","referrer":"http://localhost:8081/","uid":"eea3673"}
[2017-01-19 01:17:59] INFO > #200: (/usuarios) - [] - {"url":"/usuarios?_dc=1484785078950&page=1&start=0&limit=25&sort=nomeusuario&dir=desc","ip":"::1","http_method":"GET","server":"localhost","referrer":"http://localhost:8081/","uid":"ce74e3c"}
[2017-01-19 01:17:59] INFO > #200: (/sistemas) - [] - {"url":"/sistemas?_dc=1484785078956&page=1&start=0&limit=25","ip":"::1","http_method":"GET","server":"localhost","referrer":"http://localhost:8081/","uid":"ac7ad92"}
[2017-01-19 01:28:30] INFO > #200: (/usuarios) - [] - {"url":"/usuarios?_dc=1484785710155&page=1&start=0&limit=25&sort=nomeusuario&dir=desc","ip":"::1","http_method":"OPTIONS","server":"localhost","referrer":"http://localhost:8081/","uid":"90efd09"}
[2017-01-19 01:28:30] WARNING > #404: (/hora) - [] - {"url":"/hora?_dc=1484785710158&page=1&start=0&limit=25","ip":"::1","http_method":"OPTIONS","server":"localhost","referrer":"http://localhost:8081/","uid":"6bdaa63"}
[2017-01-19 01:28:30] WARNING > #404: (/sistemasinternos) - [] - {"url":"/sistemasinternos?_dc=1484785710159&page=1&start=0&limit=25","ip":"::1","http_method":"OPTIONS","server":"localhost","referrer":"http://localhost:8081/","uid":"869d0a8"}
[2017-01-19 01:28:30] WARNING > #404: (/sistemasexternos) - [] - {"url":"/sistemasexternos?_dc=1484785710160&page=1&start=0&limit=25","ip":"::1","http_method":"OPTIONS","server":"localhost","referrer":"http://localhost:8081/","uid":"2a6947b"}
[2017-01-19 01:28:30] INFO > #200: (/sistemas) - [] - {"url":"/sistemas?_dc=1484785710160&page=1&start=0&limit=25","ip":"::1","http_method":"OPTIONS","server":"localhost","referrer":"http://localhost:8081/","uid":"cda22a6"}
[2017-01-19 01:28:30] INFO > #200: (/classificacao) - [] - {"url":"/classificacao?_dc=1484785710161&page=1&start=0&limit=25","ip":"::1","http_method":"OPTIONS","server":"localhost","referrer":"http://localhost:8081/","uid":"35542de"}
[2017-01-19 01:28:30] INFO > #200: (/usuarios) - [] - {"url":"/usuarios?_dc=1484785710155&page=1&start=0&limit=25&sort=nomeusuario&dir=desc","ip":"::1","http_method":"GET","server":"localhost","referrer":"http://localhost:8081/","uid":"abb913b"}
[2017-01-19 01:28:30] INFO > #200: (/sistemas) - [] - {"url":"/sistemas?_dc=1484785710160&page=1&start=0&limit=25","ip":"::1","http_method":"GET","server":"localhost","referrer":"http://localhost:8081/","uid":"260a256"}
[2017-01-19 01:31:26] INFO > #200: (/usuarios) - [] - {"url":"/usuarios?_dc=1484785886196&page=1&start=0&limit=25&sort=nomeusuario&dir=desc","ip":"::1","http_method":"OPTIONS","server":"localhost","referrer":"http://localhost:8081/","uid":"9ccd64c"}
[2017-01-19 01:31:26] WARNING > #404: (/hora) - [] - {"url":"/hora?_dc=1484785886199&page=1&start=0&limit=25","ip":"::1","http_method":"OPTIONS","server":"localhost","referrer":"http://localhost:8081/","uid":"daa1cc8"}
[2017-01-19 01:31:26] WARNING > #404: (/sistemasinternos) - [] - {"url":"/sistemasinternos?_dc=1484785886207&page=1&start=0&limit=25","ip":"::1","http_method":"OPTIONS","server":"localhost","referrer":"http://localhost:8081/","uid":"c8b9783"}
[2017-01-19 01:31:26] WARNING > #404: (/sistemasexternos) - [] - {"url":"/sistemasexternos?_dc=1484785886208&page=1&start=0&limit=25","ip":"::1","http_method":"OPTIONS","server":"localhost","referrer":"http://localhost:8081/","uid":"0775168"}
[2017-01-19 01:31:26] INFO > #200: (/sistemas) - [] - {"url":"/sistemas?_dc=1484785886208&page=1&start=0&limit=25","ip":"::1","http_method":"OPTIONS","server":"localhost","referrer":"http://localhost:8081/","uid":"e2a053b"}
[2017-01-19 01:31:26] WARNING > #404: (/abrangencia) - [] - {"url":"/abrangencia?_dc=1484785886209&page=1&start=0&limit=25","ip":"::1","http_method":"OPTIONS","server":"localhost","referrer":"http://localhost:8081/","uid":"e0510b3"}
[2017-01-19 01:31:26] WARNING > #404: (/estabilidade) - [] - {"url":"/estabilidade?_dc=1484785886210&page=1&start=0&limit=25","ip":"::1","http_method":"OPTIONS","server":"localhost","referrer":"http://localhost:8081/","uid":"007200b"}
[2017-01-19 01:31:26] WARNING > #404: (/conhecimento) - [] - {"url":"/conhecimento?_dc=1484785886210&page=1&start=0&limit=25","ip":"::1","http_method":"OPTIONS","server":"localhost","referrer":"http://localhost:8081/","uid":"4d90444"}
[2017-01-19 01:31:26] INFO > #200: (/classificacao) - [] - {"url":"/classificacao?_dc=1484785886211&page=1&start=0&limit=25","ip":"::1","http_method":"OPTIONS","server":"localhost","referrer":"http://localhost:8081/","uid":"43782e1"}
[2017-01-19 01:31:26] INFO > #200: (/usuarios) - [] - {"url":"/usuarios?_dc=1484785886196&page=1&start=0&limit=25&sort=nomeusuario&dir=desc","ip":"::1","http_method":"GET","server":"localhost","referrer":"http://localhost:8081/","uid":"01d9ee1"}
[2017-01-19 01:31:26] INFO > #200: (/sistemas) - [] - {"url":"/sistemas?_dc=1484785886208&page=1&start=0&limit=25","ip":"::1","http_method":"GET","server":"localhost","referrer":"http://localhost:8081/","uid":"c56d6f0"}
[2017-01-19 01:32:31] INFO > #200: (/usuarios) - [] - {"url":"/usuarios?_dc=1484785951466&page=1&start=0&limit=25&sort=nomeusuario&dir=desc","ip":"::1","http_method":"OPTIONS","server":"localhost","referrer":"http://localhost:8081/","uid":"b19976b"}
[2017-01-19 01:32:31] WARNING > #404: (/hora) - [] - {"url":"/hora?_dc=1484785951469&page=1&start=0&limit=25","ip":"::1","http_method":"OPTIONS","server":"localhost","referrer":"http://localhost:8081/","uid":"992788c"}
[2017-01-19 01:32:31] WARNING > #404: (/sistemasinternos) - [] - {"url":"/sistemasinternos?_dc=1484785951471&page=1&start=0&limit=25","ip":"::1","http_method":"OPTIONS","server":"localhost","referrer":"http://localhost:8081/","uid":"e5bfe87"}
[2017-01-19 01:32:31] WARNING > #404: (/sistemasexternos) - [] - {"url":"/sistemasexternos?_dc=1484785951471&page=1&start=0&limit=25","ip":"::1","http_method":"OPTIONS","server":"localhost","referrer":"http://localhost:8081/","uid":"067b19b"}
[2017-01-19 01:32:31] INFO > #200: (/sistemas) - [] - {"url":"/sistemas?_dc=1484785951472&page=1&start=0&limit=25","ip":"::1","http_method":"OPTIONS","server":"localhost","referrer":"http://localhost:8081/","uid":"b9735ed"}
[2017-01-19 01:32:31] WARNING > #404: (/abrangencia) - [] - {"url":"/abrangencia?_dc=1484785951480&page=1&start=0&limit=25","ip":"::1","http_method":"OPTIONS","server":"localhost","referrer":"http://localhost:8081/","uid":"191e53a"}
[2017-01-19 01:32:31] WARNING > #404: (/estabilidade) - [] - {"url":"/estabilidade?_dc=1484785951480&page=1&start=0&limit=25","ip":"::1","http_method":"OPTIONS","server":"localhost","referrer":"http://localhost:8081/","uid":"8d59876"}
[2017-01-19 01:32:31] WARNING > #404: (/conhecimento) - [] - {"url":"/conhecimento?_dc=1484785951481&page=1&start=0&limit=25","ip":"::1","http_method":"OPTIONS","server":"localhost","referrer":"http://localhost:8081/","uid":"209839e"}
[2017-01-19 01:32:31] INFO > #200: (/classificacao) - [] - {"url":"/classificacao?_dc=1484785951482&page=1&start=0&limit=25","ip":"::1","http_method":"OPTIONS","server":"localhost","referrer":"http://localhost:8081/","uid":"8b0d29c"}
[2017-01-19 01:32:31] INFO > #200: (/usuarios) - [] - {"url":"/usuarios?_dc=1484785951466&page=1&start=0&limit=25&sort=nomeusuario&dir=desc","ip":"::1","http_method":"GET","server":"localhost","referrer":"http://localhost:8081/","uid":"eb26b31"}
[2017-01-19 01:32:31] INFO > #200: (/sistemas) - [] - {"url":"/sistemas?_dc=1484785951472&page=1&start=0&limit=25","ip":"::1","http_method":"GET","server":"localhost","referrer":"http://localhost:8081/","uid":"d8a1270"}
[2017-01-19 01:32:43] INFO > #200: (/usuarios) - [] - {"url":"/usuarios?_dc=1484785963351&page=1&start=0&limit=25&sort=nomeusuario&dir=desc","ip":"::1","http_method":"OPTIONS","server":"localhost","referrer":"http://localhost:8081/","uid":"b32b1db"}
[2017-01-19 01:32:43] WARNING > #404: (/hora) - [] - {"url":"/hora?_dc=1484785963354&page=1&start=0&limit=25","ip":"::1","http_method":"OPTIONS","server":"localhost","referrer":"http://localhost:8081/","uid":"13647c2"}
[2017-01-19 01:32:43] WARNING > #404: (/sistemasinternos) - [] - {"url":"/sistemasinternos?_dc=1484785963355&page=1&start=0&limit=25","ip":"::1","http_method":"OPTIONS","server":"localhost","referrer":"http://localhost:8081/","uid":"8517a6a"}
[2017-01-19 01:32:43] WARNING > #404: (/sistemasexternos) - [] - {"url":"/sistemasexternos?_dc=1484785963355&page=1&start=0&limit=25","ip":"::1","http_method":"OPTIONS","server":"localhost","referrer":"http://localhost:8081/","uid":"c80ea76"}
[2017-01-19 01:32:43] INFO > #200: (/sistemas) - [] - {"url":"/sistemas?_dc=1484785963356&page=1&start=0&limit=25","ip":"::1","http_method":"OPTIONS","server":"localhost","referrer":"http://localhost:8081/","uid":"85c1b1e"}
[2017-01-19 01:32:43] WARNING > #404: (/abrangencia) - [] - {"url":"/abrangencia?_dc=1484785963356&page=1&start=0&limit=25","ip":"::1","http_method":"OPTIONS","server":"localhost","referrer":"http://localhost:8081/","uid":"f9c74b4"}
[2017-01-19 01:32:43] WARNING > #404: (/estabilidade) - [] - {"url":"/estabilidade?_dc=1484785963357&page=1&start=0&limit=25","ip":"::1","http_method":"OPTIONS","server":"localhost","referrer":"http://localhost:8081/","uid":"c542e0b"}
[2017-01-19 01:32:43] WARNING > #404: (/conhecimento) - [] - {"url":"/conhecimento?_dc=1484785963358&page=1&start=0&limit=25","ip":"::1","http_method":"OPTIONS","server":"localhost","referrer":"http://localhost:8081/","uid":"46ce47e"}
[2017-01-19 01:32:43] INFO > #200: (/classificacao) - [] - {"url":"/classificacao?_dc=1484785963359&page=1&start=0&limit=25","ip":"::1","http_method":"OPTIONS","server":"localhost","referrer":"http://localhost:8081/","uid":"e06bc4f"}
[2017-01-19 01:32:43] INFO > #200: (/usuarios) - [] - {"url":"/usuarios?_dc=1484785963351&page=1&start=0&limit=25&sort=nomeusuario&dir=desc","ip":"::1","http_method":"GET","server":"localhost","referrer":"http://localhost:8081/","uid":"c41f607"}
[2017-01-19 01:32:43] INFO > #200: (/sistemas) - [] - {"url":"/sistemas?_dc=1484785963356&page=1&start=0&limit=25","ip":"::1","http_method":"GET","server":"localhost","referrer":"http://localhost:8081/","uid":"1df3ed2"}
[2017-01-19 01:33:37] INFO > #200: (/usuarios) - [] - {"url":"/usuarios?_dc=1484786017680&page=1&start=0&limit=25&sort=nomeusuario&dir=desc","ip":"::1","http_method":"OPTIONS","server":"localhost","referrer":"http://localhost:8081/","uid":"cadc15f"}
[2017-01-19 01:33:37] WARNING > #404: (/hora) - [] - {"url":"/hora?_dc=1484786017683&page=1&start=0&limit=25","ip":"::1","http_method":"OPTIONS","server":"localhost","referrer":"http://localhost:8081/","uid":"ea6ece0"}
[2017-01-19 01:33:37] WARNING > #404: (/sistemasinternos) - [] - {"url":"/sistemasinternos?_dc=1484786017684&page=1&start=0&limit=25","ip":"::1","http_method":"OPTIONS","server":"localhost","referrer":"http://localhost:8081/","uid":"5f8b0a0"}
[2017-01-19 01:33:37] WARNING > #404: (/sistemasexternos) - [] - {"url":"/sistemasexternos?_dc=1484786017685&page=1&start=0&limit=25","ip":"::1","http_method":"OPTIONS","server":"localhost","referrer":"http://localhost:8081/","uid":"b159f35"}
[2017-01-19 01:33:37] INFO > #200: (/sistemas) - [] - {"url":"/sistemas?_dc=1484786017686&page=1&start=0&limit=25","ip":"::1","http_method":"OPTIONS","server":"localhost","referrer":"http://localhost:8081/","uid":"1137c4f"}
[2017-01-19 01:33:37] WARNING > #404: (/abrangencia) - [] - {"url":"/abrangencia?_dc=1484786017686&page=1&start=0&limit=25","ip":"::1","http_method":"OPTIONS","server":"localhost","referrer":"http://localhost:8081/","uid":"0071632"}
[2017-01-19 01:33:37] WARNING > #404: (/estabilidade) - [] - {"url":"/estabilidade?_dc=1484786017687&page=1&start=0&limit=25","ip":"::1","http_method":"OPTIONS","server":"localhost","referrer":"http://localhost:8081/","uid":"342a8cd"}
[2017-01-19 01:33:37] WARNING > #404: (/conhecimento) - [] - {"url":"/conhecimento?_dc=1484786017688&page=1&start=0&limit=25","ip":"::1","http_method":"OPTIONS","server":"localhost","referrer":"http://localhost:8081/","uid":"810175a"}
[2017-01-19 01:33:37] INFO > #200: (/classificacao) - [] - {"url":"/classificacao?_dc=1484786017688&page=1&start=0&limit=25","ip":"::1","http_method":"OPTIONS","server":"localhost","referrer":"http://localhost:8081/","uid":"f98505a"}
[2017-01-19 01:33:37] INFO > #200: (/usuarios) - [] - {"url":"/usuarios?_dc=1484786017680&page=1&start=0&limit=25&sort=nomeusuario&dir=desc","ip":"::1","http_method":"GET","server":"localhost","referrer":"http://localhost:8081/","uid":"5e6c575"}
[2017-01-19 01:33:37] INFO > #200: (/sistemas) - [] - {"url":"/sistemas?_dc=1484786017686&page=1&start=0&limit=25","ip":"::1","http_method":"GET","server":"localhost","referrer":"http://localhost:8081/","uid":"bf4b025"}
[2017-01-19 01:41:37] INFO > #200: (/usuarios) - [] - {"url":"/usuarios?_dc=1484786497533&page=1&start=0&limit=25&sort=nomeusuario&dir=desc","ip":"::1","http_method":"OPTIONS","server":"localhost","referrer":"http://localhost:8081/","uid":"989964e"}
[2017-01-19 01:41:37] WARNING > #404: (/hora) - [] - {"url":"/hora?_dc=1484786497536&page=1&start=0&limit=25","ip":"::1","http_method":"OPTIONS","server":"localhost","referrer":"http://localhost:8081/","uid":"ae6b23e"}
[2017-01-19 01:41:37] WARNING > #404: (/sistemasinternos) - [] - {"url":"/sistemasinternos?_dc=1484786497537&page=1&start=0&limit=25","ip":"::1","http_method":"OPTIONS","server":"localhost","referrer":"http://localhost:8081/","uid":"89b0a57"}
[2017-01-19 01:41:37] WARNING > #404: (/sistemasexternos) - [] - {"url":"/sistemasexternos?_dc=1484786497538&page=1&start=0&limit=25","ip":"::1","http_method":"OPTIONS","server":"localhost","referrer":"http://localhost:8081/","uid":"e065f5c"}
[2017-01-19 01:41:37] INFO > #200: (/sistemas) - [] - {"url":"/sistemas?_dc=1484786497539&page=1&start=0&limit=25","ip":"::1","http_method":"OPTIONS","server":"localhost","referrer":"http://localhost:8081/","uid":"a628387"}
[2017-01-19 01:41:37] WARNING > #404: (/abrangencia) - [] - {"url":"/abrangencia?_dc=1484786497546&page=1&start=0&limit=25","ip":"::1","http_method":"OPTIONS","server":"localhost","referrer":"http://localhost:8081/","uid":"0077fa6"}
[2017-01-19 01:41:37] WARNING > #404: (/estabilidade) - [] - {"url":"/estabilidade?_dc=1484786497547&page=1&start=0&limit=25","ip":"::1","http_method":"OPTIONS","server":"localhost","referrer":"http://localhost:8081/","uid":"8cffdff"}
[2017-01-19 01:41:37] WARNING > #404: (/conhecimento) - [] - {"url":"/conhecimento?_dc=1484786497548&page=1&start=0&limit=25","ip":"::1","http_method":"OPTIONS","server":"localhost","referrer":"http://localhost:8081/","uid":"a1dfbc5"}
[2017-01-19 01:41:37] INFO > #200: (/classificacao) - [] - {"url":"/classificacao?_dc=1484786497548&page=1&start=0&limit=25","ip":"::1","http_method":"OPTIONS","server":"localhost","referrer":"http://localhost:8081/","uid":"5ff553a"}
[2017-01-19 01:41:37] INFO > #200: (/usuarios) - [] - {"url":"/usuarios?_dc=1484786497533&page=1&start=0&limit=25&sort=nomeusuario&dir=desc","ip":"::1","http_method":"GET","server":"localhost","referrer":"http://localhost:8081/","uid":"b3b37a4"}
[2017-01-19 01:41:37] INFO > #200: (/sistemas) - [] - {"url":"/sistemas?_dc=1484786497539&page=1&start=0&limit=25","ip":"::1","http_method":"GET","server":"localhost","referrer":"http://localhost:8081/","uid":"65d6b07"}
[2017-01-19 01:44:42] INFO > #200: (/usuarios) - [] - {"url":"/usuarios?_dc=1484786682954&page=1&start=0&limit=25&sort=nomeusuario&dir=desc","ip":"::1","http_method":"OPTIONS","server":"localhost","referrer":"http://localhost:8081/","uid":"04d1323"}
[2017-01-19 01:44:42] WARNING > #404: (/hora) - [] - {"url":"/hora?_dc=1484786682958&page=1&start=0&limit=25","ip":"::1","http_method":"OPTIONS","server":"localhost","referrer":"http://localhost:8081/","uid":"c7adeaf"}
[2017-01-19 01:44:43] WARNING > #404: (/sistemasinternos) - [] - {"url":"/sistemasinternos?_dc=1484786682959&page=1&start=0&limit=25","ip":"::1","http_method":"OPTIONS","server":"localhost","referrer":"http://localhost:8081/","uid":"dc6fb9b"}
[2017-01-19 01:44:43] WARNING > #404: (/sistemasexternos) - [] - {"url":"/sistemasexternos?_dc=1484786682960&page=1&start=0&limit=25","ip":"::1","http_method":"OPTIONS","server":"localhost","referrer":"http://localhost:8081/","uid":"d83d6e3"}
[2017-01-19 01:44:43] INFO > #200: (/sistemas) - [] - {"url":"/sistemas?_dc=1484786682961&page=1&start=0&limit=25","ip":"::1","http_method":"OPTIONS","server":"localhost","referrer":"http://localhost:8081/","uid":"d664db9"}
[2017-01-19 01:44:43] WARNING > #404: (/abrangencia) - [] - {"url":"/abrangencia?_dc=1484786682962&page=1&start=0&limit=25","ip":"::1","http_method":"OPTIONS","server":"localhost","referrer":"http://localhost:8081/","uid":"41c9318"}
[2017-01-19 01:44:43] WARNING > #404: (/estabilidade) - [] - {"url":"/estabilidade?_dc=1484786682963&page=1&start=0&limit=25","ip":"::1","http_method":"OPTIONS","server":"localhost","referrer":"http://localhost:8081/","uid":"c8fabae"}
[2017-01-19 01:44:43] WARNING > #404: (/conhecimento) - [] - {"url":"/conhecimento?_dc=1484786682964&page=1&start=0&limit=25","ip":"::1","http_method":"OPTIONS","server":"localhost","referrer":"http://localhost:8081/","uid":"34d5d58"}
[2017-01-19 01:44:43] INFO > #200: (/classificacao) - [] - {"url":"/classificacao?_dc=1484786682965&page=1&start=0&limit=25","ip":"::1","http_method":"OPTIONS","server":"localhost","referrer":"http://localhost:8081/","uid":"f632c2a"}
[2017-01-19 01:44:43] INFO > #200: (/usuarios) - [] - {"url":"/usuarios?_dc=1484786682954&page=1&start=0&limit=25&sort=nomeusuario&dir=desc","ip":"::1","http_method":"GET","server":"localhost","referrer":"http://localhost:8081/","uid":"9a08b19"}
[2017-01-19 01:44:43] INFO > #200: (/sistemas) - [] - {"url":"/sistemas?_dc=1484786682961&page=1&start=0&limit=25","ip":"::1","http_method":"GET","server":"localhost","referrer":"http://localhost:8081/","uid":"61243f9"}
[2017-01-19 01:45:15] INFO > #200: (/usuarios) - [] - {"url":"/usuarios?_dc=1484786715510&page=1&start=0&limit=25&sort=nomeusuario&dir=desc","ip":"::1","http_method":"OPTIONS","server":"localhost","referrer":"http://localhost:8081/","uid":"c8b3012"}
[2017-01-19 01:45:15] WARNING > #404: (/hora) - [] - {"url":"/hora?_dc=1484786715515&page=1&start=0&limit=25","ip":"::1","http_method":"OPTIONS","server":"localhost","referrer":"http://localhost:8081/","uid":"59524cb"}
[2017-01-19 01:45:15] WARNING > #404: (/sistemasinternos) - [] - {"url":"/sistemasinternos?_dc=1484786715517&page=1&start=0&limit=25","ip":"::1","http_method":"OPTIONS","server":"localhost","referrer":"http://localhost:8081/","uid":"8994ec7"}
[2017-01-19 01:45:15] WARNING > #404: (/sistemasexternos) - [] - {"url":"/sistemasexternos?_dc=1484786715518&page=1&start=0&limit=25","ip":"::1","http_method":"OPTIONS","server":"localhost","referrer":"http://localhost:8081/","uid":"1e7f3ad"}
[2017-01-19 01:45:15] INFO > #200: (/sistemas) - [] - {"url":"/sistemas?_dc=1484786715519&page=1&start=0&limit=25","ip":"::1","http_method":"OPTIONS","server":"localhost","referrer":"http://localhost:8081/","uid":"3dd124e"}
[2017-01-19 01:45:15] WARNING > #404: (/abrangencia) - [] - {"url":"/abrangencia?_dc=1484786715520&page=1&start=0&limit=25","ip":"::1","http_method":"OPTIONS","server":"localhost","referrer":"http://localhost:8081/","uid":"f27783d"}
[2017-01-19 01:45:15] WARNING > #404: (/estabilidade) - [] - {"url":"/estabilidade?_dc=1484786715521&page=1&start=0&limit=25","ip":"::1","http_method":"OPTIONS","server":"localhost","referrer":"http://localhost:8081/","uid":"9a95f9f"}
[2017-01-19 01:45:15] WARNING > #404: (/conhecimento) - [] - {"url":"/conhecimento?_dc=1484786715522&page=1&start=0&limit=25","ip":"::1","http_method":"OPTIONS","server":"localhost","referrer":"http://localhost:8081/","uid":"00fae56"}
[2017-01-19 01:45:15] INFO > #200: (/classificacao) - [] - {"url":"/classificacao?_dc=1484786715524&page=1&start=0&limit=25","ip":"::1","http_method":"OPTIONS","server":"localhost","referrer":"http://localhost:8081/","uid":"815cf5d"}
[2017-01-19 01:45:15] INFO > #200: (/usuarios) - [] - {"url":"/usuarios?_dc=1484786715510&page=1&start=0&limit=25&sort=nomeusuario&dir=desc","ip":"::1","http_method":"GET","server":"localhost","referrer":"http://localhost:8081/","uid":"ebbc75a"}
[2017-01-19 01:45:15] INFO > #200: (/sistemas) - [] - {"url":"/sistemas?_dc=1484786715519&page=1&start=0&limit=25","ip":"::1","http_method":"GET","server":"localhost","referrer":"http://localhost:8081/","uid":"922b45b"}
