[2017-01-13 11:02:09] INFO > #200: (/usuarios) - [] - {"url":"/usuarios?_dc=1484301729429&page=1&start=0&limit=25&sort=nomeusuario&dir=desc","ip":"::1","http_method":"OPTIONS","server":"localhost","referrer":"http://localhost:8081/","uid":"2e92a41"}
[2017-01-13 11:02:09] INFO > #200: (/usuarios) - [] - {"url":"/usuarios?_dc=1484301729429&page=1&start=0&limit=25&sort=nomeusuario&dir=desc","ip":"::1","http_method":"GET","server":"localhost","referrer":"http://localhost:8081/","uid":"6ceadbb"}
[2017-01-13 11:03:25] INFO > #200: (/usuarios) - [] - {"url":"/usuarios","ip":"::1","http_method":"OPTIONS","server":"localhost","referrer":"http://localhost:8081/","uid":"1d24cd6"}
[2017-01-13 11:03:25] INFO > #200: (/usuarios) - [] - {"url":"/usuarios","ip":"::1","http_method":"POST","server":"localhost","referrer":"http://localhost:8081/","uid":"d0e4971"}
[2017-01-13 11:03:26] INFO > #200: (/usuarios) - [] - {"url":"/usuarios?_dc=1484301806541&page=1&start=0&limit=25&sort=nomeusuario&dir=desc","ip":"::1","http_method":"OPTIONS","server":"localhost","referrer":"http://localhost:8081/","uid":"03e9e87"}
[2017-01-13 11:03:26] INFO > #200: (/usuarios) - [] - {"url":"/usuarios?_dc=1484301806541&page=1&start=0&limit=25&sort=nomeusuario&dir=desc","ip":"::1","http_method":"GET","server":"localhost","referrer":"http://localhost:8081/","uid":"caf3bd9"}
[2017-01-13 11:07:47] INFO > #200: (/usuarios) - [] - {"url":"/usuarios","ip":"::1","http_method":"POST","server":"localhost","referrer":"http://localhost:8081/","uid":"fda6489"}
[2017-01-13 11:08:25] INFO > #200: (/usuarios) - [] - {"url":"/usuarios","ip":"::1","http_method":"POST","server":"localhost","referrer":"http://localhost:8081/","uid":"239bd6e"}
[2017-01-13 11:10:25] INFO > #200: (/usuarios) - [] - {"url":"/usuarios?_dc=1484302225891&page=1&start=0&limit=25&sort=nomeusuario&dir=desc","ip":"::1","http_method":"OPTIONS","server":"localhost","referrer":"http://localhost:8081/","uid":"7c973e6"}
[2017-01-13 11:15:51] INFO > #200: (/usuarios) - [] - {"url":"/usuarios?_dc=1484302551472&page=1&start=0&limit=25&sort=nomeusuario&dir=desc","ip":"::1","http_method":"OPTIONS","server":"localhost","referrer":"http://localhost:8081/","uid":"6aa5c3e"}
[2017-01-13 11:21:57] INFO > #200: (/usuarios) - [] - {"url":"/usuarios?_dc=1484302917020&page=1&start=0&limit=25&sort=nomeusuario&dir=desc","ip":"::1","http_method":"OPTIONS","server":"localhost","referrer":"http://localhost:8081/","uid":"056268c"}
[2017-01-13 11:21:57] INFO > #200: (/usuarios) - [] - {"url":"/usuarios?_dc=1484302917020&page=1&start=0&limit=25&sort=nomeusuario&dir=desc","ip":"::1","http_method":"GET","server":"localhost","referrer":"http://localhost:8081/","uid":"896ef7b"}
[2017-01-13 11:24:00] INFO > #200: (/usuarios) - [] - {"url":"/usuarios?_dc=1484303040947&page=1&start=0&limit=25&sort=nomeusuario&dir=desc","ip":"::1","http_method":"OPTIONS","server":"localhost","referrer":"http://localhost:8081/","uid":"99afada"}
[2017-01-13 11:24:01] INFO > #200: (/usuarios) - [] - {"url":"/usuarios?_dc=1484303040947&page=1&start=0&limit=25&sort=nomeusuario&dir=desc","ip":"::1","http_method":"GET","server":"localhost","referrer":"http://localhost:8081/","uid":"65a6b8c"}
[2017-01-13 11:24:09] INFO > #200: (/usuarios/100) - [] - {"url":"/usuarios/100","ip":"::1","http_method":"OPTIONS","server":"localhost","referrer":"http://localhost:8081/","uid":"99ddc82"}
[2017-01-13 11:24:09] WARNING > #405: (/usuarios/100) - [] - {"url":"/usuarios/100","ip":"::1","http_method":"POST","server":"localhost","referrer":"http://localhost:8081/","uid":"ffcd291"}
[2017-01-13 11:31:59] INFO > #200: (/usuarios) - [] - {"url":"/usuarios","ip":"::1","http_method":"OPTIONS","server":"localhost","referrer":"http://localhost:8081/","uid":"e523906"}
[2017-01-13 11:31:59] INFO > #200: (/usuarios) - [] - {"url":"/usuarios","ip":"::1","http_method":"POST","server":"localhost","referrer":"http://localhost:8081/","uid":"e571a6e"}
[2017-01-13 11:44:28] INFO > #200: (/usuarios) - [] - {"url":"/usuarios?_dc=1484304268476&page=1&start=0&limit=25&sort=nomeusuario&dir=desc","ip":"::1","http_method":"OPTIONS","server":"localhost","referrer":"http://localhost:8081/","uid":"d9db15b"}
[2017-01-13 11:44:28] INFO > #200: (/usuarios) - [] - {"url":"/usuarios?_dc=1484304268476&page=1&start=0&limit=25&sort=nomeusuario&dir=desc","ip":"::1","http_method":"GET","server":"localhost","referrer":"http://localhost:8081/","uid":"c86ff0d"}
[2017-01-13 11:44:44] INFO > #200: (/usuarios/100) - [] - {"url":"/usuarios/100","ip":"::1","http_method":"OPTIONS","server":"localhost","referrer":"http://localhost:8081/","uid":"41480fa"}
[2017-01-13 11:44:44] WARNING > #405: (/usuarios/100) - [] - {"url":"/usuarios/100","ip":"::1","http_method":"PUT","server":"localhost","referrer":"http://localhost:8081/","uid":"6b86daa"}
[2017-01-13 11:45:09] INFO > #200: (/usuarios) - [] - {"url":"/usuarios?_dc=1484304309806&page=1&start=0&limit=25&sort=nomeusuario&dir=desc","ip":"::1","http_method":"OPTIONS","server":"localhost","referrer":"http://localhost:8081/","uid":"7436048"}
[2017-01-13 11:45:09] INFO > #200: (/usuarios) - [] - {"url":"/usuarios?_dc=1484304309806&page=1&start=0&limit=25&sort=nomeusuario&dir=desc","ip":"::1","http_method":"GET","server":"localhost","referrer":"http://localhost:8081/","uid":"3d46b60"}
[2017-01-13 11:45:24] INFO > #200: (/usuarios/100) - [] - {"url":"/usuarios/100","ip":"::1","http_method":"PATCH","server":"localhost","referrer":"http://localhost:8081/","uid":"f9cf9ed"}
[2017-01-13 11:45:25] INFO > #200: (/usuarios) - [] - {"url":"/usuarios?_dc=1484304325908&page=1&start=0&limit=25&sort=nomeusuario&dir=desc","ip":"::1","http_method":"OPTIONS","server":"localhost","referrer":"http://localhost:8081/","uid":"fe568d8"}
[2017-01-13 11:45:26] INFO > #200: (/usuarios) - [] - {"url":"/usuarios?_dc=1484304325908&page=1&start=0&limit=25&sort=nomeusuario&dir=desc","ip":"::1","http_method":"GET","server":"localhost","referrer":"http://localhost:8081/","uid":"5e11346"}
[2017-01-13 11:50:20] INFO > #200: (/usuarios) - [] - {"url":"/usuarios?_dc=1484304620137&page=1&start=0&limit=25&sort=nomeusuario&dir=desc","ip":"::1","http_method":"OPTIONS","server":"localhost","referrer":"http://localhost:8081/","uid":"7dc8b85"}
[2017-01-13 11:50:20] INFO > #200: (/usuarios) - [] - {"url":"/usuarios?_dc=1484304620137&page=1&start=0&limit=25&sort=nomeusuario&dir=desc","ip":"::1","http_method":"GET","server":"localhost","referrer":"http://localhost:8081/","uid":"36c8c8f"}
[2017-01-13 11:50:20] INFO > #200: (/usuarios) - [] - {"url":"/usuarios?_dc=1484304620666&page=1&start=0&limit=25&sort=nomeusuario&dir=desc","ip":"::1","http_method":"OPTIONS","server":"localhost","referrer":"http://localhost:8081/","uid":"153f8be"}
[2017-01-13 11:50:20] INFO > #200: (/usuarios) - [] - {"url":"/usuarios?_dc=1484304620666&page=1&start=0&limit=25&sort=nomeusuario&dir=desc","ip":"::1","http_method":"GET","server":"localhost","referrer":"http://localhost:8081/","uid":"d2b8930"}
[2017-01-13 11:50:21] INFO > #200: (/usuarios) - [] - {"url":"/usuarios?_dc=1484304621315&page=1&start=0&limit=25&sort=nomeusuario&dir=desc","ip":"::1","http_method":"OPTIONS","server":"localhost","referrer":"http://localhost:8081/","uid":"9633c20"}
[2017-01-13 11:50:21] INFO > #200: (/usuarios) - [] - {"url":"/usuarios?_dc=1484304621315&page=1&start=0&limit=25&sort=nomeusuario&dir=desc","ip":"::1","http_method":"GET","server":"localhost","referrer":"http://localhost:8081/","uid":"bace34b"}
[2017-01-13 11:50:23] INFO > #200: (/usuarios) - [] - {"url":"/usuarios?_dc=1484304623780&page=1&start=0&limit=25&sort=nomeusuario&dir=desc","ip":"::1","http_method":"OPTIONS","server":"localhost","referrer":"http://localhost:8081/","uid":"39d7f09"}
[2017-01-13 11:50:23] INFO > #200: (/usuarios) - [] - {"url":"/usuarios?_dc=1484304623780&page=1&start=0&limit=25&sort=nomeusuario&dir=desc","ip":"::1","http_method":"GET","server":"localhost","referrer":"http://localhost:8081/","uid":"bb9678f"}
[2017-01-13 11:56:09] INFO > #200: (/usuarios) - [] - {"url":"/usuarios?_dc=1484304969343&page=1&start=0&limit=25&sort=nomeusuario&dir=desc","ip":"::1","http_method":"OPTIONS","server":"localhost","referrer":"http://localhost:8081/","uid":"11933c0"}
[2017-01-13 11:56:09] INFO > #200: (/usuarios) - [] - {"url":"/usuarios?_dc=1484304969343&page=1&start=0&limit=25&sort=nomeusuario&dir=desc","ip":"::1","http_method":"GET","server":"localhost","referrer":"http://localhost:8081/","uid":"ab548d1"}
[2017-01-13 11:56:13] INFO > #200: (/usuarios/100) - [] - {"url":"/usuarios/100","ip":"::1","http_method":"OPTIONS","server":"localhost","referrer":"http://localhost:8081/","uid":"366ef46"}
[2017-01-13 11:56:13] INFO > #200: (/usuarios/100) - [] - {"url":"/usuarios/100","ip":"::1","http_method":"PATCH","server":"localhost","referrer":"http://localhost:8081/","uid":"0bfc1e1"}
[2017-01-13 11:56:14] INFO > #200: (/usuarios) - [] - {"url":"/usuarios?_dc=1484304974710&page=1&start=0&limit=25&sort=nomeusuario&dir=desc","ip":"::1","http_method":"OPTIONS","server":"localhost","referrer":"http://localhost:8081/","uid":"c309fb0"}
[2017-01-13 11:56:14] INFO > #200: (/usuarios) - [] - {"url":"/usuarios?_dc=1484304974710&page=1&start=0&limit=25&sort=nomeusuario&dir=desc","ip":"::1","http_method":"GET","server":"localhost","referrer":"http://localhost:8081/","uid":"6f7d542"}
[2017-01-13 11:59:36] INFO > #200: (/usuarios/100) - [] - {"url":"/usuarios/100","ip":"::1","http_method":"PATCH","server":"localhost","referrer":"http://localhost:8081/","uid":"02757e9"}
[2017-01-13 11:59:37] INFO > #200: (/usuarios) - [] - {"url":"/usuarios?_dc=1484305177802&page=1&start=0&limit=25&sort=nomeusuario&dir=desc","ip":"::1","http_method":"OPTIONS","server":"localhost","referrer":"http://localhost:8081/","uid":"ebad439"}
[2017-01-13 11:59:37] INFO > #200: (/usuarios) - [] - {"url":"/usuarios?_dc=1484305177802&page=1&start=0&limit=25&sort=nomeusuario&dir=desc","ip":"::1","http_method":"GET","server":"localhost","referrer":"http://localhost:8081/","uid":"76ec4e4"}
[2017-01-13 11:59:47] INFO > #200: (/usuarios/100) - [] - {"url":"/usuarios/100","ip":"::1","http_method":"PATCH","server":"localhost","referrer":"http://localhost:8081/","uid":"01cd4f8"}
[2017-01-13 11:59:48] INFO > #200: (/usuarios) - [] - {"url":"/usuarios?_dc=1484305188407&page=1&start=0&limit=25&sort=nomeusuario&dir=desc","ip":"::1","http_method":"OPTIONS","server":"localhost","referrer":"http://localhost:8081/","uid":"6cd9199"}
[2017-01-13 11:59:48] INFO > #200: (/usuarios) - [] - {"url":"/usuarios?_dc=1484305188407&page=1&start=0&limit=25&sort=nomeusuario&dir=desc","ip":"::1","http_method":"GET","server":"localhost","referrer":"http://localhost:8081/","uid":"d9e3d50"}
[2017-01-13 12:32:45] INFO > #200: (/usuarios) - [] - {"url":"/usuarios?_dc=1484307165212&page=1&start=0&limit=25&sort=nomeusuario&dir=desc","ip":"::1","http_method":"OPTIONS","server":"localhost","referrer":"http://localhost:8081/","uid":"ac00086"}
[2017-01-13 12:32:45] INFO > #200: (/usuarios) - [] - {"url":"/usuarios?_dc=1484307165212&page=1&start=0&limit=25&sort=nomeusuario&dir=desc","ip":"::1","http_method":"GET","server":"localhost","referrer":"http://localhost:8081/","uid":"1069d6f"}
[2017-01-13 12:36:07] INFO > #200: (/usuarios) - [] - {"url":"/usuarios?_dc=1484307367570&page=1&start=0&limit=25&sort=nomeusuario&dir=desc","ip":"::1","http_method":"OPTIONS","server":"localhost","referrer":"http://localhost:8081/","uid":"240ac93"}
[2017-01-13 12:36:07] INFO > #200: (/usuarios) - [] - {"url":"/usuarios?_dc=1484307367570&page=1&start=0&limit=25&sort=nomeusuario&dir=desc","ip":"::1","http_method":"GET","server":"localhost","referrer":"http://localhost:8081/","uid":"98183ec"}
[2017-01-13 12:43:01] INFO > #200: (/usuarios) - [] - {"url":"/usuarios?_dc=1484307781923&page=1&start=0&limit=25&sort=nomeusuario&dir=desc","ip":"::1","http_method":"OPTIONS","server":"localhost","referrer":"http://localhost:8081/","uid":"9a03151"}
[2017-01-13 12:43:02] INFO > #200: (/usuarios) - [] - {"url":"/usuarios?_dc=1484307781923&page=1&start=0&limit=25&sort=nomeusuario&dir=desc","ip":"::1","http_method":"GET","server":"localhost","referrer":"http://localhost:8081/","uid":"b446175"}
[2017-01-13 12:48:19] INFO > #200: (/usuarios) - [] - {"url":"/usuarios?_dc=1484308099169&page=1&start=0&limit=25&sort=nomeusuario&dir=desc","ip":"::1","http_method":"OPTIONS","server":"localhost","referrer":"http://localhost:8081/","uid":"26e615c"}
[2017-01-13 12:48:19] INFO > #200: (/usuarios) - [] - {"url":"/usuarios?_dc=1484308099169&page=1&start=0&limit=25&sort=nomeusuario&dir=desc","ip":"::1","http_method":"GET","server":"localhost","referrer":"http://localhost:8081/","uid":"79ea3fe"}
[2017-01-13 12:48:26] INFO > #200: (/usuarios/100) - [] - {"url":"/usuarios/100","ip":"::1","http_method":"OPTIONS","server":"localhost","referrer":"http://localhost:8081/","uid":"bdf5790"}
[2017-01-13 12:54:31] INFO > #200: (/usuarios) - [] - {"url":"/usuarios?_dc=1484308471152&page=1&start=0&limit=25&sort=nomeusuario&dir=desc","ip":"::1","http_method":"OPTIONS","server":"localhost","referrer":"http://localhost:8081/","uid":"835a46b"}
[2017-01-13 12:54:31] INFO > #200: (/usuarios) - [] - {"url":"/usuarios?_dc=1484308471152&page=1&start=0&limit=25&sort=nomeusuario&dir=desc","ip":"::1","http_method":"GET","server":"localhost","referrer":"http://localhost:8081/","uid":"ed28430"}
[2017-01-13 12:54:46] INFO > #200: (/usuarios/100) - [] - {"url":"/usuarios/100","ip":"::1","http_method":"DELETE","server":"localhost","referrer":"http://localhost:8081/","uid":"ad61633"}
[2017-01-13 12:54:47] INFO > #200: (/usuarios) - [] - {"url":"/usuarios?_dc=1484308487850&page=1&start=0&limit=25&sort=nomeusuario&dir=desc","ip":"::1","http_method":"OPTIONS","server":"localhost","referrer":"http://localhost:8081/","uid":"1ed607e"}
[2017-01-13 12:54:47] INFO > #200: (/usuarios) - [] - {"url":"/usuarios?_dc=1484308487850&page=1&start=0&limit=25&sort=nomeusuario&dir=desc","ip":"::1","http_method":"GET","server":"localhost","referrer":"http://localhost:8081/","uid":"7bcd784"}
[2017-01-13 12:55:10] INFO > #200: (/usuarios/99) - [] - {"url":"/usuarios/99","ip":"::1","http_method":"OPTIONS","server":"localhost","referrer":"http://localhost:8081/","uid":"cbfee75"}
[2017-01-13 12:55:10] INFO > #200: (/usuarios/99) - [] - {"url":"/usuarios/99","ip":"::1","http_method":"DELETE","server":"localhost","referrer":"http://localhost:8081/","uid":"c001325"}
[2017-01-13 12:55:12] INFO > #200: (/usuarios) - [] - {"url":"/usuarios?_dc=1484308512354&page=1&start=0&limit=25&sort=nomeusuario&dir=desc","ip":"::1","http_method":"OPTIONS","server":"localhost","referrer":"http://localhost:8081/","uid":"7a9cd86"}
[2017-01-13 12:55:12] INFO > #200: (/usuarios) - [] - {"url":"/usuarios?_dc=1484308512354&page=1&start=0&limit=25&sort=nomeusuario&dir=desc","ip":"::1","http_method":"GET","server":"localhost","referrer":"http://localhost:8081/","uid":"804c403"}
[2017-01-13 13:01:43] INFO > #200: (/usuarios) - [] - {"url":"/usuarios?_dc=1484308903034&page=1&start=0&limit=25&sort=nomeusuario&dir=desc","ip":"::1","http_method":"OPTIONS","server":"localhost","referrer":"http://localhost:8081/","uid":"67638a6"}
[2017-01-13 13:01:43] INFO > #200: (/usuarios) - [] - {"url":"/usuarios?_dc=1484308903034&page=1&start=0&limit=25&sort=nomeusuario&dir=desc","ip":"::1","http_method":"GET","server":"localhost","referrer":"http://localhost:8081/","uid":"a534bcb"}
[2017-01-13 13:03:05] INFO > #200: (/usuarios) - [] - {"url":"/usuarios","ip":"::1","http_method":"OPTIONS","server":"localhost","referrer":"http://localhost:8081/","uid":"fa0985e"}
[2017-01-13 13:03:05] INFO > #200: (/usuarios) - [] - {"url":"/usuarios","ip":"::1","http_method":"POST","server":"localhost","referrer":"http://localhost:8081/","uid":"e20ce5f"}
[2017-01-13 13:03:06] INFO > #200: (/usuarios) - [] - {"url":"/usuarios?_dc=1484308986856&page=1&start=0&limit=25&sort=nomeusuario&dir=desc","ip":"::1","http_method":"OPTIONS","server":"localhost","referrer":"http://localhost:8081/","uid":"9045c79"}
[2017-01-13 13:03:06] INFO > #200: (/usuarios) - [] - {"url":"/usuarios?_dc=1484308986856&page=1&start=0&limit=25&sort=nomeusuario&dir=desc","ip":"::1","http_method":"GET","server":"localhost","referrer":"http://localhost:8081/","uid":"e37b68b"}
[2017-01-13 13:21:23] INFO > #200: (/usuarios) - [] - {"url":"/usuarios?_dc=1484310083540&page=1&start=0&limit=25&sort=nomeusuario&dir=desc","ip":"::1","http_method":"OPTIONS","server":"localhost","referrer":"http://localhost:8081/","uid":"58aaf62"}
[2017-01-13 13:21:23] INFO > #200: (/usuarios) - [] - {"url":"/usuarios?_dc=1484310083540&page=1&start=0&limit=25&sort=nomeusuario&dir=desc","ip":"::1","http_method":"GET","server":"localhost","referrer":"http://localhost:8081/","uid":"d50efa2"}
[2017-01-13 13:21:31] INFO > #200: (/usuarios/104) - [] - {"url":"/usuarios/104","ip":"::1","http_method":"OPTIONS","server":"localhost","referrer":"http://localhost:8081/","uid":"3b5a19e"}
[2017-01-13 13:21:31] INFO > #200: (/usuarios/104) - [] - {"url":"/usuarios/104","ip":"::1","http_method":"PATCH","server":"localhost","referrer":"http://localhost:8081/","uid":"966cdf4"}
[2017-01-13 13:21:32] INFO > #200: (/usuarios) - [] - {"url":"/usuarios?_dc=1484310092798&page=1&start=0&limit=25&sort=nomeusuario&dir=desc","ip":"::1","http_method":"OPTIONS","server":"localhost","referrer":"http://localhost:8081/","uid":"27b1b2b"}
[2017-01-13 13:21:32] INFO > #200: (/usuarios) - [] - {"url":"/usuarios?_dc=1484310092798&page=1&start=0&limit=25&sort=nomeusuario&dir=desc","ip":"::1","http_method":"GET","server":"localhost","referrer":"http://localhost:8081/","uid":"7687baa"}
[2017-01-13 13:33:12] INFO > #200: (/usuarios) - [] - {"url":"/usuarios?_dc=1484310792605&page=1&start=0&limit=25&sort=nomeusuario&dir=desc","ip":"::1","http_method":"OPTIONS","server":"localhost","referrer":"http://localhost:8081/","uid":"f3bec14"}
[2017-01-13 13:33:12] INFO > #200: (/usuarios) - [] - {"url":"/usuarios?_dc=1484310792605&page=1&start=0&limit=25&sort=nomeusuario&dir=desc","ip":"::1","http_method":"GET","server":"localhost","referrer":"http://localhost:8081/","uid":"dfab3ed"}
[2017-01-13 13:37:17] WARNING > #404: (/programadores) - [] - {"url":"/programadores?_dc=1484311037470&page=1&start=0&limit=25&sort=nomeprogramador&dir=desc","ip":"::1","http_method":"OPTIONS","server":"localhost","referrer":"http://localhost:8081/","uid":"0bcf6ae"}
[2017-01-13 13:40:23] WARNING > #404: (/programadores) - [] - {"url":"/programadores?_dc=1484311223369&page=1&start=0&limit=25&sort=nomeprogramador&dir=desc","ip":"::1","http_method":"OPTIONS","server":"localhost","referrer":"http://localhost:8081/","uid":"cab0115"}
[2017-01-13 13:43:18] WARNING > #404: (/programadores) - [] - {"url":"/programadores?_dc=1484311398634&page=1&start=0&limit=25&sort=nomeprogramador&dir=desc","ip":"::1","http_method":"OPTIONS","server":"localhost","referrer":"http://localhost:8081/","uid":"76fcda2"}
[2017-01-13 13:44:52] WARNING > #404: (/programadores) - [] - {"url":"/programadores?_dc=1484311492912&page=1&start=0&limit=25&sort=nomeprogramador&dir=desc","ip":"::1","http_method":"OPTIONS","server":"localhost","referrer":"http://localhost:8081/","uid":"e0bc999"}
[2017-01-13 13:46:24] WARNING > #404: (/programadores) - [] - {"url":"/programadores?_dc=1484311584802&page=1&start=0&limit=25&sort=nomeprogramador&dir=desc","ip":"::1","http_method":"OPTIONS","server":"localhost","referrer":"http://localhost:8081/","uid":"d41895f"}
[2017-01-13 13:49:54] WARNING > #404: (/programadores) - [] - {"url":"/programadores?_dc=1484311794830&page=1&start=0&limit=25&sort=nomeprogramador&dir=desc","ip":"::1","http_method":"OPTIONS","server":"localhost","referrer":"http://localhost:8081/","uid":"da840a5"}
[2017-01-13 13:52:35] WARNING > #404: (/programadores) - [] - {"url":"/programadores?_dc=1484311955050&page=1&start=0&limit=25&sort=nomeprogramador&dir=desc","ip":"::1","http_method":"OPTIONS","server":"localhost","referrer":"http://localhost:8081/","uid":"5f91e32"}
[2017-01-13 13:55:51] WARNING > #404: (/programadores) - [] - {"url":"/programadores?_dc=1484312151223&page=1&start=0&limit=25&sort=nomeprogramador&dir=desc","ip":"::1","http_method":"OPTIONS","server":"localhost","referrer":"http://localhost:8081/","uid":"a40eafb"}
[2017-01-13 13:57:43] WARNING > #404: (/programadores) - [] - {"url":"/programadores?_dc=1484312263517&page=1&start=0&limit=25&sort=nomeprogramador&dir=desc","ip":"::1","http_method":"OPTIONS","server":"localhost","referrer":"http://localhost:8081/","uid":"7471e2c"}
[2017-01-13 13:58:38] WARNING > #404: (/programadores) - [] - {"url":"/programadores?_dc=1484312318765&page=1&start=0&limit=25&sort=nomeprogramador&dir=desc","ip":"::1","http_method":"OPTIONS","server":"localhost","referrer":"http://localhost:8081/","uid":"f3b2ece"}
[2017-01-13 13:58:55] WARNING > #404: (/programadores) - [] - {"url":"/programadores?_dc=1484312335639&page=1&start=0&limit=25&sort=nomeprogramador&dir=desc","ip":"::1","http_method":"OPTIONS","server":"localhost","referrer":"http://localhost:8081/","uid":"377ab97"}
[2017-01-13 13:59:47] WARNING > #404: (/programadores) - [] - {"url":"/programadores?_dc=1484312387731&page=1&start=0&limit=25&sort=nomeprogramador&dir=desc","ip":"::1","http_method":"OPTIONS","server":"localhost","referrer":"http://localhost:8081/","uid":"0f8c40e"}
[2017-01-13 14:00:20] WARNING > #404: (/programadores) - [] - {"url":"/programadores?_dc=1484312420798&page=1&start=0&limit=25&sort=nomeprogramador&dir=desc","ip":"::1","http_method":"OPTIONS","server":"localhost","referrer":"http://localhost:8081/","uid":"0432100"}
[2017-01-13 14:00:35] WARNING > #404: (/programadores) - [] - {"url":"/programadores?_dc=1484312435340&page=1&start=0&limit=25&sort=nomeprogramador&dir=desc","ip":"::1","http_method":"OPTIONS","server":"localhost","referrer":"http://localhost:8081/","uid":"59fa439"}
[2017-01-13 14:00:58] WARNING > #404: (/programadores) - [] - {"url":"/programadores?_dc=1484312458574&page=1&start=0&limit=25&sort=nomeprogramador&dir=desc","ip":"::1","http_method":"OPTIONS","server":"localhost","referrer":"http://localhost:8081/","uid":"650499f"}
[2017-01-13 14:02:25] WARNING > #404: (/programadores) - [] - {"url":"/programadores?_dc=1484312545958&page=1&start=0&limit=25&sort=nomeprogramador&dir=desc","ip":"::1","http_method":"OPTIONS","server":"localhost","referrer":"http://localhost:8081/","uid":"00790f7"}
[2017-01-13 14:04:35] WARNING > #404: (/programadores) - [] - {"url":"/programadores?_dc=1484312675411&page=1&start=0&limit=25&sort=nomeprogramador&dir=desc","ip":"::1","http_method":"OPTIONS","server":"localhost","referrer":"http://localhost:8081/","uid":"431f9fb"}
[2017-01-13 14:04:43] WARNING > #404: (/programadores) - [] - {"url":"/programadores?_dc=1484312683732&page=1&start=0&limit=25&sort=nomeprogramador&dir=desc","ip":"::1","http_method":"OPTIONS","server":"localhost","referrer":"http://localhost:8081/","uid":"6de6e8f"}
[2017-01-13 14:12:40] INFO > #200: (/programadores) - [] - {"url":"/programadores?_dc=1484313159975&page=1&start=0&limit=25&sort=nomeprogramador&dir=desc","ip":"::1","http_method":"OPTIONS","server":"localhost","referrer":"http://localhost:8081/","uid":"e421f3c"}
[2017-01-13 14:12:49] INFO > #200: (/programadores) - [] - {"url":"/programadores?_dc=1484313169501&page=1&start=0&limit=25&sort=nomeprogramador&dir=desc","ip":"::1","http_method":"OPTIONS","server":"localhost","referrer":"http://localhost:8081/","uid":"5bd900f"}
[2017-01-13 14:14:20] INFO > #200: (/programadores) - [] - {"url":"/programadores?_dc=1484313259980&page=1&start=0&limit=25&sort=nomeprogramador&dir=desc","ip":"::1","http_method":"OPTIONS","server":"localhost","referrer":"http://localhost:8081/","uid":"2596b96"}
[2017-01-13 14:15:45] INFO > #200: (/programadores) - [] - {"url":"/programadores?_dc=1484313345096&page=1&start=0&limit=25&sort=nomeprogramador&dir=desc","ip":"::1","http_method":"OPTIONS","server":"localhost","referrer":"http://localhost:8081/","uid":"beaa611"}
[2017-01-13 14:19:25] INFO > #200: (/programadores) - [] - {"url":"/programadores?_dc=1484313565761&page=1&start=0&limit=25&sort=nomeprogramador&dir=desc","ip":"::1","http_method":"OPTIONS","server":"localhost","referrer":"http://localhost:8081/","uid":"57197e6"}
[2017-01-13 14:21:46] INFO > #200: (/programadores) - [] - {"url":"/programadores?_dc=1484313706168&page=1&start=0&limit=25&sort=nomeprogramador&dir=desc","ip":"::1","http_method":"OPTIONS","server":"localhost","referrer":"http://localhost:8081/","uid":"7eaf7b5"}
[2017-01-13 14:22:20] INFO > #200: (/programadores) - [] - {"url":"/programadores?_dc=1484313740645&page=1&start=0&limit=25&sort=nomeprogramador&dir=desc","ip":"::1","http_method":"OPTIONS","server":"localhost","referrer":"http://localhost:8081/","uid":"f869c58"}
[2017-01-13 14:22:40] INFO > #200: (/programadores) - [] - {"url":"/programadores?_dc=1484313760617&page=1&start=0&limit=25&sort=nomeprogramador&dir=desc","ip":"::1","http_method":"OPTIONS","server":"localhost","referrer":"http://localhost:8081/","uid":"7cefc7f"}
[2017-01-13 16:18:21] INFO > #200: (/programadores) - [] - {"url":"/programadores?_dc=1484320701003&page=1&start=0&limit=25&sort=nomeprogramador&dir=desc","ip":"::1","http_method":"OPTIONS","server":"localhost","referrer":"http://localhost:8081/","uid":"b76f08c"}
[2017-01-13 16:18:56] INFO > #200: (/usuarios) - [] - {"url":"/usuarios?_dc=1484320736338&page=1&start=0&limit=25&sort=nomeusuario&dir=desc","ip":"::1","http_method":"OPTIONS","server":"localhost","referrer":"http://localhost:8081/","uid":"ec4f249"}
[2017-01-13 16:18:56] INFO > #200: (/usuarios) - [] - {"url":"/usuarios?_dc=1484320736338&page=1&start=0&limit=25&sort=nomeusuario&dir=desc","ip":"::1","http_method":"GET","server":"localhost","referrer":"http://localhost:8081/","uid":"969bff6"}
[2017-01-13 16:21:46] INFO > #200: (/programadores) - [] - {"url":"/programadores?_dc=1484320905964&page=1&start=0&limit=25&sort=nomeprogramador&dir=desc","ip":"::1","http_method":"OPTIONS","server":"localhost","referrer":"http://localhost:8081/","uid":"8c33bb8"}
[2017-01-13 16:23:36] INFO > #200: (/programadores) - [] - {"url":"/programadores?_dc=1484321016777&page=1&start=0&limit=25&sort=nomeprogramador&dir=desc","ip":"::1","http_method":"OPTIONS","server":"localhost","referrer":"http://localhost:8081/","uid":"8816470"}
[2017-01-13 16:27:09] INFO > #200: (/programadores) - [] - {"url":"/programadores?_dc=1484321229788&page=1&start=0&limit=25&sort=nomeprogramador&dir=desc","ip":"::1","http_method":"OPTIONS","server":"localhost","referrer":"http://localhost:8081/","uid":"ea758d2"}
[2017-01-13 16:29:01] INFO > #200: (/usuarios) - [] - {"url":"/usuarios","ip":"::1","http_method":"GET","server":"localhost","referrer":null,"uid":"badda6f"}
[2017-01-13 16:54:42] WARNING > #403: (/) - [] - {"url":"/","ip":"::1","http_method":"GET","server":"localhost","referrer":null,"uid":"fb63700"}
[2017-01-13 16:55:16] WARNING > #404: (/projetosa) - [] - {"url":"/projetosa","ip":"::1","http_method":"GET","server":"localhost","referrer":null,"uid":"c35272f"}
[2017-01-13 17:09:34] INFO > #200: (/usuarios) - [] - {"url":"/usuarios","ip":"::1","http_method":"GET","server":"localhost","referrer":null,"uid":"b505377"}
[2017-01-13 17:42:29] WARNING > #403: (/) - [] - {"url":"/","ip":"::1","http_method":"GET","server":"localhost","referrer":null,"uid":"2b64e07"}
[2017-01-13 19:19:08] INFO > #200: (/programadores) - [] - {"url":"/programadores?_dc=1484331547989&page=1&start=0&limit=25&sort=nomeprogramador&dir=desc","ip":"::1","http_method":"OPTIONS","server":"localhost","referrer":"http://localhost:8081/","uid":"ff1e480"}
[2017-01-13 19:19:43] INFO > #200: (/usuarios) - [] - {"url":"/usuarios?_dc=1484331581593&page=1&start=0&limit=25&sort=nomeusuario&dir=desc","ip":"::1","http_method":"OPTIONS","server":"localhost","referrer":"http://localhost:8081/","uid":"8322832"}
[2017-01-13 19:19:43] INFO > #200: (/usuarios) - [] - {"url":"/usuarios?_dc=1484331581593&page=1&start=0&limit=25&sort=nomeusuario&dir=desc","ip":"::1","http_method":"GET","server":"localhost","referrer":"http://localhost:8081/","uid":"511a8d6"}
[2017-01-13 19:19:53] INFO > #200: (/usuarios/1) - [] - {"url":"/usuarios/1","ip":"::1","http_method":"OPTIONS","server":"localhost","referrer":"http://localhost:8081/","uid":"5338b76"}
[2017-01-13 19:19:53] INFO > #200: (/usuarios/1) - [] - {"url":"/usuarios/1","ip":"::1","http_method":"PATCH","server":"localhost","referrer":"http://localhost:8081/","uid":"f27a5e9"}
[2017-01-13 19:23:02] INFO > #200: (/usuarios) - [] - {"url":"/usuarios?_dc=1484331782015&page=1&start=0&limit=25&sort=nomeusuario&dir=desc","ip":"::1","http_method":"OPTIONS","server":"localhost","referrer":"http://localhost:8081/","uid":"3ac7007"}
[2017-01-13 19:23:02] INFO > #200: (/usuarios) - [] - {"url":"/usuarios?_dc=1484331782015&page=1&start=0&limit=25&sort=nomeusuario&dir=desc","ip":"::1","http_method":"GET","server":"localhost","referrer":"http://localhost:8081/","uid":"d075231"}
[2017-01-13 19:23:50] INFO > #200: (/usuarios) - [] - {"url":"/usuarios?_dc=1484331830093&page=1&start=0&limit=25&sort=nomeusuario&dir=desc","ip":"::1","http_method":"OPTIONS","server":"localhost","referrer":"http://localhost:8081/","uid":"189d492"}
[2017-01-13 19:23:50] INFO > #200: (/usuarios) - [] - {"url":"/usuarios?_dc=1484331830093&page=1&start=0&limit=25&sort=nomeusuario&dir=desc","ip":"::1","http_method":"GET","server":"localhost","referrer":"http://localhost:8081/","uid":"95a1da7"}
[2017-01-13 19:24:03] INFO > #200: (/usuarios) - [] - {"url":"/usuarios?_dc=1484331843126&page=1&start=0&limit=25&sort=nomeusuario&dir=desc","ip":"::1","http_method":"OPTIONS","server":"localhost","referrer":"http://localhost:8081/","uid":"36a58a5"}
[2017-01-13 19:24:03] INFO > #200: (/usuarios) - [] - {"url":"/usuarios?_dc=1484331843126&page=1&start=0&limit=25&sort=nomeusuario&dir=desc","ip":"::1","http_method":"GET","server":"localhost","referrer":"http://localhost:8081/","uid":"4aeabc2"}
[2017-01-13 19:24:19] INFO > #200: (/usuarios) - [] - {"url":"/usuarios?_dc=1484331858661&page=1&start=0&limit=25&sort=nomeusuario&dir=desc","ip":"::1","http_method":"OPTIONS","server":"localhost","referrer":"http://localhost:8081/","uid":"5c709bb"}
[2017-01-13 19:24:19] INFO > #200: (/usuarios) - [] - {"url":"/usuarios?_dc=1484331858661&page=1&start=0&limit=25&sort=nomeusuario&dir=desc","ip":"::1","http_method":"GET","server":"localhost","referrer":"http://localhost:8081/","uid":"49d8215"}
[2017-01-13 19:24:31] INFO > #200: (/usuarios) - [] - {"url":"/usuarios?_dc=1484331870718&page=1&start=0&limit=25&sort=nomeusuario&dir=desc","ip":"::1","http_method":"OPTIONS","server":"localhost","referrer":"http://localhost:8081/","uid":"52ae433"}
[2017-01-13 19:24:31] INFO > #200: (/usuarios) - [] - {"url":"/usuarios?_dc=1484331870718&page=1&start=0&limit=25&sort=nomeusuario&dir=desc","ip":"::1","http_method":"GET","server":"localhost","referrer":"http://localhost:8081/","uid":"f5d5234"}
[2017-01-13 19:39:01] INFO > #200: (/usuarios) - [] - {"url":"/usuarios?_dc=1484332741059&page=1&start=0&limit=25&sort=nomeusuario&dir=desc","ip":"::1","http_method":"OPTIONS","server":"localhost","referrer":"http://localhost:8081/","uid":"8936406"}
[2017-01-13 19:39:01] INFO > #200: (/usuarios) - [] - {"url":"/usuarios?_dc=1484332741059&page=1&start=0&limit=25&sort=nomeusuario&dir=desc","ip":"::1","http_method":"GET","server":"localhost","referrer":"http://localhost:8081/","uid":"99c01fb"}
[2017-01-13 19:52:47] INFO > #200: (/clubes) - [] - {"url":"/clubes","ip":"::1","http_method":"GET","server":"localhost","referrer":null,"uid":"549ab73"}
