[2017-01-10 16:16:38] WARNING > #403: (/) - [] - {"url":"/","ip":"::1","http_method":"GET","server":"localhost","referrer":null,"uid":"d2ca5cb"}
[2017-01-10 16:24:24] INFO > #200: (/clubes) - [] - {"url":"/clubes","ip":"::1","http_method":"GET","server":"localhost","referrer":null,"uid":"8c35a99"}
[2017-01-10 16:26:55] INFO > #200: (/clubes) - [] - {"url":"/clubes","ip":"::1","http_method":"GET","server":"localhost","referrer":null,"uid":"0adeadc"}
[2017-01-10 16:28:25] INFO > #200: (/clubes) - [] - {"url":"/clubes","ip":"::1","http_method":"GET","server":"localhost","referrer":null,"uid":"14d83e1"}
[2017-01-10 16:30:50] INFO > #200: (/clubes) - [] - {"url":"/clubes","ip":"::1","http_method":"GET","server":"localhost","referrer":null,"uid":"ce18eb1"}
[2017-01-10 16:34:21] INFO > #200: (/clubes) - [] - {"url":"/clubes","ip":"::1","http_method":"GET","server":"localhost","referrer":null,"uid":"ffee694"}
[2017-01-10 16:35:14] INFO > #200: (/clubes) - [] - {"url":"/clubes","ip":"::1","http_method":"GET","server":"localhost","referrer":null,"uid":"5ae1af2"}
[2017-01-10 16:37:16] INFO > #200: (/clubes) - [] - {"url":"/clubes","ip":"::1","http_method":"GET","server":"localhost","referrer":null,"uid":"6386a03"}
[2017-01-10 16:37:20] INFO > #200: (/clubes) - [] - {"url":"/clubes","ip":"::1","http_method":"GET","server":"localhost","referrer":null,"uid":"ae4d535"}
[2017-01-10 16:39:02] WARNING > #403: (/) - [] - {"url":"/","ip":"::1","http_method":"GET","server":"localhost","referrer":null,"uid":"db77721"}
[2017-01-10 16:39:11] INFO > #200: (/clubes) - [] - {"url":"/clubes","ip":"::1","http_method":"GET","server":"localhost","referrer":null,"uid":"b524486"}
[2017-01-10 17:55:52] INFO > #200: (/clubes) - [] - {"url":"/clubes","ip":"::1","http_method":"GET","server":"localhost","referrer":null,"uid":"7ff5835"}
[2017-01-10 18:06:19] INFO > #200: (/clubes) - [] - {"url":"/clubes","ip":"::1","http_method":"GET","server":"localhost","referrer":null,"uid":"19ebc8b"}
[2017-01-10 18:08:31] INFO > #200: (/clubes) - [] - {"url":"/clubes?_dc=1484068111321&page=1&start=0&limit=25","ip":"::1","http_method":"OPTIONS","server":"localhost","referrer":"http://localhost:8080/","uid":"b083320"}
[2017-01-10 18:08:31] INFO > #200: (/clubes) - [] - {"url":"/clubes?_dc=1484068111321&page=1&start=0&limit=25","ip":"::1","http_method":"GET","server":"localhost","referrer":"http://localhost:8080/","uid":"17aecea"}
[2017-01-10 18:09:01] INFO > #200: (/clubes) - [] - {"url":"/clubes?_dc=1484068141698&page=1&start=0&limit=25&sort=idusuario&dir=desc","ip":"::1","http_method":"OPTIONS","server":"localhost","referrer":"http://localhost:8080/","uid":"d951cfa"}
[2017-01-10 18:09:01] INFO > #200: (/clubes) - [] - {"url":"/clubes?_dc=1484068141698&page=1&start=0&limit=25&sort=idusuario&dir=desc","ip":"::1","http_method":"GET","server":"localhost","referrer":"http://localhost:8080/","uid":"ae7756e"}
[2017-01-10 18:11:56] INFO > #200: (/clubes) - [] - {"url":"/clubes?_dc=1484068316337&page=1&start=0&limit=25&sort=idusuario&dir=desc","ip":"::1","http_method":"OPTIONS","server":"localhost","referrer":"http://localhost:8080/","uid":"d709640"}
[2017-01-10 18:11:56] INFO > #200: (/clubes) - [] - {"url":"/clubes?_dc=1484068316337&page=1&start=0&limit=25&sort=idusuario&dir=desc","ip":"::1","http_method":"GET","server":"localhost","referrer":"http://localhost:8080/","uid":"31b738d"}
[2017-01-10 18:16:28] INFO > #200: (/clubes) - [] - {"url":"/clubes?_dc=1484068588607&page=1&start=0&limit=25&sort=nomeusuario&dir=desc","ip":"::1","http_method":"OPTIONS","server":"localhost","referrer":"http://localhost:8080/","uid":"5483da6"}
[2017-01-10 18:16:28] INFO > #200: (/clubes) - [] - {"url":"/clubes?_dc=1484068588607&page=1&start=0&limit=25&sort=nomeusuario&dir=desc","ip":"::1","http_method":"GET","server":"localhost","referrer":"http://localhost:8080/","uid":"35cb8b0"}
[2017-01-10 18:16:35] INFO > #200: (/clubes) - [] - {"url":"/clubes?_dc=1484068595023&page=1&start=0&limit=25&sort=nomeusuario&dir=desc","ip":"::1","http_method":"OPTIONS","server":"localhost","referrer":"http://localhost:8080/","uid":"bcf645f"}
[2017-01-10 18:16:35] INFO > #200: (/clubes) - [] - {"url":"/clubes?_dc=1484068595023&page=1&start=0&limit=25&sort=nomeusuario&dir=desc","ip":"::1","http_method":"GET","server":"localhost","referrer":"http://localhost:8080/","uid":"7512fc3"}
[2017-01-10 18:17:07] INFO > #200: (/clubes) - [] - {"url":"/clubes?_dc=1484068627105&page=1&start=0&limit=25&sort=nomeusuario&dir=desc","ip":"::1","http_method":"OPTIONS","server":"localhost","referrer":"http://localhost:8080/","uid":"3a3c6a1"}
[2017-01-10 18:17:07] INFO > #200: (/clubes) - [] - {"url":"/clubes?_dc=1484068627105&page=1&start=0&limit=25&sort=nomeusuario&dir=desc","ip":"::1","http_method":"GET","server":"localhost","referrer":"http://localhost:8080/","uid":"d0a58c8"}
[2017-01-10 18:18:06] INFO > #200: (/clubes) - [] - {"url":"/clubes?_dc=1484068686387&page=1&start=0&limit=25&sort=nomeusuario&dir=desc","ip":"::1","http_method":"OPTIONS","server":"localhost","referrer":"http://localhost:8080/","uid":"d11c4a1"}
[2017-01-10 18:18:06] INFO > #200: (/clubes) - [] - {"url":"/clubes?_dc=1484068686387&page=1&start=0&limit=25&sort=nomeusuario&dir=desc","ip":"::1","http_method":"GET","server":"localhost","referrer":"http://localhost:8080/","uid":"1f5717f"}
[2017-01-10 18:18:22] INFO > #200: (/clubes) - [] - {"url":"/clubes?_dc=1484068702729&page=1&start=0&limit=25&sort=nomeusuario&dir=desc","ip":"::1","http_method":"OPTIONS","server":"localhost","referrer":"http://localhost:8080/","uid":"ba205ec"}
[2017-01-10 18:18:22] INFO > #200: (/clubes) - [] - {"url":"/clubes?_dc=1484068702729&page=1&start=0&limit=25&sort=nomeusuario&dir=desc","ip":"::1","http_method":"GET","server":"localhost","referrer":"http://localhost:8080/","uid":"4a6054c"}
[2017-01-10 18:22:16] INFO > #200: (/clubes) - [] - {"url":"/clubes?_dc=1484068936127&page=1&start=0&limit=25&sort=nomeusuario&dir=desc","ip":"::1","http_method":"OPTIONS","server":"localhost","referrer":"http://localhost:8080/","uid":"f3b757d"}
[2017-01-10 18:22:16] INFO > #200: (/clubes) - [] - {"url":"/clubes?_dc=1484068936127&page=1&start=0&limit=25&sort=nomeusuario&dir=desc","ip":"::1","http_method":"GET","server":"localhost","referrer":"http://localhost:8080/","uid":"f84fca8"}
[2017-01-10 18:23:48] INFO > #200: (/clubes) - [] - {"url":"/clubes?_dc=1484069028927&page=1&start=0&limit=25&sort=nomeusuario&dir=desc","ip":"::1","http_method":"OPTIONS","server":"localhost","referrer":"http://localhost:8080/","uid":"b307b4b"}
[2017-01-10 18:23:49] INFO > #200: (/clubes) - [] - {"url":"/clubes?_dc=1484069028927&page=1&start=0&limit=25&sort=nomeusuario&dir=desc","ip":"::1","http_method":"GET","server":"localhost","referrer":"http://localhost:8080/","uid":"b5a94fe"}
[2017-01-10 18:29:12] INFO > #200: (/clubes) - [] - {"url":"/clubes?_dc=1484069352562&page=1&start=0&limit=25&sort=nomeusuario&dir=desc","ip":"::1","http_method":"OPTIONS","server":"localhost","referrer":"http://localhost:8080/","uid":"6252c18"}
[2017-01-10 18:29:12] INFO > #200: (/clubes) - [] - {"url":"/clubes?_dc=1484069352562&page=1&start=0&limit=25&sort=nomeusuario&dir=desc","ip":"::1","http_method":"GET","server":"localhost","referrer":"http://localhost:8080/","uid":"5d77211"}
[2017-01-10 18:30:20] INFO > #200: (/clubes) - [] - {"url":"/clubes?_dc=1484069420529&page=1&start=0&limit=25&sort=nomeusuario&dir=desc","ip":"::1","http_method":"OPTIONS","server":"localhost","referrer":"http://localhost:8080/","uid":"06e1b6c"}
[2017-01-10 18:30:20] INFO > #200: (/clubes) - [] - {"url":"/clubes?_dc=1484069420529&page=1&start=0&limit=25&sort=nomeusuario&dir=desc","ip":"::1","http_method":"GET","server":"localhost","referrer":"http://localhost:8080/","uid":"8042084"}
[2017-01-10 18:31:16] INFO > #200: (/clubes) - [] - {"url":"/clubes?_dc=1484069476621&page=1&start=0&limit=25&sort=nomeusuario&dir=desc","ip":"::1","http_method":"OPTIONS","server":"localhost","referrer":"http://localhost:8080/","uid":"6d114a2"}
[2017-01-10 18:31:16] INFO > #200: (/clubes) - [] - {"url":"/clubes?_dc=1484069476621&page=1&start=0&limit=25&sort=nomeusuario&dir=desc","ip":"::1","http_method":"GET","server":"localhost","referrer":"http://localhost:8080/","uid":"190bf76"}
[2017-01-10 18:31:29] INFO > #200: (/clubes) - [] - {"url":"/clubes?_dc=1484069489264&page=1&start=0&limit=25&sort=nomeusuario&dir=desc","ip":"::1","http_method":"OPTIONS","server":"localhost","referrer":"http://localhost:8080/","uid":"8ac103c"}
[2017-01-10 18:31:29] INFO > #200: (/clubes) - [] - {"url":"/clubes?_dc=1484069489264&page=1&start=0&limit=25&sort=nomeusuario&dir=desc","ip":"::1","http_method":"GET","server":"localhost","referrer":"http://localhost:8080/","uid":"b930317"}
[2017-01-10 18:31:44] INFO > #200: (/clubes) - [] - {"url":"/clubes?_dc=1484069504592&page=1&start=0&limit=25&sort=nomeusuario&dir=desc","ip":"::1","http_method":"OPTIONS","server":"localhost","referrer":"http://localhost:8080/","uid":"04a8806"}
[2017-01-10 18:31:44] INFO > #200: (/clubes) - [] - {"url":"/clubes?_dc=1484069504592&page=1&start=0&limit=25&sort=nomeusuario&dir=desc","ip":"::1","http_method":"GET","server":"localhost","referrer":"http://localhost:8080/","uid":"06ddef0"}
[2017-01-10 18:33:41] INFO > #200: (/clubes) - [] - {"url":"/clubes?_dc=1484069621753&page=1&start=0&limit=25&sort=nomeusuario&dir=desc","ip":"::1","http_method":"OPTIONS","server":"localhost","referrer":"http://localhost:8080/","uid":"ab1208b"}
[2017-01-10 18:33:41] INFO > #200: (/clubes) - [] - {"url":"/clubes?_dc=1484069621753&page=1&start=0&limit=25&sort=nomeusuario&dir=desc","ip":"::1","http_method":"GET","server":"localhost","referrer":"http://localhost:8080/","uid":"7afc88d"}
[2017-01-10 18:34:55] INFO > #200: (/clubes) - [] - {"url":"/clubes?_dc=1484069695675&page=1&start=0&limit=25&sort=nomeusuario&dir=desc","ip":"::1","http_method":"OPTIONS","server":"localhost","referrer":"http://localhost:8080/","uid":"6468990"}
[2017-01-10 18:34:55] INFO > #200: (/clubes) - [] - {"url":"/clubes?_dc=1484069695675&page=1&start=0&limit=25&sort=nomeusuario&dir=desc","ip":"::1","http_method":"GET","server":"localhost","referrer":"http://localhost:8080/","uid":"ab0b764"}
[2017-01-10 19:03:07] INFO > #200: (/clubes) - [] - {"url":"/clubes?_dc=1484071387123&page=1&start=0&limit=25&sort=nomeusuario&dir=desc","ip":"::1","http_method":"OPTIONS","server":"localhost","referrer":"http://localhost:8080/","uid":"c947fc3"}
[2017-01-10 19:03:07] INFO > #200: (/clubes) - [] - {"url":"/clubes?_dc=1484071387123&page=1&start=0&limit=25&sort=nomeusuario&dir=desc","ip":"::1","http_method":"GET","server":"localhost","referrer":"http://localhost:8080/","uid":"2aa714d"}
[2017-01-10 19:41:00] INFO > #200: (/clubes) - [] - {"url":"/clubes?_dc=1484073660496&page=1&start=0&limit=25&sort=nomeusuario&dir=desc","ip":"::1","http_method":"OPTIONS","server":"localhost","referrer":"http://localhost:8080/","uid":"2f08506"}
[2017-01-10 19:41:00] INFO > #200: (/clubes) - [] - {"url":"/clubes?_dc=1484073660496&page=1&start=0&limit=25&sort=nomeusuario&dir=desc","ip":"::1","http_method":"GET","server":"localhost","referrer":"http://localhost:8080/","uid":"ca603e8"}
[2017-01-10 19:41:47] INFO > #200: (/clubes) - [] - {"url":"/clubes","ip":"::1","http_method":"OPTIONS","server":"localhost","referrer":"http://localhost:8080/","uid":"cca7c09"}
[2017-01-10 19:42:01] INFO > #200: (/clubes) - [] - {"url":"/clubes?_dc=1484073721147&page=1&start=0&limit=25&sort=nomeusuario&dir=desc","ip":"::1","http_method":"OPTIONS","server":"localhost","referrer":"http://localhost:8080/","uid":"ef4f3ec"}
[2017-01-10 19:42:01] INFO > #200: (/clubes) - [] - {"url":"/clubes?_dc=1484073721147&page=1&start=0&limit=25&sort=nomeusuario&dir=desc","ip":"::1","http_method":"GET","server":"localhost","referrer":"http://localhost:8080/","uid":"ef3d446"}
[2017-01-10 19:44:43] INFO > #200: (/clubes) - [] - {"url":"/clubes?_dc=1484073883450&page=1&start=0&limit=25&sort=nomeusuario&dir=desc","ip":"::1","http_method":"OPTIONS","server":"localhost","referrer":"http://localhost/trend/","uid":"2f5b995"}
[2017-01-10 19:44:43] INFO > #200: (/clubes) - [] - {"url":"/clubes?_dc=1484073883450&page=1&start=0&limit=25&sort=nomeusuario&dir=desc","ip":"::1","http_method":"GET","server":"localhost","referrer":"http://localhost/trend/","uid":"97b2074"}
[2017-01-10 19:45:12] INFO > #200: (/clubes) - [] - {"url":"/clubes","ip":"::1","http_method":"OPTIONS","server":"localhost","referrer":"http://localhost/trend/","uid":"24087e6"}
[2017-01-10 19:45:15] INFO > #200: (/clubes) - [] - {"url":"/clubes?_dc=1484073915359&page=1&start=0&limit=25&sort=nomeusuario&dir=desc","ip":"::1","http_method":"OPTIONS","server":"localhost","referrer":"http://localhost/trend/","uid":"556dbdf"}
[2017-01-10 19:45:15] INFO > #200: (/clubes) - [] - {"url":"/clubes?_dc=1484073915359&page=1&start=0&limit=25&sort=nomeusuario&dir=desc","ip":"::1","http_method":"GET","server":"localhost","referrer":"http://localhost/trend/","uid":"208d7f8"}
[2017-01-10 19:45:43] INFO > #200: (/clubes) - [] - {"url":"/clubes?_dc=1484073943302&page=1&start=0&limit=25&sort=nomeusuario&dir=desc","ip":"::1","http_method":"OPTIONS","server":"localhost","referrer":"http://localhost/trend/","uid":"491b725"}
[2017-01-10 19:45:43] INFO > #200: (/clubes) - [] - {"url":"/clubes?_dc=1484073943302&page=1&start=0&limit=25&sort=nomeusuario&dir=desc","ip":"::1","http_method":"GET","server":"localhost","referrer":"http://localhost/trend/","uid":"408d076"}
[2017-01-10 19:47:01] INFO > #200: (/clubes) - [] - {"url":"/clubes?_dc=1484074021007&page=1&start=0&limit=25&sort=nomeusuario&dir=desc","ip":"::1","http_method":"OPTIONS","server":"localhost","referrer":"http://localhost/trend/","uid":"3a96f9e"}
[2017-01-10 19:47:01] INFO > #200: (/clubes) - [] - {"url":"/clubes?_dc=1484074021007&page=1&start=0&limit=25&sort=nomeusuario&dir=desc","ip":"::1","http_method":"GET","server":"localhost","referrer":"http://localhost/trend/","uid":"bc34942"}
[2017-01-10 19:55:19] INFO > #200: (/clubes) - [] - {"url":"/clubes?_dc=1484074519811&page=1&start=0&limit=25&sort=nomeusuario&dir=desc","ip":"::1","http_method":"OPTIONS","server":"localhost","referrer":"http://localhost/trend/","uid":"1b3da4a"}
[2017-01-10 19:55:19] INFO > #200: (/clubes) - [] - {"url":"/clubes?_dc=1484074519811&page=1&start=0&limit=25&sort=nomeusuario&dir=desc","ip":"::1","http_method":"GET","server":"localhost","referrer":"http://localhost/trend/","uid":"a519e97"}
[2017-01-10 19:56:10] INFO > #200: (/clubes) - [] - {"url":"/clubes","ip":"::1","http_method":"OPTIONS","server":"localhost","referrer":"http://localhost/trend/","uid":"ce60fa9"}
[2017-01-10 19:56:13] INFO > #200: (/clubes) - [] - {"url":"/clubes?_dc=1484074573710&page=1&start=0&limit=25&sort=nomeusuario&dir=desc","ip":"::1","http_method":"OPTIONS","server":"localhost","referrer":"http://localhost/trend/","uid":"e589a51"}
[2017-01-10 19:56:13] INFO > #200: (/clubes) - [] - {"url":"/clubes?_dc=1484074573710&page=1&start=0&limit=25&sort=nomeusuario&dir=desc","ip":"::1","http_method":"GET","server":"localhost","referrer":"http://localhost/trend/","uid":"98f7745"}
[2017-01-10 19:57:03] INFO > #200: (/clubes) - [] - {"url":"/clubes?_dc=1484074623579&page=1&start=0&limit=25&sort=nomeusuario&dir=desc","ip":"::1","http_method":"OPTIONS","server":"localhost","referrer":"http://localhost/trend/","uid":"9ccdbdf"}
[2017-01-10 19:57:03] INFO > #200: (/clubes) - [] - {"url":"/clubes?_dc=1484074623579&page=1&start=0&limit=25&sort=nomeusuario&dir=desc","ip":"::1","http_method":"GET","server":"localhost","referrer":"http://localhost/trend/","uid":"82dd1f0"}
[2017-01-10 19:58:57] INFO > #200: (/clubes) - [] - {"url":"/clubes?_dc=1484074737455&page=1&start=0&limit=25&sort=nomeusuario&dir=desc","ip":"::1","http_method":"OPTIONS","server":"localhost","referrer":"http://localhost/trend/","uid":"b52d849"}
[2017-01-10 19:58:57] INFO > #200: (/clubes) - [] - {"url":"/clubes?_dc=1484074737455&page=1&start=0&limit=25&sort=nomeusuario&dir=desc","ip":"::1","http_method":"GET","server":"localhost","referrer":"http://localhost/trend/","uid":"a4f90a3"}
[2017-01-10 20:02:37] INFO > #200: (/clubes) - [] - {"url":"/clubes?_dc=1484074957654&page=1&start=0&limit=25&sort=nomeusuario&dir=desc","ip":"::1","http_method":"OPTIONS","server":"localhost","referrer":"http://localhost/trend/","uid":"cc5ca72"}
[2017-01-10 20:02:37] INFO > #200: (/clubes) - [] - {"url":"/clubes?_dc=1484074957654&page=1&start=0&limit=25&sort=nomeusuario&dir=desc","ip":"::1","http_method":"GET","server":"localhost","referrer":"http://localhost/trend/","uid":"6e520ee"}
[2017-01-10 20:07:51] INFO > #200: (/clubes) - [] - {"url":"/clubes","ip":"::1","http_method":"OPTIONS","server":"localhost","referrer":"http://localhost/trend/","uid":"27571c8"}
[2017-01-10 20:07:52] INFO > #200: (/clubes) - [] - {"url":"/clubes?_dc=1484075272508&page=1&start=0&limit=25&sort=nomeusuario&dir=desc","ip":"::1","http_method":"OPTIONS","server":"localhost","referrer":"http://localhost/trend/","uid":"f568226"}
[2017-01-10 20:09:47] INFO > #200: (/clubes) - [] - {"url":"/clubes?_dc=1484075386970&page=1&start=0&limit=25&sort=nomeusuario&dir=desc","ip":"::1","http_method":"OPTIONS","server":"localhost","referrer":"http://localhost/trend/","uid":"59a505b"}
[2017-01-10 20:09:47] INFO > #200: (/clubes) - [] - {"url":"/clubes?_dc=1484075386970&page=1&start=0&limit=25&sort=nomeusuario&dir=desc","ip":"::1","http_method":"GET","server":"localhost","referrer":"http://localhost/trend/","uid":"dcde218"}
[2017-01-10 20:10:56] INFO > #200: (/clubes) - [] - {"url":"/clubes?_dc=1484075456883&page=1&start=0&limit=25&sort=nomeusuario&dir=desc","ip":"::1","http_method":"OPTIONS","server":"localhost","referrer":"http://localhost/trend/","uid":"37f7eeb"}
[2017-01-10 20:10:56] INFO > #200: (/clubes) - [] - {"url":"/clubes?_dc=1484075456883&page=1&start=0&limit=25&sort=nomeusuario&dir=desc","ip":"::1","http_method":"GET","server":"localhost","referrer":"http://localhost/trend/","uid":"b137e8d"}
