[2017-02-20 17:35:55] INFO > #200: (/projetos) - [] - {"url":"/projetos?_dc=1487608555359&page=1&start=0&limit=25&sort=nomeusuario&dir=desc","ip":"::1","http_method":"OPTIONS","server":"localhost","referrer":"http://localhost:8081/","uid":"bfc712f"}
[2017-02-20 17:35:55] INFO > #200: (/hora) - [] - {"url":"/hora?_dc=1487608555362&page=1&start=0&limit=25","ip":"::1","http_method":"OPTIONS","server":"localhost","referrer":"http://localhost:8081/","uid":"6bfd9f9"}
[2017-02-20 17:35:55] INFO > #200: (/sistemasinternos) - [] - {"url":"/sistemasinternos?_dc=1487608555364&page=1&start=0&limit=25","ip":"::1","http_method":"OPTIONS","server":"localhost","referrer":"http://localhost:8081/","uid":"e0fa4e7"}
[2017-02-20 17:35:55] INFO > #200: (/sistemasexternos) - [] - {"url":"/sistemasexternos?_dc=1487608555364&page=1&start=0&limit=25","ip":"::1","http_method":"OPTIONS","server":"localhost","referrer":"http://localhost:8081/","uid":"41fdae2"}
[2017-02-20 17:35:55] INFO > #200: (/sistemas) - [] - {"url":"/sistemas?_dc=1487608555365&page=1&start=0&limit=25","ip":"::1","http_method":"OPTIONS","server":"localhost","referrer":"http://localhost:8081/","uid":"7383a9c"}
[2017-02-20 17:35:55] INFO > #200: (/sistemas) - [] - {"url":"/sistemas?_dc=1487608555366&page=1&start=0&limit=25","ip":"::1","http_method":"OPTIONS","server":"localhost","referrer":"http://localhost:8081/","uid":"db83358"}
[2017-02-20 17:35:55] INFO > #200: (/abrangencia) - [] - {"url":"/abrangencia?_dc=1487608555367&page=1&start=0&limit=25","ip":"::1","http_method":"OPTIONS","server":"localhost","referrer":"http://localhost:8081/","uid":"201b464"}
[2017-02-20 17:35:55] INFO > #200: (/estabilidade) - [] - {"url":"/estabilidade?_dc=1487608555367&page=1&start=0&limit=25","ip":"::1","http_method":"OPTIONS","server":"localhost","referrer":"http://localhost:8081/","uid":"3a139ff"}
[2017-02-20 17:35:55] INFO > #200: (/conhecimento) - [] - {"url":"/conhecimento?_dc=1487608555368&page=1&start=0&limit=25","ip":"::1","http_method":"OPTIONS","server":"localhost","referrer":"http://localhost:8081/","uid":"a37cddd"}
[2017-02-20 17:35:55] INFO > #200: (/classificacao) - [] - {"url":"/classificacao?_dc=1487608555369&page=1&start=0&limit=25","ip":"::1","http_method":"OPTIONS","server":"localhost","referrer":"http://localhost:8081/","uid":"343754a"}
[2017-02-20 17:35:55] INFO > #200: (/nivelrisco) - [] - {"url":"/nivelrisco?_dc=1487608555369&page=1&start=0&limit=25","ip":"::1","http_method":"OPTIONS","server":"localhost","referrer":"http://localhost:8081/","uid":"5989ee6"}
[2017-02-20 17:35:55] INFO > #200: (/projetos) - [] - {"url":"/projetos?_dc=1487608555359&page=1&start=0&limit=25&sort=nomeusuario&dir=desc","ip":"::1","http_method":"GET","server":"localhost","referrer":"http://localhost:8081/","uid":"5e6b3ac"}
[2017-02-20 17:35:55] INFO > #200: (/hora) - [] - {"url":"/hora?_dc=1487608555362&page=1&start=0&limit=25","ip":"::1","http_method":"GET","server":"localhost","referrer":"http://localhost:8081/","uid":"f1db413"}
[2017-02-20 17:35:55] INFO > #200: (/sistemasinternos) - [] - {"url":"/sistemasinternos?_dc=1487608555364&page=1&start=0&limit=25","ip":"::1","http_method":"GET","server":"localhost","referrer":"http://localhost:8081/","uid":"3229c35"}
[2017-02-20 17:35:55] INFO > #200: (/sistemasexternos) - [] - {"url":"/sistemasexternos?_dc=1487608555364&page=1&start=0&limit=25","ip":"::1","http_method":"GET","server":"localhost","referrer":"http://localhost:8081/","uid":"df4ce06"}
[2017-02-20 17:35:55] INFO > #200: (/sistemas) - [] - {"url":"/sistemas?_dc=1487608555365&page=1&start=0&limit=25","ip":"::1","http_method":"GET","server":"localhost","referrer":"http://localhost:8081/","uid":"17aad84"}
[2017-02-20 17:35:55] INFO > #200: (/sistemas) - [] - {"url":"/sistemas?_dc=1487608555366&page=1&start=0&limit=25","ip":"::1","http_method":"GET","server":"localhost","referrer":"http://localhost:8081/","uid":"b1046da"}
[2017-02-20 17:35:55] INFO > #200: (/abrangencia) - [] - {"url":"/abrangencia?_dc=1487608555367&page=1&start=0&limit=25","ip":"::1","http_method":"GET","server":"localhost","referrer":"http://localhost:8081/","uid":"cb75529"}
[2017-02-20 17:35:56] INFO > #200: (/estabilidade) - [] - {"url":"/estabilidade?_dc=1487608555367&page=1&start=0&limit=25","ip":"::1","http_method":"GET","server":"localhost","referrer":"http://localhost:8081/","uid":"12b10af"}
[2017-02-20 17:35:56] INFO > #200: (/conhecimento) - [] - {"url":"/conhecimento?_dc=1487608555368&page=1&start=0&limit=25","ip":"::1","http_method":"GET","server":"localhost","referrer":"http://localhost:8081/","uid":"d58b443"}
[2017-02-20 17:35:56] INFO > #200: (/classificacao) - [] - {"url":"/classificacao?_dc=1487608555369&page=1&start=0&limit=25","ip":"::1","http_method":"GET","server":"localhost","referrer":"http://localhost:8081/","uid":"d77ec8e"}
[2017-02-20 17:35:56] INFO > #200: (/nivelrisco) - [] - {"url":"/nivelrisco?_dc=1487608555369&page=1&start=0&limit=25","ip":"::1","http_method":"GET","server":"localhost","referrer":"http://localhost:8081/","uid":"290effa"}
