[2017-01-12 11:37:24] INFO > #200: (/usuarios) - [] - {"url":"/usuarios","ip":"::1","http_method":"GET","server":"localhost","referrer":null,"uid":"d206887"}
[2017-01-12 11:39:42] INFO > #200: (/usuarios) - [] - {"url":"/usuarios?_dc=1484217582448&page=1&start=0&limit=25&sort=nomeusuario&dir=desc","ip":"::1","http_method":"OPTIONS","server":"localhost","referrer":"http://localhost:8081/","uid":"f2f9453"}
[2017-01-12 11:39:42] INFO > #200: (/usuarios) - [] - {"url":"/usuarios?_dc=1484217582448&page=1&start=0&limit=25&sort=nomeusuario&dir=desc","ip":"::1","http_method":"GET","server":"localhost","referrer":"http://localhost:8081/","uid":"61a49ec"}
[2017-01-12 11:39:56] INFO > #200: (/usuarios) - [] - {"url":"/usuarios","ip":"::1","http_method":"OPTIONS","server":"localhost","referrer":"http://localhost:8081/","uid":"a6ae1e3"}
[2017-01-12 11:50:02] INFO > #200: (/usuarios) - [] - {"url":"/usuarios?_dc=1484218202616&page=1&start=0&limit=25&sort=nomeusuario&dir=desc","ip":"::1","http_method":"OPTIONS","server":"localhost","referrer":"http://localhost:8081/","uid":"25e5d12"}
[2017-01-12 11:50:02] INFO > #200: (/usuarios) - [] - {"url":"/usuarios?_dc=1484218202616&page=1&start=0&limit=25&sort=nomeusuario&dir=desc","ip":"::1","http_method":"GET","server":"localhost","referrer":"http://localhost:8081/","uid":"abb46fc"}
[2017-01-12 11:50:33] INFO > #200: (/usuarios) - [] - {"url":"/usuarios?_dc=1484218233421&page=1&start=0&limit=25&sort=nomeusuario&dir=desc","ip":"::1","http_method":"OPTIONS","server":"localhost","referrer":"http://localhost:8081/","uid":"0a49efd"}
[2017-01-12 11:50:33] INFO > #200: (/usuarios) - [] - {"url":"/usuarios?_dc=1484218233421&page=1&start=0&limit=25&sort=nomeusuario&dir=desc","ip":"::1","http_method":"GET","server":"localhost","referrer":"http://localhost:8081/","uid":"be132c2"}
[2017-01-12 11:51:58] INFO > #200: (/usuarios) - [] - {"url":"/usuarios?_dc=1484218318691&page=1&start=0&limit=25&sort=nomeusuario&dir=desc","ip":"::1","http_method":"OPTIONS","server":"localhost","referrer":"http://localhost:8081/","uid":"7654742"}
[2017-01-12 11:51:58] INFO > #200: (/usuarios) - [] - {"url":"/usuarios?_dc=1484218318691&page=1&start=0&limit=25&sort=nomeusuario&dir=desc","ip":"::1","http_method":"GET","server":"localhost","referrer":"http://localhost:8081/","uid":"639ce2e"}
[2017-01-12 11:53:24] INFO > #200: (/usuarios) - [] - {"url":"/usuarios?_dc=1484218404560&page=1&start=0&limit=25&sort=nomeusuario&dir=desc","ip":"::1","http_method":"OPTIONS","server":"localhost","referrer":"http://localhost:8081/","uid":"ded43be"}
[2017-01-12 11:53:24] INFO > #200: (/usuarios) - [] - {"url":"/usuarios?_dc=1484218404560&page=1&start=0&limit=25&sort=nomeusuario&dir=desc","ip":"::1","http_method":"GET","server":"localhost","referrer":"http://localhost:8081/","uid":"0526ebb"}
[2017-01-12 11:53:35] INFO > #200: (/usuarios) - [] - {"url":"/usuarios","ip":"::1","http_method":"OPTIONS","server":"localhost","referrer":"http://localhost:8081/","uid":"4fa800d"}
[2017-01-12 11:56:48] INFO > #200: (/usuarios) - [] - {"url":"/usuarios?_dc=1484218608479&page=1&start=0&limit=25&sort=nomeusuario&dir=desc","ip":"::1","http_method":"OPTIONS","server":"localhost","referrer":"http://localhost:8081/","uid":"f5e2597"}
[2017-01-12 11:56:48] INFO > #200: (/usuarios) - [] - {"url":"/usuarios?_dc=1484218608479&page=1&start=0&limit=25&sort=nomeusuario&dir=desc","ip":"::1","http_method":"GET","server":"localhost","referrer":"http://localhost:8081/","uid":"acdbf67"}
[2017-01-12 12:04:57] INFO > #200: (/usuarios) - [] - {"url":"/usuarios?_dc=1484219097441&page=1&start=0&limit=25&sort=nomeusuario&dir=desc","ip":"::1","http_method":"OPTIONS","server":"localhost","referrer":"http://localhost:8081/","uid":"e55ea06"}
[2017-01-12 12:04:57] INFO > #200: (/usuarios) - [] - {"url":"/usuarios?_dc=1484219097441&page=1&start=0&limit=25&sort=nomeusuario&dir=desc","ip":"::1","http_method":"GET","server":"localhost","referrer":"http://localhost:8081/","uid":"b59663a"}
[2017-01-12 12:05:08] INFO > #200: (/usuarios) - [] - {"url":"/usuarios","ip":"::1","http_method":"OPTIONS","server":"localhost","referrer":"http://localhost:8081/","uid":"73f0227"}
[2017-01-12 12:07:48] INFO > #200: (/usuarios) - [] - {"url":"/usuarios?_dc=1484219268562&page=1&start=0&limit=25&sort=nomeusuario&dir=desc","ip":"::1","http_method":"OPTIONS","server":"localhost","referrer":"http://localhost:8081/","uid":"a0db129"}
[2017-01-12 12:07:48] INFO > #200: (/usuarios) - [] - {"url":"/usuarios?_dc=1484219268562&page=1&start=0&limit=25&sort=nomeusuario&dir=desc","ip":"::1","http_method":"GET","server":"localhost","referrer":"http://localhost:8081/","uid":"f9c23dc"}
[2017-01-12 12:07:59] INFO > #200: (/usuarios) - [] - {"url":"/usuarios","ip":"::1","http_method":"OPTIONS","server":"localhost","referrer":"http://localhost:8081/","uid":"66f1461"}
[2017-01-12 12:13:40] INFO > #200: (/usuarios) - [] - {"url":"/usuarios?_dc=1484219620357&page=1&start=0&limit=25&sort=nomeusuario&dir=desc","ip":"::1","http_method":"OPTIONS","server":"localhost","referrer":"http://localhost:8081/","uid":"22678b4"}
[2017-01-12 12:13:40] INFO > #200: (/usuarios) - [] - {"url":"/usuarios?_dc=1484219620357&page=1&start=0&limit=25&sort=nomeusuario&dir=desc","ip":"::1","http_method":"GET","server":"localhost","referrer":"http://localhost:8081/","uid":"493b35a"}
[2017-01-12 12:13:50] INFO > #200: (/usuarios) - [] - {"url":"/usuarios","ip":"::1","http_method":"OPTIONS","server":"localhost","referrer":"http://localhost:8081/","uid":"19d93f0"}
[2017-01-12 12:32:18] INFO > #200: (/usuarios) - [] - {"url":"/usuarios","ip":"::1","http_method":"OPTIONS","server":"localhost","referrer":"http://localhost:8081/","uid":"222553e"}
[2017-01-12 13:08:58] INFO > #200: (/usuarios) - [] - {"url":"/usuarios?_dc=1484222938633&page=1&start=0&limit=25&sort=nomeusuario&dir=desc","ip":"::1","http_method":"OPTIONS","server":"localhost","referrer":"http://localhost:8081/","uid":"ccd12f3"}
[2017-01-12 13:08:58] INFO > #200: (/usuarios) - [] - {"url":"/usuarios?_dc=1484222938633&page=1&start=0&limit=25&sort=nomeusuario&dir=desc","ip":"::1","http_method":"GET","server":"localhost","referrer":"http://localhost:8081/","uid":"c3c1ed9"}
[2017-01-12 13:09:34] INFO > #200: (/usuarios) - [] - {"url":"/usuarios?_dc=1484222974659&page=1&start=0&limit=25&sort=nomeusuario&dir=desc","ip":"::1","http_method":"OPTIONS","server":"localhost","referrer":"http://localhost:8081/","uid":"6aa0ef9"}
[2017-01-12 13:09:34] INFO > #200: (/usuarios) - [] - {"url":"/usuarios?_dc=1484222974659&page=1&start=0&limit=25&sort=nomeusuario&dir=desc","ip":"::1","http_method":"GET","server":"localhost","referrer":"http://localhost:8081/","uid":"cf7f32b"}
[2017-01-12 13:14:57] INFO > #200: (/usuarios) - [] - {"url":"/usuarios?_dc=1484223297630&page=1&start=0&limit=25&sort=nomeusuario&dir=desc","ip":"::1","http_method":"OPTIONS","server":"localhost","referrer":"http://localhost:8081/","uid":"36b5056"}
[2017-01-12 13:14:57] INFO > #200: (/usuarios) - [] - {"url":"/usuarios?_dc=1484223297630&page=1&start=0&limit=25&sort=nomeusuario&dir=desc","ip":"::1","http_method":"GET","server":"localhost","referrer":"http://localhost:8081/","uid":"2f9915c"}
[2017-01-12 13:15:31] INFO > #200: (/usuarios) - [] - {"url":"/usuarios?_dc=1484223331721&page=1&start=0&limit=25&sort=nomeusuario&dir=desc","ip":"::1","http_method":"OPTIONS","server":"localhost","referrer":"http://localhost:8081/","uid":"dc29753"}
[2017-01-12 13:15:31] INFO > #200: (/usuarios) - [] - {"url":"/usuarios?_dc=1484223331721&page=1&start=0&limit=25&sort=nomeusuario&dir=desc","ip":"::1","http_method":"GET","server":"localhost","referrer":"http://localhost:8081/","uid":"c442a60"}
[2017-01-12 13:16:39] INFO > #200: (/usuarios) - [] - {"url":"/usuarios?_dc=1484223398980&page=1&start=0&limit=25&sort=nomeusuario&dir=desc","ip":"::1","http_method":"OPTIONS","server":"localhost","referrer":"http://localhost:8081/","uid":"72b996a"}
[2017-01-12 13:16:39] INFO > #200: (/usuarios) - [] - {"url":"/usuarios?_dc=1484223398980&page=1&start=0&limit=25&sort=nomeusuario&dir=desc","ip":"::1","http_method":"GET","server":"localhost","referrer":"http://localhost:8081/","uid":"b4362aa"}
[2017-01-12 13:17:47] INFO > #200: (/usuarios) - [] - {"url":"/usuarios?_dc=1484223467182&page=1&start=0&limit=25&sort=nomeusuario&dir=desc","ip":"::1","http_method":"OPTIONS","server":"localhost","referrer":"http://localhost:8081/","uid":"d5ce688"}
[2017-01-12 13:17:47] INFO > #200: (/usuarios) - [] - {"url":"/usuarios?_dc=1484223467182&page=1&start=0&limit=25&sort=nomeusuario&dir=desc","ip":"::1","http_method":"GET","server":"localhost","referrer":"http://localhost:8081/","uid":"b21cd76"}
[2017-01-12 13:48:58] INFO > #200: (/usuarios) - [] - {"url":"/usuarios?_dc=1484225337986&page=1&start=0&limit=25&sort=nomeusuario&dir=desc","ip":"::1","http_method":"OPTIONS","server":"localhost","referrer":"http://localhost:8081/","uid":"e4541b8"}
[2017-01-12 13:48:58] INFO > #200: (/usuarios) - [] - {"url":"/usuarios?_dc=1484225337986&page=1&start=0&limit=25&sort=nomeusuario&dir=desc","ip":"::1","http_method":"GET","server":"localhost","referrer":"http://localhost:8081/","uid":"2a8cb0f"}
[2017-01-12 13:49:18] INFO > #200: (/usuarios) - [] - {"url":"/usuarios","ip":"::1","http_method":"OPTIONS","server":"localhost","referrer":"http://localhost:8081/","uid":"a40084a"}
[2017-01-12 13:56:50] INFO > #200: (/usuarios) - [] - {"url":"/usuarios","ip":"::1","http_method":"GET","server":"localhost","referrer":null,"uid":"116773f"}
[2017-01-12 13:56:53] WARNING > #404: (/usuarios/) - [] - {"url":"/usuarios/","ip":"::1","http_method":"GET","server":"localhost","referrer":null,"uid":"a69f8d1"}
[2017-01-12 14:00:34] INFO > #200: (/usuarios) - [] - {"url":"/usuarios?_dc=1484226034881&page=1&start=0&limit=25&sort=nomeusuario&dir=desc","ip":"::1","http_method":"OPTIONS","server":"localhost","referrer":"http://localhost:8081/","uid":"e222647"}
[2017-01-12 14:00:34] INFO > #200: (/usuarios) - [] - {"url":"/usuarios?_dc=1484226034881&page=1&start=0&limit=25&sort=nomeusuario&dir=desc","ip":"::1","http_method":"GET","server":"localhost","referrer":"http://localhost:8081/","uid":"795deaa"}
[2017-01-12 14:00:43] INFO > #200: (/usuarios) - [] - {"url":"/usuarios","ip":"::1","http_method":"OPTIONS","server":"localhost","referrer":"http://localhost:8081/","uid":"dee2962"}
[2017-01-12 14:00:52] INFO > #200: (/usuarios) - [] - {"url":"/usuarios","ip":"::1","http_method":"POST","server":"localhost","referrer":"http://localhost:8081/","uid":"91118b5"}
[2017-01-12 14:01:01] INFO > #200: (/usuarios) - [] - {"url":"/usuarios?_dc=1484226061089&page=1&start=0&limit=25&sort=nomeusuario&dir=desc","ip":"::1","http_method":"OPTIONS","server":"localhost","referrer":"http://localhost:8081/","uid":"6dadf8c"}
[2017-01-12 14:01:01] INFO > #200: (/usuarios) - [] - {"url":"/usuarios?_dc=1484226061089&page=1&start=0&limit=25&sort=nomeusuario&dir=desc","ip":"::1","http_method":"GET","server":"localhost","referrer":"http://localhost:8081/","uid":"acb1a40"}
[2017-01-12 14:12:14] INFO > #200: (/usuarios) - [] - {"url":"/usuarios","ip":"::1","http_method":"OPTIONS","server":"localhost","referrer":"http://localhost:8081/","uid":"1ced9d6"}
[2017-01-12 14:15:47] INFO > #200: (/usuarios) - [] - {"url":"/usuarios?_dc=1484226947634&page=1&start=0&limit=25&sort=nomeusuario&dir=desc","ip":"::1","http_method":"OPTIONS","server":"localhost","referrer":"http://localhost:8081/","uid":"135c683"}
[2017-01-12 14:15:47] INFO > #200: (/usuarios) - [] - {"url":"/usuarios?_dc=1484226947634&page=1&start=0&limit=25&sort=nomeusuario&dir=desc","ip":"::1","http_method":"GET","server":"localhost","referrer":"http://localhost:8081/","uid":"96bcb63"}
[2017-01-12 14:16:07] INFO > #200: (/usuarios) - [] - {"url":"/usuarios?_dc=1484226967500&page=1&start=0&limit=25&sort=datacadastro&dir=ASC","ip":"::1","http_method":"OPTIONS","server":"localhost","referrer":"http://localhost:8081/","uid":"7f09d39"}
[2017-01-12 14:16:07] INFO > #200: (/usuarios) - [] - {"url":"/usuarios?_dc=1484226967500&page=1&start=0&limit=25&sort=datacadastro&dir=ASC","ip":"::1","http_method":"GET","server":"localhost","referrer":"http://localhost:8081/","uid":"ff3cd7c"}
[2017-01-12 14:16:09] INFO > #200: (/usuarios) - [] - {"url":"/usuarios?_dc=1484226969874&page=1&start=0&limit=25&sort=nomeusuario&dir=ASC","ip":"::1","http_method":"OPTIONS","server":"localhost","referrer":"http://localhost:8081/","uid":"74b9e16"}
[2017-01-12 14:16:09] INFO > #200: (/usuarios) - [] - {"url":"/usuarios?_dc=1484226969874&page=1&start=0&limit=25&sort=nomeusuario&dir=ASC","ip":"::1","http_method":"GET","server":"localhost","referrer":"http://localhost:8081/","uid":"b8376be"}
[2017-01-12 14:16:35] INFO > #200: (/usuarios) - [] - {"url":"/usuarios?_dc=1484226995394&page=1&start=0&limit=25&sort=nomeusuario&dir=DESC","ip":"::1","http_method":"OPTIONS","server":"localhost","referrer":"http://localhost:8081/","uid":"f5cba19"}
[2017-01-12 14:16:35] INFO > #200: (/usuarios) - [] - {"url":"/usuarios?_dc=1484226995394&page=1&start=0&limit=25&sort=nomeusuario&dir=DESC","ip":"::1","http_method":"GET","server":"localhost","referrer":"http://localhost:8081/","uid":"7cd646f"}
[2017-01-12 14:16:36] INFO > #200: (/usuarios) - [] - {"url":"/usuarios?_dc=1484226996689&page=1&start=0&limit=25&sort=nomeusuario&dir=ASC","ip":"::1","http_method":"OPTIONS","server":"localhost","referrer":"http://localhost:8081/","uid":"58eb579"}
[2017-01-12 14:16:36] INFO > #200: (/usuarios) - [] - {"url":"/usuarios?_dc=1484226996689&page=1&start=0&limit=25&sort=nomeusuario&dir=ASC","ip":"::1","http_method":"GET","server":"localhost","referrer":"http://localhost:8081/","uid":"1ac76b8"}
[2017-01-12 14:16:37] INFO > #200: (/usuarios) - [] - {"url":"/usuarios?_dc=1484226997305&page=1&start=0&limit=25&sort=nomeusuario&dir=DESC","ip":"::1","http_method":"OPTIONS","server":"localhost","referrer":"http://localhost:8081/","uid":"be01e70"}
[2017-01-12 14:16:37] INFO > #200: (/usuarios) - [] - {"url":"/usuarios?_dc=1484226997305&page=1&start=0&limit=25&sort=nomeusuario&dir=DESC","ip":"::1","http_method":"GET","server":"localhost","referrer":"http://localhost:8081/","uid":"19496cf"}
[2017-01-12 14:17:20] INFO > #200: (/usuarios) - [] - {"url":"/usuarios?_dc=1484227040119&page=1&start=0&limit=25&sort=nomeusuario&dir=desc","ip":"::1","http_method":"OPTIONS","server":"localhost","referrer":"http://localhost:8081/","uid":"726b017"}
[2017-01-12 14:17:20] INFO > #200: (/usuarios) - [] - {"url":"/usuarios?_dc=1484227040119&page=1&start=0&limit=25&sort=nomeusuario&dir=desc","ip":"::1","http_method":"GET","server":"localhost","referrer":"http://localhost:8081/","uid":"1e89de3"}
[2017-01-12 16:14:58] INFO > #200: (/usuarios) - [] - {"url":"/usuarios?_dc=1484234098089&page=1&start=0&limit=25&sort=nomeusuario&dir=desc","ip":"::1","http_method":"OPTIONS","server":"localhost","referrer":"http://localhost:8081/","uid":"7656cf9"}
[2017-01-12 16:14:58] INFO > #200: (/usuarios) - [] - {"url":"/usuarios?_dc=1484234098089&page=1&start=0&limit=25&sort=nomeusuario&dir=desc","ip":"::1","http_method":"GET","server":"localhost","referrer":"http://localhost:8081/","uid":"f62dc18"}
[2017-01-12 16:25:26] INFO > #200: (/usuarios) - [] - {"url":"/usuarios","ip":"::1","http_method":"OPTIONS","server":"localhost","referrer":"http://localhost:8081/","uid":"293b978"}
[2017-01-12 16:48:06] INFO > #200: (/usuarios) - [] - {"url":"/usuarios","ip":"::1","http_method":"OPTIONS","server":"localhost","referrer":"http://localhost:8081/","uid":"092475b"}
[2017-01-12 16:59:08] INFO > #200: (/usuarios) - [] - {"url":"/usuarios","ip":"::1","http_method":"OPTIONS","server":"localhost","referrer":"http://localhost:8081/","uid":"1109889"}
[2017-01-12 17:06:13] INFO > #200: (/usuarios) - [] - {"url":"/usuarios","ip":"::1","http_method":"POST","server":"localhost","referrer":"http://localhost:8081/","uid":"6d734ff"}
[2017-01-12 17:06:43] INFO > #200: (/usuarios) - [] - {"url":"/usuarios","ip":"::1","http_method":"POST","server":"localhost","referrer":"http://localhost:8081/","uid":"13ba24b"}
[2017-01-12 17:07:58] INFO > #200: (/usuarios) - [] - {"url":"/usuarios","ip":"::1","http_method":"POST","server":"localhost","referrer":"http://localhost:8081/","uid":"3827bd2"}
[2017-01-12 17:09:15] INFO > #200: (/usuarios) - [] - {"url":"/usuarios","ip":"::1","http_method":"OPTIONS","server":"localhost","referrer":"http://localhost:8081/","uid":"5741910"}
[2017-01-12 17:09:15] INFO > #200: (/usuarios) - [] - {"url":"/usuarios","ip":"::1","http_method":"POST","server":"localhost","referrer":"http://localhost:8081/","uid":"28eba53"}
[2017-01-12 17:10:41] INFO > #200: (/usuarios) - [] - {"url":"/usuarios","ip":"::1","http_method":"POST","server":"localhost","referrer":"http://localhost:8081/","uid":"c7059c4"}
[2017-01-12 17:10:58] INFO > #200: (/usuarios) - [] - {"url":"/usuarios","ip":"::1","http_method":"POST","server":"localhost","referrer":"http://localhost:8081/","uid":"d5dfe65"}
[2017-01-12 17:11:34] INFO > #200: (/usuarios) - [] - {"url":"/usuarios","ip":"::1","http_method":"POST","server":"localhost","referrer":"http://localhost:8081/","uid":"3b875f2"}
[2017-01-12 17:17:14] INFO > #200: (/usuarios) - [] - {"url":"/usuarios?_dc=1484237834177&page=1&start=0&limit=25&sort=nomeusuario&dir=desc","ip":"::1","http_method":"OPTIONS","server":"localhost","referrer":"http://localhost:8081/","uid":"ad91baa"}
[2017-01-12 17:17:14] INFO > #200: (/usuarios) - [] - {"url":"/usuarios?_dc=1484237834177&page=1&start=0&limit=25&sort=nomeusuario&dir=desc","ip":"::1","http_method":"GET","server":"localhost","referrer":"http://localhost:8081/","uid":"b37e626"}
[2017-01-12 17:17:35] INFO > #200: (/usuarios) - [] - {"url":"/usuarios","ip":"::1","http_method":"POST","server":"localhost","referrer":"http://localhost:8081/","uid":"ca8d194"}
[2017-01-12 17:21:18] INFO > #200: (/usuarios) - [] - {"url":"/usuarios?_dc=1484238078709&page=1&start=0&limit=25&sort=nomeusuario&dir=desc","ip":"::1","http_method":"OPTIONS","server":"localhost","referrer":"http://localhost:8081/","uid":"5eea898"}
[2017-01-12 17:21:18] INFO > #200: (/usuarios) - [] - {"url":"/usuarios?_dc=1484238078709&page=1&start=0&limit=25&sort=nomeusuario&dir=desc","ip":"::1","http_method":"GET","server":"localhost","referrer":"http://localhost:8081/","uid":"d9ac8af"}
[2017-01-12 17:21:51] INFO > #200: (/usuarios) - [] - {"url":"/usuarios","ip":"::1","http_method":"OPTIONS","server":"localhost","referrer":"http://localhost:8081/","uid":"eb3bc2d"}
[2017-01-12 17:21:51] INFO > #200: (/usuarios) - [] - {"url":"/usuarios","ip":"::1","http_method":"POST","server":"localhost","referrer":"http://localhost:8081/","uid":"fbadd34"}
[2017-01-12 17:23:01] INFO > #200: (/usuarios) - [] - {"url":"/usuarios","ip":"::1","http_method":"POST","server":"localhost","referrer":"http://localhost:8081/","uid":"3e6a2f2"}
[2017-01-12 17:38:29] INFO > #200: (/usuarios) - [] - {"url":"/usuarios","ip":"::1","http_method":"OPTIONS","server":"localhost","referrer":"http://localhost:8081/","uid":"1fea965"}
[2017-01-12 17:38:29] INFO > #200: (/usuarios) - [] - {"url":"/usuarios","ip":"::1","http_method":"POST","server":"localhost","referrer":"http://localhost:8081/","uid":"d5f10b6"}
[2017-01-12 17:39:28] INFO > #200: (/usuarios) - [] - {"url":"/usuarios","ip":"::1","http_method":"POST","server":"localhost","referrer":"http://localhost:8081/","uid":"f43101d"}
[2017-01-12 17:44:31] INFO > #200: (/usuarios) - [] - {"url":"/usuarios","ip":"::1","http_method":"POST","server":"localhost","referrer":"http://localhost:8081/","uid":"57d20a5"}
[2017-01-12 18:11:58] INFO > #200: (/usuarios) - [] - {"url":"/usuarios?_dc=1484241118371&page=1&start=0&limit=25&sort=nomeusuario&dir=desc","ip":"::1","http_method":"OPTIONS","server":"localhost","referrer":"http://localhost:8081/","uid":"0f9dd08"}
[2017-01-12 18:11:58] INFO > #200: (/usuarios) - [] - {"url":"/usuarios?_dc=1484241118371&page=1&start=0&limit=25&sort=nomeusuario&dir=desc","ip":"::1","http_method":"GET","server":"localhost","referrer":"http://localhost:8081/","uid":"c8666fd"}
[2017-01-12 18:12:12] INFO > #200: (/usuarios) - [] - {"url":"/usuarios","ip":"::1","http_method":"OPTIONS","server":"localhost","referrer":"http://localhost:8081/","uid":"81a8e2e"}
[2017-01-12 18:12:50] INFO > #200: (/usuarios) - [] - {"url":"/usuarios","ip":"::1","http_method":"POST","server":"localhost","referrer":"http://localhost:8081/","uid":"26e5a78"}
[2017-01-12 18:21:46] INFO > #200: (/usuarios) - [] - {"url":"/usuarios?_dc=1484241706405&page=1&start=0&limit=25&sort=nomeusuario&dir=desc","ip":"::1","http_method":"OPTIONS","server":"localhost","referrer":"http://localhost:8081/","uid":"24280ac"}
[2017-01-12 18:21:46] INFO > #200: (/usuarios) - [] - {"url":"/usuarios?_dc=1484241706405&page=1&start=0&limit=25&sort=nomeusuario&dir=desc","ip":"::1","http_method":"GET","server":"localhost","referrer":"http://localhost:8081/","uid":"6888ee0"}
[2017-01-12 18:21:54] INFO > #200: (/usuarios) - [] - {"url":"/usuarios","ip":"::1","http_method":"POST","server":"localhost","referrer":"http://localhost:8081/","uid":"ef90ac0"}
[2017-01-12 18:22:06] INFO > #200: (/usuarios) - [] - {"url":"/usuarios","ip":"::1","http_method":"POST","server":"localhost","referrer":"http://localhost:8081/","uid":"65f0c00"}
[2017-01-12 18:52:47] INFO > #200: (/usuarios) - [] - {"url":"/usuarios","ip":"::1","http_method":"OPTIONS","server":"localhost","referrer":"http://localhost:8081/","uid":"d7aead5"}
[2017-01-12 18:52:47] INFO > #200: (/usuarios) - [] - {"url":"/usuarios","ip":"::1","http_method":"POST","server":"localhost","referrer":"http://localhost:8081/","uid":"f0349d3"}
[2017-01-12 18:53:21] INFO > #200: (/usuarios) - [] - {"url":"/usuarios","ip":"::1","http_method":"POST","server":"localhost","referrer":"http://localhost:8081/","uid":"60f99a9"}
[2017-01-12 19:43:50] INFO > #200: (/usuarios) - [] - {"url":"/usuarios?_dc=1484246630004&page=1&start=0&limit=25&sort=nomeusuario&dir=desc","ip":"::1","http_method":"OPTIONS","server":"localhost","referrer":"http://localhost:8081/","uid":"47837a3"}
[2017-01-12 19:43:50] INFO > #200: (/usuarios) - [] - {"url":"/usuarios?_dc=1484246630004&page=1&start=0&limit=25&sort=nomeusuario&dir=desc","ip":"::1","http_method":"GET","server":"localhost","referrer":"http://localhost:8081/","uid":"313c1a2"}
[2017-01-12 19:44:02] INFO > #200: (/usuarios) - [] - {"url":"/usuarios","ip":"::1","http_method":"OPTIONS","server":"localhost","referrer":"http://localhost:8081/","uid":"5030699"}
[2017-01-12 19:44:02] INFO > #200: (/usuarios) - [] - {"url":"/usuarios","ip":"::1","http_method":"POST","server":"localhost","referrer":"http://localhost:8081/","uid":"684a38f"}
[2017-01-12 19:50:06] INFO > #200: (/usuarios) - [] - {"url":"/usuarios","ip":"::1","http_method":"POST","server":"localhost","referrer":"http://localhost:8081/","uid":"57f50c6"}
[2017-01-12 19:57:15] INFO > #200: (/usuarios) - [] - {"url":"/usuarios","ip":"::1","http_method":"OPTIONS","server":"localhost","referrer":"http://localhost:8081/","uid":"da65152"}
[2017-01-12 19:57:15] INFO > #200: (/usuarios) - [] - {"url":"/usuarios","ip":"::1","http_method":"POST","server":"localhost","referrer":"http://localhost:8081/","uid":"12f9b2d"}
[2017-01-12 20:07:34] INFO > #200: (/usuarios) - [] - {"url":"/usuarios","ip":"::1","http_method":"OPTIONS","server":"localhost","referrer":"http://localhost:8081/","uid":"dc3a0db"}
[2017-01-12 20:07:34] INFO > #200: (/usuarios) - [] - {"url":"/usuarios","ip":"::1","http_method":"POST","server":"localhost","referrer":"http://localhost:8081/","uid":"bc6eaa0"}
[2017-01-12 20:08:23] INFO > #200: (/usuarios) - [] - {"url":"/usuarios","ip":"::1","http_method":"POST","server":"localhost","referrer":"http://localhost:8081/","uid":"251a1cb"}
[2017-01-12 20:09:10] INFO > #200: (/usuarios) - [] - {"url":"/usuarios","ip":"::1","http_method":"POST","server":"localhost","referrer":"http://localhost:8081/","uid":"ee1ddbd"}
[2017-01-12 20:10:27] INFO > #200: (/usuarios) - [] - {"url":"/usuarios","ip":"::1","http_method":"POST","server":"localhost","referrer":"http://localhost:8081/","uid":"24fd212"}
[2017-01-12 20:12:05] INFO > #200: (/usuarios) - [] - {"url":"/usuarios","ip":"::1","http_method":"POST","server":"localhost","referrer":"http://localhost:8081/","uid":"9b54362"}
[2017-01-12 20:12:33] INFO > #200: (/usuarios) - [] - {"url":"/usuarios","ip":"::1","http_method":"POST","server":"localhost","referrer":"http://localhost:8081/","uid":"3000d23"}
[2017-01-12 20:13:37] INFO > #200: (/usuarios) - [] - {"url":"/usuarios","ip":"::1","http_method":"POST","server":"localhost","referrer":"http://localhost:8081/","uid":"b088f9a"}
[2017-01-12 20:14:20] INFO > #200: (/usuarios) - [] - {"url":"/usuarios","ip":"::1","http_method":"POST","server":"localhost","referrer":"http://localhost:8081/","uid":"be3b480"}
[2017-01-12 20:21:55] INFO > #200: (/usuarios) - [] - {"url":"/usuarios","ip":"::1","http_method":"OPTIONS","server":"localhost","referrer":"http://localhost:8081/","uid":"1487a3d"}
[2017-01-12 20:21:55] INFO > #200: (/usuarios) - [] - {"url":"/usuarios","ip":"::1","http_method":"POST","server":"localhost","referrer":"http://localhost:8081/","uid":"fe782e2"}
[2017-01-12 20:23:26] INFO > #200: (/usuarios) - [] - {"url":"/usuarios","ip":"::1","http_method":"POST","server":"localhost","referrer":"http://localhost:8081/","uid":"01d9bd9"}
[2017-01-12 20:29:38] INFO > #200: (/usuarios) - [] - {"url":"/usuarios?_dc=1484249378413&page=1&start=0&limit=25&sort=nomeusuario&dir=desc","ip":"::1","http_method":"OPTIONS","server":"localhost","referrer":"http://localhost:8081/","uid":"96240ec"}
[2017-01-12 20:29:38] INFO > #200: (/usuarios) - [] - {"url":"/usuarios?_dc=1484249378413&page=1&start=0&limit=25&sort=nomeusuario&dir=desc","ip":"::1","http_method":"GET","server":"localhost","referrer":"http://localhost:8081/","uid":"bc6b875"}
[2017-01-12 20:29:47] INFO > #200: (/usuarios) - [] - {"url":"/usuarios","ip":"::1","http_method":"OPTIONS","server":"localhost","referrer":"http://localhost:8081/","uid":"acc69cc"}
[2017-01-12 20:29:47] INFO > #200: (/usuarios) - [] - {"url":"/usuarios","ip":"::1","http_method":"POST","server":"localhost","referrer":"http://localhost:8081/","uid":"d6e182d"}
[2017-01-12 20:31:19] INFO > #200: (/usuarios) - [] - {"url":"/usuarios?_dc=1484249479037&page=1&start=0&limit=25&sort=nomeusuario&dir=desc","ip":"::1","http_method":"OPTIONS","server":"localhost","referrer":"http://localhost:8081/","uid":"f2c0323"}
[2017-01-12 20:31:19] INFO > #200: (/usuarios) - [] - {"url":"/usuarios?_dc=1484249479037&page=1&start=0&limit=25&sort=nomeusuario&dir=desc","ip":"::1","http_method":"GET","server":"localhost","referrer":"http://localhost:8081/","uid":"adf28cf"}
[2017-01-12 20:31:30] INFO > #200: (/usuarios) - [] - {"url":"/usuarios","ip":"::1","http_method":"POST","server":"localhost","referrer":"http://localhost:8081/","uid":"cd64845"}
[2017-01-12 20:31:55] INFO > #200: (/usuarios) - [] - {"url":"/usuarios","ip":"::1","http_method":"POST","server":"localhost","referrer":"http://localhost:8081/","uid":"f3d75c0"}
[2017-01-12 20:31:56] INFO > #200: (/usuarios) - [] - {"url":"/usuarios?_dc=1484249516916&page=1&start=0&limit=25&sort=nomeusuario&dir=desc","ip":"::1","http_method":"OPTIONS","server":"localhost","referrer":"http://localhost:8081/","uid":"4a26300"}
[2017-01-12 20:31:57] INFO > #200: (/usuarios) - [] - {"url":"/usuarios?_dc=1484249516916&page=1&start=0&limit=25&sort=nomeusuario&dir=desc","ip":"::1","http_method":"GET","server":"localhost","referrer":"http://localhost:8081/","uid":"d72bc47"}
[2017-01-12 20:32:46] INFO > #200: (/usuarios) - [] - {"url":"/usuarios","ip":"::1","http_method":"POST","server":"localhost","referrer":"http://localhost:8081/","uid":"8b22a83"}
[2017-01-12 20:33:57] INFO > #200: (/usuarios) - [] - {"url":"/usuarios","ip":"::1","http_method":"POST","server":"localhost","referrer":"http://localhost:8081/","uid":"9658fc7"}
[2017-01-12 20:33:58] INFO > #200: (/usuarios) - [] - {"url":"/usuarios?_dc=1484249638425&page=1&start=0&limit=25&sort=nomeusuario&dir=desc","ip":"::1","http_method":"OPTIONS","server":"localhost","referrer":"http://localhost:8081/","uid":"1171425"}
[2017-01-12 20:33:58] INFO > #200: (/usuarios) - [] - {"url":"/usuarios?_dc=1484249638425&page=1&start=0&limit=25&sort=nomeusuario&dir=desc","ip":"::1","http_method":"GET","server":"localhost","referrer":"http://localhost:8081/","uid":"b52e880"}
