[2017-02-13 18:55:38] INFO > #200: (/usuarios) - [] - {"url":"/usuarios?_dc=1487008538641&page=1&start=0&limit=25&sort=nomeusuario&dir=desc","ip":"::1","http_method":"OPTIONS","server":"localhost","referrer":"http://localhost:8081/","uid":"b96529e"}
[2017-02-13 18:55:38] INFO > #200: (/hora) - [] - {"url":"/hora?_dc=1487008538644&page=1&start=0&limit=25","ip":"::1","http_method":"OPTIONS","server":"localhost","referrer":"http://localhost:8081/","uid":"8e3eb4e"}
[2017-02-13 18:55:38] INFO > #200: (/sistemasinternos) - [] - {"url":"/sistemasinternos?_dc=1487008538645&page=1&start=0&limit=25","ip":"::1","http_method":"OPTIONS","server":"localhost","referrer":"http://localhost:8081/","uid":"9e00539"}
[2017-02-13 18:55:38] INFO > #200: (/sistemasexternos) - [] - {"url":"/sistemasexternos?_dc=1487008538645&page=1&start=0&limit=25","ip":"::1","http_method":"OPTIONS","server":"localhost","referrer":"http://localhost:8081/","uid":"646ea13"}
[2017-02-13 18:55:38] INFO > #200: (/sistemas) - [] - {"url":"/sistemas?_dc=1487008538646&page=1&start=0&limit=25","ip":"::1","http_method":"OPTIONS","server":"localhost","referrer":"http://localhost:8081/","uid":"cb70e17"}
[2017-02-13 18:55:38] INFO > #200: (/abrangencia) - [] - {"url":"/abrangencia?_dc=1487008538647&page=1&start=0&limit=25","ip":"::1","http_method":"OPTIONS","server":"localhost","referrer":"http://localhost:8081/","uid":"0262540"}
[2017-02-13 18:55:38] INFO > #200: (/estabilidade) - [] - {"url":"/estabilidade?_dc=1487008538647&page=1&start=0&limit=25","ip":"::1","http_method":"OPTIONS","server":"localhost","referrer":"http://localhost:8081/","uid":"1e9217e"}
[2017-02-13 18:55:38] INFO > #200: (/conhecimento) - [] - {"url":"/conhecimento?_dc=1487008538648&page=1&start=0&limit=25","ip":"::1","http_method":"OPTIONS","server":"localhost","referrer":"http://localhost:8081/","uid":"83b7cb9"}
[2017-02-13 18:55:38] INFO > #200: (/classificacao) - [] - {"url":"/classificacao?_dc=1487008538648&page=1&start=0&limit=25","ip":"::1","http_method":"OPTIONS","server":"localhost","referrer":"http://localhost:8081/","uid":"462c59c"}
[2017-02-13 18:55:38] INFO > #200: (/nivelrisco) - [] - {"url":"/nivelrisco?_dc=1487008538649&page=1&start=0&limit=25","ip":"::1","http_method":"OPTIONS","server":"localhost","referrer":"http://localhost:8081/","uid":"ece2d18"}
[2017-02-13 18:55:38] INFO > #200: (/usuarios) - [] - {"url":"/usuarios?_dc=1487008538641&page=1&start=0&limit=25&sort=nomeusuario&dir=desc","ip":"::1","http_method":"GET","server":"localhost","referrer":"http://localhost:8081/","uid":"e07c331"}
[2017-02-13 18:55:38] INFO > #200: (/hora) - [] - {"url":"/hora?_dc=1487008538644&page=1&start=0&limit=25","ip":"::1","http_method":"GET","server":"localhost","referrer":"http://localhost:8081/","uid":"ad1a6a6"}
[2017-02-13 18:55:38] INFO > #200: (/sistemasinternos) - [] - {"url":"/sistemasinternos?_dc=1487008538645&page=1&start=0&limit=25","ip":"::1","http_method":"GET","server":"localhost","referrer":"http://localhost:8081/","uid":"5756253"}
[2017-02-13 18:55:38] INFO > #200: (/sistemasexternos) - [] - {"url":"/sistemasexternos?_dc=1487008538645&page=1&start=0&limit=25","ip":"::1","http_method":"GET","server":"localhost","referrer":"http://localhost:8081/","uid":"b89b0bf"}
[2017-02-13 18:55:38] INFO > #200: (/sistemas) - [] - {"url":"/sistemas?_dc=1487008538646&page=1&start=0&limit=25","ip":"::1","http_method":"GET","server":"localhost","referrer":"http://localhost:8081/","uid":"a50d106"}
[2017-02-13 18:55:39] INFO > #200: (/abrangencia) - [] - {"url":"/abrangencia?_dc=1487008538647&page=1&start=0&limit=25","ip":"::1","http_method":"GET","server":"localhost","referrer":"http://localhost:8081/","uid":"ad8a5ae"}
[2017-02-13 18:55:39] INFO > #200: (/estabilidade) - [] - {"url":"/estabilidade?_dc=1487008538647&page=1&start=0&limit=25","ip":"::1","http_method":"GET","server":"localhost","referrer":"http://localhost:8081/","uid":"67ceeec"}
[2017-02-13 18:55:39] INFO > #200: (/conhecimento) - [] - {"url":"/conhecimento?_dc=1487008538648&page=1&start=0&limit=25","ip":"::1","http_method":"GET","server":"localhost","referrer":"http://localhost:8081/","uid":"065afb2"}
[2017-02-13 18:55:39] INFO > #200: (/classificacao) - [] - {"url":"/classificacao?_dc=1487008538648&page=1&start=0&limit=25","ip":"::1","http_method":"GET","server":"localhost","referrer":"http://localhost:8081/","uid":"9e6a2aa"}
[2017-02-13 18:55:39] INFO > #200: (/nivelrisco) - [] - {"url":"/nivelrisco?_dc=1487008538649&page=1&start=0&limit=25","ip":"::1","http_method":"GET","server":"localhost","referrer":"http://localhost:8081/","uid":"8cdf6b7"}
[2017-02-13 18:56:22] WARNING > #404: (/usuario) - [] - {"url":"/usuario","ip":"::1","http_method":"GET","server":"localhost","referrer":null,"uid":"8a9763f"}
[2017-02-13 18:56:30] INFO > #200: (/projetos) - [] - {"url":"/projetos","ip":"::1","http_method":"GET","server":"localhost","referrer":null,"uid":"699c223"}
[2017-02-13 18:59:08] INFO > #200: (/usuarios) - [] - {"url":"/usuarios?_dc=1487008748911&page=1&start=0&limit=25&sort=nomeusuario&dir=desc","ip":"::1","http_method":"OPTIONS","server":"localhost","referrer":"http://localhost:8081/","uid":"a1dc14d"}
[2017-02-13 18:59:08] INFO > #200: (/hora) - [] - {"url":"/hora?_dc=1487008748914&page=1&start=0&limit=25","ip":"::1","http_method":"OPTIONS","server":"localhost","referrer":"http://localhost:8081/","uid":"f63e172"}
[2017-02-13 18:59:08] INFO > #200: (/sistemasinternos) - [] - {"url":"/sistemasinternos?_dc=1487008748915&page=1&start=0&limit=25","ip":"::1","http_method":"OPTIONS","server":"localhost","referrer":"http://localhost:8081/","uid":"f794155"}
[2017-02-13 18:59:08] INFO > #200: (/sistemasexternos) - [] - {"url":"/sistemasexternos?_dc=1487008748916&page=1&start=0&limit=25","ip":"::1","http_method":"OPTIONS","server":"localhost","referrer":"http://localhost:8081/","uid":"f4787dc"}
[2017-02-13 18:59:09] INFO > #200: (/sistemas) - [] - {"url":"/sistemas?_dc=1487008748916&page=1&start=0&limit=25","ip":"::1","http_method":"OPTIONS","server":"localhost","referrer":"http://localhost:8081/","uid":"835d213"}
[2017-02-13 18:59:09] INFO > #200: (/abrangencia) - [] - {"url":"/abrangencia?_dc=1487008748917&page=1&start=0&limit=25","ip":"::1","http_method":"OPTIONS","server":"localhost","referrer":"http://localhost:8081/","uid":"57d3a96"}
[2017-02-13 18:59:09] INFO > #200: (/estabilidade) - [] - {"url":"/estabilidade?_dc=1487008748918&page=1&start=0&limit=25","ip":"::1","http_method":"OPTIONS","server":"localhost","referrer":"http://localhost:8081/","uid":"0fc2545"}
[2017-02-13 18:59:09] INFO > #200: (/conhecimento) - [] - {"url":"/conhecimento?_dc=1487008748918&page=1&start=0&limit=25","ip":"::1","http_method":"OPTIONS","server":"localhost","referrer":"http://localhost:8081/","uid":"4909474"}
[2017-02-13 18:59:09] INFO > #200: (/classificacao) - [] - {"url":"/classificacao?_dc=1487008748919&page=1&start=0&limit=25","ip":"::1","http_method":"OPTIONS","server":"localhost","referrer":"http://localhost:8081/","uid":"468522e"}
[2017-02-13 18:59:09] INFO > #200: (/nivelrisco) - [] - {"url":"/nivelrisco?_dc=1487008748919&page=1&start=0&limit=25","ip":"::1","http_method":"OPTIONS","server":"localhost","referrer":"http://localhost:8081/","uid":"5992990"}
[2017-02-13 18:59:09] INFO > #200: (/usuarios) - [] - {"url":"/usuarios?_dc=1487008748911&page=1&start=0&limit=25&sort=nomeusuario&dir=desc","ip":"::1","http_method":"GET","server":"localhost","referrer":"http://localhost:8081/","uid":"ace580d"}
[2017-02-13 18:59:09] INFO > #200: (/hora) - [] - {"url":"/hora?_dc=1487008748914&page=1&start=0&limit=25","ip":"::1","http_method":"GET","server":"localhost","referrer":"http://localhost:8081/","uid":"c319492"}
[2017-02-13 18:59:09] INFO > #200: (/sistemasinternos) - [] - {"url":"/sistemasinternos?_dc=1487008748915&page=1&start=0&limit=25","ip":"::1","http_method":"GET","server":"localhost","referrer":"http://localhost:8081/","uid":"ea1db2d"}
[2017-02-13 18:59:09] INFO > #200: (/sistemasexternos) - [] - {"url":"/sistemasexternos?_dc=1487008748916&page=1&start=0&limit=25","ip":"::1","http_method":"GET","server":"localhost","referrer":"http://localhost:8081/","uid":"8fb0eb9"}
[2017-02-13 18:59:09] INFO > #200: (/sistemas) - [] - {"url":"/sistemas?_dc=1487008748916&page=1&start=0&limit=25","ip":"::1","http_method":"GET","server":"localhost","referrer":"http://localhost:8081/","uid":"2dfd100"}
[2017-02-13 18:59:09] INFO > #200: (/abrangencia) - [] - {"url":"/abrangencia?_dc=1487008748917&page=1&start=0&limit=25","ip":"::1","http_method":"GET","server":"localhost","referrer":"http://localhost:8081/","uid":"70ed1bd"}
[2017-02-13 18:59:09] INFO > #200: (/estabilidade) - [] - {"url":"/estabilidade?_dc=1487008748918&page=1&start=0&limit=25","ip":"::1","http_method":"GET","server":"localhost","referrer":"http://localhost:8081/","uid":"3f332a3"}
[2017-02-13 18:59:09] INFO > #200: (/conhecimento) - [] - {"url":"/conhecimento?_dc=1487008748918&page=1&start=0&limit=25","ip":"::1","http_method":"GET","server":"localhost","referrer":"http://localhost:8081/","uid":"633864c"}
[2017-02-13 18:59:09] INFO > #200: (/classificacao) - [] - {"url":"/classificacao?_dc=1487008748919&page=1&start=0&limit=25","ip":"::1","http_method":"GET","server":"localhost","referrer":"http://localhost:8081/","uid":"3e8e2bd"}
[2017-02-13 18:59:09] INFO > #200: (/nivelrisco) - [] - {"url":"/nivelrisco?_dc=1487008748919&page=1&start=0&limit=25","ip":"::1","http_method":"GET","server":"localhost","referrer":"http://localhost:8081/","uid":"6c5ff85"}
[2017-02-13 18:59:34] INFO > #200: (/usuarios) - [] - {"url":"/usuarios?_dc=1487008774311&page=1&start=0&limit=25&sort=nomeusuario&dir=desc","ip":"::1","http_method":"OPTIONS","server":"localhost","referrer":"http://localhost:8081/","uid":"3a1ce5b"}
[2017-02-13 18:59:34] INFO > #200: (/hora) - [] - {"url":"/hora?_dc=1487008774314&page=1&start=0&limit=25","ip":"::1","http_method":"OPTIONS","server":"localhost","referrer":"http://localhost:8081/","uid":"cfa1b5c"}
[2017-02-13 18:59:34] INFO > #200: (/sistemasinternos) - [] - {"url":"/sistemasinternos?_dc=1487008774315&page=1&start=0&limit=25","ip":"::1","http_method":"OPTIONS","server":"localhost","referrer":"http://localhost:8081/","uid":"9dc1834"}
[2017-02-13 18:59:34] INFO > #200: (/sistemasexternos) - [] - {"url":"/sistemasexternos?_dc=1487008774316&page=1&start=0&limit=25","ip":"::1","http_method":"OPTIONS","server":"localhost","referrer":"http://localhost:8081/","uid":"bbcf18e"}
[2017-02-13 18:59:34] INFO > #200: (/sistemas) - [] - {"url":"/sistemas?_dc=1487008774317&page=1&start=0&limit=25","ip":"::1","http_method":"OPTIONS","server":"localhost","referrer":"http://localhost:8081/","uid":"d2f6670"}
[2017-02-13 18:59:34] INFO > #200: (/abrangencia) - [] - {"url":"/abrangencia?_dc=1487008774317&page=1&start=0&limit=25","ip":"::1","http_method":"OPTIONS","server":"localhost","referrer":"http://localhost:8081/","uid":"b0392e1"}
[2017-02-13 18:59:34] INFO > #200: (/estabilidade) - [] - {"url":"/estabilidade?_dc=1487008774318&page=1&start=0&limit=25","ip":"::1","http_method":"OPTIONS","server":"localhost","referrer":"http://localhost:8081/","uid":"28d35ec"}
[2017-02-13 18:59:34] INFO > #200: (/conhecimento) - [] - {"url":"/conhecimento?_dc=1487008774319&page=1&start=0&limit=25","ip":"::1","http_method":"OPTIONS","server":"localhost","referrer":"http://localhost:8081/","uid":"b3c1725"}
[2017-02-13 18:59:34] INFO > #200: (/classificacao) - [] - {"url":"/classificacao?_dc=1487008774319&page=1&start=0&limit=25","ip":"::1","http_method":"OPTIONS","server":"localhost","referrer":"http://localhost:8081/","uid":"e4c595d"}
[2017-02-13 18:59:34] INFO > #200: (/nivelrisco) - [] - {"url":"/nivelrisco?_dc=1487008774320&page=1&start=0&limit=25","ip":"::1","http_method":"OPTIONS","server":"localhost","referrer":"http://localhost:8081/","uid":"ff85094"}
[2017-02-13 18:59:34] INFO > #200: (/usuarios) - [] - {"url":"/usuarios?_dc=1487008774311&page=1&start=0&limit=25&sort=nomeusuario&dir=desc","ip":"::1","http_method":"GET","server":"localhost","referrer":"http://localhost:8081/","uid":"3db605a"}
[2017-02-13 18:59:34] INFO > #200: (/hora) - [] - {"url":"/hora?_dc=1487008774314&page=1&start=0&limit=25","ip":"::1","http_method":"GET","server":"localhost","referrer":"http://localhost:8081/","uid":"9983180"}
[2017-02-13 18:59:34] INFO > #200: (/sistemasinternos) - [] - {"url":"/sistemasinternos?_dc=1487008774315&page=1&start=0&limit=25","ip":"::1","http_method":"GET","server":"localhost","referrer":"http://localhost:8081/","uid":"697a23c"}
[2017-02-13 18:59:34] INFO > #200: (/sistemasexternos) - [] - {"url":"/sistemasexternos?_dc=1487008774316&page=1&start=0&limit=25","ip":"::1","http_method":"GET","server":"localhost","referrer":"http://localhost:8081/","uid":"8a2872f"}
[2017-02-13 18:59:34] INFO > #200: (/sistemas) - [] - {"url":"/sistemas?_dc=1487008774317&page=1&start=0&limit=25","ip":"::1","http_method":"GET","server":"localhost","referrer":"http://localhost:8081/","uid":"f90e3a4"}
[2017-02-13 18:59:34] INFO > #200: (/abrangencia) - [] - {"url":"/abrangencia?_dc=1487008774317&page=1&start=0&limit=25","ip":"::1","http_method":"GET","server":"localhost","referrer":"http://localhost:8081/","uid":"de3eab9"}
[2017-02-13 18:59:34] INFO > #200: (/estabilidade) - [] - {"url":"/estabilidade?_dc=1487008774318&page=1&start=0&limit=25","ip":"::1","http_method":"GET","server":"localhost","referrer":"http://localhost:8081/","uid":"c0df0d3"}
[2017-02-13 18:59:34] INFO > #200: (/conhecimento) - [] - {"url":"/conhecimento?_dc=1487008774319&page=1&start=0&limit=25","ip":"::1","http_method":"GET","server":"localhost","referrer":"http://localhost:8081/","uid":"c4597e5"}
[2017-02-13 18:59:34] INFO > #200: (/classificacao) - [] - {"url":"/classificacao?_dc=1487008774319&page=1&start=0&limit=25","ip":"::1","http_method":"GET","server":"localhost","referrer":"http://localhost:8081/","uid":"94dc4ac"}
[2017-02-13 18:59:34] INFO > #200: (/nivelrisco) - [] - {"url":"/nivelrisco?_dc=1487008774320&page=1&start=0&limit=25","ip":"::1","http_method":"GET","server":"localhost","referrer":"http://localhost:8081/","uid":"8f60d25"}
[2017-02-13 19:01:41] INFO > #200: (/usuarios) - [] - {"url":"/usuarios?_dc=1487008901646&page=1&start=0&limit=25&sort=nomeusuario&dir=desc","ip":"::1","http_method":"OPTIONS","server":"localhost","referrer":"http://localhost:8081/","uid":"dbe941c"}
[2017-02-13 19:01:41] INFO > #200: (/hora) - [] - {"url":"/hora?_dc=1487008901649&page=1&start=0&limit=25","ip":"::1","http_method":"OPTIONS","server":"localhost","referrer":"http://localhost:8081/","uid":"63624b3"}
[2017-02-13 19:01:41] INFO > #200: (/sistemasinternos) - [] - {"url":"/sistemasinternos?_dc=1487008901649&page=1&start=0&limit=25","ip":"::1","http_method":"OPTIONS","server":"localhost","referrer":"http://localhost:8081/","uid":"239cdda"}
[2017-02-13 19:01:41] INFO > #200: (/sistemasexternos) - [] - {"url":"/sistemasexternos?_dc=1487008901650&page=1&start=0&limit=25","ip":"::1","http_method":"OPTIONS","server":"localhost","referrer":"http://localhost:8081/","uid":"b7b1821"}
[2017-02-13 19:01:41] INFO > #200: (/sistemas) - [] - {"url":"/sistemas?_dc=1487008901651&page=1&start=0&limit=25","ip":"::1","http_method":"OPTIONS","server":"localhost","referrer":"http://localhost:8081/","uid":"2a6079b"}
[2017-02-13 19:01:41] INFO > #200: (/abrangencia) - [] - {"url":"/abrangencia?_dc=1487008901651&page=1&start=0&limit=25","ip":"::1","http_method":"OPTIONS","server":"localhost","referrer":"http://localhost:8081/","uid":"7838daf"}
[2017-02-13 19:01:41] INFO > #200: (/estabilidade) - [] - {"url":"/estabilidade?_dc=1487008901652&page=1&start=0&limit=25","ip":"::1","http_method":"OPTIONS","server":"localhost","referrer":"http://localhost:8081/","uid":"6f577ed"}
[2017-02-13 19:01:41] INFO > #200: (/conhecimento) - [] - {"url":"/conhecimento?_dc=1487008901652&page=1&start=0&limit=25","ip":"::1","http_method":"OPTIONS","server":"localhost","referrer":"http://localhost:8081/","uid":"71dae25"}
[2017-02-13 19:01:41] INFO > #200: (/classificacao) - [] - {"url":"/classificacao?_dc=1487008901653&page=1&start=0&limit=25","ip":"::1","http_method":"OPTIONS","server":"localhost","referrer":"http://localhost:8081/","uid":"1040dd5"}
[2017-02-13 19:01:41] INFO > #200: (/nivelrisco) - [] - {"url":"/nivelrisco?_dc=1487008901653&page=1&start=0&limit=25","ip":"::1","http_method":"OPTIONS","server":"localhost","referrer":"http://localhost:8081/","uid":"d282382"}
[2017-02-13 19:01:41] INFO > #200: (/usuarios) - [] - {"url":"/usuarios?_dc=1487008901646&page=1&start=0&limit=25&sort=nomeusuario&dir=desc","ip":"::1","http_method":"GET","server":"localhost","referrer":"http://localhost:8081/","uid":"5c2798e"}
[2017-02-13 19:01:41] INFO > #200: (/hora) - [] - {"url":"/hora?_dc=1487008901649&page=1&start=0&limit=25","ip":"::1","http_method":"GET","server":"localhost","referrer":"http://localhost:8081/","uid":"935cdc4"}
[2017-02-13 19:01:41] INFO > #200: (/sistemasinternos) - [] - {"url":"/sistemasinternos?_dc=1487008901649&page=1&start=0&limit=25","ip":"::1","http_method":"GET","server":"localhost","referrer":"http://localhost:8081/","uid":"38b36bf"}
[2017-02-13 19:01:41] INFO > #200: (/sistemasexternos) - [] - {"url":"/sistemasexternos?_dc=1487008901650&page=1&start=0&limit=25","ip":"::1","http_method":"GET","server":"localhost","referrer":"http://localhost:8081/","uid":"f1a9eb3"}
[2017-02-13 19:01:41] INFO > #200: (/sistemas) - [] - {"url":"/sistemas?_dc=1487008901651&page=1&start=0&limit=25","ip":"::1","http_method":"GET","server":"localhost","referrer":"http://localhost:8081/","uid":"5cd2398"}
[2017-02-13 19:01:42] INFO > #200: (/abrangencia) - [] - {"url":"/abrangencia?_dc=1487008901651&page=1&start=0&limit=25","ip":"::1","http_method":"GET","server":"localhost","referrer":"http://localhost:8081/","uid":"658ce48"}
[2017-02-13 19:01:42] INFO > #200: (/estabilidade) - [] - {"url":"/estabilidade?_dc=1487008901652&page=1&start=0&limit=25","ip":"::1","http_method":"GET","server":"localhost","referrer":"http://localhost:8081/","uid":"3260d34"}
[2017-02-13 19:01:42] INFO > #200: (/conhecimento) - [] - {"url":"/conhecimento?_dc=1487008901652&page=1&start=0&limit=25","ip":"::1","http_method":"GET","server":"localhost","referrer":"http://localhost:8081/","uid":"27c1fed"}
[2017-02-13 19:01:42] INFO > #200: (/classificacao) - [] - {"url":"/classificacao?_dc=1487008901653&page=1&start=0&limit=25","ip":"::1","http_method":"GET","server":"localhost","referrer":"http://localhost:8081/","uid":"3ef9c96"}
[2017-02-13 19:01:42] INFO > #200: (/nivelrisco) - [] - {"url":"/nivelrisco?_dc=1487008901653&page=1&start=0&limit=25","ip":"::1","http_method":"GET","server":"localhost","referrer":"http://localhost:8081/","uid":"e4c3455"}
[2017-02-13 19:02:18] INFO > #200: (/usuarios) - [] - {"url":"/usuarios?_dc=1487008938818&page=1&start=0&limit=25&sort=nomeusuario&dir=desc","ip":"::1","http_method":"OPTIONS","server":"localhost","referrer":"http://localhost:8081/","uid":"680b49e"}
[2017-02-13 19:02:18] INFO > #200: (/hora) - [] - {"url":"/hora?_dc=1487008938821&page=1&start=0&limit=25","ip":"::1","http_method":"OPTIONS","server":"localhost","referrer":"http://localhost:8081/","uid":"34cb250"}
[2017-02-13 19:02:18] INFO > #200: (/sistemasinternos) - [] - {"url":"/sistemasinternos?_dc=1487008938822&page=1&start=0&limit=25","ip":"::1","http_method":"OPTIONS","server":"localhost","referrer":"http://localhost:8081/","uid":"6bf61c3"}
[2017-02-13 19:02:18] INFO > #200: (/sistemasexternos) - [] - {"url":"/sistemasexternos?_dc=1487008938822&page=1&start=0&limit=25","ip":"::1","http_method":"OPTIONS","server":"localhost","referrer":"http://localhost:8081/","uid":"1a0168f"}
[2017-02-13 19:02:18] INFO > #200: (/sistemas) - [] - {"url":"/sistemas?_dc=1487008938823&page=1&start=0&limit=25","ip":"::1","http_method":"OPTIONS","server":"localhost","referrer":"http://localhost:8081/","uid":"8c4bada"}
[2017-02-13 19:02:18] INFO > #200: (/abrangencia) - [] - {"url":"/abrangencia?_dc=1487008938824&page=1&start=0&limit=25","ip":"::1","http_method":"OPTIONS","server":"localhost","referrer":"http://localhost:8081/","uid":"571113f"}
[2017-02-13 19:02:18] INFO > #200: (/estabilidade) - [] - {"url":"/estabilidade?_dc=1487008938824&page=1&start=0&limit=25","ip":"::1","http_method":"OPTIONS","server":"localhost","referrer":"http://localhost:8081/","uid":"2f622da"}
[2017-02-13 19:02:18] INFO > #200: (/conhecimento) - [] - {"url":"/conhecimento?_dc=1487008938825&page=1&start=0&limit=25","ip":"::1","http_method":"OPTIONS","server":"localhost","referrer":"http://localhost:8081/","uid":"be7abdc"}
[2017-02-13 19:02:18] INFO > #200: (/classificacao) - [] - {"url":"/classificacao?_dc=1487008938825&page=1&start=0&limit=25","ip":"::1","http_method":"OPTIONS","server":"localhost","referrer":"http://localhost:8081/","uid":"a18af4c"}
[2017-02-13 19:02:19] INFO > #200: (/nivelrisco) - [] - {"url":"/nivelrisco?_dc=1487008938826&page=1&start=0&limit=25","ip":"::1","http_method":"OPTIONS","server":"localhost","referrer":"http://localhost:8081/","uid":"8d34021"}
[2017-02-13 19:02:19] INFO > #200: (/usuarios) - [] - {"url":"/usuarios?_dc=1487008938818&page=1&start=0&limit=25&sort=nomeusuario&dir=desc","ip":"::1","http_method":"GET","server":"localhost","referrer":"http://localhost:8081/","uid":"c2fc110"}
[2017-02-13 19:02:19] INFO > #200: (/hora) - [] - {"url":"/hora?_dc=1487008938821&page=1&start=0&limit=25","ip":"::1","http_method":"GET","server":"localhost","referrer":"http://localhost:8081/","uid":"422d81d"}
[2017-02-13 19:02:19] INFO > #200: (/sistemasinternos) - [] - {"url":"/sistemasinternos?_dc=1487008938822&page=1&start=0&limit=25","ip":"::1","http_method":"GET","server":"localhost","referrer":"http://localhost:8081/","uid":"82fa9bf"}
[2017-02-13 19:02:19] INFO > #200: (/sistemasexternos) - [] - {"url":"/sistemasexternos?_dc=1487008938822&page=1&start=0&limit=25","ip":"::1","http_method":"GET","server":"localhost","referrer":"http://localhost:8081/","uid":"e81acd3"}
[2017-02-13 19:02:19] INFO > #200: (/sistemas) - [] - {"url":"/sistemas?_dc=1487008938823&page=1&start=0&limit=25","ip":"::1","http_method":"GET","server":"localhost","referrer":"http://localhost:8081/","uid":"d578848"}
[2017-02-13 19:02:19] INFO > #200: (/abrangencia) - [] - {"url":"/abrangencia?_dc=1487008938824&page=1&start=0&limit=25","ip":"::1","http_method":"GET","server":"localhost","referrer":"http://localhost:8081/","uid":"fe2ae01"}
[2017-02-13 19:02:19] INFO > #200: (/estabilidade) - [] - {"url":"/estabilidade?_dc=1487008938824&page=1&start=0&limit=25","ip":"::1","http_method":"GET","server":"localhost","referrer":"http://localhost:8081/","uid":"e657ab5"}
[2017-02-13 19:02:19] INFO > #200: (/conhecimento) - [] - {"url":"/conhecimento?_dc=1487008938825&page=1&start=0&limit=25","ip":"::1","http_method":"GET","server":"localhost","referrer":"http://localhost:8081/","uid":"dfbb0b3"}
[2017-02-13 19:02:19] INFO > #200: (/classificacao) - [] - {"url":"/classificacao?_dc=1487008938825&page=1&start=0&limit=25","ip":"::1","http_method":"GET","server":"localhost","referrer":"http://localhost:8081/","uid":"4902198"}
[2017-02-13 19:02:19] INFO > #200: (/nivelrisco) - [] - {"url":"/nivelrisco?_dc=1487008938826&page=1&start=0&limit=25","ip":"::1","http_method":"GET","server":"localhost","referrer":"http://localhost:8081/","uid":"23f48cf"}
[2017-02-13 19:02:33] INFO > #200: (/usuarios) - [] - {"url":"/usuarios?_dc=1487008953880&page=1&start=0&limit=25&sort=nomeusuario&dir=desc","ip":"::1","http_method":"OPTIONS","server":"localhost","referrer":"http://localhost:8081/","uid":"8ff78a6"}
[2017-02-13 19:02:33] INFO > #200: (/hora) - [] - {"url":"/hora?_dc=1487008953882&page=1&start=0&limit=25","ip":"::1","http_method":"OPTIONS","server":"localhost","referrer":"http://localhost:8081/","uid":"deca3d6"}
[2017-02-13 19:02:33] INFO > #200: (/sistemasinternos) - [] - {"url":"/sistemasinternos?_dc=1487008953883&page=1&start=0&limit=25","ip":"::1","http_method":"OPTIONS","server":"localhost","referrer":"http://localhost:8081/","uid":"0cb9f88"}
[2017-02-13 19:02:33] INFO > #200: (/sistemasexternos) - [] - {"url":"/sistemasexternos?_dc=1487008953884&page=1&start=0&limit=25","ip":"::1","http_method":"OPTIONS","server":"localhost","referrer":"http://localhost:8081/","uid":"c9bc745"}
[2017-02-13 19:02:33] INFO > #200: (/sistemas) - [] - {"url":"/sistemas?_dc=1487008953885&page=1&start=0&limit=25","ip":"::1","http_method":"OPTIONS","server":"localhost","referrer":"http://localhost:8081/","uid":"411eb25"}
[2017-02-13 19:02:33] INFO > #200: (/abrangencia) - [] - {"url":"/abrangencia?_dc=1487008953886&page=1&start=0&limit=25","ip":"::1","http_method":"OPTIONS","server":"localhost","referrer":"http://localhost:8081/","uid":"4942de8"}
[2017-02-13 19:02:34] INFO > #200: (/estabilidade) - [] - {"url":"/estabilidade?_dc=1487008953886&page=1&start=0&limit=25","ip":"::1","http_method":"OPTIONS","server":"localhost","referrer":"http://localhost:8081/","uid":"fb1d5b8"}
[2017-02-13 19:02:34] INFO > #200: (/conhecimento) - [] - {"url":"/conhecimento?_dc=1487008953887&page=1&start=0&limit=25","ip":"::1","http_method":"OPTIONS","server":"localhost","referrer":"http://localhost:8081/","uid":"20647af"}
[2017-02-13 19:02:34] INFO > #200: (/classificacao) - [] - {"url":"/classificacao?_dc=1487008953887&page=1&start=0&limit=25","ip":"::1","http_method":"OPTIONS","server":"localhost","referrer":"http://localhost:8081/","uid":"ed603a7"}
[2017-02-13 19:02:34] INFO > #200: (/nivelrisco) - [] - {"url":"/nivelrisco?_dc=1487008953888&page=1&start=0&limit=25","ip":"::1","http_method":"OPTIONS","server":"localhost","referrer":"http://localhost:8081/","uid":"20ed377"}
[2017-02-13 19:02:34] INFO > #200: (/usuarios) - [] - {"url":"/usuarios?_dc=1487008953880&page=1&start=0&limit=25&sort=nomeusuario&dir=desc","ip":"::1","http_method":"GET","server":"localhost","referrer":"http://localhost:8081/","uid":"6371a0b"}
[2017-02-13 19:02:34] INFO > #200: (/hora) - [] - {"url":"/hora?_dc=1487008953882&page=1&start=0&limit=25","ip":"::1","http_method":"GET","server":"localhost","referrer":"http://localhost:8081/","uid":"323f7a1"}
[2017-02-13 19:02:34] INFO > #200: (/sistemasinternos) - [] - {"url":"/sistemasinternos?_dc=1487008953883&page=1&start=0&limit=25","ip":"::1","http_method":"GET","server":"localhost","referrer":"http://localhost:8081/","uid":"ab7dd7a"}
[2017-02-13 19:02:34] INFO > #200: (/sistemasexternos) - [] - {"url":"/sistemasexternos?_dc=1487008953884&page=1&start=0&limit=25","ip":"::1","http_method":"GET","server":"localhost","referrer":"http://localhost:8081/","uid":"b2e955b"}
[2017-02-13 19:02:34] INFO > #200: (/sistemas) - [] - {"url":"/sistemas?_dc=1487008953885&page=1&start=0&limit=25","ip":"::1","http_method":"GET","server":"localhost","referrer":"http://localhost:8081/","uid":"5244c1e"}
[2017-02-13 19:02:34] INFO > #200: (/abrangencia) - [] - {"url":"/abrangencia?_dc=1487008953886&page=1&start=0&limit=25","ip":"::1","http_method":"GET","server":"localhost","referrer":"http://localhost:8081/","uid":"7a721d6"}
[2017-02-13 19:02:34] INFO > #200: (/estabilidade) - [] - {"url":"/estabilidade?_dc=1487008953886&page=1&start=0&limit=25","ip":"::1","http_method":"GET","server":"localhost","referrer":"http://localhost:8081/","uid":"899a90a"}
[2017-02-13 19:02:34] INFO > #200: (/conhecimento) - [] - {"url":"/conhecimento?_dc=1487008953887&page=1&start=0&limit=25","ip":"::1","http_method":"GET","server":"localhost","referrer":"http://localhost:8081/","uid":"9e5852e"}
[2017-02-13 19:02:34] INFO > #200: (/classificacao) - [] - {"url":"/classificacao?_dc=1487008953887&page=1&start=0&limit=25","ip":"::1","http_method":"GET","server":"localhost","referrer":"http://localhost:8081/","uid":"f15666c"}
[2017-02-13 19:02:34] INFO > #200: (/nivelrisco) - [] - {"url":"/nivelrisco?_dc=1487008953888&page=1&start=0&limit=25","ip":"::1","http_method":"GET","server":"localhost","referrer":"http://localhost:8081/","uid":"f24a022"}
[2017-02-13 19:03:08] INFO > #200: (/usuarios) - [] - {"url":"/usuarios?_dc=1487008988266&page=1&start=0&limit=25&sort=nomeusuario&dir=desc","ip":"::1","http_method":"OPTIONS","server":"localhost","referrer":"http://localhost:8081/","uid":"5c543cf"}
[2017-02-13 19:03:08] INFO > #200: (/hora) - [] - {"url":"/hora?_dc=1487008988269&page=1&start=0&limit=25","ip":"::1","http_method":"OPTIONS","server":"localhost","referrer":"http://localhost:8081/","uid":"af6c4b5"}
[2017-02-13 19:03:08] INFO > #200: (/sistemasinternos) - [] - {"url":"/sistemasinternos?_dc=1487008988270&page=1&start=0&limit=25","ip":"::1","http_method":"OPTIONS","server":"localhost","referrer":"http://localhost:8081/","uid":"be92f05"}
[2017-02-13 19:03:08] INFO > #200: (/sistemasexternos) - [] - {"url":"/sistemasexternos?_dc=1487008988270&page=1&start=0&limit=25","ip":"::1","http_method":"OPTIONS","server":"localhost","referrer":"http://localhost:8081/","uid":"b880b98"}
[2017-02-13 19:03:08] INFO > #200: (/sistemas) - [] - {"url":"/sistemas?_dc=1487008988271&page=1&start=0&limit=25","ip":"::1","http_method":"OPTIONS","server":"localhost","referrer":"http://localhost:8081/","uid":"06ece3f"}
[2017-02-13 19:03:08] INFO > #200: (/abrangencia) - [] - {"url":"/abrangencia?_dc=1487008988271&page=1&start=0&limit=25","ip":"::1","http_method":"OPTIONS","server":"localhost","referrer":"http://localhost:8081/","uid":"5d42191"}
[2017-02-13 19:03:08] INFO > #200: (/estabilidade) - [] - {"url":"/estabilidade?_dc=1487008988272&page=1&start=0&limit=25","ip":"::1","http_method":"OPTIONS","server":"localhost","referrer":"http://localhost:8081/","uid":"390a586"}
[2017-02-13 19:03:08] INFO > #200: (/conhecimento) - [] - {"url":"/conhecimento?_dc=1487008988273&page=1&start=0&limit=25","ip":"::1","http_method":"OPTIONS","server":"localhost","referrer":"http://localhost:8081/","uid":"9c27ff6"}
[2017-02-13 19:03:08] INFO > #200: (/classificacao) - [] - {"url":"/classificacao?_dc=1487008988273&page=1&start=0&limit=25","ip":"::1","http_method":"OPTIONS","server":"localhost","referrer":"http://localhost:8081/","uid":"ac2f4cb"}
[2017-02-13 19:03:08] INFO > #200: (/nivelrisco) - [] - {"url":"/nivelrisco?_dc=1487008988274&page=1&start=0&limit=25","ip":"::1","http_method":"OPTIONS","server":"localhost","referrer":"http://localhost:8081/","uid":"9976bbb"}
[2017-02-13 19:03:08] INFO > #200: (/usuarios) - [] - {"url":"/usuarios?_dc=1487008988266&page=1&start=0&limit=25&sort=nomeusuario&dir=desc","ip":"::1","http_method":"GET","server":"localhost","referrer":"http://localhost:8081/","uid":"3fbbfd7"}
[2017-02-13 19:03:08] INFO > #200: (/hora) - [] - {"url":"/hora?_dc=1487008988269&page=1&start=0&limit=25","ip":"::1","http_method":"GET","server":"localhost","referrer":"http://localhost:8081/","uid":"b77e50b"}
[2017-02-13 19:03:08] INFO > #200: (/sistemasinternos) - [] - {"url":"/sistemasinternos?_dc=1487008988270&page=1&start=0&limit=25","ip":"::1","http_method":"GET","server":"localhost","referrer":"http://localhost:8081/","uid":"0b60cb0"}
[2017-02-13 19:03:08] INFO > #200: (/sistemasexternos) - [] - {"url":"/sistemasexternos?_dc=1487008988270&page=1&start=0&limit=25","ip":"::1","http_method":"GET","server":"localhost","referrer":"http://localhost:8081/","uid":"81b9f55"}
[2017-02-13 19:03:08] INFO > #200: (/sistemas) - [] - {"url":"/sistemas?_dc=1487008988271&page=1&start=0&limit=25","ip":"::1","http_method":"GET","server":"localhost","referrer":"http://localhost:8081/","uid":"c3755cd"}
[2017-02-13 19:03:08] INFO > #200: (/abrangencia) - [] - {"url":"/abrangencia?_dc=1487008988271&page=1&start=0&limit=25","ip":"::1","http_method":"GET","server":"localhost","referrer":"http://localhost:8081/","uid":"c7e72a3"}
[2017-02-13 19:03:08] INFO > #200: (/estabilidade) - [] - {"url":"/estabilidade?_dc=1487008988272&page=1&start=0&limit=25","ip":"::1","http_method":"GET","server":"localhost","referrer":"http://localhost:8081/","uid":"9ce2a27"}
[2017-02-13 19:03:08] INFO > #200: (/conhecimento) - [] - {"url":"/conhecimento?_dc=1487008988273&page=1&start=0&limit=25","ip":"::1","http_method":"GET","server":"localhost","referrer":"http://localhost:8081/","uid":"759dc2d"}
[2017-02-13 19:03:08] INFO > #200: (/classificacao) - [] - {"url":"/classificacao?_dc=1487008988273&page=1&start=0&limit=25","ip":"::1","http_method":"GET","server":"localhost","referrer":"http://localhost:8081/","uid":"7e308d5"}
[2017-02-13 19:03:08] INFO > #200: (/nivelrisco) - [] - {"url":"/nivelrisco?_dc=1487008988274&page=1&start=0&limit=25","ip":"::1","http_method":"GET","server":"localhost","referrer":"http://localhost:8081/","uid":"46afd0c"}
[2017-02-13 19:03:30] INFO > #200: (/usuarios) - [] - {"url":"/usuarios?_dc=1487009010953&page=1&start=0&limit=25&sort=nomeusuario&dir=desc","ip":"::1","http_method":"OPTIONS","server":"localhost","referrer":"http://localhost:8081/","uid":"ac2079d"}
[2017-02-13 19:03:30] INFO > #200: (/hora) - [] - {"url":"/hora?_dc=1487009010956&page=1&start=0&limit=25","ip":"::1","http_method":"OPTIONS","server":"localhost","referrer":"http://localhost:8081/","uid":"855931c"}
[2017-02-13 19:03:31] INFO > #200: (/sistemasinternos) - [] - {"url":"/sistemasinternos?_dc=1487009010957&page=1&start=0&limit=25","ip":"::1","http_method":"OPTIONS","server":"localhost","referrer":"http://localhost:8081/","uid":"2564d4e"}
[2017-02-13 19:03:31] INFO > #200: (/sistemasexternos) - [] - {"url":"/sistemasexternos?_dc=1487009010957&page=1&start=0&limit=25","ip":"::1","http_method":"OPTIONS","server":"localhost","referrer":"http://localhost:8081/","uid":"d3b1dc1"}
[2017-02-13 19:03:31] INFO > #200: (/sistemas) - [] - {"url":"/sistemas?_dc=1487009010958&page=1&start=0&limit=25","ip":"::1","http_method":"OPTIONS","server":"localhost","referrer":"http://localhost:8081/","uid":"f0a7cfe"}
[2017-02-13 19:03:31] INFO > #200: (/abrangencia) - [] - {"url":"/abrangencia?_dc=1487009010958&page=1&start=0&limit=25","ip":"::1","http_method":"OPTIONS","server":"localhost","referrer":"http://localhost:8081/","uid":"07ea45e"}
[2017-02-13 19:03:31] INFO > #200: (/estabilidade) - [] - {"url":"/estabilidade?_dc=1487009010959&page=1&start=0&limit=25","ip":"::1","http_method":"OPTIONS","server":"localhost","referrer":"http://localhost:8081/","uid":"4518982"}
[2017-02-13 19:03:31] INFO > #200: (/conhecimento) - [] - {"url":"/conhecimento?_dc=1487009010959&page=1&start=0&limit=25","ip":"::1","http_method":"OPTIONS","server":"localhost","referrer":"http://localhost:8081/","uid":"820199f"}
[2017-02-13 19:03:31] INFO > #200: (/classificacao) - [] - {"url":"/classificacao?_dc=1487009010960&page=1&start=0&limit=25","ip":"::1","http_method":"OPTIONS","server":"localhost","referrer":"http://localhost:8081/","uid":"6ab7e0e"}
[2017-02-13 19:03:31] INFO > #200: (/nivelrisco) - [] - {"url":"/nivelrisco?_dc=1487009010962&page=1&start=0&limit=25","ip":"::1","http_method":"OPTIONS","server":"localhost","referrer":"http://localhost:8081/","uid":"0b99ead"}
[2017-02-13 19:03:31] INFO > #200: (/usuarios) - [] - {"url":"/usuarios?_dc=1487009010953&page=1&start=0&limit=25&sort=nomeusuario&dir=desc","ip":"::1","http_method":"GET","server":"localhost","referrer":"http://localhost:8081/","uid":"5f6ffee"}
[2017-02-13 19:03:31] INFO > #200: (/hora) - [] - {"url":"/hora?_dc=1487009010956&page=1&start=0&limit=25","ip":"::1","http_method":"GET","server":"localhost","referrer":"http://localhost:8081/","uid":"77cd103"}
[2017-02-13 19:03:31] INFO > #200: (/sistemasinternos) - [] - {"url":"/sistemasinternos?_dc=1487009010957&page=1&start=0&limit=25","ip":"::1","http_method":"GET","server":"localhost","referrer":"http://localhost:8081/","uid":"88f5d4e"}
[2017-02-13 19:03:31] INFO > #200: (/sistemasexternos) - [] - {"url":"/sistemasexternos?_dc=1487009010957&page=1&start=0&limit=25","ip":"::1","http_method":"GET","server":"localhost","referrer":"http://localhost:8081/","uid":"884a975"}
[2017-02-13 19:03:31] INFO > #200: (/sistemas) - [] - {"url":"/sistemas?_dc=1487009010958&page=1&start=0&limit=25","ip":"::1","http_method":"GET","server":"localhost","referrer":"http://localhost:8081/","uid":"33978f4"}
[2017-02-13 19:03:31] INFO > #200: (/abrangencia) - [] - {"url":"/abrangencia?_dc=1487009010958&page=1&start=0&limit=25","ip":"::1","http_method":"GET","server":"localhost","referrer":"http://localhost:8081/","uid":"863fc07"}
[2017-02-13 19:03:31] INFO > #200: (/estabilidade) - [] - {"url":"/estabilidade?_dc=1487009010959&page=1&start=0&limit=25","ip":"::1","http_method":"GET","server":"localhost","referrer":"http://localhost:8081/","uid":"a6adb99"}
[2017-02-13 19:03:31] INFO > #200: (/conhecimento) - [] - {"url":"/conhecimento?_dc=1487009010959&page=1&start=0&limit=25","ip":"::1","http_method":"GET","server":"localhost","referrer":"http://localhost:8081/","uid":"d8ec9de"}
[2017-02-13 19:03:31] INFO > #200: (/classificacao) - [] - {"url":"/classificacao?_dc=1487009010960&page=1&start=0&limit=25","ip":"::1","http_method":"GET","server":"localhost","referrer":"http://localhost:8081/","uid":"789d296"}
[2017-02-13 19:03:31] INFO > #200: (/nivelrisco) - [] - {"url":"/nivelrisco?_dc=1487009010962&page=1&start=0&limit=25","ip":"::1","http_method":"GET","server":"localhost","referrer":"http://localhost:8081/","uid":"32aaaca"}
[2017-02-13 19:04:19] INFO > #200: (/usuarios) - [] - {"url":"/usuarios?_dc=1487009059505&page=1&start=0&limit=25&sort=nomeusuario&dir=desc","ip":"::1","http_method":"OPTIONS","server":"localhost","referrer":"http://localhost:8081/","uid":"e9f6417"}
[2017-02-13 19:04:19] INFO > #200: (/hora) - [] - {"url":"/hora?_dc=1487009059508&page=1&start=0&limit=25","ip":"::1","http_method":"OPTIONS","server":"localhost","referrer":"http://localhost:8081/","uid":"faefbfb"}
[2017-02-13 19:04:19] INFO > #200: (/sistemasinternos) - [] - {"url":"/sistemasinternos?_dc=1487009059509&page=1&start=0&limit=25","ip":"::1","http_method":"OPTIONS","server":"localhost","referrer":"http://localhost:8081/","uid":"256eb3d"}
[2017-02-13 19:04:19] INFO > #200: (/sistemasexternos) - [] - {"url":"/sistemasexternos?_dc=1487009059510&page=1&start=0&limit=25","ip":"::1","http_method":"OPTIONS","server":"localhost","referrer":"http://localhost:8081/","uid":"0236bc6"}
[2017-02-13 19:04:19] INFO > #200: (/sistemas) - [] - {"url":"/sistemas?_dc=1487009059510&page=1&start=0&limit=25","ip":"::1","http_method":"OPTIONS","server":"localhost","referrer":"http://localhost:8081/","uid":"30d5795"}
[2017-02-13 19:04:19] INFO > #200: (/abrangencia) - [] - {"url":"/abrangencia?_dc=1487009059511&page=1&start=0&limit=25","ip":"::1","http_method":"OPTIONS","server":"localhost","referrer":"http://localhost:8081/","uid":"0a05442"}
[2017-02-13 19:04:19] INFO > #200: (/estabilidade) - [] - {"url":"/estabilidade?_dc=1487009059511&page=1&start=0&limit=25","ip":"::1","http_method":"OPTIONS","server":"localhost","referrer":"http://localhost:8081/","uid":"4d41e65"}
[2017-02-13 19:04:19] INFO > #200: (/conhecimento) - [] - {"url":"/conhecimento?_dc=1487009059512&page=1&start=0&limit=25","ip":"::1","http_method":"OPTIONS","server":"localhost","referrer":"http://localhost:8081/","uid":"5e83c38"}
[2017-02-13 19:04:19] INFO > #200: (/classificacao) - [] - {"url":"/classificacao?_dc=1487009059513&page=1&start=0&limit=25","ip":"::1","http_method":"OPTIONS","server":"localhost","referrer":"http://localhost:8081/","uid":"2494eac"}
[2017-02-13 19:04:19] INFO > #200: (/nivelrisco) - [] - {"url":"/nivelrisco?_dc=1487009059513&page=1&start=0&limit=25","ip":"::1","http_method":"OPTIONS","server":"localhost","referrer":"http://localhost:8081/","uid":"a2ab434"}
[2017-02-13 19:04:19] INFO > #200: (/usuarios) - [] - {"url":"/usuarios?_dc=1487009059505&page=1&start=0&limit=25&sort=nomeusuario&dir=desc","ip":"::1","http_method":"GET","server":"localhost","referrer":"http://localhost:8081/","uid":"e0ad415"}
[2017-02-13 19:04:19] INFO > #200: (/hora) - [] - {"url":"/hora?_dc=1487009059508&page=1&start=0&limit=25","ip":"::1","http_method":"GET","server":"localhost","referrer":"http://localhost:8081/","uid":"354392c"}
[2017-02-13 19:04:19] INFO > #200: (/sistemasinternos) - [] - {"url":"/sistemasinternos?_dc=1487009059509&page=1&start=0&limit=25","ip":"::1","http_method":"GET","server":"localhost","referrer":"http://localhost:8081/","uid":"71f7545"}
[2017-02-13 19:04:19] INFO > #200: (/sistemasexternos) - [] - {"url":"/sistemasexternos?_dc=1487009059510&page=1&start=0&limit=25","ip":"::1","http_method":"GET","server":"localhost","referrer":"http://localhost:8081/","uid":"ca5d6c2"}
[2017-02-13 19:04:19] INFO > #200: (/sistemas) - [] - {"url":"/sistemas?_dc=1487009059510&page=1&start=0&limit=25","ip":"::1","http_method":"GET","server":"localhost","referrer":"http://localhost:8081/","uid":"7179cba"}
[2017-02-13 19:04:19] INFO > #200: (/abrangencia) - [] - {"url":"/abrangencia?_dc=1487009059511&page=1&start=0&limit=25","ip":"::1","http_method":"GET","server":"localhost","referrer":"http://localhost:8081/","uid":"b3b7f30"}
[2017-02-13 19:04:19] INFO > #200: (/estabilidade) - [] - {"url":"/estabilidade?_dc=1487009059511&page=1&start=0&limit=25","ip":"::1","http_method":"GET","server":"localhost","referrer":"http://localhost:8081/","uid":"c89aecb"}
[2017-02-13 19:04:19] INFO > #200: (/conhecimento) - [] - {"url":"/conhecimento?_dc=1487009059512&page=1&start=0&limit=25","ip":"::1","http_method":"GET","server":"localhost","referrer":"http://localhost:8081/","uid":"0321be6"}
[2017-02-13 19:04:19] INFO > #200: (/classificacao) - [] - {"url":"/classificacao?_dc=1487009059513&page=1&start=0&limit=25","ip":"::1","http_method":"GET","server":"localhost","referrer":"http://localhost:8081/","uid":"3cfec9f"}
[2017-02-13 19:04:20] INFO > #200: (/nivelrisco) - [] - {"url":"/nivelrisco?_dc=1487009059513&page=1&start=0&limit=25","ip":"::1","http_method":"GET","server":"localhost","referrer":"http://localhost:8081/","uid":"3480b1f"}
[2017-02-13 19:07:21] INFO > #200: (/usuarios) - [] - {"url":"/usuarios?_dc=1487009241851&page=1&start=0&limit=25&sort=nomeusuario&dir=desc","ip":"::1","http_method":"OPTIONS","server":"localhost","referrer":"http://localhost:8081/","uid":"a22be3c"}
[2017-02-13 19:07:21] INFO > #200: (/hora) - [] - {"url":"/hora?_dc=1487009241853&page=1&start=0&limit=25","ip":"::1","http_method":"OPTIONS","server":"localhost","referrer":"http://localhost:8081/","uid":"0a3eaae"}
[2017-02-13 19:07:21] INFO > #200: (/sistemasinternos) - [] - {"url":"/sistemasinternos?_dc=1487009241854&page=1&start=0&limit=25","ip":"::1","http_method":"OPTIONS","server":"localhost","referrer":"http://localhost:8081/","uid":"65f0f62"}
[2017-02-13 19:07:21] INFO > #200: (/sistemasexternos) - [] - {"url":"/sistemasexternos?_dc=1487009241855&page=1&start=0&limit=25","ip":"::1","http_method":"OPTIONS","server":"localhost","referrer":"http://localhost:8081/","uid":"b5bc0e5"}
[2017-02-13 19:07:21] INFO > #200: (/sistemas) - [] - {"url":"/sistemas?_dc=1487009241855&page=1&start=0&limit=25","ip":"::1","http_method":"OPTIONS","server":"localhost","referrer":"http://localhost:8081/","uid":"8418665"}
[2017-02-13 19:07:21] INFO > #200: (/abrangencia) - [] - {"url":"/abrangencia?_dc=1487009241856&page=1&start=0&limit=25","ip":"::1","http_method":"OPTIONS","server":"localhost","referrer":"http://localhost:8081/","uid":"0cc6cae"}
[2017-02-13 19:07:21] INFO > #200: (/estabilidade) - [] - {"url":"/estabilidade?_dc=1487009241857&page=1&start=0&limit=25","ip":"::1","http_method":"OPTIONS","server":"localhost","referrer":"http://localhost:8081/","uid":"250db5b"}
[2017-02-13 19:07:22] INFO > #200: (/conhecimento) - [] - {"url":"/conhecimento?_dc=1487009241858&page=1&start=0&limit=25","ip":"::1","http_method":"OPTIONS","server":"localhost","referrer":"http://localhost:8081/","uid":"da0bfff"}
[2017-02-13 19:07:22] INFO > #200: (/classificacao) - [] - {"url":"/classificacao?_dc=1487009241859&page=1&start=0&limit=25","ip":"::1","http_method":"OPTIONS","server":"localhost","referrer":"http://localhost:8081/","uid":"3bce5df"}
[2017-02-13 19:07:22] INFO > #200: (/nivelrisco) - [] - {"url":"/nivelrisco?_dc=1487009241859&page=1&start=0&limit=25","ip":"::1","http_method":"OPTIONS","server":"localhost","referrer":"http://localhost:8081/","uid":"4eac40c"}
[2017-02-13 19:07:22] INFO > #200: (/usuarios) - [] - {"url":"/usuarios?_dc=1487009241851&page=1&start=0&limit=25&sort=nomeusuario&dir=desc","ip":"::1","http_method":"GET","server":"localhost","referrer":"http://localhost:8081/","uid":"178464a"}
[2017-02-13 19:07:22] INFO > #200: (/hora) - [] - {"url":"/hora?_dc=1487009241853&page=1&start=0&limit=25","ip":"::1","http_method":"GET","server":"localhost","referrer":"http://localhost:8081/","uid":"ed1754b"}
[2017-02-13 19:07:22] INFO > #200: (/sistemasinternos) - [] - {"url":"/sistemasinternos?_dc=1487009241854&page=1&start=0&limit=25","ip":"::1","http_method":"GET","server":"localhost","referrer":"http://localhost:8081/","uid":"536ec4f"}
[2017-02-13 19:07:22] INFO > #200: (/sistemasexternos) - [] - {"url":"/sistemasexternos?_dc=1487009241855&page=1&start=0&limit=25","ip":"::1","http_method":"GET","server":"localhost","referrer":"http://localhost:8081/","uid":"76e5acc"}
[2017-02-13 19:07:22] INFO > #200: (/sistemas) - [] - {"url":"/sistemas?_dc=1487009241855&page=1&start=0&limit=25","ip":"::1","http_method":"GET","server":"localhost","referrer":"http://localhost:8081/","uid":"4266704"}
[2017-02-13 19:07:22] INFO > #200: (/abrangencia) - [] - {"url":"/abrangencia?_dc=1487009241856&page=1&start=0&limit=25","ip":"::1","http_method":"GET","server":"localhost","referrer":"http://localhost:8081/","uid":"82c92cd"}
[2017-02-13 19:07:22] INFO > #200: (/estabilidade) - [] - {"url":"/estabilidade?_dc=1487009241857&page=1&start=0&limit=25","ip":"::1","http_method":"GET","server":"localhost","referrer":"http://localhost:8081/","uid":"b61fa84"}
[2017-02-13 19:07:22] INFO > #200: (/conhecimento) - [] - {"url":"/conhecimento?_dc=1487009241858&page=1&start=0&limit=25","ip":"::1","http_method":"GET","server":"localhost","referrer":"http://localhost:8081/","uid":"64c7207"}
[2017-02-13 19:07:22] INFO > #200: (/classificacao) - [] - {"url":"/classificacao?_dc=1487009241859&page=1&start=0&limit=25","ip":"::1","http_method":"GET","server":"localhost","referrer":"http://localhost:8081/","uid":"4f9bb98"}
[2017-02-13 19:07:22] INFO > #200: (/nivelrisco) - [] - {"url":"/nivelrisco?_dc=1487009241859&page=1&start=0&limit=25","ip":"::1","http_method":"GET","server":"localhost","referrer":"http://localhost:8081/","uid":"9163682"}
[2017-02-13 19:07:42] INFO > #200: (/usuarios) - [] - {"url":"/usuarios?_dc=1487009262164&page=1&start=0&limit=25&sort=nomeusuario&dir=desc","ip":"::1","http_method":"OPTIONS","server":"localhost","referrer":"http://localhost:8081/","uid":"0d4a178"}
[2017-02-13 19:07:42] INFO > #200: (/hora) - [] - {"url":"/hora?_dc=1487009262167&page=1&start=0&limit=25","ip":"::1","http_method":"OPTIONS","server":"localhost","referrer":"http://localhost:8081/","uid":"4f66d0c"}
[2017-02-13 19:07:42] INFO > #200: (/sistemasinternos) - [] - {"url":"/sistemasinternos?_dc=1487009262168&page=1&start=0&limit=25","ip":"::1","http_method":"OPTIONS","server":"localhost","referrer":"http://localhost:8081/","uid":"bb27eae"}
[2017-02-13 19:07:42] INFO > #200: (/sistemasexternos) - [] - {"url":"/sistemasexternos?_dc=1487009262168&page=1&start=0&limit=25","ip":"::1","http_method":"OPTIONS","server":"localhost","referrer":"http://localhost:8081/","uid":"680e4ca"}
[2017-02-13 19:07:42] INFO > #200: (/sistemas) - [] - {"url":"/sistemas?_dc=1487009262169&page=1&start=0&limit=25","ip":"::1","http_method":"OPTIONS","server":"localhost","referrer":"http://localhost:8081/","uid":"33cf5f5"}
[2017-02-13 19:07:42] INFO > #200: (/abrangencia) - [] - {"url":"/abrangencia?_dc=1487009262170&page=1&start=0&limit=25","ip":"::1","http_method":"OPTIONS","server":"localhost","referrer":"http://localhost:8081/","uid":"c362708"}
[2017-02-13 19:07:42] INFO > #200: (/estabilidade) - [] - {"url":"/estabilidade?_dc=1487009262170&page=1&start=0&limit=25","ip":"::1","http_method":"OPTIONS","server":"localhost","referrer":"http://localhost:8081/","uid":"d55b3f2"}
[2017-02-13 19:07:42] INFO > #200: (/conhecimento) - [] - {"url":"/conhecimento?_dc=1487009262172&page=1&start=0&limit=25","ip":"::1","http_method":"OPTIONS","server":"localhost","referrer":"http://localhost:8081/","uid":"51cb359"}
[2017-02-13 19:07:42] INFO > #200: (/classificacao) - [] - {"url":"/classificacao?_dc=1487009262173&page=1&start=0&limit=25","ip":"::1","http_method":"OPTIONS","server":"localhost","referrer":"http://localhost:8081/","uid":"5b0fed9"}
[2017-02-13 19:07:42] INFO > #200: (/nivelrisco) - [] - {"url":"/nivelrisco?_dc=1487009262173&page=1&start=0&limit=25","ip":"::1","http_method":"OPTIONS","server":"localhost","referrer":"http://localhost:8081/","uid":"ec4dfc2"}
[2017-02-13 19:07:42] INFO > #200: (/usuarios) - [] - {"url":"/usuarios?_dc=1487009262164&page=1&start=0&limit=25&sort=nomeusuario&dir=desc","ip":"::1","http_method":"GET","server":"localhost","referrer":"http://localhost:8081/","uid":"b85aadd"}
[2017-02-13 19:07:42] INFO > #200: (/hora) - [] - {"url":"/hora?_dc=1487009262167&page=1&start=0&limit=25","ip":"::1","http_method":"GET","server":"localhost","referrer":"http://localhost:8081/","uid":"ca657dc"}
[2017-02-13 19:07:42] INFO > #200: (/sistemasinternos) - [] - {"url":"/sistemasinternos?_dc=1487009262168&page=1&start=0&limit=25","ip":"::1","http_method":"GET","server":"localhost","referrer":"http://localhost:8081/","uid":"b76b903"}
[2017-02-13 19:07:42] INFO > #200: (/sistemasexternos) - [] - {"url":"/sistemasexternos?_dc=1487009262168&page=1&start=0&limit=25","ip":"::1","http_method":"GET","server":"localhost","referrer":"http://localhost:8081/","uid":"0ef4743"}
[2017-02-13 19:07:42] INFO > #200: (/sistemas) - [] - {"url":"/sistemas?_dc=1487009262169&page=1&start=0&limit=25","ip":"::1","http_method":"GET","server":"localhost","referrer":"http://localhost:8081/","uid":"71cd28a"}
[2017-02-13 19:07:42] INFO > #200: (/abrangencia) - [] - {"url":"/abrangencia?_dc=1487009262170&page=1&start=0&limit=25","ip":"::1","http_method":"GET","server":"localhost","referrer":"http://localhost:8081/","uid":"33b1aab"}
[2017-02-13 19:07:42] INFO > #200: (/estabilidade) - [] - {"url":"/estabilidade?_dc=1487009262170&page=1&start=0&limit=25","ip":"::1","http_method":"GET","server":"localhost","referrer":"http://localhost:8081/","uid":"70a7885"}
[2017-02-13 19:07:42] INFO > #200: (/conhecimento) - [] - {"url":"/conhecimento?_dc=1487009262172&page=1&start=0&limit=25","ip":"::1","http_method":"GET","server":"localhost","referrer":"http://localhost:8081/","uid":"2c643eb"}
[2017-02-13 19:07:42] INFO > #200: (/classificacao) - [] - {"url":"/classificacao?_dc=1487009262173&page=1&start=0&limit=25","ip":"::1","http_method":"GET","server":"localhost","referrer":"http://localhost:8081/","uid":"7b2aa4c"}
[2017-02-13 19:07:42] INFO > #200: (/nivelrisco) - [] - {"url":"/nivelrisco?_dc=1487009262173&page=1&start=0&limit=25","ip":"::1","http_method":"GET","server":"localhost","referrer":"http://localhost:8081/","uid":"9fc2029"}
[2017-02-13 19:08:24] INFO > #200: (/usuarios) - [] - {"url":"/usuarios?_dc=1487009304322&page=1&start=0&limit=25&sort=nomeusuario&dir=desc","ip":"::1","http_method":"OPTIONS","server":"localhost","referrer":"http://localhost:8081/","uid":"921c509"}
[2017-02-13 19:08:24] INFO > #200: (/hora) - [] - {"url":"/hora?_dc=1487009304326&page=1&start=0&limit=25","ip":"::1","http_method":"OPTIONS","server":"localhost","referrer":"http://localhost:8081/","uid":"08d7d69"}
[2017-02-13 19:08:24] INFO > #200: (/sistemasinternos) - [] - {"url":"/sistemasinternos?_dc=1487009304326&page=1&start=0&limit=25","ip":"::1","http_method":"OPTIONS","server":"localhost","referrer":"http://localhost:8081/","uid":"296e681"}
[2017-02-13 19:08:24] INFO > #200: (/sistemasexternos) - [] - {"url":"/sistemasexternos?_dc=1487009304327&page=1&start=0&limit=25","ip":"::1","http_method":"OPTIONS","server":"localhost","referrer":"http://localhost:8081/","uid":"22e919a"}
[2017-02-13 19:08:24] INFO > #200: (/sistemas) - [] - {"url":"/sistemas?_dc=1487009304327&page=1&start=0&limit=25","ip":"::1","http_method":"OPTIONS","server":"localhost","referrer":"http://localhost:8081/","uid":"795d4c0"}
[2017-02-13 19:08:24] INFO > #200: (/abrangencia) - [] - {"url":"/abrangencia?_dc=1487009304328&page=1&start=0&limit=25","ip":"::1","http_method":"OPTIONS","server":"localhost","referrer":"http://localhost:8081/","uid":"b31de01"}
[2017-02-13 19:08:24] INFO > #200: (/estabilidade) - [] - {"url":"/estabilidade?_dc=1487009304328&page=1&start=0&limit=25","ip":"::1","http_method":"OPTIONS","server":"localhost","referrer":"http://localhost:8081/","uid":"81c13dc"}
[2017-02-13 19:08:24] INFO > #200: (/conhecimento) - [] - {"url":"/conhecimento?_dc=1487009304329&page=1&start=0&limit=25","ip":"::1","http_method":"OPTIONS","server":"localhost","referrer":"http://localhost:8081/","uid":"adb165c"}
[2017-02-13 19:08:24] INFO > #200: (/classificacao) - [] - {"url":"/classificacao?_dc=1487009304329&page=1&start=0&limit=25","ip":"::1","http_method":"OPTIONS","server":"localhost","referrer":"http://localhost:8081/","uid":"dde4041"}
[2017-02-13 19:08:24] INFO > #200: (/nivelrisco) - [] - {"url":"/nivelrisco?_dc=1487009304330&page=1&start=0&limit=25","ip":"::1","http_method":"OPTIONS","server":"localhost","referrer":"http://localhost:8081/","uid":"fb83211"}
[2017-02-13 19:08:24] INFO > #200: (/usuarios) - [] - {"url":"/usuarios?_dc=1487009304322&page=1&start=0&limit=25&sort=nomeusuario&dir=desc","ip":"::1","http_method":"GET","server":"localhost","referrer":"http://localhost:8081/","uid":"60d3d85"}
[2017-02-13 19:08:24] INFO > #200: (/hora) - [] - {"url":"/hora?_dc=1487009304326&page=1&start=0&limit=25","ip":"::1","http_method":"GET","server":"localhost","referrer":"http://localhost:8081/","uid":"f071ae1"}
[2017-02-13 19:08:24] INFO > #200: (/sistemasinternos) - [] - {"url":"/sistemasinternos?_dc=1487009304326&page=1&start=0&limit=25","ip":"::1","http_method":"GET","server":"localhost","referrer":"http://localhost:8081/","uid":"a47d648"}
[2017-02-13 19:08:24] INFO > #200: (/sistemasexternos) - [] - {"url":"/sistemasexternos?_dc=1487009304327&page=1&start=0&limit=25","ip":"::1","http_method":"GET","server":"localhost","referrer":"http://localhost:8081/","uid":"40178c1"}
[2017-02-13 19:08:24] INFO > #200: (/sistemas) - [] - {"url":"/sistemas?_dc=1487009304327&page=1&start=0&limit=25","ip":"::1","http_method":"GET","server":"localhost","referrer":"http://localhost:8081/","uid":"643caa2"}
[2017-02-13 19:08:24] INFO > #200: (/abrangencia) - [] - {"url":"/abrangencia?_dc=1487009304328&page=1&start=0&limit=25","ip":"::1","http_method":"GET","server":"localhost","referrer":"http://localhost:8081/","uid":"f7a9f04"}
[2017-02-13 19:08:24] INFO > #200: (/estabilidade) - [] - {"url":"/estabilidade?_dc=1487009304328&page=1&start=0&limit=25","ip":"::1","http_method":"GET","server":"localhost","referrer":"http://localhost:8081/","uid":"c784d78"}
[2017-02-13 19:08:24] INFO > #200: (/conhecimento) - [] - {"url":"/conhecimento?_dc=1487009304329&page=1&start=0&limit=25","ip":"::1","http_method":"GET","server":"localhost","referrer":"http://localhost:8081/","uid":"a7b0416"}
[2017-02-13 19:08:24] INFO > #200: (/classificacao) - [] - {"url":"/classificacao?_dc=1487009304329&page=1&start=0&limit=25","ip":"::1","http_method":"GET","server":"localhost","referrer":"http://localhost:8081/","uid":"a73a9c2"}
[2017-02-13 19:08:24] INFO > #200: (/nivelrisco) - [] - {"url":"/nivelrisco?_dc=1487009304330&page=1&start=0&limit=25","ip":"::1","http_method":"GET","server":"localhost","referrer":"http://localhost:8081/","uid":"40d1df6"}
[2017-02-13 19:10:20] INFO > #200: (/usuarios) - [] - {"url":"/usuarios?_dc=1487009420712&page=1&start=0&limit=25&sort=nomeusuario&dir=desc","ip":"::1","http_method":"OPTIONS","server":"localhost","referrer":"http://localhost:8081/","uid":"7b94c06"}
[2017-02-13 19:10:20] INFO > #200: (/hora) - [] - {"url":"/hora?_dc=1487009420715&page=1&start=0&limit=25","ip":"::1","http_method":"OPTIONS","server":"localhost","referrer":"http://localhost:8081/","uid":"3349f9c"}
[2017-02-13 19:10:20] INFO > #200: (/sistemasinternos) - [] - {"url":"/sistemasinternos?_dc=1487009420716&page=1&start=0&limit=25","ip":"::1","http_method":"OPTIONS","server":"localhost","referrer":"http://localhost:8081/","uid":"61af7d8"}
[2017-02-13 19:10:20] INFO > #200: (/sistemasexternos) - [] - {"url":"/sistemasexternos?_dc=1487009420717&page=1&start=0&limit=25","ip":"::1","http_method":"OPTIONS","server":"localhost","referrer":"http://localhost:8081/","uid":"dd024ee"}
[2017-02-13 19:10:20] INFO > #200: (/sistemas) - [] - {"url":"/sistemas?_dc=1487009420718&page=1&start=0&limit=25","ip":"::1","http_method":"OPTIONS","server":"localhost","referrer":"http://localhost:8081/","uid":"6384d01"}
[2017-02-13 19:10:20] INFO > #200: (/abrangencia) - [] - {"url":"/abrangencia?_dc=1487009420718&page=1&start=0&limit=25","ip":"::1","http_method":"OPTIONS","server":"localhost","referrer":"http://localhost:8081/","uid":"6ce9674"}
[2017-02-13 19:10:20] INFO > #200: (/estabilidade) - [] - {"url":"/estabilidade?_dc=1487009420719&page=1&start=0&limit=25","ip":"::1","http_method":"OPTIONS","server":"localhost","referrer":"http://localhost:8081/","uid":"0792cd3"}
[2017-02-13 19:10:20] INFO > #200: (/conhecimento) - [] - {"url":"/conhecimento?_dc=1487009420719&page=1&start=0&limit=25","ip":"::1","http_method":"OPTIONS","server":"localhost","referrer":"http://localhost:8081/","uid":"e7fab50"}
[2017-02-13 19:10:20] INFO > #200: (/classificacao) - [] - {"url":"/classificacao?_dc=1487009420720&page=1&start=0&limit=25","ip":"::1","http_method":"OPTIONS","server":"localhost","referrer":"http://localhost:8081/","uid":"c20233b"}
[2017-02-13 19:10:20] INFO > #200: (/nivelrisco) - [] - {"url":"/nivelrisco?_dc=1487009420720&page=1&start=0&limit=25","ip":"::1","http_method":"OPTIONS","server":"localhost","referrer":"http://localhost:8081/","uid":"5d19650"}
[2017-02-13 19:10:20] INFO > #200: (/usuarios) - [] - {"url":"/usuarios?_dc=1487009420712&page=1&start=0&limit=25&sort=nomeusuario&dir=desc","ip":"::1","http_method":"GET","server":"localhost","referrer":"http://localhost:8081/","uid":"10c9ffe"}
[2017-02-13 19:10:20] INFO > #200: (/hora) - [] - {"url":"/hora?_dc=1487009420715&page=1&start=0&limit=25","ip":"::1","http_method":"GET","server":"localhost","referrer":"http://localhost:8081/","uid":"cba9bfd"}
[2017-02-13 19:10:20] INFO > #200: (/sistemasinternos) - [] - {"url":"/sistemasinternos?_dc=1487009420716&page=1&start=0&limit=25","ip":"::1","http_method":"GET","server":"localhost","referrer":"http://localhost:8081/","uid":"1913420"}
[2017-02-13 19:10:21] INFO > #200: (/sistemasexternos) - [] - {"url":"/sistemasexternos?_dc=1487009420717&page=1&start=0&limit=25","ip":"::1","http_method":"GET","server":"localhost","referrer":"http://localhost:8081/","uid":"c2ca1c1"}
[2017-02-13 19:10:21] INFO > #200: (/sistemas) - [] - {"url":"/sistemas?_dc=1487009420718&page=1&start=0&limit=25","ip":"::1","http_method":"GET","server":"localhost","referrer":"http://localhost:8081/","uid":"a689c5c"}
[2017-02-13 19:10:21] INFO > #200: (/abrangencia) - [] - {"url":"/abrangencia?_dc=1487009420718&page=1&start=0&limit=25","ip":"::1","http_method":"GET","server":"localhost","referrer":"http://localhost:8081/","uid":"a4cc791"}
[2017-02-13 19:10:21] INFO > #200: (/estabilidade) - [] - {"url":"/estabilidade?_dc=1487009420719&page=1&start=0&limit=25","ip":"::1","http_method":"GET","server":"localhost","referrer":"http://localhost:8081/","uid":"c8bfb28"}
[2017-02-13 19:10:21] INFO > #200: (/conhecimento) - [] - {"url":"/conhecimento?_dc=1487009420719&page=1&start=0&limit=25","ip":"::1","http_method":"GET","server":"localhost","referrer":"http://localhost:8081/","uid":"901431f"}
[2017-02-13 19:10:21] INFO > #200: (/classificacao) - [] - {"url":"/classificacao?_dc=1487009420720&page=1&start=0&limit=25","ip":"::1","http_method":"GET","server":"localhost","referrer":"http://localhost:8081/","uid":"b91eeb7"}
[2017-02-13 19:10:21] INFO > #200: (/nivelrisco) - [] - {"url":"/nivelrisco?_dc=1487009420720&page=1&start=0&limit=25","ip":"::1","http_method":"GET","server":"localhost","referrer":"http://localhost:8081/","uid":"fd2a7ab"}
