[2017-03-13 00:06:18] INFO > #200: (/tarefas) - [] - {"url":"/tarefas?_dc=1489359978862&page=1&start=0&limit=25&sort=descricaotarefa&dir=desc","ip":"::1","http_method":"OPTIONS","server":"localhost","referrer":"http://localhost:8081/","uid":"7fd1c75"}
[2017-03-13 00:06:18] INFO > #200: (/comboprogramadores) - [] - {"url":"/comboprogramadores?_dc=1489359978866&page=1&start=0&limit=25","ip":"::1","http_method":"OPTIONS","server":"localhost","referrer":"http://localhost:8081/","uid":"f51ffcc"}
[2017-03-13 00:06:18] INFO > #200: (/tarefas) - [] - {"url":"/tarefas?_dc=1489359978862&page=1&start=0&limit=25&sort=descricaotarefa&dir=desc","ip":"::1","http_method":"GET","server":"localhost","referrer":"http://localhost:8081/","uid":"5273adf"}
[2017-03-13 00:06:18] INFO > #200: (/comboprogramadores) - [] - {"url":"/comboprogramadores?_dc=1489359978866&page=1&start=0&limit=25","ip":"::1","http_method":"GET","server":"localhost","referrer":"http://localhost:8081/","uid":"4f7b081"}
[2017-03-13 00:06:20] INFO > #200: (/acompanha/4) - [] - {"url":"/acompanha/4","ip":"::1","http_method":"OPTIONS","server":"localhost","referrer":"http://localhost:8081/","uid":"9a3e00b"}
[2017-03-13 00:06:20] INFO > #200: (/acompanha/tarefas/4) - [] - {"url":"/acompanha/tarefas/4","ip":"::1","http_method":"OPTIONS","server":"localhost","referrer":"http://localhost:8081/","uid":"6322a02"}
[2017-03-13 00:06:20] INFO > #200: (/acompanha/4) - [] - {"url":"/acompanha/4","ip":"::1","http_method":"GET","server":"localhost","referrer":"http://localhost:8081/","uid":"7c15a2d"}
[2017-03-13 00:06:20] INFO > #200: (/acompanha/tarefas/4) - [] - {"url":"/acompanha/tarefas/4","ip":"::1","http_method":"GET","server":"localhost","referrer":"http://localhost:8081/","uid":"2215c00"}
[2017-03-13 00:07:40] INFO > #200: (/tarefas) - [] - {"url":"/tarefas?_dc=1489360060027&page=1&start=0&limit=25&sort=descricaotarefa&dir=desc","ip":"::1","http_method":"OPTIONS","server":"localhost","referrer":"http://localhost:8081/","uid":"421faf3"}
[2017-03-13 00:07:40] INFO > #200: (/comboprogramadores) - [] - {"url":"/comboprogramadores?_dc=1489360060030&page=1&start=0&limit=25","ip":"::1","http_method":"OPTIONS","server":"localhost","referrer":"http://localhost:8081/","uid":"f0c9559"}
[2017-03-13 00:07:40] INFO > #200: (/tarefas) - [] - {"url":"/tarefas?_dc=1489360060027&page=1&start=0&limit=25&sort=descricaotarefa&dir=desc","ip":"::1","http_method":"GET","server":"localhost","referrer":"http://localhost:8081/","uid":"68bcc0f"}
[2017-03-13 00:07:40] INFO > #200: (/comboprogramadores) - [] - {"url":"/comboprogramadores?_dc=1489360060030&page=1&start=0&limit=25","ip":"::1","http_method":"GET","server":"localhost","referrer":"http://localhost:8081/","uid":"f7c91c1"}
[2017-03-13 00:08:14] INFO > #200: (/tarefas) - [] - {"url":"/tarefas?_dc=1489360094313&page=1&start=0&limit=25&sort=descricaotarefa&dir=desc","ip":"::1","http_method":"OPTIONS","server":"localhost","referrer":"http://localhost:8081/","uid":"e9f2ad8"}
[2017-03-13 00:08:14] INFO > #200: (/comboprogramadores) - [] - {"url":"/comboprogramadores?_dc=1489360094316&page=1&start=0&limit=25","ip":"::1","http_method":"OPTIONS","server":"localhost","referrer":"http://localhost:8081/","uid":"94cf529"}
[2017-03-13 00:08:14] INFO > #200: (/tarefas) - [] - {"url":"/tarefas?_dc=1489360094313&page=1&start=0&limit=25&sort=descricaotarefa&dir=desc","ip":"::1","http_method":"GET","server":"localhost","referrer":"http://localhost:8081/","uid":"6d6f3c6"}
[2017-03-13 00:08:14] INFO > #200: (/comboprogramadores) - [] - {"url":"/comboprogramadores?_dc=1489360094316&page=1&start=0&limit=25","ip":"::1","http_method":"GET","server":"localhost","referrer":"http://localhost:8081/","uid":"84e701e"}
[2017-03-13 00:08:24] INFO > #200: (/acompanha/24) - [] - {"url":"/acompanha/24","ip":"::1","http_method":"OPTIONS","server":"localhost","referrer":"http://localhost:8081/","uid":"9c7d038"}
[2017-03-13 00:08:24] INFO > #200: (/acompanha/tarefas/24) - [] - {"url":"/acompanha/tarefas/24","ip":"::1","http_method":"OPTIONS","server":"localhost","referrer":"http://localhost:8081/","uid":"bf5dc58"}
[2017-03-13 00:08:24] INFO > #200: (/acompanha/24) - [] - {"url":"/acompanha/24","ip":"::1","http_method":"GET","server":"localhost","referrer":"http://localhost:8081/","uid":"9710cd2"}
[2017-03-13 00:08:24] INFO > #200: (/acompanha/tarefas/24) - [] - {"url":"/acompanha/tarefas/24","ip":"::1","http_method":"GET","server":"localhost","referrer":"http://localhost:8081/","uid":"c57802b"}
[2017-03-13 00:08:26] INFO > #200: (/acompanha/14) - [] - {"url":"/acompanha/14","ip":"::1","http_method":"OPTIONS","server":"localhost","referrer":"http://localhost:8081/","uid":"a3e5183"}
[2017-03-13 00:08:26] INFO > #200: (/acompanha/tarefas/14) - [] - {"url":"/acompanha/tarefas/14","ip":"::1","http_method":"OPTIONS","server":"localhost","referrer":"http://localhost:8081/","uid":"c274abe"}
[2017-03-13 00:08:26] INFO > #200: (/acompanha/14) - [] - {"url":"/acompanha/14","ip":"::1","http_method":"GET","server":"localhost","referrer":"http://localhost:8081/","uid":"1676797"}
[2017-03-13 00:08:26] INFO > #200: (/acompanha/tarefas/14) - [] - {"url":"/acompanha/tarefas/14","ip":"::1","http_method":"GET","server":"localhost","referrer":"http://localhost:8081/","uid":"6a2f38e"}
[2017-03-13 00:09:22] INFO > #200: (/tarefas) - [] - {"url":"/tarefas?_dc=1489360162945&page=1&start=0&limit=25&sort=descricaotarefa&dir=desc","ip":"::1","http_method":"OPTIONS","server":"localhost","referrer":"http://localhost:8081/","uid":"6b98a15"}
[2017-03-13 00:09:22] INFO > #200: (/comboprogramadores) - [] - {"url":"/comboprogramadores?_dc=1489360162949&page=1&start=0&limit=25","ip":"::1","http_method":"OPTIONS","server":"localhost","referrer":"http://localhost:8081/","uid":"410caef"}
[2017-03-13 00:09:23] INFO > #200: (/tarefas) - [] - {"url":"/tarefas?_dc=1489360162945&page=1&start=0&limit=25&sort=descricaotarefa&dir=desc","ip":"::1","http_method":"GET","server":"localhost","referrer":"http://localhost:8081/","uid":"7971613"}
[2017-03-13 00:09:23] INFO > #200: (/comboprogramadores) - [] - {"url":"/comboprogramadores?_dc=1489360162949&page=1&start=0&limit=25","ip":"::1","http_method":"GET","server":"localhost","referrer":"http://localhost:8081/","uid":"74600f4"}
[2017-03-13 00:09:25] INFO > #200: (/acompanha/15) - [] - {"url":"/acompanha/15","ip":"::1","http_method":"OPTIONS","server":"localhost","referrer":"http://localhost:8081/","uid":"c6ff060"}
[2017-03-13 00:09:25] INFO > #200: (/acompanha/tarefas/15) - [] - {"url":"/acompanha/tarefas/15","ip":"::1","http_method":"OPTIONS","server":"localhost","referrer":"http://localhost:8081/","uid":"11a4ab6"}
[2017-03-13 00:09:25] INFO > #200: (/acompanha/15) - [] - {"url":"/acompanha/15","ip":"::1","http_method":"GET","server":"localhost","referrer":"http://localhost:8081/","uid":"2d7fa0a"}
[2017-03-13 00:09:25] INFO > #200: (/acompanha/tarefas/15) - [] - {"url":"/acompanha/tarefas/15","ip":"::1","http_method":"GET","server":"localhost","referrer":"http://localhost:8081/","uid":"e47b999"}
[2017-03-13 00:14:30] INFO > #200: (/tarefas) - [] - {"url":"/tarefas?_dc=1489360470827&page=1&start=0&limit=25&sort=descricaotarefa&dir=desc","ip":"::1","http_method":"OPTIONS","server":"localhost","referrer":"http://localhost:8081/","uid":"6152285"}
[2017-03-13 00:14:30] INFO > #200: (/comboprogramadores) - [] - {"url":"/comboprogramadores?_dc=1489360470831&page=1&start=0&limit=25","ip":"::1","http_method":"OPTIONS","server":"localhost","referrer":"http://localhost:8081/","uid":"2aaef0c"}
[2017-03-13 00:14:30] INFO > #200: (/tarefas) - [] - {"url":"/tarefas?_dc=1489360470827&page=1&start=0&limit=25&sort=descricaotarefa&dir=desc","ip":"::1","http_method":"GET","server":"localhost","referrer":"http://localhost:8081/","uid":"40e8de4"}
[2017-03-13 00:14:30] INFO > #200: (/comboprogramadores) - [] - {"url":"/comboprogramadores?_dc=1489360470831&page=1&start=0&limit=25","ip":"::1","http_method":"GET","server":"localhost","referrer":"http://localhost:8081/","uid":"edd0573"}
[2017-03-13 00:14:32] INFO > #200: (/acompanha/7) - [] - {"url":"/acompanha/7","ip":"::1","http_method":"OPTIONS","server":"localhost","referrer":"http://localhost:8081/","uid":"ac2f55e"}
[2017-03-13 00:14:32] INFO > #200: (/acompanha/tarefas/7) - [] - {"url":"/acompanha/tarefas/7","ip":"::1","http_method":"OPTIONS","server":"localhost","referrer":"http://localhost:8081/","uid":"075155d"}
[2017-03-13 00:14:32] INFO > #200: (/acompanha/7) - [] - {"url":"/acompanha/7","ip":"::1","http_method":"GET","server":"localhost","referrer":"http://localhost:8081/","uid":"9ccc225"}
[2017-03-13 00:14:32] INFO > #200: (/acompanha/tarefas/7) - [] - {"url":"/acompanha/tarefas/7","ip":"::1","http_method":"GET","server":"localhost","referrer":"http://localhost:8081/","uid":"773f15a"}
[2017-03-13 00:15:58] INFO > #200: (/tarefas) - [] - {"url":"/tarefas?_dc=1489360558043&page=1&start=0&limit=25&sort=descricaotarefa&dir=desc","ip":"::1","http_method":"OPTIONS","server":"localhost","referrer":"http://localhost:8081/","uid":"b1ade79"}
[2017-03-13 00:15:58] INFO > #200: (/comboprogramadores) - [] - {"url":"/comboprogramadores?_dc=1489360558047&page=1&start=0&limit=25","ip":"::1","http_method":"OPTIONS","server":"localhost","referrer":"http://localhost:8081/","uid":"0a6e323"}
[2017-03-13 00:15:58] INFO > #200: (/tarefas) - [] - {"url":"/tarefas?_dc=1489360558043&page=1&start=0&limit=25&sort=descricaotarefa&dir=desc","ip":"::1","http_method":"GET","server":"localhost","referrer":"http://localhost:8081/","uid":"7d7873e"}
[2017-03-13 00:15:58] INFO > #200: (/comboprogramadores) - [] - {"url":"/comboprogramadores?_dc=1489360558047&page=1&start=0&limit=25","ip":"::1","http_method":"GET","server":"localhost","referrer":"http://localhost:8081/","uid":"8688d7f"}
[2017-03-13 00:16:02] INFO > #200: (/acompanha/7) - [] - {"url":"/acompanha/7","ip":"::1","http_method":"GET","server":"localhost","referrer":"http://localhost:8081/","uid":"be32b9b"}
[2017-03-13 00:16:02] INFO > #200: (/acompanha/tarefas/7) - [] - {"url":"/acompanha/tarefas/7","ip":"::1","http_method":"GET","server":"localhost","referrer":"http://localhost:8081/","uid":"8d03a34"}
[2017-03-13 00:16:50] INFO > #200: (/tarefas) - [] - {"url":"/tarefas?_dc=1489360610381&page=1&start=0&limit=25&sort=descricaotarefa&dir=desc","ip":"::1","http_method":"OPTIONS","server":"localhost","referrer":"http://localhost:8081/","uid":"f97a692"}
[2017-03-13 00:16:50] INFO > #200: (/comboprogramadores) - [] - {"url":"/comboprogramadores?_dc=1489360610385&page=1&start=0&limit=25","ip":"::1","http_method":"OPTIONS","server":"localhost","referrer":"http://localhost:8081/","uid":"b6bad04"}
[2017-03-13 00:16:50] INFO > #200: (/tarefas) - [] - {"url":"/tarefas?_dc=1489360610381&page=1&start=0&limit=25&sort=descricaotarefa&dir=desc","ip":"::1","http_method":"GET","server":"localhost","referrer":"http://localhost:8081/","uid":"4d48cb8"}
[2017-03-13 00:16:50] INFO > #200: (/comboprogramadores) - [] - {"url":"/comboprogramadores?_dc=1489360610385&page=1&start=0&limit=25","ip":"::1","http_method":"GET","server":"localhost","referrer":"http://localhost:8081/","uid":"089afec"}
[2017-03-13 00:16:52] INFO > #200: (/acompanha/24) - [] - {"url":"/acompanha/24","ip":"::1","http_method":"GET","server":"localhost","referrer":"http://localhost:8081/","uid":"07ae0cc"}
[2017-03-13 00:16:52] INFO > #200: (/acompanha/tarefas/24) - [] - {"url":"/acompanha/tarefas/24","ip":"::1","http_method":"GET","server":"localhost","referrer":"http://localhost:8081/","uid":"c3f8afe"}
[2017-03-13 00:16:54] INFO > #200: (/acompanha/14) - [] - {"url":"/acompanha/14","ip":"::1","http_method":"GET","server":"localhost","referrer":"http://localhost:8081/","uid":"b9f300b"}
[2017-03-13 00:16:54] INFO > #200: (/acompanha/tarefas/14) - [] - {"url":"/acompanha/tarefas/14","ip":"::1","http_method":"GET","server":"localhost","referrer":"http://localhost:8081/","uid":"d20cb3b"}
[2017-03-13 00:17:31] INFO > #200: (/tarefas) - [] - {"url":"/tarefas?_dc=1489360651098&page=1&start=0&limit=25&sort=descricaotarefa&dir=desc","ip":"::1","http_method":"OPTIONS","server":"localhost","referrer":"http://localhost:8081/","uid":"48d4d36"}
[2017-03-13 00:17:31] INFO > #200: (/comboprogramadores) - [] - {"url":"/comboprogramadores?_dc=1489360651102&page=1&start=0&limit=25","ip":"::1","http_method":"OPTIONS","server":"localhost","referrer":"http://localhost:8081/","uid":"3d43d48"}
[2017-03-13 00:17:31] INFO > #200: (/tarefas) - [] - {"url":"/tarefas?_dc=1489360651098&page=1&start=0&limit=25&sort=descricaotarefa&dir=desc","ip":"::1","http_method":"GET","server":"localhost","referrer":"http://localhost:8081/","uid":"b791d33"}
[2017-03-13 00:17:31] INFO > #200: (/comboprogramadores) - [] - {"url":"/comboprogramadores?_dc=1489360651102&page=1&start=0&limit=25","ip":"::1","http_method":"GET","server":"localhost","referrer":"http://localhost:8081/","uid":"8fd945a"}
[2017-03-13 00:17:32] INFO > #200: (/acompanha/24) - [] - {"url":"/acompanha/24","ip":"::1","http_method":"GET","server":"localhost","referrer":"http://localhost:8081/","uid":"1a50028"}
[2017-03-13 00:17:32] INFO > #200: (/acompanha/tarefas/24) - [] - {"url":"/acompanha/tarefas/24","ip":"::1","http_method":"GET","server":"localhost","referrer":"http://localhost:8081/","uid":"ef2e9d2"}
[2017-03-13 00:17:34] INFO > #200: (/acompanha/14) - [] - {"url":"/acompanha/14","ip":"::1","http_method":"GET","server":"localhost","referrer":"http://localhost:8081/","uid":"685ba6f"}
[2017-03-13 00:17:34] INFO > #200: (/acompanha/tarefas/14) - [] - {"url":"/acompanha/tarefas/14","ip":"::1","http_method":"GET","server":"localhost","referrer":"http://localhost:8081/","uid":"9f36d68"}
[2017-03-13 00:18:38] INFO > #200: (/tarefas) - [] - {"url":"/tarefas?_dc=1489360718262&page=1&start=0&limit=25&sort=descricaotarefa&dir=desc","ip":"::1","http_method":"OPTIONS","server":"localhost","referrer":"http://localhost:8081/","uid":"1aab00e"}
[2017-03-13 00:18:38] INFO > #200: (/comboprogramadores) - [] - {"url":"/comboprogramadores?_dc=1489360718266&page=1&start=0&limit=25","ip":"::1","http_method":"OPTIONS","server":"localhost","referrer":"http://localhost:8081/","uid":"8c37ed8"}
[2017-03-13 00:18:38] INFO > #200: (/tarefas) - [] - {"url":"/tarefas?_dc=1489360718262&page=1&start=0&limit=25&sort=descricaotarefa&dir=desc","ip":"::1","http_method":"GET","server":"localhost","referrer":"http://localhost:8081/","uid":"196549c"}
[2017-03-13 00:18:38] INFO > #200: (/comboprogramadores) - [] - {"url":"/comboprogramadores?_dc=1489360718266&page=1&start=0&limit=25","ip":"::1","http_method":"GET","server":"localhost","referrer":"http://localhost:8081/","uid":"1e56bb2"}
[2017-03-13 00:18:39] INFO > #200: (/acompanha/7) - [] - {"url":"/acompanha/7","ip":"::1","http_method":"GET","server":"localhost","referrer":"http://localhost:8081/","uid":"cbab1f5"}
[2017-03-13 00:18:39] INFO > #200: (/acompanha/tarefas/7) - [] - {"url":"/acompanha/tarefas/7","ip":"::1","http_method":"GET","server":"localhost","referrer":"http://localhost:8081/","uid":"6e6a76e"}
[2017-03-13 00:18:41] INFO > #200: (/acompanha/24) - [] - {"url":"/acompanha/24","ip":"::1","http_method":"OPTIONS","server":"localhost","referrer":"http://localhost:8081/","uid":"eed6359"}
[2017-03-13 00:18:41] INFO > #200: (/acompanha/tarefas/24) - [] - {"url":"/acompanha/tarefas/24","ip":"::1","http_method":"OPTIONS","server":"localhost","referrer":"http://localhost:8081/","uid":"9900e87"}
[2017-03-13 00:18:41] INFO > #200: (/acompanha/24) - [] - {"url":"/acompanha/24","ip":"::1","http_method":"GET","server":"localhost","referrer":"http://localhost:8081/","uid":"1fed850"}
[2017-03-13 00:18:41] INFO > #200: (/acompanha/tarefas/24) - [] - {"url":"/acompanha/tarefas/24","ip":"::1","http_method":"GET","server":"localhost","referrer":"http://localhost:8081/","uid":"2cbd1be"}
[2017-03-13 00:18:42] INFO > #200: (/acompanha/14) - [] - {"url":"/acompanha/14","ip":"::1","http_method":"OPTIONS","server":"localhost","referrer":"http://localhost:8081/","uid":"e4ab24b"}
[2017-03-13 00:18:42] INFO > #200: (/acompanha/tarefas/14) - [] - {"url":"/acompanha/tarefas/14","ip":"::1","http_method":"OPTIONS","server":"localhost","referrer":"http://localhost:8081/","uid":"109c4ae"}
[2017-03-13 00:18:42] INFO > #200: (/acompanha/14) - [] - {"url":"/acompanha/14","ip":"::1","http_method":"GET","server":"localhost","referrer":"http://localhost:8081/","uid":"ffc0d0b"}
[2017-03-13 00:18:42] INFO > #200: (/acompanha/tarefas/14) - [] - {"url":"/acompanha/tarefas/14","ip":"::1","http_method":"GET","server":"localhost","referrer":"http://localhost:8081/","uid":"1164e7c"}
[2017-03-13 00:19:05] INFO > #200: (/tarefas) - [] - {"url":"/tarefas?_dc=1489360745654&page=1&start=0&limit=25&sort=descricaotarefa&dir=desc","ip":"::1","http_method":"OPTIONS","server":"localhost","referrer":"http://localhost:8081/","uid":"1efeae4"}
[2017-03-13 00:19:05] INFO > #200: (/comboprogramadores) - [] - {"url":"/comboprogramadores?_dc=1489360745658&page=1&start=0&limit=25","ip":"::1","http_method":"OPTIONS","server":"localhost","referrer":"http://localhost:8081/","uid":"5cf7459"}
[2017-03-13 00:19:05] INFO > #200: (/tarefas) - [] - {"url":"/tarefas?_dc=1489360745654&page=1&start=0&limit=25&sort=descricaotarefa&dir=desc","ip":"::1","http_method":"GET","server":"localhost","referrer":"http://localhost:8081/","uid":"e53b48b"}
[2017-03-13 00:19:05] INFO > #200: (/comboprogramadores) - [] - {"url":"/comboprogramadores?_dc=1489360745658&page=1&start=0&limit=25","ip":"::1","http_method":"GET","server":"localhost","referrer":"http://localhost:8081/","uid":"fa8f169"}
[2017-03-13 00:19:07] INFO > #200: (/acompanha/7) - [] - {"url":"/acompanha/7","ip":"::1","http_method":"GET","server":"localhost","referrer":"http://localhost:8081/","uid":"d16b97f"}
[2017-03-13 00:19:07] INFO > #200: (/acompanha/tarefas/7) - [] - {"url":"/acompanha/tarefas/7","ip":"::1","http_method":"GET","server":"localhost","referrer":"http://localhost:8081/","uid":"8698c19"}
[2017-03-13 00:19:08] INFO > #200: (/acompanha/24) - [] - {"url":"/acompanha/24","ip":"::1","http_method":"GET","server":"localhost","referrer":"http://localhost:8081/","uid":"b2b8fdc"}
[2017-03-13 00:19:08] INFO > #200: (/acompanha/tarefas/24) - [] - {"url":"/acompanha/tarefas/24","ip":"::1","http_method":"GET","server":"localhost","referrer":"http://localhost:8081/","uid":"0e0e0cd"}
[2017-03-13 00:19:09] INFO > #200: (/acompanha/14) - [] - {"url":"/acompanha/14","ip":"::1","http_method":"GET","server":"localhost","referrer":"http://localhost:8081/","uid":"010109e"}
[2017-03-13 00:19:09] INFO > #200: (/acompanha/tarefas/14) - [] - {"url":"/acompanha/tarefas/14","ip":"::1","http_method":"GET","server":"localhost","referrer":"http://localhost:8081/","uid":"d40aec9"}
[2017-03-13 00:19:29] INFO > #200: (/tarefas) - [] - {"url":"/tarefas?_dc=1489360769905&page=1&start=0&limit=25&sort=descricaotarefa&dir=desc","ip":"::1","http_method":"OPTIONS","server":"localhost","referrer":"http://localhost:8081/","uid":"1170c69"}
[2017-03-13 00:19:29] INFO > #200: (/comboprogramadores) - [] - {"url":"/comboprogramadores?_dc=1489360769909&page=1&start=0&limit=25","ip":"::1","http_method":"OPTIONS","server":"localhost","referrer":"http://localhost:8081/","uid":"f92c392"}
[2017-03-13 00:19:29] INFO > #200: (/tarefas) - [] - {"url":"/tarefas?_dc=1489360769905&page=1&start=0&limit=25&sort=descricaotarefa&dir=desc","ip":"::1","http_method":"GET","server":"localhost","referrer":"http://localhost:8081/","uid":"acb9252"}
[2017-03-13 00:19:30] INFO > #200: (/comboprogramadores) - [] - {"url":"/comboprogramadores?_dc=1489360769909&page=1&start=0&limit=25","ip":"::1","http_method":"GET","server":"localhost","referrer":"http://localhost:8081/","uid":"a6f64a9"}
[2017-03-13 00:19:31] INFO > #200: (/acompanha/7) - [] - {"url":"/acompanha/7","ip":"::1","http_method":"GET","server":"localhost","referrer":"http://localhost:8081/","uid":"0a40452"}
[2017-03-13 00:19:31] INFO > #200: (/acompanha/tarefas/7) - [] - {"url":"/acompanha/tarefas/7","ip":"::1","http_method":"GET","server":"localhost","referrer":"http://localhost:8081/","uid":"7ee412f"}
[2017-03-13 00:19:32] INFO > #200: (/acompanha/24) - [] - {"url":"/acompanha/24","ip":"::1","http_method":"GET","server":"localhost","referrer":"http://localhost:8081/","uid":"0948b4c"}
[2017-03-13 00:19:32] INFO > #200: (/acompanha/tarefas/24) - [] - {"url":"/acompanha/tarefas/24","ip":"::1","http_method":"GET","server":"localhost","referrer":"http://localhost:8081/","uid":"c5d72b4"}
[2017-03-13 00:19:50] INFO > #200: (/tarefas) - [] - {"url":"/tarefas?_dc=1489360790059&page=1&start=0&limit=25&sort=descricaotarefa&dir=desc","ip":"::1","http_method":"OPTIONS","server":"localhost","referrer":"http://localhost:8081/","uid":"82c1be9"}
[2017-03-13 00:19:50] INFO > #200: (/tarefas) - [] - {"url":"/tarefas?_dc=1489360790059&page=1&start=0&limit=25&sort=descricaotarefa&dir=desc","ip":"::1","http_method":"GET","server":"localhost","referrer":"http://localhost:8081/","uid":"3e1e072"}
[2017-03-13 00:19:54] INFO > #200: (/acompanha/7) - [] - {"url":"/acompanha/7","ip":"::1","http_method":"GET","server":"localhost","referrer":"http://localhost:8081/","uid":"1d07233"}
[2017-03-13 00:19:54] INFO > #200: (/acompanha/tarefas/7) - [] - {"url":"/acompanha/tarefas/7","ip":"::1","http_method":"GET","server":"localhost","referrer":"http://localhost:8081/","uid":"81f7b6b"}
[2017-03-13 00:20:17] INFO > #200: (/comboprojeto) - [] - {"url":"/comboprojeto?_dc=1489360817953&page=1&start=0&limit=25","ip":"::1","http_method":"OPTIONS","server":"localhost","referrer":"http://localhost:8081/","uid":"ebc3a13"}
[2017-03-13 00:20:18] INFO > #200: (/comboprojeto) - [] - {"url":"/comboprojeto?_dc=1489360817953&page=1&start=0&limit=25","ip":"::1","http_method":"GET","server":"localhost","referrer":"http://localhost:8081/","uid":"c0c493b"}
[2017-03-13 00:20:20] INFO > #200: (/sprint/13) - [] - {"url":"/sprint/13","ip":"::1","http_method":"OPTIONS","server":"localhost","referrer":"http://localhost:8081/","uid":"78f8b4a"}
[2017-03-13 00:20:20] INFO > #200: (/sprint/13) - [] - {"url":"/sprint/13","ip":"::1","http_method":"GET","server":"localhost","referrer":"http://localhost:8081/","uid":"89e9948"}
[2017-03-13 00:22:08] INFO > #200: (/comboprojeto) - [] - {"url":"/comboprojeto?_dc=1489360928310&page=1&start=0&limit=25","ip":"::1","http_method":"OPTIONS","server":"localhost","referrer":"http://localhost:8081/","uid":"ca4fbc0"}
[2017-03-13 00:22:08] INFO > #200: (/comboprogramadores) - [] - {"url":"/comboprogramadores?_dc=1489360928315&page=1&start=0&limit=25","ip":"::1","http_method":"OPTIONS","server":"localhost","referrer":"http://localhost:8081/","uid":"c4e166a"}
[2017-03-13 00:22:08] INFO > #200: (/comboprojeto) - [] - {"url":"/comboprojeto?_dc=1489360928310&page=1&start=0&limit=25","ip":"::1","http_method":"GET","server":"localhost","referrer":"http://localhost:8081/","uid":"ccc95fa"}
[2017-03-13 00:22:08] INFO > #200: (/comboprogramadores) - [] - {"url":"/comboprogramadores?_dc=1489360928315&page=1&start=0&limit=25","ip":"::1","http_method":"GET","server":"localhost","referrer":"http://localhost:8081/","uid":"66744fa"}
[2017-03-13 00:22:11] INFO > #200: (/sprint/13) - [] - {"url":"/sprint/13","ip":"::1","http_method":"GET","server":"localhost","referrer":"http://localhost:8081/","uid":"5674668"}
[2017-03-13 00:22:12] INFO > #200: (//sprint/tarefas/12) - [] - {"url":"//sprint/tarefas/12","ip":"::1","http_method":"OPTIONS","server":"localhost","referrer":"http://localhost:8081/","uid":"846dbe2"}
[2017-03-13 00:22:12] INFO > #200: (//sprint/tarefas/12) - [] - {"url":"//sprint/tarefas/12","ip":"::1","http_method":"GET","server":"localhost","referrer":"http://localhost:8081/","uid":"57a831b"}
[2017-03-13 00:22:27] INFO > #200: (/tarefas) - [] - {"url":"/tarefas?_dc=1489360947011&page=1&start=0&limit=25&sort=descricaotarefa&dir=desc","ip":"::1","http_method":"OPTIONS","server":"localhost","referrer":"http://localhost:8081/","uid":"2ad32bb"}
[2017-03-13 00:22:27] INFO > #200: (/tarefas) - [] - {"url":"/tarefas?_dc=1489360947011&page=1&start=0&limit=25&sort=descricaotarefa&dir=desc","ip":"::1","http_method":"GET","server":"localhost","referrer":"http://localhost:8081/","uid":"3228cdb"}
[2017-03-13 00:22:28] INFO > #200: (/acompanha/7) - [] - {"url":"/acompanha/7","ip":"::1","http_method":"GET","server":"localhost","referrer":"http://localhost:8081/","uid":"26bfe31"}
[2017-03-13 00:22:28] INFO > #200: (/acompanha/tarefas/7) - [] - {"url":"/acompanha/tarefas/7","ip":"::1","http_method":"GET","server":"localhost","referrer":"http://localhost:8081/","uid":"b89b56a"}
[2017-03-13 00:22:29] INFO > #200: (/acompanha/24) - [] - {"url":"/acompanha/24","ip":"::1","http_method":"GET","server":"localhost","referrer":"http://localhost:8081/","uid":"3ae2cb6"}
[2017-03-13 00:22:29] INFO > #200: (/acompanha/tarefas/24) - [] - {"url":"/acompanha/tarefas/24","ip":"::1","http_method":"GET","server":"localhost","referrer":"http://localhost:8081/","uid":"092607d"}
[2017-03-13 00:22:30] INFO > #200: (/acompanha/14) - [] - {"url":"/acompanha/14","ip":"::1","http_method":"GET","server":"localhost","referrer":"http://localhost:8081/","uid":"fb1050e"}
[2017-03-13 00:22:30] INFO > #200: (/acompanha/tarefas/14) - [] - {"url":"/acompanha/tarefas/14","ip":"::1","http_method":"GET","server":"localhost","referrer":"http://localhost:8081/","uid":"ec85620"}
[2017-03-13 00:22:33] INFO > #200: (/acompanha/15) - [] - {"url":"/acompanha/15","ip":"::1","http_method":"OPTIONS","server":"localhost","referrer":"http://localhost:8081/","uid":"7f20607"}
[2017-03-13 00:22:33] INFO > #200: (/acompanha/tarefas/15) - [] - {"url":"/acompanha/tarefas/15","ip":"::1","http_method":"OPTIONS","server":"localhost","referrer":"http://localhost:8081/","uid":"2debf2a"}
[2017-03-13 00:22:33] INFO > #200: (/acompanha/15) - [] - {"url":"/acompanha/15","ip":"::1","http_method":"GET","server":"localhost","referrer":"http://localhost:8081/","uid":"79273f2"}
[2017-03-13 00:22:33] INFO > #200: (/acompanha/tarefas/15) - [] - {"url":"/acompanha/tarefas/15","ip":"::1","http_method":"GET","server":"localhost","referrer":"http://localhost:8081/","uid":"d3407f9"}
[2017-03-13 00:22:34] INFO > #200: (/acompanha/16) - [] - {"url":"/acompanha/16","ip":"::1","http_method":"OPTIONS","server":"localhost","referrer":"http://localhost:8081/","uid":"f02d6cc"}
[2017-03-13 00:22:34] INFO > #200: (/acompanha/tarefas/16) - [] - {"url":"/acompanha/tarefas/16","ip":"::1","http_method":"OPTIONS","server":"localhost","referrer":"http://localhost:8081/","uid":"a26a266"}
[2017-03-13 00:22:34] INFO > #200: (/acompanha/16) - [] - {"url":"/acompanha/16","ip":"::1","http_method":"GET","server":"localhost","referrer":"http://localhost:8081/","uid":"e90fe6c"}
[2017-03-13 00:22:34] INFO > #200: (/acompanha/tarefas/16) - [] - {"url":"/acompanha/tarefas/16","ip":"::1","http_method":"GET","server":"localhost","referrer":"http://localhost:8081/","uid":"c371875"}
[2017-03-13 00:22:35] INFO > #200: (/acompanha/9) - [] - {"url":"/acompanha/9","ip":"::1","http_method":"OPTIONS","server":"localhost","referrer":"http://localhost:8081/","uid":"72168f4"}
[2017-03-13 00:22:35] INFO > #200: (/acompanha/tarefas/9) - [] - {"url":"/acompanha/tarefas/9","ip":"::1","http_method":"OPTIONS","server":"localhost","referrer":"http://localhost:8081/","uid":"b034fa4"}
[2017-03-13 00:22:35] INFO > #200: (/acompanha/9) - [] - {"url":"/acompanha/9","ip":"::1","http_method":"GET","server":"localhost","referrer":"http://localhost:8081/","uid":"b864772"}
[2017-03-13 00:22:35] INFO > #200: (/acompanha/tarefas/9) - [] - {"url":"/acompanha/tarefas/9","ip":"::1","http_method":"GET","server":"localhost","referrer":"http://localhost:8081/","uid":"50b94f2"}
[2017-03-13 00:22:36] INFO > #200: (/acompanha/9) - [] - {"url":"/acompanha/9","ip":"::1","http_method":"GET","server":"localhost","referrer":"http://localhost:8081/","uid":"d38d973"}
[2017-03-13 00:22:36] INFO > #200: (/acompanha/tarefas/9) - [] - {"url":"/acompanha/tarefas/9","ip":"::1","http_method":"GET","server":"localhost","referrer":"http://localhost:8081/","uid":"cdc5af3"}
[2017-03-13 00:22:37] INFO > #200: (/acompanha/9) - [] - {"url":"/acompanha/9","ip":"::1","http_method":"GET","server":"localhost","referrer":"http://localhost:8081/","uid":"40de015"}
[2017-03-13 00:22:37] INFO > #200: (/acompanha/tarefas/9) - [] - {"url":"/acompanha/tarefas/9","ip":"::1","http_method":"GET","server":"localhost","referrer":"http://localhost:8081/","uid":"64dd46f"}
[2017-03-13 00:22:37] INFO > #200: (/acompanha/9) - [] - {"url":"/acompanha/9","ip":"::1","http_method":"GET","server":"localhost","referrer":"http://localhost:8081/","uid":"036c0fb"}
[2017-03-13 00:22:37] INFO > #200: (/acompanha/tarefas/9) - [] - {"url":"/acompanha/tarefas/9","ip":"::1","http_method":"GET","server":"localhost","referrer":"http://localhost:8081/","uid":"8bcab6f"}
[2017-03-13 00:22:38] INFO > #200: (/acompanha/9) - [] - {"url":"/acompanha/9","ip":"::1","http_method":"GET","server":"localhost","referrer":"http://localhost:8081/","uid":"3d0737a"}
[2017-03-13 00:22:38] INFO > #200: (/acompanha/tarefas/9) - [] - {"url":"/acompanha/tarefas/9","ip":"::1","http_method":"GET","server":"localhost","referrer":"http://localhost:8081/","uid":"a9f21df"}
[2017-03-13 00:22:39] INFO > #200: (/acompanha/9) - [] - {"url":"/acompanha/9","ip":"::1","http_method":"GET","server":"localhost","referrer":"http://localhost:8081/","uid":"d779d3b"}
[2017-03-13 00:22:39] INFO > #200: (/acompanha/tarefas/9) - [] - {"url":"/acompanha/tarefas/9","ip":"::1","http_method":"GET","server":"localhost","referrer":"http://localhost:8081/","uid":"89cf05a"}
[2017-03-13 00:22:40] INFO > #200: (/acompanha/8) - [] - {"url":"/acompanha/8","ip":"::1","http_method":"OPTIONS","server":"localhost","referrer":"http://localhost:8081/","uid":"3554930"}
[2017-03-13 00:22:40] INFO > #200: (/acompanha/tarefas/8) - [] - {"url":"/acompanha/tarefas/8","ip":"::1","http_method":"OPTIONS","server":"localhost","referrer":"http://localhost:8081/","uid":"fabe4a7"}
[2017-03-13 00:22:40] INFO > #200: (/acompanha/8) - [] - {"url":"/acompanha/8","ip":"::1","http_method":"GET","server":"localhost","referrer":"http://localhost:8081/","uid":"9a2f1f9"}
[2017-03-13 00:22:40] INFO > #200: (/acompanha/tarefas/8) - [] - {"url":"/acompanha/tarefas/8","ip":"::1","http_method":"GET","server":"localhost","referrer":"http://localhost:8081/","uid":"6703af4"}
[2017-03-13 00:22:41] INFO > #200: (/acompanha/4) - [] - {"url":"/acompanha/4","ip":"::1","http_method":"OPTIONS","server":"localhost","referrer":"http://localhost:8081/","uid":"e685e4e"}
[2017-03-13 00:22:41] INFO > #200: (/acompanha/tarefas/4) - [] - {"url":"/acompanha/tarefas/4","ip":"::1","http_method":"OPTIONS","server":"localhost","referrer":"http://localhost:8081/","uid":"116228a"}
[2017-03-13 00:22:41] INFO > #200: (/acompanha/4) - [] - {"url":"/acompanha/4","ip":"::1","http_method":"GET","server":"localhost","referrer":"http://localhost:8081/","uid":"663488c"}
[2017-03-13 00:22:41] INFO > #200: (/acompanha/tarefas/4) - [] - {"url":"/acompanha/tarefas/4","ip":"::1","http_method":"GET","server":"localhost","referrer":"http://localhost:8081/","uid":"639d432"}
[2017-03-13 00:22:43] INFO > #200: (/acompanha/5) - [] - {"url":"/acompanha/5","ip":"::1","http_method":"OPTIONS","server":"localhost","referrer":"http://localhost:8081/","uid":"ca338c5"}
[2017-03-13 00:22:43] INFO > #200: (/acompanha/tarefas/5) - [] - {"url":"/acompanha/tarefas/5","ip":"::1","http_method":"OPTIONS","server":"localhost","referrer":"http://localhost:8081/","uid":"6a17cb4"}
[2017-03-13 00:22:43] INFO > #200: (/acompanha/5) - [] - {"url":"/acompanha/5","ip":"::1","http_method":"GET","server":"localhost","referrer":"http://localhost:8081/","uid":"0e64a5c"}
[2017-03-13 00:22:43] INFO > #200: (/acompanha/tarefas/5) - [] - {"url":"/acompanha/tarefas/5","ip":"::1","http_method":"GET","server":"localhost","referrer":"http://localhost:8081/","uid":"440c20c"}
[2017-03-13 00:22:44] INFO > #200: (/acompanha/6) - [] - {"url":"/acompanha/6","ip":"::1","http_method":"OPTIONS","server":"localhost","referrer":"http://localhost:8081/","uid":"45a5d7b"}
[2017-03-13 00:22:44] INFO > #200: (/acompanha/tarefas/6) - [] - {"url":"/acompanha/tarefas/6","ip":"::1","http_method":"OPTIONS","server":"localhost","referrer":"http://localhost:8081/","uid":"e8745fb"}
[2017-03-13 00:22:44] INFO > #200: (/acompanha/6) - [] - {"url":"/acompanha/6","ip":"::1","http_method":"GET","server":"localhost","referrer":"http://localhost:8081/","uid":"b434cb7"}
[2017-03-13 00:22:44] INFO > #200: (/acompanha/tarefas/6) - [] - {"url":"/acompanha/tarefas/6","ip":"::1","http_method":"GET","server":"localhost","referrer":"http://localhost:8081/","uid":"79f4ffe"}
[2017-03-13 00:22:45] INFO > #200: (/acompanha/5) - [] - {"url":"/acompanha/5","ip":"::1","http_method":"GET","server":"localhost","referrer":"http://localhost:8081/","uid":"48cc31e"}
[2017-03-13 00:22:45] INFO > #200: (/acompanha/tarefas/5) - [] - {"url":"/acompanha/tarefas/5","ip":"::1","http_method":"GET","server":"localhost","referrer":"http://localhost:8081/","uid":"dfbad4d"}
[2017-03-13 00:22:46] INFO > #200: (/acompanha/4) - [] - {"url":"/acompanha/4","ip":"::1","http_method":"GET","server":"localhost","referrer":"http://localhost:8081/","uid":"82f2431"}
[2017-03-13 00:22:46] INFO > #200: (/acompanha/tarefas/4) - [] - {"url":"/acompanha/tarefas/4","ip":"::1","http_method":"GET","server":"localhost","referrer":"http://localhost:8081/","uid":"e3e8bd1"}
[2017-03-13 00:22:47] INFO > #200: (/acompanha/8) - [] - {"url":"/acompanha/8","ip":"::1","http_method":"GET","server":"localhost","referrer":"http://localhost:8081/","uid":"e5df394"}
[2017-03-13 00:22:47] INFO > #200: (/acompanha/tarefas/8) - [] - {"url":"/acompanha/tarefas/8","ip":"::1","http_method":"GET","server":"localhost","referrer":"http://localhost:8081/","uid":"f32f423"}
[2017-03-13 00:22:49] INFO > #200: (/acompanha/9) - [] - {"url":"/acompanha/9","ip":"::1","http_method":"GET","server":"localhost","referrer":"http://localhost:8081/","uid":"44b74f3"}
[2017-03-13 00:22:49] INFO > #200: (/acompanha/tarefas/9) - [] - {"url":"/acompanha/tarefas/9","ip":"::1","http_method":"GET","server":"localhost","referrer":"http://localhost:8081/","uid":"4469bd2"}
[2017-03-13 00:22:50] INFO > #200: (/acompanha/16) - [] - {"url":"/acompanha/16","ip":"::1","http_method":"GET","server":"localhost","referrer":"http://localhost:8081/","uid":"5918d06"}
[2017-03-13 00:22:50] INFO > #200: (/acompanha/tarefas/16) - [] - {"url":"/acompanha/tarefas/16","ip":"::1","http_method":"GET","server":"localhost","referrer":"http://localhost:8081/","uid":"5ccf8a0"}
[2017-03-13 00:22:59] INFO > #200: (/acompanha/15) - [] - {"url":"/acompanha/15","ip":"::1","http_method":"GET","server":"localhost","referrer":"http://localhost:8081/","uid":"d340347"}
[2017-03-13 00:22:59] INFO > #200: (/acompanha/tarefas/15) - [] - {"url":"/acompanha/tarefas/15","ip":"::1","http_method":"GET","server":"localhost","referrer":"http://localhost:8081/","uid":"18a0d90"}
[2017-03-13 00:24:14] INFO > #200: (/acompanha/6) - [] - {"url":"/acompanha/6","ip":"::1","http_method":"GET","server":"localhost","referrer":"http://localhost:8081/","uid":"82b0f2f"}
[2017-03-13 00:24:14] INFO > #200: (/acompanha/tarefas/6) - [] - {"url":"/acompanha/tarefas/6","ip":"::1","http_method":"GET","server":"localhost","referrer":"http://localhost:8081/","uid":"b41c261"}
[2017-03-13 00:25:41] INFO > #200: (/tarefas) - [] - {"url":"/tarefas?_dc=1489361141714&page=1&start=0&limit=25&sort=descricaotarefa&dir=desc","ip":"::1","http_method":"OPTIONS","server":"localhost","referrer":"http://localhost:8081/","uid":"e8aad9f"}
[2017-03-13 00:25:41] INFO > #200: (/comboprogramadores) - [] - {"url":"/comboprogramadores?_dc=1489361141718&page=1&start=0&limit=25","ip":"::1","http_method":"OPTIONS","server":"localhost","referrer":"http://localhost:8081/","uid":"6d96b9c"}
[2017-03-13 00:25:41] INFO > #200: (/tarefas) - [] - {"url":"/tarefas?_dc=1489361141714&page=1&start=0&limit=25&sort=descricaotarefa&dir=desc","ip":"::1","http_method":"GET","server":"localhost","referrer":"http://localhost:8081/","uid":"7faadef"}
[2017-03-13 00:25:41] INFO > #200: (/comboprogramadores) - [] - {"url":"/comboprogramadores?_dc=1489361141718&page=1&start=0&limit=25","ip":"::1","http_method":"GET","server":"localhost","referrer":"http://localhost:8081/","uid":"7d07664"}
[2017-03-13 00:25:42] INFO > #200: (/acompanha/7) - [] - {"url":"/acompanha/7","ip":"::1","http_method":"OPTIONS","server":"localhost","referrer":"http://localhost:8081/","uid":"c4f1434"}
[2017-03-13 00:25:43] INFO > #200: (/acompanha/tarefas/7) - [] - {"url":"/acompanha/tarefas/7","ip":"::1","http_method":"OPTIONS","server":"localhost","referrer":"http://localhost:8081/","uid":"45e28bb"}
[2017-03-13 00:25:43] INFO > #200: (/acompanha/7) - [] - {"url":"/acompanha/7","ip":"::1","http_method":"GET","server":"localhost","referrer":"http://localhost:8081/","uid":"16a8ead"}
[2017-03-13 00:25:43] INFO > #200: (/acompanha/tarefas/7) - [] - {"url":"/acompanha/tarefas/7","ip":"::1","http_method":"GET","server":"localhost","referrer":"http://localhost:8081/","uid":"b1a2b82"}
[2017-03-13 00:26:11] INFO > #200: (/tarefas) - [] - {"url":"/tarefas?_dc=1489361171542&page=1&start=0&limit=25&sort=descricaotarefa&dir=desc","ip":"::1","http_method":"OPTIONS","server":"localhost","referrer":"http://localhost:8081/","uid":"a7c4994"}
[2017-03-13 00:26:11] INFO > #200: (/comboprogramadores) - [] - {"url":"/comboprogramadores?_dc=1489361171545&page=1&start=0&limit=25","ip":"::1","http_method":"OPTIONS","server":"localhost","referrer":"http://localhost:8081/","uid":"3f077d9"}
[2017-03-13 00:26:11] INFO > #200: (/tarefas) - [] - {"url":"/tarefas?_dc=1489361171542&page=1&start=0&limit=25&sort=descricaotarefa&dir=desc","ip":"::1","http_method":"GET","server":"localhost","referrer":"http://localhost:8081/","uid":"2a95a72"}
[2017-03-13 00:26:11] INFO > #200: (/comboprogramadores) - [] - {"url":"/comboprogramadores?_dc=1489361171545&page=1&start=0&limit=25","ip":"::1","http_method":"GET","server":"localhost","referrer":"http://localhost:8081/","uid":"688b187"}
[2017-03-13 00:26:13] INFO > #200: (/acompanha/7) - [] - {"url":"/acompanha/7","ip":"::1","http_method":"GET","server":"localhost","referrer":"http://localhost:8081/","uid":"98f504c"}
[2017-03-13 00:26:13] INFO > #200: (/acompanha/tarefas/7) - [] - {"url":"/acompanha/tarefas/7","ip":"::1","http_method":"GET","server":"localhost","referrer":"http://localhost:8081/","uid":"530965f"}
[2017-03-13 00:26:27] INFO > #200: (/acompanha/5) - [] - {"url":"/acompanha/5","ip":"::1","http_method":"GET","server":"localhost","referrer":"http://localhost:8081/","uid":"b93793a"}
[2017-03-13 00:26:27] INFO > #200: (/acompanha/tarefas/5) - [] - {"url":"/acompanha/tarefas/5","ip":"::1","http_method":"GET","server":"localhost","referrer":"http://localhost:8081/","uid":"59893b3"}
[2017-03-13 00:26:29] INFO > #200: (/acompanha/6) - [] - {"url":"/acompanha/6","ip":"::1","http_method":"GET","server":"localhost","referrer":"http://localhost:8081/","uid":"931668e"}
[2017-03-13 00:26:29] INFO > #200: (/acompanha/tarefas/6) - [] - {"url":"/acompanha/tarefas/6","ip":"::1","http_method":"GET","server":"localhost","referrer":"http://localhost:8081/","uid":"5e721e5"}
[2017-03-13 00:26:31] INFO > #200: (/acompanha/9) - [] - {"url":"/acompanha/9","ip":"::1","http_method":"GET","server":"localhost","referrer":"http://localhost:8081/","uid":"f3201a8"}
[2017-03-13 00:26:31] INFO > #200: (/acompanha/tarefas/9) - [] - {"url":"/acompanha/tarefas/9","ip":"::1","http_method":"GET","server":"localhost","referrer":"http://localhost:8081/","uid":"4a755b1"}
[2017-03-13 00:31:31] INFO > #200: (/acompanha/9) - [] - {"url":"/acompanha/9","ip":"::1","http_method":"GET","server":"localhost","referrer":"http://localhost:8081/","uid":"3eade7c"}
[2017-03-13 00:31:31] INFO > #200: (/acompanha/tarefas/9) - [] - {"url":"/acompanha/tarefas/9","ip":"::1","http_method":"GET","server":"localhost","referrer":"http://localhost:8081/","uid":"bef947d"}
[2017-03-13 00:31:45] INFO > #200: (/tarefas) - [] - {"url":"/tarefas?_dc=1489361505732&page=1&start=0&limit=25&sort=descricaotarefa&dir=desc","ip":"::1","http_method":"OPTIONS","server":"localhost","referrer":"http://localhost:8081/","uid":"3ef610d"}
[2017-03-13 00:31:45] INFO > #200: (/comboprogramadores) - [] - {"url":"/comboprogramadores?_dc=1489361505735&page=1&start=0&limit=25","ip":"::1","http_method":"OPTIONS","server":"localhost","referrer":"http://localhost:8081/","uid":"39f8fa4"}
[2017-03-13 00:31:45] INFO > #200: (/tarefas) - [] - {"url":"/tarefas?_dc=1489361505732&page=1&start=0&limit=25&sort=descricaotarefa&dir=desc","ip":"::1","http_method":"GET","server":"localhost","referrer":"http://localhost:8081/","uid":"9cb763d"}
[2017-03-13 00:31:45] INFO > #200: (/comboprogramadores) - [] - {"url":"/comboprogramadores?_dc=1489361505735&page=1&start=0&limit=25","ip":"::1","http_method":"GET","server":"localhost","referrer":"http://localhost:8081/","uid":"3e95100"}
[2017-03-13 00:31:46] INFO > #200: (/acompanha/16) - [] - {"url":"/acompanha/16","ip":"::1","http_method":"GET","server":"localhost","referrer":"http://localhost:8081/","uid":"47ccbd9"}
[2017-03-13 00:31:46] INFO > #200: (/acompanha/tarefas/16) - [] - {"url":"/acompanha/tarefas/16","ip":"::1","http_method":"GET","server":"localhost","referrer":"http://localhost:8081/","uid":"370475e"}
[2017-03-13 00:35:48] INFO > #200: (/tarefas) - [] - {"url":"/tarefas?_dc=1489361748860&page=1&start=0&limit=25&sort=descricaotarefa&dir=desc","ip":"::1","http_method":"OPTIONS","server":"localhost","referrer":"http://localhost:8081/","uid":"f3ca30d"}
[2017-03-13 00:35:48] INFO > #200: (/comboprogramadores) - [] - {"url":"/comboprogramadores?_dc=1489361748863&page=1&start=0&limit=25","ip":"::1","http_method":"OPTIONS","server":"localhost","referrer":"http://localhost:8081/","uid":"fa9ff70"}
[2017-03-13 00:35:48] INFO > #200: (/tarefas) - [] - {"url":"/tarefas?_dc=1489361748860&page=1&start=0&limit=25&sort=descricaotarefa&dir=desc","ip":"::1","http_method":"GET","server":"localhost","referrer":"http://localhost:8081/","uid":"6cf6ce6"}
[2017-03-13 00:35:48] INFO > #200: (/comboprogramadores) - [] - {"url":"/comboprogramadores?_dc=1489361748863&page=1&start=0&limit=25","ip":"::1","http_method":"GET","server":"localhost","referrer":"http://localhost:8081/","uid":"6ba9e01"}
[2017-03-13 00:37:34] INFO > #200: (/tarefas) - [] - {"url":"/tarefas?_dc=1489361854719&page=1&start=0&limit=25&sort=descricaotarefa&dir=desc","ip":"::1","http_method":"OPTIONS","server":"localhost","referrer":"http://localhost:8081/","uid":"2358d63"}
[2017-03-13 00:37:34] INFO > #200: (/comboprogramadores) - [] - {"url":"/comboprogramadores?_dc=1489361854722&page=1&start=0&limit=25","ip":"::1","http_method":"OPTIONS","server":"localhost","referrer":"http://localhost:8081/","uid":"b059d73"}
[2017-03-13 00:37:34] INFO > #200: (/tarefas) - [] - {"url":"/tarefas?_dc=1489361854719&page=1&start=0&limit=25&sort=descricaotarefa&dir=desc","ip":"::1","http_method":"GET","server":"localhost","referrer":"http://localhost:8081/","uid":"bd3551d"}
[2017-03-13 00:37:34] INFO > #200: (/comboprogramadores) - [] - {"url":"/comboprogramadores?_dc=1489361854722&page=1&start=0&limit=25","ip":"::1","http_method":"GET","server":"localhost","referrer":"http://localhost:8081/","uid":"bbea0d6"}
[2017-03-13 00:38:03] INFO > #200: (/tarefas) - [] - {"url":"/tarefas?_dc=1489361883880&page=1&start=0&limit=25&sort=descricaotarefa&dir=desc","ip":"::1","http_method":"OPTIONS","server":"localhost","referrer":"http://localhost:8081/","uid":"812b6b5"}
[2017-03-13 00:38:03] INFO > #200: (/comboprogramadores) - [] - {"url":"/comboprogramadores?_dc=1489361883883&page=1&start=0&limit=25","ip":"::1","http_method":"OPTIONS","server":"localhost","referrer":"http://localhost:8081/","uid":"eb94f74"}
[2017-03-13 00:38:03] INFO > #200: (/tarefas) - [] - {"url":"/tarefas?_dc=1489361883880&page=1&start=0&limit=25&sort=descricaotarefa&dir=desc","ip":"::1","http_method":"GET","server":"localhost","referrer":"http://localhost:8081/","uid":"a0a8945"}
[2017-03-13 00:38:03] INFO > #200: (/comboprogramadores) - [] - {"url":"/comboprogramadores?_dc=1489361883883&page=1&start=0&limit=25","ip":"::1","http_method":"GET","server":"localhost","referrer":"http://localhost:8081/","uid":"4dbb5a7"}
[2017-03-13 00:38:28] INFO > #200: (/tarefas) - [] - {"url":"/tarefas?_dc=1489361908119&page=1&start=0&limit=25&sort=descricaotarefa&dir=desc","ip":"::1","http_method":"OPTIONS","server":"localhost","referrer":"http://localhost:8081/","uid":"8e5511a"}
[2017-03-13 00:38:28] INFO > #200: (/comboprogramadores) - [] - {"url":"/comboprogramadores?_dc=1489361908122&page=1&start=0&limit=25","ip":"::1","http_method":"OPTIONS","server":"localhost","referrer":"http://localhost:8081/","uid":"d0e3da5"}
[2017-03-13 00:38:28] INFO > #200: (/tarefas) - [] - {"url":"/tarefas?_dc=1489361908119&page=1&start=0&limit=25&sort=descricaotarefa&dir=desc","ip":"::1","http_method":"GET","server":"localhost","referrer":"http://localhost:8081/","uid":"db18209"}
[2017-03-13 00:38:28] INFO > #200: (/comboprogramadores) - [] - {"url":"/comboprogramadores?_dc=1489361908122&page=1&start=0&limit=25","ip":"::1","http_method":"GET","server":"localhost","referrer":"http://localhost:8081/","uid":"1ba5983"}
[2017-03-13 00:38:58] INFO > #200: (/tarefas) - [] - {"url":"/tarefas?_dc=1489361938372&page=1&start=0&limit=25&sort=descricaotarefa&dir=desc","ip":"::1","http_method":"OPTIONS","server":"localhost","referrer":"http://localhost:8081/","uid":"dc3c556"}
[2017-03-13 00:38:58] INFO > #200: (/comboprogramadores) - [] - {"url":"/comboprogramadores?_dc=1489361938376&page=1&start=0&limit=25","ip":"::1","http_method":"OPTIONS","server":"localhost","referrer":"http://localhost:8081/","uid":"2ff9ff4"}
[2017-03-13 00:38:58] INFO > #200: (/tarefas) - [] - {"url":"/tarefas?_dc=1489361938372&page=1&start=0&limit=25&sort=descricaotarefa&dir=desc","ip":"::1","http_method":"GET","server":"localhost","referrer":"http://localhost:8081/","uid":"6c86b1a"}
[2017-03-13 00:38:58] INFO > #200: (/comboprogramadores) - [] - {"url":"/comboprogramadores?_dc=1489361938376&page=1&start=0&limit=25","ip":"::1","http_method":"GET","server":"localhost","referrer":"http://localhost:8081/","uid":"38a17b5"}
[2017-03-13 00:39:01] INFO > #200: (/acompanha/7) - [] - {"url":"/acompanha/7","ip":"::1","http_method":"OPTIONS","server":"localhost","referrer":"http://localhost:8081/","uid":"e4ba2ec"}
[2017-03-13 00:39:01] INFO > #200: (/acompanha/tarefas/7) - [] - {"url":"/acompanha/tarefas/7","ip":"::1","http_method":"OPTIONS","server":"localhost","referrer":"http://localhost:8081/","uid":"14e7b6a"}
[2017-03-13 00:39:01] INFO > #200: (/acompanha/7) - [] - {"url":"/acompanha/7","ip":"::1","http_method":"GET","server":"localhost","referrer":"http://localhost:8081/","uid":"3c90841"}
[2017-03-13 00:39:01] INFO > #200: (/acompanha/tarefas/7) - [] - {"url":"/acompanha/tarefas/7","ip":"::1","http_method":"GET","server":"localhost","referrer":"http://localhost:8081/","uid":"a7cde2b"}
[2017-03-13 00:39:59] INFO > #200: (/tarefas) - [] - {"url":"/tarefas?_dc=1489361999190&page=1&start=0&limit=25&sort=descricaotarefa&dir=desc","ip":"::1","http_method":"OPTIONS","server":"localhost","referrer":"http://localhost:8081/","uid":"61bf4d6"}
[2017-03-13 00:39:59] INFO > #200: (/comboprogramadores) - [] - {"url":"/comboprogramadores?_dc=1489361999194&page=1&start=0&limit=25","ip":"::1","http_method":"OPTIONS","server":"localhost","referrer":"http://localhost:8081/","uid":"d4c24d5"}
[2017-03-13 00:39:59] INFO > #200: (/tarefas) - [] - {"url":"/tarefas?_dc=1489361999190&page=1&start=0&limit=25&sort=descricaotarefa&dir=desc","ip":"::1","http_method":"GET","server":"localhost","referrer":"http://localhost:8081/","uid":"5655de1"}
[2017-03-13 00:39:59] INFO > #200: (/comboprogramadores) - [] - {"url":"/comboprogramadores?_dc=1489361999194&page=1&start=0&limit=25","ip":"::1","http_method":"GET","server":"localhost","referrer":"http://localhost:8081/","uid":"2af2ff2"}
[2017-03-13 00:40:01] INFO > #200: (/acompanha/24) - [] - {"url":"/acompanha/24","ip":"::1","http_method":"OPTIONS","server":"localhost","referrer":"http://localhost:8081/","uid":"f557a1f"}
[2017-03-13 00:40:01] INFO > #200: (/acompanha/tarefas/24) - [] - {"url":"/acompanha/tarefas/24","ip":"::1","http_method":"OPTIONS","server":"localhost","referrer":"http://localhost:8081/","uid":"8c50087"}
[2017-03-13 00:40:01] INFO > #200: (/acompanha/24) - [] - {"url":"/acompanha/24","ip":"::1","http_method":"GET","server":"localhost","referrer":"http://localhost:8081/","uid":"19e3f4e"}
[2017-03-13 00:40:01] INFO > #200: (/acompanha/tarefas/24) - [] - {"url":"/acompanha/tarefas/24","ip":"::1","http_method":"GET","server":"localhost","referrer":"http://localhost:8081/","uid":"170d93d"}
[2017-03-13 00:41:41] INFO > #200: (/tarefas) - [] - {"url":"/tarefas?_dc=1489362101501&page=1&start=0&limit=25&sort=descricaotarefa&dir=desc","ip":"::1","http_method":"OPTIONS","server":"localhost","referrer":"http://localhost:8081/","uid":"86b8a4a"}
[2017-03-13 00:41:41] INFO > #200: (/comboprogramadores) - [] - {"url":"/comboprogramadores?_dc=1489362101504&page=1&start=0&limit=25","ip":"::1","http_method":"OPTIONS","server":"localhost","referrer":"http://localhost:8081/","uid":"be70847"}
[2017-03-13 00:41:41] INFO > #200: (/tarefas) - [] - {"url":"/tarefas?_dc=1489362101501&page=1&start=0&limit=25&sort=descricaotarefa&dir=desc","ip":"::1","http_method":"GET","server":"localhost","referrer":"http://localhost:8081/","uid":"3b49280"}
[2017-03-13 00:41:41] INFO > #200: (/comboprogramadores) - [] - {"url":"/comboprogramadores?_dc=1489362101504&page=1&start=0&limit=25","ip":"::1","http_method":"GET","server":"localhost","referrer":"http://localhost:8081/","uid":"ff0a24b"}
[2017-03-13 00:41:51] INFO > #200: (/acompanha/9) - [] - {"url":"/acompanha/9","ip":"::1","http_method":"OPTIONS","server":"localhost","referrer":"http://localhost:8081/","uid":"6420d9f"}
[2017-03-13 00:41:51] INFO > #200: (/acompanha/tarefas/9) - [] - {"url":"/acompanha/tarefas/9","ip":"::1","http_method":"OPTIONS","server":"localhost","referrer":"http://localhost:8081/","uid":"70c9510"}
[2017-03-13 00:41:51] INFO > #200: (/acompanha/9) - [] - {"url":"/acompanha/9","ip":"::1","http_method":"GET","server":"localhost","referrer":"http://localhost:8081/","uid":"6ee6dce"}
[2017-03-13 00:41:51] INFO > #200: (/acompanha/tarefas/9) - [] - {"url":"/acompanha/tarefas/9","ip":"::1","http_method":"GET","server":"localhost","referrer":"http://localhost:8081/","uid":"cb7bd6e"}
[2017-03-13 00:47:32] INFO > #200: (/usuarios) - [] - {"url":"/usuarios?_dc=1489362452741&page=1&start=0&limit=25&sort=nomeusuario&dir=desc","ip":"::1","http_method":"OPTIONS","server":"localhost","referrer":"http://localhost:8081/","uid":"700a05a"}
[2017-03-13 00:47:32] INFO > #200: (/usuarios) - [] - {"url":"/usuarios?_dc=1489362452741&page=1&start=0&limit=25&sort=nomeusuario&dir=desc","ip":"::1","http_method":"GET","server":"localhost","referrer":"http://localhost:8081/","uid":"7986292"}
[2017-03-13 00:47:40] INFO > #200: (/usuarios/marcos) - [] - {"url":"/usuarios/marcos","ip":"::1","http_method":"OPTIONS","server":"localhost","referrer":"http://localhost:8081/","uid":"cedf8c4"}
[2017-03-13 00:47:40] INFO > #200: (/usuarios/marcos) - [] - {"url":"/usuarios/marcos","ip":"::1","http_method":"GET","server":"localhost","referrer":"http://localhost:8081/","uid":"ad0fd62"}
[2017-03-13 00:48:00] INFO > #200: (/usuarios) - [] - {"url":"/usuarios?_dc=1489362480858&page=1&start=0&limit=25&sort=nomeusuario&dir=desc","ip":"::1","http_method":"OPTIONS","server":"localhost","referrer":"http://localhost:8081/","uid":"cbebb15"}
[2017-03-13 00:48:00] INFO > #200: (/usuarios) - [] - {"url":"/usuarios?_dc=1489362480858&page=1&start=0&limit=25&sort=nomeusuario&dir=desc","ip":"::1","http_method":"GET","server":"localhost","referrer":"http://localhost:8081/","uid":"2f38209"}
[2017-03-13 00:48:11] INFO > #200: (/projetos) - [] - {"url":"/projetos?_dc=1489362491633&page=1&start=0&limit=25&sort=nomeusuario&dir=desc","ip":"::1","http_method":"OPTIONS","server":"localhost","referrer":"http://localhost:8081/","uid":"6918ba4"}
[2017-03-13 00:48:11] INFO > #200: (/situacaoprojeto) - [] - {"url":"/situacaoprojeto?_dc=1489362491634&page=1&start=0&limit=25","ip":"::1","http_method":"OPTIONS","server":"localhost","referrer":"http://localhost:8081/","uid":"2be14e0"}
[2017-03-13 00:48:11] INFO > #200: (/hora) - [] - {"url":"/hora?_dc=1489362491635&page=1&start=0&limit=25","ip":"::1","http_method":"OPTIONS","server":"localhost","referrer":"http://localhost:8081/","uid":"a47dee1"}
[2017-03-13 00:48:11] INFO > #200: (/sistemasinternos) - [] - {"url":"/sistemasinternos?_dc=1489362491636&page=1&start=0&limit=25","ip":"::1","http_method":"OPTIONS","server":"localhost","referrer":"http://localhost:8081/","uid":"de908b9"}
[2017-03-13 00:48:11] INFO > #200: (/sistemasexternos) - [] - {"url":"/sistemasexternos?_dc=1489362491643&page=1&start=0&limit=25","ip":"::1","http_method":"OPTIONS","server":"localhost","referrer":"http://localhost:8081/","uid":"5176b08"}
[2017-03-13 00:48:11] INFO > #200: (/sistemas) - [] - {"url":"/sistemas?_dc=1489362491645&page=1&start=0&limit=25","ip":"::1","http_method":"OPTIONS","server":"localhost","referrer":"http://localhost:8081/","uid":"e099a2a"}
[2017-03-13 00:48:11] INFO > #200: (/sistemas) - [] - {"url":"/sistemas?_dc=1489362491646&page=1&start=0&limit=25","ip":"::1","http_method":"OPTIONS","server":"localhost","referrer":"http://localhost:8081/","uid":"a1500d9"}
[2017-03-13 00:48:11] INFO > #200: (/abrangencia) - [] - {"url":"/abrangencia?_dc=1489362491647&page=1&start=0&limit=25","ip":"::1","http_method":"OPTIONS","server":"localhost","referrer":"http://localhost:8081/","uid":"bd64c8f"}
[2017-03-13 00:48:11] INFO > #200: (/estabilidade) - [] - {"url":"/estabilidade?_dc=1489362491648&page=1&start=0&limit=25","ip":"::1","http_method":"OPTIONS","server":"localhost","referrer":"http://localhost:8081/","uid":"de9d6c9"}
[2017-03-13 00:48:11] INFO > #200: (/conhecimento) - [] - {"url":"/conhecimento?_dc=1489362491649&page=1&start=0&limit=25","ip":"::1","http_method":"OPTIONS","server":"localhost","referrer":"http://localhost:8081/","uid":"0871e53"}
[2017-03-13 00:48:11] INFO > #200: (/classificacao) - [] - {"url":"/classificacao?_dc=1489362491650&page=1&start=0&limit=25","ip":"::1","http_method":"OPTIONS","server":"localhost","referrer":"http://localhost:8081/","uid":"c801977"}
[2017-03-13 00:48:11] INFO > #200: (/nivelrisco) - [] - {"url":"/nivelrisco?_dc=1489362491651&page=1&start=0&limit=25","ip":"::1","http_method":"OPTIONS","server":"localhost","referrer":"http://localhost:8081/","uid":"86eb9cb"}
[2017-03-13 00:48:11] INFO > #200: (/projetos) - [] - {"url":"/projetos?_dc=1489362491633&page=1&start=0&limit=25&sort=nomeusuario&dir=desc","ip":"::1","http_method":"GET","server":"localhost","referrer":"http://localhost:8081/","uid":"7e05a65"}
[2017-03-13 00:48:11] INFO > #200: (/situacaoprojeto) - [] - {"url":"/situacaoprojeto?_dc=1489362491634&page=1&start=0&limit=25","ip":"::1","http_method":"GET","server":"localhost","referrer":"http://localhost:8081/","uid":"3b93b77"}
[2017-03-13 00:48:12] INFO > #200: (/hora) - [] - {"url":"/hora?_dc=1489362491635&page=1&start=0&limit=25","ip":"::1","http_method":"GET","server":"localhost","referrer":"http://localhost:8081/","uid":"6d66073"}
[2017-03-13 00:48:12] INFO > #200: (/sistemasinternos) - [] - {"url":"/sistemasinternos?_dc=1489362491636&page=1&start=0&limit=25","ip":"::1","http_method":"GET","server":"localhost","referrer":"http://localhost:8081/","uid":"2ef77f3"}
[2017-03-13 00:48:12] INFO > #200: (/sistemasexternos) - [] - {"url":"/sistemasexternos?_dc=1489362491643&page=1&start=0&limit=25","ip":"::1","http_method":"GET","server":"localhost","referrer":"http://localhost:8081/","uid":"42f9e3c"}
[2017-03-13 00:48:12] INFO > #200: (/sistemas) - [] - {"url":"/sistemas?_dc=1489362491645&page=1&start=0&limit=25","ip":"::1","http_method":"GET","server":"localhost","referrer":"http://localhost:8081/","uid":"bedc8fb"}
[2017-03-13 00:48:12] INFO > #200: (/sistemas) - [] - {"url":"/sistemas?_dc=1489362491646&page=1&start=0&limit=25","ip":"::1","http_method":"GET","server":"localhost","referrer":"http://localhost:8081/","uid":"5d05c00"}
[2017-03-13 00:48:12] INFO > #200: (/abrangencia) - [] - {"url":"/abrangencia?_dc=1489362491647&page=1&start=0&limit=25","ip":"::1","http_method":"GET","server":"localhost","referrer":"http://localhost:8081/","uid":"74cc2f1"}
[2017-03-13 00:48:12] INFO > #200: (/estabilidade) - [] - {"url":"/estabilidade?_dc=1489362491648&page=1&start=0&limit=25","ip":"::1","http_method":"GET","server":"localhost","referrer":"http://localhost:8081/","uid":"03c26e1"}
[2017-03-13 00:48:12] INFO > #200: (/conhecimento) - [] - {"url":"/conhecimento?_dc=1489362491649&page=1&start=0&limit=25","ip":"::1","http_method":"GET","server":"localhost","referrer":"http://localhost:8081/","uid":"550b616"}
[2017-03-13 00:48:12] INFO > #200: (/classificacao) - [] - {"url":"/classificacao?_dc=1489362491650&page=1&start=0&limit=25","ip":"::1","http_method":"GET","server":"localhost","referrer":"http://localhost:8081/","uid":"3eea187"}
[2017-03-13 00:48:12] INFO > #200: (/nivelrisco) - [] - {"url":"/nivelrisco?_dc=1489362491651&page=1&start=0&limit=25","ip":"::1","http_method":"GET","server":"localhost","referrer":"http://localhost:8081/","uid":"bd67360"}
[2017-03-13 00:48:19] INFO > #200: (/projetos/solicitantes/13) - [] - {"url":"/projetos/solicitantes/13","ip":"::1","http_method":"OPTIONS","server":"localhost","referrer":"http://localhost:8081/","uid":"f001ef3"}
[2017-03-13 00:48:19] INFO > #200: (/projetos/riscos/13) - [] - {"url":"/projetos/riscos/13","ip":"::1","http_method":"OPTIONS","server":"localhost","referrer":"http://localhost:8081/","uid":"d8a8989"}
[2017-03-13 00:48:19] INFO > #200: (/projetos/solicitantes/13) - [] - {"url":"/projetos/solicitantes/13","ip":"::1","http_method":"GET","server":"localhost","referrer":"http://localhost:8081/","uid":"30e2108"}
[2017-03-13 00:48:19] INFO > #200: (/projetos/riscos/13) - [] - {"url":"/projetos/riscos/13","ip":"::1","http_method":"GET","server":"localhost","referrer":"http://localhost:8081/","uid":"fd792cb"}
[2017-03-13 00:55:38] INFO > #200: (/tarefas) - [] - {"url":"/tarefas?_dc=1489362938451&page=1&start=0&limit=25&sort=descricaotarefa&dir=desc","ip":"::1","http_method":"OPTIONS","server":"localhost","referrer":"http://localhost:8081/","uid":"489da45"}
[2017-03-13 00:55:38] INFO > #200: (/comboprogramadores) - [] - {"url":"/comboprogramadores?_dc=1489362938454&page=1&start=0&limit=25","ip":"::1","http_method":"OPTIONS","server":"localhost","referrer":"http://localhost:8081/","uid":"7ebd003"}
[2017-03-13 00:55:38] INFO > #200: (/tarefas) - [] - {"url":"/tarefas?_dc=1489362938451&page=1&start=0&limit=25&sort=descricaotarefa&dir=desc","ip":"::1","http_method":"GET","server":"localhost","referrer":"http://localhost:8081/","uid":"91d15f0"}
[2017-03-13 00:55:38] INFO > #200: (/comboprogramadores) - [] - {"url":"/comboprogramadores?_dc=1489362938454&page=1&start=0&limit=25","ip":"::1","http_method":"GET","server":"localhost","referrer":"http://localhost:8081/","uid":"836e82a"}
[2017-03-13 00:55:54] INFO > #200: (/tarefas) - [] - {"url":"/tarefas?_dc=1489362954934&page=1&start=0&limit=25&sort=descricaotarefa&dir=desc","ip":"::1","http_method":"OPTIONS","server":"localhost","referrer":"http://localhost:8081/","uid":"da25d0a"}
[2017-03-13 00:55:54] INFO > #200: (/comboprogramadores) - [] - {"url":"/comboprogramadores?_dc=1489362954938&page=1&start=0&limit=25","ip":"::1","http_method":"OPTIONS","server":"localhost","referrer":"http://localhost:8081/","uid":"0096969"}
[2017-03-13 00:55:55] INFO > #200: (/tarefas) - [] - {"url":"/tarefas?_dc=1489362954934&page=1&start=0&limit=25&sort=descricaotarefa&dir=desc","ip":"::1","http_method":"GET","server":"localhost","referrer":"http://localhost:8081/","uid":"eea9e7c"}
[2017-03-13 00:55:55] INFO > #200: (/comboprogramadores) - [] - {"url":"/comboprogramadores?_dc=1489362954938&page=1&start=0&limit=25","ip":"::1","http_method":"GET","server":"localhost","referrer":"http://localhost:8081/","uid":"5c8b2cd"}
[2017-03-13 00:55:57] INFO > #200: (/acompanha/4) - [] - {"url":"/acompanha/4","ip":"::1","http_method":"OPTIONS","server":"localhost","referrer":"http://localhost:8081/","uid":"ad3d440"}
[2017-03-13 00:55:57] INFO > #200: (/acompanha/tarefas/4) - [] - {"url":"/acompanha/tarefas/4","ip":"::1","http_method":"OPTIONS","server":"localhost","referrer":"http://localhost:8081/","uid":"4a862de"}
[2017-03-13 00:55:57] INFO > #200: (/acompanha/4) - [] - {"url":"/acompanha/4","ip":"::1","http_method":"GET","server":"localhost","referrer":"http://localhost:8081/","uid":"74ada2f"}
[2017-03-13 00:55:57] INFO > #200: (/acompanha/tarefas/4) - [] - {"url":"/acompanha/tarefas/4","ip":"::1","http_method":"GET","server":"localhost","referrer":"http://localhost:8081/","uid":"8cc2776"}
