[2017-03-16 14:22:46] INFO > #200: (/tarefas) - [] - {"url":"/tarefas?_dc=1489670566125&page=1&start=0&limit=25&sort=descricaotarefa&dir=desc","ip":"::1","http_method":"OPTIONS","server":"localhost","referrer":"http://localhost:8081/","uid":"3f9e7c8"}
[2017-03-16 14:22:47] INFO > #200: (/tarefas) - [] - {"url":"/tarefas?_dc=1489670566125&page=1&start=0&limit=25&sort=descricaotarefa&dir=desc","ip":"::1","http_method":"GET","server":"localhost","referrer":"http://localhost:8081/","uid":"dd9f9fb"}
[2017-03-16 14:22:48] INFO > #200: (/acompanha/7) - [] - {"url":"/acompanha/7","ip":"::1","http_method":"OPTIONS","server":"localhost","referrer":"http://localhost:8081/","uid":"f4f5b5e"}
[2017-03-16 14:22:48] INFO > #200: (/acompanha/tarefas/7) - [] - {"url":"/acompanha/tarefas/7","ip":"::1","http_method":"OPTIONS","server":"localhost","referrer":"http://localhost:8081/","uid":"818ad55"}
[2017-03-16 14:22:48] INFO > #200: (/acompanha/7) - [] - {"url":"/acompanha/7","ip":"::1","http_method":"GET","server":"localhost","referrer":"http://localhost:8081/","uid":"6a6ea55"}
[2017-03-16 14:22:48] INFO > #200: (/acompanha/tarefas/7) - [] - {"url":"/acompanha/tarefas/7","ip":"::1","http_method":"GET","server":"localhost","referrer":"http://localhost:8081/","uid":"419b4e9"}
[2017-03-16 14:22:54] INFO > #200: (/projetos) - [] - {"url":"/projetos?_dc=1489670574534&page=1&start=0&limit=25&sort=nomeusuario&dir=desc","ip":"::1","http_method":"OPTIONS","server":"localhost","referrer":"http://localhost:8081/","uid":"035875c"}
[2017-03-16 14:22:54] INFO > #200: (/situacaoprojeto) - [] - {"url":"/situacaoprojeto?_dc=1489670574538&page=1&start=0&limit=25","ip":"::1","http_method":"OPTIONS","server":"localhost","referrer":"http://localhost:8081/","uid":"baa8d0d"}
[2017-03-16 14:22:54] INFO > #200: (/hora) - [] - {"url":"/hora?_dc=1489670574538&page=1&start=0&limit=25","ip":"::1","http_method":"OPTIONS","server":"localhost","referrer":"http://localhost:8081/","uid":"a48396b"}
[2017-03-16 14:22:54] INFO > #200: (/sistemasinternos) - [] - {"url":"/sistemasinternos?_dc=1489670574539&page=1&start=0&limit=25","ip":"::1","http_method":"OPTIONS","server":"localhost","referrer":"http://localhost:8081/","uid":"6f52051"}
[2017-03-16 14:22:54] INFO > #200: (/sistemasexternos) - [] - {"url":"/sistemasexternos?_dc=1489670574540&page=1&start=0&limit=25","ip":"::1","http_method":"OPTIONS","server":"localhost","referrer":"http://localhost:8081/","uid":"97df238"}
[2017-03-16 14:22:54] INFO > #200: (/sistemas) - [] - {"url":"/sistemas?_dc=1489670574542&page=1&start=0&limit=25","ip":"::1","http_method":"OPTIONS","server":"localhost","referrer":"http://localhost:8081/","uid":"ed242d3"}
[2017-03-16 14:22:54] INFO > #200: (/sistemas) - [] - {"url":"/sistemas?_dc=1489670574543&page=1&start=0&limit=25","ip":"::1","http_method":"OPTIONS","server":"localhost","referrer":"http://localhost:8081/","uid":"ac6f2bd"}
[2017-03-16 14:22:54] INFO > #200: (/abrangencia) - [] - {"url":"/abrangencia?_dc=1489670574546&page=1&start=0&limit=25","ip":"::1","http_method":"OPTIONS","server":"localhost","referrer":"http://localhost:8081/","uid":"3a5ba43"}
[2017-03-16 14:22:54] INFO > #200: (/estabilidade) - [] - {"url":"/estabilidade?_dc=1489670574546&page=1&start=0&limit=25","ip":"::1","http_method":"OPTIONS","server":"localhost","referrer":"http://localhost:8081/","uid":"fa1a62c"}
[2017-03-16 14:22:54] INFO > #200: (/conhecimento) - [] - {"url":"/conhecimento?_dc=1489670574547&page=1&start=0&limit=25","ip":"::1","http_method":"OPTIONS","server":"localhost","referrer":"http://localhost:8081/","uid":"f355724"}
[2017-03-16 14:22:54] INFO > #200: (/classificacao) - [] - {"url":"/classificacao?_dc=1489670574548&page=1&start=0&limit=25","ip":"::1","http_method":"OPTIONS","server":"localhost","referrer":"http://localhost:8081/","uid":"28909d2"}
[2017-03-16 14:22:54] INFO > #200: (/nivelrisco) - [] - {"url":"/nivelrisco?_dc=1489670574549&page=1&start=0&limit=25","ip":"::1","http_method":"OPTIONS","server":"localhost","referrer":"http://localhost:8081/","uid":"90a007e"}
[2017-03-16 14:22:54] INFO > #200: (/projetos) - [] - {"url":"/projetos?_dc=1489670574534&page=1&start=0&limit=25&sort=nomeusuario&dir=desc","ip":"::1","http_method":"GET","server":"localhost","referrer":"http://localhost:8081/","uid":"b63f57d"}
[2017-03-16 14:22:54] INFO > #200: (/situacaoprojeto) - [] - {"url":"/situacaoprojeto?_dc=1489670574538&page=1&start=0&limit=25","ip":"::1","http_method":"GET","server":"localhost","referrer":"http://localhost:8081/","uid":"4977e87"}
[2017-03-16 14:22:55] INFO > #200: (/hora) - [] - {"url":"/hora?_dc=1489670574538&page=1&start=0&limit=25","ip":"::1","http_method":"GET","server":"localhost","referrer":"http://localhost:8081/","uid":"1c975aa"}
[2017-03-16 14:22:55] INFO > #200: (/sistemasinternos) - [] - {"url":"/sistemasinternos?_dc=1489670574539&page=1&start=0&limit=25","ip":"::1","http_method":"GET","server":"localhost","referrer":"http://localhost:8081/","uid":"0db1b30"}
[2017-03-16 14:22:55] INFO > #200: (/sistemasexternos) - [] - {"url":"/sistemasexternos?_dc=1489670574540&page=1&start=0&limit=25","ip":"::1","http_method":"GET","server":"localhost","referrer":"http://localhost:8081/","uid":"da09ee0"}
[2017-03-16 14:22:55] INFO > #200: (/sistemas) - [] - {"url":"/sistemas?_dc=1489670574542&page=1&start=0&limit=25","ip":"::1","http_method":"GET","server":"localhost","referrer":"http://localhost:8081/","uid":"1e0c4ab"}
[2017-03-16 14:22:55] INFO > #200: (/sistemas) - [] - {"url":"/sistemas?_dc=1489670574543&page=1&start=0&limit=25","ip":"::1","http_method":"GET","server":"localhost","referrer":"http://localhost:8081/","uid":"7d988fd"}
[2017-03-16 14:22:55] INFO > #200: (/abrangencia) - [] - {"url":"/abrangencia?_dc=1489670574546&page=1&start=0&limit=25","ip":"::1","http_method":"GET","server":"localhost","referrer":"http://localhost:8081/","uid":"74f00e2"}
[2017-03-16 14:22:55] INFO > #200: (/estabilidade) - [] - {"url":"/estabilidade?_dc=1489670574546&page=1&start=0&limit=25","ip":"::1","http_method":"GET","server":"localhost","referrer":"http://localhost:8081/","uid":"6e5dc92"}
[2017-03-16 14:22:55] INFO > #200: (/conhecimento) - [] - {"url":"/conhecimento?_dc=1489670574547&page=1&start=0&limit=25","ip":"::1","http_method":"GET","server":"localhost","referrer":"http://localhost:8081/","uid":"54a13a5"}
[2017-03-16 14:22:55] INFO > #200: (/classificacao) - [] - {"url":"/classificacao?_dc=1489670574548&page=1&start=0&limit=25","ip":"::1","http_method":"GET","server":"localhost","referrer":"http://localhost:8081/","uid":"5dac314"}
[2017-03-16 14:22:55] INFO > #200: (/nivelrisco) - [] - {"url":"/nivelrisco?_dc=1489670574549&page=1&start=0&limit=25","ip":"::1","http_method":"GET","server":"localhost","referrer":"http://localhost:8081/","uid":"3d70efe"}
[2017-03-16 14:50:18] INFO > #200: (/tarefas) - [] - {"url":"/tarefas?_dc=1489672217980&page=1&start=0&limit=25&sort=descricaotarefa&dir=desc","ip":"::1","http_method":"OPTIONS","server":"localhost","referrer":"http://localhost:8081/","uid":"ce0cee7"}
[2017-03-16 14:50:18] INFO > #200: (/tarefas) - [] - {"url":"/tarefas?_dc=1489672217980&page=1&start=0&limit=25&sort=descricaotarefa&dir=desc","ip":"::1","http_method":"GET","server":"localhost","referrer":"http://localhost:8081/","uid":"3e3b19c"}
[2017-03-16 14:54:09] INFO > #200: (/tarefas) - [] - {"url":"/tarefas?_dc=1489672449289&page=1&start=0&limit=25&sort=descricaotarefa&dir=desc","ip":"::1","http_method":"OPTIONS","server":"localhost","referrer":"http://localhost:8081/","uid":"a3a63ae"}
[2017-03-16 14:54:09] INFO > #200: (/tarefas) - [] - {"url":"/tarefas?_dc=1489672449289&page=1&start=0&limit=25&sort=descricaotarefa&dir=desc","ip":"::1","http_method":"GET","server":"localhost","referrer":"http://localhost:8081/","uid":"5a6247c"}
[2017-03-16 15:07:54] INFO > #200: (/tarefas) - [] - {"url":"/tarefas?_dc=1489673274673&page=1&start=0&limit=25&sort=descricaotarefa&dir=desc","ip":"::1","http_method":"OPTIONS","server":"localhost","referrer":"http://localhost:8081/","uid":"153c63c"}
[2017-03-16 15:07:54] INFO > #200: (/tarefas) - [] - {"url":"/tarefas?_dc=1489673274673&page=1&start=0&limit=25&sort=descricaotarefa&dir=desc","ip":"::1","http_method":"GET","server":"localhost","referrer":"http://localhost:8081/","uid":"3594ec2"}
[2017-03-16 15:07:56] INFO > #200: (/acompanha/6) - [] - {"url":"/acompanha/6","ip":"::1","http_method":"OPTIONS","server":"localhost","referrer":"http://localhost:8081/","uid":"d852157"}
[2017-03-16 15:07:56] INFO > #200: (/acompanha/tarefas/6) - [] - {"url":"/acompanha/tarefas/6","ip":"::1","http_method":"OPTIONS","server":"localhost","referrer":"http://localhost:8081/","uid":"c0eccba"}
[2017-03-16 15:07:56] INFO > #200: (/acompanha/6) - [] - {"url":"/acompanha/6","ip":"::1","http_method":"GET","server":"localhost","referrer":"http://localhost:8081/","uid":"85411c3"}
[2017-03-16 15:07:56] INFO > #200: (/acompanha/tarefas/6) - [] - {"url":"/acompanha/tarefas/6","ip":"::1","http_method":"GET","server":"localhost","referrer":"http://localhost:8081/","uid":"bbcab52"}
[2017-03-16 15:07:59] INFO > #200: (/acompanha/5) - [] - {"url":"/acompanha/5","ip":"::1","http_method":"OPTIONS","server":"localhost","referrer":"http://localhost:8081/","uid":"81fae59"}
[2017-03-16 15:07:59] INFO > #200: (/acompanha/tarefas/5) - [] - {"url":"/acompanha/tarefas/5","ip":"::1","http_method":"OPTIONS","server":"localhost","referrer":"http://localhost:8081/","uid":"963706c"}
[2017-03-16 15:07:59] INFO > #200: (/acompanha/5) - [] - {"url":"/acompanha/5","ip":"::1","http_method":"GET","server":"localhost","referrer":"http://localhost:8081/","uid":"9055e27"}
[2017-03-16 15:07:59] INFO > #200: (/acompanha/tarefas/5) - [] - {"url":"/acompanha/tarefas/5","ip":"::1","http_method":"GET","server":"localhost","referrer":"http://localhost:8081/","uid":"87ebbcd"}
[2017-03-16 15:08:01] INFO > #200: (/acompanha/4) - [] - {"url":"/acompanha/4","ip":"::1","http_method":"OPTIONS","server":"localhost","referrer":"http://localhost:8081/","uid":"868bc3b"}
[2017-03-16 15:08:01] INFO > #200: (/acompanha/tarefas/4) - [] - {"url":"/acompanha/tarefas/4","ip":"::1","http_method":"OPTIONS","server":"localhost","referrer":"http://localhost:8081/","uid":"9ff18e1"}
[2017-03-16 15:08:01] INFO > #200: (/acompanha/4) - [] - {"url":"/acompanha/4","ip":"::1","http_method":"GET","server":"localhost","referrer":"http://localhost:8081/","uid":"419f982"}
[2017-03-16 15:08:01] INFO > #200: (/acompanha/tarefas/4) - [] - {"url":"/acompanha/tarefas/4","ip":"::1","http_method":"GET","server":"localhost","referrer":"http://localhost:8081/","uid":"9949d46"}
[2017-03-16 17:16:11] INFO > #200: (/tarefas) - [] - {"url":"/tarefas?_dc=1489680971818&page=1&start=0&limit=25&sort=descricaotarefa&dir=desc","ip":"::1","http_method":"OPTIONS","server":"localhost","referrer":"http://localhost:8081/","uid":"c715ec7"}
[2017-03-16 17:16:11] INFO > #200: (/tarefas) - [] - {"url":"/tarefas?_dc=1489680971818&page=1&start=0&limit=25&sort=descricaotarefa&dir=desc","ip":"::1","http_method":"GET","server":"localhost","referrer":"http://localhost:8081/","uid":"261d964"}
[2017-03-16 17:17:35] INFO > #200: (/acompanha/4) - [] - {"url":"/acompanha/4","ip":"::1","http_method":"OPTIONS","server":"localhost","referrer":"http://localhost:8081/","uid":"0237e6c"}
[2017-03-16 17:17:35] INFO > #200: (/acompanha/tarefas/4) - [] - {"url":"/acompanha/tarefas/4","ip":"::1","http_method":"OPTIONS","server":"localhost","referrer":"http://localhost:8081/","uid":"0230838"}
[2017-03-16 17:17:35] INFO > #200: (/acompanha/4) - [] - {"url":"/acompanha/4","ip":"::1","http_method":"GET","server":"localhost","referrer":"http://localhost:8081/","uid":"ba3b1a6"}
[2017-03-16 17:17:35] INFO > #200: (/acompanha/tarefas/4) - [] - {"url":"/acompanha/tarefas/4","ip":"::1","http_method":"GET","server":"localhost","referrer":"http://localhost:8081/","uid":"063a166"}
[2017-03-16 17:21:16] INFO > #200: (/comboprojeto) - [] - {"url":"/comboprojeto?_dc=1489681276829&page=1&start=0&limit=25","ip":"::1","http_method":"OPTIONS","server":"localhost","referrer":"http://localhost:8081/","uid":"8c5ea65"}
[2017-03-16 17:21:16] INFO > #200: (/comboprogramadores) - [] - {"url":"/comboprogramadores?_dc=1489681276831&page=1&start=0&limit=25","ip":"::1","http_method":"OPTIONS","server":"localhost","referrer":"http://localhost:8081/","uid":"80aa57c"}
[2017-03-16 17:21:16] INFO > #200: (/comboprojeto) - [] - {"url":"/comboprojeto?_dc=1489681276829&page=1&start=0&limit=25","ip":"::1","http_method":"GET","server":"localhost","referrer":"http://localhost:8081/","uid":"4b6ad43"}
[2017-03-16 17:21:17] INFO > #200: (/comboprogramadores) - [] - {"url":"/comboprogramadores?_dc=1489681276831&page=1&start=0&limit=25","ip":"::1","http_method":"GET","server":"localhost","referrer":"http://localhost:8081/","uid":"07d79a9"}
[2017-03-16 17:21:19] INFO > #200: (/sprint/13) - [] - {"url":"/sprint/13","ip":"::1","http_method":"OPTIONS","server":"localhost","referrer":"http://localhost:8081/","uid":"ff05686"}
[2017-03-16 17:21:19] INFO > #200: (/sprint/13) - [] - {"url":"/sprint/13","ip":"::1","http_method":"GET","server":"localhost","referrer":"http://localhost:8081/","uid":"5f18205"}
[2017-03-16 17:21:20] INFO > #200: (//sprint/tarefas/12) - [] - {"url":"//sprint/tarefas/12","ip":"::1","http_method":"OPTIONS","server":"localhost","referrer":"http://localhost:8081/","uid":"351ad74"}
[2017-03-16 17:21:20] INFO > #200: (//sprint/tarefas/12) - [] - {"url":"//sprint/tarefas/12","ip":"::1","http_method":"GET","server":"localhost","referrer":"http://localhost:8081/","uid":"8f2789c"}
[2017-03-16 17:39:53] INFO > #200: (/projetos) - [] - {"url":"/projetos?_dc=1489682393855&page=1&start=0&limit=25&sort=nomeusuario&dir=desc","ip":"::1","http_method":"OPTIONS","server":"localhost","referrer":"http://localhost:8081/","uid":"470e264"}
[2017-03-16 17:39:53] INFO > #200: (/situacaoprojeto) - [] - {"url":"/situacaoprojeto?_dc=1489682393856&page=1&start=0&limit=25","ip":"::1","http_method":"OPTIONS","server":"localhost","referrer":"http://localhost:8081/","uid":"22a32f4"}
[2017-03-16 17:39:53] INFO > #200: (/hora) - [] - {"url":"/hora?_dc=1489682393856&page=1&start=0&limit=25","ip":"::1","http_method":"OPTIONS","server":"localhost","referrer":"http://localhost:8081/","uid":"c8033f9"}
[2017-03-16 17:39:53] INFO > #200: (/sistemasinternos) - [] - {"url":"/sistemasinternos?_dc=1489682393857&page=1&start=0&limit=25","ip":"::1","http_method":"OPTIONS","server":"localhost","referrer":"http://localhost:8081/","uid":"bc49bf5"}
[2017-03-16 17:39:54] INFO > #200: (/sistemasexternos) - [] - {"url":"/sistemasexternos?_dc=1489682393861&page=1&start=0&limit=25","ip":"::1","http_method":"OPTIONS","server":"localhost","referrer":"http://localhost:8081/","uid":"72a48dd"}
[2017-03-16 17:39:54] INFO > #200: (/sistemas) - [] - {"url":"/sistemas?_dc=1489682393861&page=1&start=0&limit=25","ip":"::1","http_method":"OPTIONS","server":"localhost","referrer":"http://localhost:8081/","uid":"366d59d"}
[2017-03-16 17:39:54] INFO > #200: (/sistemas) - [] - {"url":"/sistemas?_dc=1489682393863&page=1&start=0&limit=25","ip":"::1","http_method":"OPTIONS","server":"localhost","referrer":"http://localhost:8081/","uid":"96074af"}
[2017-03-16 17:39:54] INFO > #200: (/abrangencia) - [] - {"url":"/abrangencia?_dc=1489682393864&page=1&start=0&limit=25","ip":"::1","http_method":"OPTIONS","server":"localhost","referrer":"http://localhost:8081/","uid":"96a8cbc"}
[2017-03-16 17:39:54] INFO > #200: (/estabilidade) - [] - {"url":"/estabilidade?_dc=1489682393865&page=1&start=0&limit=25","ip":"::1","http_method":"OPTIONS","server":"localhost","referrer":"http://localhost:8081/","uid":"2158c4b"}
[2017-03-16 17:39:54] INFO > #200: (/conhecimento) - [] - {"url":"/conhecimento?_dc=1489682393866&page=1&start=0&limit=25","ip":"::1","http_method":"OPTIONS","server":"localhost","referrer":"http://localhost:8081/","uid":"e5bdc10"}
[2017-03-16 17:39:54] INFO > #200: (/classificacao) - [] - {"url":"/classificacao?_dc=1489682393866&page=1&start=0&limit=25","ip":"::1","http_method":"OPTIONS","server":"localhost","referrer":"http://localhost:8081/","uid":"38ef14e"}
[2017-03-16 17:39:54] INFO > #200: (/nivelrisco) - [] - {"url":"/nivelrisco?_dc=1489682393870&page=1&start=0&limit=25","ip":"::1","http_method":"OPTIONS","server":"localhost","referrer":"http://localhost:8081/","uid":"b469ed1"}
[2017-03-16 17:39:54] INFO > #200: (/projetos) - [] - {"url":"/projetos?_dc=1489682393855&page=1&start=0&limit=25&sort=nomeusuario&dir=desc","ip":"::1","http_method":"GET","server":"localhost","referrer":"http://localhost:8081/","uid":"241fa45"}
[2017-03-16 17:39:54] INFO > #200: (/situacaoprojeto) - [] - {"url":"/situacaoprojeto?_dc=1489682393856&page=1&start=0&limit=25","ip":"::1","http_method":"GET","server":"localhost","referrer":"http://localhost:8081/","uid":"3c9648c"}
[2017-03-16 17:39:54] INFO > #200: (/hora) - [] - {"url":"/hora?_dc=1489682393856&page=1&start=0&limit=25","ip":"::1","http_method":"GET","server":"localhost","referrer":"http://localhost:8081/","uid":"17673e7"}
[2017-03-16 17:39:54] INFO > #200: (/sistemasinternos) - [] - {"url":"/sistemasinternos?_dc=1489682393857&page=1&start=0&limit=25","ip":"::1","http_method":"GET","server":"localhost","referrer":"http://localhost:8081/","uid":"c7d1dc2"}
[2017-03-16 17:39:54] INFO > #200: (/sistemasexternos) - [] - {"url":"/sistemasexternos?_dc=1489682393861&page=1&start=0&limit=25","ip":"::1","http_method":"GET","server":"localhost","referrer":"http://localhost:8081/","uid":"b44de98"}
[2017-03-16 17:39:54] INFO > #200: (/sistemas) - [] - {"url":"/sistemas?_dc=1489682393861&page=1&start=0&limit=25","ip":"::1","http_method":"GET","server":"localhost","referrer":"http://localhost:8081/","uid":"2040d14"}
[2017-03-16 17:39:54] INFO > #200: (/sistemas) - [] - {"url":"/sistemas?_dc=1489682393863&page=1&start=0&limit=25","ip":"::1","http_method":"GET","server":"localhost","referrer":"http://localhost:8081/","uid":"95a33f8"}
[2017-03-16 17:39:54] INFO > #200: (/abrangencia) - [] - {"url":"/abrangencia?_dc=1489682393864&page=1&start=0&limit=25","ip":"::1","http_method":"GET","server":"localhost","referrer":"http://localhost:8081/","uid":"aa2fd8e"}
[2017-03-16 17:39:54] INFO > #200: (/estabilidade) - [] - {"url":"/estabilidade?_dc=1489682393865&page=1&start=0&limit=25","ip":"::1","http_method":"GET","server":"localhost","referrer":"http://localhost:8081/","uid":"1cf51c3"}
[2017-03-16 17:39:54] INFO > #200: (/conhecimento) - [] - {"url":"/conhecimento?_dc=1489682393866&page=1&start=0&limit=25","ip":"::1","http_method":"GET","server":"localhost","referrer":"http://localhost:8081/","uid":"7c68080"}
[2017-03-16 17:39:54] INFO > #200: (/classificacao) - [] - {"url":"/classificacao?_dc=1489682393866&page=1&start=0&limit=25","ip":"::1","http_method":"GET","server":"localhost","referrer":"http://localhost:8081/","uid":"37475b4"}
[2017-03-16 17:39:54] INFO > #200: (/nivelrisco) - [] - {"url":"/nivelrisco?_dc=1489682393870&page=1&start=0&limit=25","ip":"::1","http_method":"GET","server":"localhost","referrer":"http://localhost:8081/","uid":"382c724"}
[2017-03-16 17:39:55] INFO > #200: (/projetos/solicitantes/13) - [] - {"url":"/projetos/solicitantes/13","ip":"::1","http_method":"OPTIONS","server":"localhost","referrer":"http://localhost:8081/","uid":"f797177"}
[2017-03-16 17:39:55] INFO > #200: (/projetos/riscos/13) - [] - {"url":"/projetos/riscos/13","ip":"::1","http_method":"OPTIONS","server":"localhost","referrer":"http://localhost:8081/","uid":"70fd341"}
[2017-03-16 17:39:55] INFO > #200: (/projetos/solicitantes/13) - [] - {"url":"/projetos/solicitantes/13","ip":"::1","http_method":"GET","server":"localhost","referrer":"http://localhost:8081/","uid":"2894968"}
[2017-03-16 17:39:55] INFO > #200: (/projetos/riscos/13) - [] - {"url":"/projetos/riscos/13","ip":"::1","http_method":"GET","server":"localhost","referrer":"http://localhost:8081/","uid":"8532049"}
[2017-03-16 17:44:33] INFO > #200: (/projetos) - [] - {"url":"/projetos?_dc=1489682673205&page=1&start=0&limit=25&sort=nomeusuario&dir=desc","ip":"::1","http_method":"OPTIONS","server":"localhost","referrer":"http://localhost:8081/","uid":"5ab5b67"}
[2017-03-16 17:44:33] INFO > #200: (/projetos) - [] - {"url":"/projetos?_dc=1489682673205&page=1&start=0&limit=25&sort=nomeusuario&dir=desc","ip":"::1","http_method":"GET","server":"localhost","referrer":"http://localhost:8081/","uid":"fca38a5"}
[2017-03-16 17:46:10] INFO > #200: (/projetos/solicitantes/8) - [] - {"url":"/projetos/solicitantes/8","ip":"::1","http_method":"OPTIONS","server":"localhost","referrer":"http://localhost:8081/","uid":"1c85f62"}
[2017-03-16 17:46:10] INFO > #200: (/projetos/riscos/8) - [] - {"url":"/projetos/riscos/8","ip":"::1","http_method":"OPTIONS","server":"localhost","referrer":"http://localhost:8081/","uid":"c20d47b"}
[2017-03-16 17:46:10] INFO > #200: (/projetos/solicitantes/8) - [] - {"url":"/projetos/solicitantes/8","ip":"::1","http_method":"GET","server":"localhost","referrer":"http://localhost:8081/","uid":"0e3aad6"}
[2017-03-16 17:46:10] INFO > #200: (/projetos/riscos/8) - [] - {"url":"/projetos/riscos/8","ip":"::1","http_method":"GET","server":"localhost","referrer":"http://localhost:8081/","uid":"98cca4d"}
[2017-03-16 17:46:44] INFO > #200: (/projetos/solicitantes/13) - [] - {"url":"/projetos/solicitantes/13","ip":"::1","http_method":"GET","server":"localhost","referrer":"http://localhost:8081/","uid":"5263ca6"}
[2017-03-16 17:46:44] INFO > #200: (/projetos/riscos/13) - [] - {"url":"/projetos/riscos/13","ip":"::1","http_method":"GET","server":"localhost","referrer":"http://localhost:8081/","uid":"c1d55bd"}
[2017-03-16 17:46:50] INFO > #200: (/projetos) - [] - {"url":"/projetos?_dc=1489682810325&page=1&start=0&limit=25&sort=nomeusuario&dir=desc","ip":"::1","http_method":"OPTIONS","server":"localhost","referrer":"http://localhost:8081/","uid":"c272b58"}
[2017-03-16 17:46:50] INFO > #200: (/situacaoprojeto) - [] - {"url":"/situacaoprojeto?_dc=1489682810327&page=1&start=0&limit=25","ip":"::1","http_method":"OPTIONS","server":"localhost","referrer":"http://localhost:8081/","uid":"67cf02a"}
[2017-03-16 17:46:50] INFO > #200: (/hora) - [] - {"url":"/hora?_dc=1489682810328&page=1&start=0&limit=25","ip":"::1","http_method":"OPTIONS","server":"localhost","referrer":"http://localhost:8081/","uid":"130c3c8"}
[2017-03-16 17:46:50] INFO > #200: (/sistemasinternos) - [] - {"url":"/sistemasinternos?_dc=1489682810330&page=1&start=0&limit=25","ip":"::1","http_method":"OPTIONS","server":"localhost","referrer":"http://localhost:8081/","uid":"5c5c7c7"}
[2017-03-16 17:46:50] INFO > #200: (/sistemasexternos) - [] - {"url":"/sistemasexternos?_dc=1489682810335&page=1&start=0&limit=25","ip":"::1","http_method":"OPTIONS","server":"localhost","referrer":"http://localhost:8081/","uid":"d02b527"}
[2017-03-16 17:46:50] INFO > #200: (/sistemas) - [] - {"url":"/sistemas?_dc=1489682810336&page=1&start=0&limit=25","ip":"::1","http_method":"OPTIONS","server":"localhost","referrer":"http://localhost:8081/","uid":"e7dabed"}
[2017-03-16 17:46:50] INFO > #200: (/sistemas) - [] - {"url":"/sistemas?_dc=1489682810336&page=1&start=0&limit=25","ip":"::1","http_method":"OPTIONS","server":"localhost","referrer":"http://localhost:8081/","uid":"38952fe"}
[2017-03-16 17:46:50] INFO > #200: (/abrangencia) - [] - {"url":"/abrangencia?_dc=1489682810337&page=1&start=0&limit=25","ip":"::1","http_method":"OPTIONS","server":"localhost","referrer":"http://localhost:8081/","uid":"3839c2c"}
[2017-03-16 17:46:50] INFO > #200: (/estabilidade) - [] - {"url":"/estabilidade?_dc=1489682810339&page=1&start=0&limit=25","ip":"::1","http_method":"OPTIONS","server":"localhost","referrer":"http://localhost:8081/","uid":"39c3659"}
[2017-03-16 17:46:50] INFO > #200: (/conhecimento) - [] - {"url":"/conhecimento?_dc=1489682810339&page=1&start=0&limit=25","ip":"::1","http_method":"OPTIONS","server":"localhost","referrer":"http://localhost:8081/","uid":"98a9213"}
[2017-03-16 17:46:50] INFO > #200: (/classificacao) - [] - {"url":"/classificacao?_dc=1489682810340&page=1&start=0&limit=25","ip":"::1","http_method":"OPTIONS","server":"localhost","referrer":"http://localhost:8081/","uid":"eac5057"}
[2017-03-16 17:46:50] INFO > #200: (/nivelrisco) - [] - {"url":"/nivelrisco?_dc=1489682810341&page=1&start=0&limit=25","ip":"::1","http_method":"OPTIONS","server":"localhost","referrer":"http://localhost:8081/","uid":"6ccd889"}
[2017-03-16 17:46:50] INFO > #200: (/projetos) - [] - {"url":"/projetos?_dc=1489682810325&page=1&start=0&limit=25&sort=nomeusuario&dir=desc","ip":"::1","http_method":"GET","server":"localhost","referrer":"http://localhost:8081/","uid":"3de9429"}
[2017-03-16 17:46:50] INFO > #200: (/situacaoprojeto) - [] - {"url":"/situacaoprojeto?_dc=1489682810327&page=1&start=0&limit=25","ip":"::1","http_method":"GET","server":"localhost","referrer":"http://localhost:8081/","uid":"1567881"}
[2017-03-16 17:46:50] INFO > #200: (/hora) - [] - {"url":"/hora?_dc=1489682810328&page=1&start=0&limit=25","ip":"::1","http_method":"GET","server":"localhost","referrer":"http://localhost:8081/","uid":"f5f7344"}
[2017-03-16 17:46:50] INFO > #200: (/sistemasinternos) - [] - {"url":"/sistemasinternos?_dc=1489682810330&page=1&start=0&limit=25","ip":"::1","http_method":"GET","server":"localhost","referrer":"http://localhost:8081/","uid":"4264b15"}
[2017-03-16 17:46:50] INFO > #200: (/sistemasexternos) - [] - {"url":"/sistemasexternos?_dc=1489682810335&page=1&start=0&limit=25","ip":"::1","http_method":"GET","server":"localhost","referrer":"http://localhost:8081/","uid":"55bd70f"}
[2017-03-16 17:46:50] INFO > #200: (/sistemas) - [] - {"url":"/sistemas?_dc=1489682810336&page=1&start=0&limit=25","ip":"::1","http_method":"GET","server":"localhost","referrer":"http://localhost:8081/","uid":"0e8b68a"}
[2017-03-16 17:46:51] INFO > #200: (/abrangencia) - [] - {"url":"/abrangencia?_dc=1489682810337&page=1&start=0&limit=25","ip":"::1","http_method":"GET","server":"localhost","referrer":"http://localhost:8081/","uid":"313844c"}
[2017-03-16 17:46:51] INFO > #200: (/estabilidade) - [] - {"url":"/estabilidade?_dc=1489682810339&page=1&start=0&limit=25","ip":"::1","http_method":"GET","server":"localhost","referrer":"http://localhost:8081/","uid":"22a9d30"}
[2017-03-16 17:46:51] INFO > #200: (/conhecimento) - [] - {"url":"/conhecimento?_dc=1489682810339&page=1&start=0&limit=25","ip":"::1","http_method":"GET","server":"localhost","referrer":"http://localhost:8081/","uid":"ae3ff6b"}
[2017-03-16 17:46:51] INFO > #200: (/classificacao) - [] - {"url":"/classificacao?_dc=1489682810340&page=1&start=0&limit=25","ip":"::1","http_method":"GET","server":"localhost","referrer":"http://localhost:8081/","uid":"ef445dd"}
[2017-03-16 17:46:51] INFO > #200: (/nivelrisco) - [] - {"url":"/nivelrisco?_dc=1489682810341&page=1&start=0&limit=25","ip":"::1","http_method":"GET","server":"localhost","referrer":"http://localhost:8081/","uid":"cd7ee4a"}
[2017-03-16 17:46:51] INFO > #200: (/sistemas) - [] - {"url":"/sistemas?_dc=1489682810336&page=1&start=0&limit=25","ip":"::1","http_method":"GET","server":"localhost","referrer":"http://localhost:8081/","uid":"327db6d"}
[2017-03-16 17:46:52] INFO > #200: (/projetos/solicitantes/13) - [] - {"url":"/projetos/solicitantes/13","ip":"::1","http_method":"GET","server":"localhost","referrer":"http://localhost:8081/","uid":"36c80fc"}
[2017-03-16 17:46:52] INFO > #200: (/projetos/riscos/13) - [] - {"url":"/projetos/riscos/13","ip":"::1","http_method":"GET","server":"localhost","referrer":"http://localhost:8081/","uid":"5060b25"}
[2017-03-16 17:47:59] INFO > #200: (/programadores) - [] - {"url":"/programadores?_dc=1489682879286&page=1&start=0&limit=25&sort=nomeprogramador&dir=desc","ip":"::1","http_method":"OPTIONS","server":"localhost","referrer":"http://localhost:8081/","uid":"3b22e7e"}
[2017-03-16 17:47:59] INFO > #200: (/programadores) - [] - {"url":"/programadores?_dc=1489682879286&page=1&start=0&limit=25&sort=nomeprogramador&dir=desc","ip":"::1","http_method":"GET","server":"localhost","referrer":"http://localhost:8081/","uid":"0549e41"}
[2017-03-16 17:48:44] INFO > #200: (/programadores) - [] - {"url":"/programadores","ip":"::1","http_method":"OPTIONS","server":"localhost","referrer":"http://localhost:8081/","uid":"aaf1b10"}
[2017-03-16 17:48:44] INFO > #200: (/programadores) - [] - {"url":"/programadores","ip":"::1","http_method":"POST","server":"localhost","referrer":"http://localhost:8081/","uid":"3b1ddb6"}
[2017-03-16 17:48:46] INFO > #200: (/programadores) - [] - {"url":"/programadores?_dc=1489682926477&page=1&start=0&limit=25&sort=nomeprogramador&dir=desc","ip":"::1","http_method":"OPTIONS","server":"localhost","referrer":"http://localhost:8081/","uid":"1aaa4e7"}
[2017-03-16 17:48:46] INFO > #200: (/programadores) - [] - {"url":"/programadores?_dc=1489682926477&page=1&start=0&limit=25&sort=nomeprogramador&dir=desc","ip":"::1","http_method":"GET","server":"localhost","referrer":"http://localhost:8081/","uid":"0645611"}
[2017-03-16 17:48:57] INFO > #200: (/programadores/emerson) - [] - {"url":"/programadores/emerson","ip":"::1","http_method":"OPTIONS","server":"localhost","referrer":"http://localhost:8081/","uid":"cfc3b1b"}
[2017-03-16 17:48:57] INFO > #200: (/programadores/emerson) - [] - {"url":"/programadores/emerson","ip":"::1","http_method":"GET","server":"localhost","referrer":"http://localhost:8081/","uid":"9960ecf"}
[2017-03-16 17:49:02] INFO > #200: (/programadores) - [] - {"url":"/programadores?_dc=1489682942177&page=1&start=0&limit=25&sort=nomeprogramador&dir=desc","ip":"::1","http_method":"OPTIONS","server":"localhost","referrer":"http://localhost:8081/","uid":"b47ffff"}
[2017-03-16 17:49:02] INFO > #200: (/programadores) - [] - {"url":"/programadores?_dc=1489682942177&page=1&start=0&limit=25&sort=nomeprogramador&dir=desc","ip":"::1","http_method":"GET","server":"localhost","referrer":"http://localhost:8081/","uid":"e4d94ad"}
[2017-03-16 17:49:11] INFO > #200: (/projetos) - [] - {"url":"/projetos?_dc=1489682951906&page=1&start=0&limit=25&sort=nomeusuario&dir=desc","ip":"::1","http_method":"OPTIONS","server":"localhost","referrer":"http://localhost:8081/","uid":"255e6c8"}
[2017-03-16 17:49:11] INFO > #200: (/projetos) - [] - {"url":"/projetos?_dc=1489682951906&page=1&start=0&limit=25&sort=nomeusuario&dir=desc","ip":"::1","http_method":"GET","server":"localhost","referrer":"http://localhost:8081/","uid":"77c4040"}
[2017-03-16 17:49:18] INFO > #200: (/comboprojeto) - [] - {"url":"/comboprojeto?_dc=1489682958276&page=1&start=0&limit=25","ip":"::1","http_method":"OPTIONS","server":"localhost","referrer":"http://localhost:8081/","uid":"250794a"}
[2017-03-16 17:49:18] INFO > #200: (/comboprogramadores) - [] - {"url":"/comboprogramadores?_dc=1489682958277&page=1&start=0&limit=25","ip":"::1","http_method":"OPTIONS","server":"localhost","referrer":"http://localhost:8081/","uid":"bf7036d"}
[2017-03-16 17:49:18] INFO > #200: (/comboprojeto) - [] - {"url":"/comboprojeto?_dc=1489682958276&page=1&start=0&limit=25","ip":"::1","http_method":"GET","server":"localhost","referrer":"http://localhost:8081/","uid":"0564eb3"}
[2017-03-16 17:49:18] INFO > #200: (/comboprogramadores) - [] - {"url":"/comboprogramadores?_dc=1489682958277&page=1&start=0&limit=25","ip":"::1","http_method":"GET","server":"localhost","referrer":"http://localhost:8081/","uid":"71ea470"}
[2017-03-16 17:49:24] INFO > #200: (/sprint/8) - [] - {"url":"/sprint/8","ip":"::1","http_method":"OPTIONS","server":"localhost","referrer":"http://localhost:8081/","uid":"1538709"}
[2017-03-16 17:49:24] INFO > #200: (/sprint/8) - [] - {"url":"/sprint/8","ip":"::1","http_method":"GET","server":"localhost","referrer":"http://localhost:8081/","uid":"f587fd5"}
[2017-03-16 17:49:30] INFO > #200: (//sprint/tarefas/14) - [] - {"url":"//sprint/tarefas/14","ip":"::1","http_method":"OPTIONS","server":"localhost","referrer":"http://localhost:8081/","uid":"65c8479"}
[2017-03-16 17:49:30] INFO > #200: (//sprint/tarefas/14) - [] - {"url":"//sprint/tarefas/14","ip":"::1","http_method":"GET","server":"localhost","referrer":"http://localhost:8081/","uid":"0b36201"}
[2017-03-16 17:50:23] INFO > #200: (//sprint/tarefas/14) - [] - {"url":"//sprint/tarefas/14","ip":"::1","http_method":"GET","server":"localhost","referrer":"http://localhost:8081/","uid":"d0e6b69"}
[2017-03-16 17:51:49] INFO > #200: (/comboprojeto) - [] - {"url":"/comboprojeto?_dc=1489683108982&page=1&start=0&limit=25","ip":"::1","http_method":"OPTIONS","server":"localhost","referrer":"http://localhost:8081/","uid":"2bf6819"}
[2017-03-16 17:51:49] INFO > #200: (/comboprogramadores) - [] - {"url":"/comboprogramadores?_dc=1489683108986&page=1&start=0&limit=25","ip":"::1","http_method":"OPTIONS","server":"localhost","referrer":"http://localhost:8081/","uid":"65303db"}
[2017-03-16 17:51:49] INFO > #200: (/comboprojeto) - [] - {"url":"/comboprojeto?_dc=1489683108982&page=1&start=0&limit=25","ip":"::1","http_method":"GET","server":"localhost","referrer":"http://localhost:8081/","uid":"5dfc685"}
[2017-03-16 17:51:49] INFO > #200: (/comboprogramadores) - [] - {"url":"/comboprogramadores?_dc=1489683108986&page=1&start=0&limit=25","ip":"::1","http_method":"GET","server":"localhost","referrer":"http://localhost:8081/","uid":"a023907"}
[2017-03-16 17:51:51] INFO > #200: (/sprint/13) - [] - {"url":"/sprint/13","ip":"::1","http_method":"OPTIONS","server":"localhost","referrer":"http://localhost:8081/","uid":"cb6a4d4"}
[2017-03-16 17:51:51] INFO > #200: (/sprint/13) - [] - {"url":"/sprint/13","ip":"::1","http_method":"GET","server":"localhost","referrer":"http://localhost:8081/","uid":"17aa522"}
[2017-03-16 17:51:52] INFO > #200: (//sprint/tarefas/12) - [] - {"url":"//sprint/tarefas/12","ip":"::1","http_method":"OPTIONS","server":"localhost","referrer":"http://localhost:8081/","uid":"295b6f5"}
[2017-03-16 17:51:52] INFO > #200: (//sprint/tarefas/12) - [] - {"url":"//sprint/tarefas/12","ip":"::1","http_method":"GET","server":"localhost","referrer":"http://localhost:8081/","uid":"63fa695"}
[2017-03-16 17:54:02] INFO > #200: (/comboprojeto) - [] - {"url":"/comboprojeto?_dc=1489683242384&page=1&start=0&limit=25","ip":"::1","http_method":"OPTIONS","server":"localhost","referrer":"http://localhost:8081/","uid":"67354e0"}
[2017-03-16 17:54:02] INFO > #200: (/comboprogramadores) - [] - {"url":"/comboprogramadores?_dc=1489683242392&page=1&start=0&limit=25","ip":"::1","http_method":"OPTIONS","server":"localhost","referrer":"http://localhost:8081/","uid":"242a79f"}
[2017-03-16 17:54:02] INFO > #200: (/comboprojeto) - [] - {"url":"/comboprojeto?_dc=1489683242384&page=1&start=0&limit=25","ip":"::1","http_method":"GET","server":"localhost","referrer":"http://localhost:8081/","uid":"992e73e"}
[2017-03-16 17:54:02] INFO > #200: (/comboprogramadores) - [] - {"url":"/comboprogramadores?_dc=1489683242392&page=1&start=0&limit=25","ip":"::1","http_method":"GET","server":"localhost","referrer":"http://localhost:8081/","uid":"4f973d9"}
[2017-03-16 17:54:04] INFO > #200: (/sprint/13) - [] - {"url":"/sprint/13","ip":"::1","http_method":"GET","server":"localhost","referrer":"http://localhost:8081/","uid":"815d9b0"}
[2017-03-16 17:54:05] INFO > #200: (//sprint/tarefas/12) - [] - {"url":"//sprint/tarefas/12","ip":"::1","http_method":"GET","server":"localhost","referrer":"http://localhost:8081/","uid":"b00c000"}
[2017-03-16 17:54:49] INFO > #200: (//sprint/tarefas/12) - [] - {"url":"//sprint/tarefas/12","ip":"::1","http_method":"GET","server":"localhost","referrer":"http://localhost:8081/","uid":"aeb1502"}
[2017-03-16 17:55:23] INFO > #200: (/sprint/12) - [] - {"url":"/sprint/12","ip":"::1","http_method":"OPTIONS","server":"localhost","referrer":"http://localhost:8081/","uid":"cb53fc8"}
[2017-03-16 17:55:24] INFO > #200: (/sprint/12) - [] - {"url":"/sprint/12","ip":"::1","http_method":"PATCH","server":"localhost","referrer":"http://localhost:8081/","uid":"cbfda2d"}
[2017-03-16 17:55:25] INFO > #200: (/sprint/13) - [] - {"url":"/sprint/13","ip":"::1","http_method":"GET","server":"localhost","referrer":"http://localhost:8081/","uid":"07101a7"}
[2017-03-16 17:55:28] INFO > #200: (//sprint/tarefas/12) - [] - {"url":"//sprint/tarefas/12","ip":"::1","http_method":"GET","server":"localhost","referrer":"http://localhost:8081/","uid":"6da3942"}
[2017-03-16 17:56:12] INFO > #200: (/tarefas) - [] - {"url":"/tarefas?_dc=1489683372670&page=1&start=0&limit=25&sort=descricaotarefa&dir=desc","ip":"::1","http_method":"OPTIONS","server":"localhost","referrer":"http://localhost:8081/","uid":"7e2387e"}
[2017-03-16 17:56:12] INFO > #200: (/tarefas) - [] - {"url":"/tarefas?_dc=1489683372670&page=1&start=0&limit=25&sort=descricaotarefa&dir=desc","ip":"::1","http_method":"GET","server":"localhost","referrer":"http://localhost:8081/","uid":"aa8501e"}
[2017-03-16 17:57:19] INFO > #200: (/acompanha/4) - [] - {"url":"/acompanha/4","ip":"::1","http_method":"OPTIONS","server":"localhost","referrer":"http://localhost:8081/","uid":"e6e4d9d"}
[2017-03-16 17:57:19] INFO > #200: (/acompanha/tarefas/4) - [] - {"url":"/acompanha/tarefas/4","ip":"::1","http_method":"OPTIONS","server":"localhost","referrer":"http://localhost:8081/","uid":"7d65435"}
[2017-03-16 17:57:19] INFO > #200: (/acompanha/4) - [] - {"url":"/acompanha/4","ip":"::1","http_method":"GET","server":"localhost","referrer":"http://localhost:8081/","uid":"b4fea4c"}
[2017-03-16 17:57:19] INFO > #200: (/acompanha/tarefas/4) - [] - {"url":"/acompanha/tarefas/4","ip":"::1","http_method":"GET","server":"localhost","referrer":"http://localhost:8081/","uid":"3650e30"}
[2017-03-16 17:57:23] INFO > #200: (/acompanha/25) - [] - {"url":"/acompanha/25","ip":"::1","http_method":"OPTIONS","server":"localhost","referrer":"http://localhost:8081/","uid":"9a0f1d8"}
[2017-03-16 17:57:23] INFO > #200: (/acompanha/tarefas/25) - [] - {"url":"/acompanha/tarefas/25","ip":"::1","http_method":"OPTIONS","server":"localhost","referrer":"http://localhost:8081/","uid":"b26b703"}
[2017-03-16 17:57:23] INFO > #200: (/acompanha/25) - [] - {"url":"/acompanha/25","ip":"::1","http_method":"GET","server":"localhost","referrer":"http://localhost:8081/","uid":"62f7f9c"}
[2017-03-16 17:57:23] INFO > #200: (/acompanha/tarefas/25) - [] - {"url":"/acompanha/tarefas/25","ip":"::1","http_method":"GET","server":"localhost","referrer":"http://localhost:8081/","uid":"3f2f82d"}
[2017-03-16 17:57:25] INFO > #200: (/acompanha/6) - [] - {"url":"/acompanha/6","ip":"::1","http_method":"OPTIONS","server":"localhost","referrer":"http://localhost:8081/","uid":"f099bb0"}
[2017-03-16 17:57:25] INFO > #200: (/acompanha/tarefas/6) - [] - {"url":"/acompanha/tarefas/6","ip":"::1","http_method":"OPTIONS","server":"localhost","referrer":"http://localhost:8081/","uid":"c92b000"}
[2017-03-16 17:57:25] INFO > #200: (/acompanha/6) - [] - {"url":"/acompanha/6","ip":"::1","http_method":"GET","server":"localhost","referrer":"http://localhost:8081/","uid":"b50f33c"}
[2017-03-16 17:57:25] INFO > #200: (/acompanha/tarefas/6) - [] - {"url":"/acompanha/tarefas/6","ip":"::1","http_method":"GET","server":"localhost","referrer":"http://localhost:8081/","uid":"0576e62"}
[2017-03-16 17:57:26] INFO > #200: (/acompanha/5) - [] - {"url":"/acompanha/5","ip":"::1","http_method":"OPTIONS","server":"localhost","referrer":"http://localhost:8081/","uid":"4e0e873"}
[2017-03-16 17:57:26] INFO > #200: (/acompanha/tarefas/5) - [] - {"url":"/acompanha/tarefas/5","ip":"::1","http_method":"OPTIONS","server":"localhost","referrer":"http://localhost:8081/","uid":"a2bc0db"}
[2017-03-16 17:57:26] INFO > #200: (/acompanha/5) - [] - {"url":"/acompanha/5","ip":"::1","http_method":"GET","server":"localhost","referrer":"http://localhost:8081/","uid":"c258788"}
[2017-03-16 17:57:26] INFO > #200: (/acompanha/tarefas/5) - [] - {"url":"/acompanha/tarefas/5","ip":"::1","http_method":"GET","server":"localhost","referrer":"http://localhost:8081/","uid":"ceab772"}
[2017-03-16 17:57:27] INFO > #200: (/acompanha/4) - [] - {"url":"/acompanha/4","ip":"::1","http_method":"GET","server":"localhost","referrer":"http://localhost:8081/","uid":"9329951"}
[2017-03-16 17:57:27] INFO > #200: (/acompanha/tarefas/4) - [] - {"url":"/acompanha/tarefas/4","ip":"::1","http_method":"GET","server":"localhost","referrer":"http://localhost:8081/","uid":"2fc1573"}
[2017-03-16 17:57:28] INFO > #200: (/acompanha/8) - [] - {"url":"/acompanha/8","ip":"::1","http_method":"OPTIONS","server":"localhost","referrer":"http://localhost:8081/","uid":"e4689c7"}
[2017-03-16 17:57:28] INFO > #200: (/acompanha/tarefas/8) - [] - {"url":"/acompanha/tarefas/8","ip":"::1","http_method":"OPTIONS","server":"localhost","referrer":"http://localhost:8081/","uid":"baa84bc"}
[2017-03-16 17:57:28] INFO > #200: (/acompanha/8) - [] - {"url":"/acompanha/8","ip":"::1","http_method":"GET","server":"localhost","referrer":"http://localhost:8081/","uid":"195b722"}
[2017-03-16 17:57:28] INFO > #200: (/acompanha/tarefas/8) - [] - {"url":"/acompanha/tarefas/8","ip":"::1","http_method":"GET","server":"localhost","referrer":"http://localhost:8081/","uid":"c6c2b82"}
[2017-03-16 17:57:31] INFO > #200: (/acompanha/4) - [] - {"url":"/acompanha/4","ip":"::1","http_method":"GET","server":"localhost","referrer":"http://localhost:8081/","uid":"6982409"}
[2017-03-16 17:57:31] INFO > #200: (/acompanha/tarefas/4) - [] - {"url":"/acompanha/tarefas/4","ip":"::1","http_method":"GET","server":"localhost","referrer":"http://localhost:8081/","uid":"bfafaae"}
[2017-03-16 17:57:35] INFO > #200: (/acompanha/5) - [] - {"url":"/acompanha/5","ip":"::1","http_method":"GET","server":"localhost","referrer":"http://localhost:8081/","uid":"cc2f858"}
[2017-03-16 17:57:35] INFO > #200: (/acompanha/tarefas/5) - [] - {"url":"/acompanha/tarefas/5","ip":"::1","http_method":"GET","server":"localhost","referrer":"http://localhost:8081/","uid":"1b667ef"}
[2017-03-16 17:57:36] INFO > #200: (/acompanha/6) - [] - {"url":"/acompanha/6","ip":"::1","http_method":"GET","server":"localhost","referrer":"http://localhost:8081/","uid":"ab4cc87"}
[2017-03-16 17:57:36] INFO > #200: (/acompanha/tarefas/6) - [] - {"url":"/acompanha/tarefas/6","ip":"::1","http_method":"GET","server":"localhost","referrer":"http://localhost:8081/","uid":"ef43947"}
