[2017-01-25 00:47:50] INFO > #200: (/usuarios) - [] - {"url":"/usuarios?_dc=1485301670761&page=1&start=0&limit=25&sort=nomeusuario&dir=desc","ip":"::1","http_method":"OPTIONS","server":"localhost","referrer":"http://localhost:8081/","uid":"bdf2785"}
[2017-01-25 00:47:50] INFO > #200: (/hora) - [] - {"url":"/hora?_dc=1485301670764&page=1&start=0&limit=25","ip":"::1","http_method":"OPTIONS","server":"localhost","referrer":"http://localhost:8081/","uid":"cfe9763"}
[2017-01-25 00:47:50] INFO > #200: (/sistemasinternos) - [] - {"url":"/sistemasinternos?_dc=1485301670765&page=1&start=0&limit=25","ip":"::1","http_method":"OPTIONS","server":"localhost","referrer":"http://localhost:8081/","uid":"8370e19"}
[2017-01-25 00:47:50] INFO > #200: (/sistemasexternos) - [] - {"url":"/sistemasexternos?_dc=1485301670766&page=1&start=0&limit=25","ip":"::1","http_method":"OPTIONS","server":"localhost","referrer":"http://localhost:8081/","uid":"b924823"}
[2017-01-25 00:47:50] INFO > #200: (/sistemas) - [] - {"url":"/sistemas?_dc=1485301670767&page=1&start=0&limit=25","ip":"::1","http_method":"OPTIONS","server":"localhost","referrer":"http://localhost:8081/","uid":"74d47f1"}
[2017-01-25 00:47:50] INFO > #200: (/abrangencia) - [] - {"url":"/abrangencia?_dc=1485301670768&page=1&start=0&limit=25","ip":"::1","http_method":"OPTIONS","server":"localhost","referrer":"http://localhost:8081/","uid":"12fea83"}
[2017-01-25 00:47:50] INFO > #200: (/estabilidade) - [] - {"url":"/estabilidade?_dc=1485301670769&page=1&start=0&limit=25","ip":"::1","http_method":"OPTIONS","server":"localhost","referrer":"http://localhost:8081/","uid":"34b98da"}
[2017-01-25 00:47:50] INFO > #200: (/conhecimento) - [] - {"url":"/conhecimento?_dc=1485301670770&page=1&start=0&limit=25","ip":"::1","http_method":"OPTIONS","server":"localhost","referrer":"http://localhost:8081/","uid":"1bcd9b2"}
[2017-01-25 00:47:50] INFO > #200: (/classificacao) - [] - {"url":"/classificacao?_dc=1485301670770&page=1&start=0&limit=25","ip":"::1","http_method":"OPTIONS","server":"localhost","referrer":"http://localhost:8081/","uid":"caec5b5"}
[2017-01-25 00:47:51] INFO > #200: (/usuarios) - [] - {"url":"/usuarios?_dc=1485301670761&page=1&start=0&limit=25&sort=nomeusuario&dir=desc","ip":"::1","http_method":"GET","server":"localhost","referrer":"http://localhost:8081/","uid":"3b2a0d7"}
[2017-01-25 00:47:51] INFO > #200: (/hora) - [] - {"url":"/hora?_dc=1485301670764&page=1&start=0&limit=25","ip":"::1","http_method":"GET","server":"localhost","referrer":"http://localhost:8081/","uid":"9b0954c"}
[2017-01-25 00:47:51] INFO > #200: (/sistemasinternos) - [] - {"url":"/sistemasinternos?_dc=1485301670765&page=1&start=0&limit=25","ip":"::1","http_method":"GET","server":"localhost","referrer":"http://localhost:8081/","uid":"c56d749"}
[2017-01-25 00:47:51] INFO > #200: (/sistemasexternos) - [] - {"url":"/sistemasexternos?_dc=1485301670766&page=1&start=0&limit=25","ip":"::1","http_method":"GET","server":"localhost","referrer":"http://localhost:8081/","uid":"f489d27"}
[2017-01-25 00:47:51] INFO > #200: (/sistemas) - [] - {"url":"/sistemas?_dc=1485301670767&page=1&start=0&limit=25","ip":"::1","http_method":"GET","server":"localhost","referrer":"http://localhost:8081/","uid":"e47a445"}
[2017-01-25 00:47:51] INFO > #200: (/abrangencia) - [] - {"url":"/abrangencia?_dc=1485301670768&page=1&start=0&limit=25","ip":"::1","http_method":"GET","server":"localhost","referrer":"http://localhost:8081/","uid":"cdc7876"}
[2017-01-25 00:47:51] INFO > #200: (/estabilidade) - [] - {"url":"/estabilidade?_dc=1485301670769&page=1&start=0&limit=25","ip":"::1","http_method":"GET","server":"localhost","referrer":"http://localhost:8081/","uid":"f6a2871"}
[2017-01-25 00:47:51] INFO > #200: (/conhecimento) - [] - {"url":"/conhecimento?_dc=1485301670770&page=1&start=0&limit=25","ip":"::1","http_method":"GET","server":"localhost","referrer":"http://localhost:8081/","uid":"088a5ba"}
[2017-01-25 00:47:51] INFO > #200: (/classificacao) - [] - {"url":"/classificacao?_dc=1485301670770&page=1&start=0&limit=25","ip":"::1","http_method":"GET","server":"localhost","referrer":"http://localhost:8081/","uid":"6b7a39b"}
[2017-01-25 00:49:03] INFO > #200: (/usuarios) - [] - {"url":"/usuarios?_dc=1485301743636&page=1&start=0&limit=25&sort=nomeusuario&dir=desc","ip":"::1","http_method":"OPTIONS","server":"localhost","referrer":"http://localhost:8081/","uid":"3ac9910"}
[2017-01-25 00:49:03] INFO > #200: (/hora) - [] - {"url":"/hora?_dc=1485301743640&page=1&start=0&limit=25","ip":"::1","http_method":"OPTIONS","server":"localhost","referrer":"http://localhost:8081/","uid":"9332134"}
[2017-01-25 00:49:03] INFO > #200: (/sistemasinternos) - [] - {"url":"/sistemasinternos?_dc=1485301743641&page=1&start=0&limit=25","ip":"::1","http_method":"OPTIONS","server":"localhost","referrer":"http://localhost:8081/","uid":"a452735"}
[2017-01-25 00:49:03] INFO > #200: (/sistemasexternos) - [] - {"url":"/sistemasexternos?_dc=1485301743642&page=1&start=0&limit=25","ip":"::1","http_method":"OPTIONS","server":"localhost","referrer":"http://localhost:8081/","uid":"1be9441"}
[2017-01-25 00:49:03] INFO > #200: (/sistemas) - [] - {"url":"/sistemas?_dc=1485301743642&page=1&start=0&limit=25","ip":"::1","http_method":"OPTIONS","server":"localhost","referrer":"http://localhost:8081/","uid":"606eef6"}
[2017-01-25 00:49:03] INFO > #200: (/abrangencia) - [] - {"url":"/abrangencia?_dc=1485301743643&page=1&start=0&limit=25","ip":"::1","http_method":"OPTIONS","server":"localhost","referrer":"http://localhost:8081/","uid":"2e5b980"}
[2017-01-25 00:49:03] INFO > #200: (/estabilidade) - [] - {"url":"/estabilidade?_dc=1485301743644&page=1&start=0&limit=25","ip":"::1","http_method":"OPTIONS","server":"localhost","referrer":"http://localhost:8081/","uid":"8b422fd"}
[2017-01-25 00:49:03] INFO > #200: (/conhecimento) - [] - {"url":"/conhecimento?_dc=1485301743644&page=1&start=0&limit=25","ip":"::1","http_method":"OPTIONS","server":"localhost","referrer":"http://localhost:8081/","uid":"4205d9f"}
[2017-01-25 00:49:03] INFO > #200: (/classificacao) - [] - {"url":"/classificacao?_dc=1485301743645&page=1&start=0&limit=25","ip":"::1","http_method":"OPTIONS","server":"localhost","referrer":"http://localhost:8081/","uid":"9cdccb6"}
[2017-01-25 00:49:03] INFO > #200: (/usuarios) - [] - {"url":"/usuarios?_dc=1485301743636&page=1&start=0&limit=25&sort=nomeusuario&dir=desc","ip":"::1","http_method":"GET","server":"localhost","referrer":"http://localhost:8081/","uid":"7bb0fb6"}
[2017-01-25 00:49:03] INFO > #200: (/hora) - [] - {"url":"/hora?_dc=1485301743640&page=1&start=0&limit=25","ip":"::1","http_method":"GET","server":"localhost","referrer":"http://localhost:8081/","uid":"0dad3c1"}
[2017-01-25 00:49:03] INFO > #200: (/sistemasinternos) - [] - {"url":"/sistemasinternos?_dc=1485301743641&page=1&start=0&limit=25","ip":"::1","http_method":"GET","server":"localhost","referrer":"http://localhost:8081/","uid":"574049b"}
[2017-01-25 00:49:03] INFO > #200: (/sistemasexternos) - [] - {"url":"/sistemasexternos?_dc=1485301743642&page=1&start=0&limit=25","ip":"::1","http_method":"GET","server":"localhost","referrer":"http://localhost:8081/","uid":"6242bc8"}
[2017-01-25 00:49:03] INFO > #200: (/sistemas) - [] - {"url":"/sistemas?_dc=1485301743642&page=1&start=0&limit=25","ip":"::1","http_method":"GET","server":"localhost","referrer":"http://localhost:8081/","uid":"05e3cd8"}
[2017-01-25 00:49:04] INFO > #200: (/abrangencia) - [] - {"url":"/abrangencia?_dc=1485301743643&page=1&start=0&limit=25","ip":"::1","http_method":"GET","server":"localhost","referrer":"http://localhost:8081/","uid":"f574c7d"}
[2017-01-25 00:49:04] INFO > #200: (/estabilidade) - [] - {"url":"/estabilidade?_dc=1485301743644&page=1&start=0&limit=25","ip":"::1","http_method":"GET","server":"localhost","referrer":"http://localhost:8081/","uid":"929eab5"}
[2017-01-25 00:49:04] INFO > #200: (/conhecimento) - [] - {"url":"/conhecimento?_dc=1485301743644&page=1&start=0&limit=25","ip":"::1","http_method":"GET","server":"localhost","referrer":"http://localhost:8081/","uid":"4e6cd55"}
[2017-01-25 00:49:04] INFO > #200: (/classificacao) - [] - {"url":"/classificacao?_dc=1485301743645&page=1&start=0&limit=25","ip":"::1","http_method":"GET","server":"localhost","referrer":"http://localhost:8081/","uid":"5d9622a"}
[2017-01-25 00:54:05] INFO > #200: (/usuarios) - [] - {"url":"/usuarios?_dc=1485302045484&page=1&start=0&limit=25&sort=nomeusuario&dir=desc","ip":"::1","http_method":"OPTIONS","server":"localhost","referrer":"http://localhost:8081/","uid":"d73f72e"}
[2017-01-25 00:54:05] INFO > #200: (/hora) - [] - {"url":"/hora?_dc=1485302045488&page=1&start=0&limit=25","ip":"::1","http_method":"OPTIONS","server":"localhost","referrer":"http://localhost:8081/","uid":"b985eee"}
[2017-01-25 00:54:05] INFO > #200: (/sistemasinternos) - [] - {"url":"/sistemasinternos?_dc=1485302045489&page=1&start=0&limit=25","ip":"::1","http_method":"OPTIONS","server":"localhost","referrer":"http://localhost:8081/","uid":"1543e1e"}
[2017-01-25 00:54:05] INFO > #200: (/sistemasexternos) - [] - {"url":"/sistemasexternos?_dc=1485302045490&page=1&start=0&limit=25","ip":"::1","http_method":"OPTIONS","server":"localhost","referrer":"http://localhost:8081/","uid":"74d32e0"}
[2017-01-25 00:54:05] INFO > #200: (/sistemas) - [] - {"url":"/sistemas?_dc=1485302045490&page=1&start=0&limit=25","ip":"::1","http_method":"OPTIONS","server":"localhost","referrer":"http://localhost:8081/","uid":"ac8183e"}
[2017-01-25 00:54:05] INFO > #200: (/abrangencia) - [] - {"url":"/abrangencia?_dc=1485302045491&page=1&start=0&limit=25","ip":"::1","http_method":"OPTIONS","server":"localhost","referrer":"http://localhost:8081/","uid":"bbd08dc"}
[2017-01-25 00:54:05] INFO > #200: (/estabilidade) - [] - {"url":"/estabilidade?_dc=1485302045492&page=1&start=0&limit=25","ip":"::1","http_method":"OPTIONS","server":"localhost","referrer":"http://localhost:8081/","uid":"6a02d7f"}
[2017-01-25 00:54:05] INFO > #200: (/conhecimento) - [] - {"url":"/conhecimento?_dc=1485302045493&page=1&start=0&limit=25","ip":"::1","http_method":"OPTIONS","server":"localhost","referrer":"http://localhost:8081/","uid":"05fb64e"}
[2017-01-25 00:54:05] INFO > #200: (/classificacao) - [] - {"url":"/classificacao?_dc=1485302045493&page=1&start=0&limit=25","ip":"::1","http_method":"OPTIONS","server":"localhost","referrer":"http://localhost:8081/","uid":"e1ab3af"}
[2017-01-25 00:54:05] INFO > #200: (/usuarios) - [] - {"url":"/usuarios?_dc=1485302045484&page=1&start=0&limit=25&sort=nomeusuario&dir=desc","ip":"::1","http_method":"GET","server":"localhost","referrer":"http://localhost:8081/","uid":"83e7b1e"}
[2017-01-25 00:54:05] INFO > #200: (/hora) - [] - {"url":"/hora?_dc=1485302045488&page=1&start=0&limit=25","ip":"::1","http_method":"GET","server":"localhost","referrer":"http://localhost:8081/","uid":"fb29594"}
[2017-01-25 00:54:05] INFO > #200: (/sistemasinternos) - [] - {"url":"/sistemasinternos?_dc=1485302045489&page=1&start=0&limit=25","ip":"::1","http_method":"GET","server":"localhost","referrer":"http://localhost:8081/","uid":"a95b31f"}
[2017-01-25 00:54:05] INFO > #200: (/sistemasexternos) - [] - {"url":"/sistemasexternos?_dc=1485302045490&page=1&start=0&limit=25","ip":"::1","http_method":"GET","server":"localhost","referrer":"http://localhost:8081/","uid":"6593e67"}
[2017-01-25 00:54:05] INFO > #200: (/sistemas) - [] - {"url":"/sistemas?_dc=1485302045490&page=1&start=0&limit=25","ip":"::1","http_method":"GET","server":"localhost","referrer":"http://localhost:8081/","uid":"e867ea0"}
[2017-01-25 00:54:05] INFO > #200: (/abrangencia) - [] - {"url":"/abrangencia?_dc=1485302045491&page=1&start=0&limit=25","ip":"::1","http_method":"GET","server":"localhost","referrer":"http://localhost:8081/","uid":"b36bf98"}
[2017-01-25 00:54:05] INFO > #200: (/estabilidade) - [] - {"url":"/estabilidade?_dc=1485302045492&page=1&start=0&limit=25","ip":"::1","http_method":"GET","server":"localhost","referrer":"http://localhost:8081/","uid":"1d674ea"}
[2017-01-25 00:54:05] INFO > #200: (/conhecimento) - [] - {"url":"/conhecimento?_dc=1485302045493&page=1&start=0&limit=25","ip":"::1","http_method":"GET","server":"localhost","referrer":"http://localhost:8081/","uid":"4f3315c"}
[2017-01-25 00:54:05] INFO > #200: (/classificacao) - [] - {"url":"/classificacao?_dc=1485302045493&page=1&start=0&limit=25","ip":"::1","http_method":"GET","server":"localhost","referrer":"http://localhost:8081/","uid":"729e886"}
[2017-01-25 01:19:46] INFO > #200: (/usuarios) - [] - {"url":"/usuarios?_dc=1485303586403&page=1&start=0&limit=25&sort=nomeusuario&dir=desc","ip":"::1","http_method":"OPTIONS","server":"localhost","referrer":"http://localhost:8081/","uid":"0d54949"}
[2017-01-25 01:19:46] INFO > #200: (/hora) - [] - {"url":"/hora?_dc=1485303586406&page=1&start=0&limit=25","ip":"::1","http_method":"OPTIONS","server":"localhost","referrer":"http://localhost:8081/","uid":"fd61126"}
[2017-01-25 01:19:46] INFO > #200: (/sistemasinternos) - [] - {"url":"/sistemasinternos?_dc=1485303586407&page=1&start=0&limit=25","ip":"::1","http_method":"OPTIONS","server":"localhost","referrer":"http://localhost:8081/","uid":"aa0be7f"}
[2017-01-25 01:19:46] INFO > #200: (/sistemasexternos) - [] - {"url":"/sistemasexternos?_dc=1485303586408&page=1&start=0&limit=25","ip":"::1","http_method":"OPTIONS","server":"localhost","referrer":"http://localhost:8081/","uid":"8d00709"}
[2017-01-25 01:19:46] INFO > #200: (/sistemas) - [] - {"url":"/sistemas?_dc=1485303586409&page=1&start=0&limit=25","ip":"::1","http_method":"OPTIONS","server":"localhost","referrer":"http://localhost:8081/","uid":"1788ce7"}
[2017-01-25 01:19:46] INFO > #200: (/abrangencia) - [] - {"url":"/abrangencia?_dc=1485303586410&page=1&start=0&limit=25","ip":"::1","http_method":"OPTIONS","server":"localhost","referrer":"http://localhost:8081/","uid":"0b2532c"}
[2017-01-25 01:19:46] INFO > #200: (/estabilidade) - [] - {"url":"/estabilidade?_dc=1485303586410&page=1&start=0&limit=25","ip":"::1","http_method":"OPTIONS","server":"localhost","referrer":"http://localhost:8081/","uid":"c9b9aea"}
[2017-01-25 01:19:46] INFO > #200: (/conhecimento) - [] - {"url":"/conhecimento?_dc=1485303586411&page=1&start=0&limit=25","ip":"::1","http_method":"OPTIONS","server":"localhost","referrer":"http://localhost:8081/","uid":"dc2cb1d"}
[2017-01-25 01:19:46] INFO > #200: (/classificacao) - [] - {"url":"/classificacao?_dc=1485303586412&page=1&start=0&limit=25","ip":"::1","http_method":"OPTIONS","server":"localhost","referrer":"http://localhost:8081/","uid":"27065e9"}
[2017-01-25 01:19:46] INFO > #200: (/nivelrisco) - [] - {"url":"/nivelrisco?_dc=1485303586413&page=1&start=0&limit=25","ip":"::1","http_method":"OPTIONS","server":"localhost","referrer":"http://localhost:8081/","uid":"30e3395"}
[2017-01-25 01:19:46] INFO > #200: (/usuarios) - [] - {"url":"/usuarios?_dc=1485303586403&page=1&start=0&limit=25&sort=nomeusuario&dir=desc","ip":"::1","http_method":"GET","server":"localhost","referrer":"http://localhost:8081/","uid":"471b6ee"}
[2017-01-25 01:19:46] INFO > #200: (/hora) - [] - {"url":"/hora?_dc=1485303586406&page=1&start=0&limit=25","ip":"::1","http_method":"GET","server":"localhost","referrer":"http://localhost:8081/","uid":"3457d4d"}
[2017-01-25 01:19:46] INFO > #200: (/sistemasinternos) - [] - {"url":"/sistemasinternos?_dc=1485303586407&page=1&start=0&limit=25","ip":"::1","http_method":"GET","server":"localhost","referrer":"http://localhost:8081/","uid":"c83fad2"}
[2017-01-25 01:19:46] INFO > #200: (/sistemasexternos) - [] - {"url":"/sistemasexternos?_dc=1485303586408&page=1&start=0&limit=25","ip":"::1","http_method":"GET","server":"localhost","referrer":"http://localhost:8081/","uid":"7b05907"}
[2017-01-25 01:19:46] INFO > #200: (/sistemas) - [] - {"url":"/sistemas?_dc=1485303586409&page=1&start=0&limit=25","ip":"::1","http_method":"GET","server":"localhost","referrer":"http://localhost:8081/","uid":"23947f1"}
[2017-01-25 01:19:46] INFO > #200: (/abrangencia) - [] - {"url":"/abrangencia?_dc=1485303586410&page=1&start=0&limit=25","ip":"::1","http_method":"GET","server":"localhost","referrer":"http://localhost:8081/","uid":"4eb326a"}
[2017-01-25 01:19:46] INFO > #200: (/estabilidade) - [] - {"url":"/estabilidade?_dc=1485303586410&page=1&start=0&limit=25","ip":"::1","http_method":"GET","server":"localhost","referrer":"http://localhost:8081/","uid":"d4f03da"}
[2017-01-25 01:19:46] INFO > #200: (/conhecimento) - [] - {"url":"/conhecimento?_dc=1485303586411&page=1&start=0&limit=25","ip":"::1","http_method":"GET","server":"localhost","referrer":"http://localhost:8081/","uid":"88cf2e9"}
[2017-01-25 01:19:46] INFO > #200: (/classificacao) - [] - {"url":"/classificacao?_dc=1485303586412&page=1&start=0&limit=25","ip":"::1","http_method":"GET","server":"localhost","referrer":"http://localhost:8081/","uid":"52ca17e"}
[2017-01-25 01:19:46] INFO > #200: (/nivelrisco) - [] - {"url":"/nivelrisco?_dc=1485303586413&page=1&start=0&limit=25","ip":"::1","http_method":"GET","server":"localhost","referrer":"http://localhost:8081/","uid":"04a1e2f"}
[2017-01-25 01:20:17] INFO > #200: (/usuarios) - [] - {"url":"/usuarios?_dc=1485303617515&page=1&start=0&limit=25&sort=nomeusuario&dir=desc","ip":"::1","http_method":"OPTIONS","server":"localhost","referrer":"http://localhost:8081/","uid":"b47544c"}
[2017-01-25 01:20:17] INFO > #200: (/hora) - [] - {"url":"/hora?_dc=1485303617518&page=1&start=0&limit=25","ip":"::1","http_method":"OPTIONS","server":"localhost","referrer":"http://localhost:8081/","uid":"80d4f2d"}
[2017-01-25 01:20:17] INFO > #200: (/sistemasinternos) - [] - {"url":"/sistemasinternos?_dc=1485303617519&page=1&start=0&limit=25","ip":"::1","http_method":"OPTIONS","server":"localhost","referrer":"http://localhost:8081/","uid":"c0c5099"}
[2017-01-25 01:20:17] INFO > #200: (/sistemasexternos) - [] - {"url":"/sistemasexternos?_dc=1485303617519&page=1&start=0&limit=25","ip":"::1","http_method":"OPTIONS","server":"localhost","referrer":"http://localhost:8081/","uid":"103e15a"}
[2017-01-25 01:20:17] INFO > #200: (/sistemas) - [] - {"url":"/sistemas?_dc=1485303617520&page=1&start=0&limit=25","ip":"::1","http_method":"OPTIONS","server":"localhost","referrer":"http://localhost:8081/","uid":"b76a80c"}
[2017-01-25 01:20:17] INFO > #200: (/abrangencia) - [] - {"url":"/abrangencia?_dc=1485303617521&page=1&start=0&limit=25","ip":"::1","http_method":"OPTIONS","server":"localhost","referrer":"http://localhost:8081/","uid":"7f7ed4b"}
[2017-01-25 01:20:17] INFO > #200: (/estabilidade) - [] - {"url":"/estabilidade?_dc=1485303617521&page=1&start=0&limit=25","ip":"::1","http_method":"OPTIONS","server":"localhost","referrer":"http://localhost:8081/","uid":"1f46a64"}
[2017-01-25 01:20:17] INFO > #200: (/conhecimento) - [] - {"url":"/conhecimento?_dc=1485303617522&page=1&start=0&limit=25","ip":"::1","http_method":"OPTIONS","server":"localhost","referrer":"http://localhost:8081/","uid":"33eeebb"}
[2017-01-25 01:20:17] INFO > #200: (/classificacao) - [] - {"url":"/classificacao?_dc=1485303617523&page=1&start=0&limit=25","ip":"::1","http_method":"OPTIONS","server":"localhost","referrer":"http://localhost:8081/","uid":"bfd72ce"}
[2017-01-25 01:20:17] INFO > #200: (/nivelrisco) - [] - {"url":"/nivelrisco?_dc=1485303617524&page=1&start=0&limit=25","ip":"::1","http_method":"OPTIONS","server":"localhost","referrer":"http://localhost:8081/","uid":"53ebbc2"}
[2017-01-25 01:20:17] INFO > #200: (/usuarios) - [] - {"url":"/usuarios?_dc=1485303617515&page=1&start=0&limit=25&sort=nomeusuario&dir=desc","ip":"::1","http_method":"GET","server":"localhost","referrer":"http://localhost:8081/","uid":"df1837d"}
[2017-01-25 01:20:17] INFO > #200: (/hora) - [] - {"url":"/hora?_dc=1485303617518&page=1&start=0&limit=25","ip":"::1","http_method":"GET","server":"localhost","referrer":"http://localhost:8081/","uid":"b412ca1"}
[2017-01-25 01:20:17] INFO > #200: (/sistemasinternos) - [] - {"url":"/sistemasinternos?_dc=1485303617519&page=1&start=0&limit=25","ip":"::1","http_method":"GET","server":"localhost","referrer":"http://localhost:8081/","uid":"72093a9"}
[2017-01-25 01:20:17] INFO > #200: (/sistemasexternos) - [] - {"url":"/sistemasexternos?_dc=1485303617519&page=1&start=0&limit=25","ip":"::1","http_method":"GET","server":"localhost","referrer":"http://localhost:8081/","uid":"d125cc1"}
[2017-01-25 01:20:17] INFO > #200: (/sistemas) - [] - {"url":"/sistemas?_dc=1485303617520&page=1&start=0&limit=25","ip":"::1","http_method":"GET","server":"localhost","referrer":"http://localhost:8081/","uid":"0250a2b"}
[2017-01-25 01:20:17] INFO > #200: (/abrangencia) - [] - {"url":"/abrangencia?_dc=1485303617521&page=1&start=0&limit=25","ip":"::1","http_method":"GET","server":"localhost","referrer":"http://localhost:8081/","uid":"80c056b"}
[2017-01-25 01:20:17] INFO > #200: (/estabilidade) - [] - {"url":"/estabilidade?_dc=1485303617521&page=1&start=0&limit=25","ip":"::1","http_method":"GET","server":"localhost","referrer":"http://localhost:8081/","uid":"4958a29"}
[2017-01-25 01:20:17] INFO > #200: (/conhecimento) - [] - {"url":"/conhecimento?_dc=1485303617522&page=1&start=0&limit=25","ip":"::1","http_method":"GET","server":"localhost","referrer":"http://localhost:8081/","uid":"da2a07c"}
[2017-01-25 01:20:17] INFO > #200: (/classificacao) - [] - {"url":"/classificacao?_dc=1485303617523&page=1&start=0&limit=25","ip":"::1","http_method":"GET","server":"localhost","referrer":"http://localhost:8081/","uid":"18d11cb"}
[2017-01-25 01:20:18] INFO > #200: (/nivelrisco) - [] - {"url":"/nivelrisco?_dc=1485303617524&page=1&start=0&limit=25","ip":"::1","http_method":"GET","server":"localhost","referrer":"http://localhost:8081/","uid":"9c6168b"}
[2017-01-25 01:20:59] INFO > #200: (/usuarios) - [] - {"url":"/usuarios?_dc=1485303659571&page=1&start=0&limit=25&sort=nomeusuario&dir=desc","ip":"::1","http_method":"OPTIONS","server":"localhost","referrer":"http://localhost:8081/","uid":"052cc57"}
[2017-01-25 01:20:59] INFO > #200: (/hora) - [] - {"url":"/hora?_dc=1485303659574&page=1&start=0&limit=25","ip":"::1","http_method":"OPTIONS","server":"localhost","referrer":"http://localhost:8081/","uid":"c44bb44"}
[2017-01-25 01:20:59] INFO > #200: (/sistemasinternos) - [] - {"url":"/sistemasinternos?_dc=1485303659575&page=1&start=0&limit=25","ip":"::1","http_method":"OPTIONS","server":"localhost","referrer":"http://localhost:8081/","uid":"88a000c"}
[2017-01-25 01:20:59] INFO > #200: (/sistemasexternos) - [] - {"url":"/sistemasexternos?_dc=1485303659576&page=1&start=0&limit=25","ip":"::1","http_method":"OPTIONS","server":"localhost","referrer":"http://localhost:8081/","uid":"e348566"}
[2017-01-25 01:20:59] INFO > #200: (/sistemas) - [] - {"url":"/sistemas?_dc=1485303659577&page=1&start=0&limit=25","ip":"::1","http_method":"OPTIONS","server":"localhost","referrer":"http://localhost:8081/","uid":"4d97c44"}
[2017-01-25 01:20:59] INFO > #200: (/abrangencia) - [] - {"url":"/abrangencia?_dc=1485303659577&page=1&start=0&limit=25","ip":"::1","http_method":"OPTIONS","server":"localhost","referrer":"http://localhost:8081/","uid":"8e5a4c4"}
[2017-01-25 01:20:59] INFO > #200: (/estabilidade) - [] - {"url":"/estabilidade?_dc=1485303659578&page=1&start=0&limit=25","ip":"::1","http_method":"OPTIONS","server":"localhost","referrer":"http://localhost:8081/","uid":"73f2212"}
[2017-01-25 01:20:59] INFO > #200: (/conhecimento) - [] - {"url":"/conhecimento?_dc=1485303659579&page=1&start=0&limit=25","ip":"::1","http_method":"OPTIONS","server":"localhost","referrer":"http://localhost:8081/","uid":"06c1634"}
[2017-01-25 01:20:59] INFO > #200: (/classificacao) - [] - {"url":"/classificacao?_dc=1485303659580&page=1&start=0&limit=25","ip":"::1","http_method":"OPTIONS","server":"localhost","referrer":"http://localhost:8081/","uid":"cbe838f"}
[2017-01-25 01:20:59] INFO > #200: (/nivelrisco) - [] - {"url":"/nivelrisco?_dc=1485303659580&page=1&start=0&limit=25","ip":"::1","http_method":"OPTIONS","server":"localhost","referrer":"http://localhost:8081/","uid":"548159f"}
[2017-01-25 01:20:59] INFO > #200: (/usuarios) - [] - {"url":"/usuarios?_dc=1485303659571&page=1&start=0&limit=25&sort=nomeusuario&dir=desc","ip":"::1","http_method":"GET","server":"localhost","referrer":"http://localhost:8081/","uid":"b5c076c"}
[2017-01-25 01:20:59] INFO > #200: (/hora) - [] - {"url":"/hora?_dc=1485303659574&page=1&start=0&limit=25","ip":"::1","http_method":"GET","server":"localhost","referrer":"http://localhost:8081/","uid":"116772b"}
[2017-01-25 01:20:59] INFO > #200: (/sistemasinternos) - [] - {"url":"/sistemasinternos?_dc=1485303659575&page=1&start=0&limit=25","ip":"::1","http_method":"GET","server":"localhost","referrer":"http://localhost:8081/","uid":"00b3d66"}
[2017-01-25 01:20:59] INFO > #200: (/sistemasexternos) - [] - {"url":"/sistemasexternos?_dc=1485303659576&page=1&start=0&limit=25","ip":"::1","http_method":"GET","server":"localhost","referrer":"http://localhost:8081/","uid":"7503b4d"}
[2017-01-25 01:20:59] INFO > #200: (/sistemas) - [] - {"url":"/sistemas?_dc=1485303659577&page=1&start=0&limit=25","ip":"::1","http_method":"GET","server":"localhost","referrer":"http://localhost:8081/","uid":"1732d62"}
[2017-01-25 01:20:59] INFO > #200: (/abrangencia) - [] - {"url":"/abrangencia?_dc=1485303659577&page=1&start=0&limit=25","ip":"::1","http_method":"GET","server":"localhost","referrer":"http://localhost:8081/","uid":"9c89909"}
[2017-01-25 01:20:59] INFO > #200: (/estabilidade) - [] - {"url":"/estabilidade?_dc=1485303659578&page=1&start=0&limit=25","ip":"::1","http_method":"GET","server":"localhost","referrer":"http://localhost:8081/","uid":"83217a0"}
[2017-01-25 01:21:00] INFO > #200: (/conhecimento) - [] - {"url":"/conhecimento?_dc=1485303659579&page=1&start=0&limit=25","ip":"::1","http_method":"GET","server":"localhost","referrer":"http://localhost:8081/","uid":"e429a5d"}
[2017-01-25 01:21:00] INFO > #200: (/classificacao) - [] - {"url":"/classificacao?_dc=1485303659580&page=1&start=0&limit=25","ip":"::1","http_method":"GET","server":"localhost","referrer":"http://localhost:8081/","uid":"4e65ab3"}
[2017-01-25 01:21:00] INFO > #200: (/nivelrisco) - [] - {"url":"/nivelrisco?_dc=1485303659580&page=1&start=0&limit=25","ip":"::1","http_method":"GET","server":"localhost","referrer":"http://localhost:8081/","uid":"45bac69"}
[2017-01-25 01:22:06] INFO > #200: (/usuarios) - [] - {"url":"/usuarios?_dc=1485303726699&page=1&start=0&limit=25&sort=nomeusuario&dir=desc","ip":"::1","http_method":"OPTIONS","server":"localhost","referrer":"http://localhost:8081/","uid":"ae8232e"}
[2017-01-25 01:22:06] INFO > #200: (/hora) - [] - {"url":"/hora?_dc=1485303726702&page=1&start=0&limit=25","ip":"::1","http_method":"OPTIONS","server":"localhost","referrer":"http://localhost:8081/","uid":"ef48b31"}
[2017-01-25 01:22:06] INFO > #200: (/sistemasinternos) - [] - {"url":"/sistemasinternos?_dc=1485303726703&page=1&start=0&limit=25","ip":"::1","http_method":"OPTIONS","server":"localhost","referrer":"http://localhost:8081/","uid":"f03bf12"}
[2017-01-25 01:22:06] INFO > #200: (/sistemasexternos) - [] - {"url":"/sistemasexternos?_dc=1485303726704&page=1&start=0&limit=25","ip":"::1","http_method":"OPTIONS","server":"localhost","referrer":"http://localhost:8081/","uid":"b8f77e2"}
[2017-01-25 01:22:06] INFO > #200: (/sistemas) - [] - {"url":"/sistemas?_dc=1485303726705&page=1&start=0&limit=25","ip":"::1","http_method":"OPTIONS","server":"localhost","referrer":"http://localhost:8081/","uid":"09d0007"}
[2017-01-25 01:22:06] INFO > #200: (/abrangencia) - [] - {"url":"/abrangencia?_dc=1485303726705&page=1&start=0&limit=25","ip":"::1","http_method":"OPTIONS","server":"localhost","referrer":"http://localhost:8081/","uid":"c2a15b9"}
[2017-01-25 01:22:06] INFO > #200: (/estabilidade) - [] - {"url":"/estabilidade?_dc=1485303726706&page=1&start=0&limit=25","ip":"::1","http_method":"OPTIONS","server":"localhost","referrer":"http://localhost:8081/","uid":"437c7ac"}
[2017-01-25 01:22:06] INFO > #200: (/conhecimento) - [] - {"url":"/conhecimento?_dc=1485303726707&page=1&start=0&limit=25","ip":"::1","http_method":"OPTIONS","server":"localhost","referrer":"http://localhost:8081/","uid":"3273699"}
[2017-01-25 01:22:06] INFO > #200: (/classificacao) - [] - {"url":"/classificacao?_dc=1485303726707&page=1&start=0&limit=25","ip":"::1","http_method":"OPTIONS","server":"localhost","referrer":"http://localhost:8081/","uid":"f420378"}
[2017-01-25 01:22:06] INFO > #200: (/usuarios) - [] - {"url":"/usuarios?_dc=1485303726699&page=1&start=0&limit=25&sort=nomeusuario&dir=desc","ip":"::1","http_method":"GET","server":"localhost","referrer":"http://localhost:8081/","uid":"6b855e8"}
[2017-01-25 01:22:06] INFO > #200: (/hora) - [] - {"url":"/hora?_dc=1485303726702&page=1&start=0&limit=25","ip":"::1","http_method":"GET","server":"localhost","referrer":"http://localhost:8081/","uid":"b49c137"}
[2017-01-25 01:22:06] INFO > #200: (/sistemasinternos) - [] - {"url":"/sistemasinternos?_dc=1485303726703&page=1&start=0&limit=25","ip":"::1","http_method":"GET","server":"localhost","referrer":"http://localhost:8081/","uid":"e772a3b"}
[2017-01-25 01:22:06] INFO > #200: (/sistemasexternos) - [] - {"url":"/sistemasexternos?_dc=1485303726704&page=1&start=0&limit=25","ip":"::1","http_method":"GET","server":"localhost","referrer":"http://localhost:8081/","uid":"12bcde6"}
[2017-01-25 01:22:07] INFO > #200: (/sistemas) - [] - {"url":"/sistemas?_dc=1485303726705&page=1&start=0&limit=25","ip":"::1","http_method":"GET","server":"localhost","referrer":"http://localhost:8081/","uid":"0182ce1"}
[2017-01-25 01:22:07] INFO > #200: (/abrangencia) - [] - {"url":"/abrangencia?_dc=1485303726705&page=1&start=0&limit=25","ip":"::1","http_method":"GET","server":"localhost","referrer":"http://localhost:8081/","uid":"4a34320"}
[2017-01-25 01:22:07] INFO > #200: (/estabilidade) - [] - {"url":"/estabilidade?_dc=1485303726706&page=1&start=0&limit=25","ip":"::1","http_method":"GET","server":"localhost","referrer":"http://localhost:8081/","uid":"6dd6631"}
[2017-01-25 01:22:07] INFO > #200: (/conhecimento) - [] - {"url":"/conhecimento?_dc=1485303726707&page=1&start=0&limit=25","ip":"::1","http_method":"GET","server":"localhost","referrer":"http://localhost:8081/","uid":"f4c0d71"}
[2017-01-25 01:22:07] INFO > #200: (/classificacao) - [] - {"url":"/classificacao?_dc=1485303726707&page=1&start=0&limit=25","ip":"::1","http_method":"GET","server":"localhost","referrer":"http://localhost:8081/","uid":"8fbea84"}
[2017-01-25 01:22:07] INFO > #200: (/usuarios) - [] - {"url":"/usuarios?_dc=1485303727801&page=1&start=0&limit=25&sort=nomeusuario&dir=desc","ip":"::1","http_method":"OPTIONS","server":"localhost","referrer":"http://localhost:8081/","uid":"036c9b7"}
[2017-01-25 01:22:07] INFO > #200: (/usuarios) - [] - {"url":"/usuarios?_dc=1485303727801&page=1&start=0&limit=25&sort=nomeusuario&dir=desc","ip":"::1","http_method":"GET","server":"localhost","referrer":"http://localhost:8081/","uid":"0dccf7a"}
[2017-01-25 01:22:08] INFO > #200: (/usuarios) - [] - {"url":"/usuarios?_dc=1485303728723&page=1&start=0&limit=25&sort=nomeusuario&dir=desc","ip":"::1","http_method":"OPTIONS","server":"localhost","referrer":"http://localhost:8081/","uid":"5bfb5a8"}
[2017-01-25 01:22:08] INFO > #200: (/usuarios) - [] - {"url":"/usuarios?_dc=1485303728723&page=1&start=0&limit=25&sort=nomeusuario&dir=desc","ip":"::1","http_method":"GET","server":"localhost","referrer":"http://localhost:8081/","uid":"e76118b"}
[2017-01-25 01:22:15] INFO > #200: (/usuarios) - [] - {"url":"/usuarios?_dc=1485303735601&page=1&start=0&limit=25&sort=nomeusuario&dir=desc","ip":"::1","http_method":"OPTIONS","server":"localhost","referrer":"http://localhost:8081/","uid":"b69e68a"}
[2017-01-25 01:22:15] INFO > #200: (/hora) - [] - {"url":"/hora?_dc=1485303735605&page=1&start=0&limit=25","ip":"::1","http_method":"OPTIONS","server":"localhost","referrer":"http://localhost:8081/","uid":"4fb902a"}
[2017-01-25 01:22:15] INFO > #200: (/sistemasinternos) - [] - {"url":"/sistemasinternos?_dc=1485303735607&page=1&start=0&limit=25","ip":"::1","http_method":"OPTIONS","server":"localhost","referrer":"http://localhost:8081/","uid":"23e08bb"}
[2017-01-25 01:22:15] INFO > #200: (/sistemasexternos) - [] - {"url":"/sistemasexternos?_dc=1485303735609&page=1&start=0&limit=25","ip":"::1","http_method":"OPTIONS","server":"localhost","referrer":"http://localhost:8081/","uid":"ddffeb5"}
[2017-01-25 01:22:15] INFO > #200: (/sistemas) - [] - {"url":"/sistemas?_dc=1485303735610&page=1&start=0&limit=25","ip":"::1","http_method":"OPTIONS","server":"localhost","referrer":"http://localhost:8081/","uid":"54e3317"}
[2017-01-25 01:22:15] INFO > #200: (/abrangencia) - [] - {"url":"/abrangencia?_dc=1485303735611&page=1&start=0&limit=25","ip":"::1","http_method":"OPTIONS","server":"localhost","referrer":"http://localhost:8081/","uid":"41c63f7"}
[2017-01-25 01:22:15] INFO > #200: (/estabilidade) - [] - {"url":"/estabilidade?_dc=1485303735612&page=1&start=0&limit=25","ip":"::1","http_method":"OPTIONS","server":"localhost","referrer":"http://localhost:8081/","uid":"2e8ee2a"}
[2017-01-25 01:22:15] INFO > #200: (/conhecimento) - [] - {"url":"/conhecimento?_dc=1485303735613&page=1&start=0&limit=25","ip":"::1","http_method":"OPTIONS","server":"localhost","referrer":"http://localhost:8081/","uid":"1ca762b"}
[2017-01-25 01:22:15] INFO > #200: (/classificacao) - [] - {"url":"/classificacao?_dc=1485303735614&page=1&start=0&limit=25","ip":"::1","http_method":"OPTIONS","server":"localhost","referrer":"http://localhost:8081/","uid":"50a5202"}
[2017-01-25 01:22:15] INFO > #200: (/usuarios) - [] - {"url":"/usuarios?_dc=1485303735601&page=1&start=0&limit=25&sort=nomeusuario&dir=desc","ip":"::1","http_method":"GET","server":"localhost","referrer":"http://localhost:8081/","uid":"6583ba3"}
[2017-01-25 01:22:15] INFO > #200: (/hora) - [] - {"url":"/hora?_dc=1485303735605&page=1&start=0&limit=25","ip":"::1","http_method":"GET","server":"localhost","referrer":"http://localhost:8081/","uid":"3be94b3"}
[2017-01-25 01:22:15] INFO > #200: (/sistemasinternos) - [] - {"url":"/sistemasinternos?_dc=1485303735607&page=1&start=0&limit=25","ip":"::1","http_method":"GET","server":"localhost","referrer":"http://localhost:8081/","uid":"9b96cfa"}
[2017-01-25 01:22:15] INFO > #200: (/sistemasexternos) - [] - {"url":"/sistemasexternos?_dc=1485303735609&page=1&start=0&limit=25","ip":"::1","http_method":"GET","server":"localhost","referrer":"http://localhost:8081/","uid":"9383b46"}
[2017-01-25 01:22:15] INFO > #200: (/sistemas) - [] - {"url":"/sistemas?_dc=1485303735610&page=1&start=0&limit=25","ip":"::1","http_method":"GET","server":"localhost","referrer":"http://localhost:8081/","uid":"9fbfb8c"}
[2017-01-25 01:22:15] INFO > #200: (/abrangencia) - [] - {"url":"/abrangencia?_dc=1485303735611&page=1&start=0&limit=25","ip":"::1","http_method":"GET","server":"localhost","referrer":"http://localhost:8081/","uid":"81810f7"}
[2017-01-25 01:22:15] INFO > #200: (/estabilidade) - [] - {"url":"/estabilidade?_dc=1485303735612&page=1&start=0&limit=25","ip":"::1","http_method":"GET","server":"localhost","referrer":"http://localhost:8081/","uid":"697aeb8"}
[2017-01-25 01:22:16] INFO > #200: (/conhecimento) - [] - {"url":"/conhecimento?_dc=1485303735613&page=1&start=0&limit=25","ip":"::1","http_method":"GET","server":"localhost","referrer":"http://localhost:8081/","uid":"23f06b2"}
[2017-01-25 01:22:16] INFO > #200: (/classificacao) - [] - {"url":"/classificacao?_dc=1485303735614&page=1&start=0&limit=25","ip":"::1","http_method":"GET","server":"localhost","referrer":"http://localhost:8081/","uid":"1d074f5"}
[2017-01-25 01:23:58] INFO > #200: (/usuarios) - [] - {"url":"/usuarios?_dc=1485303838232&page=1&start=0&limit=25&sort=nomeusuario&dir=desc","ip":"::1","http_method":"OPTIONS","server":"localhost","referrer":"http://localhost:8081/","uid":"52e1288"}
[2017-01-25 01:23:58] INFO > #200: (/hora) - [] - {"url":"/hora?_dc=1485303838236&page=1&start=0&limit=25","ip":"::1","http_method":"OPTIONS","server":"localhost","referrer":"http://localhost:8081/","uid":"0c8fbbf"}
[2017-01-25 01:23:58] INFO > #200: (/sistemasinternos) - [] - {"url":"/sistemasinternos?_dc=1485303838237&page=1&start=0&limit=25","ip":"::1","http_method":"OPTIONS","server":"localhost","referrer":"http://localhost:8081/","uid":"fcc6724"}
[2017-01-25 01:23:58] INFO > #200: (/sistemasexternos) - [] - {"url":"/sistemasexternos?_dc=1485303838238&page=1&start=0&limit=25","ip":"::1","http_method":"OPTIONS","server":"localhost","referrer":"http://localhost:8081/","uid":"54ff7a6"}
[2017-01-25 01:23:58] INFO > #200: (/sistemas) - [] - {"url":"/sistemas?_dc=1485303838239&page=1&start=0&limit=25","ip":"::1","http_method":"OPTIONS","server":"localhost","referrer":"http://localhost:8081/","uid":"d9ac643"}
[2017-01-25 01:23:58] INFO > #200: (/abrangencia) - [] - {"url":"/abrangencia?_dc=1485303838240&page=1&start=0&limit=25","ip":"::1","http_method":"OPTIONS","server":"localhost","referrer":"http://localhost:8081/","uid":"17b1aba"}
[2017-01-25 01:23:58] INFO > #200: (/estabilidade) - [] - {"url":"/estabilidade?_dc=1485303838241&page=1&start=0&limit=25","ip":"::1","http_method":"OPTIONS","server":"localhost","referrer":"http://localhost:8081/","uid":"0f9cdac"}
[2017-01-25 01:23:58] INFO > #200: (/conhecimento) - [] - {"url":"/conhecimento?_dc=1485303838242&page=1&start=0&limit=25","ip":"::1","http_method":"OPTIONS","server":"localhost","referrer":"http://localhost:8081/","uid":"73e4331"}
[2017-01-25 01:23:58] INFO > #200: (/classificacao) - [] - {"url":"/classificacao?_dc=1485303838243&page=1&start=0&limit=25","ip":"::1","http_method":"OPTIONS","server":"localhost","referrer":"http://localhost:8081/","uid":"201bd8b"}
[2017-01-25 01:23:58] INFO > #200: (/nivelrisco) - [] - {"url":"/nivelrisco?_dc=1485303838244&page=1&start=0&limit=25","ip":"::1","http_method":"OPTIONS","server":"localhost","referrer":"http://localhost:8081/","uid":"a48b5ea"}
[2017-01-25 01:23:58] INFO > #200: (/usuarios) - [] - {"url":"/usuarios?_dc=1485303838232&page=1&start=0&limit=25&sort=nomeusuario&dir=desc","ip":"::1","http_method":"GET","server":"localhost","referrer":"http://localhost:8081/","uid":"543362c"}
[2017-01-25 01:23:58] INFO > #200: (/hora) - [] - {"url":"/hora?_dc=1485303838236&page=1&start=0&limit=25","ip":"::1","http_method":"GET","server":"localhost","referrer":"http://localhost:8081/","uid":"0b2b27b"}
[2017-01-25 01:23:58] INFO > #200: (/sistemasinternos) - [] - {"url":"/sistemasinternos?_dc=1485303838237&page=1&start=0&limit=25","ip":"::1","http_method":"GET","server":"localhost","referrer":"http://localhost:8081/","uid":"f5b71d8"}
[2017-01-25 01:23:58] INFO > #200: (/sistemasexternos) - [] - {"url":"/sistemasexternos?_dc=1485303838238&page=1&start=0&limit=25","ip":"::1","http_method":"GET","server":"localhost","referrer":"http://localhost:8081/","uid":"281b6db"}
[2017-01-25 01:23:58] INFO > #200: (/sistemas) - [] - {"url":"/sistemas?_dc=1485303838239&page=1&start=0&limit=25","ip":"::1","http_method":"GET","server":"localhost","referrer":"http://localhost:8081/","uid":"12bf763"}
[2017-01-25 01:23:58] INFO > #200: (/abrangencia) - [] - {"url":"/abrangencia?_dc=1485303838240&page=1&start=0&limit=25","ip":"::1","http_method":"GET","server":"localhost","referrer":"http://localhost:8081/","uid":"355f502"}
[2017-01-25 01:23:58] INFO > #200: (/estabilidade) - [] - {"url":"/estabilidade?_dc=1485303838241&page=1&start=0&limit=25","ip":"::1","http_method":"GET","server":"localhost","referrer":"http://localhost:8081/","uid":"cf1a0fb"}
[2017-01-25 01:23:58] INFO > #200: (/conhecimento) - [] - {"url":"/conhecimento?_dc=1485303838242&page=1&start=0&limit=25","ip":"::1","http_method":"GET","server":"localhost","referrer":"http://localhost:8081/","uid":"328dd76"}
[2017-01-25 01:23:58] INFO > #200: (/classificacao) - [] - {"url":"/classificacao?_dc=1485303838243&page=1&start=0&limit=25","ip":"::1","http_method":"GET","server":"localhost","referrer":"http://localhost:8081/","uid":"534d8bd"}
[2017-01-25 01:23:58] INFO > #200: (/nivelrisco) - [] - {"url":"/nivelrisco?_dc=1485303838244&page=1&start=0&limit=25","ip":"::1","http_method":"GET","server":"localhost","referrer":"http://localhost:8081/","uid":"7421f7a"}
