[2017-02-24 02:17:07] INFO > #200: (/comboprojeto) - [] - {"url":"/comboprojeto?_dc=1487899027076&page=1&start=0&limit=25","ip":"::1","http_method":"OPTIONS","server":"localhost","referrer":"http://localhost:8081/","uid":"19987e9"}
[2017-02-24 02:17:07] INFO > #200: (/projetos) - [] - {"url":"/projetos?_dc=1487899027079&page=1&start=0&limit=25&sort=nomeusuario&dir=desc","ip":"::1","http_method":"OPTIONS","server":"localhost","referrer":"http://localhost:8081/","uid":"320710d"}
[2017-02-24 02:17:07] INFO > #200: (/comboprogramadores) - [] - {"url":"/comboprogramadores?_dc=1487899027080&page=1&start=0&limit=25","ip":"::1","http_method":"OPTIONS","server":"localhost","referrer":"http://localhost:8081/","uid":"94cf14a"}
[2017-02-24 02:17:07] INFO > #200: (/comboprojeto) - [] - {"url":"/comboprojeto?_dc=1487899027076&page=1&start=0&limit=25","ip":"::1","http_method":"GET","server":"localhost","referrer":"http://localhost:8081/","uid":"202c271"}
[2017-02-24 02:17:07] INFO > #200: (/projetos) - [] - {"url":"/projetos?_dc=1487899027079&page=1&start=0&limit=25&sort=nomeusuario&dir=desc","ip":"::1","http_method":"GET","server":"localhost","referrer":"http://localhost:8081/","uid":"c0b6d22"}
[2017-02-24 02:17:07] INFO > #200: (/comboprogramadores) - [] - {"url":"/comboprogramadores?_dc=1487899027080&page=1&start=0&limit=25","ip":"::1","http_method":"GET","server":"localhost","referrer":"http://localhost:8081/","uid":"b421c6f"}
[2017-02-24 02:25:20] INFO > #200: (/comboprojeto) - [] - {"url":"/comboprojeto?_dc=1487899519984&page=1&start=0&limit=25","ip":"::1","http_method":"OPTIONS","server":"localhost","referrer":"http://localhost:8081/","uid":"bd2ac97"}
[2017-02-24 02:25:20] INFO > #200: (/projetos) - [] - {"url":"/projetos?_dc=1487899519986&page=1&start=0&limit=25&sort=nomeusuario&dir=desc","ip":"::1","http_method":"OPTIONS","server":"localhost","referrer":"http://localhost:8081/","uid":"803a2e0"}
[2017-02-24 02:25:20] INFO > #200: (/comboprogramadores) - [] - {"url":"/comboprogramadores?_dc=1487899519987&page=1&start=0&limit=25","ip":"::1","http_method":"OPTIONS","server":"localhost","referrer":"http://localhost:8081/","uid":"89b0ecf"}
[2017-02-24 02:25:20] INFO > #200: (/comboprojeto) - [] - {"url":"/comboprojeto?_dc=1487899519984&page=1&start=0&limit=25","ip":"::1","http_method":"GET","server":"localhost","referrer":"http://localhost:8081/","uid":"1de0025"}
[2017-02-24 02:25:20] INFO > #200: (/projetos) - [] - {"url":"/projetos?_dc=1487899519986&page=1&start=0&limit=25&sort=nomeusuario&dir=desc","ip":"::1","http_method":"GET","server":"localhost","referrer":"http://localhost:8081/","uid":"897e908"}
[2017-02-24 02:25:20] INFO > #200: (/comboprogramadores) - [] - {"url":"/comboprogramadores?_dc=1487899519987&page=1&start=0&limit=25","ip":"::1","http_method":"GET","server":"localhost","referrer":"http://localhost:8081/","uid":"52958cd"}
[2017-02-24 02:25:51] INFO > #200: (/comboprojeto) - [] - {"url":"/comboprojeto?_dc=1487899551844&page=1&start=0&limit=25","ip":"::1","http_method":"OPTIONS","server":"localhost","referrer":"http://localhost:8081/","uid":"0268e7e"}
[2017-02-24 02:25:51] INFO > #200: (/projetos) - [] - {"url":"/projetos?_dc=1487899551847&page=1&start=0&limit=25&sort=nomeusuario&dir=desc","ip":"::1","http_method":"OPTIONS","server":"localhost","referrer":"http://localhost:8081/","uid":"88865b2"}
[2017-02-24 02:25:51] INFO > #200: (/comboprogramadores) - [] - {"url":"/comboprogramadores?_dc=1487899551847&page=1&start=0&limit=25","ip":"::1","http_method":"OPTIONS","server":"localhost","referrer":"http://localhost:8081/","uid":"5aaeada"}
[2017-02-24 02:25:51] INFO > #200: (/comboprojeto) - [] - {"url":"/comboprojeto?_dc=1487899551844&page=1&start=0&limit=25","ip":"::1","http_method":"GET","server":"localhost","referrer":"http://localhost:8081/","uid":"0936244"}
[2017-02-24 02:25:51] INFO > #200: (/projetos) - [] - {"url":"/projetos?_dc=1487899551847&page=1&start=0&limit=25&sort=nomeusuario&dir=desc","ip":"::1","http_method":"GET","server":"localhost","referrer":"http://localhost:8081/","uid":"e2d7247"}
[2017-02-24 02:25:52] INFO > #200: (/comboprogramadores) - [] - {"url":"/comboprogramadores?_dc=1487899551847&page=1&start=0&limit=25","ip":"::1","http_method":"GET","server":"localhost","referrer":"http://localhost:8081/","uid":"0466a5a"}
[2017-02-24 02:26:25] INFO > #200: (/comboprojeto) - [] - {"url":"/comboprojeto?_dc=1487899585426&page=1&start=0&limit=25","ip":"::1","http_method":"OPTIONS","server":"localhost","referrer":"http://localhost:8081/","uid":"3bda9e9"}
[2017-02-24 02:26:25] INFO > #200: (/projetos) - [] - {"url":"/projetos?_dc=1487899585428&page=1&start=0&limit=25&sort=nomeusuario&dir=desc","ip":"::1","http_method":"OPTIONS","server":"localhost","referrer":"http://localhost:8081/","uid":"e7d82ac"}
[2017-02-24 02:26:25] INFO > #200: (/comboprogramadores) - [] - {"url":"/comboprogramadores?_dc=1487899585429&page=1&start=0&limit=25","ip":"::1","http_method":"OPTIONS","server":"localhost","referrer":"http://localhost:8081/","uid":"d93ce69"}
[2017-02-24 02:26:25] INFO > #200: (/comboprojeto) - [] - {"url":"/comboprojeto?_dc=1487899585426&page=1&start=0&limit=25","ip":"::1","http_method":"GET","server":"localhost","referrer":"http://localhost:8081/","uid":"dc3d20b"}
[2017-02-24 02:26:25] INFO > #200: (/projetos) - [] - {"url":"/projetos?_dc=1487899585428&page=1&start=0&limit=25&sort=nomeusuario&dir=desc","ip":"::1","http_method":"GET","server":"localhost","referrer":"http://localhost:8081/","uid":"be6032b"}
[2017-02-24 02:26:25] INFO > #200: (/comboprogramadores) - [] - {"url":"/comboprogramadores?_dc=1487899585429&page=1&start=0&limit=25","ip":"::1","http_method":"GET","server":"localhost","referrer":"http://localhost:8081/","uid":"493b264"}
[2017-02-24 02:38:45] INFO > #200: (/comboprojeto) - [] - {"url":"/comboprojeto?_dc=1487900324984&page=1&start=0&limit=25","ip":"::1","http_method":"OPTIONS","server":"localhost","referrer":"http://localhost:8081/","uid":"42fab55"}
[2017-02-24 02:38:45] INFO > #200: (/projetos) - [] - {"url":"/projetos?_dc=1487900324988&page=1&start=0&limit=25&sort=nomeusuario&dir=desc","ip":"::1","http_method":"OPTIONS","server":"localhost","referrer":"http://localhost:8081/","uid":"879aed3"}
[2017-02-24 02:38:45] INFO > #200: (/comboprogramadores) - [] - {"url":"/comboprogramadores?_dc=1487900324989&page=1&start=0&limit=25","ip":"::1","http_method":"OPTIONS","server":"localhost","referrer":"http://localhost:8081/","uid":"232b087"}
[2017-02-24 02:38:45] INFO > #200: (/comboprojeto) - [] - {"url":"/comboprojeto?_dc=1487900324984&page=1&start=0&limit=25","ip":"::1","http_method":"GET","server":"localhost","referrer":"http://localhost:8081/","uid":"9f0a052"}
[2017-02-24 02:38:45] INFO > #200: (/projetos) - [] - {"url":"/projetos?_dc=1487900324988&page=1&start=0&limit=25&sort=nomeusuario&dir=desc","ip":"::1","http_method":"GET","server":"localhost","referrer":"http://localhost:8081/","uid":"92e3a33"}
[2017-02-24 02:38:45] INFO > #200: (/comboprogramadores) - [] - {"url":"/comboprogramadores?_dc=1487900324989&page=1&start=0&limit=25","ip":"::1","http_method":"GET","server":"localhost","referrer":"http://localhost:8081/","uid":"011b9a1"}
[2017-02-24 02:41:57] INFO > #200: (/comboprojeto) - [] - {"url":"/comboprojeto?_dc=1487900517397&page=1&start=0&limit=25","ip":"::1","http_method":"OPTIONS","server":"localhost","referrer":"http://localhost:8081/","uid":"1274fa0"}
[2017-02-24 02:41:57] INFO > #200: (/projetos) - [] - {"url":"/projetos?_dc=1487900517402&page=1&start=0&limit=25&sort=nomeusuario&dir=desc","ip":"::1","http_method":"OPTIONS","server":"localhost","referrer":"http://localhost:8081/","uid":"b9b3e12"}
[2017-02-24 02:41:57] INFO > #200: (/comboprogramadores) - [] - {"url":"/comboprogramadores?_dc=1487900517403&page=1&start=0&limit=25","ip":"::1","http_method":"OPTIONS","server":"localhost","referrer":"http://localhost:8081/","uid":"3cb181c"}
[2017-02-24 02:41:57] INFO > #200: (/comboprojeto) - [] - {"url":"/comboprojeto?_dc=1487900517397&page=1&start=0&limit=25","ip":"::1","http_method":"GET","server":"localhost","referrer":"http://localhost:8081/","uid":"6e7b813"}
[2017-02-24 02:41:57] INFO > #200: (/projetos) - [] - {"url":"/projetos?_dc=1487900517402&page=1&start=0&limit=25&sort=nomeusuario&dir=desc","ip":"::1","http_method":"GET","server":"localhost","referrer":"http://localhost:8081/","uid":"a3893a4"}
[2017-02-24 02:41:57] INFO > #200: (/comboprogramadores) - [] - {"url":"/comboprogramadores?_dc=1487900517403&page=1&start=0&limit=25","ip":"::1","http_method":"GET","server":"localhost","referrer":"http://localhost:8081/","uid":"3e79417"}
[2017-02-24 02:52:18] INFO > #200: (/comboprojeto) - [] - {"url":"/comboprojeto?_dc=1487901138270&page=1&start=0&limit=25","ip":"::1","http_method":"OPTIONS","server":"localhost","referrer":"http://localhost:8081/","uid":"b13fabf"}
[2017-02-24 02:52:18] INFO > #200: (/projetos) - [] - {"url":"/projetos?_dc=1487901138274&page=1&start=0&limit=25&sort=nomeusuario&dir=desc","ip":"::1","http_method":"OPTIONS","server":"localhost","referrer":"http://localhost:8081/","uid":"b7fbbce"}
[2017-02-24 02:52:18] INFO > #200: (/comboprogramadores) - [] - {"url":"/comboprogramadores?_dc=1487901138275&page=1&start=0&limit=25","ip":"::1","http_method":"OPTIONS","server":"localhost","referrer":"http://localhost:8081/","uid":"5875688"}
[2017-02-24 02:52:18] INFO > #200: (/comboprojeto) - [] - {"url":"/comboprojeto?_dc=1487901138270&page=1&start=0&limit=25","ip":"::1","http_method":"GET","server":"localhost","referrer":"http://localhost:8081/","uid":"a1689f0"}
[2017-02-24 02:52:18] INFO > #200: (/projetos) - [] - {"url":"/projetos?_dc=1487901138274&page=1&start=0&limit=25&sort=nomeusuario&dir=desc","ip":"::1","http_method":"GET","server":"localhost","referrer":"http://localhost:8081/","uid":"311dfc5"}
[2017-02-24 02:52:18] INFO > #200: (/comboprogramadores) - [] - {"url":"/comboprogramadores?_dc=1487901138275&page=1&start=0&limit=25","ip":"::1","http_method":"GET","server":"localhost","referrer":"http://localhost:8081/","uid":"712f876"}
[2017-02-24 02:53:00] INFO > #200: (/comboprojeto) - [] - {"url":"/comboprojeto?_dc=1487901180115&page=1&start=0&limit=25","ip":"::1","http_method":"OPTIONS","server":"localhost","referrer":"http://localhost:8081/","uid":"09ac652"}
[2017-02-24 02:53:00] INFO > #200: (/projetos) - [] - {"url":"/projetos?_dc=1487901180118&page=1&start=0&limit=25&sort=nomeusuario&dir=desc","ip":"::1","http_method":"OPTIONS","server":"localhost","referrer":"http://localhost:8081/","uid":"24e4de1"}
[2017-02-24 02:53:00] INFO > #200: (/comboprogramadores) - [] - {"url":"/comboprogramadores?_dc=1487901180119&page=1&start=0&limit=25","ip":"::1","http_method":"OPTIONS","server":"localhost","referrer":"http://localhost:8081/","uid":"22db30b"}
[2017-02-24 02:53:00] INFO > #200: (/comboprojeto) - [] - {"url":"/comboprojeto?_dc=1487901180115&page=1&start=0&limit=25","ip":"::1","http_method":"GET","server":"localhost","referrer":"http://localhost:8081/","uid":"5a59afb"}
[2017-02-24 02:53:00] INFO > #200: (/projetos) - [] - {"url":"/projetos?_dc=1487901180118&page=1&start=0&limit=25&sort=nomeusuario&dir=desc","ip":"::1","http_method":"GET","server":"localhost","referrer":"http://localhost:8081/","uid":"6dd411b"}
[2017-02-24 02:53:00] INFO > #200: (/comboprogramadores) - [] - {"url":"/comboprogramadores?_dc=1487901180119&page=1&start=0&limit=25","ip":"::1","http_method":"GET","server":"localhost","referrer":"http://localhost:8081/","uid":"129d3de"}
[2017-02-24 02:53:12] INFO > #200: (/sprint) - [] - {"url":"/sprint","ip":"::1","http_method":"OPTIONS","server":"localhost","referrer":"http://localhost:8081/","uid":"958d494"}
[2017-02-24 02:53:12] INFO > #200: (/sprint) - [] - {"url":"/sprint","ip":"::1","http_method":"POST","server":"localhost","referrer":"http://localhost:8081/","uid":"cc2286e"}
[2017-02-24 02:53:25] INFO > #200: (/sprint) - [] - {"url":"/sprint","ip":"::1","http_method":"POST","server":"localhost","referrer":"http://localhost:8081/","uid":"11ffbbf"}
[2017-02-24 02:56:04] INFO > #200: (/projetos) - [] - {"url":"/projetos?_dc=1487901364567&page=1&start=0&limit=25&sort=nomeusuario&dir=desc","ip":"::1","http_method":"OPTIONS","server":"localhost","referrer":"http://localhost:8081/","uid":"b735543"}
[2017-02-24 02:56:04] INFO > #200: (/situacaoprojeto) - [] - {"url":"/situacaoprojeto?_dc=1487901364570&page=1&start=0&limit=25","ip":"::1","http_method":"OPTIONS","server":"localhost","referrer":"http://localhost:8081/","uid":"7311a19"}
[2017-02-24 02:56:04] INFO > #200: (/hora) - [] - {"url":"/hora?_dc=1487901364571&page=1&start=0&limit=25","ip":"::1","http_method":"OPTIONS","server":"localhost","referrer":"http://localhost:8081/","uid":"8360368"}
[2017-02-24 02:56:04] INFO > #200: (/sistemasinternos) - [] - {"url":"/sistemasinternos?_dc=1487901364571&page=1&start=0&limit=25","ip":"::1","http_method":"OPTIONS","server":"localhost","referrer":"http://localhost:8081/","uid":"58e3a9b"}
[2017-02-24 02:56:04] INFO > #200: (/sistemasexternos) - [] - {"url":"/sistemasexternos?_dc=1487901364572&page=1&start=0&limit=25","ip":"::1","http_method":"OPTIONS","server":"localhost","referrer":"http://localhost:8081/","uid":"a0353ea"}
[2017-02-24 02:56:04] INFO > #200: (/sistemas) - [] - {"url":"/sistemas?_dc=1487901364572&page=1&start=0&limit=25","ip":"::1","http_method":"OPTIONS","server":"localhost","referrer":"http://localhost:8081/","uid":"0e135e2"}
[2017-02-24 02:56:04] INFO > #200: (/sistemas) - [] - {"url":"/sistemas?_dc=1487901364572&page=1&start=0&limit=25","ip":"::1","http_method":"OPTIONS","server":"localhost","referrer":"http://localhost:8081/","uid":"94bf9c7"}
[2017-02-24 02:56:04] INFO > #200: (/abrangencia) - [] - {"url":"/abrangencia?_dc=1487901364573&page=1&start=0&limit=25","ip":"::1","http_method":"OPTIONS","server":"localhost","referrer":"http://localhost:8081/","uid":"ad36286"}
[2017-02-24 02:56:04] INFO > #200: (/estabilidade) - [] - {"url":"/estabilidade?_dc=1487901364573&page=1&start=0&limit=25","ip":"::1","http_method":"OPTIONS","server":"localhost","referrer":"http://localhost:8081/","uid":"e9fd91a"}
[2017-02-24 02:56:04] INFO > #200: (/conhecimento) - [] - {"url":"/conhecimento?_dc=1487901364574&page=1&start=0&limit=25","ip":"::1","http_method":"OPTIONS","server":"localhost","referrer":"http://localhost:8081/","uid":"8184392"}
[2017-02-24 02:56:04] INFO > #200: (/classificacao) - [] - {"url":"/classificacao?_dc=1487901364575&page=1&start=0&limit=25","ip":"::1","http_method":"OPTIONS","server":"localhost","referrer":"http://localhost:8081/","uid":"9f5c5cf"}
[2017-02-24 02:56:04] INFO > #200: (/nivelrisco) - [] - {"url":"/nivelrisco?_dc=1487901364575&page=1&start=0&limit=25","ip":"::1","http_method":"OPTIONS","server":"localhost","referrer":"http://localhost:8081/","uid":"510bbc3"}
[2017-02-24 02:56:04] INFO > #200: (/projetos) - [] - {"url":"/projetos?_dc=1487901364567&page=1&start=0&limit=25&sort=nomeusuario&dir=desc","ip":"::1","http_method":"GET","server":"localhost","referrer":"http://localhost:8081/","uid":"2d8ca2e"}
[2017-02-24 02:56:04] INFO > #200: (/situacaoprojeto) - [] - {"url":"/situacaoprojeto?_dc=1487901364570&page=1&start=0&limit=25","ip":"::1","http_method":"GET","server":"localhost","referrer":"http://localhost:8081/","uid":"0f82ab1"}
[2017-02-24 02:56:04] INFO > #200: (/hora) - [] - {"url":"/hora?_dc=1487901364571&page=1&start=0&limit=25","ip":"::1","http_method":"GET","server":"localhost","referrer":"http://localhost:8081/","uid":"18b7ed2"}
[2017-02-24 02:56:04] INFO > #200: (/sistemasinternos) - [] - {"url":"/sistemasinternos?_dc=1487901364571&page=1&start=0&limit=25","ip":"::1","http_method":"GET","server":"localhost","referrer":"http://localhost:8081/","uid":"e71f6d0"}
[2017-02-24 02:56:05] INFO > #200: (/sistemasexternos) - [] - {"url":"/sistemasexternos?_dc=1487901364572&page=1&start=0&limit=25","ip":"::1","http_method":"GET","server":"localhost","referrer":"http://localhost:8081/","uid":"5227292"}
[2017-02-24 02:56:05] INFO > #200: (/sistemas) - [] - {"url":"/sistemas?_dc=1487901364572&page=1&start=0&limit=25","ip":"::1","http_method":"GET","server":"localhost","referrer":"http://localhost:8081/","uid":"e32e514"}
[2017-02-24 02:56:05] INFO > #200: (/abrangencia) - [] - {"url":"/abrangencia?_dc=1487901364573&page=1&start=0&limit=25","ip":"::1","http_method":"GET","server":"localhost","referrer":"http://localhost:8081/","uid":"a4f86d0"}
[2017-02-24 02:56:05] INFO > #200: (/estabilidade) - [] - {"url":"/estabilidade?_dc=1487901364573&page=1&start=0&limit=25","ip":"::1","http_method":"GET","server":"localhost","referrer":"http://localhost:8081/","uid":"b19aac4"}
[2017-02-24 02:56:05] INFO > #200: (/conhecimento) - [] - {"url":"/conhecimento?_dc=1487901364574&page=1&start=0&limit=25","ip":"::1","http_method":"GET","server":"localhost","referrer":"http://localhost:8081/","uid":"fb20962"}
[2017-02-24 02:56:05] INFO > #200: (/classificacao) - [] - {"url":"/classificacao?_dc=1487901364575&page=1&start=0&limit=25","ip":"::1","http_method":"GET","server":"localhost","referrer":"http://localhost:8081/","uid":"a21bc00"}
[2017-02-24 02:56:05] INFO > #200: (/nivelrisco) - [] - {"url":"/nivelrisco?_dc=1487901364575&page=1&start=0&limit=25","ip":"::1","http_method":"GET","server":"localhost","referrer":"http://localhost:8081/","uid":"9cd9848"}
[2017-02-24 02:56:05] INFO > #200: (/sistemas) - [] - {"url":"/sistemas?_dc=1487901364572&page=1&start=0&limit=25","ip":"::1","http_method":"GET","server":"localhost","referrer":"http://localhost:8081/","uid":"3554521"}
[2017-02-24 02:56:07] INFO > #200: (/projetos/solicitantes/13) - [] - {"url":"/projetos/solicitantes/13","ip":"::1","http_method":"OPTIONS","server":"localhost","referrer":"http://localhost:8081/","uid":"399c3b9"}
[2017-02-24 02:56:07] INFO > #200: (/projetos/riscos/13) - [] - {"url":"/projetos/riscos/13","ip":"::1","http_method":"OPTIONS","server":"localhost","referrer":"http://localhost:8081/","uid":"1b29923"}
[2017-02-24 02:56:07] INFO > #200: (/projetos/solicitantes/13) - [] - {"url":"/projetos/solicitantes/13","ip":"::1","http_method":"GET","server":"localhost","referrer":"http://localhost:8081/","uid":"b88628b"}
[2017-02-24 02:56:07] INFO > #200: (/projetos/riscos/13) - [] - {"url":"/projetos/riscos/13","ip":"::1","http_method":"GET","server":"localhost","referrer":"http://localhost:8081/","uid":"99e93ff"}
[2017-02-24 02:56:12] INFO > #200: (/projetos/13) - [] - {"url":"/projetos/13","ip":"::1","http_method":"OPTIONS","server":"localhost","referrer":"http://localhost:8081/","uid":"ce8dab5"}
[2017-02-24 02:56:12] INFO > #200: (/projetos/13) - [] - {"url":"/projetos/13","ip":"::1","http_method":"PATCH","server":"localhost","referrer":"http://localhost:8081/","uid":"a03fab5"}
[2017-02-24 02:56:23] INFO > #200: (/projetos/13) - [] - {"url":"/projetos/13","ip":"::1","http_method":"PATCH","server":"localhost","referrer":"http://localhost:8081/","uid":"877f90b"}
[2017-02-24 02:57:02] INFO > #200: (/projetos/13) - [] - {"url":"/projetos/13","ip":"::1","http_method":"PATCH","server":"localhost","referrer":"http://localhost:8081/","uid":"c423929"}
[2017-02-24 02:57:03] INFO > #200: (/projetos) - [] - {"url":"/projetos?_dc=1487901423049&page=1&start=0&limit=25&sort=nomeusuario&dir=desc","ip":"::1","http_method":"OPTIONS","server":"localhost","referrer":"http://localhost:8081/","uid":"aa1b5bc"}
[2017-02-24 02:57:03] INFO > #200: (/projetos) - [] - {"url":"/projetos?_dc=1487901423049&page=1&start=0&limit=25&sort=nomeusuario&dir=desc","ip":"::1","http_method":"GET","server":"localhost","referrer":"http://localhost:8081/","uid":"875d5c1"}
[2017-02-24 02:57:06] INFO > #200: (/projetos/solicitantes/14) - [] - {"url":"/projetos/solicitantes/14","ip":"::1","http_method":"OPTIONS","server":"localhost","referrer":"http://localhost:8081/","uid":"1896f14"}
[2017-02-24 02:57:06] INFO > #200: (/projetos/riscos/14) - [] - {"url":"/projetos/riscos/14","ip":"::1","http_method":"OPTIONS","server":"localhost","referrer":"http://localhost:8081/","uid":"b28ca27"}
[2017-02-24 02:57:06] INFO > #200: (/projetos/solicitantes/14) - [] - {"url":"/projetos/solicitantes/14","ip":"::1","http_method":"GET","server":"localhost","referrer":"http://localhost:8081/","uid":"e4bc99d"}
[2017-02-24 02:57:06] INFO > #200: (/projetos/riscos/14) - [] - {"url":"/projetos/riscos/14","ip":"::1","http_method":"GET","server":"localhost","referrer":"http://localhost:8081/","uid":"1ef2a38"}
[2017-02-24 02:57:10] INFO > #200: (/projetos/solicitantes/13) - [] - {"url":"/projetos/solicitantes/13","ip":"::1","http_method":"GET","server":"localhost","referrer":"http://localhost:8081/","uid":"accdfd4"}
[2017-02-24 02:57:10] INFO > #200: (/projetos/riscos/13) - [] - {"url":"/projetos/riscos/13","ip":"::1","http_method":"GET","server":"localhost","referrer":"http://localhost:8081/","uid":"f320473"}
[2017-02-24 02:57:14] INFO > #200: (/projetos/solicitantes/8) - [] - {"url":"/projetos/solicitantes/8","ip":"::1","http_method":"OPTIONS","server":"localhost","referrer":"http://localhost:8081/","uid":"ee29138"}
[2017-02-24 02:57:14] INFO > #200: (/projetos/riscos/8) - [] - {"url":"/projetos/riscos/8","ip":"::1","http_method":"OPTIONS","server":"localhost","referrer":"http://localhost:8081/","uid":"c6ab423"}
[2017-02-24 02:57:14] INFO > #200: (/projetos/solicitantes/8) - [] - {"url":"/projetos/solicitantes/8","ip":"::1","http_method":"GET","server":"localhost","referrer":"http://localhost:8081/","uid":"ae1835c"}
[2017-02-24 02:57:14] INFO > #200: (/projetos/riscos/8) - [] - {"url":"/projetos/riscos/8","ip":"::1","http_method":"GET","server":"localhost","referrer":"http://localhost:8081/","uid":"4689bdc"}
[2017-02-24 02:57:17] INFO > #200: (/projetos/solicitantes/14) - [] - {"url":"/projetos/solicitantes/14","ip":"::1","http_method":"GET","server":"localhost","referrer":"http://localhost:8081/","uid":"5cf05f1"}
[2017-02-24 02:57:17] INFO > #200: (/projetos/riscos/14) - [] - {"url":"/projetos/riscos/14","ip":"::1","http_method":"GET","server":"localhost","referrer":"http://localhost:8081/","uid":"555aec6"}
[2017-02-24 02:57:30] INFO > #200: (/projetos/14) - [] - {"url":"/projetos/14","ip":"::1","http_method":"OPTIONS","server":"localhost","referrer":"http://localhost:8081/","uid":"dcebfb3"}
[2017-02-24 02:57:30] INFO > #200: (/projetos/14) - [] - {"url":"/projetos/14","ip":"::1","http_method":"PATCH","server":"localhost","referrer":"http://localhost:8081/","uid":"dd74395"}
[2017-02-24 02:57:31] INFO > #200: (/projetos) - [] - {"url":"/projetos?_dc=1487901451378&page=1&start=0&limit=25&sort=nomeusuario&dir=desc","ip":"::1","http_method":"OPTIONS","server":"localhost","referrer":"http://localhost:8081/","uid":"ad71236"}
[2017-02-24 02:57:31] INFO > #200: (/projetos) - [] - {"url":"/projetos?_dc=1487901451378&page=1&start=0&limit=25&sort=nomeusuario&dir=desc","ip":"::1","http_method":"GET","server":"localhost","referrer":"http://localhost:8081/","uid":"cce127d"}
[2017-02-24 02:57:34] INFO > #200: (/projetos/solicitantes/14) - [] - {"url":"/projetos/solicitantes/14","ip":"::1","http_method":"GET","server":"localhost","referrer":"http://localhost:8081/","uid":"deaae5c"}
[2017-02-24 02:57:34] INFO > #200: (/projetos/riscos/14) - [] - {"url":"/projetos/riscos/14","ip":"::1","http_method":"GET","server":"localhost","referrer":"http://localhost:8081/","uid":"f731eb3"}
[2017-02-24 02:57:59] INFO > #200: (/projetos/solicitantes/13) - [] - {"url":"/projetos/solicitantes/13","ip":"::1","http_method":"GET","server":"localhost","referrer":"http://localhost:8081/","uid":"875f8e3"}
[2017-02-24 02:57:59] INFO > #200: (/projetos/riscos/13) - [] - {"url":"/projetos/riscos/13","ip":"::1","http_method":"GET","server":"localhost","referrer":"http://localhost:8081/","uid":"b430a9f"}
[2017-02-24 02:59:03] INFO > #200: (/comboprojeto) - [] - {"url":"/comboprojeto?_dc=1487901543684&page=1&start=0&limit=25","ip":"::1","http_method":"OPTIONS","server":"localhost","referrer":"http://localhost:8081/","uid":"a7a50f5"}
[2017-02-24 02:59:03] INFO > #200: (/projetos) - [] - {"url":"/projetos?_dc=1487901543688&page=1&start=0&limit=25&sort=nomeusuario&dir=desc","ip":"::1","http_method":"OPTIONS","server":"localhost","referrer":"http://localhost:8081/","uid":"ba7ff06"}
[2017-02-24 02:59:03] INFO > #200: (/comboprogramadores) - [] - {"url":"/comboprogramadores?_dc=1487901543689&page=1&start=0&limit=25","ip":"::1","http_method":"OPTIONS","server":"localhost","referrer":"http://localhost:8081/","uid":"e17d317"}
[2017-02-24 02:59:03] INFO > #200: (/comboprojeto) - [] - {"url":"/comboprojeto?_dc=1487901543684&page=1&start=0&limit=25","ip":"::1","http_method":"GET","server":"localhost","referrer":"http://localhost:8081/","uid":"cdfec4f"}
[2017-02-24 02:59:03] INFO > #200: (/projetos) - [] - {"url":"/projetos?_dc=1487901543688&page=1&start=0&limit=25&sort=nomeusuario&dir=desc","ip":"::1","http_method":"GET","server":"localhost","referrer":"http://localhost:8081/","uid":"48c3edf"}
[2017-02-24 02:59:03] INFO > #200: (/comboprogramadores) - [] - {"url":"/comboprogramadores?_dc=1487901543689&page=1&start=0&limit=25","ip":"::1","http_method":"GET","server":"localhost","referrer":"http://localhost:8081/","uid":"0469719"}
[2017-02-24 03:03:22] INFO > #200: (/comboprojeto) - [] - {"url":"/comboprojeto?_dc=1487901802133&page=1&start=0&limit=25","ip":"::1","http_method":"OPTIONS","server":"localhost","referrer":"http://localhost:8081/","uid":"2be886a"}
[2017-02-24 03:03:22] INFO > #200: (/projetos) - [] - {"url":"/projetos?_dc=1487901802138&page=1&start=0&limit=25&sort=nomeusuario&dir=desc","ip":"::1","http_method":"OPTIONS","server":"localhost","referrer":"http://localhost:8081/","uid":"25822c7"}
[2017-02-24 03:03:22] INFO > #200: (/comboprogramadores) - [] - {"url":"/comboprogramadores?_dc=1487901802139&page=1&start=0&limit=25","ip":"::1","http_method":"OPTIONS","server":"localhost","referrer":"http://localhost:8081/","uid":"a1207cb"}
[2017-02-24 03:03:22] INFO > #200: (/comboprojeto) - [] - {"url":"/comboprojeto?_dc=1487901802133&page=1&start=0&limit=25","ip":"::1","http_method":"GET","server":"localhost","referrer":"http://localhost:8081/","uid":"a2cfe52"}
[2017-02-24 03:03:22] INFO > #200: (/projetos) - [] - {"url":"/projetos?_dc=1487901802138&page=1&start=0&limit=25&sort=nomeusuario&dir=desc","ip":"::1","http_method":"GET","server":"localhost","referrer":"http://localhost:8081/","uid":"a13ece2"}
[2017-02-24 03:03:22] INFO > #200: (/comboprogramadores) - [] - {"url":"/comboprogramadores?_dc=1487901802139&page=1&start=0&limit=25","ip":"::1","http_method":"GET","server":"localhost","referrer":"http://localhost:8081/","uid":"0ea16e5"}
[2017-02-24 03:04:08] INFO > #200: (/sprint) - [] - {"url":"/sprint","ip":"::1","http_method":"OPTIONS","server":"localhost","referrer":"http://localhost:8081/","uid":"246319c"}
[2017-02-24 03:04:08] INFO > #200: (/sprint) - [] - {"url":"/sprint","ip":"::1","http_method":"POST","server":"localhost","referrer":"http://localhost:8081/","uid":"1e105c9"}
[2017-02-24 03:09:22] INFO > #200: (/comboprojeto) - [] - {"url":"/comboprojeto?_dc=1487902162903&page=1&start=0&limit=25","ip":"::1","http_method":"OPTIONS","server":"localhost","referrer":"http://localhost:8081/","uid":"18959b5"}
[2017-02-24 03:09:22] INFO > #200: (/projetos) - [] - {"url":"/projetos?_dc=1487902162907&page=1&start=0&limit=25&sort=nomeusuario&dir=desc","ip":"::1","http_method":"OPTIONS","server":"localhost","referrer":"http://localhost:8081/","uid":"4e9eccd"}
[2017-02-24 03:09:22] INFO > #200: (/comboprogramadores) - [] - {"url":"/comboprogramadores?_dc=1487902162911&page=1&start=0&limit=25","ip":"::1","http_method":"OPTIONS","server":"localhost","referrer":"http://localhost:8081/","uid":"764edf8"}
[2017-02-24 03:09:23] INFO > #200: (/comboprojeto) - [] - {"url":"/comboprojeto?_dc=1487902162903&page=1&start=0&limit=25","ip":"::1","http_method":"GET","server":"localhost","referrer":"http://localhost:8081/","uid":"b707cae"}
[2017-02-24 03:09:23] INFO > #200: (/projetos) - [] - {"url":"/projetos?_dc=1487902162907&page=1&start=0&limit=25&sort=nomeusuario&dir=desc","ip":"::1","http_method":"GET","server":"localhost","referrer":"http://localhost:8081/","uid":"3b26e21"}
[2017-02-24 03:09:23] INFO > #200: (/comboprogramadores) - [] - {"url":"/comboprogramadores?_dc=1487902162911&page=1&start=0&limit=25","ip":"::1","http_method":"GET","server":"localhost","referrer":"http://localhost:8081/","uid":"138262b"}
[2017-02-24 03:09:48] INFO > #200: (/sprint) - [] - {"url":"/sprint","ip":"::1","http_method":"POST","server":"localhost","referrer":"http://localhost:8081/","uid":"bd643ea"}
[2017-02-24 03:13:59] INFO > #200: (/comboprojeto) - [] - {"url":"/comboprojeto?_dc=1487902439731&page=1&start=0&limit=25","ip":"::1","http_method":"OPTIONS","server":"localhost","referrer":"http://localhost:8081/","uid":"dee1fc3"}
[2017-02-24 03:13:59] INFO > #200: (/projetos) - [] - {"url":"/projetos?_dc=1487902439736&page=1&start=0&limit=25&sort=nomeusuario&dir=desc","ip":"::1","http_method":"OPTIONS","server":"localhost","referrer":"http://localhost:8081/","uid":"bb16efb"}
[2017-02-24 03:13:59] INFO > #200: (/comboprogramadores) - [] - {"url":"/comboprogramadores?_dc=1487902439737&page=1&start=0&limit=25","ip":"::1","http_method":"OPTIONS","server":"localhost","referrer":"http://localhost:8081/","uid":"8b67bd9"}
[2017-02-24 03:13:59] INFO > #200: (/comboprojeto) - [] - {"url":"/comboprojeto?_dc=1487902439731&page=1&start=0&limit=25","ip":"::1","http_method":"GET","server":"localhost","referrer":"http://localhost:8081/","uid":"a4d704c"}
[2017-02-24 03:13:59] INFO > #200: (/projetos) - [] - {"url":"/projetos?_dc=1487902439736&page=1&start=0&limit=25&sort=nomeusuario&dir=desc","ip":"::1","http_method":"GET","server":"localhost","referrer":"http://localhost:8081/","uid":"3433eca"}
[2017-02-24 03:13:59] INFO > #200: (/comboprogramadores) - [] - {"url":"/comboprogramadores?_dc=1487902439737&page=1&start=0&limit=25","ip":"::1","http_method":"GET","server":"localhost","referrer":"http://localhost:8081/","uid":"af6b3ce"}
[2017-02-24 03:14:08] INFO > #200: (/sprint) - [] - {"url":"/sprint","ip":"::1","http_method":"POST","server":"localhost","referrer":"http://localhost:8081/","uid":"19eb9f5"}
[2017-02-24 17:31:26] INFO > #200: (/comboprojeto) - [] - {"url":"/comboprojeto?_dc=1487953886477&page=1&start=0&limit=25","ip":"::1","http_method":"OPTIONS","server":"localhost","referrer":"http://localhost:8081/","uid":"4ce2d44"}
[2017-02-24 17:31:26] INFO > #200: (/projetos) - [] - {"url":"/projetos?_dc=1487953886481&page=1&start=0&limit=25&sort=nomeusuario&dir=desc","ip":"::1","http_method":"OPTIONS","server":"localhost","referrer":"http://localhost:8081/","uid":"f52f097"}
[2017-02-24 17:31:26] INFO > #200: (/comboprogramadores) - [] - {"url":"/comboprogramadores?_dc=1487953886482&page=1&start=0&limit=25","ip":"::1","http_method":"OPTIONS","server":"localhost","referrer":"http://localhost:8081/","uid":"cd2bdb3"}
[2017-02-24 17:31:26] INFO > #200: (/comboprojeto) - [] - {"url":"/comboprojeto?_dc=1487953886477&page=1&start=0&limit=25","ip":"::1","http_method":"GET","server":"localhost","referrer":"http://localhost:8081/","uid":"99fe73f"}
[2017-02-24 17:31:26] INFO > #200: (/projetos) - [] - {"url":"/projetos?_dc=1487953886481&page=1&start=0&limit=25&sort=nomeusuario&dir=desc","ip":"::1","http_method":"GET","server":"localhost","referrer":"http://localhost:8081/","uid":"f6fc17e"}
[2017-02-24 17:31:26] INFO > #200: (/comboprogramadores) - [] - {"url":"/comboprogramadores?_dc=1487953886482&page=1&start=0&limit=25","ip":"::1","http_method":"GET","server":"localhost","referrer":"http://localhost:8081/","uid":"fe4e6c0"}
[2017-02-24 17:41:40] INFO > #200: (/sprint) - [] - {"url":"/sprint","ip":"::1","http_method":"OPTIONS","server":"localhost","referrer":"http://localhost:8081/","uid":"bf8e04f"}
[2017-02-24 17:41:40] INFO > #200: (/sprint) - [] - {"url":"/sprint","ip":"::1","http_method":"POST","server":"localhost","referrer":"http://localhost:8081/","uid":"0b0b05d"}
[2017-02-24 17:41:58] INFO > #200: (/sprint) - [] - {"url":"/sprint","ip":"::1","http_method":"POST","server":"localhost","referrer":"http://localhost:8081/","uid":"aafcbc8"}
[2017-02-24 17:54:55] INFO > #200: (/comboprojeto) - [] - {"url":"/comboprojeto?_dc=1487955295858&page=1&start=0&limit=25","ip":"::1","http_method":"OPTIONS","server":"localhost","referrer":"http://localhost:8081/","uid":"c883c35"}
[2017-02-24 17:54:55] INFO > #200: (/projetos) - [] - {"url":"/projetos?_dc=1487955295865&page=1&start=0&limit=25&sort=nomeusuario&dir=desc","ip":"::1","http_method":"OPTIONS","server":"localhost","referrer":"http://localhost:8081/","uid":"de0f9de"}
[2017-02-24 17:54:55] INFO > #200: (/comboprogramadores) - [] - {"url":"/comboprogramadores?_dc=1487955295866&page=1&start=0&limit=25","ip":"::1","http_method":"OPTIONS","server":"localhost","referrer":"http://localhost:8081/","uid":"e779e5c"}
[2017-02-24 17:54:55] INFO > #200: (/comboprojeto) - [] - {"url":"/comboprojeto?_dc=1487955295858&page=1&start=0&limit=25","ip":"::1","http_method":"GET","server":"localhost","referrer":"http://localhost:8081/","uid":"450e5ad"}
[2017-02-24 17:54:55] INFO > #200: (/projetos) - [] - {"url":"/projetos?_dc=1487955295865&page=1&start=0&limit=25&sort=nomeusuario&dir=desc","ip":"::1","http_method":"GET","server":"localhost","referrer":"http://localhost:8081/","uid":"a1d424d"}
[2017-02-24 17:54:56] INFO > #200: (/comboprogramadores) - [] - {"url":"/comboprogramadores?_dc=1487955295866&page=1&start=0&limit=25","ip":"::1","http_method":"GET","server":"localhost","referrer":"http://localhost:8081/","uid":"9773271"}
[2017-02-24 17:55:13] INFO > #200: (/comboprojeto) - [] - {"url":"/comboprojeto?_dc=1487955313499&page=1&start=0&limit=25","ip":"::1","http_method":"OPTIONS","server":"localhost","referrer":"http://localhost:8081/","uid":"f709cfe"}
[2017-02-24 17:55:13] INFO > #200: (/projetos) - [] - {"url":"/projetos?_dc=1487955313506&page=1&start=0&limit=25&sort=nomeusuario&dir=desc","ip":"::1","http_method":"OPTIONS","server":"localhost","referrer":"http://localhost:8081/","uid":"b5b78fb"}
[2017-02-24 17:55:13] INFO > #200: (/comboprogramadores) - [] - {"url":"/comboprogramadores?_dc=1487955313508&page=1&start=0&limit=25","ip":"::1","http_method":"OPTIONS","server":"localhost","referrer":"http://localhost:8081/","uid":"648855b"}
[2017-02-24 17:55:13] INFO > #200: (/comboprojeto) - [] - {"url":"/comboprojeto?_dc=1487955313499&page=1&start=0&limit=25","ip":"::1","http_method":"GET","server":"localhost","referrer":"http://localhost:8081/","uid":"ecc90be"}
[2017-02-24 17:55:13] INFO > #200: (/projetos) - [] - {"url":"/projetos?_dc=1487955313506&page=1&start=0&limit=25&sort=nomeusuario&dir=desc","ip":"::1","http_method":"GET","server":"localhost","referrer":"http://localhost:8081/","uid":"c965fbb"}
[2017-02-24 17:55:13] INFO > #200: (/comboprogramadores) - [] - {"url":"/comboprogramadores?_dc=1487955313508&page=1&start=0&limit=25","ip":"::1","http_method":"GET","server":"localhost","referrer":"http://localhost:8081/","uid":"d1af095"}
[2017-02-24 17:56:32] INFO > #200: (/sprint) - [] - {"url":"/sprint","ip":"::1","http_method":"OPTIONS","server":"localhost","referrer":"http://localhost:8081/","uid":"25c0dc9"}
[2017-02-24 17:56:32] INFO > #200: (/sprint) - [] - {"url":"/sprint","ip":"::1","http_method":"POST","server":"localhost","referrer":"http://localhost:8081/","uid":"07412ae"}
[2017-02-24 17:58:23] INFO > #200: (/comboprojeto) - [] - {"url":"/comboprojeto?_dc=1487955503502&page=1&start=0&limit=25","ip":"::1","http_method":"OPTIONS","server":"localhost","referrer":"http://localhost:8081/","uid":"2bba8a0"}
[2017-02-24 17:58:23] INFO > #200: (/projetos) - [] - {"url":"/projetos?_dc=1487955503507&page=1&start=0&limit=25&sort=nomeusuario&dir=desc","ip":"::1","http_method":"OPTIONS","server":"localhost","referrer":"http://localhost:8081/","uid":"c48f12b"}
[2017-02-24 17:58:23] INFO > #200: (/comboprogramadores) - [] - {"url":"/comboprogramadores?_dc=1487955503508&page=1&start=0&limit=25","ip":"::1","http_method":"OPTIONS","server":"localhost","referrer":"http://localhost:8081/","uid":"6057871"}
[2017-02-24 17:58:23] INFO > #200: (/comboprojeto) - [] - {"url":"/comboprojeto?_dc=1487955503502&page=1&start=0&limit=25","ip":"::1","http_method":"GET","server":"localhost","referrer":"http://localhost:8081/","uid":"fc8711a"}
[2017-02-24 17:58:23] INFO > #200: (/projetos) - [] - {"url":"/projetos?_dc=1487955503507&page=1&start=0&limit=25&sort=nomeusuario&dir=desc","ip":"::1","http_method":"GET","server":"localhost","referrer":"http://localhost:8081/","uid":"08b5999"}
[2017-02-24 17:58:23] INFO > #200: (/comboprogramadores) - [] - {"url":"/comboprogramadores?_dc=1487955503508&page=1&start=0&limit=25","ip":"::1","http_method":"GET","server":"localhost","referrer":"http://localhost:8081/","uid":"271db7c"}
[2017-02-24 17:59:04] INFO > #200: (/sprint) - [] - {"url":"/sprint","ip":"::1","http_method":"POST","server":"localhost","referrer":"http://localhost:8081/","uid":"5bf1b51"}
[2017-02-24 18:00:02] INFO > #200: (/comboprojeto) - [] - {"url":"/comboprojeto?_dc=1487955602742&page=1&start=0&limit=25","ip":"::1","http_method":"OPTIONS","server":"localhost","referrer":"http://localhost:8081/","uid":"42174b3"}
[2017-02-24 18:00:02] INFO > #200: (/projetos) - [] - {"url":"/projetos?_dc=1487955602747&page=1&start=0&limit=25&sort=nomeusuario&dir=desc","ip":"::1","http_method":"OPTIONS","server":"localhost","referrer":"http://localhost:8081/","uid":"d060c48"}
[2017-02-24 18:00:02] INFO > #200: (/comboprogramadores) - [] - {"url":"/comboprogramadores?_dc=1487955602748&page=1&start=0&limit=25","ip":"::1","http_method":"OPTIONS","server":"localhost","referrer":"http://localhost:8081/","uid":"b019b19"}
[2017-02-24 18:00:02] INFO > #200: (/comboprojeto) - [] - {"url":"/comboprojeto?_dc=1487955602742&page=1&start=0&limit=25","ip":"::1","http_method":"GET","server":"localhost","referrer":"http://localhost:8081/","uid":"2747d93"}
[2017-02-24 18:00:02] INFO > #200: (/projetos) - [] - {"url":"/projetos?_dc=1487955602747&page=1&start=0&limit=25&sort=nomeusuario&dir=desc","ip":"::1","http_method":"GET","server":"localhost","referrer":"http://localhost:8081/","uid":"8169049"}
[2017-02-24 18:00:02] INFO > #200: (/comboprogramadores) - [] - {"url":"/comboprogramadores?_dc=1487955602748&page=1&start=0&limit=25","ip":"::1","http_method":"GET","server":"localhost","referrer":"http://localhost:8081/","uid":"fb780db"}
[2017-02-24 18:00:50] INFO > #200: (/comboprojeto) - [] - {"url":"/comboprojeto?_dc=1487955650830&page=1&start=0&limit=25","ip":"::1","http_method":"OPTIONS","server":"localhost","referrer":"http://localhost:8081/","uid":"26ccb65"}
[2017-02-24 18:00:50] INFO > #200: (/projetos) - [] - {"url":"/projetos?_dc=1487955650835&page=1&start=0&limit=25&sort=nomeusuario&dir=desc","ip":"::1","http_method":"OPTIONS","server":"localhost","referrer":"http://localhost:8081/","uid":"38584fc"}
[2017-02-24 18:00:50] INFO > #200: (/comboprogramadores) - [] - {"url":"/comboprogramadores?_dc=1487955650837&page=1&start=0&limit=25","ip":"::1","http_method":"OPTIONS","server":"localhost","referrer":"http://localhost:8081/","uid":"a575688"}
[2017-02-24 18:00:50] INFO > #200: (/comboprojeto) - [] - {"url":"/comboprojeto?_dc=1487955650830&page=1&start=0&limit=25","ip":"::1","http_method":"GET","server":"localhost","referrer":"http://localhost:8081/","uid":"6f35393"}
[2017-02-24 18:00:50] INFO > #200: (/projetos) - [] - {"url":"/projetos?_dc=1487955650835&page=1&start=0&limit=25&sort=nomeusuario&dir=desc","ip":"::1","http_method":"GET","server":"localhost","referrer":"http://localhost:8081/","uid":"6195872"}
[2017-02-24 18:00:50] INFO > #200: (/comboprogramadores) - [] - {"url":"/comboprogramadores?_dc=1487955650837&page=1&start=0&limit=25","ip":"::1","http_method":"GET","server":"localhost","referrer":"http://localhost:8081/","uid":"e868ffb"}
[2017-02-24 18:02:50] INFO > #200: (/comboprojeto) - [] - {"url":"/comboprojeto?_dc=1487955770864&page=1&start=0&limit=25","ip":"::1","http_method":"OPTIONS","server":"localhost","referrer":"http://localhost:8081/","uid":"575e421"}
[2017-02-24 18:02:50] INFO > #200: (/projetos) - [] - {"url":"/projetos?_dc=1487955770870&page=1&start=0&limit=25&sort=nomeusuario&dir=desc","ip":"::1","http_method":"OPTIONS","server":"localhost","referrer":"http://localhost:8081/","uid":"d6d9cde"}
[2017-02-24 18:02:50] INFO > #200: (/comboprogramadores) - [] - {"url":"/comboprogramadores?_dc=1487955770871&page=1&start=0&limit=25","ip":"::1","http_method":"OPTIONS","server":"localhost","referrer":"http://localhost:8081/","uid":"c57edf7"}
[2017-02-24 18:02:50] INFO > #200: (/comboprojeto) - [] - {"url":"/comboprojeto?_dc=1487955770864&page=1&start=0&limit=25","ip":"::1","http_method":"GET","server":"localhost","referrer":"http://localhost:8081/","uid":"5ad6a9f"}
[2017-02-24 18:02:50] INFO > #200: (/projetos) - [] - {"url":"/projetos?_dc=1487955770870&page=1&start=0&limit=25&sort=nomeusuario&dir=desc","ip":"::1","http_method":"GET","server":"localhost","referrer":"http://localhost:8081/","uid":"f624887"}
[2017-02-24 18:02:51] INFO > #200: (/comboprogramadores) - [] - {"url":"/comboprogramadores?_dc=1487955770871&page=1&start=0&limit=25","ip":"::1","http_method":"GET","server":"localhost","referrer":"http://localhost:8081/","uid":"90b1805"}
[2017-02-24 18:03:30] INFO > #200: (/comboprojeto) - [] - {"url":"/comboprojeto?_dc=1487955810030&page=1&start=0&limit=25","ip":"::1","http_method":"OPTIONS","server":"localhost","referrer":"http://localhost:8081/","uid":"2732f7d"}
[2017-02-24 18:03:30] INFO > #200: (/projetos) - [] - {"url":"/projetos?_dc=1487955810035&page=1&start=0&limit=25&sort=nomeusuario&dir=desc","ip":"::1","http_method":"OPTIONS","server":"localhost","referrer":"http://localhost:8081/","uid":"999b9e1"}
[2017-02-24 18:03:30] INFO > #200: (/comboprogramadores) - [] - {"url":"/comboprogramadores?_dc=1487955810037&page=1&start=0&limit=25","ip":"::1","http_method":"OPTIONS","server":"localhost","referrer":"http://localhost:8081/","uid":"89d89f5"}
[2017-02-24 18:03:30] INFO > #200: (/comboprojeto) - [] - {"url":"/comboprojeto?_dc=1487955810030&page=1&start=0&limit=25","ip":"::1","http_method":"GET","server":"localhost","referrer":"http://localhost:8081/","uid":"a647a9e"}
[2017-02-24 18:03:30] INFO > #200: (/projetos) - [] - {"url":"/projetos?_dc=1487955810035&page=1&start=0&limit=25&sort=nomeusuario&dir=desc","ip":"::1","http_method":"GET","server":"localhost","referrer":"http://localhost:8081/","uid":"aef146b"}
[2017-02-24 18:03:30] INFO > #200: (/comboprogramadores) - [] - {"url":"/comboprogramadores?_dc=1487955810037&page=1&start=0&limit=25","ip":"::1","http_method":"GET","server":"localhost","referrer":"http://localhost:8081/","uid":"e09860c"}
[2017-02-24 18:04:05] INFO > #200: (/comboprojeto) - [] - {"url":"/comboprojeto?_dc=1487955845383&page=1&start=0&limit=25","ip":"::1","http_method":"OPTIONS","server":"localhost","referrer":"http://localhost:8081/","uid":"25ebbbe"}
[2017-02-24 18:04:05] INFO > #200: (/projetos) - [] - {"url":"/projetos?_dc=1487955845389&page=1&start=0&limit=25&sort=nomeusuario&dir=desc","ip":"::1","http_method":"OPTIONS","server":"localhost","referrer":"http://localhost:8081/","uid":"a50e2dd"}
[2017-02-24 18:04:05] INFO > #200: (/comboprogramadores) - [] - {"url":"/comboprogramadores?_dc=1487955845390&page=1&start=0&limit=25","ip":"::1","http_method":"OPTIONS","server":"localhost","referrer":"http://localhost:8081/","uid":"d90474d"}
[2017-02-24 18:04:05] INFO > #200: (/comboprojeto) - [] - {"url":"/comboprojeto?_dc=1487955845383&page=1&start=0&limit=25","ip":"::1","http_method":"GET","server":"localhost","referrer":"http://localhost:8081/","uid":"74dffbc"}
[2017-02-24 18:04:05] INFO > #200: (/projetos) - [] - {"url":"/projetos?_dc=1487955845389&page=1&start=0&limit=25&sort=nomeusuario&dir=desc","ip":"::1","http_method":"GET","server":"localhost","referrer":"http://localhost:8081/","uid":"893d7b6"}
[2017-02-24 18:04:05] INFO > #200: (/comboprogramadores) - [] - {"url":"/comboprogramadores?_dc=1487955845390&page=1&start=0&limit=25","ip":"::1","http_method":"GET","server":"localhost","referrer":"http://localhost:8081/","uid":"950af39"}
[2017-02-24 18:04:24] INFO > #200: (/sprint) - [] - {"url":"/sprint","ip":"::1","http_method":"POST","server":"localhost","referrer":"http://localhost:8081/","uid":"8218346"}
[2017-02-24 18:06:19] INFO > #200: (/sprint) - [] - {"url":"/sprint","ip":"::1","http_method":"POST","server":"localhost","referrer":"http://localhost:8081/","uid":"3e27540"}
[2017-02-24 18:07:06] INFO > #200: (/sprint) - [] - {"url":"/sprint","ip":"::1","http_method":"OPTIONS","server":"localhost","referrer":"http://localhost:8081/","uid":"75413cf"}
[2017-02-24 18:08:30] INFO > #200: (/sprint) - [] - {"url":"/sprint","ip":"::1","http_method":"POST","server":"localhost","referrer":"http://localhost:8081/","uid":"0dc358f"}
[2017-02-24 18:09:44] INFO > #200: (/sprint) - [] - {"url":"/sprint","ip":"::1","http_method":"POST","server":"localhost","referrer":"http://localhost:8081/","uid":"667dd2d"}
[2017-02-24 18:11:17] INFO > #200: (/comboprojeto) - [] - {"url":"/comboprojeto?_dc=1487956277629&page=1&start=0&limit=25","ip":"::1","http_method":"OPTIONS","server":"localhost","referrer":"http://localhost:8081/","uid":"eeff6fe"}
[2017-02-24 18:11:17] INFO > #200: (/projetos) - [] - {"url":"/projetos?_dc=1487956277638&page=1&start=0&limit=25&sort=nomeusuario&dir=desc","ip":"::1","http_method":"OPTIONS","server":"localhost","referrer":"http://localhost:8081/","uid":"1de2c58"}
[2017-02-24 18:11:17] INFO > #200: (/comboprogramadores) - [] - {"url":"/comboprogramadores?_dc=1487956277640&page=1&start=0&limit=25","ip":"::1","http_method":"OPTIONS","server":"localhost","referrer":"http://localhost:8081/","uid":"9cc6e56"}
[2017-02-24 18:11:17] INFO > #200: (/comboprojeto) - [] - {"url":"/comboprojeto?_dc=1487956277629&page=1&start=0&limit=25","ip":"::1","http_method":"GET","server":"localhost","referrer":"http://localhost:8081/","uid":"24522cf"}
[2017-02-24 18:11:17] INFO > #200: (/projetos) - [] - {"url":"/projetos?_dc=1487956277638&page=1&start=0&limit=25&sort=nomeusuario&dir=desc","ip":"::1","http_method":"GET","server":"localhost","referrer":"http://localhost:8081/","uid":"4aedd38"}
[2017-02-24 18:11:17] INFO > #200: (/comboprogramadores) - [] - {"url":"/comboprogramadores?_dc=1487956277640&page=1&start=0&limit=25","ip":"::1","http_method":"GET","server":"localhost","referrer":"http://localhost:8081/","uid":"90c6e95"}
[2017-02-24 18:12:09] INFO > #200: (/sprint) - [] - {"url":"/sprint","ip":"::1","http_method":"POST","server":"localhost","referrer":"http://localhost:8081/","uid":"8675e87"}
[2017-02-24 18:12:57] INFO > #200: (/comboprojeto) - [] - {"url":"/comboprojeto?_dc=1487956377224&page=1&start=0&limit=25","ip":"::1","http_method":"OPTIONS","server":"localhost","referrer":"http://localhost:8081/","uid":"d8e7bc2"}
[2017-02-24 18:12:57] INFO > #200: (/projetos) - [] - {"url":"/projetos?_dc=1487956377229&page=1&start=0&limit=25&sort=nomeusuario&dir=desc","ip":"::1","http_method":"OPTIONS","server":"localhost","referrer":"http://localhost:8081/","uid":"02554ea"}
[2017-02-24 18:12:57] INFO > #200: (/comboprogramadores) - [] - {"url":"/comboprogramadores?_dc=1487956377231&page=1&start=0&limit=25","ip":"::1","http_method":"OPTIONS","server":"localhost","referrer":"http://localhost:8081/","uid":"def7358"}
[2017-02-24 18:12:57] INFO > #200: (/comboprojeto) - [] - {"url":"/comboprojeto?_dc=1487956377224&page=1&start=0&limit=25","ip":"::1","http_method":"GET","server":"localhost","referrer":"http://localhost:8081/","uid":"c346ac3"}
[2017-02-24 18:12:57] INFO > #200: (/projetos) - [] - {"url":"/projetos?_dc=1487956377229&page=1&start=0&limit=25&sort=nomeusuario&dir=desc","ip":"::1","http_method":"GET","server":"localhost","referrer":"http://localhost:8081/","uid":"ef75689"}
[2017-02-24 18:12:57] INFO > #200: (/comboprogramadores) - [] - {"url":"/comboprogramadores?_dc=1487956377231&page=1&start=0&limit=25","ip":"::1","http_method":"GET","server":"localhost","referrer":"http://localhost:8081/","uid":"d41c6e9"}
[2017-02-24 18:14:13] INFO > #200: (/comboprojeto) - [] - {"url":"/comboprojeto?_dc=1487956453547&page=1&start=0&limit=25","ip":"::1","http_method":"OPTIONS","server":"localhost","referrer":"http://localhost:8081/","uid":"cb79ffc"}
[2017-02-24 18:14:13] INFO > #200: (/projetos) - [] - {"url":"/projetos?_dc=1487956453551&page=1&start=0&limit=25&sort=nomeusuario&dir=desc","ip":"::1","http_method":"OPTIONS","server":"localhost","referrer":"http://localhost:8081/","uid":"f1719db"}
[2017-02-24 18:14:13] INFO > #200: (/comboprogramadores) - [] - {"url":"/comboprogramadores?_dc=1487956453553&page=1&start=0&limit=25","ip":"::1","http_method":"OPTIONS","server":"localhost","referrer":"http://localhost:8081/","uid":"82d01ca"}
[2017-02-24 18:14:13] INFO > #200: (/comboprojeto) - [] - {"url":"/comboprojeto?_dc=1487956453547&page=1&start=0&limit=25","ip":"::1","http_method":"GET","server":"localhost","referrer":"http://localhost:8081/","uid":"0d50649"}
[2017-02-24 18:14:13] INFO > #200: (/projetos) - [] - {"url":"/projetos?_dc=1487956453551&page=1&start=0&limit=25&sort=nomeusuario&dir=desc","ip":"::1","http_method":"GET","server":"localhost","referrer":"http://localhost:8081/","uid":"adadda3"}
[2017-02-24 18:14:13] INFO > #200: (/comboprogramadores) - [] - {"url":"/comboprogramadores?_dc=1487956453553&page=1&start=0&limit=25","ip":"::1","http_method":"GET","server":"localhost","referrer":"http://localhost:8081/","uid":"4f8cdda"}
[2017-02-24 18:14:36] INFO > #200: (/sprint) - [] - {"url":"/sprint","ip":"::1","http_method":"POST","server":"localhost","referrer":"http://localhost:8081/","uid":"d2c674b"}
[2017-02-24 18:15:31] INFO > #200: (/comboprojeto) - [] - {"url":"/comboprojeto?_dc=1487956531010&page=1&start=0&limit=25","ip":"::1","http_method":"OPTIONS","server":"localhost","referrer":"http://localhost:8081/","uid":"9526817"}
[2017-02-24 18:15:31] INFO > #200: (/projetos) - [] - {"url":"/projetos?_dc=1487956531015&page=1&start=0&limit=25&sort=nomeusuario&dir=desc","ip":"::1","http_method":"OPTIONS","server":"localhost","referrer":"http://localhost:8081/","uid":"bf5e9dd"}
[2017-02-24 18:15:31] INFO > #200: (/comboprogramadores) - [] - {"url":"/comboprogramadores?_dc=1487956531016&page=1&start=0&limit=25","ip":"::1","http_method":"OPTIONS","server":"localhost","referrer":"http://localhost:8081/","uid":"cadd387"}
[2017-02-24 18:15:31] INFO > #200: (/comboprojeto) - [] - {"url":"/comboprojeto?_dc=1487956531010&page=1&start=0&limit=25","ip":"::1","http_method":"GET","server":"localhost","referrer":"http://localhost:8081/","uid":"6758bb9"}
[2017-02-24 18:15:31] INFO > #200: (/projetos) - [] - {"url":"/projetos?_dc=1487956531015&page=1&start=0&limit=25&sort=nomeusuario&dir=desc","ip":"::1","http_method":"GET","server":"localhost","referrer":"http://localhost:8081/","uid":"70470d9"}
[2017-02-24 18:15:31] INFO > #200: (/comboprogramadores) - [] - {"url":"/comboprogramadores?_dc=1487956531016&page=1&start=0&limit=25","ip":"::1","http_method":"GET","server":"localhost","referrer":"http://localhost:8081/","uid":"69b6f99"}
[2017-02-24 18:15:54] INFO > #200: (/sprint) - [] - {"url":"/sprint","ip":"::1","http_method":"POST","server":"localhost","referrer":"http://localhost:8081/","uid":"690103c"}
[2017-02-24 18:16:40] INFO > #200: (/comboprojeto) - [] - {"url":"/comboprojeto?_dc=1487956600920&page=1&start=0&limit=25","ip":"::1","http_method":"OPTIONS","server":"localhost","referrer":"http://localhost:8081/","uid":"27a95c9"}
[2017-02-24 18:16:40] INFO > #200: (/projetos) - [] - {"url":"/projetos?_dc=1487956600924&page=1&start=0&limit=25&sort=nomeusuario&dir=desc","ip":"::1","http_method":"OPTIONS","server":"localhost","referrer":"http://localhost:8081/","uid":"cd2099d"}
[2017-02-24 18:16:40] INFO > #200: (/comboprogramadores) - [] - {"url":"/comboprogramadores?_dc=1487956600926&page=1&start=0&limit=25","ip":"::1","http_method":"OPTIONS","server":"localhost","referrer":"http://localhost:8081/","uid":"fec0c2d"}
[2017-02-24 18:16:41] INFO > #200: (/comboprojeto) - [] - {"url":"/comboprojeto?_dc=1487956600920&page=1&start=0&limit=25","ip":"::1","http_method":"GET","server":"localhost","referrer":"http://localhost:8081/","uid":"2e6023b"}
[2017-02-24 18:16:41] INFO > #200: (/projetos) - [] - {"url":"/projetos?_dc=1487956600924&page=1&start=0&limit=25&sort=nomeusuario&dir=desc","ip":"::1","http_method":"GET","server":"localhost","referrer":"http://localhost:8081/","uid":"13a7739"}
[2017-02-24 18:16:41] INFO > #200: (/comboprogramadores) - [] - {"url":"/comboprogramadores?_dc=1487956600926&page=1&start=0&limit=25","ip":"::1","http_method":"GET","server":"localhost","referrer":"http://localhost:8081/","uid":"5908b1b"}
[2017-02-24 18:17:00] INFO > #200: (/sprint) - [] - {"url":"/sprint","ip":"::1","http_method":"POST","server":"localhost","referrer":"http://localhost:8081/","uid":"42e4afe"}
[2017-02-24 18:18:25] INFO > #200: (/comboprojeto) - [] - {"url":"/comboprojeto?_dc=1487956705629&page=1&start=0&limit=25","ip":"::1","http_method":"OPTIONS","server":"localhost","referrer":"http://localhost:8081/","uid":"77dfcb3"}
[2017-02-24 18:18:25] INFO > #200: (/projetos) - [] - {"url":"/projetos?_dc=1487956705633&page=1&start=0&limit=25&sort=nomeusuario&dir=desc","ip":"::1","http_method":"OPTIONS","server":"localhost","referrer":"http://localhost:8081/","uid":"e7b0772"}
[2017-02-24 18:18:25] INFO > #200: (/comboprogramadores) - [] - {"url":"/comboprogramadores?_dc=1487956705635&page=1&start=0&limit=25","ip":"::1","http_method":"OPTIONS","server":"localhost","referrer":"http://localhost:8081/","uid":"540aeb3"}
[2017-02-24 18:18:25] INFO > #200: (/comboprojeto) - [] - {"url":"/comboprojeto?_dc=1487956705629&page=1&start=0&limit=25","ip":"::1","http_method":"GET","server":"localhost","referrer":"http://localhost:8081/","uid":"e779a68"}
[2017-02-24 18:18:25] INFO > #200: (/projetos) - [] - {"url":"/projetos?_dc=1487956705633&page=1&start=0&limit=25&sort=nomeusuario&dir=desc","ip":"::1","http_method":"GET","server":"localhost","referrer":"http://localhost:8081/","uid":"6b32aa3"}
[2017-02-24 18:18:25] INFO > #200: (/comboprogramadores) - [] - {"url":"/comboprogramadores?_dc=1487956705635&page=1&start=0&limit=25","ip":"::1","http_method":"GET","server":"localhost","referrer":"http://localhost:8081/","uid":"28696db"}
[2017-02-24 18:19:25] INFO > #200: (/sprint) - [] - {"url":"/sprint","ip":"::1","http_method":"OPTIONS","server":"localhost","referrer":"http://localhost:8081/","uid":"eb9543d"}
[2017-02-24 18:19:25] INFO > #200: (/sprint) - [] - {"url":"/sprint","ip":"::1","http_method":"POST","server":"localhost","referrer":"http://localhost:8081/","uid":"4bd6f3c"}
[2017-02-24 18:21:38] INFO > #200: (/comboprojeto) - [] - {"url":"/comboprojeto?_dc=1487956898807&page=1&start=0&limit=25","ip":"::1","http_method":"OPTIONS","server":"localhost","referrer":"http://localhost:8081/","uid":"e3749ec"}
[2017-02-24 18:21:38] INFO > #200: (/projetos) - [] - {"url":"/projetos?_dc=1487956898813&page=1&start=0&limit=25&sort=nomeusuario&dir=desc","ip":"::1","http_method":"OPTIONS","server":"localhost","referrer":"http://localhost:8081/","uid":"a474272"}
[2017-02-24 18:21:38] INFO > #200: (/comboprogramadores) - [] - {"url":"/comboprogramadores?_dc=1487956898815&page=1&start=0&limit=25","ip":"::1","http_method":"OPTIONS","server":"localhost","referrer":"http://localhost:8081/","uid":"39ef8ee"}
[2017-02-24 18:21:38] INFO > #200: (/comboprojeto) - [] - {"url":"/comboprojeto?_dc=1487956898807&page=1&start=0&limit=25","ip":"::1","http_method":"GET","server":"localhost","referrer":"http://localhost:8081/","uid":"99b0279"}
[2017-02-24 18:21:38] INFO > #200: (/projetos) - [] - {"url":"/projetos?_dc=1487956898813&page=1&start=0&limit=25&sort=nomeusuario&dir=desc","ip":"::1","http_method":"GET","server":"localhost","referrer":"http://localhost:8081/","uid":"35ae1a3"}
[2017-02-24 18:21:38] INFO > #200: (/comboprogramadores) - [] - {"url":"/comboprogramadores?_dc=1487956898815&page=1&start=0&limit=25","ip":"::1","http_method":"GET","server":"localhost","referrer":"http://localhost:8081/","uid":"33ee160"}
[2017-02-24 18:22:18] INFO > #200: (/sprint) - [] - {"url":"/sprint","ip":"::1","http_method":"POST","server":"localhost","referrer":"http://localhost:8081/","uid":"5ceea07"}
[2017-02-24 18:26:20] INFO > #200: (/comboprojeto) - [] - {"url":"/comboprojeto?_dc=1487957180878&page=1&start=0&limit=25","ip":"::1","http_method":"OPTIONS","server":"localhost","referrer":"http://localhost:8081/","uid":"e758060"}
[2017-02-24 18:26:20] INFO > #200: (/comboprogramadores) - [] - {"url":"/comboprogramadores?_dc=1487957180882&page=1&start=0&limit=25","ip":"::1","http_method":"OPTIONS","server":"localhost","referrer":"http://localhost:8081/","uid":"228bafc"}
[2017-02-24 18:26:20] INFO > #200: (/comboprojeto) - [] - {"url":"/comboprojeto?_dc=1487957180878&page=1&start=0&limit=25","ip":"::1","http_method":"GET","server":"localhost","referrer":"http://localhost:8081/","uid":"ba6aa81"}
[2017-02-24 18:26:20] INFO > #200: (/comboprogramadores) - [] - {"url":"/comboprogramadores?_dc=1487957180882&page=1&start=0&limit=25","ip":"::1","http_method":"GET","server":"localhost","referrer":"http://localhost:8081/","uid":"121d274"}
[2017-02-24 19:19:09] INFO > #200: (/sprint/13) - [] - {"url":"/sprint/13","ip":"::1","http_method":"GET","server":"localhost","referrer":null,"uid":"ba604b9"}
[2017-02-24 19:21:49] INFO > #200: (/comboprojeto) - [] - {"url":"/comboprojeto?_dc=1487960509395&page=1&start=0&limit=25","ip":"::1","http_method":"OPTIONS","server":"localhost","referrer":"http://localhost:8081/","uid":"13799ad"}
[2017-02-24 19:21:49] INFO > #200: (/comboprogramadores) - [] - {"url":"/comboprogramadores?_dc=1487960509399&page=1&start=0&limit=25","ip":"::1","http_method":"OPTIONS","server":"localhost","referrer":"http://localhost:8081/","uid":"1d3cd91"}
[2017-02-24 19:21:49] INFO > #200: (/comboprojeto) - [] - {"url":"/comboprojeto?_dc=1487960509395&page=1&start=0&limit=25","ip":"::1","http_method":"GET","server":"localhost","referrer":"http://localhost:8081/","uid":"19dc989"}
[2017-02-24 19:21:49] INFO > #200: (/comboprogramadores) - [] - {"url":"/comboprogramadores?_dc=1487960509399&page=1&start=0&limit=25","ip":"::1","http_method":"GET","server":"localhost","referrer":"http://localhost:8081/","uid":"df37216"}
[2017-02-24 19:22:12] INFO > #200: (/comboprojeto) - [] - {"url":"/comboprojeto?_dc=1487960532526&page=1&start=0&limit=25","ip":"::1","http_method":"OPTIONS","server":"localhost","referrer":"http://localhost:8081/","uid":"e291b72"}
[2017-02-24 19:22:12] INFO > #200: (/comboprogramadores) - [] - {"url":"/comboprogramadores?_dc=1487960532529&page=1&start=0&limit=25","ip":"::1","http_method":"OPTIONS","server":"localhost","referrer":"http://localhost:8081/","uid":"635ba5e"}
[2017-02-24 19:22:12] INFO > #200: (/comboprojeto) - [] - {"url":"/comboprojeto?_dc=1487960532526&page=1&start=0&limit=25","ip":"::1","http_method":"GET","server":"localhost","referrer":"http://localhost:8081/","uid":"80853ba"}
[2017-02-24 19:22:12] INFO > #200: (/comboprogramadores) - [] - {"url":"/comboprogramadores?_dc=1487960532529&page=1&start=0&limit=25","ip":"::1","http_method":"GET","server":"localhost","referrer":"http://localhost:8081/","uid":"b4f45d8"}
[2017-02-24 19:22:18] INFO > #200: (/sprint/13) - [] - {"url":"/sprint/13","ip":"::1","http_method":"OPTIONS","server":"localhost","referrer":"http://localhost:8081/","uid":"dc2aeaf"}
[2017-02-24 19:22:18] INFO > #200: (/sprint/13) - [] - {"url":"/sprint/13","ip":"::1","http_method":"GET","server":"localhost","referrer":"http://localhost:8081/","uid":"c6781d2"}
[2017-02-24 19:22:27] INFO > #200: (/sprint/14) - [] - {"url":"/sprint/14","ip":"::1","http_method":"OPTIONS","server":"localhost","referrer":"http://localhost:8081/","uid":"7120e16"}
[2017-02-24 19:22:27] INFO > #200: (/sprint/14) - [] - {"url":"/sprint/14","ip":"::1","http_method":"GET","server":"localhost","referrer":"http://localhost:8081/","uid":"79d429b"}
[2017-02-24 19:22:32] INFO > #200: (/sprint/8) - [] - {"url":"/sprint/8","ip":"::1","http_method":"OPTIONS","server":"localhost","referrer":"http://localhost:8081/","uid":"ff3e153"}
[2017-02-24 19:22:32] INFO > #200: (/sprint/8) - [] - {"url":"/sprint/8","ip":"::1","http_method":"GET","server":"localhost","referrer":"http://localhost:8081/","uid":"5fe2178"}
[2017-02-24 19:22:39] INFO > #200: (/sprint/13) - [] - {"url":"/sprint/13","ip":"::1","http_method":"GET","server":"localhost","referrer":"http://localhost:8081/","uid":"c78438b"}
[2017-02-24 19:25:29] INFO > #200: (/sprint) - [] - {"url":"/sprint","ip":"::1","http_method":"OPTIONS","server":"localhost","referrer":"http://localhost:8081/","uid":"b95180f"}
[2017-02-24 19:25:29] INFO > #200: (/sprint) - [] - {"url":"/sprint","ip":"::1","http_method":"POST","server":"localhost","referrer":"http://localhost:8081/","uid":"7603f58"}
[2017-02-24 19:25:50] INFO > #200: (/comboprojeto) - [] - {"url":"/comboprojeto?_dc=1487960750443&page=1&start=0&limit=25","ip":"::1","http_method":"OPTIONS","server":"localhost","referrer":"http://localhost:8081/","uid":"b05e435"}
[2017-02-24 19:25:50] INFO > #200: (/comboprogramadores) - [] - {"url":"/comboprogramadores?_dc=1487960750447&page=1&start=0&limit=25","ip":"::1","http_method":"OPTIONS","server":"localhost","referrer":"http://localhost:8081/","uid":"bcd42a4"}
[2017-02-24 19:25:50] INFO > #200: (/comboprojeto) - [] - {"url":"/comboprojeto?_dc=1487960750443&page=1&start=0&limit=25","ip":"::1","http_method":"GET","server":"localhost","referrer":"http://localhost:8081/","uid":"c4ee9d7"}
[2017-02-24 19:25:50] INFO > #200: (/comboprogramadores) - [] - {"url":"/comboprogramadores?_dc=1487960750447&page=1&start=0&limit=25","ip":"::1","http_method":"GET","server":"localhost","referrer":"http://localhost:8081/","uid":"19c71a1"}
[2017-02-24 19:25:53] INFO > #200: (/sprint/13) - [] - {"url":"/sprint/13","ip":"::1","http_method":"GET","server":"localhost","referrer":"http://localhost:8081/","uid":"35cacee"}
[2017-02-24 19:28:40] INFO > #200: (/comboprojeto) - [] - {"url":"/comboprojeto?_dc=1487960920289&page=1&start=0&limit=25","ip":"::1","http_method":"OPTIONS","server":"localhost","referrer":"http://localhost:8081/","uid":"83299df"}
[2017-02-24 19:28:40] INFO > #200: (/comboprogramadores) - [] - {"url":"/comboprogramadores?_dc=1487960920293&page=1&start=0&limit=25","ip":"::1","http_method":"OPTIONS","server":"localhost","referrer":"http://localhost:8081/","uid":"e376d93"}
[2017-02-24 19:28:40] INFO > #200: (/comboprojeto) - [] - {"url":"/comboprojeto?_dc=1487960920289&page=1&start=0&limit=25","ip":"::1","http_method":"GET","server":"localhost","referrer":"http://localhost:8081/","uid":"9357a0f"}
[2017-02-24 19:28:40] INFO > #200: (/comboprogramadores) - [] - {"url":"/comboprogramadores?_dc=1487960920293&page=1&start=0&limit=25","ip":"::1","http_method":"GET","server":"localhost","referrer":"http://localhost:8081/","uid":"5d6847b"}
[2017-02-24 19:28:43] INFO > #200: (/sprint/13) - [] - {"url":"/sprint/13","ip":"::1","http_method":"GET","server":"localhost","referrer":"http://localhost:8081/","uid":"9a40a12"}
[2017-02-24 19:32:06] INFO > #200: (/comboprojeto) - [] - {"url":"/comboprojeto?_dc=1487961126005&page=1&start=0&limit=25","ip":"::1","http_method":"OPTIONS","server":"localhost","referrer":"http://localhost:8081/","uid":"04d1517"}
[2017-02-24 19:32:06] INFO > #200: (/comboprogramadores) - [] - {"url":"/comboprogramadores?_dc=1487961126010&page=1&start=0&limit=25","ip":"::1","http_method":"OPTIONS","server":"localhost","referrer":"http://localhost:8081/","uid":"04a6c8d"}
[2017-02-24 19:32:06] INFO > #200: (/comboprojeto) - [] - {"url":"/comboprojeto?_dc=1487961126005&page=1&start=0&limit=25","ip":"::1","http_method":"GET","server":"localhost","referrer":"http://localhost:8081/","uid":"64691a8"}
[2017-02-24 19:32:06] INFO > #200: (/comboprogramadores) - [] - {"url":"/comboprogramadores?_dc=1487961126010&page=1&start=0&limit=25","ip":"::1","http_method":"GET","server":"localhost","referrer":"http://localhost:8081/","uid":"4db1080"}
[2017-02-24 19:32:08] INFO > #200: (/sprint/13) - [] - {"url":"/sprint/13","ip":"::1","http_method":"GET","server":"localhost","referrer":"http://localhost:8081/","uid":"db94240"}
[2017-02-24 19:32:44] INFO > #200: (/comboprojeto) - [] - {"url":"/comboprojeto?_dc=1487961164052&page=1&start=0&limit=25","ip":"::1","http_method":"OPTIONS","server":"localhost","referrer":"http://localhost:8081/","uid":"8528b6e"}
[2017-02-24 19:32:44] INFO > #200: (/comboprogramadores) - [] - {"url":"/comboprogramadores?_dc=1487961164055&page=1&start=0&limit=25","ip":"::1","http_method":"OPTIONS","server":"localhost","referrer":"http://localhost:8081/","uid":"448e877"}
[2017-02-24 19:32:44] INFO > #200: (/comboprojeto) - [] - {"url":"/comboprojeto?_dc=1487961164052&page=1&start=0&limit=25","ip":"::1","http_method":"GET","server":"localhost","referrer":"http://localhost:8081/","uid":"d444987"}
[2017-02-24 19:32:44] INFO > #200: (/comboprogramadores) - [] - {"url":"/comboprogramadores?_dc=1487961164055&page=1&start=0&limit=25","ip":"::1","http_method":"GET","server":"localhost","referrer":"http://localhost:8081/","uid":"f2a5801"}
[2017-02-24 19:32:46] INFO > #200: (/sprint/13) - [] - {"url":"/sprint/13","ip":"::1","http_method":"OPTIONS","server":"localhost","referrer":"http://localhost:8081/","uid":"6e84b68"}
[2017-02-24 19:32:46] INFO > #200: (/sprint/13) - [] - {"url":"/sprint/13","ip":"::1","http_method":"GET","server":"localhost","referrer":"http://localhost:8081/","uid":"f38e00e"}
[2017-02-24 19:33:03] INFO > #200: (/comboprojeto) - [] - {"url":"/comboprojeto?_dc=1487961183393&page=1&start=0&limit=25","ip":"::1","http_method":"OPTIONS","server":"localhost","referrer":"http://localhost:8081/","uid":"84a715f"}
[2017-02-24 19:33:03] INFO > #200: (/comboprogramadores) - [] - {"url":"/comboprogramadores?_dc=1487961183396&page=1&start=0&limit=25","ip":"::1","http_method":"OPTIONS","server":"localhost","referrer":"http://localhost:8081/","uid":"bc23b66"}
[2017-02-24 19:33:03] INFO > #200: (/comboprojeto) - [] - {"url":"/comboprojeto?_dc=1487961183393&page=1&start=0&limit=25","ip":"::1","http_method":"GET","server":"localhost","referrer":"http://localhost:8081/","uid":"5ce147d"}
[2017-02-24 19:33:03] INFO > #200: (/comboprogramadores) - [] - {"url":"/comboprogramadores?_dc=1487961183396&page=1&start=0&limit=25","ip":"::1","http_method":"GET","server":"localhost","referrer":"http://localhost:8081/","uid":"788a442"}
[2017-02-24 19:33:05] INFO > #200: (/sprint/13) - [] - {"url":"/sprint/13","ip":"::1","http_method":"GET","server":"localhost","referrer":"http://localhost:8081/","uid":"89d9f90"}
[2017-02-24 19:33:36] INFO > #200: (/comboprojeto) - [] - {"url":"/comboprojeto?_dc=1487961216921&page=1&start=0&limit=25","ip":"::1","http_method":"OPTIONS","server":"localhost","referrer":"http://localhost:8081/","uid":"dc0ecc9"}
[2017-02-24 19:33:36] INFO > #200: (/comboprogramadores) - [] - {"url":"/comboprogramadores?_dc=1487961216925&page=1&start=0&limit=25","ip":"::1","http_method":"OPTIONS","server":"localhost","referrer":"http://localhost:8081/","uid":"7a8aa25"}
[2017-02-24 19:33:37] INFO > #200: (/comboprojeto) - [] - {"url":"/comboprojeto?_dc=1487961216921&page=1&start=0&limit=25","ip":"::1","http_method":"GET","server":"localhost","referrer":"http://localhost:8081/","uid":"3e818dc"}
[2017-02-24 19:33:37] INFO > #200: (/comboprogramadores) - [] - {"url":"/comboprogramadores?_dc=1487961216925&page=1&start=0&limit=25","ip":"::1","http_method":"GET","server":"localhost","referrer":"http://localhost:8081/","uid":"40eec54"}
[2017-02-24 19:33:39] INFO > #200: (/sprint/13) - [] - {"url":"/sprint/13","ip":"::1","http_method":"GET","server":"localhost","referrer":"http://localhost:8081/","uid":"d62e423"}
[2017-02-24 19:35:34] INFO > #200: (/comboprojeto) - [] - {"url":"/comboprojeto?_dc=1487961334185&page=1&start=0&limit=25","ip":"::1","http_method":"OPTIONS","server":"localhost","referrer":"http://localhost:8081/","uid":"470d595"}
[2017-02-24 19:35:34] INFO > #200: (/comboprogramadores) - [] - {"url":"/comboprogramadores?_dc=1487961334190&page=1&start=0&limit=25","ip":"::1","http_method":"OPTIONS","server":"localhost","referrer":"http://localhost:8081/","uid":"3f227bc"}
[2017-02-24 19:35:34] INFO > #200: (/comboprojeto) - [] - {"url":"/comboprojeto?_dc=1487961334185&page=1&start=0&limit=25","ip":"::1","http_method":"GET","server":"localhost","referrer":"http://localhost:8081/","uid":"13c78aa"}
[2017-02-24 19:35:34] INFO > #200: (/comboprogramadores) - [] - {"url":"/comboprogramadores?_dc=1487961334190&page=1&start=0&limit=25","ip":"::1","http_method":"GET","server":"localhost","referrer":"http://localhost:8081/","uid":"a3fa249"}
[2017-02-24 19:35:36] INFO > #200: (/sprint/13) - [] - {"url":"/sprint/13","ip":"::1","http_method":"GET","server":"localhost","referrer":"http://localhost:8081/","uid":"7eedae1"}
[2017-02-24 19:36:51] INFO > #200: (/comboprojeto) - [] - {"url":"/comboprojeto?_dc=1487961411063&page=1&start=0&limit=25","ip":"::1","http_method":"OPTIONS","server":"localhost","referrer":"http://localhost:8081/","uid":"6a1cb13"}
[2017-02-24 19:36:51] INFO > #200: (/comboprogramadores) - [] - {"url":"/comboprogramadores?_dc=1487961411066&page=1&start=0&limit=25","ip":"::1","http_method":"OPTIONS","server":"localhost","referrer":"http://localhost:8081/","uid":"c6d2364"}
[2017-02-24 19:36:51] INFO > #200: (/comboprojeto) - [] - {"url":"/comboprojeto?_dc=1487961411063&page=1&start=0&limit=25","ip":"::1","http_method":"GET","server":"localhost","referrer":"http://localhost:8081/","uid":"da02b86"}
[2017-02-24 19:36:51] INFO > #200: (/comboprogramadores) - [] - {"url":"/comboprogramadores?_dc=1487961411066&page=1&start=0&limit=25","ip":"::1","http_method":"GET","server":"localhost","referrer":"http://localhost:8081/","uid":"e51c11e"}
[2017-02-24 19:36:53] INFO > #200: (/sprint/13) - [] - {"url":"/sprint/13","ip":"::1","http_method":"GET","server":"localhost","referrer":"http://localhost:8081/","uid":"f09719e"}
[2017-02-24 19:37:27] INFO > #200: (/sprint) - [] - {"url":"/sprint","ip":"::1","http_method":"OPTIONS","server":"localhost","referrer":"http://localhost:8081/","uid":"ec0191b"}
[2017-02-24 19:37:27] INFO > #200: (/sprint) - [] - {"url":"/sprint","ip":"::1","http_method":"POST","server":"localhost","referrer":"http://localhost:8081/","uid":"f44c6a2"}
[2017-02-24 19:37:30] INFO > #200: (/sprint/13) - [] - {"url":"/sprint/13","ip":"::1","http_method":"GET","server":"localhost","referrer":"http://localhost:8081/","uid":"8464446"}
