[2017-01-17 12:54:08] INFO > #200: (/programadores) - [] - {"url":"/programadores?_dc=1484654048751&page=1&start=0&limit=25&sort=nomeprogramador&dir=desc","ip":"::1","http_method":"OPTIONS","server":"localhost","referrer":"http://localhost:8081/","uid":"670602a"}
[2017-01-17 12:54:08] INFO > #200: (/programadores) - [] - {"url":"/programadores?_dc=1484654048751&page=1&start=0&limit=25&sort=nomeprogramador&dir=desc","ip":"::1","http_method":"GET","server":"localhost","referrer":"http://localhost:8081/","uid":"4a7fb31"}
[2017-01-17 12:54:26] INFO > #200: (/programadores) - [] - {"url":"/programadores?_dc=1484654066039&page=1&start=0&limit=25&sort=nomeprogramador&dir=desc","ip":"::1","http_method":"OPTIONS","server":"localhost","referrer":"http://localhost:8081/","uid":"adb2cfe"}
[2017-01-17 12:54:26] INFO > #200: (/programadores) - [] - {"url":"/programadores?_dc=1484654066039&page=1&start=0&limit=25&sort=nomeprogramador&dir=desc","ip":"::1","http_method":"GET","server":"localhost","referrer":"http://localhost:8081/","uid":"5247ab6"}
[2017-01-17 12:57:30] INFO > #200: (/programadores) - [] - {"url":"/programadores","ip":"::1","http_method":"OPTIONS","server":"localhost","referrer":"http://localhost:8081/","uid":"6caab45"}
[2017-01-17 12:57:30] INFO > #200: (/programadores) - [] - {"url":"/programadores","ip":"::1","http_method":"GET","server":"localhost","referrer":"http://localhost:8081/","uid":"1231ffe"}
[2017-01-17 12:57:39] INFO > #200: (/programadores/fabio) - [] - {"url":"/programadores/fabio","ip":"::1","http_method":"OPTIONS","server":"localhost","referrer":"http://localhost:8081/","uid":"46b34ba"}
[2017-01-17 12:57:39] INFO > #200: (/programadores/fabio) - [] - {"url":"/programadores/fabio","ip":"::1","http_method":"GET","server":"localhost","referrer":"http://localhost:8081/","uid":"8f5008c"}
[2017-01-17 12:58:08] INFO > #200: (/programadores) - [] - {"url":"/programadores","ip":"::1","http_method":"GET","server":"localhost","referrer":"http://localhost:8081/","uid":"0579bf5"}
[2017-01-17 12:59:22] INFO > #200: (/programadores) - [] - {"url":"/programadores?_dc=1484654362002&page=1&start=0&limit=25&sort=nomeprogramador&dir=desc","ip":"::1","http_method":"OPTIONS","server":"localhost","referrer":"http://localhost:8081/","uid":"938d6c5"}
[2017-01-17 12:59:22] INFO > #200: (/programadores) - [] - {"url":"/programadores?_dc=1484654362002&page=1&start=0&limit=25&sort=nomeprogramador&dir=desc","ip":"::1","http_method":"GET","server":"localhost","referrer":"http://localhost:8081/","uid":"b5251e9"}
[2017-01-17 12:59:24] INFO > #200: (/programadores) - [] - {"url":"/programadores?_dc=1484654364540&page=1&start=0&limit=25&sort=nomeprogramador&dir=desc","ip":"::1","http_method":"OPTIONS","server":"localhost","referrer":"http://localhost:8081/","uid":"f77bbd1"}
[2017-01-17 12:59:24] INFO > #200: (/programadores) - [] - {"url":"/programadores?_dc=1484654364540&page=1&start=0&limit=25&sort=nomeprogramador&dir=desc","ip":"::1","http_method":"GET","server":"localhost","referrer":"http://localhost:8081/","uid":"133e679"}
[2017-01-17 13:01:46] INFO > #200: (/programadores) - [] - {"url":"/programadores?_dc=1484654505982&page=1&start=0&limit=25&sort=nomeprogramador&dir=desc","ip":"::1","http_method":"OPTIONS","server":"localhost","referrer":"http://localhost:8081/","uid":"f2e2e98"}
[2017-01-17 13:01:46] INFO > #200: (/programadores) - [] - {"url":"/programadores?_dc=1484654505982&page=1&start=0&limit=25&sort=nomeprogramador&dir=desc","ip":"::1","http_method":"GET","server":"localhost","referrer":"http://localhost:8081/","uid":"1e90835"}
[2017-01-17 13:01:50] INFO > #200: (/programadores) - [] - {"url":"/programadores?_dc=1484654510361&page=1&start=0&limit=25&sort=nomeprogramador&dir=desc","ip":"::1","http_method":"OPTIONS","server":"localhost","referrer":"http://localhost:8081/","uid":"984970a"}
[2017-01-17 13:01:50] INFO > #200: (/programadores) - [] - {"url":"/programadores?_dc=1484654510361&page=1&start=0&limit=25&sort=nomeprogramador&dir=desc","ip":"::1","http_method":"GET","server":"localhost","referrer":"http://localhost:8081/","uid":"0fba41f"}
[2017-01-17 13:03:25] INFO > #200: (/programadores) - [] - {"url":"/programadores?_dc=1484654605903&page=1&start=0&limit=25&sort=nomeprogramador&dir=desc","ip":"::1","http_method":"OPTIONS","server":"localhost","referrer":"http://localhost:8081/","uid":"894f704"}
[2017-01-17 13:03:25] INFO > #200: (/programadores) - [] - {"url":"/programadores?_dc=1484654605903&page=1&start=0&limit=25&sort=nomeprogramador&dir=desc","ip":"::1","http_method":"GET","server":"localhost","referrer":"http://localhost:8081/","uid":"2106a23"}
[2017-01-17 13:03:26] INFO > #200: (/programadores) - [] - {"url":"/programadores?_dc=1484654606603&page=1&start=0&limit=25&sort=nomeprogramador&dir=desc","ip":"::1","http_method":"OPTIONS","server":"localhost","referrer":"http://localhost:8081/","uid":"e78b4f9"}
[2017-01-17 13:03:26] INFO > #200: (/programadores) - [] - {"url":"/programadores?_dc=1484654606603&page=1&start=0&limit=25&sort=nomeprogramador&dir=desc","ip":"::1","http_method":"GET","server":"localhost","referrer":"http://localhost:8081/","uid":"e52e085"}
[2017-01-17 13:03:29] INFO > #200: (/programadores) - [] - {"url":"/programadores?_dc=1484654609933&page=1&start=0&limit=25&sort=nomeprogramador&dir=desc","ip":"::1","http_method":"OPTIONS","server":"localhost","referrer":"http://localhost:8081/","uid":"fbc5e88"}
[2017-01-17 13:03:30] INFO > #200: (/programadores) - [] - {"url":"/programadores?_dc=1484654609933&page=1&start=0&limit=25&sort=nomeprogramador&dir=desc","ip":"::1","http_method":"GET","server":"localhost","referrer":"http://localhost:8081/","uid":"3e94070"}
[2017-01-17 13:03:30] INFO > #200: (/programadores) - [] - {"url":"/programadores?_dc=1484654610757&page=1&start=0&limit=25&sort=nomeprogramador&dir=desc","ip":"::1","http_method":"OPTIONS","server":"localhost","referrer":"http://localhost:8081/","uid":"c014788"}
[2017-01-17 13:03:30] INFO > #200: (/programadores) - [] - {"url":"/programadores?_dc=1484654610757&page=1&start=0&limit=25&sort=nomeprogramador&dir=desc","ip":"::1","http_method":"GET","server":"localhost","referrer":"http://localhost:8081/","uid":"62397b9"}
[2017-01-17 13:03:31] INFO > #200: (/programadores) - [] - {"url":"/programadores?_dc=1484654611379&page=1&start=0&limit=25&sort=nomeprogramador&dir=desc","ip":"::1","http_method":"OPTIONS","server":"localhost","referrer":"http://localhost:8081/","uid":"7d30b40"}
[2017-01-17 13:03:31] INFO > #200: (/programadores) - [] - {"url":"/programadores?_dc=1484654611379&page=1&start=0&limit=25&sort=nomeprogramador&dir=desc","ip":"::1","http_method":"GET","server":"localhost","referrer":"http://localhost:8081/","uid":"adff36c"}
[2017-01-17 13:03:31] INFO > #200: (/programadores) - [] - {"url":"/programadores?_dc=1484654611828&page=1&start=0&limit=25&sort=nomeprogramador&dir=desc","ip":"::1","http_method":"OPTIONS","server":"localhost","referrer":"http://localhost:8081/","uid":"9efa949"}
[2017-01-17 13:03:31] INFO > #200: (/programadores) - [] - {"url":"/programadores?_dc=1484654611828&page=1&start=0&limit=25&sort=nomeprogramador&dir=desc","ip":"::1","http_method":"GET","server":"localhost","referrer":"http://localhost:8081/","uid":"d5566a5"}
[2017-01-17 13:03:32] INFO > #200: (/programadores) - [] - {"url":"/programadores?_dc=1484654612375&page=1&start=0&limit=25&sort=nomeprogramador&dir=desc","ip":"::1","http_method":"OPTIONS","server":"localhost","referrer":"http://localhost:8081/","uid":"401525d"}
[2017-01-17 13:03:32] INFO > #200: (/programadores) - [] - {"url":"/programadores?_dc=1484654612375&page=1&start=0&limit=25&sort=nomeprogramador&dir=desc","ip":"::1","http_method":"GET","server":"localhost","referrer":"http://localhost:8081/","uid":"bf276d5"}
[2017-01-17 13:03:35] INFO > #200: (/programadores) - [] - {"url":"/programadores?_dc=1484654615272&page=1&start=0&limit=25&sort=nomeprogramador&dir=desc","ip":"::1","http_method":"OPTIONS","server":"localhost","referrer":"http://localhost:8081/","uid":"521c080"}
[2017-01-17 13:03:35] INFO > #200: (/programadores) - [] - {"url":"/programadores?_dc=1484654615272&page=1&start=0&limit=25&sort=nomeprogramador&dir=desc","ip":"::1","http_method":"GET","server":"localhost","referrer":"http://localhost:8081/","uid":"5d35871"}
[2017-01-17 13:04:13] INFO > #200: (/programadores) - [] - {"url":"/programadores","ip":"::1","http_method":"GET","server":"localhost","referrer":"http://localhost:8081/","uid":"9f7cc5d"}
[2017-01-17 13:04:14] INFO > #200: (/programadores) - [] - {"url":"/programadores","ip":"::1","http_method":"GET","server":"localhost","referrer":"http://localhost:8081/","uid":"6705f47"}
[2017-01-17 13:04:14] INFO > #200: (/programadores) - [] - {"url":"/programadores","ip":"::1","http_method":"GET","server":"localhost","referrer":"http://localhost:8081/","uid":"47b3cf1"}
[2017-01-17 13:04:15] INFO > #200: (/programadores) - [] - {"url":"/programadores","ip":"::1","http_method":"GET","server":"localhost","referrer":"http://localhost:8081/","uid":"f17ffa0"}
[2017-01-17 13:04:23] INFO > #200: (/programadores) - [] - {"url":"/programadores?_dc=1484654663643&page=1&start=0&limit=25&sort=nomeprogramador&dir=desc","ip":"::1","http_method":"OPTIONS","server":"localhost","referrer":"http://localhost:8081/","uid":"2f112bf"}
[2017-01-17 13:04:23] INFO > #200: (/programadores) - [] - {"url":"/programadores?_dc=1484654663643&page=1&start=0&limit=25&sort=nomeprogramador&dir=desc","ip":"::1","http_method":"GET","server":"localhost","referrer":"http://localhost:8081/","uid":"299ac3e"}
[2017-01-17 13:04:32] INFO > #200: (/programadores) - [] - {"url":"/programadores?_dc=1484654672168&page=1&start=0&limit=25&sort=nomeprogramador&dir=desc","ip":"::1","http_method":"OPTIONS","server":"localhost","referrer":"http://localhost:8081/","uid":"df9345d"}
[2017-01-17 13:04:32] INFO > #200: (/programadores) - [] - {"url":"/programadores?_dc=1484654672168&page=1&start=0&limit=25&sort=nomeprogramador&dir=desc","ip":"::1","http_method":"GET","server":"localhost","referrer":"http://localhost:8081/","uid":"ed2c9d9"}
[2017-01-17 13:31:45] INFO > #200: (/programadores) - [] - {"url":"/programadores?_dc=1484656305136&page=1&start=0&limit=25&sort=nomeprogramador&dir=desc","ip":"::1","http_method":"OPTIONS","server":"localhost","referrer":"http://localhost:8081/","uid":"94d15c3"}
[2017-01-17 13:31:45] INFO > #200: (/programadores) - [] - {"url":"/programadores?_dc=1484656305136&page=1&start=0&limit=25&sort=nomeprogramador&dir=desc","ip":"::1","http_method":"GET","server":"localhost","referrer":"http://localhost:8081/","uid":"6162330"}
[2017-01-17 13:37:17] INFO > #200: (/programadores) - [] - {"url":"/programadores?_dc=1484656637522&page=1&start=0&limit=25&sort=nomeprogramador&dir=desc","ip":"::1","http_method":"OPTIONS","server":"localhost","referrer":"http://localhost:8081/","uid":"829387e"}
[2017-01-17 13:37:17] INFO > #200: (/programadores) - [] - {"url":"/programadores?_dc=1484656637522&page=1&start=0&limit=25&sort=nomeprogramador&dir=desc","ip":"::1","http_method":"GET","server":"localhost","referrer":"http://localhost:8081/","uid":"7bebf77"}
[2017-01-17 13:37:54] INFO > #200: (/programadores) - [] - {"url":"/programadores?_dc=1484656674091&page=1&start=0&limit=25&sort=nomeprogramador&dir=desc","ip":"::1","http_method":"OPTIONS","server":"localhost","referrer":"http://localhost:8081/","uid":"ae87298"}
[2017-01-17 13:37:54] INFO > #200: (/programadores) - [] - {"url":"/programadores?_dc=1484656674091&page=1&start=0&limit=25&sort=nomeprogramador&dir=desc","ip":"::1","http_method":"GET","server":"localhost","referrer":"http://localhost:8081/","uid":"924e24a"}
[2017-01-17 13:42:23] INFO > #200: (/programadores) - [] - {"url":"/programadores?_dc=1484656943947&page=1&start=0&limit=25&sort=nomeprogramador&dir=desc","ip":"::1","http_method":"OPTIONS","server":"localhost","referrer":"http://localhost:8081/","uid":"52e828f"}
[2017-01-17 13:42:24] INFO > #200: (/programadores) - [] - {"url":"/programadores?_dc=1484656943947&page=1&start=0&limit=25&sort=nomeprogramador&dir=desc","ip":"::1","http_method":"GET","server":"localhost","referrer":"http://localhost:8081/","uid":"143a620"}
[2017-01-17 13:45:22] INFO > #200: (/programadores) - [] - {"url":"/programadores?_dc=1484657122047&page=1&start=0&limit=25&sort=nomeprogramador&dir=desc","ip":"::1","http_method":"OPTIONS","server":"localhost","referrer":"http://localhost:8081/","uid":"2663dad"}
[2017-01-17 13:45:22] INFO > #200: (/programadores) - [] - {"url":"/programadores?_dc=1484657122047&page=1&start=0&limit=25&sort=nomeprogramador&dir=desc","ip":"::1","http_method":"GET","server":"localhost","referrer":"http://localhost:8081/","uid":"d235b3f"}
[2017-01-17 13:45:23] INFO > #200: (/programadores) - [] - {"url":"/programadores?_dc=1484657123589&page=1&start=0&limit=25&sort=nomeprogramador&dir=desc","ip":"::1","http_method":"OPTIONS","server":"localhost","referrer":"http://localhost:8081/","uid":"1af42a8"}
[2017-01-17 13:45:23] INFO > #200: (/programadores) - [] - {"url":"/programadores?_dc=1484657123589&page=1&start=0&limit=25&sort=nomeprogramador&dir=desc","ip":"::1","http_method":"GET","server":"localhost","referrer":"http://localhost:8081/","uid":"b0c861e"}
[2017-01-17 13:47:34] INFO > #200: (/programadores) - [] - {"url":"/programadores?_dc=1484657254871&page=1&start=0&limit=25&sort=nomeprogramador&dir=desc","ip":"::1","http_method":"OPTIONS","server":"localhost","referrer":"http://localhost:8081/","uid":"98026d5"}
[2017-01-17 13:47:34] INFO > #200: (/programadores) - [] - {"url":"/programadores?_dc=1484657254871&page=1&start=0&limit=25&sort=nomeprogramador&dir=desc","ip":"::1","http_method":"GET","server":"localhost","referrer":"http://localhost:8081/","uid":"62c782d"}
[2017-01-17 13:48:16] INFO > #200: (/programadores) - [] - {"url":"/programadores?_dc=1484657296528&page=1&start=0&limit=25&sort=nomeprogramador&dir=desc","ip":"::1","http_method":"OPTIONS","server":"localhost","referrer":"http://localhost:8081/","uid":"b26015b"}
[2017-01-17 13:48:16] INFO > #200: (/programadores) - [] - {"url":"/programadores?_dc=1484657296528&page=1&start=0&limit=25&sort=nomeprogramador&dir=desc","ip":"::1","http_method":"GET","server":"localhost","referrer":"http://localhost:8081/","uid":"48e4f1a"}
[2017-01-17 13:48:34] INFO > #200: (/programadores) - [] - {"url":"/programadores?_dc=1484657314172&page=1&start=0&limit=25&sort=nomeprogramador&dir=desc","ip":"::1","http_method":"OPTIONS","server":"localhost","referrer":"http://localhost:8081/","uid":"b5251c6"}
[2017-01-17 13:48:34] INFO > #200: (/programadores) - [] - {"url":"/programadores?_dc=1484657314172&page=1&start=0&limit=25&sort=nomeprogramador&dir=desc","ip":"::1","http_method":"GET","server":"localhost","referrer":"http://localhost:8081/","uid":"652823e"}
[2017-01-17 13:48:50] INFO > #200: (/programadores) - [] - {"url":"/programadores?_dc=1484657330660&page=1&start=0&limit=25&sort=nomeprogramador&dir=desc","ip":"::1","http_method":"OPTIONS","server":"localhost","referrer":"http://localhost:8081/","uid":"4731405"}
[2017-01-17 13:48:50] INFO > #200: (/programadores) - [] - {"url":"/programadores?_dc=1484657330660&page=1&start=0&limit=25&sort=nomeprogramador&dir=desc","ip":"::1","http_method":"GET","server":"localhost","referrer":"http://localhost:8081/","uid":"00f72b8"}
[2017-01-17 13:49:05] INFO > #200: (/programadores) - [] - {"url":"/programadores?_dc=1484657345079&page=1&start=0&limit=25&sort=nomeprogramador&dir=desc","ip":"::1","http_method":"OPTIONS","server":"localhost","referrer":"http://localhost:8081/","uid":"45752e9"}
[2017-01-17 13:49:05] INFO > #200: (/programadores) - [] - {"url":"/programadores?_dc=1484657345079&page=1&start=0&limit=25&sort=nomeprogramador&dir=desc","ip":"::1","http_method":"GET","server":"localhost","referrer":"http://localhost:8081/","uid":"9437a2d"}
[2017-01-17 13:52:18] INFO > #200: (/programadores) - [] - {"url":"/programadores?_dc=1484657538422&page=1&start=0&limit=25&sort=nomeprogramador&dir=desc","ip":"::1","http_method":"OPTIONS","server":"localhost","referrer":"http://localhost:8081/","uid":"115e610"}
[2017-01-17 13:52:18] INFO > #200: (/programadores) - [] - {"url":"/programadores?_dc=1484657538422&page=1&start=0&limit=25&sort=nomeprogramador&dir=desc","ip":"::1","http_method":"GET","server":"localhost","referrer":"http://localhost:8081/","uid":"e3119cf"}
[2017-01-17 13:53:23] INFO > #200: (/programadores) - [] - {"url":"/programadores?_dc=1484657603660&page=1&start=0&limit=25&sort=nomeprogramador&dir=desc","ip":"::1","http_method":"OPTIONS","server":"localhost","referrer":"http://localhost:8081/","uid":"20946db"}
[2017-01-17 13:53:23] INFO > #200: (/programadores) - [] - {"url":"/programadores?_dc=1484657603660&page=1&start=0&limit=25&sort=nomeprogramador&dir=desc","ip":"::1","http_method":"GET","server":"localhost","referrer":"http://localhost:8081/","uid":"5f85e23"}
[2017-01-17 13:53:36] INFO > #200: (/programadores) - [] - {"url":"/programadores?_dc=1484657616045&page=1&start=0&limit=25&sort=nomeprogramador&dir=desc","ip":"::1","http_method":"OPTIONS","server":"localhost","referrer":"http://localhost:8081/","uid":"f510a64"}
[2017-01-17 13:53:36] INFO > #200: (/programadores) - [] - {"url":"/programadores?_dc=1484657616045&page=1&start=0&limit=25&sort=nomeprogramador&dir=desc","ip":"::1","http_method":"GET","server":"localhost","referrer":"http://localhost:8081/","uid":"4c76121"}
[2017-01-17 13:53:53] INFO > #200: (/programadores) - [] - {"url":"/programadores?_dc=1484657633214&page=1&start=0&limit=25&sort=nomeprogramador&dir=desc","ip":"::1","http_method":"OPTIONS","server":"localhost","referrer":"http://localhost:8081/","uid":"0012660"}
[2017-01-17 13:53:53] INFO > #200: (/programadores) - [] - {"url":"/programadores?_dc=1484657633214&page=1&start=0&limit=25&sort=nomeprogramador&dir=desc","ip":"::1","http_method":"GET","server":"localhost","referrer":"http://localhost:8081/","uid":"6e58669"}
[2017-01-17 13:54:12] INFO > #200: (/programadores) - [] - {"url":"/programadores?_dc=1484657652177&page=1&start=0&limit=25&sort=nomeprogramador&dir=desc","ip":"::1","http_method":"OPTIONS","server":"localhost","referrer":"http://localhost:8081/","uid":"41aa974"}
[2017-01-17 13:54:12] INFO > #200: (/programadores) - [] - {"url":"/programadores?_dc=1484657652177&page=1&start=0&limit=25&sort=nomeprogramador&dir=desc","ip":"::1","http_method":"GET","server":"localhost","referrer":"http://localhost:8081/","uid":"114b066"}
[2017-01-17 16:08:13] INFO > #200: (/programadores) - [] - {"url":"/programadores?_dc=1484665693330&page=1&start=0&limit=25&sort=nomeprogramador&dir=desc","ip":"::1","http_method":"OPTIONS","server":"localhost","referrer":"http://localhost:8081/","uid":"589212e"}
[2017-01-17 16:08:13] INFO > #200: (/programadores) - [] - {"url":"/programadores?_dc=1484665693330&page=1&start=0&limit=25&sort=nomeprogramador&dir=desc","ip":"::1","http_method":"GET","server":"localhost","referrer":"http://localhost:8081/","uid":"1e0fc25"}
[2017-01-17 17:06:11] INFO > #200: (/programadores) - [] - {"url":"/programadores?_dc=1484669171242&page=1&start=0&limit=25&sort=nomeprogramador&dir=desc","ip":"::1","http_method":"OPTIONS","server":"localhost","referrer":"http://localhost:8081/","uid":"5e00cdf"}
[2017-01-17 17:06:11] INFO > #200: (/programadores) - [] - {"url":"/programadores?_dc=1484669171242&page=1&start=0&limit=25&sort=nomeprogramador&dir=desc","ip":"::1","http_method":"GET","server":"localhost","referrer":"http://localhost:8081/","uid":"4c15eca"}
[2017-01-17 17:06:40] INFO > #200: (/programadores) - [] - {"url":"/programadores?_dc=1484669200831&page=1&start=0&limit=25&sort=nomeprogramador&dir=desc","ip":"::1","http_method":"OPTIONS","server":"localhost","referrer":"http://localhost:8081/","uid":"1d0ee71"}
[2017-01-17 17:06:40] INFO > #200: (/programadores) - [] - {"url":"/programadores?_dc=1484669200831&page=1&start=0&limit=25&sort=nomeprogramador&dir=desc","ip":"::1","http_method":"GET","server":"localhost","referrer":"http://localhost:8081/","uid":"0f993d0"}
[2017-01-17 17:11:42] INFO > #200: (/programadores) - [] - {"url":"/programadores?_dc=1484669502563&page=1&start=0&limit=25&sort=nomeprogramador&dir=desc","ip":"::1","http_method":"OPTIONS","server":"localhost","referrer":"http://localhost:8081/","uid":"911f242"}
[2017-01-17 17:11:42] INFO > #200: (/programadores) - [] - {"url":"/programadores?_dc=1484669502563&page=1&start=0&limit=25&sort=nomeprogramador&dir=desc","ip":"::1","http_method":"GET","server":"localhost","referrer":"http://localhost:8081/","uid":"464d7fa"}
[2017-01-17 17:14:17] INFO > #200: (/programadores) - [] - {"url":"/programadores?_dc=1484669657166&page=1&start=0&limit=25&sort=nomeprogramador&dir=desc","ip":"::1","http_method":"OPTIONS","server":"localhost","referrer":"http://localhost:8081/","uid":"b19c583"}
[2017-01-17 17:14:17] INFO > #200: (/programadores) - [] - {"url":"/programadores?_dc=1484669657166&page=1&start=0&limit=25&sort=nomeprogramador&dir=desc","ip":"::1","http_method":"GET","server":"localhost","referrer":"http://localhost:8081/","uid":"31fa1c7"}
[2017-01-17 17:14:18] INFO > #200: (/programadores) - [] - {"url":"/programadores?_dc=1484669658783&page=1&start=0&limit=25&sort=nomeprogramador&dir=desc","ip":"::1","http_method":"OPTIONS","server":"localhost","referrer":"http://localhost:8081/","uid":"dd3d334"}
[2017-01-17 17:14:18] INFO > #200: (/programadores) - [] - {"url":"/programadores?_dc=1484669658783&page=1&start=0&limit=25&sort=nomeprogramador&dir=desc","ip":"::1","http_method":"GET","server":"localhost","referrer":"http://localhost:8081/","uid":"d2b2427"}
[2017-01-17 17:15:23] INFO > #200: (/programadores) - [] - {"url":"/programadores?_dc=1484669723180&page=1&start=0&limit=25&sort=nomeprogramador&dir=desc","ip":"::1","http_method":"OPTIONS","server":"localhost","referrer":"http://localhost:8081/","uid":"51cd034"}
[2017-01-17 17:15:23] INFO > #200: (/programadores) - [] - {"url":"/programadores?_dc=1484669723180&page=1&start=0&limit=25&sort=nomeprogramador&dir=desc","ip":"::1","http_method":"GET","server":"localhost","referrer":"http://localhost:8081/","uid":"57b761b"}
[2017-01-17 17:15:24] INFO > #200: (/programadores) - [] - {"url":"/programadores?_dc=1484669724712&page=1&start=0&limit=25&sort=nomeprogramador&dir=desc","ip":"::1","http_method":"OPTIONS","server":"localhost","referrer":"http://localhost:8081/","uid":"3480985"}
[2017-01-17 17:15:24] INFO > #200: (/programadores) - [] - {"url":"/programadores?_dc=1484669724712&page=1&start=0&limit=25&sort=nomeprogramador&dir=desc","ip":"::1","http_method":"GET","server":"localhost","referrer":"http://localhost:8081/","uid":"ca7cfbc"}
[2017-01-17 17:15:25] INFO > #200: (/programadores) - [] - {"url":"/programadores?_dc=1484669725527&page=1&start=0&limit=25&sort=nomeprogramador&dir=desc","ip":"::1","http_method":"OPTIONS","server":"localhost","referrer":"http://localhost:8081/","uid":"04b817c"}
[2017-01-17 17:15:25] INFO > #200: (/programadores) - [] - {"url":"/programadores?_dc=1484669725527&page=1&start=0&limit=25&sort=nomeprogramador&dir=desc","ip":"::1","http_method":"GET","server":"localhost","referrer":"http://localhost:8081/","uid":"85f7237"}
[2017-01-17 17:15:29] INFO > #200: (/programadores) - [] - {"url":"/programadores?_dc=1484669729525&page=1&start=0&limit=25&sort=nomeprogramador&dir=desc","ip":"::1","http_method":"OPTIONS","server":"localhost","referrer":"http://localhost:8081/","uid":"b86d04c"}
[2017-01-17 17:15:29] INFO > #200: (/programadores) - [] - {"url":"/programadores?_dc=1484669729525&page=1&start=0&limit=25&sort=nomeprogramador&dir=desc","ip":"::1","http_method":"GET","server":"localhost","referrer":"http://localhost:8081/","uid":"258e573"}
[2017-01-17 17:15:32] INFO > #200: (/programadores) - [] - {"url":"/programadores?_dc=1484669732863&page=1&start=0&limit=25&sort=nomeprogramador&dir=desc","ip":"::1","http_method":"OPTIONS","server":"localhost","referrer":"http://localhost:8081/","uid":"fbd62c1"}
[2017-01-17 17:15:32] INFO > #200: (/programadores) - [] - {"url":"/programadores?_dc=1484669732863&page=1&start=0&limit=25&sort=nomeprogramador&dir=desc","ip":"::1","http_method":"GET","server":"localhost","referrer":"http://localhost:8081/","uid":"6cf5376"}
[2017-01-17 17:15:33] INFO > #200: (/programadores) - [] - {"url":"/programadores?_dc=1484669733795&page=1&start=0&limit=25&sort=nomeprogramador&dir=desc","ip":"::1","http_method":"OPTIONS","server":"localhost","referrer":"http://localhost:8081/","uid":"a7fc75b"}
[2017-01-17 17:15:33] INFO > #200: (/programadores) - [] - {"url":"/programadores?_dc=1484669733795&page=1&start=0&limit=25&sort=nomeprogramador&dir=desc","ip":"::1","http_method":"GET","server":"localhost","referrer":"http://localhost:8081/","uid":"8da3c26"}
[2017-01-17 17:15:34] INFO > #200: (/programadores) - [] - {"url":"/programadores?_dc=1484669734599&page=1&start=0&limit=25&sort=nomeprogramador&dir=desc","ip":"::1","http_method":"OPTIONS","server":"localhost","referrer":"http://localhost:8081/","uid":"ceaf877"}
[2017-01-17 17:15:34] INFO > #200: (/programadores) - [] - {"url":"/programadores?_dc=1484669734599&page=1&start=0&limit=25&sort=nomeprogramador&dir=desc","ip":"::1","http_method":"GET","server":"localhost","referrer":"http://localhost:8081/","uid":"1525465"}
[2017-01-17 17:15:35] INFO > #200: (/programadores) - [] - {"url":"/programadores?_dc=1484669735791&page=1&start=0&limit=25&sort=nomeprogramador&dir=desc","ip":"::1","http_method":"OPTIONS","server":"localhost","referrer":"http://localhost:8081/","uid":"1e337da"}
[2017-01-17 17:15:35] INFO > #200: (/programadores) - [] - {"url":"/programadores?_dc=1484669735791&page=1&start=0&limit=25&sort=nomeprogramador&dir=desc","ip":"::1","http_method":"GET","server":"localhost","referrer":"http://localhost:8081/","uid":"b974461"}
[2017-01-17 17:15:36] INFO > #200: (/programadores) - [] - {"url":"/programadores?_dc=1484669736558&page=1&start=0&limit=25&sort=nomeprogramador&dir=desc","ip":"::1","http_method":"OPTIONS","server":"localhost","referrer":"http://localhost:8081/","uid":"ddb16ed"}
[2017-01-17 17:15:36] INFO > #200: (/programadores) - [] - {"url":"/programadores?_dc=1484669736558&page=1&start=0&limit=25&sort=nomeprogramador&dir=desc","ip":"::1","http_method":"GET","server":"localhost","referrer":"http://localhost:8081/","uid":"53f9902"}
[2017-01-17 17:16:05] INFO > #200: (/programadores) - [] - {"url":"/programadores?_dc=1484669765296&page=1&start=0&limit=25&sort=nomeprogramador&dir=desc","ip":"::1","http_method":"OPTIONS","server":"localhost","referrer":"http://localhost:8081/","uid":"dbb7a81"}
[2017-01-17 17:16:05] INFO > #200: (/programadores) - [] - {"url":"/programadores?_dc=1484669765296&page=1&start=0&limit=25&sort=nomeprogramador&dir=desc","ip":"::1","http_method":"GET","server":"localhost","referrer":"http://localhost:8081/","uid":"721ef9c"}
[2017-01-17 17:17:06] INFO > #200: (/programadores) - [] - {"url":"/programadores?_dc=1484669826460&page=1&start=0&limit=25&sort=nomeprogramador&dir=desc","ip":"::1","http_method":"OPTIONS","server":"localhost","referrer":"http://localhost:8081/","uid":"dad2449"}
[2017-01-17 17:17:06] INFO > #200: (/programadores) - [] - {"url":"/programadores?_dc=1484669826460&page=1&start=0&limit=25&sort=nomeprogramador&dir=desc","ip":"::1","http_method":"GET","server":"localhost","referrer":"http://localhost:8081/","uid":"848bf06"}
[2017-01-17 17:17:07] INFO > #200: (/programadores) - [] - {"url":"/programadores?_dc=1484669827813&page=1&start=0&limit=25&sort=nomeprogramador&dir=desc","ip":"::1","http_method":"OPTIONS","server":"localhost","referrer":"http://localhost:8081/","uid":"45d9fe2"}
[2017-01-17 17:17:07] INFO > #200: (/programadores) - [] - {"url":"/programadores?_dc=1484669827813&page=1&start=0&limit=25&sort=nomeprogramador&dir=desc","ip":"::1","http_method":"GET","server":"localhost","referrer":"http://localhost:8081/","uid":"ce82b52"}
[2017-01-17 17:17:11] INFO > #200: (/programadores) - [] - {"url":"/programadores?_dc=1484669831275&page=1&start=0&limit=25&sort=nomeprogramador&dir=desc","ip":"::1","http_method":"OPTIONS","server":"localhost","referrer":"http://localhost:8081/","uid":"b116610"}
[2017-01-17 17:17:11] INFO > #200: (/programadores) - [] - {"url":"/programadores?_dc=1484669831275&page=1&start=0&limit=25&sort=nomeprogramador&dir=desc","ip":"::1","http_method":"GET","server":"localhost","referrer":"http://localhost:8081/","uid":"cc851a8"}
[2017-01-17 17:17:12] INFO > #200: (/programadores) - [] - {"url":"/programadores?_dc=1484669832048&page=1&start=0&limit=25&sort=nomeprogramador&dir=desc","ip":"::1","http_method":"OPTIONS","server":"localhost","referrer":"http://localhost:8081/","uid":"c7bc765"}
[2017-01-17 17:17:12] INFO > #200: (/programadores) - [] - {"url":"/programadores?_dc=1484669832048&page=1&start=0&limit=25&sort=nomeprogramador&dir=desc","ip":"::1","http_method":"GET","server":"localhost","referrer":"http://localhost:8081/","uid":"65249f4"}
[2017-01-17 17:26:18] INFO > #200: (/programadores) - [] - {"url":"/programadores?_dc=1484670377559&page=1&start=0&limit=25&sort=nomeprogramador&dir=desc","ip":"::1","http_method":"OPTIONS","server":"localhost","referrer":"http://localhost:8081/","uid":"01c82c0"}
[2017-01-17 17:26:18] INFO > #200: (/programadores) - [] - {"url":"/programadores?_dc=1484670377559&page=1&start=0&limit=25&sort=nomeprogramador&dir=desc","ip":"::1","http_method":"GET","server":"localhost","referrer":"http://localhost:8081/","uid":"bc73837"}
[2017-01-17 17:26:23] INFO > #200: (/programadores) - [] - {"url":"/programadores?_dc=1484670383307&page=1&start=0&limit=25&sort=nomeprogramador&dir=desc","ip":"::1","http_method":"OPTIONS","server":"localhost","referrer":"http://localhost:8081/","uid":"afd723e"}
[2017-01-17 17:26:23] INFO > #200: (/programadores) - [] - {"url":"/programadores?_dc=1484670383307&page=1&start=0&limit=25&sort=nomeprogramador&dir=desc","ip":"::1","http_method":"GET","server":"localhost","referrer":"http://localhost:8081/","uid":"6de337b"}
[2017-01-17 17:31:50] INFO > #200: (/programadores) - [] - {"url":"/programadores?_dc=1484670710929&page=1&start=0&limit=25&sort=nomeprogramador&dir=desc","ip":"::1","http_method":"OPTIONS","server":"localhost","referrer":"http://localhost:8081/","uid":"ec578c4"}
[2017-01-17 17:31:51] INFO > #200: (/programadores) - [] - {"url":"/programadores?_dc=1484670710929&page=1&start=0&limit=25&sort=nomeprogramador&dir=desc","ip":"::1","http_method":"GET","server":"localhost","referrer":"http://localhost:8081/","uid":"a156c0c"}
[2017-01-17 17:33:40] INFO > #200: (/programadores) - [] - {"url":"/programadores?_dc=1484670820050&page=1&start=0&limit=25&sort=nomeprogramador&dir=desc","ip":"::1","http_method":"OPTIONS","server":"localhost","referrer":"http://localhost:8081/","uid":"58f013c"}
[2017-01-17 17:33:40] INFO > #200: (/programadores) - [] - {"url":"/programadores?_dc=1484670820050&page=1&start=0&limit=25&sort=nomeprogramador&dir=desc","ip":"::1","http_method":"GET","server":"localhost","referrer":"http://localhost:8081/","uid":"8deda8d"}
[2017-01-17 00:32:16] INFO > #200: (/usuarios) - [] - {"url":"/usuarios?_dc=1484609536616&page=1&start=0&limit=25&sort=nomeusuario&dir=desc","ip":"::1","http_method":"OPTIONS","server":"localhost","referrer":"http://localhost:8081/","uid":"4e66015"}
[2017-01-17 00:32:16] INFO > #200: (/usuarios) - [] - {"url":"/usuarios?_dc=1484609536616&page=1&start=0&limit=25&sort=nomeusuario&dir=desc","ip":"::1","http_method":"GET","server":"localhost","referrer":"http://localhost:8081/","uid":"293ef95"}
[2017-01-17 00:32:44] INFO > #200: (/usuarios) - [] - {"url":"/usuarios?_dc=1484609564597&page=1&start=0&limit=25&sort=nomeusuario&dir=desc","ip":"::1","http_method":"OPTIONS","server":"localhost","referrer":"http://localhost:8081/","uid":"4f7a9e1"}
[2017-01-17 00:32:44] INFO > #200: (/usuarios) - [] - {"url":"/usuarios?_dc=1484609564597&page=1&start=0&limit=25&sort=nomeusuario&dir=desc","ip":"::1","http_method":"GET","server":"localhost","referrer":"http://localhost:8081/","uid":"980a63a"}
[2017-01-17 00:37:53] INFO > #200: (/usuarios) - [] - {"url":"/usuarios?_dc=1484609873776&page=1&start=0&limit=25&sort=nomeusuario&dir=desc","ip":"::1","http_method":"OPTIONS","server":"localhost","referrer":"http://localhost:8081/","uid":"4feb1c6"}
[2017-01-17 00:37:53] INFO > #200: (/usuarios) - [] - {"url":"/usuarios?_dc=1484609873776&page=1&start=0&limit=25&sort=nomeusuario&dir=desc","ip":"::1","http_method":"GET","server":"localhost","referrer":"http://localhost:8081/","uid":"212b3dd"}
[2017-01-17 00:38:53] INFO > #200: (/usuarios) - [] - {"url":"/usuarios?_dc=1484609933327&page=1&start=0&limit=25&sort=nomeusuario&dir=desc","ip":"::1","http_method":"OPTIONS","server":"localhost","referrer":"http://localhost:8081/","uid":"a63d8b3"}
[2017-01-17 00:38:53] INFO > #200: (/usuarios) - [] - {"url":"/usuarios?_dc=1484609933327&page=1&start=0&limit=25&sort=nomeusuario&dir=desc","ip":"::1","http_method":"GET","server":"localhost","referrer":"http://localhost:8081/","uid":"33825e1"}
[2017-01-17 00:39:37] INFO > #200: (/usuarios) - [] - {"url":"/usuarios?_dc=1484609977581&page=1&start=0&limit=25&sort=nomeusuario&dir=desc","ip":"::1","http_method":"OPTIONS","server":"localhost","referrer":"http://localhost:8081/","uid":"98e1255"}
[2017-01-17 00:39:37] INFO > #200: (/usuarios) - [] - {"url":"/usuarios?_dc=1484609977581&page=1&start=0&limit=25&sort=nomeusuario&dir=desc","ip":"::1","http_method":"GET","server":"localhost","referrer":"http://localhost:8081/","uid":"578fa7a"}
[2017-01-17 00:46:30] INFO > #200: (/usuarios) - [] - {"url":"/usuarios?_dc=1484610390901&page=1&start=0&limit=25&sort=nomeusuario&dir=desc","ip":"::1","http_method":"OPTIONS","server":"localhost","referrer":"http://localhost:8081/","uid":"a8655f1"}
[2017-01-17 00:46:30] INFO > #200: (/usuarios) - [] - {"url":"/usuarios?_dc=1484610390901&page=1&start=0&limit=25&sort=nomeusuario&dir=desc","ip":"::1","http_method":"GET","server":"localhost","referrer":"http://localhost:8081/","uid":"93a0f79"}
[2017-01-17 00:48:02] INFO > #200: (/usuarios) - [] - {"url":"/usuarios?_dc=1484610482103&page=1&start=0&limit=25&sort=nomeusuario&dir=desc","ip":"::1","http_method":"OPTIONS","server":"localhost","referrer":"http://localhost:8081/","uid":"632fe21"}
[2017-01-17 00:48:02] INFO > #200: (/usuarios) - [] - {"url":"/usuarios?_dc=1484610482103&page=1&start=0&limit=25&sort=nomeusuario&dir=desc","ip":"::1","http_method":"GET","server":"localhost","referrer":"http://localhost:8081/","uid":"6956c86"}
[2017-01-17 00:50:14] INFO > #200: (/usuarios) - [] - {"url":"/usuarios?_dc=1484610614128&page=1&start=0&limit=25&sort=nomeusuario&dir=desc","ip":"::1","http_method":"OPTIONS","server":"localhost","referrer":"http://localhost:8081/","uid":"b7a1107"}
[2017-01-17 00:50:14] INFO > #200: (/usuarios) - [] - {"url":"/usuarios?_dc=1484610614128&page=1&start=0&limit=25&sort=nomeusuario&dir=desc","ip":"::1","http_method":"GET","server":"localhost","referrer":"http://localhost:8081/","uid":"6d3db29"}
[2017-01-17 00:50:31] INFO > #200: (/usuarios) - [] - {"url":"/usuarios?_dc=1484610631592&page=1&start=0&limit=25&sort=nomeusuario&dir=desc","ip":"::1","http_method":"OPTIONS","server":"localhost","referrer":"http://localhost:8081/","uid":"069bb45"}
[2017-01-17 00:50:31] INFO > #200: (/usuarios) - [] - {"url":"/usuarios?_dc=1484610631592&page=1&start=0&limit=25&sort=nomeusuario&dir=desc","ip":"::1","http_method":"GET","server":"localhost","referrer":"http://localhost:8081/","uid":"7ed88eb"}
[2017-01-17 00:51:07] INFO > #200: (/usuarios) - [] - {"url":"/usuarios?_dc=1484610667188&page=1&start=0&limit=25&sort=nomeusuario&dir=desc","ip":"::1","http_method":"OPTIONS","server":"localhost","referrer":"http://localhost:8081/","uid":"10b8ef7"}
[2017-01-17 00:51:07] INFO > #200: (/usuarios) - [] - {"url":"/usuarios?_dc=1484610667188&page=1&start=0&limit=25&sort=nomeusuario&dir=desc","ip":"::1","http_method":"GET","server":"localhost","referrer":"http://localhost:8081/","uid":"c89fef8"}
[2017-01-17 00:53:26] INFO > #200: (/usuarios) - [] - {"url":"/usuarios?_dc=1484610806572&page=1&start=0&limit=25&sort=nomeusuario&dir=desc","ip":"::1","http_method":"OPTIONS","server":"localhost","referrer":"http://localhost:8081/","uid":"ac01058"}
[2017-01-17 00:53:26] INFO > #200: (/usuarios) - [] - {"url":"/usuarios?_dc=1484610806572&page=1&start=0&limit=25&sort=nomeusuario&dir=desc","ip":"::1","http_method":"GET","server":"localhost","referrer":"http://localhost:8081/","uid":"186f248"}
[2017-01-17 00:54:17] INFO > #200: (/usuarios) - [] - {"url":"/usuarios?_dc=1484610857351&page=1&start=0&limit=25&sort=nomeusuario&dir=desc","ip":"::1","http_method":"OPTIONS","server":"localhost","referrer":"http://localhost:8081/","uid":"c10d838"}
[2017-01-17 00:54:17] INFO > #200: (/usuarios) - [] - {"url":"/usuarios?_dc=1484610857351&page=1&start=0&limit=25&sort=nomeusuario&dir=desc","ip":"::1","http_method":"GET","server":"localhost","referrer":"http://localhost:8081/","uid":"ed8fbd4"}
[2017-01-17 00:57:20] INFO > #200: (/usuarios) - [] - {"url":"/usuarios?_dc=1484611040181&page=1&start=0&limit=25&sort=nomeusuario&dir=desc","ip":"::1","http_method":"OPTIONS","server":"localhost","referrer":"http://localhost:8081/","uid":"7e98e52"}
[2017-01-17 00:57:20] INFO > #200: (/usuarios) - [] - {"url":"/usuarios?_dc=1484611040181&page=1&start=0&limit=25&sort=nomeusuario&dir=desc","ip":"::1","http_method":"GET","server":"localhost","referrer":"http://localhost:8081/","uid":"8b33d46"}
[2017-01-17 00:57:36] INFO > #200: (/usuarios) - [] - {"url":"/usuarios?_dc=1484611056136&page=1&start=0&limit=25&sort=nomeusuario&dir=desc","ip":"::1","http_method":"OPTIONS","server":"localhost","referrer":"http://localhost:8081/","uid":"7701af7"}
[2017-01-17 00:57:36] INFO > #200: (/usuarios) - [] - {"url":"/usuarios?_dc=1484611056136&page=1&start=0&limit=25&sort=nomeusuario&dir=desc","ip":"::1","http_method":"GET","server":"localhost","referrer":"http://localhost:8081/","uid":"f494cf3"}
[2017-01-17 01:00:04] INFO > #200: (/usuarios) - [] - {"url":"/usuarios?_dc=1484611204050&page=1&start=0&limit=25&sort=nomeusuario&dir=desc","ip":"::1","http_method":"OPTIONS","server":"localhost","referrer":"http://localhost:8081/","uid":"d5b47e5"}
[2017-01-17 01:00:04] INFO > #200: (/usuarios) - [] - {"url":"/usuarios?_dc=1484611204050&page=1&start=0&limit=25&sort=nomeusuario&dir=desc","ip":"::1","http_method":"GET","server":"localhost","referrer":"http://localhost:8081/","uid":"9934bbc"}
[2017-01-17 01:00:22] INFO > #200: (/usuarios) - [] - {"url":"/usuarios?_dc=1484611222859&page=1&start=0&limit=25&sort=nomeusuario&dir=desc","ip":"::1","http_method":"OPTIONS","server":"localhost","referrer":"http://localhost:8081/","uid":"731bf8e"}
[2017-01-17 01:00:22] INFO > #200: (/usuarios) - [] - {"url":"/usuarios?_dc=1484611222859&page=1&start=0&limit=25&sort=nomeusuario&dir=desc","ip":"::1","http_method":"GET","server":"localhost","referrer":"http://localhost:8081/","uid":"ab0788d"}
[2017-01-17 01:03:10] INFO > #200: (/usuarios) - [] - {"url":"/usuarios?_dc=1484611390622&page=1&start=0&limit=25&sort=nomeusuario&dir=desc","ip":"::1","http_method":"OPTIONS","server":"localhost","referrer":"http://localhost:8081/","uid":"72d7ada"}
[2017-01-17 01:03:10] INFO > #200: (/usuarios) - [] - {"url":"/usuarios?_dc=1484611390622&page=1&start=0&limit=25&sort=nomeusuario&dir=desc","ip":"::1","http_method":"GET","server":"localhost","referrer":"http://localhost:8081/","uid":"239b23b"}
[2017-01-17 01:03:39] INFO > #200: (/usuarios) - [] - {"url":"/usuarios?_dc=1484611419839&page=1&start=0&limit=25&sort=nomeusuario&dir=desc","ip":"::1","http_method":"OPTIONS","server":"localhost","referrer":"http://localhost:8081/","uid":"bf402b4"}
[2017-01-17 01:03:39] INFO > #200: (/usuarios) - [] - {"url":"/usuarios?_dc=1484611419839&page=1&start=0&limit=25&sort=nomeusuario&dir=desc","ip":"::1","http_method":"GET","server":"localhost","referrer":"http://localhost:8081/","uid":"ae97a74"}
[2017-01-17 01:04:05] INFO > #200: (/usuarios) - [] - {"url":"/usuarios?_dc=1484611445032&page=1&start=0&limit=25&sort=nomeusuario&dir=desc","ip":"::1","http_method":"OPTIONS","server":"localhost","referrer":"http://localhost:8081/","uid":"4330709"}
[2017-01-17 01:04:05] INFO > #200: (/usuarios) - [] - {"url":"/usuarios?_dc=1484611445032&page=1&start=0&limit=25&sort=nomeusuario&dir=desc","ip":"::1","http_method":"GET","server":"localhost","referrer":"http://localhost:8081/","uid":"5bd8484"}
[2017-01-17 01:05:19] INFO > #200: (/usuarios) - [] - {"url":"/usuarios?_dc=1484611519896&page=1&start=0&limit=25&sort=nomeusuario&dir=desc","ip":"::1","http_method":"OPTIONS","server":"localhost","referrer":"http://localhost:8081/","uid":"4093650"}
[2017-01-17 01:05:19] INFO > #200: (/usuarios) - [] - {"url":"/usuarios?_dc=1484611519896&page=1&start=0&limit=25&sort=nomeusuario&dir=desc","ip":"::1","http_method":"GET","server":"localhost","referrer":"http://localhost:8081/","uid":"9fb047f"}
[2017-01-17 01:05:47] INFO > #200: (/usuarios) - [] - {"url":"/usuarios?_dc=1484611547800&page=1&start=0&limit=25&sort=nomeusuario&dir=desc","ip":"::1","http_method":"OPTIONS","server":"localhost","referrer":"http://localhost:8081/","uid":"cfe1e1e"}
[2017-01-17 01:05:47] INFO > #200: (/usuarios) - [] - {"url":"/usuarios?_dc=1484611547800&page=1&start=0&limit=25&sort=nomeusuario&dir=desc","ip":"::1","http_method":"GET","server":"localhost","referrer":"http://localhost:8081/","uid":"2e804ed"}
[2017-01-17 01:08:52] INFO > #200: (/usuarios) - [] - {"url":"/usuarios?_dc=1484611732581&page=1&start=0&limit=25&sort=nomeusuario&dir=desc","ip":"::1","http_method":"OPTIONS","server":"localhost","referrer":"http://localhost:8081/","uid":"13157f8"}
[2017-01-17 01:08:52] INFO > #200: (/usuarios) - [] - {"url":"/usuarios?_dc=1484611732581&page=1&start=0&limit=25&sort=nomeusuario&dir=desc","ip":"::1","http_method":"GET","server":"localhost","referrer":"http://localhost:8081/","uid":"afa25a5"}
[2017-01-17 01:11:49] INFO > #200: (/usuarios) - [] - {"url":"/usuarios?_dc=1484611909076&page=1&start=0&limit=25&sort=nomeusuario&dir=desc","ip":"::1","http_method":"OPTIONS","server":"localhost","referrer":"http://localhost:8081/","uid":"a8fe16d"}
[2017-01-17 01:11:49] INFO > #200: (/usuarios) - [] - {"url":"/usuarios?_dc=1484611909076&page=1&start=0&limit=25&sort=nomeusuario&dir=desc","ip":"::1","http_method":"GET","server":"localhost","referrer":"http://localhost:8081/","uid":"acf8610"}
[2017-01-17 01:12:16] INFO > #200: (/usuarios) - [] - {"url":"/usuarios?_dc=1484611936362&page=1&start=0&limit=25&sort=nomeusuario&dir=desc","ip":"::1","http_method":"OPTIONS","server":"localhost","referrer":"http://localhost:8081/","uid":"65a7f4d"}
[2017-01-17 01:12:16] INFO > #200: (/usuarios) - [] - {"url":"/usuarios?_dc=1484611936362&page=1&start=0&limit=25&sort=nomeusuario&dir=desc","ip":"::1","http_method":"GET","server":"localhost","referrer":"http://localhost:8081/","uid":"18145bb"}
[2017-01-17 01:12:36] INFO > #200: (/usuarios) - [] - {"url":"/usuarios?_dc=1484611956477&page=1&start=0&limit=25&sort=nomeusuario&dir=desc","ip":"::1","http_method":"OPTIONS","server":"localhost","referrer":"http://localhost:8081/","uid":"482f4bd"}
[2017-01-17 01:12:36] INFO > #200: (/usuarios) - [] - {"url":"/usuarios?_dc=1484611956477&page=1&start=0&limit=25&sort=nomeusuario&dir=desc","ip":"::1","http_method":"GET","server":"localhost","referrer":"http://localhost:8081/","uid":"6034e21"}
[2017-01-17 01:13:03] INFO > #200: (/usuarios) - [] - {"url":"/usuarios?_dc=1484611983283&page=1&start=0&limit=25&sort=nomeusuario&dir=desc","ip":"::1","http_method":"OPTIONS","server":"localhost","referrer":"http://localhost:8081/","uid":"8e5fbcf"}
[2017-01-17 01:13:03] INFO > #200: (/usuarios) - [] - {"url":"/usuarios?_dc=1484611983283&page=1&start=0&limit=25&sort=nomeusuario&dir=desc","ip":"::1","http_method":"GET","server":"localhost","referrer":"http://localhost:8081/","uid":"6920004"}
[2017-01-17 01:13:18] INFO > #200: (/usuarios) - [] - {"url":"/usuarios?_dc=1484611998311&page=1&start=0&limit=25&sort=nomeusuario&dir=desc","ip":"::1","http_method":"OPTIONS","server":"localhost","referrer":"http://localhost:8081/","uid":"178620d"}
[2017-01-17 01:13:18] INFO > #200: (/usuarios) - [] - {"url":"/usuarios?_dc=1484611998311&page=1&start=0&limit=25&sort=nomeusuario&dir=desc","ip":"::1","http_method":"GET","server":"localhost","referrer":"http://localhost:8081/","uid":"7305c62"}
[2017-01-17 01:14:04] INFO > #200: (/usuarios) - [] - {"url":"/usuarios?_dc=1484612044403&page=1&start=0&limit=25&sort=nomeusuario&dir=desc","ip":"::1","http_method":"OPTIONS","server":"localhost","referrer":"http://localhost:8081/","uid":"aa14f8c"}
[2017-01-17 01:14:04] INFO > #200: (/usuarios) - [] - {"url":"/usuarios?_dc=1484612044403&page=1&start=0&limit=25&sort=nomeusuario&dir=desc","ip":"::1","http_method":"GET","server":"localhost","referrer":"http://localhost:8081/","uid":"d01e00b"}
[2017-01-17 01:14:44] INFO > #200: (/usuarios) - [] - {"url":"/usuarios?_dc=1484612084183&page=1&start=0&limit=25&sort=nomeusuario&dir=desc","ip":"::1","http_method":"OPTIONS","server":"localhost","referrer":"http://localhost:8081/","uid":"2fae3a5"}
[2017-01-17 01:14:44] INFO > #200: (/usuarios) - [] - {"url":"/usuarios?_dc=1484612084183&page=1&start=0&limit=25&sort=nomeusuario&dir=desc","ip":"::1","http_method":"GET","server":"localhost","referrer":"http://localhost:8081/","uid":"961e109"}
[2017-01-17 01:17:59] INFO > #200: (/usuarios) - [] - {"url":"/usuarios?_dc=1484612279467&page=1&start=0&limit=25&sort=nomeusuario&dir=desc","ip":"::1","http_method":"OPTIONS","server":"localhost","referrer":"http://localhost:8081/","uid":"41242e0"}
[2017-01-17 01:17:59] INFO > #200: (/usuarios) - [] - {"url":"/usuarios?_dc=1484612279467&page=1&start=0&limit=25&sort=nomeusuario&dir=desc","ip":"::1","http_method":"GET","server":"localhost","referrer":"http://localhost:8081/","uid":"25d7ddf"}
[2017-01-17 01:18:27] INFO > #200: (/usuarios) - [] - {"url":"/usuarios?_dc=1484612307022&page=1&start=0&limit=25&sort=nomeusuario&dir=desc","ip":"::1","http_method":"OPTIONS","server":"localhost","referrer":"http://localhost:8081/","uid":"16877dd"}
[2017-01-17 01:18:27] INFO > #200: (/usuarios) - [] - {"url":"/usuarios?_dc=1484612307022&page=1&start=0&limit=25&sort=nomeusuario&dir=desc","ip":"::1","http_method":"GET","server":"localhost","referrer":"http://localhost:8081/","uid":"d84110d"}
[2017-01-17 01:19:09] INFO > #200: (/usuarios) - [] - {"url":"/usuarios?_dc=1484612349462&page=1&start=0&limit=25&sort=nomeusuario&dir=desc","ip":"::1","http_method":"OPTIONS","server":"localhost","referrer":"http://localhost:8081/","uid":"a3462b4"}
[2017-01-17 01:19:09] INFO > #200: (/usuarios) - [] - {"url":"/usuarios?_dc=1484612349462&page=1&start=0&limit=25&sort=nomeusuario&dir=desc","ip":"::1","http_method":"GET","server":"localhost","referrer":"http://localhost:8081/","uid":"4afc4ba"}
[2017-01-17 01:19:28] INFO > #200: (/usuarios) - [] - {"url":"/usuarios?_dc=1484612368044&page=1&start=0&limit=25&sort=nomeusuario&dir=desc","ip":"::1","http_method":"OPTIONS","server":"localhost","referrer":"http://localhost:8081/","uid":"dd641bf"}
[2017-01-17 01:19:28] INFO > #200: (/usuarios) - [] - {"url":"/usuarios?_dc=1484612368044&page=1&start=0&limit=25&sort=nomeusuario&dir=desc","ip":"::1","http_method":"GET","server":"localhost","referrer":"http://localhost:8081/","uid":"c5d7315"}
[2017-01-17 01:20:10] INFO > #200: (/usuarios) - [] - {"url":"/usuarios?_dc=1484612410953&page=1&start=0&limit=25&sort=nomeusuario&dir=desc","ip":"::1","http_method":"OPTIONS","server":"localhost","referrer":"http://localhost:8081/","uid":"898ce51"}
[2017-01-17 01:20:11] INFO > #200: (/usuarios) - [] - {"url":"/usuarios?_dc=1484612410953&page=1&start=0&limit=25&sort=nomeusuario&dir=desc","ip":"::1","http_method":"GET","server":"localhost","referrer":"http://localhost:8081/","uid":"5557863"}
[2017-01-17 01:22:03] INFO > #200: (/usuarios) - [] - {"url":"/usuarios?_dc=1484612523176&page=1&start=0&limit=25&sort=nomeusuario&dir=desc","ip":"::1","http_method":"OPTIONS","server":"localhost","referrer":"http://localhost:8081/","uid":"f3a510b"}
[2017-01-17 01:22:03] INFO > #200: (/usuarios) - [] - {"url":"/usuarios?_dc=1484612523176&page=1&start=0&limit=25&sort=nomeusuario&dir=desc","ip":"::1","http_method":"GET","server":"localhost","referrer":"http://localhost:8081/","uid":"94845bb"}
[2017-01-17 01:22:29] INFO > #200: (/usuarios) - [] - {"url":"/usuarios?_dc=1484612549923&page=1&start=0&limit=25&sort=nomeusuario&dir=desc","ip":"::1","http_method":"OPTIONS","server":"localhost","referrer":"http://localhost:8081/","uid":"b8232a9"}
[2017-01-17 01:22:29] INFO > #200: (/usuarios) - [] - {"url":"/usuarios?_dc=1484612549923&page=1&start=0&limit=25&sort=nomeusuario&dir=desc","ip":"::1","http_method":"GET","server":"localhost","referrer":"http://localhost:8081/","uid":"1e0f8b4"}
[2017-01-17 01:23:06] INFO > #200: (/usuarios) - [] - {"url":"/usuarios?_dc=1484612586423&page=1&start=0&limit=25&sort=nomeusuario&dir=desc","ip":"::1","http_method":"OPTIONS","server":"localhost","referrer":"http://localhost:8081/","uid":"b1e9204"}
[2017-01-17 01:23:06] INFO > #200: (/usuarios) - [] - {"url":"/usuarios?_dc=1484612586423&page=1&start=0&limit=25&sort=nomeusuario&dir=desc","ip":"::1","http_method":"GET","server":"localhost","referrer":"http://localhost:8081/","uid":"1dfd00a"}
[2017-01-17 01:28:19] INFO > #200: (/usuarios) - [] - {"url":"/usuarios?_dc=1484612899181&page=1&start=0&limit=25&sort=nomeusuario&dir=desc","ip":"::1","http_method":"OPTIONS","server":"localhost","referrer":"http://localhost:8081/","uid":"c89c1b1"}
[2017-01-17 01:28:19] INFO > #200: (/usuarios) - [] - {"url":"/usuarios?_dc=1484612899181&page=1&start=0&limit=25&sort=nomeusuario&dir=desc","ip":"::1","http_method":"GET","server":"localhost","referrer":"http://localhost:8081/","uid":"a5c0219"}
[2017-01-17 01:30:38] INFO > #200: (/usuarios) - [] - {"url":"/usuarios?_dc=1484613038330&page=1&start=0&limit=25&sort=nomeusuario&dir=desc","ip":"::1","http_method":"OPTIONS","server":"localhost","referrer":"http://localhost:8081/","uid":"6c4efb6"}
[2017-01-17 01:30:38] INFO > #200: (/usuarios) - [] - {"url":"/usuarios?_dc=1484613038330&page=1&start=0&limit=25&sort=nomeusuario&dir=desc","ip":"::1","http_method":"GET","server":"localhost","referrer":"http://localhost:8081/","uid":"0fe4e59"}
[2017-01-17 01:31:18] INFO > #200: (/usuarios) - [] - {"url":"/usuarios?_dc=1484613078357&page=1&start=0&limit=25&sort=nomeusuario&dir=desc","ip":"::1","http_method":"OPTIONS","server":"localhost","referrer":"http://localhost:8081/","uid":"0f8b2a1"}
[2017-01-17 01:31:18] INFO > #200: (/usuarios) - [] - {"url":"/usuarios?_dc=1484613078357&page=1&start=0&limit=25&sort=nomeusuario&dir=desc","ip":"::1","http_method":"GET","server":"localhost","referrer":"http://localhost:8081/","uid":"add8ac9"}
[2017-01-17 01:31:49] INFO > #200: (/usuarios) - [] - {"url":"/usuarios?_dc=1484613109155&page=1&start=0&limit=25&sort=nomeusuario&dir=desc","ip":"::1","http_method":"OPTIONS","server":"localhost","referrer":"http://localhost:8081/","uid":"a337543"}
[2017-01-17 01:31:49] INFO > #200: (/usuarios) - [] - {"url":"/usuarios?_dc=1484613109155&page=1&start=0&limit=25&sort=nomeusuario&dir=desc","ip":"::1","http_method":"GET","server":"localhost","referrer":"http://localhost:8081/","uid":"199ffcc"}
[2017-01-17 01:33:14] INFO > #200: (/usuarios) - [] - {"url":"/usuarios?_dc=1484613194764&page=1&start=0&limit=25&sort=nomeusuario&dir=desc","ip":"::1","http_method":"OPTIONS","server":"localhost","referrer":"http://localhost:8081/","uid":"049cdbb"}
[2017-01-17 01:33:14] INFO > #200: (/usuarios) - [] - {"url":"/usuarios?_dc=1484613194764&page=1&start=0&limit=25&sort=nomeusuario&dir=desc","ip":"::1","http_method":"GET","server":"localhost","referrer":"http://localhost:8081/","uid":"2c8f070"}
[2017-01-17 01:33:32] INFO > #200: (/usuarios) - [] - {"url":"/usuarios?_dc=1484613212901&page=1&start=0&limit=25&sort=nomeusuario&dir=desc","ip":"::1","http_method":"OPTIONS","server":"localhost","referrer":"http://localhost:8081/","uid":"f1f479a"}
[2017-01-17 01:33:32] INFO > #200: (/usuarios) - [] - {"url":"/usuarios?_dc=1484613212901&page=1&start=0&limit=25&sort=nomeusuario&dir=desc","ip":"::1","http_method":"GET","server":"localhost","referrer":"http://localhost:8081/","uid":"75706c4"}
[2017-01-17 01:34:20] INFO > #200: (/usuarios) - [] - {"url":"/usuarios?_dc=1484613260069&page=1&start=0&limit=25&sort=nomeusuario&dir=desc","ip":"::1","http_method":"OPTIONS","server":"localhost","referrer":"http://localhost:8081/","uid":"0cb0340"}
[2017-01-17 01:34:20] INFO > #200: (/usuarios) - [] - {"url":"/usuarios?_dc=1484613260069&page=1&start=0&limit=25&sort=nomeusuario&dir=desc","ip":"::1","http_method":"GET","server":"localhost","referrer":"http://localhost:8081/","uid":"7de15e7"}
[2017-01-17 01:35:38] INFO > #200: (/usuarios) - [] - {"url":"/usuarios?_dc=1484613338450&page=1&start=0&limit=25&sort=nomeusuario&dir=desc","ip":"::1","http_method":"OPTIONS","server":"localhost","referrer":"http://localhost:8081/","uid":"86b096c"}
[2017-01-17 01:35:38] INFO > #200: (/usuarios) - [] - {"url":"/usuarios?_dc=1484613338450&page=1&start=0&limit=25&sort=nomeusuario&dir=desc","ip":"::1","http_method":"GET","server":"localhost","referrer":"http://localhost:8081/","uid":"120fc10"}
[2017-01-17 01:36:30] INFO > #200: (/usuarios) - [] - {"url":"/usuarios?_dc=1484613390675&page=1&start=0&limit=25&sort=nomeusuario&dir=desc","ip":"::1","http_method":"OPTIONS","server":"localhost","referrer":"http://localhost:8081/","uid":"9a0104a"}
[2017-01-17 01:36:30] INFO > #200: (/usuarios) - [] - {"url":"/usuarios?_dc=1484613390675&page=1&start=0&limit=25&sort=nomeusuario&dir=desc","ip":"::1","http_method":"GET","server":"localhost","referrer":"http://localhost:8081/","uid":"3e350b1"}
[2017-01-17 01:37:15] INFO > #200: (/usuarios) - [] - {"url":"/usuarios?_dc=1484613434982&page=1&start=0&limit=25&sort=nomeusuario&dir=desc","ip":"::1","http_method":"OPTIONS","server":"localhost","referrer":"http://localhost:8081/","uid":"328a9cc"}
[2017-01-17 01:37:15] INFO > #200: (/usuarios) - [] - {"url":"/usuarios?_dc=1484613434982&page=1&start=0&limit=25&sort=nomeusuario&dir=desc","ip":"::1","http_method":"GET","server":"localhost","referrer":"http://localhost:8081/","uid":"fe9f2d7"}
[2017-01-17 01:38:12] INFO > #200: (/usuarios) - [] - {"url":"/usuarios?_dc=1484613492868&page=1&start=0&limit=25&sort=nomeusuario&dir=desc","ip":"::1","http_method":"OPTIONS","server":"localhost","referrer":"http://localhost:8081/","uid":"3fd9a39"}
[2017-01-17 01:38:12] INFO > #200: (/usuarios) - [] - {"url":"/usuarios?_dc=1484613492868&page=1&start=0&limit=25&sort=nomeusuario&dir=desc","ip":"::1","http_method":"GET","server":"localhost","referrer":"http://localhost:8081/","uid":"1f1594a"}
[2017-01-17 01:38:45] INFO > #200: (/usuarios) - [] - {"url":"/usuarios?_dc=1484613525186&page=1&start=0&limit=25&sort=nomeusuario&dir=desc","ip":"::1","http_method":"OPTIONS","server":"localhost","referrer":"http://localhost:8081/","uid":"e77c99d"}
[2017-01-17 01:38:45] INFO > #200: (/usuarios) - [] - {"url":"/usuarios?_dc=1484613525186&page=1&start=0&limit=25&sort=nomeusuario&dir=desc","ip":"::1","http_method":"GET","server":"localhost","referrer":"http://localhost:8081/","uid":"cfe3f58"}
[2017-01-17 01:39:10] INFO > #200: (/usuarios) - [] - {"url":"/usuarios?_dc=1484613550883&page=1&start=0&limit=25&sort=nomeusuario&dir=desc","ip":"::1","http_method":"OPTIONS","server":"localhost","referrer":"http://localhost:8081/","uid":"e94973d"}
[2017-01-17 01:39:10] INFO > #200: (/usuarios) - [] - {"url":"/usuarios?_dc=1484613550883&page=1&start=0&limit=25&sort=nomeusuario&dir=desc","ip":"::1","http_method":"GET","server":"localhost","referrer":"http://localhost:8081/","uid":"f0c1258"}
[2017-01-17 01:41:39] INFO > #200: (/usuarios) - [] - {"url":"/usuarios?_dc=1484613699533&page=1&start=0&limit=25&sort=nomeusuario&dir=desc","ip":"::1","http_method":"OPTIONS","server":"localhost","referrer":"http://localhost:8081/","uid":"550ecc0"}
[2017-01-17 01:41:39] INFO > #200: (/usuarios) - [] - {"url":"/usuarios?_dc=1484613699533&page=1&start=0&limit=25&sort=nomeusuario&dir=desc","ip":"::1","http_method":"GET","server":"localhost","referrer":"http://localhost:8081/","uid":"179c3ed"}
[2017-01-17 01:42:40] INFO > #200: (/usuarios) - [] - {"url":"/usuarios?_dc=1484613760035&page=1&start=0&limit=25&sort=nomeusuario&dir=desc","ip":"::1","http_method":"OPTIONS","server":"localhost","referrer":"http://localhost:8081/","uid":"ba14ba9"}
[2017-01-17 01:42:40] INFO > #200: (/usuarios) - [] - {"url":"/usuarios?_dc=1484613760035&page=1&start=0&limit=25&sort=nomeusuario&dir=desc","ip":"::1","http_method":"GET","server":"localhost","referrer":"http://localhost:8081/","uid":"421afa6"}
[2017-01-17 01:44:06] INFO > #200: (/usuarios) - [] - {"url":"/usuarios?_dc=1484613846445&page=1&start=0&limit=25&sort=nomeusuario&dir=desc","ip":"::1","http_method":"OPTIONS","server":"localhost","referrer":"http://localhost:8081/","uid":"102b016"}
[2017-01-17 01:44:06] INFO > #200: (/usuarios) - [] - {"url":"/usuarios?_dc=1484613846445&page=1&start=0&limit=25&sort=nomeusuario&dir=desc","ip":"::1","http_method":"GET","server":"localhost","referrer":"http://localhost:8081/","uid":"4b4bfbc"}
[2017-01-17 01:47:38] INFO > #200: (/usuarios) - [] - {"url":"/usuarios?_dc=1484614058567&page=1&start=0&limit=25&sort=nomeusuario&dir=desc","ip":"::1","http_method":"OPTIONS","server":"localhost","referrer":"http://localhost:8081/","uid":"9725c37"}
[2017-01-17 01:47:38] INFO > #200: (/usuarios) - [] - {"url":"/usuarios?_dc=1484614058567&page=1&start=0&limit=25&sort=nomeusuario&dir=desc","ip":"::1","http_method":"GET","server":"localhost","referrer":"http://localhost:8081/","uid":"d9ec321"}
[2017-01-17 01:48:23] INFO > #200: (/usuarios) - [] - {"url":"/usuarios?_dc=1484614103239&page=1&start=0&limit=25&sort=nomeusuario&dir=desc","ip":"::1","http_method":"OPTIONS","server":"localhost","referrer":"http://localhost:8081/","uid":"4d1ae84"}
[2017-01-17 01:48:23] INFO > #200: (/usuarios) - [] - {"url":"/usuarios?_dc=1484614103239&page=1&start=0&limit=25&sort=nomeusuario&dir=desc","ip":"::1","http_method":"GET","server":"localhost","referrer":"http://localhost:8081/","uid":"eef301a"}
[2017-01-17 01:50:14] INFO > #200: (/usuarios) - [] - {"url":"/usuarios?_dc=1484614214387&page=1&start=0&limit=25&sort=nomeusuario&dir=desc","ip":"::1","http_method":"OPTIONS","server":"localhost","referrer":"http://localhost:8081/","uid":"6e3bea5"}
[2017-01-17 01:50:14] INFO > #200: (/usuarios) - [] - {"url":"/usuarios?_dc=1484614214387&page=1&start=0&limit=25&sort=nomeusuario&dir=desc","ip":"::1","http_method":"GET","server":"localhost","referrer":"http://localhost:8081/","uid":"0a4bd1d"}
[2017-01-17 01:50:31] INFO > #200: (/usuarios) - [] - {"url":"/usuarios?_dc=1484614231433&page=1&start=0&limit=25&sort=nomeusuario&dir=desc","ip":"::1","http_method":"OPTIONS","server":"localhost","referrer":"http://localhost:8081/","uid":"780cd7a"}
[2017-01-17 01:50:31] INFO > #200: (/usuarios) - [] - {"url":"/usuarios?_dc=1484614231433&page=1&start=0&limit=25&sort=nomeusuario&dir=desc","ip":"::1","http_method":"GET","server":"localhost","referrer":"http://localhost:8081/","uid":"17da02e"}
[2017-01-17 01:51:05] INFO > #200: (/usuarios) - [] - {"url":"/usuarios?_dc=1484614265593&page=1&start=0&limit=25&sort=nomeusuario&dir=desc","ip":"::1","http_method":"OPTIONS","server":"localhost","referrer":"http://localhost:8081/","uid":"46325ef"}
[2017-01-17 01:51:05] INFO > #200: (/usuarios) - [] - {"url":"/usuarios?_dc=1484614265593&page=1&start=0&limit=25&sort=nomeusuario&dir=desc","ip":"::1","http_method":"GET","server":"localhost","referrer":"http://localhost:8081/","uid":"453cf77"}
[2017-01-17 01:51:22] INFO > #200: (/usuarios) - [] - {"url":"/usuarios?_dc=1484614282226&page=1&start=0&limit=25&sort=nomeusuario&dir=desc","ip":"::1","http_method":"OPTIONS","server":"localhost","referrer":"http://localhost:8081/","uid":"43c4e4c"}
[2017-01-17 01:51:22] INFO > #200: (/usuarios) - [] - {"url":"/usuarios?_dc=1484614282226&page=1&start=0&limit=25&sort=nomeusuario&dir=desc","ip":"::1","http_method":"GET","server":"localhost","referrer":"http://localhost:8081/","uid":"dcb7d24"}
[2017-01-17 01:51:40] INFO > #200: (/usuarios) - [] - {"url":"/usuarios?_dc=1484614300544&page=1&start=0&limit=25&sort=nomeusuario&dir=desc","ip":"::1","http_method":"OPTIONS","server":"localhost","referrer":"http://localhost:8081/","uid":"e901e5c"}
[2017-01-17 01:51:40] INFO > #200: (/usuarios) - [] - {"url":"/usuarios?_dc=1484614300544&page=1&start=0&limit=25&sort=nomeusuario&dir=desc","ip":"::1","http_method":"GET","server":"localhost","referrer":"http://localhost:8081/","uid":"c8c7641"}
[2017-01-17 01:51:55] INFO > #200: (/usuarios) - [] - {"url":"/usuarios?_dc=1484614315764&page=1&start=0&limit=25&sort=nomeusuario&dir=desc","ip":"::1","http_method":"OPTIONS","server":"localhost","referrer":"http://localhost:8081/","uid":"f4248ea"}
[2017-01-17 01:51:55] INFO > #200: (/usuarios) - [] - {"url":"/usuarios?_dc=1484614315764&page=1&start=0&limit=25&sort=nomeusuario&dir=desc","ip":"::1","http_method":"GET","server":"localhost","referrer":"http://localhost:8081/","uid":"48948b1"}
[2017-01-17 01:52:18] INFO > #200: (/usuarios) - [] - {"url":"/usuarios?_dc=1484614338939&page=1&start=0&limit=25&sort=nomeusuario&dir=desc","ip":"::1","http_method":"OPTIONS","server":"localhost","referrer":"http://localhost:8081/","uid":"742922f"}
[2017-01-17 01:52:18] INFO > #200: (/usuarios) - [] - {"url":"/usuarios?_dc=1484614338939&page=1&start=0&limit=25&sort=nomeusuario&dir=desc","ip":"::1","http_method":"GET","server":"localhost","referrer":"http://localhost:8081/","uid":"1e96a5c"}
[2017-01-17 01:53:26] INFO > #200: (/usuarios) - [] - {"url":"/usuarios?_dc=1484614406569&page=1&start=0&limit=25&sort=nomeusuario&dir=desc","ip":"::1","http_method":"OPTIONS","server":"localhost","referrer":"http://localhost:8081/","uid":"796740a"}
[2017-01-17 01:53:26] INFO > #200: (/usuarios) - [] - {"url":"/usuarios?_dc=1484614406569&page=1&start=0&limit=25&sort=nomeusuario&dir=desc","ip":"::1","http_method":"GET","server":"localhost","referrer":"http://localhost:8081/","uid":"3168477"}
[2017-01-17 01:53:53] INFO > #200: (/usuarios) - [] - {"url":"/usuarios?_dc=1484614433301&page=1&start=0&limit=25&sort=nomeusuario&dir=desc","ip":"::1","http_method":"OPTIONS","server":"localhost","referrer":"http://localhost:8081/","uid":"251d352"}
[2017-01-17 01:53:53] INFO > #200: (/usuarios) - [] - {"url":"/usuarios?_dc=1484614433301&page=1&start=0&limit=25&sort=nomeusuario&dir=desc","ip":"::1","http_method":"GET","server":"localhost","referrer":"http://localhost:8081/","uid":"e3447b7"}
[2017-01-17 01:54:48] INFO > #200: (/usuarios) - [] - {"url":"/usuarios?_dc=1484614488800&page=1&start=0&limit=25&sort=nomeusuario&dir=desc","ip":"::1","http_method":"OPTIONS","server":"localhost","referrer":"http://localhost:8081/","uid":"7e84e9f"}
[2017-01-17 01:54:48] INFO > #200: (/usuarios) - [] - {"url":"/usuarios?_dc=1484614488800&page=1&start=0&limit=25&sort=nomeusuario&dir=desc","ip":"::1","http_method":"GET","server":"localhost","referrer":"http://localhost:8081/","uid":"6d3ff15"}
[2017-01-17 01:55:26] INFO > #200: (/usuarios) - [] - {"url":"/usuarios?_dc=1484614526296&page=1&start=0&limit=25&sort=nomeusuario&dir=desc","ip":"::1","http_method":"OPTIONS","server":"localhost","referrer":"http://localhost:8081/","uid":"274551b"}
[2017-01-17 01:55:26] INFO > #200: (/usuarios) - [] - {"url":"/usuarios?_dc=1484614526296&page=1&start=0&limit=25&sort=nomeusuario&dir=desc","ip":"::1","http_method":"GET","server":"localhost","referrer":"http://localhost:8081/","uid":"07ed93d"}
[2017-01-17 01:55:46] INFO > #200: (/usuarios) - [] - {"url":"/usuarios?_dc=1484614546275&page=1&start=0&limit=25&sort=nomeusuario&dir=desc","ip":"::1","http_method":"OPTIONS","server":"localhost","referrer":"http://localhost:8081/","uid":"7b2e969"}
[2017-01-17 01:55:46] INFO > #200: (/usuarios) - [] - {"url":"/usuarios?_dc=1484614546275&page=1&start=0&limit=25&sort=nomeusuario&dir=desc","ip":"::1","http_method":"GET","server":"localhost","referrer":"http://localhost:8081/","uid":"2acccb6"}
[2017-01-17 01:55:55] INFO > #200: (/usuarios) - [] - {"url":"/usuarios?_dc=1484614555703&page=1&start=0&limit=25&sort=nomeusuario&dir=desc","ip":"::1","http_method":"OPTIONS","server":"localhost","referrer":"http://localhost:8081/","uid":"2d47bef"}
[2017-01-17 01:55:55] INFO > #200: (/usuarios) - [] - {"url":"/usuarios?_dc=1484614555703&page=1&start=0&limit=25&sort=nomeusuario&dir=desc","ip":"::1","http_method":"GET","server":"localhost","referrer":"http://localhost:8081/","uid":"4fae615"}
[2017-01-17 01:56:39] INFO > #200: (/usuarios) - [] - {"url":"/usuarios?_dc=1484614599508&page=1&start=0&limit=25&sort=nomeusuario&dir=desc","ip":"::1","http_method":"OPTIONS","server":"localhost","referrer":"http://localhost:8081/","uid":"938ac04"}
[2017-01-17 01:56:39] INFO > #200: (/usuarios) - [] - {"url":"/usuarios?_dc=1484614599508&page=1&start=0&limit=25&sort=nomeusuario&dir=desc","ip":"::1","http_method":"GET","server":"localhost","referrer":"http://localhost:8081/","uid":"34f4961"}
[2017-01-17 01:57:01] INFO > #200: (/usuarios) - [] - {"url":"/usuarios?_dc=1484614621293&page=1&start=0&limit=25&sort=nomeusuario&dir=desc","ip":"::1","http_method":"OPTIONS","server":"localhost","referrer":"http://localhost:8081/","uid":"064fcad"}
[2017-01-17 01:57:01] INFO > #200: (/usuarios) - [] - {"url":"/usuarios?_dc=1484614621293&page=1&start=0&limit=25&sort=nomeusuario&dir=desc","ip":"::1","http_method":"GET","server":"localhost","referrer":"http://localhost:8081/","uid":"ab42f53"}
[2017-01-17 01:57:21] INFO > #200: (/usuarios) - [] - {"url":"/usuarios?_dc=1484614641888&page=1&start=0&limit=25&sort=nomeusuario&dir=desc","ip":"::1","http_method":"OPTIONS","server":"localhost","referrer":"http://localhost:8081/","uid":"dd9d999"}
[2017-01-17 01:57:21] INFO > #200: (/usuarios) - [] - {"url":"/usuarios?_dc=1484614641888&page=1&start=0&limit=25&sort=nomeusuario&dir=desc","ip":"::1","http_method":"GET","server":"localhost","referrer":"http://localhost:8081/","uid":"2a4ac0f"}
[2017-01-17 01:59:40] INFO > #200: (/usuarios) - [] - {"url":"/usuarios?_dc=1484614780651&page=1&start=0&limit=25&sort=nomeusuario&dir=desc","ip":"::1","http_method":"OPTIONS","server":"localhost","referrer":"http://localhost:8081/","uid":"5bc7049"}
[2017-01-17 01:59:40] INFO > #200: (/usuarios) - [] - {"url":"/usuarios?_dc=1484614780651&page=1&start=0&limit=25&sort=nomeusuario&dir=desc","ip":"::1","http_method":"GET","server":"localhost","referrer":"http://localhost:8081/","uid":"087e54e"}
[2017-01-17 02:00:12] INFO > #200: (/usuarios) - [] - {"url":"/usuarios?_dc=1484614812624&page=1&start=0&limit=25&sort=nomeusuario&dir=desc","ip":"::1","http_method":"OPTIONS","server":"localhost","referrer":"http://localhost:8081/","uid":"8401f30"}
[2017-01-17 02:00:12] INFO > #200: (/usuarios) - [] - {"url":"/usuarios?_dc=1484614812624&page=1&start=0&limit=25&sort=nomeusuario&dir=desc","ip":"::1","http_method":"GET","server":"localhost","referrer":"http://localhost:8081/","uid":"3340920"}
[2017-01-17 02:00:39] INFO > #200: (/usuarios) - [] - {"url":"/usuarios?_dc=1484614839707&page=1&start=0&limit=25&sort=nomeusuario&dir=desc","ip":"::1","http_method":"OPTIONS","server":"localhost","referrer":"http://localhost:8081/","uid":"5a35847"}
[2017-01-17 02:00:39] INFO > #200: (/usuarios) - [] - {"url":"/usuarios?_dc=1484614839707&page=1&start=0&limit=25&sort=nomeusuario&dir=desc","ip":"::1","http_method":"GET","server":"localhost","referrer":"http://localhost:8081/","uid":"be5edef"}
[2017-01-17 02:00:50] INFO > #200: (/usuarios) - [] - {"url":"/usuarios?_dc=1484614850256&page=1&start=0&limit=25&sort=nomeusuario&dir=desc","ip":"::1","http_method":"OPTIONS","server":"localhost","referrer":"http://localhost:8081/","uid":"c9e4b4d"}
[2017-01-17 02:00:50] INFO > #200: (/usuarios) - [] - {"url":"/usuarios?_dc=1484614850256&page=1&start=0&limit=25&sort=nomeusuario&dir=desc","ip":"::1","http_method":"GET","server":"localhost","referrer":"http://localhost:8081/","uid":"7d70a7d"}
[2017-01-17 02:02:26] INFO > #200: (/usuarios) - [] - {"url":"/usuarios?_dc=1484614946698&page=1&start=0&limit=25&sort=nomeusuario&dir=desc","ip":"::1","http_method":"OPTIONS","server":"localhost","referrer":"http://localhost:8081/","uid":"d97a241"}
[2017-01-17 02:02:26] INFO > #200: (/usuarios) - [] - {"url":"/usuarios?_dc=1484614946698&page=1&start=0&limit=25&sort=nomeusuario&dir=desc","ip":"::1","http_method":"GET","server":"localhost","referrer":"http://localhost:8081/","uid":"209509d"}
[2017-01-17 02:03:07] INFO > #200: (/usuarios) - [] - {"url":"/usuarios?_dc=1484614987154&page=1&start=0&limit=25&sort=nomeusuario&dir=desc","ip":"::1","http_method":"OPTIONS","server":"localhost","referrer":"http://localhost:8081/","uid":"508bc34"}
[2017-01-17 02:03:07] INFO > #200: (/usuarios) - [] - {"url":"/usuarios?_dc=1484614987154&page=1&start=0&limit=25&sort=nomeusuario&dir=desc","ip":"::1","http_method":"GET","server":"localhost","referrer":"http://localhost:8081/","uid":"1057f0a"}
[2017-01-17 02:04:43] INFO > #200: (/usuarios) - [] - {"url":"/usuarios?_dc=1484615083579&page=1&start=0&limit=25&sort=nomeusuario&dir=desc","ip":"::1","http_method":"OPTIONS","server":"localhost","referrer":"http://localhost:8081/","uid":"81f29a6"}
[2017-01-17 02:04:43] INFO > #200: (/usuarios) - [] - {"url":"/usuarios?_dc=1484615083579&page=1&start=0&limit=25&sort=nomeusuario&dir=desc","ip":"::1","http_method":"GET","server":"localhost","referrer":"http://localhost:8081/","uid":"b3931d9"}
[2017-01-17 02:05:09] INFO > #200: (/usuarios) - [] - {"url":"/usuarios?_dc=1484615109645&page=1&start=0&limit=25&sort=nomeusuario&dir=desc","ip":"::1","http_method":"OPTIONS","server":"localhost","referrer":"http://localhost:8081/","uid":"6c37b01"}
[2017-01-17 02:05:09] INFO > #200: (/usuarios) - [] - {"url":"/usuarios?_dc=1484615109645&page=1&start=0&limit=25&sort=nomeusuario&dir=desc","ip":"::1","http_method":"GET","server":"localhost","referrer":"http://localhost:8081/","uid":"164a597"}
[2017-01-17 02:06:28] INFO > #200: (/usuarios) - [] - {"url":"/usuarios?_dc=1484615188485&page=1&start=0&limit=25&sort=nomeusuario&dir=desc","ip":"::1","http_method":"OPTIONS","server":"localhost","referrer":"http://localhost:8081/","uid":"f62e876"}
[2017-01-17 02:06:28] INFO > #200: (/usuarios) - [] - {"url":"/usuarios?_dc=1484615188485&page=1&start=0&limit=25&sort=nomeusuario&dir=desc","ip":"::1","http_method":"GET","server":"localhost","referrer":"http://localhost:8081/","uid":"faafbc1"}
[2017-01-17 02:06:39] INFO > #200: (/usuarios) - [] - {"url":"/usuarios?_dc=1484615199942&page=1&start=0&limit=25&sort=nomeusuario&dir=desc","ip":"::1","http_method":"OPTIONS","server":"localhost","referrer":"http://localhost:8081/","uid":"5ffa71f"}
[2017-01-17 02:06:40] INFO > #200: (/usuarios) - [] - {"url":"/usuarios?_dc=1484615199942&page=1&start=0&limit=25&sort=nomeusuario&dir=desc","ip":"::1","http_method":"GET","server":"localhost","referrer":"http://localhost:8081/","uid":"3f41396"}
[2017-01-17 02:06:58] INFO > #200: (/usuarios) - [] - {"url":"/usuarios?_dc=1484615218491&page=1&start=0&limit=25&sort=nomeusuario&dir=desc","ip":"::1","http_method":"OPTIONS","server":"localhost","referrer":"http://localhost:8081/","uid":"54a849a"}
[2017-01-17 02:06:58] INFO > #200: (/usuarios) - [] - {"url":"/usuarios?_dc=1484615218491&page=1&start=0&limit=25&sort=nomeusuario&dir=desc","ip":"::1","http_method":"GET","server":"localhost","referrer":"http://localhost:8081/","uid":"83bb9b6"}
[2017-01-17 02:09:59] INFO > #200: (/usuarios) - [] - {"url":"/usuarios?_dc=1484615399165&page=1&start=0&limit=25&sort=nomeusuario&dir=desc","ip":"::1","http_method":"OPTIONS","server":"localhost","referrer":"http://localhost:8081/","uid":"01a89de"}
[2017-01-17 02:09:59] INFO > #200: (/usuarios) - [] - {"url":"/usuarios?_dc=1484615399165&page=1&start=0&limit=25&sort=nomeusuario&dir=desc","ip":"::1","http_method":"GET","server":"localhost","referrer":"http://localhost:8081/","uid":"06532fb"}
