[2017-02-27 17:34:39] INFO > #200: (/comboprojeto) - [] - {"url":"/comboprojeto?_dc=1488213279730&page=1&start=0&limit=25","ip":"::1","http_method":"OPTIONS","server":"localhost","referrer":"http://localhost:8081/","uid":"ab1241a"}
[2017-02-27 17:34:39] INFO > #200: (/comboprogramadores) - [] - {"url":"/comboprogramadores?_dc=1488213279732&page=1&start=0&limit=25","ip":"::1","http_method":"OPTIONS","server":"localhost","referrer":"http://localhost:8081/","uid":"a07be22"}
[2017-02-27 17:34:39] INFO > #200: (/comboprojeto) - [] - {"url":"/comboprojeto?_dc=1488213279730&page=1&start=0&limit=25","ip":"::1","http_method":"GET","server":"localhost","referrer":"http://localhost:8081/","uid":"0a4c083"}
[2017-02-27 17:34:39] INFO > #200: (/comboprogramadores) - [] - {"url":"/comboprogramadores?_dc=1488213279732&page=1&start=0&limit=25","ip":"::1","http_method":"GET","server":"localhost","referrer":"http://localhost:8081/","uid":"6e707bd"}
[2017-02-27 17:34:44] INFO > #200: (/sprint/13) - [] - {"url":"/sprint/13","ip":"::1","http_method":"OPTIONS","server":"localhost","referrer":"http://localhost:8081/","uid":"023147e"}
[2017-02-27 17:34:44] INFO > #200: (/sprint/13) - [] - {"url":"/sprint/13","ip":"::1","http_method":"GET","server":"localhost","referrer":"http://localhost:8081/","uid":"011884e"}
[2017-02-27 17:34:49] INFO > #200: (/sprint/14) - [] - {"url":"/sprint/14","ip":"::1","http_method":"OPTIONS","server":"localhost","referrer":"http://localhost:8081/","uid":"50f912b"}
[2017-02-27 17:34:49] INFO > #200: (/sprint/14) - [] - {"url":"/sprint/14","ip":"::1","http_method":"GET","server":"localhost","referrer":"http://localhost:8081/","uid":"ef8ff62"}
[2017-02-27 17:34:52] INFO > #200: (/sprint/13) - [] - {"url":"/sprint/13","ip":"::1","http_method":"GET","server":"localhost","referrer":"http://localhost:8081/","uid":"fd21267"}
[2017-02-27 17:35:18] INFO > #200: (/sprint/13) - [] - {"url":"/sprint/13","ip":"::1","http_method":"GET","server":"localhost","referrer":"http://localhost:8081/","uid":"2b5d4c5"}
[2017-02-27 17:44:18] INFO > #200: (/sprint/14) - [] - {"url":"/sprint/14","ip":"::1","http_method":"GET","server":"localhost","referrer":"http://localhost:8081/","uid":"9365854"}
[2017-02-27 17:44:20] INFO > #200: (/sprint/8) - [] - {"url":"/sprint/8","ip":"::1","http_method":"OPTIONS","server":"localhost","referrer":"http://localhost:8081/","uid":"4b94b35"}
[2017-02-27 17:44:20] INFO > #200: (/sprint/8) - [] - {"url":"/sprint/8","ip":"::1","http_method":"GET","server":"localhost","referrer":"http://localhost:8081/","uid":"b74678b"}
[2017-02-27 17:46:13] INFO > #200: (/sprint) - [] - {"url":"/sprint","ip":"::1","http_method":"OPTIONS","server":"localhost","referrer":"http://localhost:8081/","uid":"164ff62"}
[2017-02-27 17:46:13] INFO > #200: (/sprint) - [] - {"url":"/sprint","ip":"::1","http_method":"POST","server":"localhost","referrer":"http://localhost:8081/","uid":"5878352"}
[2017-02-27 17:46:18] INFO > #200: (/sprint/8) - [] - {"url":"/sprint/8","ip":"::1","http_method":"GET","server":"localhost","referrer":"http://localhost:8081/","uid":"1bf849b"}
[2017-02-27 17:54:02] INFO > #200: (/sprint/13) - [] - {"url":"/sprint/13","ip":"::1","http_method":"OPTIONS","server":"localhost","referrer":"http://localhost:8081/","uid":"02313c8"}
[2017-02-27 17:54:02] INFO > #200: (/sprint/13) - [] - {"url":"/sprint/13","ip":"::1","http_method":"GET","server":"localhost","referrer":"http://localhost:8081/","uid":"ee53f04"}
[2017-02-27 17:54:07] INFO > #200: (/sprint/14) - [] - {"url":"/sprint/14","ip":"::1","http_method":"OPTIONS","server":"localhost","referrer":"http://localhost:8081/","uid":"1b92d90"}
[2017-02-27 17:54:07] INFO > #200: (/sprint/14) - [] - {"url":"/sprint/14","ip":"::1","http_method":"GET","server":"localhost","referrer":"http://localhost:8081/","uid":"af41b9c"}
[2017-02-27 17:54:09] INFO > #200: (/sprint/8) - [] - {"url":"/sprint/8","ip":"::1","http_method":"GET","server":"localhost","referrer":"http://localhost:8081/","uid":"4a2d957"}
[2017-02-27 17:56:29] INFO > #200: (/sprint/8) - [] - {"url":"/sprint/8","ip":"::1","http_method":"OPTIONS","server":"localhost","referrer":"http://localhost:8081/","uid":"6fb2b31"}
[2017-02-27 17:56:29] INFO > #200: (/sprint/8) - [] - {"url":"/sprint/8","ip":"::1","http_method":"GET","server":"localhost","referrer":"http://localhost:8081/","uid":"218f9b8"}
[2017-02-27 17:57:32] INFO > #200: (/comboprojeto) - [] - {"url":"/comboprojeto?_dc=1488214652048&page=1&start=0&limit=25","ip":"::1","http_method":"OPTIONS","server":"localhost","referrer":"http://localhost:8081/","uid":"abb60d2"}
[2017-02-27 17:57:32] INFO > #200: (/comboprogramadores) - [] - {"url":"/comboprogramadores?_dc=1488214652051&page=1&start=0&limit=25","ip":"::1","http_method":"OPTIONS","server":"localhost","referrer":"http://localhost:8081/","uid":"eb3c522"}
[2017-02-27 17:57:32] INFO > #200: (/comboprojeto) - [] - {"url":"/comboprojeto?_dc=1488214652048&page=1&start=0&limit=25","ip":"::1","http_method":"GET","server":"localhost","referrer":"http://localhost:8081/","uid":"006efd7"}
[2017-02-27 17:57:32] INFO > #200: (/comboprogramadores) - [] - {"url":"/comboprogramadores?_dc=1488214652051&page=1&start=0&limit=25","ip":"::1","http_method":"GET","server":"localhost","referrer":"http://localhost:8081/","uid":"a76db55"}
[2017-02-27 17:57:39] INFO > #200: (/sprint/8) - [] - {"url":"/sprint/8","ip":"::1","http_method":"GET","server":"localhost","referrer":"http://localhost:8081/","uid":"1c285ed"}
[2017-02-27 18:02:25] INFO > #200: (//sprint/tarefas/14) - [] - {"url":"//sprint/tarefas/14","ip":"::1","http_method":"GET","server":"localhost","referrer":null,"uid":"57a9e74"}
[2017-02-27 18:02:32] INFO > #200: (//sprint/tarefas/10) - [] - {"url":"//sprint/tarefas/10","ip":"::1","http_method":"GET","server":"localhost","referrer":null,"uid":"657ebf5"}
[2017-02-27 18:03:20] INFO > #200: (/comboprojeto) - [] - {"url":"/comboprojeto?_dc=1488215000722&page=1&start=0&limit=25","ip":"::1","http_method":"OPTIONS","server":"localhost","referrer":"http://localhost:8081/","uid":"8872705"}
[2017-02-27 18:03:20] INFO > #200: (/comboprogramadores) - [] - {"url":"/comboprogramadores?_dc=1488215000726&page=1&start=0&limit=25","ip":"::1","http_method":"OPTIONS","server":"localhost","referrer":"http://localhost:8081/","uid":"d69646f"}
[2017-02-27 18:03:20] INFO > #200: (/comboprojeto) - [] - {"url":"/comboprojeto?_dc=1488215000722&page=1&start=0&limit=25","ip":"::1","http_method":"GET","server":"localhost","referrer":"http://localhost:8081/","uid":"120cafc"}
[2017-02-27 18:03:20] INFO > #200: (/comboprogramadores) - [] - {"url":"/comboprogramadores?_dc=1488215000726&page=1&start=0&limit=25","ip":"::1","http_method":"GET","server":"localhost","referrer":"http://localhost:8081/","uid":"04e254b"}
[2017-02-27 18:03:23] INFO > #200: (/sprint/8) - [] - {"url":"/sprint/8","ip":"::1","http_method":"OPTIONS","server":"localhost","referrer":"http://localhost:8081/","uid":"e9f19a1"}
[2017-02-27 18:03:23] INFO > #200: (/sprint/8) - [] - {"url":"/sprint/8","ip":"::1","http_method":"GET","server":"localhost","referrer":"http://localhost:8081/","uid":"9328bf7"}
[2017-02-27 18:05:59] INFO > #200: (/comboprojeto) - [] - {"url":"/comboprojeto?_dc=1488215159378&page=1&start=0&limit=25","ip":"::1","http_method":"OPTIONS","server":"localhost","referrer":"http://localhost:8081/","uid":"767c5a7"}
[2017-02-27 18:05:59] INFO > #200: (/comboprogramadores) - [] - {"url":"/comboprogramadores?_dc=1488215159381&page=1&start=0&limit=25","ip":"::1","http_method":"OPTIONS","server":"localhost","referrer":"http://localhost:8081/","uid":"d6e6262"}
[2017-02-27 18:05:59] INFO > #200: (/comboprojeto) - [] - {"url":"/comboprojeto?_dc=1488215159378&page=1&start=0&limit=25","ip":"::1","http_method":"GET","server":"localhost","referrer":"http://localhost:8081/","uid":"5baffc0"}
[2017-02-27 18:05:59] INFO > #200: (/comboprogramadores) - [] - {"url":"/comboprogramadores?_dc=1488215159381&page=1&start=0&limit=25","ip":"::1","http_method":"GET","server":"localhost","referrer":"http://localhost:8081/","uid":"63f8a31"}
[2017-02-27 18:06:02] INFO > #200: (/sprint/8) - [] - {"url":"/sprint/8","ip":"::1","http_method":"GET","server":"localhost","referrer":"http://localhost:8081/","uid":"bad4446"}
[2017-02-27 18:06:06] INFO > #200: (//sprint/tarefas/14) - [] - {"url":"//sprint/tarefas/14","ip":"::1","http_method":"OPTIONS","server":"localhost","referrer":"http://localhost:8081/","uid":"6e510ff"}
[2017-02-27 18:06:06] INFO > #200: (//sprint/tarefas/14) - [] - {"url":"//sprint/tarefas/14","ip":"::1","http_method":"GET","server":"localhost","referrer":"http://localhost:8081/","uid":"6eb76f1"}
[2017-02-27 18:07:10] INFO > #200: (/comboprojeto) - [] - {"url":"/comboprojeto?_dc=1488215230798&page=1&start=0&limit=25","ip":"::1","http_method":"OPTIONS","server":"localhost","referrer":"http://localhost:8081/","uid":"a1219dd"}
[2017-02-27 18:07:10] INFO > #200: (/comboprogramadores) - [] - {"url":"/comboprogramadores?_dc=1488215230798&page=1&start=0&limit=25","ip":"::1","http_method":"OPTIONS","server":"localhost","referrer":"http://localhost:8081/","uid":"fdbd9f1"}
[2017-02-27 18:07:10] INFO > #200: (/comboprojeto) - [] - {"url":"/comboprojeto?_dc=1488215230798&page=1&start=0&limit=25","ip":"::1","http_method":"GET","server":"localhost","referrer":"http://localhost:8081/","uid":"0a420f0"}
[2017-02-27 18:07:10] INFO > #200: (/comboprogramadores) - [] - {"url":"/comboprogramadores?_dc=1488215230798&page=1&start=0&limit=25","ip":"::1","http_method":"GET","server":"localhost","referrer":"http://localhost:8081/","uid":"79a5983"}
[2017-02-27 18:07:13] INFO > #200: (/sprint/8) - [] - {"url":"/sprint/8","ip":"::1","http_method":"GET","server":"localhost","referrer":"http://localhost:8081/","uid":"1c60b55"}
[2017-02-27 18:07:18] INFO > #200: (//sprint/tarefas/14) - [] - {"url":"//sprint/tarefas/14","ip":"::1","http_method":"GET","server":"localhost","referrer":"http://localhost:8081/","uid":"6f98fa3"}
[2017-02-27 18:08:13] INFO > #200: (/comboprojeto) - [] - {"url":"/comboprojeto?_dc=1488215293698&page=1&start=0&limit=25","ip":"::1","http_method":"OPTIONS","server":"localhost","referrer":"http://localhost:8081/","uid":"be889a3"}
[2017-02-27 18:08:13] INFO > #200: (/comboprogramadores) - [] - {"url":"/comboprogramadores?_dc=1488215293701&page=1&start=0&limit=25","ip":"::1","http_method":"OPTIONS","server":"localhost","referrer":"http://localhost:8081/","uid":"54f27aa"}
[2017-02-27 18:08:13] INFO > #200: (/comboprojeto) - [] - {"url":"/comboprojeto?_dc=1488215293698&page=1&start=0&limit=25","ip":"::1","http_method":"GET","server":"localhost","referrer":"http://localhost:8081/","uid":"1215251"}
[2017-02-27 18:08:13] INFO > #200: (/comboprogramadores) - [] - {"url":"/comboprogramadores?_dc=1488215293701&page=1&start=0&limit=25","ip":"::1","http_method":"GET","server":"localhost","referrer":"http://localhost:8081/","uid":"3815d21"}
[2017-02-27 18:08:16] INFO > #200: (/sprint/8) - [] - {"url":"/sprint/8","ip":"::1","http_method":"GET","server":"localhost","referrer":"http://localhost:8081/","uid":"b71f4c6"}
[2017-02-27 18:08:17] INFO > #200: (//sprint/tarefas/14) - [] - {"url":"//sprint/tarefas/14","ip":"::1","http_method":"GET","server":"localhost","referrer":"http://localhost:8081/","uid":"011c9e9"}
[2017-02-27 18:09:32] INFO > #200: (/comboprojeto) - [] - {"url":"/comboprojeto?_dc=1488215372890&page=1&start=0&limit=25","ip":"::1","http_method":"OPTIONS","server":"localhost","referrer":"http://localhost:8081/","uid":"dce1c2f"}
[2017-02-27 18:09:32] INFO > #200: (/comboprogramadores) - [] - {"url":"/comboprogramadores?_dc=1488215372893&page=1&start=0&limit=25","ip":"::1","http_method":"OPTIONS","server":"localhost","referrer":"http://localhost:8081/","uid":"c5202a3"}
[2017-02-27 18:09:32] INFO > #200: (/comboprojeto) - [] - {"url":"/comboprojeto?_dc=1488215372890&page=1&start=0&limit=25","ip":"::1","http_method":"GET","server":"localhost","referrer":"http://localhost:8081/","uid":"a4856c8"}
[2017-02-27 18:09:32] INFO > #200: (/comboprogramadores) - [] - {"url":"/comboprogramadores?_dc=1488215372893&page=1&start=0&limit=25","ip":"::1","http_method":"GET","server":"localhost","referrer":"http://localhost:8081/","uid":"d63f083"}
[2017-02-27 18:09:35] INFO > #200: (/sprint/13) - [] - {"url":"/sprint/13","ip":"::1","http_method":"OPTIONS","server":"localhost","referrer":"http://localhost:8081/","uid":"4cd6e1b"}
[2017-02-27 18:09:35] INFO > #200: (/sprint/13) - [] - {"url":"/sprint/13","ip":"::1","http_method":"GET","server":"localhost","referrer":"http://localhost:8081/","uid":"9d5b765"}
[2017-02-27 18:09:38] INFO > #200: (//sprint/tarefas/11) - [] - {"url":"//sprint/tarefas/11","ip":"::1","http_method":"OPTIONS","server":"localhost","referrer":"http://localhost:8081/","uid":"06499b9"}
[2017-02-27 18:09:38] INFO > #200: (//sprint/tarefas/11) - [] - {"url":"//sprint/tarefas/11","ip":"::1","http_method":"GET","server":"localhost","referrer":"http://localhost:8081/","uid":"51eafa5"}
[2017-02-27 18:09:41] INFO > #200: (//sprint/tarefas/12) - [] - {"url":"//sprint/tarefas/12","ip":"::1","http_method":"OPTIONS","server":"localhost","referrer":"http://localhost:8081/","uid":"3a503cd"}
[2017-02-27 18:09:41] INFO > #200: (//sprint/tarefas/12) - [] - {"url":"//sprint/tarefas/12","ip":"::1","http_method":"GET","server":"localhost","referrer":"http://localhost:8081/","uid":"c0f18a7"}
[2017-02-27 18:09:45] INFO > #200: (//sprint/tarefas/13) - [] - {"url":"//sprint/tarefas/13","ip":"::1","http_method":"OPTIONS","server":"localhost","referrer":"http://localhost:8081/","uid":"0c69ce2"}
[2017-02-27 18:09:45] INFO > #200: (//sprint/tarefas/13) - [] - {"url":"//sprint/tarefas/13","ip":"::1","http_method":"GET","server":"localhost","referrer":"http://localhost:8081/","uid":"67adfb5"}
[2017-02-27 18:10:23] INFO > #200: (/comboprojeto) - [] - {"url":"/comboprojeto?_dc=1488215423108&page=1&start=0&limit=25","ip":"::1","http_method":"OPTIONS","server":"localhost","referrer":"http://localhost:8081/","uid":"7bc79f4"}
[2017-02-27 18:10:23] INFO > #200: (/comboprogramadores) - [] - {"url":"/comboprogramadores?_dc=1488215423111&page=1&start=0&limit=25","ip":"::1","http_method":"OPTIONS","server":"localhost","referrer":"http://localhost:8081/","uid":"34677a5"}
[2017-02-27 18:10:23] INFO > #200: (/comboprojeto) - [] - {"url":"/comboprojeto?_dc=1488215423108&page=1&start=0&limit=25","ip":"::1","http_method":"GET","server":"localhost","referrer":"http://localhost:8081/","uid":"6305a1f"}
[2017-02-27 18:10:23] INFO > #200: (/comboprogramadores) - [] - {"url":"/comboprogramadores?_dc=1488215423111&page=1&start=0&limit=25","ip":"::1","http_method":"GET","server":"localhost","referrer":"http://localhost:8081/","uid":"82c5065"}
[2017-02-27 18:10:25] INFO > #200: (/sprint/13) - [] - {"url":"/sprint/13","ip":"::1","http_method":"GET","server":"localhost","referrer":"http://localhost:8081/","uid":"a21580a"}
[2017-02-27 18:10:27] INFO > #200: (//sprint/tarefas/11) - [] - {"url":"//sprint/tarefas/11","ip":"::1","http_method":"GET","server":"localhost","referrer":"http://localhost:8081/","uid":"1942ff5"}
[2017-02-27 18:10:33] INFO > #200: (/sprint/8) - [] - {"url":"/sprint/8","ip":"::1","http_method":"GET","server":"localhost","referrer":"http://localhost:8081/","uid":"cd056c0"}
[2017-02-27 18:10:35] INFO > #200: (//sprint/tarefas/14) - [] - {"url":"//sprint/tarefas/14","ip":"::1","http_method":"GET","server":"localhost","referrer":"http://localhost:8081/","uid":"2f11566"}
[2017-02-27 18:23:29] INFO > #200: (//sprint/tarefas/14) - [] - {"url":"//sprint/tarefas/14","ip":"::1","http_method":"OPTIONS","server":"localhost","referrer":"http://localhost:8081/","uid":"ce81125"}
[2017-02-27 18:23:29] INFO > #200: (//sprint/tarefas/14) - [] - {"url":"//sprint/tarefas/14","ip":"::1","http_method":"GET","server":"localhost","referrer":"http://localhost:8081/","uid":"61f1098"}
[2017-02-27 18:23:33] INFO > #200: (/sprint/13) - [] - {"url":"/sprint/13","ip":"::1","http_method":"OPTIONS","server":"localhost","referrer":"http://localhost:8081/","uid":"365b368"}
[2017-02-27 18:23:33] INFO > #200: (/sprint/13) - [] - {"url":"/sprint/13","ip":"::1","http_method":"GET","server":"localhost","referrer":"http://localhost:8081/","uid":"f5223d8"}
[2017-02-27 18:23:41] INFO > #200: (//sprint/tarefas/11) - [] - {"url":"//sprint/tarefas/11","ip":"::1","http_method":"OPTIONS","server":"localhost","referrer":"http://localhost:8081/","uid":"815ee13"}
[2017-02-27 18:23:41] INFO > #200: (//sprint/tarefas/11) - [] - {"url":"//sprint/tarefas/11","ip":"::1","http_method":"GET","server":"localhost","referrer":"http://localhost:8081/","uid":"9df6c4e"}
[2017-02-27 18:23:46] INFO > #200: (//sprint/tarefas/12) - [] - {"url":"//sprint/tarefas/12","ip":"::1","http_method":"OPTIONS","server":"localhost","referrer":"http://localhost:8081/","uid":"32e7619"}
[2017-02-27 18:23:46] INFO > #200: (//sprint/tarefas/12) - [] - {"url":"//sprint/tarefas/12","ip":"::1","http_method":"GET","server":"localhost","referrer":"http://localhost:8081/","uid":"aa0dbe5"}
[2017-02-27 18:24:00] INFO > #200: (//sprint/tarefas/13) - [] - {"url":"//sprint/tarefas/13","ip":"::1","http_method":"OPTIONS","server":"localhost","referrer":"http://localhost:8081/","uid":"cbda579"}
[2017-02-27 18:24:00] INFO > #200: (//sprint/tarefas/13) - [] - {"url":"//sprint/tarefas/13","ip":"::1","http_method":"GET","server":"localhost","referrer":"http://localhost:8081/","uid":"121ac34"}
[2017-02-27 18:24:14] INFO > #200: (//sprint/tarefas/13) - [] - {"url":"//sprint/tarefas/13","ip":"::1","http_method":"GET","server":"localhost","referrer":"http://localhost:8081/","uid":"24ef1dd"}
[2017-02-27 18:24:23] INFO > #200: (//sprint/tarefas/11) - [] - {"url":"//sprint/tarefas/11","ip":"::1","http_method":"GET","server":"localhost","referrer":"http://localhost:8081/","uid":"0f77d70"}
[2017-02-27 18:24:33] INFO > #200: (//sprint/tarefas/12) - [] - {"url":"//sprint/tarefas/12","ip":"::1","http_method":"GET","server":"localhost","referrer":"http://localhost:8081/","uid":"6c2fea5"}
[2017-02-27 18:27:20] INFO > #200: (//sprint/tarefas/11) - [] - {"url":"//sprint/tarefas/11","ip":"::1","http_method":"GET","server":"localhost","referrer":"http://localhost:8081/","uid":"3642c15"}
[2017-02-27 18:29:50] INFO > #200: (//sprint/tarefas/13) - [] - {"url":"//sprint/tarefas/13","ip":"::1","http_method":"GET","server":"localhost","referrer":"http://localhost:8081/","uid":"c6772a9"}
[2017-02-27 18:29:53] INFO > #200: (//sprint/tarefas/12) - [] - {"url":"//sprint/tarefas/12","ip":"::1","http_method":"GET","server":"localhost","referrer":"http://localhost:8081/","uid":"2e79932"}
[2017-02-27 18:29:56] INFO > #200: (//sprint/tarefas/11) - [] - {"url":"//sprint/tarefas/11","ip":"::1","http_method":"GET","server":"localhost","referrer":"http://localhost:8081/","uid":"b72da67"}
[2017-02-27 18:30:03] INFO > #200: (/sprint/8) - [] - {"url":"/sprint/8","ip":"::1","http_method":"OPTIONS","server":"localhost","referrer":"http://localhost:8081/","uid":"ba530e2"}
[2017-02-27 18:30:03] INFO > #200: (/sprint/8) - [] - {"url":"/sprint/8","ip":"::1","http_method":"GET","server":"localhost","referrer":"http://localhost:8081/","uid":"2fa6bda"}
[2017-02-27 18:30:05] INFO > #200: (//sprint/tarefas/14) - [] - {"url":"//sprint/tarefas/14","ip":"::1","http_method":"GET","server":"localhost","referrer":"http://localhost:8081/","uid":"aec18a2"}
[2017-02-27 18:30:11] INFO > #200: (/comboprojeto) - [] - {"url":"/comboprojeto?_dc=1488216610998&page=1&start=0&limit=25","ip":"::1","http_method":"OPTIONS","server":"localhost","referrer":"http://localhost:8081/","uid":"78af829"}
[2017-02-27 18:30:11] INFO > #200: (/comboprogramadores) - [] - {"url":"/comboprogramadores?_dc=1488216611001&page=1&start=0&limit=25","ip":"::1","http_method":"OPTIONS","server":"localhost","referrer":"http://localhost:8081/","uid":"3bbb1e8"}
[2017-02-27 18:30:11] INFO > #200: (/comboprojeto) - [] - {"url":"/comboprojeto?_dc=1488216610998&page=1&start=0&limit=25","ip":"::1","http_method":"GET","server":"localhost","referrer":"http://localhost:8081/","uid":"5c1e8ec"}
[2017-02-27 18:30:11] INFO > #200: (/comboprogramadores) - [] - {"url":"/comboprogramadores?_dc=1488216611001&page=1&start=0&limit=25","ip":"::1","http_method":"GET","server":"localhost","referrer":"http://localhost:8081/","uid":"7467544"}
[2017-02-27 18:30:13] INFO > #200: (/sprint/13) - [] - {"url":"/sprint/13","ip":"::1","http_method":"GET","server":"localhost","referrer":"http://localhost:8081/","uid":"1b4a7b5"}
[2017-02-27 18:30:15] INFO > #200: (//sprint/tarefas/11) - [] - {"url":"//sprint/tarefas/11","ip":"::1","http_method":"GET","server":"localhost","referrer":"http://localhost:8081/","uid":"5caa5b9"}
[2017-02-27 18:30:23] INFO > #200: (/sprint/8) - [] - {"url":"/sprint/8","ip":"::1","http_method":"GET","server":"localhost","referrer":"http://localhost:8081/","uid":"29c2a81"}
[2017-02-27 18:30:24] INFO > #200: (//sprint/tarefas/14) - [] - {"url":"//sprint/tarefas/14","ip":"::1","http_method":"GET","server":"localhost","referrer":"http://localhost:8081/","uid":"78e7339"}
[2017-02-27 18:31:47] INFO > #200: (/comboprojeto) - [] - {"url":"/comboprojeto?_dc=1488216707760&page=1&start=0&limit=25","ip":"::1","http_method":"OPTIONS","server":"localhost","referrer":"http://localhost:8081/","uid":"2a28930"}
[2017-02-27 18:31:47] INFO > #200: (/comboprogramadores) - [] - {"url":"/comboprogramadores?_dc=1488216707760&page=1&start=0&limit=25","ip":"::1","http_method":"OPTIONS","server":"localhost","referrer":"http://localhost:8081/","uid":"b55cf69"}
[2017-02-27 18:31:47] INFO > #200: (/comboprojeto) - [] - {"url":"/comboprojeto?_dc=1488216707760&page=1&start=0&limit=25","ip":"::1","http_method":"GET","server":"localhost","referrer":"http://localhost:8081/","uid":"99ada1a"}
[2017-02-27 18:31:47] INFO > #200: (/comboprogramadores) - [] - {"url":"/comboprogramadores?_dc=1488216707760&page=1&start=0&limit=25","ip":"::1","http_method":"GET","server":"localhost","referrer":"http://localhost:8081/","uid":"71515d8"}
[2017-02-27 18:31:50] INFO > #200: (/sprint/13) - [] - {"url":"/sprint/13","ip":"::1","http_method":"GET","server":"localhost","referrer":"http://localhost:8081/","uid":"b52fb78"}
[2017-02-27 18:31:59] INFO > #200: (/sprint/8) - [] - {"url":"/sprint/8","ip":"::1","http_method":"GET","server":"localhost","referrer":"http://localhost:8081/","uid":"c806f72"}
[2017-02-27 18:33:32] INFO > #200: (/comboprojeto) - [] - {"url":"/comboprojeto?_dc=1488216812064&page=1&start=0&limit=25","ip":"::1","http_method":"OPTIONS","server":"localhost","referrer":"http://localhost:8081/","uid":"99a56f7"}
[2017-02-27 18:33:32] INFO > #200: (/comboprogramadores) - [] - {"url":"/comboprogramadores?_dc=1488216812067&page=1&start=0&limit=25","ip":"::1","http_method":"OPTIONS","server":"localhost","referrer":"http://localhost:8081/","uid":"65b726a"}
[2017-02-27 18:33:32] INFO > #200: (/comboprojeto) - [] - {"url":"/comboprojeto?_dc=1488216812064&page=1&start=0&limit=25","ip":"::1","http_method":"GET","server":"localhost","referrer":"http://localhost:8081/","uid":"93b1b4d"}
[2017-02-27 18:33:32] INFO > #200: (/comboprogramadores) - [] - {"url":"/comboprogramadores?_dc=1488216812067&page=1&start=0&limit=25","ip":"::1","http_method":"GET","server":"localhost","referrer":"http://localhost:8081/","uid":"6395a79"}
[2017-02-27 18:33:35] INFO > #200: (/sprint/13) - [] - {"url":"/sprint/13","ip":"::1","http_method":"OPTIONS","server":"localhost","referrer":"http://localhost:8081/","uid":"49b5de5"}
[2017-02-27 18:33:35] INFO > #200: (/sprint/13) - [] - {"url":"/sprint/13","ip":"::1","http_method":"GET","server":"localhost","referrer":"http://localhost:8081/","uid":"e23d01f"}
[2017-02-27 18:33:39] INFO > #200: (/sprint/13) - [] - {"url":"/sprint/13","ip":"::1","http_method":"GET","server":"localhost","referrer":"http://localhost:8081/","uid":"dd5bec2"}
[2017-02-27 18:33:44] INFO > #200: (/sprint/null) - [] - {"url":"/sprint/null","ip":"::1","http_method":"OPTIONS","server":"localhost","referrer":"http://localhost:8081/","uid":"56bd152"}
[2017-02-27 18:33:44] INFO > #200: (/sprint/null) - [] - {"url":"/sprint/null","ip":"::1","http_method":"GET","server":"localhost","referrer":"http://localhost:8081/","uid":"8424939"}
[2017-02-27 18:33:48] INFO > #200: (/sprint/8) - [] - {"url":"/sprint/8","ip":"::1","http_method":"GET","server":"localhost","referrer":"http://localhost:8081/","uid":"468f17f"}
[2017-02-27 18:34:19] INFO > #200: (/comboprojeto) - [] - {"url":"/comboprojeto?_dc=1488216859286&page=1&start=0&limit=25","ip":"::1","http_method":"OPTIONS","server":"localhost","referrer":"http://localhost:8081/","uid":"698a3cb"}
[2017-02-27 18:34:19] INFO > #200: (/comboprogramadores) - [] - {"url":"/comboprogramadores?_dc=1488216859290&page=1&start=0&limit=25","ip":"::1","http_method":"OPTIONS","server":"localhost","referrer":"http://localhost:8081/","uid":"fd6ee67"}
[2017-02-27 18:34:19] INFO > #200: (/comboprojeto) - [] - {"url":"/comboprojeto?_dc=1488216859286&page=1&start=0&limit=25","ip":"::1","http_method":"GET","server":"localhost","referrer":"http://localhost:8081/","uid":"8ceb7d8"}
[2017-02-27 18:34:19] INFO > #200: (/comboprogramadores) - [] - {"url":"/comboprogramadores?_dc=1488216859290&page=1&start=0&limit=25","ip":"::1","http_method":"GET","server":"localhost","referrer":"http://localhost:8081/","uid":"3fd86fd"}
[2017-02-27 18:34:25] INFO > #200: (/sprint/null) - [] - {"url":"/sprint/null","ip":"::1","http_method":"GET","server":"localhost","referrer":"http://localhost:8081/","uid":"5ae5f62"}
[2017-02-27 18:34:30] INFO > #200: (/sprint/13) - [] - {"url":"/sprint/13","ip":"::1","http_method":"GET","server":"localhost","referrer":"http://localhost:8081/","uid":"7bea62d"}
[2017-02-27 18:34:31] INFO > #200: (/sprint/13) - [] - {"url":"/sprint/13","ip":"::1","http_method":"GET","server":"localhost","referrer":"http://localhost:8081/","uid":"34f0b5f"}
[2017-02-27 18:34:33] INFO > #200: (/sprint/13) - [] - {"url":"/sprint/13","ip":"::1","http_method":"GET","server":"localhost","referrer":"http://localhost:8081/","uid":"cec4e5b"}
[2017-02-27 18:38:11] INFO > #200: (//sprint/tarefas/11) - [] - {"url":"//sprint/tarefas/11","ip":"::1","http_method":"OPTIONS","server":"localhost","referrer":"http://localhost:8081/","uid":"7125f3e"}
[2017-02-27 18:38:11] INFO > #200: (//sprint/tarefas/11) - [] - {"url":"//sprint/tarefas/11","ip":"::1","http_method":"GET","server":"localhost","referrer":"http://localhost:8081/","uid":"60c6c89"}
[2017-02-27 18:42:50] INFO > #200: (/sprint/11) - [] - {"url":"/sprint/11","ip":"::1","http_method":"OPTIONS","server":"localhost","referrer":"http://localhost:8081/","uid":"79e0930"}
[2017-02-27 18:42:50] WARNING > #405: (/sprint/11) - [] - {"url":"/sprint/11","ip":"::1","http_method":"PATCH","server":"localhost","referrer":"http://localhost:8081/","uid":"3321b5d"}
[2017-02-27 18:45:00] INFO > #200: (/comboprojeto) - [] - {"url":"/comboprojeto?_dc=1488217500657&page=1&start=0&limit=25","ip":"::1","http_method":"OPTIONS","server":"localhost","referrer":"http://localhost:8081/","uid":"2705459"}
[2017-02-27 18:45:00] INFO > #200: (/comboprogramadores) - [] - {"url":"/comboprogramadores?_dc=1488217500661&page=1&start=0&limit=25","ip":"::1","http_method":"OPTIONS","server":"localhost","referrer":"http://localhost:8081/","uid":"55a9923"}
[2017-02-27 18:45:00] INFO > #200: (/comboprojeto) - [] - {"url":"/comboprojeto?_dc=1488217500657&page=1&start=0&limit=25","ip":"::1","http_method":"GET","server":"localhost","referrer":"http://localhost:8081/","uid":"103566b"}
[2017-02-27 18:45:00] INFO > #200: (/comboprogramadores) - [] - {"url":"/comboprogramadores?_dc=1488217500661&page=1&start=0&limit=25","ip":"::1","http_method":"GET","server":"localhost","referrer":"http://localhost:8081/","uid":"71fca43"}
[2017-02-27 18:45:03] INFO > #200: (/sprint/13) - [] - {"url":"/sprint/13","ip":"::1","http_method":"OPTIONS","server":"localhost","referrer":"http://localhost:8081/","uid":"9078593"}
[2017-02-27 18:45:03] INFO > #200: (/sprint/13) - [] - {"url":"/sprint/13","ip":"::1","http_method":"GET","server":"localhost","referrer":"http://localhost:8081/","uid":"7f6060f"}
[2017-02-27 18:45:04] INFO > #200: (//sprint/tarefas/11) - [] - {"url":"//sprint/tarefas/11","ip":"::1","http_method":"GET","server":"localhost","referrer":"http://localhost:8081/","uid":"e0710af"}
[2017-02-27 18:45:11] INFO > #200: (/sprint/11) - [] - {"url":"/sprint/11","ip":"::1","http_method":"PATCH","server":"localhost","referrer":"http://localhost:8081/","uid":"f1facdf"}
[2017-02-27 20:23:29] INFO > #200: (/comboprojeto) - [] - {"url":"/comboprojeto?_dc=1488223409807&page=1&start=0&limit=25","ip":"::1","http_method":"OPTIONS","server":"localhost","referrer":"http://localhost:8081/","uid":"02803b8"}
[2017-02-27 20:23:29] INFO > #200: (/comboprogramadores) - [] - {"url":"/comboprogramadores?_dc=1488223409810&page=1&start=0&limit=25","ip":"::1","http_method":"OPTIONS","server":"localhost","referrer":"http://localhost:8081/","uid":"a2fb51f"}
[2017-02-27 20:23:29] INFO > #200: (/comboprojeto) - [] - {"url":"/comboprojeto?_dc=1488223409807&page=1&start=0&limit=25","ip":"::1","http_method":"GET","server":"localhost","referrer":"http://localhost:8081/","uid":"26b8847"}
[2017-02-27 20:23:29] INFO > #200: (/comboprogramadores) - [] - {"url":"/comboprogramadores?_dc=1488223409810&page=1&start=0&limit=25","ip":"::1","http_method":"GET","server":"localhost","referrer":"http://localhost:8081/","uid":"ebde0e6"}
[2017-02-27 20:23:37] INFO > #200: (/sprint/13) - [] - {"url":"/sprint/13","ip":"::1","http_method":"OPTIONS","server":"localhost","referrer":"http://localhost:8081/","uid":"cca14ee"}
[2017-02-27 20:23:37] INFO > #200: (/sprint/13) - [] - {"url":"/sprint/13","ip":"::1","http_method":"GET","server":"localhost","referrer":"http://localhost:8081/","uid":"b5facf8"}
[2017-02-27 20:23:38] INFO > #200: (//sprint/tarefas/11) - [] - {"url":"//sprint/tarefas/11","ip":"::1","http_method":"OPTIONS","server":"localhost","referrer":"http://localhost:8081/","uid":"872e2e7"}
[2017-02-27 20:23:38] INFO > #200: (//sprint/tarefas/11) - [] - {"url":"//sprint/tarefas/11","ip":"::1","http_method":"GET","server":"localhost","referrer":"http://localhost:8081/","uid":"d919c08"}
[2017-02-27 20:23:44] INFO > #200: (/sprint/11) - [] - {"url":"/sprint/11","ip":"::1","http_method":"OPTIONS","server":"localhost","referrer":"http://localhost:8081/","uid":"37fd4bc"}
[2017-02-27 20:28:21] INFO > #200: (/comboprojeto) - [] - {"url":"/comboprojeto?_dc=1488223701862&page=1&start=0&limit=25","ip":"::1","http_method":"OPTIONS","server":"localhost","referrer":"http://localhost:8081/","uid":"966912e"}
[2017-02-27 20:28:21] INFO > #200: (/comboprogramadores) - [] - {"url":"/comboprogramadores?_dc=1488223701865&page=1&start=0&limit=25","ip":"::1","http_method":"OPTIONS","server":"localhost","referrer":"http://localhost:8081/","uid":"feeb427"}
[2017-02-27 20:28:21] INFO > #200: (/comboprojeto) - [] - {"url":"/comboprojeto?_dc=1488223701862&page=1&start=0&limit=25","ip":"::1","http_method":"GET","server":"localhost","referrer":"http://localhost:8081/","uid":"f71c21b"}
[2017-02-27 20:28:21] INFO > #200: (/comboprogramadores) - [] - {"url":"/comboprogramadores?_dc=1488223701865&page=1&start=0&limit=25","ip":"::1","http_method":"GET","server":"localhost","referrer":"http://localhost:8081/","uid":"602c99b"}
[2017-02-27 20:28:24] INFO > #200: (/sprint/8) - [] - {"url":"/sprint/8","ip":"::1","http_method":"OPTIONS","server":"localhost","referrer":"http://localhost:8081/","uid":"ad668c2"}
[2017-02-27 20:28:24] INFO > #200: (/sprint/8) - [] - {"url":"/sprint/8","ip":"::1","http_method":"GET","server":"localhost","referrer":"http://localhost:8081/","uid":"2957b9b"}
[2017-02-27 20:28:26] INFO > #200: (//sprint/tarefas/14) - [] - {"url":"//sprint/tarefas/14","ip":"::1","http_method":"OPTIONS","server":"localhost","referrer":"http://localhost:8081/","uid":"6cc993f"}
[2017-02-27 20:28:26] INFO > #200: (//sprint/tarefas/14) - [] - {"url":"//sprint/tarefas/14","ip":"::1","http_method":"GET","server":"localhost","referrer":"http://localhost:8081/","uid":"8dc7bf7"}
[2017-02-27 20:28:31] INFO > #200: (/sprint/14) - [] - {"url":"/sprint/14","ip":"::1","http_method":"OPTIONS","server":"localhost","referrer":"http://localhost:8081/","uid":"6423abb"}
[2017-02-27 20:47:42] INFO > #200: (/comboprojeto) - [] - {"url":"/comboprojeto?_dc=1488224862315&page=1&start=0&limit=25","ip":"::1","http_method":"OPTIONS","server":"localhost","referrer":"http://localhost:8081/","uid":"12a5010"}
[2017-02-27 20:47:42] INFO > #200: (/comboprogramadores) - [] - {"url":"/comboprogramadores?_dc=1488224862319&page=1&start=0&limit=25","ip":"::1","http_method":"OPTIONS","server":"localhost","referrer":"http://localhost:8081/","uid":"b0a9bf0"}
[2017-02-27 20:47:42] INFO > #200: (/comboprojeto) - [] - {"url":"/comboprojeto?_dc=1488224862315&page=1&start=0&limit=25","ip":"::1","http_method":"GET","server":"localhost","referrer":"http://localhost:8081/","uid":"18d828d"}
[2017-02-27 20:47:42] INFO > #200: (/comboprogramadores) - [] - {"url":"/comboprogramadores?_dc=1488224862319&page=1&start=0&limit=25","ip":"::1","http_method":"GET","server":"localhost","referrer":"http://localhost:8081/","uid":"bae8188"}
[2017-02-27 20:47:45] INFO > #200: (/sprint/8) - [] - {"url":"/sprint/8","ip":"::1","http_method":"OPTIONS","server":"localhost","referrer":"http://localhost:8081/","uid":"e147ca5"}
[2017-02-27 20:47:45] INFO > #200: (/sprint/8) - [] - {"url":"/sprint/8","ip":"::1","http_method":"GET","server":"localhost","referrer":"http://localhost:8081/","uid":"70328b9"}
[2017-02-27 20:47:46] INFO > #200: (//sprint/tarefas/14) - [] - {"url":"//sprint/tarefas/14","ip":"::1","http_method":"OPTIONS","server":"localhost","referrer":"http://localhost:8081/","uid":"8525aca"}
[2017-02-27 20:47:47] INFO > #200: (//sprint/tarefas/14) - [] - {"url":"//sprint/tarefas/14","ip":"::1","http_method":"GET","server":"localhost","referrer":"http://localhost:8081/","uid":"5e6e86a"}
[2017-02-27 20:48:01] INFO > #200: (/sprint/14) - [] - {"url":"/sprint/14","ip":"::1","http_method":"OPTIONS","server":"localhost","referrer":"http://localhost:8081/","uid":"569aa0a"}
[2017-02-27 20:48:01] INFO > #200: (/sprint/14) - [] - {"url":"/sprint/14","ip":"::1","http_method":"PATCH","server":"localhost","referrer":"http://localhost:8081/","uid":"1165996"}
[2017-02-27 20:48:30] INFO > #200: (//sprint/tarefas/14) - [] - {"url":"//sprint/tarefas/14","ip":"::1","http_method":"GET","server":"localhost","referrer":"http://localhost:8081/","uid":"46c546f"}
[2017-02-27 20:48:38] INFO > #200: (/sprint/14) - [] - {"url":"/sprint/14","ip":"::1","http_method":"PATCH","server":"localhost","referrer":"http://localhost:8081/","uid":"231ad22"}
[2017-02-27 20:48:40] INFO > #200: (//sprint/tarefas/14) - [] - {"url":"//sprint/tarefas/14","ip":"::1","http_method":"GET","server":"localhost","referrer":"http://localhost:8081/","uid":"ec8a6f8"}
[2017-02-27 20:48:47] INFO > #200: (/comboprojeto) - [] - {"url":"/comboprojeto?_dc=1488224927670&page=1&start=0&limit=25","ip":"::1","http_method":"OPTIONS","server":"localhost","referrer":"http://localhost:8081/","uid":"fba3981"}
[2017-02-27 20:48:47] INFO > #200: (/comboprogramadores) - [] - {"url":"/comboprogramadores?_dc=1488224927673&page=1&start=0&limit=25","ip":"::1","http_method":"OPTIONS","server":"localhost","referrer":"http://localhost:8081/","uid":"3258c86"}
[2017-02-27 20:48:47] INFO > #200: (/comboprojeto) - [] - {"url":"/comboprojeto?_dc=1488224927670&page=1&start=0&limit=25","ip":"::1","http_method":"GET","server":"localhost","referrer":"http://localhost:8081/","uid":"a8756ff"}
[2017-02-27 20:48:47] INFO > #200: (/comboprogramadores) - [] - {"url":"/comboprogramadores?_dc=1488224927673&page=1&start=0&limit=25","ip":"::1","http_method":"GET","server":"localhost","referrer":"http://localhost:8081/","uid":"d59f0a6"}
[2017-02-27 20:48:52] INFO > #200: (/sprint/8) - [] - {"url":"/sprint/8","ip":"::1","http_method":"GET","server":"localhost","referrer":"http://localhost:8081/","uid":"e386526"}
[2017-02-27 20:48:53] INFO > #200: (//sprint/tarefas/14) - [] - {"url":"//sprint/tarefas/14","ip":"::1","http_method":"GET","server":"localhost","referrer":"http://localhost:8081/","uid":"ed8a06f"}
[2017-02-27 20:49:25] INFO > #200: (/sprint/14) - [] - {"url":"/sprint/14","ip":"::1","http_method":"PATCH","server":"localhost","referrer":"http://localhost:8081/","uid":"40b5a8b"}
[2017-02-27 20:51:09] INFO > #200: (/comboprojeto) - [] - {"url":"/comboprojeto?_dc=1488225069353&page=1&start=0&limit=25","ip":"::1","http_method":"OPTIONS","server":"localhost","referrer":"http://localhost:8081/","uid":"10905e7"}
[2017-02-27 20:51:09] INFO > #200: (/comboprogramadores) - [] - {"url":"/comboprogramadores?_dc=1488225069357&page=1&start=0&limit=25","ip":"::1","http_method":"OPTIONS","server":"localhost","referrer":"http://localhost:8081/","uid":"216d1ee"}
[2017-02-27 20:51:09] INFO > #200: (/comboprojeto) - [] - {"url":"/comboprojeto?_dc=1488225069353&page=1&start=0&limit=25","ip":"::1","http_method":"GET","server":"localhost","referrer":"http://localhost:8081/","uid":"d6e78f2"}
[2017-02-27 20:51:09] INFO > #200: (/comboprogramadores) - [] - {"url":"/comboprogramadores?_dc=1488225069357&page=1&start=0&limit=25","ip":"::1","http_method":"GET","server":"localhost","referrer":"http://localhost:8081/","uid":"0aa6b6d"}
[2017-02-27 20:51:14] INFO > #200: (/sprint/8) - [] - {"url":"/sprint/8","ip":"::1","http_method":"GET","server":"localhost","referrer":"http://localhost:8081/","uid":"58da001"}
[2017-02-27 20:51:16] INFO > #200: (//sprint/tarefas/14) - [] - {"url":"//sprint/tarefas/14","ip":"::1","http_method":"GET","server":"localhost","referrer":"http://localhost:8081/","uid":"e39cfe0"}
[2017-02-27 20:51:27] INFO > #200: (/sprint/14) - [] - {"url":"/sprint/14","ip":"::1","http_method":"PATCH","server":"localhost","referrer":"http://localhost:8081/","uid":"f3eb062"}
[2017-02-27 20:51:47] INFO > #200: (/comboprojeto) - [] - {"url":"/comboprojeto?_dc=1488225107305&page=1&start=0&limit=25","ip":"::1","http_method":"OPTIONS","server":"localhost","referrer":"http://localhost:8081/","uid":"8404436"}
[2017-02-27 20:51:47] INFO > #200: (/comboprogramadores) - [] - {"url":"/comboprogramadores?_dc=1488225107308&page=1&start=0&limit=25","ip":"::1","http_method":"OPTIONS","server":"localhost","referrer":"http://localhost:8081/","uid":"9254e46"}
[2017-02-27 20:51:47] INFO > #200: (/comboprojeto) - [] - {"url":"/comboprojeto?_dc=1488225107305&page=1&start=0&limit=25","ip":"::1","http_method":"GET","server":"localhost","referrer":"http://localhost:8081/","uid":"3e7e044"}
[2017-02-27 20:51:47] INFO > #200: (/comboprogramadores) - [] - {"url":"/comboprogramadores?_dc=1488225107308&page=1&start=0&limit=25","ip":"::1","http_method":"GET","server":"localhost","referrer":"http://localhost:8081/","uid":"a352630"}
[2017-02-27 20:51:49] INFO > #200: (/sprint/8) - [] - {"url":"/sprint/8","ip":"::1","http_method":"GET","server":"localhost","referrer":"http://localhost:8081/","uid":"f64e962"}
[2017-02-27 20:51:51] INFO > #200: (//sprint/tarefas/14) - [] - {"url":"//sprint/tarefas/14","ip":"::1","http_method":"GET","server":"localhost","referrer":"http://localhost:8081/","uid":"dc0507f"}
[2017-02-27 20:51:59] INFO > #200: (/sprint/14) - [] - {"url":"/sprint/14","ip":"::1","http_method":"PATCH","server":"localhost","referrer":"http://localhost:8081/","uid":"bac8439"}
[2017-02-27 20:52:05] INFO > #200: (/sprint/8) - [] - {"url":"/sprint/8","ip":"::1","http_method":"GET","server":"localhost","referrer":"http://localhost:8081/","uid":"1124000"}
[2017-02-27 20:52:14] INFO > #200: (/sprint/8) - [] - {"url":"/sprint/8","ip":"::1","http_method":"GET","server":"localhost","referrer":"http://localhost:8081/","uid":"41a9863"}
[2017-02-27 20:53:08] INFO > #200: (/comboprojeto) - [] - {"url":"/comboprojeto?_dc=1488225188174&page=1&start=0&limit=25","ip":"::1","http_method":"OPTIONS","server":"localhost","referrer":"http://localhost:8081/","uid":"b8b7d01"}
[2017-02-27 20:53:08] INFO > #200: (/comboprogramadores) - [] - {"url":"/comboprogramadores?_dc=1488225188177&page=1&start=0&limit=25","ip":"::1","http_method":"OPTIONS","server":"localhost","referrer":"http://localhost:8081/","uid":"fead064"}
[2017-02-27 20:53:08] INFO > #200: (/comboprojeto) - [] - {"url":"/comboprojeto?_dc=1488225188174&page=1&start=0&limit=25","ip":"::1","http_method":"GET","server":"localhost","referrer":"http://localhost:8081/","uid":"38390d4"}
[2017-02-27 20:53:08] INFO > #200: (/comboprogramadores) - [] - {"url":"/comboprogramadores?_dc=1488225188177&page=1&start=0&limit=25","ip":"::1","http_method":"GET","server":"localhost","referrer":"http://localhost:8081/","uid":"eb51e0f"}
[2017-02-27 20:53:10] INFO > #200: (/sprint/13) - [] - {"url":"/sprint/13","ip":"::1","http_method":"OPTIONS","server":"localhost","referrer":"http://localhost:8081/","uid":"59c6949"}
[2017-02-27 20:53:10] INFO > #200: (/sprint/13) - [] - {"url":"/sprint/13","ip":"::1","http_method":"GET","server":"localhost","referrer":"http://localhost:8081/","uid":"e9edaa9"}
[2017-02-27 20:53:12] INFO > #200: (/sprint/8) - [] - {"url":"/sprint/8","ip":"::1","http_method":"GET","server":"localhost","referrer":"http://localhost:8081/","uid":"92543df"}
[2017-02-27 20:53:13] INFO > #200: (//sprint/tarefas/14) - [] - {"url":"//sprint/tarefas/14","ip":"::1","http_method":"GET","server":"localhost","referrer":"http://localhost:8081/","uid":"77cac32"}
[2017-02-27 20:53:21] INFO > #200: (/sprint/14) - [] - {"url":"/sprint/14","ip":"::1","http_method":"PATCH","server":"localhost","referrer":"http://localhost:8081/","uid":"4964b39"}
[2017-02-27 20:53:22] INFO > #200: (/sprint/8) - [] - {"url":"/sprint/8","ip":"::1","http_method":"GET","server":"localhost","referrer":"http://localhost:8081/","uid":"abefa56"}
[2017-02-27 20:53:43] INFO > #200: (//sprint/tarefas/14) - [] - {"url":"//sprint/tarefas/14","ip":"::1","http_method":"GET","server":"localhost","referrer":"http://localhost:8081/","uid":"ea76a98"}
[2017-02-27 20:54:38] INFO > #200: (//sprint/tarefas/14) - [] - {"url":"//sprint/tarefas/14","ip":"::1","http_method":"GET","server":"localhost","referrer":"http://localhost:8081/","uid":"a358691"}
[2017-02-27 20:57:46] INFO > #200: (/comboprojeto) - [] - {"url":"/comboprojeto?_dc=1488225466666&page=1&start=0&limit=25","ip":"::1","http_method":"OPTIONS","server":"localhost","referrer":"http://localhost:8081/","uid":"69c129b"}
[2017-02-27 20:57:46] INFO > #200: (/comboprogramadores) - [] - {"url":"/comboprogramadores?_dc=1488225466670&page=1&start=0&limit=25","ip":"::1","http_method":"OPTIONS","server":"localhost","referrer":"http://localhost:8081/","uid":"773119e"}
[2017-02-27 20:57:46] INFO > #200: (/comboprojeto) - [] - {"url":"/comboprojeto?_dc=1488225466666&page=1&start=0&limit=25","ip":"::1","http_method":"GET","server":"localhost","referrer":"http://localhost:8081/","uid":"87f2978"}
[2017-02-27 20:57:46] INFO > #200: (/comboprogramadores) - [] - {"url":"/comboprogramadores?_dc=1488225466670&page=1&start=0&limit=25","ip":"::1","http_method":"GET","server":"localhost","referrer":"http://localhost:8081/","uid":"9551342"}
[2017-02-27 20:57:49] INFO > #200: (/sprint/8) - [] - {"url":"/sprint/8","ip":"::1","http_method":"OPTIONS","server":"localhost","referrer":"http://localhost:8081/","uid":"082b777"}
[2017-02-27 20:57:49] INFO > #200: (/sprint/8) - [] - {"url":"/sprint/8","ip":"::1","http_method":"GET","server":"localhost","referrer":"http://localhost:8081/","uid":"b9a197f"}
[2017-02-27 20:57:50] INFO > #200: (//sprint/tarefas/14) - [] - {"url":"//sprint/tarefas/14","ip":"::1","http_method":"OPTIONS","server":"localhost","referrer":"http://localhost:8081/","uid":"769b436"}
[2017-02-27 20:57:50] INFO > #200: (//sprint/tarefas/14) - [] - {"url":"//sprint/tarefas/14","ip":"::1","http_method":"GET","server":"localhost","referrer":"http://localhost:8081/","uid":"28b876e"}
[2017-02-27 20:59:15] INFO > #200: (/comboprojeto) - [] - {"url":"/comboprojeto?_dc=1488225555098&page=1&start=0&limit=25","ip":"::1","http_method":"OPTIONS","server":"localhost","referrer":"http://localhost:8081/","uid":"b2803ec"}
[2017-02-27 20:59:15] INFO > #200: (/comboprogramadores) - [] - {"url":"/comboprogramadores?_dc=1488225555101&page=1&start=0&limit=25","ip":"::1","http_method":"OPTIONS","server":"localhost","referrer":"http://localhost:8081/","uid":"ba31bc8"}
[2017-02-27 20:59:15] INFO > #200: (/comboprojeto) - [] - {"url":"/comboprojeto?_dc=1488225555098&page=1&start=0&limit=25","ip":"::1","http_method":"GET","server":"localhost","referrer":"http://localhost:8081/","uid":"0c809a9"}
[2017-02-27 20:59:15] INFO > #200: (/comboprogramadores) - [] - {"url":"/comboprogramadores?_dc=1488225555101&page=1&start=0&limit=25","ip":"::1","http_method":"GET","server":"localhost","referrer":"http://localhost:8081/","uid":"b0ce168"}
[2017-02-27 20:59:17] INFO > #200: (/sprint/13) - [] - {"url":"/sprint/13","ip":"::1","http_method":"GET","server":"localhost","referrer":"http://localhost:8081/","uid":"3b9ac51"}
[2017-02-27 20:59:19] INFO > #200: (//sprint/tarefas/11) - [] - {"url":"//sprint/tarefas/11","ip":"::1","http_method":"OPTIONS","server":"localhost","referrer":"http://localhost:8081/","uid":"421429a"}
[2017-02-27 20:59:19] INFO > #200: (//sprint/tarefas/11) - [] - {"url":"//sprint/tarefas/11","ip":"::1","http_method":"GET","server":"localhost","referrer":"http://localhost:8081/","uid":"6ce7cf7"}
[2017-02-27 20:59:28] INFO > #200: (//sprint/tarefas/13) - [] - {"url":"//sprint/tarefas/13","ip":"::1","http_method":"OPTIONS","server":"localhost","referrer":"http://localhost:8081/","uid":"e1ab508"}
[2017-02-27 20:59:28] INFO > #200: (//sprint/tarefas/13) - [] - {"url":"//sprint/tarefas/13","ip":"::1","http_method":"GET","server":"localhost","referrer":"http://localhost:8081/","uid":"4cc0eb8"}
[2017-02-27 21:00:17] INFO > #200: (/projetos) - [] - {"url":"/projetos?_dc=1488225617297&page=1&start=0&limit=25&sort=nomeusuario&dir=desc","ip":"::1","http_method":"OPTIONS","server":"localhost","referrer":"http://localhost:8081/","uid":"5ff543b"}
[2017-02-27 21:00:17] INFO > #200: (/situacaoprojeto) - [] - {"url":"/situacaoprojeto?_dc=1488225617301&page=1&start=0&limit=25","ip":"::1","http_method":"OPTIONS","server":"localhost","referrer":"http://localhost:8081/","uid":"45f88f1"}
[2017-02-27 21:00:17] INFO > #200: (/hora) - [] - {"url":"/hora?_dc=1488225617302&page=1&start=0&limit=25","ip":"::1","http_method":"OPTIONS","server":"localhost","referrer":"http://localhost:8081/","uid":"4f4c3e6"}
[2017-02-27 21:00:17] INFO > #200: (/sistemasinternos) - [] - {"url":"/sistemasinternos?_dc=1488225617303&page=1&start=0&limit=25","ip":"::1","http_method":"OPTIONS","server":"localhost","referrer":"http://localhost:8081/","uid":"b4cdcc2"}
[2017-02-27 21:00:17] INFO > #200: (/sistemasexternos) - [] - {"url":"/sistemasexternos?_dc=1488225617304&page=1&start=0&limit=25","ip":"::1","http_method":"OPTIONS","server":"localhost","referrer":"http://localhost:8081/","uid":"a456d54"}
[2017-02-27 21:00:17] INFO > #200: (/sistemas) - [] - {"url":"/sistemas?_dc=1488225617305&page=1&start=0&limit=25","ip":"::1","http_method":"OPTIONS","server":"localhost","referrer":"http://localhost:8081/","uid":"9c2c4bb"}
[2017-02-27 21:00:17] INFO > #200: (/sistemas) - [] - {"url":"/sistemas?_dc=1488225617306&page=1&start=0&limit=25","ip":"::1","http_method":"OPTIONS","server":"localhost","referrer":"http://localhost:8081/","uid":"1f75775"}
[2017-02-27 21:00:17] INFO > #200: (/abrangencia) - [] - {"url":"/abrangencia?_dc=1488225617307&page=1&start=0&limit=25","ip":"::1","http_method":"OPTIONS","server":"localhost","referrer":"http://localhost:8081/","uid":"a9647e4"}
[2017-02-27 21:00:17] INFO > #200: (/estabilidade) - [] - {"url":"/estabilidade?_dc=1488225617308&page=1&start=0&limit=25","ip":"::1","http_method":"OPTIONS","server":"localhost","referrer":"http://localhost:8081/","uid":"99e5ae7"}
[2017-02-27 21:00:17] INFO > #200: (/conhecimento) - [] - {"url":"/conhecimento?_dc=1488225617309&page=1&start=0&limit=25","ip":"::1","http_method":"OPTIONS","server":"localhost","referrer":"http://localhost:8081/","uid":"07c6585"}
[2017-02-27 21:00:17] INFO > #200: (/classificacao) - [] - {"url":"/classificacao?_dc=1488225617310&page=1&start=0&limit=25","ip":"::1","http_method":"OPTIONS","server":"localhost","referrer":"http://localhost:8081/","uid":"eca6035"}
[2017-02-27 21:00:17] INFO > #200: (/nivelrisco) - [] - {"url":"/nivelrisco?_dc=1488225617311&page=1&start=0&limit=25","ip":"::1","http_method":"OPTIONS","server":"localhost","referrer":"http://localhost:8081/","uid":"62d6acf"}
[2017-02-27 21:00:17] INFO > #200: (/projetos) - [] - {"url":"/projetos?_dc=1488225617297&page=1&start=0&limit=25&sort=nomeusuario&dir=desc","ip":"::1","http_method":"GET","server":"localhost","referrer":"http://localhost:8081/","uid":"919aab2"}
[2017-02-27 21:00:17] INFO > #200: (/situacaoprojeto) - [] - {"url":"/situacaoprojeto?_dc=1488225617301&page=1&start=0&limit=25","ip":"::1","http_method":"GET","server":"localhost","referrer":"http://localhost:8081/","uid":"998b4de"}
[2017-02-27 21:00:17] INFO > #200: (/hora) - [] - {"url":"/hora?_dc=1488225617302&page=1&start=0&limit=25","ip":"::1","http_method":"GET","server":"localhost","referrer":"http://localhost:8081/","uid":"193d6fa"}
[2017-02-27 21:00:17] INFO > #200: (/sistemasinternos) - [] - {"url":"/sistemasinternos?_dc=1488225617303&page=1&start=0&limit=25","ip":"::1","http_method":"GET","server":"localhost","referrer":"http://localhost:8081/","uid":"439c08d"}
[2017-02-27 21:00:17] INFO > #200: (/sistemasexternos) - [] - {"url":"/sistemasexternos?_dc=1488225617304&page=1&start=0&limit=25","ip":"::1","http_method":"GET","server":"localhost","referrer":"http://localhost:8081/","uid":"ed95492"}
[2017-02-27 21:00:17] INFO > #200: (/sistemas) - [] - {"url":"/sistemas?_dc=1488225617305&page=1&start=0&limit=25","ip":"::1","http_method":"GET","server":"localhost","referrer":"http://localhost:8081/","uid":"33f6824"}
[2017-02-27 21:00:17] INFO > #200: (/sistemas) - [] - {"url":"/sistemas?_dc=1488225617306&page=1&start=0&limit=25","ip":"::1","http_method":"GET","server":"localhost","referrer":"http://localhost:8081/","uid":"abc018a"}
[2017-02-27 21:00:17] INFO > #200: (/abrangencia) - [] - {"url":"/abrangencia?_dc=1488225617307&page=1&start=0&limit=25","ip":"::1","http_method":"GET","server":"localhost","referrer":"http://localhost:8081/","uid":"3748148"}
[2017-02-27 21:00:17] INFO > #200: (/estabilidade) - [] - {"url":"/estabilidade?_dc=1488225617308&page=1&start=0&limit=25","ip":"::1","http_method":"GET","server":"localhost","referrer":"http://localhost:8081/","uid":"591aa4a"}
[2017-02-27 21:00:18] INFO > #200: (/conhecimento) - [] - {"url":"/conhecimento?_dc=1488225617309&page=1&start=0&limit=25","ip":"::1","http_method":"GET","server":"localhost","referrer":"http://localhost:8081/","uid":"d145050"}
[2017-02-27 21:00:18] INFO > #200: (/classificacao) - [] - {"url":"/classificacao?_dc=1488225617310&page=1&start=0&limit=25","ip":"::1","http_method":"GET","server":"localhost","referrer":"http://localhost:8081/","uid":"f701540"}
[2017-02-27 21:00:18] INFO > #200: (/nivelrisco) - [] - {"url":"/nivelrisco?_dc=1488225617311&page=1&start=0&limit=25","ip":"::1","http_method":"GET","server":"localhost","referrer":"http://localhost:8081/","uid":"564d17a"}
[2017-02-27 21:00:20] INFO > #200: (/projetos/solicitantes/13) - [] - {"url":"/projetos/solicitantes/13","ip":"::1","http_method":"OPTIONS","server":"localhost","referrer":"http://localhost:8081/","uid":"2b22fe4"}
[2017-02-27 21:00:20] INFO > #200: (/projetos/riscos/13) - [] - {"url":"/projetos/riscos/13","ip":"::1","http_method":"OPTIONS","server":"localhost","referrer":"http://localhost:8081/","uid":"bfaf33c"}
[2017-02-27 21:00:20] INFO > #200: (/projetos/solicitantes/13) - [] - {"url":"/projetos/solicitantes/13","ip":"::1","http_method":"GET","server":"localhost","referrer":"http://localhost:8081/","uid":"c7bbeca"}
[2017-02-27 21:00:20] INFO > #200: (/projetos/riscos/13) - [] - {"url":"/projetos/riscos/13","ip":"::1","http_method":"GET","server":"localhost","referrer":"http://localhost:8081/","uid":"f988c00"}
[2017-02-27 21:02:53] INFO > #200: (/projetos) - [] - {"url":"/projetos?_dc=1488225773507&page=1&start=0&limit=25&sort=nomeusuario&dir=desc","ip":"::1","http_method":"OPTIONS","server":"localhost","referrer":"http://localhost:8081/","uid":"3bf7bdd"}
[2017-02-27 21:02:53] INFO > #200: (/situacaoprojeto) - [] - {"url":"/situacaoprojeto?_dc=1488225773510&page=1&start=0&limit=25","ip":"::1","http_method":"OPTIONS","server":"localhost","referrer":"http://localhost:8081/","uid":"1617cb3"}
[2017-02-27 21:02:53] INFO > #200: (/hora) - [] - {"url":"/hora?_dc=1488225773511&page=1&start=0&limit=25","ip":"::1","http_method":"OPTIONS","server":"localhost","referrer":"http://localhost:8081/","uid":"0fe7a95"}
[2017-02-27 21:02:53] INFO > #200: (/sistemasinternos) - [] - {"url":"/sistemasinternos?_dc=1488225773512&page=1&start=0&limit=25","ip":"::1","http_method":"OPTIONS","server":"localhost","referrer":"http://localhost:8081/","uid":"7f8be63"}
[2017-02-27 21:02:53] INFO > #200: (/sistemasexternos) - [] - {"url":"/sistemasexternos?_dc=1488225773513&page=1&start=0&limit=25","ip":"::1","http_method":"OPTIONS","server":"localhost","referrer":"http://localhost:8081/","uid":"3b0e45b"}
[2017-02-27 21:02:53] INFO > #200: (/sistemas) - [] - {"url":"/sistemas?_dc=1488225773514&page=1&start=0&limit=25","ip":"::1","http_method":"OPTIONS","server":"localhost","referrer":"http://localhost:8081/","uid":"8b061b1"}
[2017-02-27 21:02:53] INFO > #200: (/sistemas) - [] - {"url":"/sistemas?_dc=1488225773515&page=1&start=0&limit=25","ip":"::1","http_method":"OPTIONS","server":"localhost","referrer":"http://localhost:8081/","uid":"cf58521"}
[2017-02-27 21:02:53] INFO > #200: (/abrangencia) - [] - {"url":"/abrangencia?_dc=1488225773516&page=1&start=0&limit=25","ip":"::1","http_method":"OPTIONS","server":"localhost","referrer":"http://localhost:8081/","uid":"0253892"}
[2017-02-27 21:02:53] INFO > #200: (/estabilidade) - [] - {"url":"/estabilidade?_dc=1488225773517&page=1&start=0&limit=25","ip":"::1","http_method":"OPTIONS","server":"localhost","referrer":"http://localhost:8081/","uid":"39bab54"}
[2017-02-27 21:02:53] INFO > #200: (/conhecimento) - [] - {"url":"/conhecimento?_dc=1488225773518&page=1&start=0&limit=25","ip":"::1","http_method":"OPTIONS","server":"localhost","referrer":"http://localhost:8081/","uid":"1748664"}
[2017-02-27 21:02:53] INFO > #200: (/classificacao) - [] - {"url":"/classificacao?_dc=1488225773519&page=1&start=0&limit=25","ip":"::1","http_method":"OPTIONS","server":"localhost","referrer":"http://localhost:8081/","uid":"fecf04c"}
[2017-02-27 21:02:53] INFO > #200: (/nivelrisco) - [] - {"url":"/nivelrisco?_dc=1488225773520&page=1&start=0&limit=25","ip":"::1","http_method":"OPTIONS","server":"localhost","referrer":"http://localhost:8081/","uid":"e0b9997"}
[2017-02-27 21:02:53] INFO > #200: (/projetos) - [] - {"url":"/projetos?_dc=1488225773507&page=1&start=0&limit=25&sort=nomeusuario&dir=desc","ip":"::1","http_method":"GET","server":"localhost","referrer":"http://localhost:8081/","uid":"70e4ea0"}
[2017-02-27 21:02:53] INFO > #200: (/situacaoprojeto) - [] - {"url":"/situacaoprojeto?_dc=1488225773510&page=1&start=0&limit=25","ip":"::1","http_method":"GET","server":"localhost","referrer":"http://localhost:8081/","uid":"ee74067"}
[2017-02-27 21:02:53] INFO > #200: (/hora) - [] - {"url":"/hora?_dc=1488225773511&page=1&start=0&limit=25","ip":"::1","http_method":"GET","server":"localhost","referrer":"http://localhost:8081/","uid":"05fd6a0"}
[2017-02-27 21:02:53] INFO > #200: (/sistemasinternos) - [] - {"url":"/sistemasinternos?_dc=1488225773512&page=1&start=0&limit=25","ip":"::1","http_method":"GET","server":"localhost","referrer":"http://localhost:8081/","uid":"a0042d9"}
[2017-02-27 21:02:53] INFO > #200: (/sistemasexternos) - [] - {"url":"/sistemasexternos?_dc=1488225773513&page=1&start=0&limit=25","ip":"::1","http_method":"GET","server":"localhost","referrer":"http://localhost:8081/","uid":"2916b7a"}
[2017-02-27 21:02:53] INFO > #200: (/sistemas) - [] - {"url":"/sistemas?_dc=1488225773514&page=1&start=0&limit=25","ip":"::1","http_method":"GET","server":"localhost","referrer":"http://localhost:8081/","uid":"28190d9"}
[2017-02-27 21:02:53] INFO > #200: (/sistemas) - [] - {"url":"/sistemas?_dc=1488225773515&page=1&start=0&limit=25","ip":"::1","http_method":"GET","server":"localhost","referrer":"http://localhost:8081/","uid":"8596216"}
[2017-02-27 21:02:53] INFO > #200: (/abrangencia) - [] - {"url":"/abrangencia?_dc=1488225773516&page=1&start=0&limit=25","ip":"::1","http_method":"GET","server":"localhost","referrer":"http://localhost:8081/","uid":"aa312fd"}
[2017-02-27 21:02:54] INFO > #200: (/estabilidade) - [] - {"url":"/estabilidade?_dc=1488225773517&page=1&start=0&limit=25","ip":"::1","http_method":"GET","server":"localhost","referrer":"http://localhost:8081/","uid":"79f429c"}
[2017-02-27 21:02:54] INFO > #200: (/conhecimento) - [] - {"url":"/conhecimento?_dc=1488225773518&page=1&start=0&limit=25","ip":"::1","http_method":"GET","server":"localhost","referrer":"http://localhost:8081/","uid":"503a41e"}
[2017-02-27 21:02:54] INFO > #200: (/classificacao) - [] - {"url":"/classificacao?_dc=1488225773519&page=1&start=0&limit=25","ip":"::1","http_method":"GET","server":"localhost","referrer":"http://localhost:8081/","uid":"1bff2e4"}
[2017-02-27 21:02:54] INFO > #200: (/nivelrisco) - [] - {"url":"/nivelrisco?_dc=1488225773520&page=1&start=0&limit=25","ip":"::1","http_method":"GET","server":"localhost","referrer":"http://localhost:8081/","uid":"0fc9c49"}
[2017-02-27 21:02:57] INFO > #200: (/projetos/solicitantes/13) - [] - {"url":"/projetos/solicitantes/13","ip":"::1","http_method":"GET","server":"localhost","referrer":"http://localhost:8081/","uid":"3eeb752"}
[2017-02-27 21:02:57] INFO > #200: (/projetos/riscos/13) - [] - {"url":"/projetos/riscos/13","ip":"::1","http_method":"GET","server":"localhost","referrer":"http://localhost:8081/","uid":"12c7783"}
[2017-02-27 21:03:10] INFO > #200: (/projetos/solicitantes/13) - [] - {"url":"/projetos/solicitantes/13","ip":"::1","http_method":"GET","server":"localhost","referrer":"http://localhost:8081/","uid":"1efef8f"}
[2017-02-27 21:03:10] INFO > #200: (/projetos/riscos/13) - [] - {"url":"/projetos/riscos/13","ip":"::1","http_method":"GET","server":"localhost","referrer":"http://localhost:8081/","uid":"b74be87"}
[2017-02-27 21:03:24] INFO > #200: (/projetos/solicitantes/8) - [] - {"url":"/projetos/solicitantes/8","ip":"::1","http_method":"OPTIONS","server":"localhost","referrer":"http://localhost:8081/","uid":"863f174"}
[2017-02-27 21:03:24] INFO > #200: (/projetos/riscos/8) - [] - {"url":"/projetos/riscos/8","ip":"::1","http_method":"OPTIONS","server":"localhost","referrer":"http://localhost:8081/","uid":"e91812c"}
[2017-02-27 21:03:24] INFO > #200: (/projetos/solicitantes/8) - [] - {"url":"/projetos/solicitantes/8","ip":"::1","http_method":"GET","server":"localhost","referrer":"http://localhost:8081/","uid":"66b59de"}
[2017-02-27 21:03:24] INFO > #200: (/projetos/riscos/8) - [] - {"url":"/projetos/riscos/8","ip":"::1","http_method":"GET","server":"localhost","referrer":"http://localhost:8081/","uid":"c39b18a"}
[2017-02-27 21:04:10] INFO > #200: (/comboprojeto) - [] - {"url":"/comboprojeto?_dc=1488225850431&page=1&start=0&limit=25","ip":"::1","http_method":"OPTIONS","server":"localhost","referrer":"http://localhost:8081/","uid":"de9f351"}
[2017-02-27 21:04:10] INFO > #200: (/comboprogramadores) - [] - {"url":"/comboprogramadores?_dc=1488225850434&page=1&start=0&limit=25","ip":"::1","http_method":"OPTIONS","server":"localhost","referrer":"http://localhost:8081/","uid":"56fc79d"}
[2017-02-27 21:04:10] INFO > #200: (/comboprojeto) - [] - {"url":"/comboprojeto?_dc=1488225850431&page=1&start=0&limit=25","ip":"::1","http_method":"GET","server":"localhost","referrer":"http://localhost:8081/","uid":"c4ab138"}
[2017-02-27 21:04:10] INFO > #200: (/comboprogramadores) - [] - {"url":"/comboprogramadores?_dc=1488225850434&page=1&start=0&limit=25","ip":"::1","http_method":"GET","server":"localhost","referrer":"http://localhost:8081/","uid":"1bc28c6"}
[2017-02-27 21:04:14] INFO > #200: (/sprint/13) - [] - {"url":"/sprint/13","ip":"::1","http_method":"OPTIONS","server":"localhost","referrer":"http://localhost:8081/","uid":"0c932b9"}
[2017-02-27 21:04:14] INFO > #200: (/sprint/13) - [] - {"url":"/sprint/13","ip":"::1","http_method":"GET","server":"localhost","referrer":"http://localhost:8081/","uid":"3919d69"}
[2017-02-27 21:04:20] INFO > #200: (/comboprojeto) - [] - {"url":"/comboprojeto?_dc=1488225860395&page=1&start=0&limit=25","ip":"::1","http_method":"OPTIONS","server":"localhost","referrer":"http://localhost:8081/","uid":"cc63e0e"}
[2017-02-27 21:04:20] INFO > #200: (/comboprogramadores) - [] - {"url":"/comboprogramadores?_dc=1488225860399&page=1&start=0&limit=25","ip":"::1","http_method":"OPTIONS","server":"localhost","referrer":"http://localhost:8081/","uid":"7897cda"}
[2017-02-27 21:04:20] INFO > #200: (/comboprojeto) - [] - {"url":"/comboprojeto?_dc=1488225860395&page=1&start=0&limit=25","ip":"::1","http_method":"GET","server":"localhost","referrer":"http://localhost:8081/","uid":"019e2f5"}
[2017-02-27 21:04:20] INFO > #200: (/comboprogramadores) - [] - {"url":"/comboprogramadores?_dc=1488225860399&page=1&start=0&limit=25","ip":"::1","http_method":"GET","server":"localhost","referrer":"http://localhost:8081/","uid":"ae6d03c"}
[2017-02-27 21:04:32] INFO > #200: (/sprint/8) - [] - {"url":"/sprint/8","ip":"::1","http_method":"GET","server":"localhost","referrer":"http://localhost:8081/","uid":"981cd82"}
[2017-02-27 21:04:34] INFO > #200: (//sprint/tarefas/14) - [] - {"url":"//sprint/tarefas/14","ip":"::1","http_method":"GET","server":"localhost","referrer":"http://localhost:8081/","uid":"df420a9"}
[2017-02-27 21:05:28] INFO > #200: (/sprint/14) - [] - {"url":"/sprint/14","ip":"::1","http_method":"OPTIONS","server":"localhost","referrer":"http://localhost:8081/","uid":"862b85a"}
[2017-02-27 21:05:28] INFO > #200: (/sprint/14) - [] - {"url":"/sprint/14","ip":"::1","http_method":"GET","server":"localhost","referrer":"http://localhost:8081/","uid":"84e8011"}
[2017-02-27 21:07:30] INFO > #200: (/sprint) - [] - {"url":"/sprint","ip":"::1","http_method":"OPTIONS","server":"localhost","referrer":"http://localhost:8081/","uid":"85748cb"}
[2017-02-27 21:07:30] INFO > #200: (/sprint) - [] - {"url":"/sprint","ip":"::1","http_method":"POST","server":"localhost","referrer":"http://localhost:8081/","uid":"923900a"}
[2017-02-27 21:07:31] INFO > #200: (/sprint/14) - [] - {"url":"/sprint/14","ip":"::1","http_method":"GET","server":"localhost","referrer":"http://localhost:8081/","uid":"55c20d5"}
[2017-02-27 21:10:20] INFO > #200: (/sprint) - [] - {"url":"/sprint","ip":"::1","http_method":"POST","server":"localhost","referrer":"http://localhost:8081/","uid":"2e6b2d6"}
[2017-02-27 21:12:30] INFO > #200: (/sprint) - [] - {"url":"/sprint","ip":"::1","http_method":"POST","server":"localhost","referrer":"http://localhost:8081/","uid":"93f19ab"}
[2017-02-27 21:12:31] INFO > #200: (/sprint/14) - [] - {"url":"/sprint/14","ip":"::1","http_method":"GET","server":"localhost","referrer":"http://localhost:8081/","uid":"90c9843"}
[2017-02-27 21:12:35] INFO > #200: (//sprint/tarefas/17) - [] - {"url":"//sprint/tarefas/17","ip":"::1","http_method":"OPTIONS","server":"localhost","referrer":"http://localhost:8081/","uid":"b37b38a"}
[2017-02-27 21:12:35] INFO > #200: (//sprint/tarefas/17) - [] - {"url":"//sprint/tarefas/17","ip":"::1","http_method":"GET","server":"localhost","referrer":"http://localhost:8081/","uid":"e47a887"}
[2017-02-27 21:12:43] INFO > #200: (//sprint/tarefas/15) - [] - {"url":"//sprint/tarefas/15","ip":"::1","http_method":"OPTIONS","server":"localhost","referrer":"http://localhost:8081/","uid":"d085a08"}
[2017-02-27 21:12:43] INFO > #200: (//sprint/tarefas/15) - [] - {"url":"//sprint/tarefas/15","ip":"::1","http_method":"GET","server":"localhost","referrer":"http://localhost:8081/","uid":"45cb137"}
[2017-02-27 21:13:11] INFO > #200: (/sprint/8) - [] - {"url":"/sprint/8","ip":"::1","http_method":"OPTIONS","server":"localhost","referrer":"http://localhost:8081/","uid":"e2c4d92"}
[2017-02-27 21:13:11] INFO > #200: (/sprint/8) - [] - {"url":"/sprint/8","ip":"::1","http_method":"GET","server":"localhost","referrer":"http://localhost:8081/","uid":"66f2e87"}
[2017-02-27 21:13:13] INFO > #200: (//sprint/tarefas/14) - [] - {"url":"//sprint/tarefas/14","ip":"::1","http_method":"OPTIONS","server":"localhost","referrer":"http://localhost:8081/","uid":"252fd28"}
[2017-02-27 21:13:13] INFO > #200: (//sprint/tarefas/14) - [] - {"url":"//sprint/tarefas/14","ip":"::1","http_method":"GET","server":"localhost","referrer":"http://localhost:8081/","uid":"b33fc50"}
