[2017-01-11 12:12:28] INFO > #200: (/clubes) - [] - {"url":"/clubes?_dc=1484133148627&page=1&start=0&limit=25&sort=nomeusuario&dir=desc","ip":"::1","http_method":"OPTIONS","server":"localhost","referrer":"http://localhost:8081/","uid":"6477c0d"}
[2017-01-11 12:12:28] INFO > #200: (/clubes) - [] - {"url":"/clubes?_dc=1484133148627&page=1&start=0&limit=25&sort=nomeusuario&dir=desc","ip":"::1","http_method":"GET","server":"localhost","referrer":"http://localhost:8081/","uid":"ca35b6b"}
[2017-01-11 12:30:22] INFO > #200: (/clubes) - [] - {"url":"/clubes?_dc=1484134222370&page=1&start=0&limit=25&sort=nomeusuario&dir=desc","ip":"::1","http_method":"OPTIONS","server":"localhost","referrer":"http://localhost:8081/","uid":"5a6c10d"}
[2017-01-11 12:30:22] INFO > #200: (/clubes) - [] - {"url":"/clubes?_dc=1484134222370&page=1&start=0&limit=25&sort=nomeusuario&dir=desc","ip":"::1","http_method":"GET","server":"localhost","referrer":"http://localhost:8081/","uid":"4372181"}
[2017-01-11 12:30:35] INFO > #200: (/clubes) - [] - {"url":"/clubes?_dc=1484134235597&page=1&start=0&limit=25&sort=nomeusuario&dir=desc","ip":"::1","http_method":"OPTIONS","server":"localhost","referrer":"http://localhost:8081/","uid":"389d944"}
[2017-01-11 12:30:35] INFO > #200: (/clubes) - [] - {"url":"/clubes?_dc=1484134235597&page=1&start=0&limit=25&sort=nomeusuario&dir=desc","ip":"::1","http_method":"GET","server":"localhost","referrer":"http://localhost:8081/","uid":"02dc92f"}
[2017-01-11 12:33:36] INFO > #200: (/usuarios) - [] - {"url":"/usuarios","ip":"::1","http_method":"GET","server":"localhost","referrer":null,"uid":"d64e68e"}
[2017-01-11 12:33:49] INFO > #200: (/clubes) - [] - {"url":"/clubes?_dc=1484134429306&page=1&start=0&limit=25&sort=nomeusuario&dir=desc","ip":"::1","http_method":"OPTIONS","server":"localhost","referrer":"http://localhost:8081/","uid":"a1c40d4"}
[2017-01-11 12:33:49] INFO > #200: (/clubes) - [] - {"url":"/clubes?_dc=1484134429306&page=1&start=0&limit=25&sort=nomeusuario&dir=desc","ip":"::1","http_method":"GET","server":"localhost","referrer":"http://localhost:8081/","uid":"4a8c5f6"}
[2017-01-11 12:44:22] INFO > #200: (/clubes) - [] - {"url":"/clubes?_dc=1484135062566&page=1&start=0&limit=25&sort=nomeusuario&dir=desc","ip":"::1","http_method":"OPTIONS","server":"localhost","referrer":"http://localhost:8081/","uid":"cb8e77d"}
[2017-01-11 12:44:22] INFO > #200: (/clubes) - [] - {"url":"/clubes?_dc=1484135062566&page=1&start=0&limit=25&sort=nomeusuario&dir=desc","ip":"::1","http_method":"GET","server":"localhost","referrer":"http://localhost:8081/","uid":"fea9ac7"}
[2017-01-11 12:44:31] INFO > #200: (/usuarios) - [] - {"url":"/usuarios","ip":"::1","http_method":"OPTIONS","server":"localhost","referrer":"http://localhost:8081/","uid":"3f6d899"}
[2017-01-11 12:44:31] WARNING > #400: (/usuarios) - [] - {"url":"/usuarios","ip":"::1","http_method":"POST","server":"localhost","referrer":"http://localhost:8081/","uid":"024116a"}
[2017-01-11 12:48:40] INFO > #200: (/clubes) - [] - {"url":"/clubes?_dc=1484135319993&page=1&start=0&limit=25&sort=nomeusuario&dir=desc","ip":"::1","http_method":"OPTIONS","server":"localhost","referrer":"http://localhost:8081/","uid":"607f4c0"}
[2017-01-11 12:48:40] INFO > #200: (/clubes) - [] - {"url":"/clubes?_dc=1484135319993&page=1&start=0&limit=25&sort=nomeusuario&dir=desc","ip":"::1","http_method":"GET","server":"localhost","referrer":"http://localhost:8081/","uid":"eec730f"}
[2017-01-11 13:18:54] INFO > #200: (/clubes) - [] - {"url":"/clubes?_dc=1484137134119&page=1&start=0&limit=25&sort=nomeusuario&dir=desc","ip":"::1","http_method":"OPTIONS","server":"localhost","referrer":"http://localhost:8081/","uid":"26d2d2f"}
[2017-01-11 13:18:54] INFO > #200: (/clubes) - [] - {"url":"/clubes?_dc=1484137134119&page=1&start=0&limit=25&sort=nomeusuario&dir=desc","ip":"::1","http_method":"GET","server":"localhost","referrer":"http://localhost:8081/","uid":"647ec62"}
[2017-01-11 13:19:19] INFO > #200: (/usuarios) - [] - {"url":"/usuarios","ip":"::1","http_method":"OPTIONS","server":"localhost","referrer":"http://localhost:8081/","uid":"590ed61"}
[2017-01-11 13:29:51] INFO > #200: (/usuarios) - [] - {"url":"/usuarios","ip":"::1","http_method":"OPTIONS","server":"localhost","referrer":"http://localhost:8081/","uid":"d25d9f0"}
[2017-01-11 13:40:06] INFO > #200: (/usuarios) - [] - {"url":"/usuarios?_dc=1484138406050&page=1&start=0&limit=25&sort=nomeusuario&dir=desc","ip":"::1","http_method":"OPTIONS","server":"localhost","referrer":"http://localhost:8081/","uid":"4dbf0dd"}
[2017-01-11 13:40:06] INFO > #200: (/usuarios) - [] - {"url":"/usuarios?_dc=1484138406050&page=1&start=0&limit=25&sort=nomeusuario&dir=desc","ip":"::1","http_method":"GET","server":"localhost","referrer":"http://localhost:8081/","uid":"0bf0b7e"}
[2017-01-11 13:41:03] INFO > #200: (/usuarios) - [] - {"url":"/usuarios","ip":"::1","http_method":"OPTIONS","server":"localhost","referrer":"http://localhost:8081/","uid":"0de7742"}
[2017-01-11 13:42:11] INFO > #200: (/usuarios) - [] - {"url":"/usuarios?_dc=1484138531718&page=1&start=0&limit=25&sort=nomeusuario&dir=desc","ip":"::1","http_method":"OPTIONS","server":"localhost","referrer":"http://localhost:8081/","uid":"5867790"}
[2017-01-11 13:42:11] INFO > #200: (/usuarios) - [] - {"url":"/usuarios?_dc=1484138531718&page=1&start=0&limit=25&sort=nomeusuario&dir=desc","ip":"::1","http_method":"GET","server":"localhost","referrer":"http://localhost:8081/","uid":"3f8846a"}
[2017-01-11 13:51:06] INFO > #200: (/usuarios) - [] - {"url":"/usuarios","ip":"::1","http_method":"OPTIONS","server":"localhost","referrer":"http://localhost:8081/","uid":"09bd260"}
[2017-01-11 13:53:36] INFO > #200: (/usuarios) - [] - {"url":"/usuarios?_dc=1484139216790&page=1&start=0&limit=25&sort=nomeusuario&dir=desc","ip":"::1","http_method":"OPTIONS","server":"localhost","referrer":"http://localhost:8081/","uid":"1a9fe44"}
[2017-01-11 13:53:36] INFO > #200: (/usuarios) - [] - {"url":"/usuarios?_dc=1484139216790&page=1&start=0&limit=25&sort=nomeusuario&dir=desc","ip":"::1","http_method":"GET","server":"localhost","referrer":"http://localhost:8081/","uid":"508763c"}
[2017-01-11 14:00:18] INFO > #200: (/usuarios) - [] - {"url":"/usuarios?_dc=1484139618936&page=1&start=0&limit=25&sort=nomeusuario&dir=desc","ip":"::1","http_method":"OPTIONS","server":"localhost","referrer":"http://localhost:8081/","uid":"9b7aa66"}
[2017-01-11 14:00:19] INFO > #200: (/usuarios) - [] - {"url":"/usuarios?_dc=1484139618936&page=1&start=0&limit=25&sort=nomeusuario&dir=desc","ip":"::1","http_method":"GET","server":"localhost","referrer":"http://localhost:8081/","uid":"3cb3925"}
[2017-01-11 14:00:48] INFO > #200: (/usuarios) - [] - {"url":"/usuarios?_dc=1484139648041&page=1&start=0&limit=25&sort=nomeusuario&dir=desc","ip":"::1","http_method":"OPTIONS","server":"localhost","referrer":"http://localhost:8081/","uid":"a7382f0"}
[2017-01-11 14:00:48] INFO > #200: (/usuarios) - [] - {"url":"/usuarios?_dc=1484139648041&page=1&start=0&limit=25&sort=nomeusuario&dir=desc","ip":"::1","http_method":"GET","server":"localhost","referrer":"http://localhost:8081/","uid":"9e8abed"}
[2017-01-11 14:01:24] INFO > #200: (/usuarios) - [] - {"url":"/usuarios?_dc=1484139684134&page=1&start=0&limit=25&sort=nomeusuario&dir=desc","ip":"::1","http_method":"OPTIONS","server":"localhost","referrer":"http://localhost:8081/","uid":"0b8c6b7"}
[2017-01-11 14:01:24] INFO > #200: (/usuarios) - [] - {"url":"/usuarios?_dc=1484139684134&page=1&start=0&limit=25&sort=nomeusuario&dir=desc","ip":"::1","http_method":"GET","server":"localhost","referrer":"http://localhost:8081/","uid":"62a7b2a"}
[2017-01-11 14:02:04] INFO > #200: (/usuarios) - [] - {"url":"/usuarios?_dc=1484139724354&page=1&start=0&limit=25&sort=nomeusuario&dir=desc","ip":"::1","http_method":"OPTIONS","server":"localhost","referrer":"http://localhost:8081/","uid":"ad395fc"}
[2017-01-11 14:02:04] INFO > #200: (/usuarios) - [] - {"url":"/usuarios?_dc=1484139724354&page=1&start=0&limit=25&sort=nomeusuario&dir=desc","ip":"::1","http_method":"GET","server":"localhost","referrer":"http://localhost:8081/","uid":"71986cc"}
[2017-01-11 14:02:32] INFO > #200: (/usuarios) - [] - {"url":"/usuarios?_dc=1484139752337&page=1&start=0&limit=25&sort=nomeusuario&dir=desc","ip":"::1","http_method":"OPTIONS","server":"localhost","referrer":"http://localhost:8081/","uid":"be880d1"}
[2017-01-11 14:02:32] INFO > #200: (/usuarios) - [] - {"url":"/usuarios?_dc=1484139752337&page=1&start=0&limit=25&sort=nomeusuario&dir=desc","ip":"::1","http_method":"GET","server":"localhost","referrer":"http://localhost:8081/","uid":"da8d2f9"}
[2017-01-11 14:04:14] INFO > #200: (/usuarios) - [] - {"url":"/usuarios?_dc=1484139854958&page=1&start=0&limit=25&sort=nomeusuario&dir=desc","ip":"::1","http_method":"OPTIONS","server":"localhost","referrer":"http://localhost:8081/","uid":"fbf40c4"}
[2017-01-11 14:04:15] INFO > #200: (/usuarios) - [] - {"url":"/usuarios?_dc=1484139854958&page=1&start=0&limit=25&sort=nomeusuario&dir=desc","ip":"::1","http_method":"GET","server":"localhost","referrer":"http://localhost:8081/","uid":"51337b0"}
[2017-01-11 14:07:10] INFO > #200: (/usuarios) - [] - {"url":"/usuarios","ip":"::1","http_method":"OPTIONS","server":"localhost","referrer":"http://localhost:8081/","uid":"b12e29e"}
[2017-01-11 14:11:45] INFO > #200: (/usuarios) - [] - {"url":"/usuarios?_dc=1484140305471&page=1&start=0&limit=25&sort=nomeusuario&dir=desc","ip":"::1","http_method":"OPTIONS","server":"localhost","referrer":"http://localhost:8081/","uid":"6ade629"}
[2017-01-11 14:11:45] INFO > #200: (/usuarios) - [] - {"url":"/usuarios?_dc=1484140305471&page=1&start=0&limit=25&sort=nomeusuario&dir=desc","ip":"::1","http_method":"GET","server":"localhost","referrer":"http://localhost:8081/","uid":"5493f8a"}
[2017-01-11 14:12:58] INFO > #200: (/usuarios) - [] - {"url":"/usuarios?_dc=1484140378749&page=1&start=0&limit=25&sort=nomeusuario&dir=desc","ip":"::1","http_method":"OPTIONS","server":"localhost","referrer":"http://localhost:8081/","uid":"bf61968"}
[2017-01-11 14:12:58] INFO > #200: (/usuarios) - [] - {"url":"/usuarios?_dc=1484140378749&page=1&start=0&limit=25&sort=nomeusuario&dir=desc","ip":"::1","http_method":"GET","server":"localhost","referrer":"http://localhost:8081/","uid":"d5257d0"}
[2017-01-11 16:04:15] INFO > #200: (/usuarios) - [] - {"url":"/usuarios?_dc=1484147055002&page=1&start=0&limit=25&sort=nomeusuario&dir=desc","ip":"::1","http_method":"OPTIONS","server":"localhost","referrer":"http://localhost:8081/","uid":"db8b165"}
[2017-01-11 16:04:15] INFO > #200: (/usuarios) - [] - {"url":"/usuarios?_dc=1484147055002&page=1&start=0&limit=25&sort=nomeusuario&dir=desc","ip":"::1","http_method":"GET","server":"localhost","referrer":"http://localhost:8081/","uid":"cff2624"}
[2017-01-11 16:04:32] INFO > #200: (/usuarios) - [] - {"url":"/usuarios","ip":"::1","http_method":"OPTIONS","server":"localhost","referrer":"http://localhost:8081/","uid":"18376ec"}
[2017-01-11 16:18:17] INFO > #200: (/usuarios) - [] - {"url":"/usuarios","ip":"::1","http_method":"OPTIONS","server":"localhost","referrer":"http://localhost:8081/","uid":"2d2d2a7"}
[2017-01-11 16:20:20] INFO > #200: (/usuarios) - [] - {"url":"/usuarios?_dc=1484148020537&page=1&start=0&limit=25&sort=nomeusuario&dir=desc","ip":"::1","http_method":"OPTIONS","server":"localhost","referrer":"http://localhost:8081/","uid":"2d817fe"}
[2017-01-11 16:20:20] INFO > #200: (/usuarios) - [] - {"url":"/usuarios?_dc=1484148020537&page=1&start=0&limit=25&sort=nomeusuario&dir=desc","ip":"::1","http_method":"GET","server":"localhost","referrer":"http://localhost:8081/","uid":"afd8afd"}
[2017-01-11 16:28:19] INFO > #200: (/usuarios) - [] - {"url":"/usuarios","ip":"::1","http_method":"OPTIONS","server":"localhost","referrer":"http://localhost:8081/","uid":"9421dfb"}
[2017-01-11 16:38:20] INFO > #200: (/usuarios) - [] - {"url":"/usuarios","ip":"::1","http_method":"OPTIONS","server":"localhost","referrer":"http://localhost:8081/","uid":"1c91af9"}
[2017-01-11 16:49:09] INFO > #200: (/usuarios) - [] - {"url":"/usuarios","ip":"::1","http_method":"OPTIONS","server":"localhost","referrer":"http://localhost:8081/","uid":"ddd036f"}
[2017-01-11 17:00:39] INFO > #200: (/usuarios) - [] - {"url":"/usuarios","ip":"::1","http_method":"OPTIONS","server":"localhost","referrer":"http://localhost:8081/","uid":"795b7d0"}
[2017-01-11 17:14:52] INFO > #200: (/usuarios) - [] - {"url":"/usuarios","ip":"::1","http_method":"OPTIONS","server":"localhost","referrer":"http://localhost:8081/","uid":"a904171"}
[2017-01-11 17:30:01] INFO > #200: (/usuarios) - [] - {"url":"/usuarios?_dc=1484152201180&page=1&start=0&limit=25&sort=nomeusuario&dir=desc","ip":"::1","http_method":"OPTIONS","server":"localhost","referrer":"http://localhost:8081/","uid":"c27506a"}
[2017-01-11 17:30:24] INFO > #200: (/usuarios) - [] - {"url":"/usuarios?_dc=1484152224705&page=1&start=0&limit=25&sort=nomeusuario&dir=desc","ip":"::1","http_method":"OPTIONS","server":"localhost","referrer":"http://localhost:8081/","uid":"2860745"}
[2017-01-11 17:31:12] INFO > #200: (/usuarios) - [] - {"url":"/usuarios?_dc=1484152272517&page=1&start=0&limit=25&sort=nomeusuario&dir=desc","ip":"::1","http_method":"OPTIONS","server":"localhost","referrer":"http://localhost:8081/","uid":"8ae6569"}
[2017-01-11 17:31:37] INFO > #200: (/usuarios) - [] - {"url":"/usuarios?_dc=1484152297394&page=1&start=0&limit=25&sort=nomeusuario&dir=desc","ip":"::1","http_method":"OPTIONS","server":"localhost","referrer":"http://localhost:8081/","uid":"e85dd09"}
[2017-01-11 17:31:57] INFO > #200: (/usuarios) - [] - {"url":"/usuarios?_dc=1484152317199&page=1&start=0&limit=25&sort=nomeusuario&dir=desc","ip":"::1","http_method":"OPTIONS","server":"localhost","referrer":"http://localhost:8081/","uid":"c1befab"}
[2017-01-11 17:31:57] INFO > #200: (/usuarios) - [] - {"url":"/usuarios?_dc=1484152317199&page=1&start=0&limit=25&sort=nomeusuario&dir=desc","ip":"::1","http_method":"GET","server":"localhost","referrer":"http://localhost:8081/","uid":"eea7cee"}
[2017-01-11 17:34:34] INFO > #200: (/usuarios) - [] - {"url":"/usuarios","ip":"::1","http_method":"OPTIONS","server":"localhost","referrer":"http://localhost:8081/","uid":"cdd7aa8"}
[2017-01-11 17:36:38] INFO > #200: (/usuarios) - [] - {"url":"/usuarios?_dc=1484152598938&page=1&start=0&limit=25&sort=nomeusuario&dir=desc","ip":"::1","http_method":"OPTIONS","server":"localhost","referrer":"http://localhost:8081/","uid":"d693016"}
[2017-01-11 17:37:35] INFO > #200: (/usuarios) - [] - {"url":"/usuarios?_dc=1484152655381&page=1&start=0&limit=25&sort=nomeusuario&dir=desc","ip":"::1","http_method":"OPTIONS","server":"localhost","referrer":"http://localhost:8081/","uid":"6c094f4"}
[2017-01-11 17:37:35] INFO > #200: (/usuarios) - [] - {"url":"/usuarios?_dc=1484152655381&page=1&start=0&limit=25&sort=nomeusuario&dir=desc","ip":"::1","http_method":"GET","server":"localhost","referrer":"http://localhost:8081/","uid":"9d23e9b"}
[2017-01-11 17:44:39] INFO > #200: (/usuarios) - [] - {"url":"/usuarios","ip":"::1","http_method":"GET","server":"localhost","referrer":null,"uid":"963bffe"}
[2017-01-11 17:46:19] INFO > #200: (/usuarios) - [] - {"url":"/usuarios","ip":"::1","http_method":"OPTIONS","server":"localhost","referrer":"http://localhost:8081/","uid":"3c9e674"}
[2017-01-11 18:24:18] INFO > #200: (/usuarios) - [] - {"url":"/usuarios","ip":"::1","http_method":"OPTIONS","server":"localhost","referrer":"http://localhost:8081/","uid":"fe33f9c"}
[2017-01-11 19:04:32] INFO > #200: (/usuarios) - [] - {"url":"/usuarios?_dc=1484157872846&page=1&start=0&limit=25&sort=nomeusuario&dir=desc","ip":"::1","http_method":"OPTIONS","server":"localhost","referrer":"http://localhost:8081/","uid":"76e7d0a"}
[2017-01-11 19:04:32] INFO > #200: (/usuarios) - [] - {"url":"/usuarios?_dc=1484157872846&page=1&start=0&limit=25&sort=nomeusuario&dir=desc","ip":"::1","http_method":"GET","server":"localhost","referrer":"http://localhost:8081/","uid":"de84852"}
[2017-01-11 19:05:31] INFO > #200: (/usuarios) - [] - {"url":"/usuarios?_dc=1484157931049&page=1&start=0&limit=25&sort=nomeusuario&dir=desc","ip":"::1","http_method":"OPTIONS","server":"localhost","referrer":"http://localhost:8081/","uid":"a8659af"}
[2017-01-11 19:05:31] INFO > #200: (/usuarios) - [] - {"url":"/usuarios?_dc=1484157931049&page=1&start=0&limit=25&sort=nomeusuario&dir=desc","ip":"::1","http_method":"GET","server":"localhost","referrer":"http://localhost:8081/","uid":"13a7a8e"}
[2017-01-11 19:10:16] INFO > #200: (/usuarios) - [] - {"url":"/usuarios?_dc=1484158216724&page=1&start=0&limit=25&sort=nomeusuario&dir=desc","ip":"::1","http_method":"OPTIONS","server":"localhost","referrer":"http://localhost:8081/","uid":"27751f9"}
[2017-01-11 19:10:16] INFO > #200: (/usuarios) - [] - {"url":"/usuarios?_dc=1484158216724&page=1&start=0&limit=25&sort=nomeusuario&dir=desc","ip":"::1","http_method":"GET","server":"localhost","referrer":"http://localhost:8081/","uid":"d1e22cd"}
[2017-01-11 19:10:57] INFO > #200: (/usuarios) - [] - {"url":"/usuarios?_dc=1484158257458&page=1&start=0&limit=25&sort=nomeusuario&dir=desc","ip":"::1","http_method":"OPTIONS","server":"localhost","referrer":"http://localhost:8081/","uid":"bbc8137"}
[2017-01-11 19:10:57] INFO > #200: (/usuarios) - [] - {"url":"/usuarios?_dc=1484158257458&page=1&start=0&limit=25&sort=nomeusuario&dir=desc","ip":"::1","http_method":"GET","server":"localhost","referrer":"http://localhost:8081/","uid":"52a4dba"}
[2017-01-11 19:11:14] INFO > #200: (/usuarios) - [] - {"url":"/usuarios?_dc=1484158274014&page=1&start=0&limit=25&sort=nomeusuario&dir=desc","ip":"::1","http_method":"OPTIONS","server":"localhost","referrer":"http://localhost:8081/","uid":"d7ae604"}
[2017-01-11 19:11:14] INFO > #200: (/usuarios) - [] - {"url":"/usuarios?_dc=1484158274014&page=1&start=0&limit=25&sort=nomeusuario&dir=desc","ip":"::1","http_method":"GET","server":"localhost","referrer":"http://localhost:8081/","uid":"f52b4ee"}
[2017-01-11 19:11:42] INFO > #200: (/usuarios) - [] - {"url":"/usuarios?_dc=1484158302765&page=1&start=0&limit=25&sort=nomeusuario&dir=desc","ip":"::1","http_method":"OPTIONS","server":"localhost","referrer":"http://localhost:8081/","uid":"e48b779"}
[2017-01-11 19:11:42] INFO > #200: (/usuarios) - [] - {"url":"/usuarios?_dc=1484158302765&page=1&start=0&limit=25&sort=nomeusuario&dir=desc","ip":"::1","http_method":"GET","server":"localhost","referrer":"http://localhost:8081/","uid":"319409e"}
[2017-01-11 19:12:31] INFO > #200: (/usuarios) - [] - {"url":"/usuarios?_dc=1484158351680&page=1&start=0&limit=25&sort=nomeusuario&dir=desc","ip":"::1","http_method":"OPTIONS","server":"localhost","referrer":"http://localhost:8081/","uid":"e825948"}
[2017-01-11 19:12:31] INFO > #200: (/usuarios) - [] - {"url":"/usuarios?_dc=1484158351680&page=1&start=0&limit=25&sort=nomeusuario&dir=desc","ip":"::1","http_method":"GET","server":"localhost","referrer":"http://localhost:8081/","uid":"92f75c7"}
[2017-01-11 19:23:03] INFO > #200: (/usuarios) - [] - {"url":"/usuarios?_dc=1484158983748&page=1&start=0&limit=25&sort=nomeusuario&dir=desc","ip":"::1","http_method":"OPTIONS","server":"localhost","referrer":"http://localhost:8081/","uid":"3187f0f"}
[2017-01-11 19:23:03] INFO > #200: (/usuarios) - [] - {"url":"/usuarios?_dc=1484158983748&page=1&start=0&limit=25&sort=nomeusuario&dir=desc","ip":"::1","http_method":"GET","server":"localhost","referrer":"http://localhost:8081/","uid":"2df5eee"}
[2017-01-11 19:29:48] INFO > #200: (/usuarios) - [] - {"url":"/usuarios?_dc=1484159388959&page=1&start=0&limit=25&sort=nomeusuario&dir=desc","ip":"::1","http_method":"OPTIONS","server":"localhost","referrer":"http://localhost:8081/","uid":"90ece36"}
[2017-01-11 19:29:49] INFO > #200: (/usuarios) - [] - {"url":"/usuarios?_dc=1484159388959&page=1&start=0&limit=25&sort=nomeusuario&dir=desc","ip":"::1","http_method":"GET","server":"localhost","referrer":"http://localhost:8081/","uid":"31f2e0b"}
[2017-01-11 19:42:34] INFO > #200: (/usuarios) - [] - {"url":"/usuarios?_dc=1484160154201&page=1&start=0&limit=25&sort=nomeusuario&dir=desc","ip":"::1","http_method":"OPTIONS","server":"localhost","referrer":"http://localhost:8081/","uid":"c7abdbd"}
[2017-01-11 19:42:34] INFO > #200: (/usuarios) - [] - {"url":"/usuarios?_dc=1484160154201&page=1&start=0&limit=25&sort=nomeusuario&dir=desc","ip":"::1","http_method":"GET","server":"localhost","referrer":"http://localhost:8081/","uid":"13ceed9"}
[2017-01-11 19:45:36] INFO > #200: (/usuarios) - [] - {"url":"/usuarios?_dc=1484160335991&page=1&start=0&limit=25&sort=nomeusuario&dir=desc","ip":"::1","http_method":"OPTIONS","server":"localhost","referrer":"http://localhost:8081/","uid":"ef734c1"}
[2017-01-11 19:45:36] INFO > #200: (/usuarios) - [] - {"url":"/usuarios?_dc=1484160335991&page=1&start=0&limit=25&sort=nomeusuario&dir=desc","ip":"::1","http_method":"GET","server":"localhost","referrer":"http://localhost:8081/","uid":"81a2461"}
[2017-01-11 20:25:43] INFO > #200: (/usuarios) - [] - {"url":"/usuarios","ip":"::1","http_method":"GET","server":"localhost","referrer":null,"uid":"14ce8fc"}
[2017-01-11 20:41:47] INFO > #200: (/usuarios) - [] - {"url":"/usuarios?_dc=1484163707416&page=1&start=0&limit=25&sort=nomeusuario&dir=desc","ip":"::1","http_method":"OPTIONS","server":"localhost","referrer":"http://localhost:8081/","uid":"0d64a32"}
[2017-01-11 20:41:47] INFO > #200: (/usuarios) - [] - {"url":"/usuarios?_dc=1484163707416&page=1&start=0&limit=25&sort=nomeusuario&dir=desc","ip":"::1","http_method":"GET","server":"localhost","referrer":"http://localhost:8081/","uid":"a8c70af"}
[2017-01-11 20:45:29] INFO > #200: (/usuarios) - [] - {"url":"/usuarios?_dc=1484163929779&page=1&start=0&limit=25&sort=nomeusuario&dir=desc","ip":"::1","http_method":"OPTIONS","server":"localhost","referrer":"http://localhost:8081/","uid":"0424e1a"}
[2017-01-11 20:45:29] INFO > #200: (/usuarios) - [] - {"url":"/usuarios?_dc=1484163929779&page=1&start=0&limit=25&sort=nomeusuario&dir=desc","ip":"::1","http_method":"GET","server":"localhost","referrer":"http://localhost:8081/","uid":"5dfcf39"}
[2017-01-11 20:48:17] INFO > #200: (/usuarios) - [] - {"url":"/usuarios","ip":"::1","http_method":"OPTIONS","server":"localhost","referrer":"http://localhost:8081/","uid":"fae7519"}
[2017-01-11 20:49:53] INFO > #200: (/usuarios) - [] - {"url":"/usuarios?_dc=1484164193018&page=1&start=0&limit=25&sort=nomeusuario&dir=desc","ip":"::1","http_method":"OPTIONS","server":"localhost","referrer":"http://localhost:8081/","uid":"bc499aa"}
[2017-01-11 20:49:53] INFO > #200: (/usuarios) - [] - {"url":"/usuarios?_dc=1484164193018&page=1&start=0&limit=25&sort=nomeusuario&dir=desc","ip":"::1","http_method":"GET","server":"localhost","referrer":"http://localhost:8081/","uid":"379e055"}
