[2017-01-18 11:10:41] INFO > #200: (/usuarios) - [] - {"url":"/usuarios?_dc=1484734240472&page=1&start=0&limit=25&sort=nomeusuario&dir=desc","ip":"::1","http_method":"OPTIONS","server":"localhost","referrer":"http://localhost:8081/","uid":"ec13166"}
[2017-01-18 11:10:41] INFO > #200: (/usuarios) - [] - {"url":"/usuarios?_dc=1484734240472&page=1&start=0&limit=25&sort=nomeusuario&dir=desc","ip":"::1","http_method":"GET","server":"localhost","referrer":"http://localhost:8081/","uid":"7a4e44e"}
[2017-01-18 11:11:57] INFO > #200: (/usuarios) - [] - {"url":"/usuarios?_dc=1484734317674&page=1&start=0&limit=25&sort=nomeusuario&dir=desc","ip":"::1","http_method":"OPTIONS","server":"localhost","referrer":"http://localhost:8081/","uid":"454af10"}
[2017-01-18 11:11:57] INFO > #200: (/usuarios) - [] - {"url":"/usuarios?_dc=1484734317674&page=1&start=0&limit=25&sort=nomeusuario&dir=desc","ip":"::1","http_method":"GET","server":"localhost","referrer":"http://localhost:8081/","uid":"e7495d1"}
[2017-01-18 11:13:29] INFO > #200: (/usuarios) - [] - {"url":"/usuarios?_dc=1484734409691&page=1&start=0&limit=25&sort=nomeusuario&dir=desc","ip":"::1","http_method":"OPTIONS","server":"localhost","referrer":"http://localhost:8081/","uid":"e8de144"}
[2017-01-18 11:13:29] INFO > #200: (/usuarios) - [] - {"url":"/usuarios?_dc=1484734409691&page=1&start=0&limit=25&sort=nomeusuario&dir=desc","ip":"::1","http_method":"GET","server":"localhost","referrer":"http://localhost:8081/","uid":"a460282"}
[2017-01-18 11:13:49] INFO > #200: (/usuarios) - [] - {"url":"/usuarios?_dc=1484734429310&page=1&start=0&limit=25&sort=nomeusuario&dir=desc","ip":"::1","http_method":"OPTIONS","server":"localhost","referrer":"http://localhost:8081/","uid":"09daa68"}
[2017-01-18 11:13:49] INFO > #200: (/usuarios) - [] - {"url":"/usuarios?_dc=1484734429310&page=1&start=0&limit=25&sort=nomeusuario&dir=desc","ip":"::1","http_method":"GET","server":"localhost","referrer":"http://localhost:8081/","uid":"f9b1bfc"}
[2017-01-18 11:18:42] INFO > #200: (/usuarios) - [] - {"url":"/usuarios?_dc=1484734722550&page=1&start=0&limit=25&sort=nomeusuario&dir=desc","ip":"::1","http_method":"OPTIONS","server":"localhost","referrer":"http://localhost:8081/","uid":"6f896bd"}
[2017-01-18 11:18:42] INFO > #200: (/usuarios) - [] - {"url":"/usuarios?_dc=1484734722550&page=1&start=0&limit=25&sort=nomeusuario&dir=desc","ip":"::1","http_method":"GET","server":"localhost","referrer":"http://localhost:8081/","uid":"f9bc446"}
[2017-01-18 11:19:38] INFO > #200: (/usuarios) - [] - {"url":"/usuarios?_dc=1484734778222&page=1&start=0&limit=25&sort=nomeusuario&dir=desc","ip":"::1","http_method":"OPTIONS","server":"localhost","referrer":"http://localhost:8081/","uid":"5648eb3"}
[2017-01-18 11:19:38] INFO > #200: (/usuarios) - [] - {"url":"/usuarios?_dc=1484734778222&page=1&start=0&limit=25&sort=nomeusuario&dir=desc","ip":"::1","http_method":"GET","server":"localhost","referrer":"http://localhost:8081/","uid":"10bb183"}
[2017-01-18 11:19:54] INFO > #200: (/usuarios) - [] - {"url":"/usuarios?_dc=1484734794485&page=1&start=0&limit=25&sort=nomeusuario&dir=desc","ip":"::1","http_method":"OPTIONS","server":"localhost","referrer":"http://localhost:8081/","uid":"4ee53a3"}
[2017-01-18 11:19:54] INFO > #200: (/usuarios) - [] - {"url":"/usuarios?_dc=1484734794485&page=1&start=0&limit=25&sort=nomeusuario&dir=desc","ip":"::1","http_method":"GET","server":"localhost","referrer":"http://localhost:8081/","uid":"25bf346"}
[2017-01-18 11:20:27] INFO > #200: (/usuarios) - [] - {"url":"/usuarios?_dc=1484734827256&page=1&start=0&limit=25&sort=nomeusuario&dir=desc","ip":"::1","http_method":"OPTIONS","server":"localhost","referrer":"http://localhost:8081/","uid":"aac21c5"}
[2017-01-18 11:20:27] INFO > #200: (/usuarios) - [] - {"url":"/usuarios?_dc=1484734827256&page=1&start=0&limit=25&sort=nomeusuario&dir=desc","ip":"::1","http_method":"GET","server":"localhost","referrer":"http://localhost:8081/","uid":"31c77a2"}
[2017-01-18 11:21:00] INFO > #200: (/usuarios) - [] - {"url":"/usuarios?_dc=1484734860889&page=1&start=0&limit=25&sort=nomeusuario&dir=desc","ip":"::1","http_method":"OPTIONS","server":"localhost","referrer":"http://localhost:8081/","uid":"fc2102a"}
[2017-01-18 11:21:00] INFO > #200: (/usuarios) - [] - {"url":"/usuarios?_dc=1484734860889&page=1&start=0&limit=25&sort=nomeusuario&dir=desc","ip":"::1","http_method":"GET","server":"localhost","referrer":"http://localhost:8081/","uid":"7a31891"}
[2017-01-18 11:21:25] INFO > #200: (/usuarios) - [] - {"url":"/usuarios?_dc=1484734885459&page=1&start=0&limit=25&sort=nomeusuario&dir=desc","ip":"::1","http_method":"OPTIONS","server":"localhost","referrer":"http://localhost:8081/","uid":"83b0428"}
[2017-01-18 11:21:25] INFO > #200: (/usuarios) - [] - {"url":"/usuarios?_dc=1484734885459&page=1&start=0&limit=25&sort=nomeusuario&dir=desc","ip":"::1","http_method":"GET","server":"localhost","referrer":"http://localhost:8081/","uid":"25619ce"}
[2017-01-18 11:31:31] INFO > #200: (/usuarios) - [] - {"url":"/usuarios?_dc=1484735491542&page=1&start=0&limit=25&sort=nomeusuario&dir=desc","ip":"::1","http_method":"OPTIONS","server":"localhost","referrer":"http://localhost:8081/","uid":"7baa480"}
[2017-01-18 11:31:31] INFO > #200: (/usuarios) - [] - {"url":"/usuarios?_dc=1484735491542&page=1&start=0&limit=25&sort=nomeusuario&dir=desc","ip":"::1","http_method":"GET","server":"localhost","referrer":"http://localhost:8081/","uid":"a0b9f47"}
[2017-01-18 11:32:29] INFO > #200: (/usuarios) - [] - {"url":"/usuarios?_dc=1484735549115&page=1&start=0&limit=25&sort=nomeusuario&dir=desc","ip":"::1","http_method":"OPTIONS","server":"localhost","referrer":"http://localhost:8081/","uid":"6fca065"}
[2017-01-18 11:32:29] INFO > #200: (/usuarios) - [] - {"url":"/usuarios?_dc=1484735549115&page=1&start=0&limit=25&sort=nomeusuario&dir=desc","ip":"::1","http_method":"GET","server":"localhost","referrer":"http://localhost:8081/","uid":"9207a51"}
[2017-01-18 11:32:52] INFO > #200: (/usuarios) - [] - {"url":"/usuarios?_dc=1484735572179&page=1&start=0&limit=25&sort=nomeusuario&dir=desc","ip":"::1","http_method":"OPTIONS","server":"localhost","referrer":"http://localhost:8081/","uid":"6c6e359"}
[2017-01-18 11:32:52] INFO > #200: (/usuarios) - [] - {"url":"/usuarios?_dc=1484735572179&page=1&start=0&limit=25&sort=nomeusuario&dir=desc","ip":"::1","http_method":"GET","server":"localhost","referrer":"http://localhost:8081/","uid":"6bbdfb1"}
[2017-01-18 11:33:45] INFO > #200: (/usuarios) - [] - {"url":"/usuarios?_dc=1484735625654&page=1&start=0&limit=25&sort=nomeusuario&dir=desc","ip":"::1","http_method":"OPTIONS","server":"localhost","referrer":"http://localhost:8081/","uid":"e50b19d"}
[2017-01-18 11:33:45] INFO > #200: (/usuarios) - [] - {"url":"/usuarios?_dc=1484735625654&page=1&start=0&limit=25&sort=nomeusuario&dir=desc","ip":"::1","http_method":"GET","server":"localhost","referrer":"http://localhost:8081/","uid":"b71e250"}
[2017-01-18 11:34:21] INFO > #200: (/usuarios) - [] - {"url":"/usuarios?_dc=1484735661104&page=1&start=0&limit=25&sort=nomeusuario&dir=desc","ip":"::1","http_method":"OPTIONS","server":"localhost","referrer":"http://localhost:8081/","uid":"efaac0f"}
[2017-01-18 11:34:21] INFO > #200: (/usuarios) - [] - {"url":"/usuarios?_dc=1484735661104&page=1&start=0&limit=25&sort=nomeusuario&dir=desc","ip":"::1","http_method":"GET","server":"localhost","referrer":"http://localhost:8081/","uid":"398494b"}
[2017-01-18 11:35:15] INFO > #200: (/usuarios) - [] - {"url":"/usuarios?_dc=1484735715013&page=1&start=0&limit=25&sort=nomeusuario&dir=desc","ip":"::1","http_method":"OPTIONS","server":"localhost","referrer":"http://localhost:8081/","uid":"d23abe0"}
[2017-01-18 11:35:15] INFO > #200: (/usuarios) - [] - {"url":"/usuarios?_dc=1484735715013&page=1&start=0&limit=25&sort=nomeusuario&dir=desc","ip":"::1","http_method":"GET","server":"localhost","referrer":"http://localhost:8081/","uid":"f8d5e40"}
[2017-01-18 11:35:28] INFO > #200: (/usuarios) - [] - {"url":"/usuarios?_dc=1484735728413&page=1&start=0&limit=25&sort=nomeusuario&dir=desc","ip":"::1","http_method":"OPTIONS","server":"localhost","referrer":"http://localhost:8081/","uid":"32cd658"}
[2017-01-18 11:35:28] INFO > #200: (/usuarios) - [] - {"url":"/usuarios?_dc=1484735728413&page=1&start=0&limit=25&sort=nomeusuario&dir=desc","ip":"::1","http_method":"GET","server":"localhost","referrer":"http://localhost:8081/","uid":"310ebfc"}
[2017-01-18 11:35:58] INFO > #200: (/usuarios) - [] - {"url":"/usuarios?_dc=1484735758081&page=1&start=0&limit=25&sort=nomeusuario&dir=desc","ip":"::1","http_method":"OPTIONS","server":"localhost","referrer":"http://localhost:8081/","uid":"8abc6b1"}
[2017-01-18 11:35:58] INFO > #200: (/usuarios) - [] - {"url":"/usuarios?_dc=1484735758081&page=1&start=0&limit=25&sort=nomeusuario&dir=desc","ip":"::1","http_method":"GET","server":"localhost","referrer":"http://localhost:8081/","uid":"c8612f4"}
[2017-01-18 11:45:48] INFO > #200: (/usuarios) - [] - {"url":"/usuarios?_dc=1484736348624&page=1&start=0&limit=25&sort=nomeusuario&dir=desc","ip":"::1","http_method":"OPTIONS","server":"localhost","referrer":"http://localhost:8081/","uid":"b18c915"}
[2017-01-18 11:45:48] INFO > #200: (/usuarios) - [] - {"url":"/usuarios?_dc=1484736348624&page=1&start=0&limit=25&sort=nomeusuario&dir=desc","ip":"::1","http_method":"GET","server":"localhost","referrer":"http://localhost:8081/","uid":"c013932"}
[2017-01-18 11:47:13] INFO > #200: (/usuarios) - [] - {"url":"/usuarios?_dc=1484736433775&page=1&start=0&limit=25&sort=nomeusuario&dir=desc","ip":"::1","http_method":"OPTIONS","server":"localhost","referrer":"http://localhost:8081/","uid":"0152af9"}
[2017-01-18 11:47:13] INFO > #200: (/usuarios) - [] - {"url":"/usuarios?_dc=1484736433775&page=1&start=0&limit=25&sort=nomeusuario&dir=desc","ip":"::1","http_method":"GET","server":"localhost","referrer":"http://localhost:8081/","uid":"a387c7a"}
[2017-01-18 11:47:45] INFO > #200: (/usuarios) - [] - {"url":"/usuarios?_dc=1484736465793&page=1&start=0&limit=25&sort=nomeusuario&dir=desc","ip":"::1","http_method":"OPTIONS","server":"localhost","referrer":"http://localhost:8081/","uid":"ca97b8b"}
[2017-01-18 11:47:45] INFO > #200: (/usuarios) - [] - {"url":"/usuarios?_dc=1484736465793&page=1&start=0&limit=25&sort=nomeusuario&dir=desc","ip":"::1","http_method":"GET","server":"localhost","referrer":"http://localhost:8081/","uid":"e0fc351"}
[2017-01-18 11:48:49] INFO > #200: (/usuarios) - [] - {"url":"/usuarios?_dc=1484736528954&page=1&start=0&limit=25&sort=nomeusuario&dir=desc","ip":"::1","http_method":"OPTIONS","server":"localhost","referrer":"http://localhost:8081/","uid":"3451171"}
[2017-01-18 11:48:49] INFO > #200: (/usuarios) - [] - {"url":"/usuarios?_dc=1484736528954&page=1&start=0&limit=25&sort=nomeusuario&dir=desc","ip":"::1","http_method":"GET","server":"localhost","referrer":"http://localhost:8081/","uid":"d170e17"}
[2017-01-18 11:51:30] INFO > #200: (/usuarios) - [] - {"url":"/usuarios?_dc=1484736690200&page=1&start=0&limit=25&sort=nomeusuario&dir=desc","ip":"::1","http_method":"OPTIONS","server":"localhost","referrer":"http://localhost:8081/","uid":"3412ff4"}
[2017-01-18 11:51:30] INFO > #200: (/usuarios) - [] - {"url":"/usuarios?_dc=1484736690200&page=1&start=0&limit=25&sort=nomeusuario&dir=desc","ip":"::1","http_method":"GET","server":"localhost","referrer":"http://localhost:8081/","uid":"ae25f4a"}
[2017-01-18 11:52:56] INFO > #200: (/usuarios) - [] - {"url":"/usuarios?_dc=1484736776169&page=1&start=0&limit=25&sort=nomeusuario&dir=desc","ip":"::1","http_method":"OPTIONS","server":"localhost","referrer":"http://localhost:8081/","uid":"1eaa444"}
[2017-01-18 11:52:56] INFO > #200: (/usuarios) - [] - {"url":"/usuarios?_dc=1484736776169&page=1&start=0&limit=25&sort=nomeusuario&dir=desc","ip":"::1","http_method":"GET","server":"localhost","referrer":"http://localhost:8081/","uid":"9b43c5f"}
[2017-01-18 11:54:11] INFO > #200: (/usuarios) - [] - {"url":"/usuarios?_dc=1484736851737&page=1&start=0&limit=25&sort=nomeusuario&dir=desc","ip":"::1","http_method":"OPTIONS","server":"localhost","referrer":"http://localhost:8081/","uid":"20c349b"}
[2017-01-18 11:54:11] INFO > #200: (/usuarios) - [] - {"url":"/usuarios?_dc=1484736851737&page=1&start=0&limit=25&sort=nomeusuario&dir=desc","ip":"::1","http_method":"GET","server":"localhost","referrer":"http://localhost:8081/","uid":"12c9a64"}
[2017-01-18 11:55:26] INFO > #200: (/usuarios) - [] - {"url":"/usuarios?_dc=1484736926275&page=1&start=0&limit=25&sort=nomeusuario&dir=desc","ip":"::1","http_method":"OPTIONS","server":"localhost","referrer":"http://localhost:8081/","uid":"d6fbe0f"}
[2017-01-18 11:55:26] INFO > #200: (/usuarios) - [] - {"url":"/usuarios?_dc=1484736926275&page=1&start=0&limit=25&sort=nomeusuario&dir=desc","ip":"::1","http_method":"GET","server":"localhost","referrer":"http://localhost:8081/","uid":"402f925"}
[2017-01-18 11:56:21] INFO > #200: (/usuarios) - [] - {"url":"/usuarios?_dc=1484736981456&page=1&start=0&limit=25&sort=nomeusuario&dir=desc","ip":"::1","http_method":"OPTIONS","server":"localhost","referrer":"http://localhost:8081/","uid":"d8338d0"}
[2017-01-18 11:56:21] INFO > #200: (/usuarios) - [] - {"url":"/usuarios?_dc=1484736981456&page=1&start=0&limit=25&sort=nomeusuario&dir=desc","ip":"::1","http_method":"GET","server":"localhost","referrer":"http://localhost:8081/","uid":"c4309b2"}
[2017-01-18 11:56:41] INFO > #200: (/usuarios) - [] - {"url":"/usuarios?_dc=1484737001388&page=1&start=0&limit=25&sort=nomeusuario&dir=desc","ip":"::1","http_method":"OPTIONS","server":"localhost","referrer":"http://localhost:8081/","uid":"43beb49"}
[2017-01-18 11:56:41] INFO > #200: (/usuarios) - [] - {"url":"/usuarios?_dc=1484737001388&page=1&start=0&limit=25&sort=nomeusuario&dir=desc","ip":"::1","http_method":"GET","server":"localhost","referrer":"http://localhost:8081/","uid":"3e7111f"}
[2017-01-18 11:59:25] INFO > #200: (/usuarios) - [] - {"url":"/usuarios?_dc=1484737165314&page=1&start=0&limit=25&sort=nomeusuario&dir=desc","ip":"::1","http_method":"OPTIONS","server":"localhost","referrer":"http://localhost:8081/","uid":"736d2aa"}
[2017-01-18 11:59:25] INFO > #200: (/usuarios) - [] - {"url":"/usuarios?_dc=1484737165314&page=1&start=0&limit=25&sort=nomeusuario&dir=desc","ip":"::1","http_method":"GET","server":"localhost","referrer":"http://localhost:8081/","uid":"5d48ee6"}
[2017-01-18 11:59:42] INFO > #200: (/usuarios) - [] - {"url":"/usuarios?_dc=1484737182403&page=1&start=0&limit=25&sort=nomeusuario&dir=desc","ip":"::1","http_method":"OPTIONS","server":"localhost","referrer":"http://localhost:8081/","uid":"607bab6"}
[2017-01-18 11:59:42] INFO > #200: (/usuarios) - [] - {"url":"/usuarios?_dc=1484737182403&page=1&start=0&limit=25&sort=nomeusuario&dir=desc","ip":"::1","http_method":"GET","server":"localhost","referrer":"http://localhost:8081/","uid":"6b201ff"}
[2017-01-18 12:00:44] INFO > #200: (/usuarios) - [] - {"url":"/usuarios?_dc=1484737244579&page=1&start=0&limit=25&sort=nomeusuario&dir=desc","ip":"::1","http_method":"OPTIONS","server":"localhost","referrer":"http://localhost:8081/","uid":"086e8ab"}
[2017-01-18 12:00:44] INFO > #200: (/usuarios) - [] - {"url":"/usuarios?_dc=1484737244579&page=1&start=0&limit=25&sort=nomeusuario&dir=desc","ip":"::1","http_method":"GET","server":"localhost","referrer":"http://localhost:8081/","uid":"2633612"}
[2017-01-18 12:01:14] INFO > #200: (/usuarios) - [] - {"url":"/usuarios?_dc=1484737274099&page=1&start=0&limit=25&sort=nomeusuario&dir=desc","ip":"::1","http_method":"OPTIONS","server":"localhost","referrer":"http://localhost:8081/","uid":"63a1365"}
[2017-01-18 12:01:14] INFO > #200: (/usuarios) - [] - {"url":"/usuarios?_dc=1484737274099&page=1&start=0&limit=25&sort=nomeusuario&dir=desc","ip":"::1","http_method":"GET","server":"localhost","referrer":"http://localhost:8081/","uid":"4ef4fec"}
[2017-01-18 13:26:06] INFO > #200: (/usuarios) - [] - {"url":"/usuarios?_dc=1484742366886&page=1&start=0&limit=25&sort=nomeusuario&dir=desc","ip":"::1","http_method":"OPTIONS","server":"localhost","referrer":"http://localhost:8081/","uid":"1748afe"}
[2017-01-18 13:26:06] INFO > #200: (/usuarios) - [] - {"url":"/usuarios?_dc=1484742366886&page=1&start=0&limit=25&sort=nomeusuario&dir=desc","ip":"::1","http_method":"GET","server":"localhost","referrer":"http://localhost:8081/","uid":"84c78ff"}
[2017-01-18 16:13:34] INFO > #200: (/usuarios) - [] - {"url":"/usuarios?_dc=1484752414153&page=1&start=0&limit=25&sort=nomeusuario&dir=desc","ip":"::1","http_method":"OPTIONS","server":"localhost","referrer":"http://localhost:8081/","uid":"8735e36"}
[2017-01-18 16:13:34] INFO > #200: (/usuarios) - [] - {"url":"/usuarios?_dc=1484752414153&page=1&start=0&limit=25&sort=nomeusuario&dir=desc","ip":"::1","http_method":"GET","server":"localhost","referrer":"http://localhost:8081/","uid":"96b0662"}
[2017-01-18 16:16:39] INFO > #200: (/usuarios) - [] - {"url":"/usuarios?_dc=1484752599369&page=1&start=0&limit=25&sort=nomeusuario&dir=desc","ip":"::1","http_method":"OPTIONS","server":"localhost","referrer":"http://localhost:8081/","uid":"264a246"}
[2017-01-18 16:16:39] INFO > #200: (/usuarios) - [] - {"url":"/usuarios?_dc=1484752599369&page=1&start=0&limit=25&sort=nomeusuario&dir=desc","ip":"::1","http_method":"GET","server":"localhost","referrer":"http://localhost:8081/","uid":"2fd5510"}
[2017-01-18 16:16:41] INFO > #200: (/usuarios) - [] - {"url":"/usuarios?_dc=1484752600979&page=1&start=0&limit=25&sort=nomeusuario&dir=desc","ip":"::1","http_method":"OPTIONS","server":"localhost","referrer":"http://localhost:8081/","uid":"09554b3"}
[2017-01-18 16:16:41] INFO > #200: (/usuarios) - [] - {"url":"/usuarios?_dc=1484752600979&page=1&start=0&limit=25&sort=nomeusuario&dir=desc","ip":"::1","http_method":"GET","server":"localhost","referrer":"http://localhost:8081/","uid":"02c7af8"}
[2017-01-18 16:16:41] INFO > #200: (/usuarios) - [] - {"url":"/usuarios?_dc=1484752601671&page=1&start=0&limit=25&sort=nomeusuario&dir=desc","ip":"::1","http_method":"OPTIONS","server":"localhost","referrer":"http://localhost:8081/","uid":"01a42dc"}
[2017-01-18 16:16:41] INFO > #200: (/usuarios) - [] - {"url":"/usuarios?_dc=1484752601671&page=1&start=0&limit=25&sort=nomeusuario&dir=desc","ip":"::1","http_method":"GET","server":"localhost","referrer":"http://localhost:8081/","uid":"dc05e62"}
[2017-01-18 16:20:26] INFO > #200: (/programadores) - [] - {"url":"/programadores?_dc=1484752826802&page=1&start=0&limit=25&sort=nomeprogramador&dir=desc","ip":"::1","http_method":"OPTIONS","server":"localhost","referrer":"http://localhost:8081/","uid":"f376b31"}
[2017-01-18 16:20:26] INFO > #200: (/programadores) - [] - {"url":"/programadores?_dc=1484752826802&page=1&start=0&limit=25&sort=nomeprogramador&dir=desc","ip":"::1","http_method":"GET","server":"localhost","referrer":"http://localhost:8081/","uid":"d9035de"}
[2017-01-18 16:20:39] INFO > #200: (/programadores/peteno) - [] - {"url":"/programadores/peteno","ip":"::1","http_method":"OPTIONS","server":"localhost","referrer":"http://localhost:8081/","uid":"46a42e4"}
[2017-01-18 16:20:39] INFO > #200: (/programadores/peteno) - [] - {"url":"/programadores/peteno","ip":"::1","http_method":"GET","server":"localhost","referrer":"http://localhost:8081/","uid":"602553c"}
[2017-01-18 16:20:51] INFO > #200: (/programadores) - [] - {"url":"/programadores","ip":"::1","http_method":"OPTIONS","server":"localhost","referrer":"http://localhost:8081/","uid":"3677646"}
[2017-01-18 16:20:51] INFO > #200: (/programadores) - [] - {"url":"/programadores","ip":"::1","http_method":"GET","server":"localhost","referrer":"http://localhost:8081/","uid":"c19846f"}
[2017-01-18 16:30:16] INFO > #200: (/usuarios) - [] - {"url":"/usuarios?_dc=1484753416642&page=1&start=0&limit=25&sort=nomeusuario&dir=desc","ip":"::1","http_method":"OPTIONS","server":"localhost","referrer":"http://localhost:8081/","uid":"40bdd24"}
[2017-01-18 16:30:16] INFO > #200: (/usuarios) - [] - {"url":"/usuarios?_dc=1484753416642&page=1&start=0&limit=25&sort=nomeusuario&dir=desc","ip":"::1","http_method":"GET","server":"localhost","referrer":"http://localhost:8081/","uid":"b0af928"}
[2017-01-18 16:39:32] INFO > #200: (/usuarios) - [] - {"url":"/usuarios?_dc=1484753972437&page=1&start=0&limit=25&sort=nomeusuario&dir=desc","ip":"::1","http_method":"OPTIONS","server":"localhost","referrer":"http://localhost:8081/","uid":"c8618e7"}
[2017-01-18 16:39:32] INFO > #200: (/usuarios) - [] - {"url":"/usuarios?_dc=1484753972437&page=1&start=0&limit=25&sort=nomeusuario&dir=desc","ip":"::1","http_method":"GET","server":"localhost","referrer":"http://localhost:8081/","uid":"a6b6867"}
[2017-01-18 16:41:26] INFO > #200: (/usuarios) - [] - {"url":"/usuarios?_dc=1484754085994&page=1&start=0&limit=25&sort=nomeusuario&dir=desc","ip":"::1","http_method":"OPTIONS","server":"localhost","referrer":"http://localhost:8081/","uid":"ca1a7e9"}
[2017-01-18 16:41:26] INFO > #200: (/usuarios) - [] - {"url":"/usuarios?_dc=1484754085994&page=1&start=0&limit=25&sort=nomeusuario&dir=desc","ip":"::1","http_method":"GET","server":"localhost","referrer":"http://localhost:8081/","uid":"24acced"}
[2017-01-18 16:42:19] INFO > #200: (/usuarios) - [] - {"url":"/usuarios?_dc=1484754139212&page=1&start=0&limit=25&sort=nomeusuario&dir=desc","ip":"::1","http_method":"OPTIONS","server":"localhost","referrer":"http://localhost:8081/","uid":"d3b6d5f"}
[2017-01-18 16:42:19] INFO > #200: (/usuarios) - [] - {"url":"/usuarios?_dc=1484754139212&page=1&start=0&limit=25&sort=nomeusuario&dir=desc","ip":"::1","http_method":"GET","server":"localhost","referrer":"http://localhost:8081/","uid":"77d999c"}
[2017-01-18 16:44:22] INFO > #200: (/usuarios) - [] - {"url":"/usuarios?_dc=1484754262616&page=1&start=0&limit=25&sort=nomeusuario&dir=desc","ip":"::1","http_method":"OPTIONS","server":"localhost","referrer":"http://localhost:8081/","uid":"b237db4"}
[2017-01-18 16:44:22] INFO > #200: (/usuarios) - [] - {"url":"/usuarios?_dc=1484754262616&page=1&start=0&limit=25&sort=nomeusuario&dir=desc","ip":"::1","http_method":"GET","server":"localhost","referrer":"http://localhost:8081/","uid":"95f7256"}
[2017-01-18 17:07:05] INFO > #200: (/usuarios) - [] - {"url":"/usuarios?_dc=1484755625597&page=1&start=0&limit=25&sort=nomeusuario&dir=desc","ip":"::1","http_method":"OPTIONS","server":"localhost","referrer":"http://localhost:8081/","uid":"0b17c78"}
[2017-01-18 17:07:05] INFO > #200: (/usuarios) - [] - {"url":"/usuarios?_dc=1484755625597&page=1&start=0&limit=25&sort=nomeusuario&dir=desc","ip":"::1","http_method":"GET","server":"localhost","referrer":"http://localhost:8081/","uid":"bac483b"}
[2017-01-18 17:10:34] INFO > #200: (/usuarios) - [] - {"url":"/usuarios?_dc=1484755834132&page=1&start=0&limit=25&sort=nomeusuario&dir=desc","ip":"::1","http_method":"OPTIONS","server":"localhost","referrer":"http://localhost:8081/","uid":"9eada88"}
[2017-01-18 17:10:34] INFO > #200: (/usuarios) - [] - {"url":"/usuarios?_dc=1484755834132&page=1&start=0&limit=25&sort=nomeusuario&dir=desc","ip":"::1","http_method":"GET","server":"localhost","referrer":"http://localhost:8081/","uid":"c5c4715"}
[2017-01-18 17:11:44] INFO > #200: (/usuarios) - [] - {"url":"/usuarios?_dc=1484755904892&page=1&start=0&limit=25&sort=nomeusuario&dir=desc","ip":"::1","http_method":"OPTIONS","server":"localhost","referrer":"http://localhost:8081/","uid":"fa56b5a"}
[2017-01-18 17:11:44] INFO > #200: (/usuarios) - [] - {"url":"/usuarios?_dc=1484755904892&page=1&start=0&limit=25&sort=nomeusuario&dir=desc","ip":"::1","http_method":"GET","server":"localhost","referrer":"http://localhost:8081/","uid":"e9e5c9f"}
[2017-01-18 17:13:59] INFO > #200: (/usuarios) - [] - {"url":"/usuarios?_dc=1484756039954&page=1&start=0&limit=25&sort=nomeusuario&dir=desc","ip":"::1","http_method":"OPTIONS","server":"localhost","referrer":"http://localhost:8081/","uid":"569dcbe"}
[2017-01-18 17:14:00] INFO > #200: (/usuarios) - [] - {"url":"/usuarios?_dc=1484756039954&page=1&start=0&limit=25&sort=nomeusuario&dir=desc","ip":"::1","http_method":"GET","server":"localhost","referrer":"http://localhost:8081/","uid":"1c9380e"}
[2017-01-18 17:15:14] INFO > #200: (/usuarios) - [] - {"url":"/usuarios?_dc=1484756114021&page=1&start=0&limit=25&sort=nomeusuario&dir=desc","ip":"::1","http_method":"OPTIONS","server":"localhost","referrer":"http://localhost:8081/","uid":"300e5f1"}
[2017-01-18 17:15:14] INFO > #200: (/usuarios) - [] - {"url":"/usuarios?_dc=1484756114021&page=1&start=0&limit=25&sort=nomeusuario&dir=desc","ip":"::1","http_method":"GET","server":"localhost","referrer":"http://localhost:8081/","uid":"b0facd6"}
[2017-01-18 17:16:31] INFO > #200: (/usuarios) - [] - {"url":"/usuarios?_dc=1484756191365&page=1&start=0&limit=25&sort=nomeusuario&dir=desc","ip":"::1","http_method":"OPTIONS","server":"localhost","referrer":"http://localhost:8081/","uid":"b02f252"}
[2017-01-18 17:16:31] INFO > #200: (/usuarios) - [] - {"url":"/usuarios?_dc=1484756191365&page=1&start=0&limit=25&sort=nomeusuario&dir=desc","ip":"::1","http_method":"GET","server":"localhost","referrer":"http://localhost:8081/","uid":"e89903e"}
[2017-01-18 17:17:58] INFO > #200: (/usuarios) - [] - {"url":"/usuarios?_dc=1484756278178&page=1&start=0&limit=25&sort=nomeusuario&dir=desc","ip":"::1","http_method":"OPTIONS","server":"localhost","referrer":"http://localhost:8081/","uid":"9bbebd1"}
[2017-01-18 17:17:58] INFO > #200: (/usuarios) - [] - {"url":"/usuarios?_dc=1484756278178&page=1&start=0&limit=25&sort=nomeusuario&dir=desc","ip":"::1","http_method":"GET","server":"localhost","referrer":"http://localhost:8081/","uid":"5abd9ba"}
[2017-01-18 17:18:58] INFO > #200: (/usuarios) - [] - {"url":"/usuarios?_dc=1484756337971&page=1&start=0&limit=25&sort=nomeusuario&dir=desc","ip":"::1","http_method":"OPTIONS","server":"localhost","referrer":"http://localhost:8081/","uid":"3ce06e5"}
[2017-01-18 17:18:58] INFO > #200: (/usuarios) - [] - {"url":"/usuarios?_dc=1484756337971&page=1&start=0&limit=25&sort=nomeusuario&dir=desc","ip":"::1","http_method":"GET","server":"localhost","referrer":"http://localhost:8081/","uid":"e414245"}
[2017-01-18 17:19:59] INFO > #200: (/usuarios) - [] - {"url":"/usuarios?_dc=1484756399339&page=1&start=0&limit=25&sort=nomeusuario&dir=desc","ip":"::1","http_method":"OPTIONS","server":"localhost","referrer":"http://localhost:8081/","uid":"ef7a9e7"}
[2017-01-18 17:19:59] INFO > #200: (/usuarios) - [] - {"url":"/usuarios?_dc=1484756399339&page=1&start=0&limit=25&sort=nomeusuario&dir=desc","ip":"::1","http_method":"GET","server":"localhost","referrer":"http://localhost:8081/","uid":"c0463c8"}
[2017-01-18 17:20:25] INFO > #200: (/usuarios) - [] - {"url":"/usuarios?_dc=1484756425788&page=1&start=0&limit=25&sort=nomeusuario&dir=desc","ip":"::1","http_method":"OPTIONS","server":"localhost","referrer":"http://localhost:8081/","uid":"cbb9e87"}
[2017-01-18 17:20:25] INFO > #200: (/usuarios) - [] - {"url":"/usuarios?_dc=1484756425788&page=1&start=0&limit=25&sort=nomeusuario&dir=desc","ip":"::1","http_method":"GET","server":"localhost","referrer":"http://localhost:8081/","uid":"d73b0f3"}
[2017-01-18 17:26:09] INFO > #200: (/usuarios) - [] - {"url":"/usuarios?_dc=1484756769294&page=1&start=0&limit=25&sort=nomeusuario&dir=desc","ip":"::1","http_method":"OPTIONS","server":"localhost","referrer":"http://localhost:8081/","uid":"bbc49d4"}
[2017-01-18 17:26:09] INFO > #200: (/usuarios) - [] - {"url":"/usuarios?_dc=1484756769294&page=1&start=0&limit=25&sort=nomeusuario&dir=desc","ip":"::1","http_method":"GET","server":"localhost","referrer":"http://localhost:8081/","uid":"ad1a6bd"}
[2017-01-18 17:29:41] INFO > #200: (/usuarios) - [] - {"url":"/usuarios?_dc=1484756980993&page=1&start=0&limit=25&sort=nomeusuario&dir=desc","ip":"::1","http_method":"OPTIONS","server":"localhost","referrer":"http://localhost:8081/","uid":"6b4ee69"}
[2017-01-18 17:29:41] INFO > #200: (/usuarios) - [] - {"url":"/usuarios?_dc=1484756980993&page=1&start=0&limit=25&sort=nomeusuario&dir=desc","ip":"::1","http_method":"GET","server":"localhost","referrer":"http://localhost:8081/","uid":"3d8d6af"}
[2017-01-18 17:30:23] INFO > #200: (/usuarios) - [] - {"url":"/usuarios?_dc=1484757023197&page=1&start=0&limit=25&sort=nomeusuario&dir=desc","ip":"::1","http_method":"OPTIONS","server":"localhost","referrer":"http://localhost:8081/","uid":"7321cbe"}
[2017-01-18 17:30:23] INFO > #200: (/usuarios) - [] - {"url":"/usuarios?_dc=1484757023197&page=1&start=0&limit=25&sort=nomeusuario&dir=desc","ip":"::1","http_method":"GET","server":"localhost","referrer":"http://localhost:8081/","uid":"5d4e584"}
[2017-01-18 17:30:51] INFO > #200: (/usuarios) - [] - {"url":"/usuarios?_dc=1484757051129&page=1&start=0&limit=25&sort=nomeusuario&dir=desc","ip":"::1","http_method":"OPTIONS","server":"localhost","referrer":"http://localhost:8081/","uid":"07d0c72"}
[2017-01-18 17:30:51] INFO > #200: (/usuarios) - [] - {"url":"/usuarios?_dc=1484757051129&page=1&start=0&limit=25&sort=nomeusuario&dir=desc","ip":"::1","http_method":"GET","server":"localhost","referrer":"http://localhost:8081/","uid":"ecfff59"}
[2017-01-18 17:31:39] INFO > #200: (/usuarios) - [] - {"url":"/usuarios?_dc=1484757099180&page=1&start=0&limit=25&sort=nomeusuario&dir=desc","ip":"::1","http_method":"OPTIONS","server":"localhost","referrer":"http://localhost:8081/","uid":"46c0a11"}
[2017-01-18 17:31:39] INFO > #200: (/usuarios) - [] - {"url":"/usuarios?_dc=1484757099180&page=1&start=0&limit=25&sort=nomeusuario&dir=desc","ip":"::1","http_method":"GET","server":"localhost","referrer":"http://localhost:8081/","uid":"83ff10b"}
[2017-01-18 17:32:03] INFO > #200: (/usuarios) - [] - {"url":"/usuarios?_dc=1484757123613&page=1&start=0&limit=25&sort=nomeusuario&dir=desc","ip":"::1","http_method":"OPTIONS","server":"localhost","referrer":"http://localhost:8081/","uid":"2162e31"}
[2017-01-18 17:32:03] INFO > #200: (/usuarios) - [] - {"url":"/usuarios?_dc=1484757123613&page=1&start=0&limit=25&sort=nomeusuario&dir=desc","ip":"::1","http_method":"GET","server":"localhost","referrer":"http://localhost:8081/","uid":"71144b6"}
[2017-01-18 17:32:37] INFO > #200: (/usuarios) - [] - {"url":"/usuarios?_dc=1484757157019&page=1&start=0&limit=25&sort=nomeusuario&dir=desc","ip":"::1","http_method":"OPTIONS","server":"localhost","referrer":"http://localhost:8081/","uid":"363e58e"}
[2017-01-18 17:32:37] INFO > #200: (/usuarios) - [] - {"url":"/usuarios?_dc=1484757157019&page=1&start=0&limit=25&sort=nomeusuario&dir=desc","ip":"::1","http_method":"GET","server":"localhost","referrer":"http://localhost:8081/","uid":"292f6a5"}
[2017-01-18 17:33:24] INFO > #200: (/usuarios) - [] - {"url":"/usuarios?_dc=1484757204084&page=1&start=0&limit=25&sort=nomeusuario&dir=desc","ip":"::1","http_method":"OPTIONS","server":"localhost","referrer":"http://localhost:8081/","uid":"949736d"}
[2017-01-18 17:33:24] INFO > #200: (/usuarios) - [] - {"url":"/usuarios?_dc=1484757204084&page=1&start=0&limit=25&sort=nomeusuario&dir=desc","ip":"::1","http_method":"GET","server":"localhost","referrer":"http://localhost:8081/","uid":"63f6205"}
[2017-01-18 17:34:59] INFO > #200: (/usuarios) - [] - {"url":"/usuarios?_dc=1484757299544&page=1&start=0&limit=25&sort=nomeusuario&dir=desc","ip":"::1","http_method":"OPTIONS","server":"localhost","referrer":"http://localhost:8081/","uid":"47e11de"}
[2017-01-18 17:34:59] INFO > #200: (/usuarios) - [] - {"url":"/usuarios?_dc=1484757299544&page=1&start=0&limit=25&sort=nomeusuario&dir=desc","ip":"::1","http_method":"GET","server":"localhost","referrer":"http://localhost:8081/","uid":"ce74755"}
[2017-01-18 17:35:55] INFO > #200: (/usuarios) - [] - {"url":"/usuarios?_dc=1484757355577&page=1&start=0&limit=25&sort=nomeusuario&dir=desc","ip":"::1","http_method":"OPTIONS","server":"localhost","referrer":"http://localhost:8081/","uid":"276b294"}
[2017-01-18 17:35:55] INFO > #200: (/usuarios) - [] - {"url":"/usuarios?_dc=1484757355577&page=1&start=0&limit=25&sort=nomeusuario&dir=desc","ip":"::1","http_method":"GET","server":"localhost","referrer":"http://localhost:8081/","uid":"fad9fa1"}
[2017-01-18 17:36:14] INFO > #200: (/usuarios) - [] - {"url":"/usuarios?_dc=1484757374306&page=1&start=0&limit=25&sort=nomeusuario&dir=desc","ip":"::1","http_method":"OPTIONS","server":"localhost","referrer":"http://localhost:8081/","uid":"ba316c5"}
[2017-01-18 17:36:14] INFO > #200: (/usuarios) - [] - {"url":"/usuarios?_dc=1484757374306&page=1&start=0&limit=25&sort=nomeusuario&dir=desc","ip":"::1","http_method":"GET","server":"localhost","referrer":"http://localhost:8081/","uid":"a7c6f7d"}
[2017-01-18 17:36:36] INFO > #200: (/usuarios) - [] - {"url":"/usuarios?_dc=1484757396155&page=1&start=0&limit=25&sort=nomeusuario&dir=desc","ip":"::1","http_method":"OPTIONS","server":"localhost","referrer":"http://localhost:8081/","uid":"ee8be0f"}
[2017-01-18 17:36:36] INFO > #200: (/usuarios) - [] - {"url":"/usuarios?_dc=1484757396155&page=1&start=0&limit=25&sort=nomeusuario&dir=desc","ip":"::1","http_method":"GET","server":"localhost","referrer":"http://localhost:8081/","uid":"d8f5525"}
[2017-01-18 17:37:57] INFO > #200: (/usuarios) - [] - {"url":"/usuarios?_dc=1484757477017&page=1&start=0&limit=25&sort=nomeusuario&dir=desc","ip":"::1","http_method":"OPTIONS","server":"localhost","referrer":"http://localhost:8081/","uid":"56fe156"}
[2017-01-18 17:37:57] INFO > #200: (/usuarios) - [] - {"url":"/usuarios?_dc=1484757477017&page=1&start=0&limit=25&sort=nomeusuario&dir=desc","ip":"::1","http_method":"GET","server":"localhost","referrer":"http://localhost:8081/","uid":"395b23d"}
[2017-01-18 17:43:33] INFO > #200: (/usuarios) - [] - {"url":"/usuarios?_dc=1484757813786&page=1&start=0&limit=25&sort=nomeusuario&dir=desc","ip":"::1","http_method":"OPTIONS","server":"localhost","referrer":"http://localhost:8081/","uid":"c043c61"}
[2017-01-18 17:43:33] INFO > #200: (/usuarios) - [] - {"url":"/usuarios?_dc=1484757813786&page=1&start=0&limit=25&sort=nomeusuario&dir=desc","ip":"::1","http_method":"GET","server":"localhost","referrer":"http://localhost:8081/","uid":"e414804"}
[2017-01-18 17:43:55] INFO > #200: (/usuarios) - [] - {"url":"/usuarios?_dc=1484757835945&page=1&start=0&limit=25&sort=nomeusuario&dir=desc","ip":"::1","http_method":"OPTIONS","server":"localhost","referrer":"http://localhost:8081/","uid":"d67889b"}
[2017-01-18 17:43:56] INFO > #200: (/usuarios) - [] - {"url":"/usuarios?_dc=1484757835945&page=1&start=0&limit=25&sort=nomeusuario&dir=desc","ip":"::1","http_method":"GET","server":"localhost","referrer":"http://localhost:8081/","uid":"7318ff0"}
[2017-01-18 17:44:07] INFO > #200: (/usuarios) - [] - {"url":"/usuarios?_dc=1484757847785&page=1&start=0&limit=25&sort=nomeusuario&dir=desc","ip":"::1","http_method":"OPTIONS","server":"localhost","referrer":"http://localhost:8081/","uid":"0968f64"}
[2017-01-18 17:44:07] INFO > #200: (/usuarios) - [] - {"url":"/usuarios?_dc=1484757847785&page=1&start=0&limit=25&sort=nomeusuario&dir=desc","ip":"::1","http_method":"GET","server":"localhost","referrer":"http://localhost:8081/","uid":"a0bd16a"}
[2017-01-18 17:44:46] INFO > #200: (/usuarios) - [] - {"url":"/usuarios?_dc=1484757886918&page=1&start=0&limit=25&sort=nomeusuario&dir=desc","ip":"::1","http_method":"OPTIONS","server":"localhost","referrer":"http://localhost:8081/","uid":"7ddcbb9"}
[2017-01-18 17:44:47] INFO > #200: (/usuarios) - [] - {"url":"/usuarios?_dc=1484757886918&page=1&start=0&limit=25&sort=nomeusuario&dir=desc","ip":"::1","http_method":"GET","server":"localhost","referrer":"http://localhost:8081/","uid":"d46263b"}
[2017-01-18 17:45:23] INFO > #200: (/usuarios) - [] - {"url":"/usuarios?_dc=1484757923049&page=1&start=0&limit=25&sort=nomeusuario&dir=desc","ip":"::1","http_method":"OPTIONS","server":"localhost","referrer":"http://localhost:8081/","uid":"3ad46c8"}
[2017-01-18 17:45:23] INFO > #200: (/usuarios) - [] - {"url":"/usuarios?_dc=1484757923049&page=1&start=0&limit=25&sort=nomeusuario&dir=desc","ip":"::1","http_method":"GET","server":"localhost","referrer":"http://localhost:8081/","uid":"c3e35af"}
[2017-01-18 17:45:49] INFO > #200: (/usuarios) - [] - {"url":"/usuarios?_dc=1484757949793&page=1&start=0&limit=25&sort=nomeusuario&dir=desc","ip":"::1","http_method":"OPTIONS","server":"localhost","referrer":"http://localhost:8081/","uid":"2941d0e"}
[2017-01-18 17:45:49] INFO > #200: (/usuarios) - [] - {"url":"/usuarios?_dc=1484757949793&page=1&start=0&limit=25&sort=nomeusuario&dir=desc","ip":"::1","http_method":"GET","server":"localhost","referrer":"http://localhost:8081/","uid":"8807d77"}
[2017-01-18 17:46:38] INFO > #200: (/usuarios) - [] - {"url":"/usuarios?_dc=1484757998832&page=1&start=0&limit=25&sort=nomeusuario&dir=desc","ip":"::1","http_method":"OPTIONS","server":"localhost","referrer":"http://localhost:8081/","uid":"0d21bf5"}
[2017-01-18 17:46:38] INFO > #200: (/usuarios) - [] - {"url":"/usuarios?_dc=1484757998832&page=1&start=0&limit=25&sort=nomeusuario&dir=desc","ip":"::1","http_method":"GET","server":"localhost","referrer":"http://localhost:8081/","uid":"44f8d91"}
[2017-01-18 17:46:54] INFO > #200: (/usuarios) - [] - {"url":"/usuarios?_dc=1484758014750&page=1&start=0&limit=25&sort=nomeusuario&dir=desc","ip":"::1","http_method":"OPTIONS","server":"localhost","referrer":"http://localhost:8081/","uid":"b327397"}
[2017-01-18 17:46:54] INFO > #200: (/usuarios) - [] - {"url":"/usuarios?_dc=1484758014750&page=1&start=0&limit=25&sort=nomeusuario&dir=desc","ip":"::1","http_method":"GET","server":"localhost","referrer":"http://localhost:8081/","uid":"94253b5"}
[2017-01-18 17:47:23] INFO > #200: (/usuarios) - [] - {"url":"/usuarios?_dc=1484758043720&page=1&start=0&limit=25&sort=nomeusuario&dir=desc","ip":"::1","http_method":"OPTIONS","server":"localhost","referrer":"http://localhost:8081/","uid":"1b46428"}
[2017-01-18 17:47:23] INFO > #200: (/usuarios) - [] - {"url":"/usuarios?_dc=1484758043720&page=1&start=0&limit=25&sort=nomeusuario&dir=desc","ip":"::1","http_method":"GET","server":"localhost","referrer":"http://localhost:8081/","uid":"bee146b"}
[2017-01-18 17:47:56] INFO > #200: (/usuarios) - [] - {"url":"/usuarios?_dc=1484758076260&page=1&start=0&limit=25&sort=nomeusuario&dir=desc","ip":"::1","http_method":"OPTIONS","server":"localhost","referrer":"http://localhost:8081/","uid":"147e3e6"}
[2017-01-18 17:47:56] INFO > #200: (/usuarios) - [] - {"url":"/usuarios?_dc=1484758076260&page=1&start=0&limit=25&sort=nomeusuario&dir=desc","ip":"::1","http_method":"GET","server":"localhost","referrer":"http://localhost:8081/","uid":"bb23dec"}
[2017-01-18 17:49:53] INFO > #200: (/usuarios) - [] - {"url":"/usuarios?_dc=1484758193030&page=1&start=0&limit=25&sort=nomeusuario&dir=desc","ip":"::1","http_method":"OPTIONS","server":"localhost","referrer":"http://localhost:8081/","uid":"d4a4d44"}
[2017-01-18 17:49:53] INFO > #200: (/usuarios) - [] - {"url":"/usuarios?_dc=1484758193030&page=1&start=0&limit=25&sort=nomeusuario&dir=desc","ip":"::1","http_method":"GET","server":"localhost","referrer":"http://localhost:8081/","uid":"7e1fe84"}
[2017-01-18 17:50:40] INFO > #200: (/usuarios) - [] - {"url":"/usuarios?_dc=1484758240778&page=1&start=0&limit=25&sort=nomeusuario&dir=desc","ip":"::1","http_method":"OPTIONS","server":"localhost","referrer":"http://localhost:8081/","uid":"5a0df6c"}
[2017-01-18 17:50:40] INFO > #200: (/usuarios) - [] - {"url":"/usuarios?_dc=1484758240778&page=1&start=0&limit=25&sort=nomeusuario&dir=desc","ip":"::1","http_method":"GET","server":"localhost","referrer":"http://localhost:8081/","uid":"10d31c5"}
[2017-01-18 17:53:11] INFO > #200: (/usuarios) - [] - {"url":"/usuarios?_dc=1484758391641&page=1&start=0&limit=25&sort=nomeusuario&dir=desc","ip":"::1","http_method":"OPTIONS","server":"localhost","referrer":"http://localhost:8081/","uid":"6f7f201"}
[2017-01-18 17:53:11] INFO > #200: (/usuarios) - [] - {"url":"/usuarios?_dc=1484758391641&page=1&start=0&limit=25&sort=nomeusuario&dir=desc","ip":"::1","http_method":"GET","server":"localhost","referrer":"http://localhost:8081/","uid":"bcb1dab"}
[2017-01-18 17:53:46] INFO > #200: (/usuarios) - [] - {"url":"/usuarios?_dc=1484758426810&page=1&start=0&limit=25&sort=nomeusuario&dir=desc","ip":"::1","http_method":"OPTIONS","server":"localhost","referrer":"http://localhost:8081/","uid":"1f4e6e6"}
[2017-01-18 17:53:46] INFO > #200: (/usuarios) - [] - {"url":"/usuarios?_dc=1484758426810&page=1&start=0&limit=25&sort=nomeusuario&dir=desc","ip":"::1","http_method":"GET","server":"localhost","referrer":"http://localhost:8081/","uid":"94acc5c"}
[2017-01-18 17:53:57] INFO > #200: (/usuarios) - [] - {"url":"/usuarios?_dc=1484758437892&page=1&start=0&limit=25&sort=nomeusuario&dir=desc","ip":"::1","http_method":"OPTIONS","server":"localhost","referrer":"http://localhost:8081/","uid":"b53500e"}
[2017-01-18 17:53:58] INFO > #200: (/usuarios) - [] - {"url":"/usuarios?_dc=1484758437892&page=1&start=0&limit=25&sort=nomeusuario&dir=desc","ip":"::1","http_method":"GET","server":"localhost","referrer":"http://localhost:8081/","uid":"dd98b1c"}
[2017-01-18 17:54:24] INFO > #200: (/usuarios) - [] - {"url":"/usuarios?_dc=1484758464358&page=1&start=0&limit=25&sort=nomeusuario&dir=desc","ip":"::1","http_method":"OPTIONS","server":"localhost","referrer":"http://localhost:8081/","uid":"9a7b83b"}
[2017-01-18 17:54:24] INFO > #200: (/usuarios) - [] - {"url":"/usuarios?_dc=1484758464358&page=1&start=0&limit=25&sort=nomeusuario&dir=desc","ip":"::1","http_method":"GET","server":"localhost","referrer":"http://localhost:8081/","uid":"c909e19"}
[2017-01-18 17:54:44] INFO > #200: (/usuarios) - [] - {"url":"/usuarios?_dc=1484758484614&page=1&start=0&limit=25&sort=nomeusuario&dir=desc","ip":"::1","http_method":"OPTIONS","server":"localhost","referrer":"http://localhost:8081/","uid":"8f26fb7"}
[2017-01-18 17:54:44] INFO > #200: (/usuarios) - [] - {"url":"/usuarios?_dc=1484758484614&page=1&start=0&limit=25&sort=nomeusuario&dir=desc","ip":"::1","http_method":"GET","server":"localhost","referrer":"http://localhost:8081/","uid":"622f517"}
[2017-01-18 17:54:58] INFO > #200: (/usuarios) - [] - {"url":"/usuarios?_dc=1484758498744&page=1&start=0&limit=25&sort=nomeusuario&dir=desc","ip":"::1","http_method":"OPTIONS","server":"localhost","referrer":"http://localhost:8081/","uid":"e17d73f"}
[2017-01-18 17:54:58] INFO > #200: (/usuarios) - [] - {"url":"/usuarios?_dc=1484758498744&page=1&start=0&limit=25&sort=nomeusuario&dir=desc","ip":"::1","http_method":"GET","server":"localhost","referrer":"http://localhost:8081/","uid":"bb4ff6c"}
[2017-01-18 17:55:30] INFO > #200: (/usuarios) - [] - {"url":"/usuarios?_dc=1484758530595&page=1&start=0&limit=25&sort=nomeusuario&dir=desc","ip":"::1","http_method":"OPTIONS","server":"localhost","referrer":"http://localhost:8081/","uid":"bed1cf9"}
[2017-01-18 17:55:30] INFO > #200: (/usuarios) - [] - {"url":"/usuarios?_dc=1484758530595&page=1&start=0&limit=25&sort=nomeusuario&dir=desc","ip":"::1","http_method":"GET","server":"localhost","referrer":"http://localhost:8081/","uid":"3500db7"}
[2017-01-18 17:55:54] INFO > #200: (/usuarios) - [] - {"url":"/usuarios?_dc=1484758554752&page=1&start=0&limit=25&sort=nomeusuario&dir=desc","ip":"::1","http_method":"OPTIONS","server":"localhost","referrer":"http://localhost:8081/","uid":"9c2d632"}
[2017-01-18 17:55:54] INFO > #200: (/usuarios) - [] - {"url":"/usuarios?_dc=1484758554752&page=1&start=0&limit=25&sort=nomeusuario&dir=desc","ip":"::1","http_method":"GET","server":"localhost","referrer":"http://localhost:8081/","uid":"c399167"}
[2017-01-18 17:59:30] INFO > #200: (/usuarios) - [] - {"url":"/usuarios?_dc=1484758770209&page=1&start=0&limit=25&sort=nomeusuario&dir=desc","ip":"::1","http_method":"OPTIONS","server":"localhost","referrer":"http://localhost:8081/","uid":"68ca3f9"}
[2017-01-18 17:59:30] INFO > #200: (/usuarios) - [] - {"url":"/usuarios?_dc=1484758770209&page=1&start=0&limit=25&sort=nomeusuario&dir=desc","ip":"::1","http_method":"GET","server":"localhost","referrer":"http://localhost:8081/","uid":"37e531e"}
[2017-01-18 18:01:45] INFO > #200: (/usuarios) - [] - {"url":"/usuarios?_dc=1484758905176&page=1&start=0&limit=25&sort=nomeusuario&dir=desc","ip":"::1","http_method":"OPTIONS","server":"localhost","referrer":"http://localhost:8081/","uid":"eaa1629"}
[2017-01-18 18:01:45] INFO > #200: (/usuarios) - [] - {"url":"/usuarios?_dc=1484758905176&page=1&start=0&limit=25&sort=nomeusuario&dir=desc","ip":"::1","http_method":"GET","server":"localhost","referrer":"http://localhost:8081/","uid":"b3994a4"}
[2017-01-18 18:14:18] INFO > #200: (/usuarios) - [] - {"url":"/usuarios?_dc=1484759658281&page=1&start=0&limit=25&sort=nomeusuario&dir=desc","ip":"::1","http_method":"OPTIONS","server":"localhost","referrer":"http://localhost:8081/","uid":"1e1ee4f"}
[2017-01-18 18:14:18] INFO > #200: (/usuarios) - [] - {"url":"/usuarios?_dc=1484759658281&page=1&start=0&limit=25&sort=nomeusuario&dir=desc","ip":"::1","http_method":"GET","server":"localhost","referrer":"http://localhost:8081/","uid":"0126141"}
[2017-01-18 18:14:56] INFO > #200: (/usuarios) - [] - {"url":"/usuarios?_dc=1484759696233&page=1&start=0&limit=25&sort=nomeusuario&dir=desc","ip":"::1","http_method":"OPTIONS","server":"localhost","referrer":"http://localhost:8081/","uid":"f788bfa"}
[2017-01-18 18:14:56] INFO > #200: (/usuarios) - [] - {"url":"/usuarios?_dc=1484759696233&page=1&start=0&limit=25&sort=nomeusuario&dir=desc","ip":"::1","http_method":"GET","server":"localhost","referrer":"http://localhost:8081/","uid":"6607bf2"}
[2017-01-18 18:14:57] INFO > #200: (/usuarios) - [] - {"url":"/usuarios?_dc=1484759697248&page=1&start=0&limit=25&sort=nomeusuario&dir=desc","ip":"::1","http_method":"OPTIONS","server":"localhost","referrer":"http://localhost:8081/","uid":"fa650f8"}
[2017-01-18 18:14:57] INFO > #200: (/usuarios) - [] - {"url":"/usuarios?_dc=1484759697248&page=1&start=0&limit=25&sort=nomeusuario&dir=desc","ip":"::1","http_method":"GET","server":"localhost","referrer":"http://localhost:8081/","uid":"f8c6ec1"}
[2017-01-18 18:14:58] INFO > #200: (/usuarios) - [] - {"url":"/usuarios?_dc=1484759698245&page=1&start=0&limit=25&sort=nomeusuario&dir=desc","ip":"::1","http_method":"OPTIONS","server":"localhost","referrer":"http://localhost:8081/","uid":"f906cb6"}
[2017-01-18 18:14:58] INFO > #200: (/usuarios) - [] - {"url":"/usuarios?_dc=1484759698245&page=1&start=0&limit=25&sort=nomeusuario&dir=desc","ip":"::1","http_method":"GET","server":"localhost","referrer":"http://localhost:8081/","uid":"a951776"}
[2017-01-18 18:15:51] INFO > #200: (/usuarios) - [] - {"url":"/usuarios?_dc=1484759751716&page=1&start=0&limit=25&sort=nomeusuario&dir=desc","ip":"::1","http_method":"OPTIONS","server":"localhost","referrer":"http://localhost:8081/","uid":"68a9a95"}
[2017-01-18 18:15:51] INFO > #200: (/usuarios) - [] - {"url":"/usuarios?_dc=1484759751716&page=1&start=0&limit=25&sort=nomeusuario&dir=desc","ip":"::1","http_method":"GET","server":"localhost","referrer":"http://localhost:8081/","uid":"84ede2e"}
[2017-01-18 18:17:23] INFO > #200: (/usuarios) - [] - {"url":"/usuarios?_dc=1484759842992&page=1&start=0&limit=25&sort=nomeusuario&dir=desc","ip":"::1","http_method":"OPTIONS","server":"localhost","referrer":"http://localhost:8081/","uid":"a9e3282"}
[2017-01-18 18:17:23] INFO > #200: (/usuarios) - [] - {"url":"/usuarios?_dc=1484759842992&page=1&start=0&limit=25&sort=nomeusuario&dir=desc","ip":"::1","http_method":"GET","server":"localhost","referrer":"http://localhost:8081/","uid":"2d2897f"}
[2017-01-18 18:19:10] INFO > #200: (/usuarios) - [] - {"url":"/usuarios?_dc=1484759950295&page=1&start=0&limit=25&sort=nomeusuario&dir=desc","ip":"::1","http_method":"OPTIONS","server":"localhost","referrer":"http://localhost:8081/","uid":"9cf940b"}
[2017-01-18 18:19:10] INFO > #200: (/usuarios) - [] - {"url":"/usuarios?_dc=1484759950295&page=1&start=0&limit=25&sort=nomeusuario&dir=desc","ip":"::1","http_method":"GET","server":"localhost","referrer":"http://localhost:8081/","uid":"ab214cd"}
[2017-01-18 18:19:22] INFO > #200: (/usuarios) - [] - {"url":"/usuarios?_dc=1484759962060&page=1&start=0&limit=25&sort=nomeusuario&dir=desc","ip":"::1","http_method":"OPTIONS","server":"localhost","referrer":"http://localhost:8081/","uid":"6ce7374"}
[2017-01-18 18:19:22] INFO > #200: (/usuarios) - [] - {"url":"/usuarios?_dc=1484759962060&page=1&start=0&limit=25&sort=nomeusuario&dir=desc","ip":"::1","http_method":"GET","server":"localhost","referrer":"http://localhost:8081/","uid":"a79b87a"}
[2017-01-18 18:19:32] INFO > #200: (/usuarios) - [] - {"url":"/usuarios?_dc=1484759972318&page=1&start=0&limit=25&sort=nomeusuario&dir=desc","ip":"::1","http_method":"OPTIONS","server":"localhost","referrer":"http://localhost:8081/","uid":"af94a99"}
[2017-01-18 18:19:32] INFO > #200: (/usuarios) - [] - {"url":"/usuarios?_dc=1484759972318&page=1&start=0&limit=25&sort=nomeusuario&dir=desc","ip":"::1","http_method":"GET","server":"localhost","referrer":"http://localhost:8081/","uid":"3387bf4"}
[2017-01-18 18:19:43] INFO > #200: (/usuarios) - [] - {"url":"/usuarios?_dc=1484759983490&page=1&start=0&limit=25&sort=nomeusuario&dir=desc","ip":"::1","http_method":"OPTIONS","server":"localhost","referrer":"http://localhost:8081/","uid":"3e7f0c8"}
[2017-01-18 18:19:43] INFO > #200: (/usuarios) - [] - {"url":"/usuarios?_dc=1484759983490&page=1&start=0&limit=25&sort=nomeusuario&dir=desc","ip":"::1","http_method":"GET","server":"localhost","referrer":"http://localhost:8081/","uid":"0b210a7"}
[2017-01-18 18:20:02] INFO > #200: (/usuarios) - [] - {"url":"/usuarios?_dc=1484760002154&page=1&start=0&limit=25&sort=nomeusuario&dir=desc","ip":"::1","http_method":"OPTIONS","server":"localhost","referrer":"http://localhost:8081/","uid":"fe05fee"}
[2017-01-18 18:20:02] INFO > #200: (/usuarios) - [] - {"url":"/usuarios?_dc=1484760002154&page=1&start=0&limit=25&sort=nomeusuario&dir=desc","ip":"::1","http_method":"GET","server":"localhost","referrer":"http://localhost:8081/","uid":"a2b3e82"}
[2017-01-18 18:20:15] INFO > #200: (/usuarios) - [] - {"url":"/usuarios?_dc=1484760015524&page=1&start=0&limit=25&sort=nomeusuario&dir=desc","ip":"::1","http_method":"OPTIONS","server":"localhost","referrer":"http://localhost:8081/","uid":"00800ce"}
[2017-01-18 18:20:15] INFO > #200: (/usuarios) - [] - {"url":"/usuarios?_dc=1484760015524&page=1&start=0&limit=25&sort=nomeusuario&dir=desc","ip":"::1","http_method":"GET","server":"localhost","referrer":"http://localhost:8081/","uid":"46f13d5"}
[2017-01-18 18:24:49] INFO > #200: (/usuarios) - [] - {"url":"/usuarios?_dc=1484760289738&page=1&start=0&limit=25&sort=nomeusuario&dir=desc","ip":"::1","http_method":"OPTIONS","server":"localhost","referrer":"http://localhost:8081/","uid":"6b9e2a0"}
[2017-01-18 18:24:49] INFO > #200: (/usuarios) - [] - {"url":"/usuarios?_dc=1484760289738&page=1&start=0&limit=25&sort=nomeusuario&dir=desc","ip":"::1","http_method":"GET","server":"localhost","referrer":"http://localhost:8081/","uid":"de3296a"}
[2017-01-18 18:25:03] INFO > #200: (/usuarios) - [] - {"url":"/usuarios?_dc=1484760303834&page=1&start=0&limit=25&sort=nomeusuario&dir=desc","ip":"::1","http_method":"OPTIONS","server":"localhost","referrer":"http://localhost:8081/","uid":"e672fe1"}
[2017-01-18 18:25:03] INFO > #200: (/usuarios) - [] - {"url":"/usuarios?_dc=1484760303834&page=1&start=0&limit=25&sort=nomeusuario&dir=desc","ip":"::1","http_method":"GET","server":"localhost","referrer":"http://localhost:8081/","uid":"a3f2fc2"}
[2017-01-18 18:25:36] INFO > #200: (/usuarios) - [] - {"url":"/usuarios?_dc=1484760336648&page=1&start=0&limit=25&sort=nomeusuario&dir=desc","ip":"::1","http_method":"OPTIONS","server":"localhost","referrer":"http://localhost:8081/","uid":"79adb88"}
[2017-01-18 18:25:36] INFO > #200: (/usuarios) - [] - {"url":"/usuarios?_dc=1484760336648&page=1&start=0&limit=25&sort=nomeusuario&dir=desc","ip":"::1","http_method":"GET","server":"localhost","referrer":"http://localhost:8081/","uid":"6c3e49f"}
[2017-01-18 18:28:24] INFO > #200: (/usuarios) - [] - {"url":"/usuarios?_dc=1484760504650&page=1&start=0&limit=25&sort=nomeusuario&dir=desc","ip":"::1","http_method":"OPTIONS","server":"localhost","referrer":"http://localhost:8081/","uid":"8eecc13"}
[2017-01-18 18:28:24] INFO > #200: (/usuarios) - [] - {"url":"/usuarios?_dc=1484760504650&page=1&start=0&limit=25&sort=nomeusuario&dir=desc","ip":"::1","http_method":"GET","server":"localhost","referrer":"http://localhost:8081/","uid":"01ccef9"}
[2017-01-18 18:29:51] INFO > #200: (/usuarios) - [] - {"url":"/usuarios?_dc=1484760591561&page=1&start=0&limit=25&sort=nomeusuario&dir=desc","ip":"::1","http_method":"OPTIONS","server":"localhost","referrer":"http://localhost:8081/","uid":"c9e0ab8"}
[2017-01-18 18:29:51] INFO > #200: (/usuarios) - [] - {"url":"/usuarios?_dc=1484760591561&page=1&start=0&limit=25&sort=nomeusuario&dir=desc","ip":"::1","http_method":"GET","server":"localhost","referrer":"http://localhost:8081/","uid":"752977e"}
[2017-01-18 18:30:01] INFO > #200: (/usuarios) - [] - {"url":"/usuarios?_dc=1484760601821&page=1&start=0&limit=25&sort=nomeusuario&dir=desc","ip":"::1","http_method":"OPTIONS","server":"localhost","referrer":"http://localhost:8081/","uid":"8132cea"}
[2017-01-18 18:30:01] INFO > #200: (/usuarios) - [] - {"url":"/usuarios?_dc=1484760601821&page=1&start=0&limit=25&sort=nomeusuario&dir=desc","ip":"::1","http_method":"GET","server":"localhost","referrer":"http://localhost:8081/","uid":"d377de4"}
[2017-01-18 18:31:28] INFO > #200: (/usuarios) - [] - {"url":"/usuarios?_dc=1484760688172&page=1&start=0&limit=25&sort=nomeusuario&dir=desc","ip":"::1","http_method":"OPTIONS","server":"localhost","referrer":"http://localhost:8081/","uid":"2ae1ccb"}
[2017-01-18 18:31:28] INFO > #200: (/usuarios) - [] - {"url":"/usuarios?_dc=1484760688172&page=1&start=0&limit=25&sort=nomeusuario&dir=desc","ip":"::1","http_method":"GET","server":"localhost","referrer":"http://localhost:8081/","uid":"aadd776"}
[2017-01-18 18:31:56] INFO > #200: (/usuarios) - [] - {"url":"/usuarios?_dc=1484760716754&page=1&start=0&limit=25&sort=nomeusuario&dir=desc","ip":"::1","http_method":"OPTIONS","server":"localhost","referrer":"http://localhost:8081/","uid":"4ca8698"}
[2017-01-18 18:31:56] INFO > #200: (/usuarios) - [] - {"url":"/usuarios?_dc=1484760716754&page=1&start=0&limit=25&sort=nomeusuario&dir=desc","ip":"::1","http_method":"GET","server":"localhost","referrer":"http://localhost:8081/","uid":"41cb1a1"}
[2017-01-18 18:31:57] INFO > #200: (/usuarios) - [] - {"url":"/usuarios?_dc=1484760717631&page=1&start=0&limit=25&sort=nomeusuario&dir=desc","ip":"::1","http_method":"OPTIONS","server":"localhost","referrer":"http://localhost:8081/","uid":"00fc7aa"}
[2017-01-18 18:31:57] INFO > #200: (/usuarios) - [] - {"url":"/usuarios?_dc=1484760717631&page=1&start=0&limit=25&sort=nomeusuario&dir=desc","ip":"::1","http_method":"GET","server":"localhost","referrer":"http://localhost:8081/","uid":"04e3886"}
[2017-01-18 18:32:04] INFO > #200: (/usuarios) - [] - {"url":"/usuarios?_dc=1484760724736&page=1&start=0&limit=25&sort=nomeusuario&dir=desc","ip":"::1","http_method":"OPTIONS","server":"localhost","referrer":"http://localhost:8081/","uid":"f1fdf16"}
[2017-01-18 18:32:04] INFO > #200: (/usuarios) - [] - {"url":"/usuarios?_dc=1484760724736&page=1&start=0&limit=25&sort=nomeusuario&dir=desc","ip":"::1","http_method":"GET","server":"localhost","referrer":"http://localhost:8081/","uid":"02a3c82"}
[2017-01-18 18:32:16] INFO > #200: (/usuarios) - [] - {"url":"/usuarios?_dc=1484760736946&page=1&start=0&limit=25&sort=nomeusuario&dir=desc","ip":"::1","http_method":"OPTIONS","server":"localhost","referrer":"http://localhost:8081/","uid":"b3b6c3a"}
[2017-01-18 18:32:17] INFO > #200: (/usuarios) - [] - {"url":"/usuarios?_dc=1484760736946&page=1&start=0&limit=25&sort=nomeusuario&dir=desc","ip":"::1","http_method":"GET","server":"localhost","referrer":"http://localhost:8081/","uid":"de9980f"}
[2017-01-18 18:32:25] INFO > #200: (/usuarios) - [] - {"url":"/usuarios?_dc=1484760745515&page=1&start=0&limit=25&sort=nomeusuario&dir=desc","ip":"::1","http_method":"OPTIONS","server":"localhost","referrer":"http://localhost:8081/","uid":"1218352"}
[2017-01-18 18:32:25] INFO > #200: (/usuarios) - [] - {"url":"/usuarios?_dc=1484760745515&page=1&start=0&limit=25&sort=nomeusuario&dir=desc","ip":"::1","http_method":"GET","server":"localhost","referrer":"http://localhost:8081/","uid":"00bda17"}
[2017-01-18 18:33:07] INFO > #200: (/usuarios) - [] - {"url":"/usuarios?_dc=1484760787274&page=1&start=0&limit=25&sort=nomeusuario&dir=desc","ip":"::1","http_method":"OPTIONS","server":"localhost","referrer":"http://localhost:8081/","uid":"af16cd3"}
[2017-01-18 18:33:07] INFO > #200: (/usuarios) - [] - {"url":"/usuarios?_dc=1484760787274&page=1&start=0&limit=25&sort=nomeusuario&dir=desc","ip":"::1","http_method":"GET","server":"localhost","referrer":"http://localhost:8081/","uid":"d88ff23"}
[2017-01-18 18:34:19] INFO > #200: (/usuarios) - [] - {"url":"/usuarios?_dc=1484760859324&page=1&start=0&limit=25&sort=nomeusuario&dir=desc","ip":"::1","http_method":"OPTIONS","server":"localhost","referrer":"http://localhost:8081/","uid":"95b892e"}
[2017-01-18 18:34:19] INFO > #200: (/usuarios) - [] - {"url":"/usuarios?_dc=1484760859324&page=1&start=0&limit=25&sort=nomeusuario&dir=desc","ip":"::1","http_method":"GET","server":"localhost","referrer":"http://localhost:8081/","uid":"bbc683c"}
[2017-01-18 18:34:37] INFO > #200: (/usuarios) - [] - {"url":"/usuarios?_dc=1484760877130&page=1&start=0&limit=25&sort=nomeusuario&dir=desc","ip":"::1","http_method":"OPTIONS","server":"localhost","referrer":"http://localhost:8081/","uid":"c4d3f94"}
[2017-01-18 18:34:37] INFO > #200: (/usuarios) - [] - {"url":"/usuarios?_dc=1484760877130&page=1&start=0&limit=25&sort=nomeusuario&dir=desc","ip":"::1","http_method":"GET","server":"localhost","referrer":"http://localhost:8081/","uid":"818caff"}
[2017-01-18 18:46:37] INFO > #200: (/usuarios) - [] - {"url":"/usuarios?_dc=1484761597517&page=1&start=0&limit=25&sort=nomeusuario&dir=desc","ip":"::1","http_method":"OPTIONS","server":"localhost","referrer":"http://localhost:8081/","uid":"a37b27b"}
[2017-01-18 18:46:37] INFO > #200: (/usuarios) - [] - {"url":"/usuarios?_dc=1484761597517&page=1&start=0&limit=25&sort=nomeusuario&dir=desc","ip":"::1","http_method":"GET","server":"localhost","referrer":"http://localhost:8081/","uid":"5bc73e5"}
[2017-01-18 19:12:27] INFO > #200: (/usuarios) - [] - {"url":"/usuarios?_dc=1484763147058&page=1&start=0&limit=25&sort=nomeusuario&dir=desc","ip":"::1","http_method":"OPTIONS","server":"localhost","referrer":"http://localhost:8081/","uid":"4ec7dcc"}
[2017-01-18 19:12:27] INFO > #200: (/usuarios) - [] - {"url":"/usuarios?_dc=1484763147058&page=1&start=0&limit=25&sort=nomeusuario&dir=desc","ip":"::1","http_method":"GET","server":"localhost","referrer":"http://localhost:8081/","uid":"2ba486c"}
[2017-01-18 19:12:41] INFO > #200: (/usuarios) - [] - {"url":"/usuarios?_dc=1484763161674&page=1&start=0&limit=25&sort=nomeusuario&dir=desc","ip":"::1","http_method":"OPTIONS","server":"localhost","referrer":"http://localhost:8081/","uid":"9e3409c"}
[2017-01-18 19:12:41] INFO > #200: (/usuarios) - [] - {"url":"/usuarios?_dc=1484763161674&page=1&start=0&limit=25&sort=nomeusuario&dir=desc","ip":"::1","http_method":"GET","server":"localhost","referrer":"http://localhost:8081/","uid":"fb53bfa"}
[2017-01-18 19:14:35] INFO > #200: (/usuarios) - [] - {"url":"/usuarios?_dc=1484763275366&page=1&start=0&limit=25&sort=nomeusuario&dir=desc","ip":"::1","http_method":"OPTIONS","server":"localhost","referrer":"http://localhost:8081/","uid":"9184872"}
[2017-01-18 19:14:35] INFO > #200: (/usuarios) - [] - {"url":"/usuarios?_dc=1484763275366&page=1&start=0&limit=25&sort=nomeusuario&dir=desc","ip":"::1","http_method":"GET","server":"localhost","referrer":"http://localhost:8081/","uid":"204f6c9"}
[2017-01-18 19:15:00] INFO > #200: (/usuarios) - [] - {"url":"/usuarios?_dc=1484763300311&page=1&start=0&limit=25&sort=nomeusuario&dir=desc","ip":"::1","http_method":"OPTIONS","server":"localhost","referrer":"http://localhost:8081/","uid":"091966e"}
[2017-01-18 19:15:00] INFO > #200: (/usuarios) - [] - {"url":"/usuarios?_dc=1484763300311&page=1&start=0&limit=25&sort=nomeusuario&dir=desc","ip":"::1","http_method":"GET","server":"localhost","referrer":"http://localhost:8081/","uid":"3730108"}
[2017-01-18 19:15:12] INFO > #200: (/usuarios) - [] - {"url":"/usuarios?_dc=1484763312120&page=1&start=0&limit=25&sort=nomeusuario&dir=desc","ip":"::1","http_method":"OPTIONS","server":"localhost","referrer":"http://localhost:8081/","uid":"6e9cd1f"}
[2017-01-18 19:15:12] INFO > #200: (/usuarios) - [] - {"url":"/usuarios?_dc=1484763312120&page=1&start=0&limit=25&sort=nomeusuario&dir=desc","ip":"::1","http_method":"GET","server":"localhost","referrer":"http://localhost:8081/","uid":"611b507"}
[2017-01-18 19:15:32] INFO > #200: (/usuarios) - [] - {"url":"/usuarios?_dc=1484763332907&page=1&start=0&limit=25&sort=nomeusuario&dir=desc","ip":"::1","http_method":"OPTIONS","server":"localhost","referrer":"http://localhost:8081/","uid":"c77df80"}
[2017-01-18 19:15:33] INFO > #200: (/usuarios) - [] - {"url":"/usuarios?_dc=1484763332907&page=1&start=0&limit=25&sort=nomeusuario&dir=desc","ip":"::1","http_method":"GET","server":"localhost","referrer":"http://localhost:8081/","uid":"be4678e"}
[2017-01-18 19:32:16] INFO > #200: (/usuarios) - [] - {"url":"/usuarios?_dc=1484764336454&page=1&start=0&limit=25&sort=nomeusuario&dir=desc","ip":"::1","http_method":"OPTIONS","server":"localhost","referrer":"http://localhost:8081/","uid":"127afe5"}
[2017-01-18 19:32:16] INFO > #200: (/usuarios) - [] - {"url":"/usuarios?_dc=1484764336454&page=1&start=0&limit=25&sort=nomeusuario&dir=desc","ip":"::1","http_method":"GET","server":"localhost","referrer":"http://localhost:8081/","uid":"058e140"}
[2017-01-18 19:33:34] INFO > #200: (/usuarios) - [] - {"url":"/usuarios?_dc=1484764414889&page=1&start=0&limit=25&sort=nomeusuario&dir=desc","ip":"::1","http_method":"OPTIONS","server":"localhost","referrer":"http://localhost:8081/","uid":"725fbc0"}
[2017-01-18 19:33:34] INFO > #200: (/usuarios) - [] - {"url":"/usuarios?_dc=1484764414889&page=1&start=0&limit=25&sort=nomeusuario&dir=desc","ip":"::1","http_method":"GET","server":"localhost","referrer":"http://localhost:8081/","uid":"f8a9824"}
[2017-01-18 19:35:12] INFO > #200: (/usuarios) - [] - {"url":"/usuarios?_dc=1484764512164&page=1&start=0&limit=25&sort=nomeusuario&dir=desc","ip":"::1","http_method":"OPTIONS","server":"localhost","referrer":"http://localhost:8081/","uid":"063ec1c"}
[2017-01-18 19:35:12] INFO > #200: (/usuarios) - [] - {"url":"/usuarios?_dc=1484764512164&page=1&start=0&limit=25&sort=nomeusuario&dir=desc","ip":"::1","http_method":"GET","server":"localhost","referrer":"http://localhost:8081/","uid":"8cecd31"}
[2017-01-18 19:37:08] INFO > #200: (/usuarios) - [] - {"url":"/usuarios?_dc=1484764628005&page=1&start=0&limit=25&sort=nomeusuario&dir=desc","ip":"::1","http_method":"OPTIONS","server":"localhost","referrer":"http://localhost:8081/","uid":"abb8f77"}
[2017-01-18 19:37:08] INFO > #200: (/usuarios) - [] - {"url":"/usuarios?_dc=1484764628005&page=1&start=0&limit=25&sort=nomeusuario&dir=desc","ip":"::1","http_method":"GET","server":"localhost","referrer":"http://localhost:8081/","uid":"b21c39b"}
[2017-01-18 19:38:08] INFO > #200: (/usuarios) - [] - {"url":"/usuarios?_dc=1484764688820&page=1&start=0&limit=25&sort=nomeusuario&dir=desc","ip":"::1","http_method":"OPTIONS","server":"localhost","referrer":"http://localhost:8081/","uid":"a678247"}
[2017-01-18 19:38:08] INFO > #200: (/usuarios) - [] - {"url":"/usuarios?_dc=1484764688820&page=1&start=0&limit=25&sort=nomeusuario&dir=desc","ip":"::1","http_method":"GET","server":"localhost","referrer":"http://localhost:8081/","uid":"e34b2b4"}
[2017-01-18 19:38:39] INFO > #200: (/usuarios) - [] - {"url":"/usuarios?_dc=1484764719460&page=1&start=0&limit=25&sort=nomeusuario&dir=desc","ip":"::1","http_method":"OPTIONS","server":"localhost","referrer":"http://localhost:8081/","uid":"d2bdf17"}
[2017-01-18 19:38:39] INFO > #200: (/usuarios) - [] - {"url":"/usuarios?_dc=1484764719460&page=1&start=0&limit=25&sort=nomeusuario&dir=desc","ip":"::1","http_method":"GET","server":"localhost","referrer":"http://localhost:8081/","uid":"53a006b"}
[2017-01-18 19:39:05] INFO > #200: (/usuarios) - [] - {"url":"/usuarios?_dc=1484764745892&page=1&start=0&limit=25&sort=nomeusuario&dir=desc","ip":"::1","http_method":"OPTIONS","server":"localhost","referrer":"http://localhost:8081/","uid":"da87224"}
[2017-01-18 19:39:05] INFO > #200: (/usuarios) - [] - {"url":"/usuarios?_dc=1484764745892&page=1&start=0&limit=25&sort=nomeusuario&dir=desc","ip":"::1","http_method":"GET","server":"localhost","referrer":"http://localhost:8081/","uid":"86a5fef"}
[2017-01-18 19:40:35] INFO > #200: (/usuarios) - [] - {"url":"/usuarios?_dc=1484764835095&page=1&start=0&limit=25&sort=nomeusuario&dir=desc","ip":"::1","http_method":"OPTIONS","server":"localhost","referrer":"http://localhost:8081/","uid":"10d270a"}
[2017-01-18 19:40:35] INFO > #200: (/usuarios) - [] - {"url":"/usuarios?_dc=1484764835095&page=1&start=0&limit=25&sort=nomeusuario&dir=desc","ip":"::1","http_method":"GET","server":"localhost","referrer":"http://localhost:8081/","uid":"b2dcef2"}
[2017-01-18 19:41:27] INFO > #200: (/usuarios) - [] - {"url":"/usuarios?_dc=1484764887919&page=1&start=0&limit=25&sort=nomeusuario&dir=desc","ip":"::1","http_method":"OPTIONS","server":"localhost","referrer":"http://localhost:8081/","uid":"98af87c"}
[2017-01-18 19:41:28] INFO > #200: (/usuarios) - [] - {"url":"/usuarios?_dc=1484764887919&page=1&start=0&limit=25&sort=nomeusuario&dir=desc","ip":"::1","http_method":"GET","server":"localhost","referrer":"http://localhost:8081/","uid":"cd63a9d"}
[2017-01-18 19:42:06] INFO > #200: (/usuarios) - [] - {"url":"/usuarios?_dc=1484764926795&page=1&start=0&limit=25&sort=nomeusuario&dir=desc","ip":"::1","http_method":"OPTIONS","server":"localhost","referrer":"http://localhost:8081/","uid":"89d65d7"}
[2017-01-18 19:42:06] INFO > #200: (/usuarios) - [] - {"url":"/usuarios?_dc=1484764926795&page=1&start=0&limit=25&sort=nomeusuario&dir=desc","ip":"::1","http_method":"GET","server":"localhost","referrer":"http://localhost:8081/","uid":"3eaac02"}
[2017-01-18 19:42:32] INFO > #200: (/usuarios) - [] - {"url":"/usuarios?_dc=1484764952467&page=1&start=0&limit=25&sort=nomeusuario&dir=desc","ip":"::1","http_method":"OPTIONS","server":"localhost","referrer":"http://localhost:8081/","uid":"11e1ef6"}
[2017-01-18 19:42:32] INFO > #200: (/usuarios) - [] - {"url":"/usuarios?_dc=1484764952467&page=1&start=0&limit=25&sort=nomeusuario&dir=desc","ip":"::1","http_method":"GET","server":"localhost","referrer":"http://localhost:8081/","uid":"b2d9caf"}
[2017-01-18 19:43:14] INFO > #200: (/usuarios) - [] - {"url":"/usuarios?_dc=1484764994249&page=1&start=0&limit=25&sort=nomeusuario&dir=desc","ip":"::1","http_method":"OPTIONS","server":"localhost","referrer":"http://localhost:8081/","uid":"036f707"}
[2017-01-18 19:43:14] INFO > #200: (/usuarios) - [] - {"url":"/usuarios?_dc=1484764994249&page=1&start=0&limit=25&sort=nomeusuario&dir=desc","ip":"::1","http_method":"GET","server":"localhost","referrer":"http://localhost:8081/","uid":"b9ebd7f"}
[2017-01-18 19:43:25] INFO > #200: (/usuarios) - [] - {"url":"/usuarios?_dc=1484765005283&page=1&start=0&limit=25&sort=nomeusuario&dir=desc","ip":"::1","http_method":"OPTIONS","server":"localhost","referrer":"http://localhost:8081/","uid":"4b5ba67"}
[2017-01-18 19:43:25] INFO > #200: (/usuarios) - [] - {"url":"/usuarios?_dc=1484765005283&page=1&start=0&limit=25&sort=nomeusuario&dir=desc","ip":"::1","http_method":"GET","server":"localhost","referrer":"http://localhost:8081/","uid":"ec9b5db"}
[2017-01-18 19:43:46] INFO > #200: (/usuarios) - [] - {"url":"/usuarios?_dc=1484765026672&page=1&start=0&limit=25&sort=nomeusuario&dir=desc","ip":"::1","http_method":"OPTIONS","server":"localhost","referrer":"http://localhost:8081/","uid":"c668bf7"}
[2017-01-18 19:43:46] INFO > #200: (/usuarios) - [] - {"url":"/usuarios?_dc=1484765026672&page=1&start=0&limit=25&sort=nomeusuario&dir=desc","ip":"::1","http_method":"GET","server":"localhost","referrer":"http://localhost:8081/","uid":"1b479d9"}
[2017-01-18 19:44:34] INFO > #200: (/usuarios) - [] - {"url":"/usuarios?_dc=1484765074208&page=1&start=0&limit=25&sort=nomeusuario&dir=desc","ip":"::1","http_method":"OPTIONS","server":"localhost","referrer":"http://localhost:8081/","uid":"004445e"}
[2017-01-18 19:44:34] INFO > #200: (/usuarios) - [] - {"url":"/usuarios?_dc=1484765074208&page=1&start=0&limit=25&sort=nomeusuario&dir=desc","ip":"::1","http_method":"GET","server":"localhost","referrer":"http://localhost:8081/","uid":"dfc12c6"}
[2017-01-18 20:02:55] INFO > #200: (/usuarios) - [] - {"url":"/usuarios?_dc=1484766175568&page=1&start=0&limit=25&sort=nomeusuario&dir=desc","ip":"::1","http_method":"OPTIONS","server":"localhost","referrer":"http://localhost:8081/","uid":"233ea30"}
[2017-01-18 20:02:55] INFO > #200: (/usuarios) - [] - {"url":"/usuarios?_dc=1484766175568&page=1&start=0&limit=25&sort=nomeusuario&dir=desc","ip":"::1","http_method":"GET","server":"localhost","referrer":"http://localhost:8081/","uid":"d6cba83"}
[2017-01-18 20:06:10] INFO > #200: (/usuarios) - [] - {"url":"/usuarios?_dc=1484766370119&page=1&start=0&limit=25&sort=nomeusuario&dir=desc","ip":"::1","http_method":"OPTIONS","server":"localhost","referrer":"http://localhost:8081/","uid":"0e73f31"}
[2017-01-18 20:06:10] INFO > #200: (/usuarios) - [] - {"url":"/usuarios?_dc=1484766370119&page=1&start=0&limit=25&sort=nomeusuario&dir=desc","ip":"::1","http_method":"GET","server":"localhost","referrer":"http://localhost:8081/","uid":"dad1e8f"}
