[2017-02-15 00:58:11] INFO > #200: (/projetos) - [] - {"url":"/projetos?_dc=1487116691018&page=1&start=0&limit=25&sort=nomeusuario&dir=desc","ip":"::1","http_method":"OPTIONS","server":"localhost","referrer":"http://localhost:8081/","uid":"ec81e90"}
[2017-02-15 00:58:11] INFO > #200: (/hora) - [] - {"url":"/hora?_dc=1487116691022&page=1&start=0&limit=25","ip":"::1","http_method":"OPTIONS","server":"localhost","referrer":"http://localhost:8081/","uid":"a35eb31"}
[2017-02-15 00:58:11] INFO > #200: (/sistemasinternos) - [] - {"url":"/sistemasinternos?_dc=1487116691024&page=1&start=0&limit=25","ip":"::1","http_method":"OPTIONS","server":"localhost","referrer":"http://localhost:8081/","uid":"c625e78"}
[2017-02-15 00:58:11] INFO > #200: (/sistemasexternos) - [] - {"url":"/sistemasexternos?_dc=1487116691027&page=1&start=0&limit=25","ip":"::1","http_method":"OPTIONS","server":"localhost","referrer":"http://localhost:8081/","uid":"25d0819"}
[2017-02-15 00:58:11] INFO > #200: (/sistemas) - [] - {"url":"/sistemas?_dc=1487116691028&page=1&start=0&limit=25","ip":"::1","http_method":"OPTIONS","server":"localhost","referrer":"http://localhost:8081/","uid":"bcd07e8"}
[2017-02-15 00:58:11] INFO > #200: (/sistemas) - [] - {"url":"/sistemas?_dc=1487116691030&page=1&start=0&limit=25","ip":"::1","http_method":"OPTIONS","server":"localhost","referrer":"http://localhost:8081/","uid":"53a2949"}
[2017-02-15 00:58:11] INFO > #200: (/abrangencia) - [] - {"url":"/abrangencia?_dc=1487116691031&page=1&start=0&limit=25","ip":"::1","http_method":"OPTIONS","server":"localhost","referrer":"http://localhost:8081/","uid":"62c3626"}
[2017-02-15 00:58:11] INFO > #200: (/estabilidade) - [] - {"url":"/estabilidade?_dc=1487116691032&page=1&start=0&limit=25","ip":"::1","http_method":"OPTIONS","server":"localhost","referrer":"http://localhost:8081/","uid":"b3f703d"}
[2017-02-15 00:58:11] INFO > #200: (/conhecimento) - [] - {"url":"/conhecimento?_dc=1487116691033&page=1&start=0&limit=25","ip":"::1","http_method":"OPTIONS","server":"localhost","referrer":"http://localhost:8081/","uid":"1b4b660"}
[2017-02-15 00:58:11] INFO > #200: (/classificacao) - [] - {"url":"/classificacao?_dc=1487116691035&page=1&start=0&limit=25","ip":"::1","http_method":"OPTIONS","server":"localhost","referrer":"http://localhost:8081/","uid":"d98a9ed"}
[2017-02-15 00:58:11] INFO > #200: (/nivelrisco) - [] - {"url":"/nivelrisco?_dc=1487116691036&page=1&start=0&limit=25","ip":"::1","http_method":"OPTIONS","server":"localhost","referrer":"http://localhost:8081/","uid":"4360a4b"}
[2017-02-15 00:58:11] INFO > #200: (/projetos) - [] - {"url":"/projetos?_dc=1487116691018&page=1&start=0&limit=25&sort=nomeusuario&dir=desc","ip":"::1","http_method":"GET","server":"localhost","referrer":"http://localhost:8081/","uid":"48b4a5f"}
[2017-02-15 00:58:11] INFO > #200: (/hora) - [] - {"url":"/hora?_dc=1487116691022&page=1&start=0&limit=25","ip":"::1","http_method":"GET","server":"localhost","referrer":"http://localhost:8081/","uid":"8633b1a"}
[2017-02-15 00:58:11] INFO > #200: (/sistemasinternos) - [] - {"url":"/sistemasinternos?_dc=1487116691024&page=1&start=0&limit=25","ip":"::1","http_method":"GET","server":"localhost","referrer":"http://localhost:8081/","uid":"a8f0c3f"}
[2017-02-15 00:58:11] INFO > #200: (/sistemasexternos) - [] - {"url":"/sistemasexternos?_dc=1487116691027&page=1&start=0&limit=25","ip":"::1","http_method":"GET","server":"localhost","referrer":"http://localhost:8081/","uid":"23bfaee"}
[2017-02-15 00:58:11] INFO > #200: (/sistemas) - [] - {"url":"/sistemas?_dc=1487116691028&page=1&start=0&limit=25","ip":"::1","http_method":"GET","server":"localhost","referrer":"http://localhost:8081/","uid":"2608d81"}
[2017-02-15 00:58:11] INFO > #200: (/sistemas) - [] - {"url":"/sistemas?_dc=1487116691030&page=1&start=0&limit=25","ip":"::1","http_method":"GET","server":"localhost","referrer":"http://localhost:8081/","uid":"2618a2f"}
[2017-02-15 00:58:11] INFO > #200: (/abrangencia) - [] - {"url":"/abrangencia?_dc=1487116691031&page=1&start=0&limit=25","ip":"::1","http_method":"GET","server":"localhost","referrer":"http://localhost:8081/","uid":"c166751"}
[2017-02-15 00:58:11] INFO > #200: (/estabilidade) - [] - {"url":"/estabilidade?_dc=1487116691032&page=1&start=0&limit=25","ip":"::1","http_method":"GET","server":"localhost","referrer":"http://localhost:8081/","uid":"15128f6"}
[2017-02-15 00:58:11] INFO > #200: (/conhecimento) - [] - {"url":"/conhecimento?_dc=1487116691033&page=1&start=0&limit=25","ip":"::1","http_method":"GET","server":"localhost","referrer":"http://localhost:8081/","uid":"94f9ad2"}
[2017-02-15 00:58:11] INFO > #200: (/classificacao) - [] - {"url":"/classificacao?_dc=1487116691035&page=1&start=0&limit=25","ip":"::1","http_method":"GET","server":"localhost","referrer":"http://localhost:8081/","uid":"acbc4d5"}
[2017-02-15 00:58:11] INFO > #200: (/nivelrisco) - [] - {"url":"/nivelrisco?_dc=1487116691036&page=1&start=0&limit=25","ip":"::1","http_method":"GET","server":"localhost","referrer":"http://localhost:8081/","uid":"ff4848f"}
[2017-02-15 01:35:36] INFO > #200: (/projetos) - [] - {"url":"/projetos?_dc=1487118936782&page=1&start=0&limit=25&sort=nomeusuario&dir=desc","ip":"::1","http_method":"OPTIONS","server":"localhost","referrer":"http://localhost:8081/","uid":"71ac75b"}
[2017-02-15 01:35:36] INFO > #200: (/hora) - [] - {"url":"/hora?_dc=1487118936785&page=1&start=0&limit=25","ip":"::1","http_method":"OPTIONS","server":"localhost","referrer":"http://localhost:8081/","uid":"b982cdd"}
[2017-02-15 01:35:36] INFO > #200: (/sistemasinternos) - [] - {"url":"/sistemasinternos?_dc=1487118936786&page=1&start=0&limit=25","ip":"::1","http_method":"OPTIONS","server":"localhost","referrer":"http://localhost:8081/","uid":"41c6e17"}
[2017-02-15 01:35:36] INFO > #200: (/sistemasexternos) - [] - {"url":"/sistemasexternos?_dc=1487118936786&page=1&start=0&limit=25","ip":"::1","http_method":"OPTIONS","server":"localhost","referrer":"http://localhost:8081/","uid":"3bac5f1"}
[2017-02-15 01:35:36] INFO > #200: (/sistemas) - [] - {"url":"/sistemas?_dc=1487118936787&page=1&start=0&limit=25","ip":"::1","http_method":"OPTIONS","server":"localhost","referrer":"http://localhost:8081/","uid":"d9d4f75"}
[2017-02-15 01:35:36] INFO > #200: (/sistemas) - [] - {"url":"/sistemas?_dc=1487118936788&page=1&start=0&limit=25","ip":"::1","http_method":"OPTIONS","server":"localhost","referrer":"http://localhost:8081/","uid":"18629ad"}
[2017-02-15 01:35:36] INFO > #200: (/abrangencia) - [] - {"url":"/abrangencia?_dc=1487118936788&page=1&start=0&limit=25","ip":"::1","http_method":"OPTIONS","server":"localhost","referrer":"http://localhost:8081/","uid":"38da230"}
[2017-02-15 01:35:36] INFO > #200: (/estabilidade) - [] - {"url":"/estabilidade?_dc=1487118936789&page=1&start=0&limit=25","ip":"::1","http_method":"OPTIONS","server":"localhost","referrer":"http://localhost:8081/","uid":"9dc5133"}
[2017-02-15 01:35:36] INFO > #200: (/conhecimento) - [] - {"url":"/conhecimento?_dc=1487118936790&page=1&start=0&limit=25","ip":"::1","http_method":"OPTIONS","server":"localhost","referrer":"http://localhost:8081/","uid":"b5fe8b0"}
[2017-02-15 01:35:36] INFO > #200: (/classificacao) - [] - {"url":"/classificacao?_dc=1487118936791&page=1&start=0&limit=25","ip":"::1","http_method":"OPTIONS","server":"localhost","referrer":"http://localhost:8081/","uid":"8b921a7"}
[2017-02-15 01:35:36] INFO > #200: (/nivelrisco) - [] - {"url":"/nivelrisco?_dc=1487118936791&page=1&start=0&limit=25","ip":"::1","http_method":"OPTIONS","server":"localhost","referrer":"http://localhost:8081/","uid":"ada3158"}
[2017-02-15 01:35:37] INFO > #200: (/projetos) - [] - {"url":"/projetos?_dc=1487118936782&page=1&start=0&limit=25&sort=nomeusuario&dir=desc","ip":"::1","http_method":"GET","server":"localhost","referrer":"http://localhost:8081/","uid":"8a4bad8"}
[2017-02-15 01:35:37] INFO > #200: (/hora) - [] - {"url":"/hora?_dc=1487118936785&page=1&start=0&limit=25","ip":"::1","http_method":"GET","server":"localhost","referrer":"http://localhost:8081/","uid":"deb58f5"}
[2017-02-15 01:35:37] INFO > #200: (/sistemasinternos) - [] - {"url":"/sistemasinternos?_dc=1487118936786&page=1&start=0&limit=25","ip":"::1","http_method":"GET","server":"localhost","referrer":"http://localhost:8081/","uid":"3a638e6"}
[2017-02-15 01:35:37] INFO > #200: (/sistemasexternos) - [] - {"url":"/sistemasexternos?_dc=1487118936786&page=1&start=0&limit=25","ip":"::1","http_method":"GET","server":"localhost","referrer":"http://localhost:8081/","uid":"0861417"}
[2017-02-15 01:35:37] INFO > #200: (/sistemas) - [] - {"url":"/sistemas?_dc=1487118936787&page=1&start=0&limit=25","ip":"::1","http_method":"GET","server":"localhost","referrer":"http://localhost:8081/","uid":"863d1c7"}
[2017-02-15 01:35:37] INFO > #200: (/sistemas) - [] - {"url":"/sistemas?_dc=1487118936788&page=1&start=0&limit=25","ip":"::1","http_method":"GET","server":"localhost","referrer":"http://localhost:8081/","uid":"c1bd5ee"}
[2017-02-15 01:35:37] INFO > #200: (/abrangencia) - [] - {"url":"/abrangencia?_dc=1487118936788&page=1&start=0&limit=25","ip":"::1","http_method":"GET","server":"localhost","referrer":"http://localhost:8081/","uid":"7294d4e"}
[2017-02-15 01:35:37] INFO > #200: (/estabilidade) - [] - {"url":"/estabilidade?_dc=1487118936789&page=1&start=0&limit=25","ip":"::1","http_method":"GET","server":"localhost","referrer":"http://localhost:8081/","uid":"12030e6"}
[2017-02-15 01:35:37] INFO > #200: (/conhecimento) - [] - {"url":"/conhecimento?_dc=1487118936790&page=1&start=0&limit=25","ip":"::1","http_method":"GET","server":"localhost","referrer":"http://localhost:8081/","uid":"ec332c9"}
[2017-02-15 01:35:37] INFO > #200: (/classificacao) - [] - {"url":"/classificacao?_dc=1487118936791&page=1&start=0&limit=25","ip":"::1","http_method":"GET","server":"localhost","referrer":"http://localhost:8081/","uid":"1958267"}
[2017-02-15 01:35:37] INFO > #200: (/nivelrisco) - [] - {"url":"/nivelrisco?_dc=1487118936791&page=1&start=0&limit=25","ip":"::1","http_method":"GET","server":"localhost","referrer":"http://localhost:8081/","uid":"5757aa6"}
[2017-02-15 01:37:29] INFO > #200: (/projetos) - [] - {"url":"/projetos?_dc=1487119049476&page=1&start=0&limit=25&sort=nomeusuario&dir=desc","ip":"::1","http_method":"OPTIONS","server":"localhost","referrer":"http://localhost:8081/","uid":"d000daf"}
[2017-02-15 01:37:29] INFO > #200: (/hora) - [] - {"url":"/hora?_dc=1487119049480&page=1&start=0&limit=25","ip":"::1","http_method":"OPTIONS","server":"localhost","referrer":"http://localhost:8081/","uid":"3c97c83"}
[2017-02-15 01:37:29] INFO > #200: (/sistemasinternos) - [] - {"url":"/sistemasinternos?_dc=1487119049480&page=1&start=0&limit=25","ip":"::1","http_method":"OPTIONS","server":"localhost","referrer":"http://localhost:8081/","uid":"0174a6c"}
[2017-02-15 01:37:29] INFO > #200: (/sistemasexternos) - [] - {"url":"/sistemasexternos?_dc=1487119049481&page=1&start=0&limit=25","ip":"::1","http_method":"OPTIONS","server":"localhost","referrer":"http://localhost:8081/","uid":"7cd7602"}
[2017-02-15 01:37:29] INFO > #200: (/sistemas) - [] - {"url":"/sistemas?_dc=1487119049482&page=1&start=0&limit=25","ip":"::1","http_method":"OPTIONS","server":"localhost","referrer":"http://localhost:8081/","uid":"1169064"}
[2017-02-15 01:37:29] INFO > #200: (/sistemas) - [] - {"url":"/sistemas?_dc=1487119049482&page=1&start=0&limit=25","ip":"::1","http_method":"OPTIONS","server":"localhost","referrer":"http://localhost:8081/","uid":"ae0a144"}
[2017-02-15 01:37:29] INFO > #200: (/abrangencia) - [] - {"url":"/abrangencia?_dc=1487119049483&page=1&start=0&limit=25","ip":"::1","http_method":"OPTIONS","server":"localhost","referrer":"http://localhost:8081/","uid":"21faade"}
[2017-02-15 01:37:29] INFO > #200: (/estabilidade) - [] - {"url":"/estabilidade?_dc=1487119049483&page=1&start=0&limit=25","ip":"::1","http_method":"OPTIONS","server":"localhost","referrer":"http://localhost:8081/","uid":"9de3d2c"}
[2017-02-15 01:37:29] INFO > #200: (/conhecimento) - [] - {"url":"/conhecimento?_dc=1487119049484&page=1&start=0&limit=25","ip":"::1","http_method":"OPTIONS","server":"localhost","referrer":"http://localhost:8081/","uid":"c511861"}
[2017-02-15 01:37:29] INFO > #200: (/classificacao) - [] - {"url":"/classificacao?_dc=1487119049484&page=1&start=0&limit=25","ip":"::1","http_method":"OPTIONS","server":"localhost","referrer":"http://localhost:8081/","uid":"8240b5c"}
[2017-02-15 01:37:29] INFO > #200: (/nivelrisco) - [] - {"url":"/nivelrisco?_dc=1487119049485&page=1&start=0&limit=25","ip":"::1","http_method":"OPTIONS","server":"localhost","referrer":"http://localhost:8081/","uid":"2990f96"}
[2017-02-15 01:37:29] INFO > #200: (/projetos) - [] - {"url":"/projetos?_dc=1487119049476&page=1&start=0&limit=25&sort=nomeusuario&dir=desc","ip":"::1","http_method":"GET","server":"localhost","referrer":"http://localhost:8081/","uid":"2288514"}
[2017-02-15 01:37:29] INFO > #200: (/hora) - [] - {"url":"/hora?_dc=1487119049480&page=1&start=0&limit=25","ip":"::1","http_method":"GET","server":"localhost","referrer":"http://localhost:8081/","uid":"f320214"}
[2017-02-15 01:37:29] INFO > #200: (/sistemasinternos) - [] - {"url":"/sistemasinternos?_dc=1487119049480&page=1&start=0&limit=25","ip":"::1","http_method":"GET","server":"localhost","referrer":"http://localhost:8081/","uid":"dad9a66"}
[2017-02-15 01:37:29] INFO > #200: (/sistemasexternos) - [] - {"url":"/sistemasexternos?_dc=1487119049481&page=1&start=0&limit=25","ip":"::1","http_method":"GET","server":"localhost","referrer":"http://localhost:8081/","uid":"f77acd0"}
[2017-02-15 01:37:29] INFO > #200: (/sistemas) - [] - {"url":"/sistemas?_dc=1487119049482&page=1&start=0&limit=25","ip":"::1","http_method":"GET","server":"localhost","referrer":"http://localhost:8081/","uid":"e542b0e"}
[2017-02-15 01:37:29] INFO > #200: (/abrangencia) - [] - {"url":"/abrangencia?_dc=1487119049483&page=1&start=0&limit=25","ip":"::1","http_method":"GET","server":"localhost","referrer":"http://localhost:8081/","uid":"cedc369"}
[2017-02-15 01:37:29] INFO > #200: (/estabilidade) - [] - {"url":"/estabilidade?_dc=1487119049483&page=1&start=0&limit=25","ip":"::1","http_method":"GET","server":"localhost","referrer":"http://localhost:8081/","uid":"7624145"}
[2017-02-15 01:37:29] INFO > #200: (/conhecimento) - [] - {"url":"/conhecimento?_dc=1487119049484&page=1&start=0&limit=25","ip":"::1","http_method":"GET","server":"localhost","referrer":"http://localhost:8081/","uid":"f692f73"}
[2017-02-15 01:37:29] INFO > #200: (/classificacao) - [] - {"url":"/classificacao?_dc=1487119049484&page=1&start=0&limit=25","ip":"::1","http_method":"GET","server":"localhost","referrer":"http://localhost:8081/","uid":"b6cc882"}
[2017-02-15 01:37:29] INFO > #200: (/nivelrisco) - [] - {"url":"/nivelrisco?_dc=1487119049485&page=1&start=0&limit=25","ip":"::1","http_method":"GET","server":"localhost","referrer":"http://localhost:8081/","uid":"db65615"}
[2017-02-15 01:37:30] INFO > #200: (/sistemas) - [] - {"url":"/sistemas?_dc=1487119049482&page=1&start=0&limit=25","ip":"::1","http_method":"GET","server":"localhost","referrer":"http://localhost:8081/","uid":"3cde27a"}
[2017-02-15 01:37:52] INFO > #200: (/projetos) - [] - {"url":"/projetos?_dc=1487119072971&page=1&start=0&limit=25&sort=nomeusuario&dir=desc","ip":"::1","http_method":"OPTIONS","server":"localhost","referrer":"http://localhost:8081/","uid":"08502ee"}
[2017-02-15 01:37:53] INFO > #200: (/hora) - [] - {"url":"/hora?_dc=1487119072974&page=1&start=0&limit=25","ip":"::1","http_method":"OPTIONS","server":"localhost","referrer":"http://localhost:8081/","uid":"86b38bb"}
[2017-02-15 01:37:53] INFO > #200: (/sistemasinternos) - [] - {"url":"/sistemasinternos?_dc=1487119072974&page=1&start=0&limit=25","ip":"::1","http_method":"OPTIONS","server":"localhost","referrer":"http://localhost:8081/","uid":"9f464fe"}
[2017-02-15 01:37:53] INFO > #200: (/sistemasexternos) - [] - {"url":"/sistemasexternos?_dc=1487119072975&page=1&start=0&limit=25","ip":"::1","http_method":"OPTIONS","server":"localhost","referrer":"http://localhost:8081/","uid":"5998114"}
[2017-02-15 01:37:53] INFO > #200: (/sistemas) - [] - {"url":"/sistemas?_dc=1487119072976&page=1&start=0&limit=25","ip":"::1","http_method":"OPTIONS","server":"localhost","referrer":"http://localhost:8081/","uid":"b123441"}
[2017-02-15 01:37:53] INFO > #200: (/sistemas) - [] - {"url":"/sistemas?_dc=1487119072976&page=1&start=0&limit=25","ip":"::1","http_method":"OPTIONS","server":"localhost","referrer":"http://localhost:8081/","uid":"e068407"}
[2017-02-15 01:37:53] INFO > #200: (/abrangencia) - [] - {"url":"/abrangencia?_dc=1487119072977&page=1&start=0&limit=25","ip":"::1","http_method":"OPTIONS","server":"localhost","referrer":"http://localhost:8081/","uid":"b7b059b"}
[2017-02-15 01:37:53] INFO > #200: (/estabilidade) - [] - {"url":"/estabilidade?_dc=1487119072977&page=1&start=0&limit=25","ip":"::1","http_method":"OPTIONS","server":"localhost","referrer":"http://localhost:8081/","uid":"12add74"}
[2017-02-15 01:37:53] INFO > #200: (/conhecimento) - [] - {"url":"/conhecimento?_dc=1487119072978&page=1&start=0&limit=25","ip":"::1","http_method":"OPTIONS","server":"localhost","referrer":"http://localhost:8081/","uid":"994cab9"}
[2017-02-15 01:37:53] INFO > #200: (/classificacao) - [] - {"url":"/classificacao?_dc=1487119072978&page=1&start=0&limit=25","ip":"::1","http_method":"OPTIONS","server":"localhost","referrer":"http://localhost:8081/","uid":"1fdb065"}
[2017-02-15 01:37:53] INFO > #200: (/nivelrisco) - [] - {"url":"/nivelrisco?_dc=1487119072979&page=1&start=0&limit=25","ip":"::1","http_method":"OPTIONS","server":"localhost","referrer":"http://localhost:8081/","uid":"2217b7e"}
[2017-02-15 01:37:53] INFO > #200: (/projetos) - [] - {"url":"/projetos?_dc=1487119072971&page=1&start=0&limit=25&sort=nomeusuario&dir=desc","ip":"::1","http_method":"GET","server":"localhost","referrer":"http://localhost:8081/","uid":"cf63e8d"}
[2017-02-15 01:37:53] INFO > #200: (/hora) - [] - {"url":"/hora?_dc=1487119072974&page=1&start=0&limit=25","ip":"::1","http_method":"GET","server":"localhost","referrer":"http://localhost:8081/","uid":"ef92767"}
[2017-02-15 01:37:53] INFO > #200: (/sistemasinternos) - [] - {"url":"/sistemasinternos?_dc=1487119072974&page=1&start=0&limit=25","ip":"::1","http_method":"GET","server":"localhost","referrer":"http://localhost:8081/","uid":"7b4b329"}
[2017-02-15 01:37:53] INFO > #200: (/sistemasexternos) - [] - {"url":"/sistemasexternos?_dc=1487119072975&page=1&start=0&limit=25","ip":"::1","http_method":"GET","server":"localhost","referrer":"http://localhost:8081/","uid":"143e781"}
[2017-02-15 01:37:53] INFO > #200: (/sistemas) - [] - {"url":"/sistemas?_dc=1487119072976&page=1&start=0&limit=25","ip":"::1","http_method":"GET","server":"localhost","referrer":"http://localhost:8081/","uid":"5803d22"}
[2017-02-15 01:37:53] INFO > #200: (/abrangencia) - [] - {"url":"/abrangencia?_dc=1487119072977&page=1&start=0&limit=25","ip":"::1","http_method":"GET","server":"localhost","referrer":"http://localhost:8081/","uid":"23e9641"}
[2017-02-15 01:37:53] INFO > #200: (/estabilidade) - [] - {"url":"/estabilidade?_dc=1487119072977&page=1&start=0&limit=25","ip":"::1","http_method":"GET","server":"localhost","referrer":"http://localhost:8081/","uid":"087e193"}
[2017-02-15 01:37:53] INFO > #200: (/conhecimento) - [] - {"url":"/conhecimento?_dc=1487119072978&page=1&start=0&limit=25","ip":"::1","http_method":"GET","server":"localhost","referrer":"http://localhost:8081/","uid":"6e7414e"}
[2017-02-15 01:37:53] INFO > #200: (/classificacao) - [] - {"url":"/classificacao?_dc=1487119072978&page=1&start=0&limit=25","ip":"::1","http_method":"GET","server":"localhost","referrer":"http://localhost:8081/","uid":"43cb0c0"}
[2017-02-15 01:37:53] INFO > #200: (/nivelrisco) - [] - {"url":"/nivelrisco?_dc=1487119072979&page=1&start=0&limit=25","ip":"::1","http_method":"GET","server":"localhost","referrer":"http://localhost:8081/","uid":"76e40db"}
[2017-02-15 01:37:53] INFO > #200: (/sistemas) - [] - {"url":"/sistemas?_dc=1487119072976&page=1&start=0&limit=25","ip":"::1","http_method":"GET","server":"localhost","referrer":"http://localhost:8081/","uid":"b821410"}
[2017-02-15 01:38:29] INFO > #200: (/projetos) - [] - {"url":"/projetos?_dc=1487119109140&page=1&start=0&limit=25&sort=nomeusuario&dir=desc","ip":"::1","http_method":"OPTIONS","server":"localhost","referrer":"http://localhost:8081/","uid":"e2c2e5f"}
[2017-02-15 01:38:29] INFO > #200: (/projetos) - [] - {"url":"/projetos?_dc=1487119109140&page=1&start=0&limit=25&sort=nomeusuario&dir=desc","ip":"::1","http_method":"GET","server":"localhost","referrer":"http://localhost:8081/","uid":"5bdf86f"}
[2017-02-15 01:41:20] INFO > #200: (/projetos) - [] - {"url":"/projetos?_dc=1487119280472&page=1&start=0&limit=25&sort=nomeusuario&dir=desc","ip":"::1","http_method":"OPTIONS","server":"localhost","referrer":"http://localhost:8081/","uid":"c99fc46"}
[2017-02-15 01:41:20] INFO > #200: (/hora) - [] - {"url":"/hora?_dc=1487119280475&page=1&start=0&limit=25","ip":"::1","http_method":"OPTIONS","server":"localhost","referrer":"http://localhost:8081/","uid":"877a53d"}
[2017-02-15 01:41:20] INFO > #200: (/sistemasinternos) - [] - {"url":"/sistemasinternos?_dc=1487119280476&page=1&start=0&limit=25","ip":"::1","http_method":"OPTIONS","server":"localhost","referrer":"http://localhost:8081/","uid":"516a3ac"}
[2017-02-15 01:41:20] INFO > #200: (/sistemasexternos) - [] - {"url":"/sistemasexternos?_dc=1487119280476&page=1&start=0&limit=25","ip":"::1","http_method":"OPTIONS","server":"localhost","referrer":"http://localhost:8081/","uid":"06d8732"}
[2017-02-15 01:41:20] INFO > #200: (/sistemas) - [] - {"url":"/sistemas?_dc=1487119280477&page=1&start=0&limit=25","ip":"::1","http_method":"OPTIONS","server":"localhost","referrer":"http://localhost:8081/","uid":"ad54e0a"}
[2017-02-15 01:41:20] INFO > #200: (/sistemas) - [] - {"url":"/sistemas?_dc=1487119280478&page=1&start=0&limit=25","ip":"::1","http_method":"OPTIONS","server":"localhost","referrer":"http://localhost:8081/","uid":"2dbb7f6"}
[2017-02-15 01:41:20] INFO > #200: (/abrangencia) - [] - {"url":"/abrangencia?_dc=1487119280478&page=1&start=0&limit=25","ip":"::1","http_method":"OPTIONS","server":"localhost","referrer":"http://localhost:8081/","uid":"8dca6f1"}
[2017-02-15 01:41:20] INFO > #200: (/estabilidade) - [] - {"url":"/estabilidade?_dc=1487119280479&page=1&start=0&limit=25","ip":"::1","http_method":"OPTIONS","server":"localhost","referrer":"http://localhost:8081/","uid":"bb8375f"}
[2017-02-15 01:41:20] INFO > #200: (/conhecimento) - [] - {"url":"/conhecimento?_dc=1487119280479&page=1&start=0&limit=25","ip":"::1","http_method":"OPTIONS","server":"localhost","referrer":"http://localhost:8081/","uid":"0677915"}
[2017-02-15 01:41:20] INFO > #200: (/classificacao) - [] - {"url":"/classificacao?_dc=1487119280480&page=1&start=0&limit=25","ip":"::1","http_method":"OPTIONS","server":"localhost","referrer":"http://localhost:8081/","uid":"d8d1f8b"}
[2017-02-15 01:41:20] INFO > #200: (/nivelrisco) - [] - {"url":"/nivelrisco?_dc=1487119280480&page=1&start=0&limit=25","ip":"::1","http_method":"OPTIONS","server":"localhost","referrer":"http://localhost:8081/","uid":"a27c352"}
[2017-02-15 01:41:20] INFO > #200: (/projetos) - [] - {"url":"/projetos?_dc=1487119280472&page=1&start=0&limit=25&sort=nomeusuario&dir=desc","ip":"::1","http_method":"GET","server":"localhost","referrer":"http://localhost:8081/","uid":"228059a"}
[2017-02-15 01:41:20] INFO > #200: (/hora) - [] - {"url":"/hora?_dc=1487119280475&page=1&start=0&limit=25","ip":"::1","http_method":"GET","server":"localhost","referrer":"http://localhost:8081/","uid":"cb3e113"}
[2017-02-15 01:41:20] INFO > #200: (/sistemasinternos) - [] - {"url":"/sistemasinternos?_dc=1487119280476&page=1&start=0&limit=25","ip":"::1","http_method":"GET","server":"localhost","referrer":"http://localhost:8081/","uid":"d40ccab"}
[2017-02-15 01:41:20] INFO > #200: (/sistemasexternos) - [] - {"url":"/sistemasexternos?_dc=1487119280476&page=1&start=0&limit=25","ip":"::1","http_method":"GET","server":"localhost","referrer":"http://localhost:8081/","uid":"a279a54"}
[2017-02-15 01:41:20] INFO > #200: (/sistemas) - [] - {"url":"/sistemas?_dc=1487119280477&page=1&start=0&limit=25","ip":"::1","http_method":"GET","server":"localhost","referrer":"http://localhost:8081/","uid":"16950cc"}
[2017-02-15 01:41:20] INFO > #200: (/sistemas) - [] - {"url":"/sistemas?_dc=1487119280478&page=1&start=0&limit=25","ip":"::1","http_method":"GET","server":"localhost","referrer":"http://localhost:8081/","uid":"8fab17d"}
[2017-02-15 01:41:20] INFO > #200: (/abrangencia) - [] - {"url":"/abrangencia?_dc=1487119280478&page=1&start=0&limit=25","ip":"::1","http_method":"GET","server":"localhost","referrer":"http://localhost:8081/","uid":"6f91e40"}
[2017-02-15 01:41:20] INFO > #200: (/estabilidade) - [] - {"url":"/estabilidade?_dc=1487119280479&page=1&start=0&limit=25","ip":"::1","http_method":"GET","server":"localhost","referrer":"http://localhost:8081/","uid":"0bbfc87"}
[2017-02-15 01:41:20] INFO > #200: (/conhecimento) - [] - {"url":"/conhecimento?_dc=1487119280479&page=1&start=0&limit=25","ip":"::1","http_method":"GET","server":"localhost","referrer":"http://localhost:8081/","uid":"af3cff4"}
[2017-02-15 01:41:20] INFO > #200: (/classificacao) - [] - {"url":"/classificacao?_dc=1487119280480&page=1&start=0&limit=25","ip":"::1","http_method":"GET","server":"localhost","referrer":"http://localhost:8081/","uid":"e8ef81e"}
[2017-02-15 01:41:21] INFO > #200: (/nivelrisco) - [] - {"url":"/nivelrisco?_dc=1487119280480&page=1&start=0&limit=25","ip":"::1","http_method":"GET","server":"localhost","referrer":"http://localhost:8081/","uid":"500c85c"}
[2017-02-15 01:42:22] INFO > #200: (/projetos) - [] - {"url":"/projetos?_dc=1487119342522&page=1&start=0&limit=25&sort=nomeusuario&dir=desc","ip":"::1","http_method":"OPTIONS","server":"localhost","referrer":"http://localhost:8081/","uid":"db45048"}
[2017-02-15 01:42:22] INFO > #200: (/hora) - [] - {"url":"/hora?_dc=1487119342525&page=1&start=0&limit=25","ip":"::1","http_method":"OPTIONS","server":"localhost","referrer":"http://localhost:8081/","uid":"e67c6e1"}
[2017-02-15 01:42:22] INFO > #200: (/sistemasinternos) - [] - {"url":"/sistemasinternos?_dc=1487119342525&page=1&start=0&limit=25","ip":"::1","http_method":"OPTIONS","server":"localhost","referrer":"http://localhost:8081/","uid":"568f83e"}
[2017-02-15 01:42:22] INFO > #200: (/sistemasexternos) - [] - {"url":"/sistemasexternos?_dc=1487119342526&page=1&start=0&limit=25","ip":"::1","http_method":"OPTIONS","server":"localhost","referrer":"http://localhost:8081/","uid":"98c696d"}
[2017-02-15 01:42:22] INFO > #200: (/sistemas) - [] - {"url":"/sistemas?_dc=1487119342526&page=1&start=0&limit=25","ip":"::1","http_method":"OPTIONS","server":"localhost","referrer":"http://localhost:8081/","uid":"917c7ec"}
[2017-02-15 01:42:22] INFO > #200: (/sistemas) - [] - {"url":"/sistemas?_dc=1487119342526&page=1&start=0&limit=25","ip":"::1","http_method":"OPTIONS","server":"localhost","referrer":"http://localhost:8081/","uid":"c12fad7"}
[2017-02-15 01:42:22] INFO > #200: (/abrangencia) - [] - {"url":"/abrangencia?_dc=1487119342527&page=1&start=0&limit=25","ip":"::1","http_method":"OPTIONS","server":"localhost","referrer":"http://localhost:8081/","uid":"3ecbf77"}
[2017-02-15 01:42:22] INFO > #200: (/estabilidade) - [] - {"url":"/estabilidade?_dc=1487119342528&page=1&start=0&limit=25","ip":"::1","http_method":"OPTIONS","server":"localhost","referrer":"http://localhost:8081/","uid":"f14fab6"}
[2017-02-15 01:42:22] INFO > #200: (/conhecimento) - [] - {"url":"/conhecimento?_dc=1487119342528&page=1&start=0&limit=25","ip":"::1","http_method":"OPTIONS","server":"localhost","referrer":"http://localhost:8081/","uid":"c829d70"}
[2017-02-15 01:42:22] INFO > #200: (/classificacao) - [] - {"url":"/classificacao?_dc=1487119342529&page=1&start=0&limit=25","ip":"::1","http_method":"OPTIONS","server":"localhost","referrer":"http://localhost:8081/","uid":"2ab1bbf"}
[2017-02-15 01:42:22] INFO > #200: (/nivelrisco) - [] - {"url":"/nivelrisco?_dc=1487119342529&page=1&start=0&limit=25","ip":"::1","http_method":"OPTIONS","server":"localhost","referrer":"http://localhost:8081/","uid":"c2a06f7"}
[2017-02-15 01:42:22] INFO > #200: (/projetos) - [] - {"url":"/projetos?_dc=1487119342522&page=1&start=0&limit=25&sort=nomeusuario&dir=desc","ip":"::1","http_method":"GET","server":"localhost","referrer":"http://localhost:8081/","uid":"b273f76"}
[2017-02-15 01:42:22] INFO > #200: (/hora) - [] - {"url":"/hora?_dc=1487119342525&page=1&start=0&limit=25","ip":"::1","http_method":"GET","server":"localhost","referrer":"http://localhost:8081/","uid":"56e9b21"}
[2017-02-15 01:42:22] INFO > #200: (/sistemasinternos) - [] - {"url":"/sistemasinternos?_dc=1487119342525&page=1&start=0&limit=25","ip":"::1","http_method":"GET","server":"localhost","referrer":"http://localhost:8081/","uid":"b590ced"}
[2017-02-15 01:42:22] INFO > #200: (/sistemasexternos) - [] - {"url":"/sistemasexternos?_dc=1487119342526&page=1&start=0&limit=25","ip":"::1","http_method":"GET","server":"localhost","referrer":"http://localhost:8081/","uid":"6ef51d4"}
[2017-02-15 01:42:22] INFO > #200: (/sistemas) - [] - {"url":"/sistemas?_dc=1487119342526&page=1&start=0&limit=25","ip":"::1","http_method":"GET","server":"localhost","referrer":"http://localhost:8081/","uid":"f92a685"}
[2017-02-15 01:42:22] INFO > #200: (/abrangencia) - [] - {"url":"/abrangencia?_dc=1487119342527&page=1&start=0&limit=25","ip":"::1","http_method":"GET","server":"localhost","referrer":"http://localhost:8081/","uid":"36e5272"}
[2017-02-15 01:42:22] INFO > #200: (/estabilidade) - [] - {"url":"/estabilidade?_dc=1487119342528&page=1&start=0&limit=25","ip":"::1","http_method":"GET","server":"localhost","referrer":"http://localhost:8081/","uid":"c7e8f1d"}
[2017-02-15 01:42:22] INFO > #200: (/conhecimento) - [] - {"url":"/conhecimento?_dc=1487119342528&page=1&start=0&limit=25","ip":"::1","http_method":"GET","server":"localhost","referrer":"http://localhost:8081/","uid":"edc1b47"}
[2017-02-15 01:42:23] INFO > #200: (/classificacao) - [] - {"url":"/classificacao?_dc=1487119342529&page=1&start=0&limit=25","ip":"::1","http_method":"GET","server":"localhost","referrer":"http://localhost:8081/","uid":"e698b3e"}
[2017-02-15 01:42:23] INFO > #200: (/nivelrisco) - [] - {"url":"/nivelrisco?_dc=1487119342529&page=1&start=0&limit=25","ip":"::1","http_method":"GET","server":"localhost","referrer":"http://localhost:8081/","uid":"d591d2d"}
[2017-02-15 01:42:23] INFO > #200: (/sistemas) - [] - {"url":"/sistemas?_dc=1487119342526&page=1&start=0&limit=25","ip":"::1","http_method":"GET","server":"localhost","referrer":"http://localhost:8081/","uid":"37b6c3d"}
[2017-02-15 01:42:39] INFO > #200: (/projetos) - [] - {"url":"/projetos?_dc=1487119359121&page=1&start=0&limit=25&sort=nomeusuario&dir=desc","ip":"::1","http_method":"OPTIONS","server":"localhost","referrer":"http://localhost:8081/","uid":"b04a8b7"}
[2017-02-15 01:42:39] INFO > #200: (/hora) - [] - {"url":"/hora?_dc=1487119359125&page=1&start=0&limit=25","ip":"::1","http_method":"OPTIONS","server":"localhost","referrer":"http://localhost:8081/","uid":"a377f0a"}
[2017-02-15 01:42:39] INFO > #200: (/sistemasinternos) - [] - {"url":"/sistemasinternos?_dc=1487119359126&page=1&start=0&limit=25","ip":"::1","http_method":"OPTIONS","server":"localhost","referrer":"http://localhost:8081/","uid":"5742562"}
[2017-02-15 01:42:39] INFO > #200: (/sistemasexternos) - [] - {"url":"/sistemasexternos?_dc=1487119359127&page=1&start=0&limit=25","ip":"::1","http_method":"OPTIONS","server":"localhost","referrer":"http://localhost:8081/","uid":"7b3f9dc"}
[2017-02-15 01:42:39] INFO > #200: (/sistemas) - [] - {"url":"/sistemas?_dc=1487119359127&page=1&start=0&limit=25","ip":"::1","http_method":"OPTIONS","server":"localhost","referrer":"http://localhost:8081/","uid":"f8a3773"}
[2017-02-15 01:42:39] INFO > #200: (/sistemas) - [] - {"url":"/sistemas?_dc=1487119359128&page=1&start=0&limit=25","ip":"::1","http_method":"OPTIONS","server":"localhost","referrer":"http://localhost:8081/","uid":"44a6aa0"}
[2017-02-15 01:42:39] INFO > #200: (/abrangencia) - [] - {"url":"/abrangencia?_dc=1487119359128&page=1&start=0&limit=25","ip":"::1","http_method":"OPTIONS","server":"localhost","referrer":"http://localhost:8081/","uid":"2aa90b9"}
[2017-02-15 01:42:39] INFO > #200: (/estabilidade) - [] - {"url":"/estabilidade?_dc=1487119359129&page=1&start=0&limit=25","ip":"::1","http_method":"OPTIONS","server":"localhost","referrer":"http://localhost:8081/","uid":"2bafbea"}
[2017-02-15 01:42:39] INFO > #200: (/conhecimento) - [] - {"url":"/conhecimento?_dc=1487119359130&page=1&start=0&limit=25","ip":"::1","http_method":"OPTIONS","server":"localhost","referrer":"http://localhost:8081/","uid":"6700fc5"}
[2017-02-15 01:42:39] INFO > #200: (/classificacao) - [] - {"url":"/classificacao?_dc=1487119359130&page=1&start=0&limit=25","ip":"::1","http_method":"OPTIONS","server":"localhost","referrer":"http://localhost:8081/","uid":"ea95cc6"}
[2017-02-15 01:42:39] INFO > #200: (/nivelrisco) - [] - {"url":"/nivelrisco?_dc=1487119359131&page=1&start=0&limit=25","ip":"::1","http_method":"OPTIONS","server":"localhost","referrer":"http://localhost:8081/","uid":"4e97140"}
[2017-02-15 01:42:39] INFO > #200: (/projetos) - [] - {"url":"/projetos?_dc=1487119359121&page=1&start=0&limit=25&sort=nomeusuario&dir=desc","ip":"::1","http_method":"GET","server":"localhost","referrer":"http://localhost:8081/","uid":"193a1dd"}
[2017-02-15 01:42:39] INFO > #200: (/hora) - [] - {"url":"/hora?_dc=1487119359125&page=1&start=0&limit=25","ip":"::1","http_method":"GET","server":"localhost","referrer":"http://localhost:8081/","uid":"55c0574"}
[2017-02-15 01:42:39] INFO > #200: (/sistemasinternos) - [] - {"url":"/sistemasinternos?_dc=1487119359126&page=1&start=0&limit=25","ip":"::1","http_method":"GET","server":"localhost","referrer":"http://localhost:8081/","uid":"ad6cd1b"}
[2017-02-15 01:42:39] INFO > #200: (/sistemasexternos) - [] - {"url":"/sistemasexternos?_dc=1487119359127&page=1&start=0&limit=25","ip":"::1","http_method":"GET","server":"localhost","referrer":"http://localhost:8081/","uid":"7ce3bb7"}
[2017-02-15 01:42:39] INFO > #200: (/sistemas) - [] - {"url":"/sistemas?_dc=1487119359127&page=1&start=0&limit=25","ip":"::1","http_method":"GET","server":"localhost","referrer":"http://localhost:8081/","uid":"26b3ae6"}
[2017-02-15 01:42:39] INFO > #200: (/sistemas) - [] - {"url":"/sistemas?_dc=1487119359128&page=1&start=0&limit=25","ip":"::1","http_method":"GET","server":"localhost","referrer":"http://localhost:8081/","uid":"8fe2e0f"}
[2017-02-15 01:42:39] INFO > #200: (/abrangencia) - [] - {"url":"/abrangencia?_dc=1487119359128&page=1&start=0&limit=25","ip":"::1","http_method":"GET","server":"localhost","referrer":"http://localhost:8081/","uid":"f671953"}
[2017-02-15 01:42:39] INFO > #200: (/estabilidade) - [] - {"url":"/estabilidade?_dc=1487119359129&page=1&start=0&limit=25","ip":"::1","http_method":"GET","server":"localhost","referrer":"http://localhost:8081/","uid":"99835b5"}
[2017-02-15 01:42:39] INFO > #200: (/conhecimento) - [] - {"url":"/conhecimento?_dc=1487119359130&page=1&start=0&limit=25","ip":"::1","http_method":"GET","server":"localhost","referrer":"http://localhost:8081/","uid":"aecd15c"}
[2017-02-15 01:42:39] INFO > #200: (/classificacao) - [] - {"url":"/classificacao?_dc=1487119359130&page=1&start=0&limit=25","ip":"::1","http_method":"GET","server":"localhost","referrer":"http://localhost:8081/","uid":"236290f"}
[2017-02-15 01:42:39] INFO > #200: (/nivelrisco) - [] - {"url":"/nivelrisco?_dc=1487119359131&page=1&start=0&limit=25","ip":"::1","http_method":"GET","server":"localhost","referrer":"http://localhost:8081/","uid":"f062e95"}
[2017-02-15 01:43:03] INFO > #200: (/projetos) - [] - {"url":"/projetos?_dc=1487119383574&page=1&start=0&limit=25&sort=nomeusuario&dir=desc","ip":"::1","http_method":"OPTIONS","server":"localhost","referrer":"http://localhost:8081/","uid":"c8051f0"}
[2017-02-15 01:43:03] INFO > #200: (/hora) - [] - {"url":"/hora?_dc=1487119383577&page=1&start=0&limit=25","ip":"::1","http_method":"OPTIONS","server":"localhost","referrer":"http://localhost:8081/","uid":"8761dbb"}
[2017-02-15 01:43:03] INFO > #200: (/sistemasinternos) - [] - {"url":"/sistemasinternos?_dc=1487119383578&page=1&start=0&limit=25","ip":"::1","http_method":"OPTIONS","server":"localhost","referrer":"http://localhost:8081/","uid":"0cff62c"}
[2017-02-15 01:43:03] INFO > #200: (/sistemasexternos) - [] - {"url":"/sistemasexternos?_dc=1487119383578&page=1&start=0&limit=25","ip":"::1","http_method":"OPTIONS","server":"localhost","referrer":"http://localhost:8081/","uid":"5ac28b8"}
[2017-02-15 01:43:03] INFO > #200: (/sistemas) - [] - {"url":"/sistemas?_dc=1487119383579&page=1&start=0&limit=25","ip":"::1","http_method":"OPTIONS","server":"localhost","referrer":"http://localhost:8081/","uid":"d6f6576"}
[2017-02-15 01:43:03] INFO > #200: (/sistemas) - [] - {"url":"/sistemas?_dc=1487119383579&page=1&start=0&limit=25","ip":"::1","http_method":"OPTIONS","server":"localhost","referrer":"http://localhost:8081/","uid":"56097b4"}
[2017-02-15 01:43:03] INFO > #200: (/abrangencia) - [] - {"url":"/abrangencia?_dc=1487119383580&page=1&start=0&limit=25","ip":"::1","http_method":"OPTIONS","server":"localhost","referrer":"http://localhost:8081/","uid":"7bb40fe"}
[2017-02-15 01:43:03] INFO > #200: (/estabilidade) - [] - {"url":"/estabilidade?_dc=1487119383580&page=1&start=0&limit=25","ip":"::1","http_method":"OPTIONS","server":"localhost","referrer":"http://localhost:8081/","uid":"e8cf4cf"}
[2017-02-15 01:43:03] INFO > #200: (/conhecimento) - [] - {"url":"/conhecimento?_dc=1487119383581&page=1&start=0&limit=25","ip":"::1","http_method":"OPTIONS","server":"localhost","referrer":"http://localhost:8081/","uid":"a73f484"}
[2017-02-15 01:43:03] INFO > #200: (/classificacao) - [] - {"url":"/classificacao?_dc=1487119383581&page=1&start=0&limit=25","ip":"::1","http_method":"OPTIONS","server":"localhost","referrer":"http://localhost:8081/","uid":"1b131b9"}
[2017-02-15 01:43:03] INFO > #200: (/nivelrisco) - [] - {"url":"/nivelrisco?_dc=1487119383582&page=1&start=0&limit=25","ip":"::1","http_method":"OPTIONS","server":"localhost","referrer":"http://localhost:8081/","uid":"15c6d67"}
[2017-02-15 01:43:03] INFO > #200: (/projetos) - [] - {"url":"/projetos?_dc=1487119383574&page=1&start=0&limit=25&sort=nomeusuario&dir=desc","ip":"::1","http_method":"GET","server":"localhost","referrer":"http://localhost:8081/","uid":"55c6a04"}
[2017-02-15 01:43:03] INFO > #200: (/hora) - [] - {"url":"/hora?_dc=1487119383577&page=1&start=0&limit=25","ip":"::1","http_method":"GET","server":"localhost","referrer":"http://localhost:8081/","uid":"a64af08"}
[2017-02-15 01:43:03] INFO > #200: (/sistemasinternos) - [] - {"url":"/sistemasinternos?_dc=1487119383578&page=1&start=0&limit=25","ip":"::1","http_method":"GET","server":"localhost","referrer":"http://localhost:8081/","uid":"8af20dc"}
[2017-02-15 01:43:03] INFO > #200: (/sistemasexternos) - [] - {"url":"/sistemasexternos?_dc=1487119383578&page=1&start=0&limit=25","ip":"::1","http_method":"GET","server":"localhost","referrer":"http://localhost:8081/","uid":"5d1f406"}
[2017-02-15 01:43:03] INFO > #200: (/sistemas) - [] - {"url":"/sistemas?_dc=1487119383579&page=1&start=0&limit=25","ip":"::1","http_method":"GET","server":"localhost","referrer":"http://localhost:8081/","uid":"7fd4a0f"}
[2017-02-15 01:43:03] INFO > #200: (/abrangencia) - [] - {"url":"/abrangencia?_dc=1487119383580&page=1&start=0&limit=25","ip":"::1","http_method":"GET","server":"localhost","referrer":"http://localhost:8081/","uid":"b57c059"}
[2017-02-15 01:43:04] INFO > #200: (/estabilidade) - [] - {"url":"/estabilidade?_dc=1487119383580&page=1&start=0&limit=25","ip":"::1","http_method":"GET","server":"localhost","referrer":"http://localhost:8081/","uid":"f5019dc"}
[2017-02-15 01:43:04] INFO > #200: (/conhecimento) - [] - {"url":"/conhecimento?_dc=1487119383581&page=1&start=0&limit=25","ip":"::1","http_method":"GET","server":"localhost","referrer":"http://localhost:8081/","uid":"e37f281"}
[2017-02-15 01:43:04] INFO > #200: (/classificacao) - [] - {"url":"/classificacao?_dc=1487119383581&page=1&start=0&limit=25","ip":"::1","http_method":"GET","server":"localhost","referrer":"http://localhost:8081/","uid":"a73a173"}
[2017-02-15 01:43:04] INFO > #200: (/nivelrisco) - [] - {"url":"/nivelrisco?_dc=1487119383582&page=1&start=0&limit=25","ip":"::1","http_method":"GET","server":"localhost","referrer":"http://localhost:8081/","uid":"1666524"}
[2017-02-15 01:43:04] INFO > #200: (/sistemas) - [] - {"url":"/sistemas?_dc=1487119383579&page=1&start=0&limit=25","ip":"::1","http_method":"GET","server":"localhost","referrer":"http://localhost:8081/","uid":"df5270b"}
[2017-02-15 01:43:59] INFO > #200: (/projetos) - [] - {"url":"/projetos?_dc=1487119439303&page=1&start=0&limit=25&sort=nomeusuario&dir=desc","ip":"::1","http_method":"OPTIONS","server":"localhost","referrer":"http://localhost:8081/","uid":"58d3cf9"}
[2017-02-15 01:43:59] INFO > #200: (/sistemasinternos) - [] - {"url":"/sistemasinternos?_dc=1487119439306&page=1&start=0&limit=25","ip":"::1","http_method":"OPTIONS","server":"localhost","referrer":"http://localhost:8081/","uid":"80bb439"}
[2017-02-15 01:43:59] INFO > #200: (/hora) - [] - {"url":"/hora?_dc=1487119439305&page=1&start=0&limit=25","ip":"::1","http_method":"OPTIONS","server":"localhost","referrer":"http://localhost:8081/","uid":"f1aa71b"}
[2017-02-15 01:43:59] INFO > #200: (/sistemasexternos) - [] - {"url":"/sistemasexternos?_dc=1487119439307&page=1&start=0&limit=25","ip":"::1","http_method":"OPTIONS","server":"localhost","referrer":"http://localhost:8081/","uid":"e702807"}
[2017-02-15 01:43:59] INFO > #200: (/sistemas) - [] - {"url":"/sistemas?_dc=1487119439308&page=1&start=0&limit=25","ip":"::1","http_method":"OPTIONS","server":"localhost","referrer":"http://localhost:8081/","uid":"068e1cb"}
[2017-02-15 01:43:59] INFO > #200: (/sistemas) - [] - {"url":"/sistemas?_dc=1487119439308&page=1&start=0&limit=25","ip":"::1","http_method":"OPTIONS","server":"localhost","referrer":"http://localhost:8081/","uid":"3b6e10d"}
[2017-02-15 01:43:59] INFO > #200: (/abrangencia) - [] - {"url":"/abrangencia?_dc=1487119439309&page=1&start=0&limit=25","ip":"::1","http_method":"OPTIONS","server":"localhost","referrer":"http://localhost:8081/","uid":"1570b0b"}
[2017-02-15 01:43:59] INFO > #200: (/estabilidade) - [] - {"url":"/estabilidade?_dc=1487119439309&page=1&start=0&limit=25","ip":"::1","http_method":"OPTIONS","server":"localhost","referrer":"http://localhost:8081/","uid":"1f04bd8"}
[2017-02-15 01:43:59] INFO > #200: (/conhecimento) - [] - {"url":"/conhecimento?_dc=1487119439310&page=1&start=0&limit=25","ip":"::1","http_method":"OPTIONS","server":"localhost","referrer":"http://localhost:8081/","uid":"1665cb6"}
[2017-02-15 01:43:59] INFO > #200: (/classificacao) - [] - {"url":"/classificacao?_dc=1487119439310&page=1&start=0&limit=25","ip":"::1","http_method":"OPTIONS","server":"localhost","referrer":"http://localhost:8081/","uid":"673ffdc"}
[2017-02-15 01:43:59] INFO > #200: (/nivelrisco) - [] - {"url":"/nivelrisco?_dc=1487119439311&page=1&start=0&limit=25","ip":"::1","http_method":"OPTIONS","server":"localhost","referrer":"http://localhost:8081/","uid":"534ac3e"}
[2017-02-15 01:43:59] INFO > #200: (/projetos) - [] - {"url":"/projetos?_dc=1487119439303&page=1&start=0&limit=25&sort=nomeusuario&dir=desc","ip":"::1","http_method":"GET","server":"localhost","referrer":"http://localhost:8081/","uid":"ba1f1d7"}
[2017-02-15 01:43:59] INFO > #200: (/sistemasinternos) - [] - {"url":"/sistemasinternos?_dc=1487119439306&page=1&start=0&limit=25","ip":"::1","http_method":"GET","server":"localhost","referrer":"http://localhost:8081/","uid":"a2b83da"}
[2017-02-15 01:43:59] INFO > #200: (/hora) - [] - {"url":"/hora?_dc=1487119439305&page=1&start=0&limit=25","ip":"::1","http_method":"GET","server":"localhost","referrer":"http://localhost:8081/","uid":"8bee227"}
[2017-02-15 01:43:59] INFO > #200: (/sistemasexternos) - [] - {"url":"/sistemasexternos?_dc=1487119439307&page=1&start=0&limit=25","ip":"::1","http_method":"GET","server":"localhost","referrer":"http://localhost:8081/","uid":"b791dc5"}
[2017-02-15 01:43:59] INFO > #200: (/sistemas) - [] - {"url":"/sistemas?_dc=1487119439308&page=1&start=0&limit=25","ip":"::1","http_method":"GET","server":"localhost","referrer":"http://localhost:8081/","uid":"23b4682"}
[2017-02-15 01:43:59] INFO > #200: (/abrangencia) - [] - {"url":"/abrangencia?_dc=1487119439309&page=1&start=0&limit=25","ip":"::1","http_method":"GET","server":"localhost","referrer":"http://localhost:8081/","uid":"38f930f"}
[2017-02-15 01:43:59] INFO > #200: (/estabilidade) - [] - {"url":"/estabilidade?_dc=1487119439309&page=1&start=0&limit=25","ip":"::1","http_method":"GET","server":"localhost","referrer":"http://localhost:8081/","uid":"6174d5c"}
[2017-02-15 01:43:59] INFO > #200: (/conhecimento) - [] - {"url":"/conhecimento?_dc=1487119439310&page=1&start=0&limit=25","ip":"::1","http_method":"GET","server":"localhost","referrer":"http://localhost:8081/","uid":"60f5d4f"}
[2017-02-15 01:43:59] INFO > #200: (/classificacao) - [] - {"url":"/classificacao?_dc=1487119439310&page=1&start=0&limit=25","ip":"::1","http_method":"GET","server":"localhost","referrer":"http://localhost:8081/","uid":"bfddb8d"}
[2017-02-15 01:43:59] INFO > #200: (/nivelrisco) - [] - {"url":"/nivelrisco?_dc=1487119439311&page=1&start=0&limit=25","ip":"::1","http_method":"GET","server":"localhost","referrer":"http://localhost:8081/","uid":"bea11b1"}
[2017-02-15 01:43:59] INFO > #200: (/sistemas) - [] - {"url":"/sistemas?_dc=1487119439308&page=1&start=0&limit=25","ip":"::1","http_method":"GET","server":"localhost","referrer":"http://localhost:8081/","uid":"526b772"}
[2017-02-15 01:44:26] INFO > #200: (/projetos) - [] - {"url":"/projetos?_dc=1487119466843&page=1&start=0&limit=25&sort=nomeusuario&dir=desc","ip":"::1","http_method":"OPTIONS","server":"localhost","referrer":"http://localhost:8081/","uid":"657bce5"}
[2017-02-15 01:44:26] INFO > #200: (/sistemasinternos) - [] - {"url":"/sistemasinternos?_dc=1487119466847&page=1&start=0&limit=25","ip":"::1","http_method":"OPTIONS","server":"localhost","referrer":"http://localhost:8081/","uid":"72a32f1"}
[2017-02-15 01:44:26] INFO > #200: (/hora) - [] - {"url":"/hora?_dc=1487119466846&page=1&start=0&limit=25","ip":"::1","http_method":"OPTIONS","server":"localhost","referrer":"http://localhost:8081/","uid":"2d45d31"}
[2017-02-15 01:44:26] INFO > #200: (/sistemasexternos) - [] - {"url":"/sistemasexternos?_dc=1487119466848&page=1&start=0&limit=25","ip":"::1","http_method":"OPTIONS","server":"localhost","referrer":"http://localhost:8081/","uid":"8d752b8"}
[2017-02-15 01:44:26] INFO > #200: (/sistemas) - [] - {"url":"/sistemas?_dc=1487119466849&page=1&start=0&limit=25","ip":"::1","http_method":"OPTIONS","server":"localhost","referrer":"http://localhost:8081/","uid":"dd4d406"}
[2017-02-15 01:44:26] INFO > #200: (/sistemas) - [] - {"url":"/sistemas?_dc=1487119466849&page=1&start=0&limit=25","ip":"::1","http_method":"OPTIONS","server":"localhost","referrer":"http://localhost:8081/","uid":"6c855f6"}
[2017-02-15 01:44:26] INFO > #200: (/abrangencia) - [] - {"url":"/abrangencia?_dc=1487119466850&page=1&start=0&limit=25","ip":"::1","http_method":"OPTIONS","server":"localhost","referrer":"http://localhost:8081/","uid":"0cfde35"}
[2017-02-15 01:44:26] INFO > #200: (/estabilidade) - [] - {"url":"/estabilidade?_dc=1487119466850&page=1&start=0&limit=25","ip":"::1","http_method":"OPTIONS","server":"localhost","referrer":"http://localhost:8081/","uid":"c774c37"}
[2017-02-15 01:44:27] INFO > #200: (/conhecimento) - [] - {"url":"/conhecimento?_dc=1487119466851&page=1&start=0&limit=25","ip":"::1","http_method":"OPTIONS","server":"localhost","referrer":"http://localhost:8081/","uid":"9251be0"}
[2017-02-15 01:44:27] INFO > #200: (/classificacao) - [] - {"url":"/classificacao?_dc=1487119466851&page=1&start=0&limit=25","ip":"::1","http_method":"OPTIONS","server":"localhost","referrer":"http://localhost:8081/","uid":"e61a187"}
[2017-02-15 01:44:27] INFO > #200: (/nivelrisco) - [] - {"url":"/nivelrisco?_dc=1487119466852&page=1&start=0&limit=25","ip":"::1","http_method":"OPTIONS","server":"localhost","referrer":"http://localhost:8081/","uid":"51b5077"}
[2017-02-15 01:44:27] INFO > #200: (/projetos) - [] - {"url":"/projetos?_dc=1487119466843&page=1&start=0&limit=25&sort=nomeusuario&dir=desc","ip":"::1","http_method":"GET","server":"localhost","referrer":"http://localhost:8081/","uid":"2f44246"}
[2017-02-15 01:44:27] INFO > #200: (/sistemasinternos) - [] - {"url":"/sistemasinternos?_dc=1487119466847&page=1&start=0&limit=25","ip":"::1","http_method":"GET","server":"localhost","referrer":"http://localhost:8081/","uid":"4b9b00b"}
[2017-02-15 01:44:27] INFO > #200: (/hora) - [] - {"url":"/hora?_dc=1487119466846&page=1&start=0&limit=25","ip":"::1","http_method":"GET","server":"localhost","referrer":"http://localhost:8081/","uid":"5c756f7"}
[2017-02-15 01:44:27] INFO > #200: (/sistemasexternos) - [] - {"url":"/sistemasexternos?_dc=1487119466848&page=1&start=0&limit=25","ip":"::1","http_method":"GET","server":"localhost","referrer":"http://localhost:8081/","uid":"88d21e8"}
[2017-02-15 01:44:27] INFO > #200: (/sistemas) - [] - {"url":"/sistemas?_dc=1487119466849&page=1&start=0&limit=25","ip":"::1","http_method":"GET","server":"localhost","referrer":"http://localhost:8081/","uid":"6e20024"}
[2017-02-15 01:44:27] INFO > #200: (/abrangencia) - [] - {"url":"/abrangencia?_dc=1487119466850&page=1&start=0&limit=25","ip":"::1","http_method":"GET","server":"localhost","referrer":"http://localhost:8081/","uid":"fa09894"}
[2017-02-15 01:44:27] INFO > #200: (/estabilidade) - [] - {"url":"/estabilidade?_dc=1487119466850&page=1&start=0&limit=25","ip":"::1","http_method":"GET","server":"localhost","referrer":"http://localhost:8081/","uid":"44a8679"}
[2017-02-15 01:44:27] INFO > #200: (/conhecimento) - [] - {"url":"/conhecimento?_dc=1487119466851&page=1&start=0&limit=25","ip":"::1","http_method":"GET","server":"localhost","referrer":"http://localhost:8081/","uid":"42854f3"}
[2017-02-15 01:44:27] INFO > #200: (/classificacao) - [] - {"url":"/classificacao?_dc=1487119466851&page=1&start=0&limit=25","ip":"::1","http_method":"GET","server":"localhost","referrer":"http://localhost:8081/","uid":"8cc0e49"}
[2017-02-15 01:44:27] INFO > #200: (/nivelrisco) - [] - {"url":"/nivelrisco?_dc=1487119466852&page=1&start=0&limit=25","ip":"::1","http_method":"GET","server":"localhost","referrer":"http://localhost:8081/","uid":"dba1dfa"}
[2017-02-15 01:44:27] INFO > #200: (/sistemas) - [] - {"url":"/sistemas?_dc=1487119466849&page=1&start=0&limit=25","ip":"::1","http_method":"GET","server":"localhost","referrer":"http://localhost:8081/","uid":"38ac643"}
[2017-02-15 01:45:19] INFO > #200: (/projetos) - [] - {"url":"/projetos?_dc=1487119519205&page=1&start=0&limit=25&sort=nomeusuario&dir=desc","ip":"::1","http_method":"OPTIONS","server":"localhost","referrer":"http://localhost:8081/","uid":"374ac70"}
[2017-02-15 01:45:19] INFO > #200: (/hora) - [] - {"url":"/hora?_dc=1487119519209&page=1&start=0&limit=25","ip":"::1","http_method":"OPTIONS","server":"localhost","referrer":"http://localhost:8081/","uid":"23ccf68"}
[2017-02-15 01:45:19] INFO > #200: (/sistemasinternos) - [] - {"url":"/sistemasinternos?_dc=1487119519210&page=1&start=0&limit=25","ip":"::1","http_method":"OPTIONS","server":"localhost","referrer":"http://localhost:8081/","uid":"e7b4c8f"}
[2017-02-15 01:45:19] INFO > #200: (/sistemasexternos) - [] - {"url":"/sistemasexternos?_dc=1487119519211&page=1&start=0&limit=25","ip":"::1","http_method":"OPTIONS","server":"localhost","referrer":"http://localhost:8081/","uid":"8e3a228"}
[2017-02-15 01:45:19] INFO > #200: (/sistemas) - [] - {"url":"/sistemas?_dc=1487119519211&page=1&start=0&limit=25","ip":"::1","http_method":"OPTIONS","server":"localhost","referrer":"http://localhost:8081/","uid":"c272561"}
[2017-02-15 01:45:19] INFO > #200: (/sistemas) - [] - {"url":"/sistemas?_dc=1487119519212&page=1&start=0&limit=25","ip":"::1","http_method":"OPTIONS","server":"localhost","referrer":"http://localhost:8081/","uid":"58a8e68"}
[2017-02-15 01:45:19] INFO > #200: (/abrangencia) - [] - {"url":"/abrangencia?_dc=1487119519212&page=1&start=0&limit=25","ip":"::1","http_method":"OPTIONS","server":"localhost","referrer":"http://localhost:8081/","uid":"982aac0"}
[2017-02-15 01:45:19] INFO > #200: (/estabilidade) - [] - {"url":"/estabilidade?_dc=1487119519213&page=1&start=0&limit=25","ip":"::1","http_method":"OPTIONS","server":"localhost","referrer":"http://localhost:8081/","uid":"2857416"}
[2017-02-15 01:45:19] INFO > #200: (/conhecimento) - [] - {"url":"/conhecimento?_dc=1487119519213&page=1&start=0&limit=25","ip":"::1","http_method":"OPTIONS","server":"localhost","referrer":"http://localhost:8081/","uid":"db0c57a"}
[2017-02-15 01:45:19] INFO > #200: (/classificacao) - [] - {"url":"/classificacao?_dc=1487119519214&page=1&start=0&limit=25","ip":"::1","http_method":"OPTIONS","server":"localhost","referrer":"http://localhost:8081/","uid":"84c32a4"}
[2017-02-15 01:45:19] INFO > #200: (/nivelrisco) - [] - {"url":"/nivelrisco?_dc=1487119519215&page=1&start=0&limit=25","ip":"::1","http_method":"OPTIONS","server":"localhost","referrer":"http://localhost:8081/","uid":"c9a9b34"}
[2017-02-15 01:45:19] INFO > #200: (/projetos) - [] - {"url":"/projetos?_dc=1487119519205&page=1&start=0&limit=25&sort=nomeusuario&dir=desc","ip":"::1","http_method":"GET","server":"localhost","referrer":"http://localhost:8081/","uid":"8009881"}
[2017-02-15 01:45:19] INFO > #200: (/hora) - [] - {"url":"/hora?_dc=1487119519209&page=1&start=0&limit=25","ip":"::1","http_method":"GET","server":"localhost","referrer":"http://localhost:8081/","uid":"f74dc0c"}
[2017-02-15 01:45:19] INFO > #200: (/sistemasinternos) - [] - {"url":"/sistemasinternos?_dc=1487119519210&page=1&start=0&limit=25","ip":"::1","http_method":"GET","server":"localhost","referrer":"http://localhost:8081/","uid":"46e48fb"}
[2017-02-15 01:45:19] INFO > #200: (/sistemasexternos) - [] - {"url":"/sistemasexternos?_dc=1487119519211&page=1&start=0&limit=25","ip":"::1","http_method":"GET","server":"localhost","referrer":"http://localhost:8081/","uid":"de78b03"}
[2017-02-15 01:45:19] INFO > #200: (/sistemas) - [] - {"url":"/sistemas?_dc=1487119519211&page=1&start=0&limit=25","ip":"::1","http_method":"GET","server":"localhost","referrer":"http://localhost:8081/","uid":"7a7662b"}
[2017-02-15 01:45:19] INFO > #200: (/sistemas) - [] - {"url":"/sistemas?_dc=1487119519212&page=1&start=0&limit=25","ip":"::1","http_method":"GET","server":"localhost","referrer":"http://localhost:8081/","uid":"aa0406b"}
[2017-02-15 01:45:19] INFO > #200: (/abrangencia) - [] - {"url":"/abrangencia?_dc=1487119519212&page=1&start=0&limit=25","ip":"::1","http_method":"GET","server":"localhost","referrer":"http://localhost:8081/","uid":"4dda277"}
[2017-02-15 01:45:19] INFO > #200: (/estabilidade) - [] - {"url":"/estabilidade?_dc=1487119519213&page=1&start=0&limit=25","ip":"::1","http_method":"GET","server":"localhost","referrer":"http://localhost:8081/","uid":"4e9d7ac"}
[2017-02-15 01:45:19] INFO > #200: (/conhecimento) - [] - {"url":"/conhecimento?_dc=1487119519213&page=1&start=0&limit=25","ip":"::1","http_method":"GET","server":"localhost","referrer":"http://localhost:8081/","uid":"d87d30e"}
[2017-02-15 01:45:19] INFO > #200: (/classificacao) - [] - {"url":"/classificacao?_dc=1487119519214&page=1&start=0&limit=25","ip":"::1","http_method":"GET","server":"localhost","referrer":"http://localhost:8081/","uid":"8d2d2c5"}
[2017-02-15 01:45:19] INFO > #200: (/nivelrisco) - [] - {"url":"/nivelrisco?_dc=1487119519215&page=1&start=0&limit=25","ip":"::1","http_method":"GET","server":"localhost","referrer":"http://localhost:8081/","uid":"26e06d0"}
[2017-02-15 01:53:04] INFO > #200: (/projetos) - [] - {"url":"/projetos?_dc=1487119984504&page=1&start=0&limit=25&sort=nomeusuario&dir=desc","ip":"::1","http_method":"OPTIONS","server":"localhost","referrer":"http://localhost:8081/","uid":"6f359ec"}
[2017-02-15 01:53:04] INFO > #200: (/projetos) - [] - {"url":"/projetos?_dc=1487119984504&page=1&start=0&limit=25&sort=nomeusuario&dir=desc","ip":"::1","http_method":"GET","server":"localhost","referrer":"http://localhost:8081/","uid":"ebe0da2"}
[2017-02-15 01:53:07] INFO > #200: (/projetos) - [] - {"url":"/projetos?_dc=1487119987034&page=1&start=0&limit=25&sort=nomeusuario&dir=desc","ip":"::1","http_method":"OPTIONS","server":"localhost","referrer":"http://localhost:8081/","uid":"530d34f"}
[2017-02-15 01:53:07] INFO > #200: (/hora) - [] - {"url":"/hora?_dc=1487119987037&page=1&start=0&limit=25","ip":"::1","http_method":"OPTIONS","server":"localhost","referrer":"http://localhost:8081/","uid":"69419e0"}
[2017-02-15 01:53:07] INFO > #200: (/sistemasinternos) - [] - {"url":"/sistemasinternos?_dc=1487119987037&page=1&start=0&limit=25","ip":"::1","http_method":"OPTIONS","server":"localhost","referrer":"http://localhost:8081/","uid":"93912df"}
[2017-02-15 01:53:07] INFO > #200: (/sistemasexternos) - [] - {"url":"/sistemasexternos?_dc=1487119987038&page=1&start=0&limit=25","ip":"::1","http_method":"OPTIONS","server":"localhost","referrer":"http://localhost:8081/","uid":"83cd17e"}
[2017-02-15 01:53:07] INFO > #200: (/sistemas) - [] - {"url":"/sistemas?_dc=1487119987038&page=1&start=0&limit=25","ip":"::1","http_method":"OPTIONS","server":"localhost","referrer":"http://localhost:8081/","uid":"4c113f2"}
[2017-02-15 01:53:07] INFO > #200: (/sistemas) - [] - {"url":"/sistemas?_dc=1487119987039&page=1&start=0&limit=25","ip":"::1","http_method":"OPTIONS","server":"localhost","referrer":"http://localhost:8081/","uid":"860fd9c"}
[2017-02-15 01:53:07] INFO > #200: (/abrangencia) - [] - {"url":"/abrangencia?_dc=1487119987039&page=1&start=0&limit=25","ip":"::1","http_method":"OPTIONS","server":"localhost","referrer":"http://localhost:8081/","uid":"c7049a1"}
[2017-02-15 01:53:07] INFO > #200: (/estabilidade) - [] - {"url":"/estabilidade?_dc=1487119987040&page=1&start=0&limit=25","ip":"::1","http_method":"OPTIONS","server":"localhost","referrer":"http://localhost:8081/","uid":"ded63a0"}
[2017-02-15 01:53:07] INFO > #200: (/conhecimento) - [] - {"url":"/conhecimento?_dc=1487119987040&page=1&start=0&limit=25","ip":"::1","http_method":"OPTIONS","server":"localhost","referrer":"http://localhost:8081/","uid":"6af6d20"}
[2017-02-15 01:53:07] INFO > #200: (/classificacao) - [] - {"url":"/classificacao?_dc=1487119987041&page=1&start=0&limit=25","ip":"::1","http_method":"OPTIONS","server":"localhost","referrer":"http://localhost:8081/","uid":"1634f99"}
[2017-02-15 01:53:07] INFO > #200: (/nivelrisco) - [] - {"url":"/nivelrisco?_dc=1487119987042&page=1&start=0&limit=25","ip":"::1","http_method":"OPTIONS","server":"localhost","referrer":"http://localhost:8081/","uid":"6304e64"}
[2017-02-15 01:53:07] INFO > #200: (/projetos) - [] - {"url":"/projetos?_dc=1487119987034&page=1&start=0&limit=25&sort=nomeusuario&dir=desc","ip":"::1","http_method":"GET","server":"localhost","referrer":"http://localhost:8081/","uid":"37ebbee"}
[2017-02-15 01:53:07] INFO > #200: (/hora) - [] - {"url":"/hora?_dc=1487119987037&page=1&start=0&limit=25","ip":"::1","http_method":"GET","server":"localhost","referrer":"http://localhost:8081/","uid":"0ba7983"}
[2017-02-15 01:53:07] INFO > #200: (/sistemasinternos) - [] - {"url":"/sistemasinternos?_dc=1487119987037&page=1&start=0&limit=25","ip":"::1","http_method":"GET","server":"localhost","referrer":"http://localhost:8081/","uid":"6fdd9ab"}
[2017-02-15 01:53:07] INFO > #200: (/sistemasexternos) - [] - {"url":"/sistemasexternos?_dc=1487119987038&page=1&start=0&limit=25","ip":"::1","http_method":"GET","server":"localhost","referrer":"http://localhost:8081/","uid":"717f7c9"}
[2017-02-15 01:53:07] INFO > #200: (/sistemas) - [] - {"url":"/sistemas?_dc=1487119987038&page=1&start=0&limit=25","ip":"::1","http_method":"GET","server":"localhost","referrer":"http://localhost:8081/","uid":"2c4076b"}
[2017-02-15 01:53:07] INFO > #200: (/sistemas) - [] - {"url":"/sistemas?_dc=1487119987039&page=1&start=0&limit=25","ip":"::1","http_method":"GET","server":"localhost","referrer":"http://localhost:8081/","uid":"8bf7fc7"}
[2017-02-15 01:53:07] INFO > #200: (/abrangencia) - [] - {"url":"/abrangencia?_dc=1487119987039&page=1&start=0&limit=25","ip":"::1","http_method":"GET","server":"localhost","referrer":"http://localhost:8081/","uid":"e7d9291"}
[2017-02-15 01:53:07] INFO > #200: (/estabilidade) - [] - {"url":"/estabilidade?_dc=1487119987040&page=1&start=0&limit=25","ip":"::1","http_method":"GET","server":"localhost","referrer":"http://localhost:8081/","uid":"c5dd0f9"}
[2017-02-15 01:53:07] INFO > #200: (/conhecimento) - [] - {"url":"/conhecimento?_dc=1487119987040&page=1&start=0&limit=25","ip":"::1","http_method":"GET","server":"localhost","referrer":"http://localhost:8081/","uid":"1c2fba6"}
[2017-02-15 01:53:07] INFO > #200: (/classificacao) - [] - {"url":"/classificacao?_dc=1487119987041&page=1&start=0&limit=25","ip":"::1","http_method":"GET","server":"localhost","referrer":"http://localhost:8081/","uid":"c9bf34c"}
[2017-02-15 01:53:07] INFO > #200: (/nivelrisco) - [] - {"url":"/nivelrisco?_dc=1487119987042&page=1&start=0&limit=25","ip":"::1","http_method":"GET","server":"localhost","referrer":"http://localhost:8081/","uid":"f42e0ad"}
[2017-02-15 02:04:03] INFO > #200: (/projetos) - [] - {"url":"/projetos?_dc=1487120643329&page=1&start=0&limit=25&sort=nomeusuario&dir=desc","ip":"::1","http_method":"OPTIONS","server":"localhost","referrer":"http://localhost:8081/","uid":"86c63d4"}
[2017-02-15 02:04:03] INFO > #200: (/hora) - [] - {"url":"/hora?_dc=1487120643333&page=1&start=0&limit=25","ip":"::1","http_method":"OPTIONS","server":"localhost","referrer":"http://localhost:8081/","uid":"c6497fd"}
[2017-02-15 02:04:03] INFO > #200: (/sistemasinternos) - [] - {"url":"/sistemasinternos?_dc=1487120643334&page=1&start=0&limit=25","ip":"::1","http_method":"OPTIONS","server":"localhost","referrer":"http://localhost:8081/","uid":"641eef9"}
[2017-02-15 02:04:03] INFO > #200: (/sistemasexternos) - [] - {"url":"/sistemasexternos?_dc=1487120643334&page=1&start=0&limit=25","ip":"::1","http_method":"OPTIONS","server":"localhost","referrer":"http://localhost:8081/","uid":"b835583"}
[2017-02-15 02:04:03] INFO > #200: (/sistemas) - [] - {"url":"/sistemas?_dc=1487120643335&page=1&start=0&limit=25","ip":"::1","http_method":"OPTIONS","server":"localhost","referrer":"http://localhost:8081/","uid":"eed3971"}
[2017-02-15 02:04:03] INFO > #200: (/sistemas) - [] - {"url":"/sistemas?_dc=1487120643336&page=1&start=0&limit=25","ip":"::1","http_method":"OPTIONS","server":"localhost","referrer":"http://localhost:8081/","uid":"3391974"}
[2017-02-15 02:04:03] INFO > #200: (/abrangencia) - [] - {"url":"/abrangencia?_dc=1487120643336&page=1&start=0&limit=25","ip":"::1","http_method":"OPTIONS","server":"localhost","referrer":"http://localhost:8081/","uid":"f8ee54d"}
[2017-02-15 02:04:03] INFO > #200: (/estabilidade) - [] - {"url":"/estabilidade?_dc=1487120643337&page=1&start=0&limit=25","ip":"::1","http_method":"OPTIONS","server":"localhost","referrer":"http://localhost:8081/","uid":"253f7c1"}
[2017-02-15 02:04:03] INFO > #200: (/conhecimento) - [] - {"url":"/conhecimento?_dc=1487120643337&page=1&start=0&limit=25","ip":"::1","http_method":"OPTIONS","server":"localhost","referrer":"http://localhost:8081/","uid":"e0a2dca"}
[2017-02-15 02:04:03] INFO > #200: (/classificacao) - [] - {"url":"/classificacao?_dc=1487120643338&page=1&start=0&limit=25","ip":"::1","http_method":"OPTIONS","server":"localhost","referrer":"http://localhost:8081/","uid":"d9bb2a2"}
[2017-02-15 02:04:03] INFO > #200: (/nivelrisco) - [] - {"url":"/nivelrisco?_dc=1487120643338&page=1&start=0&limit=25","ip":"::1","http_method":"OPTIONS","server":"localhost","referrer":"http://localhost:8081/","uid":"93d62ca"}
[2017-02-15 02:04:03] INFO > #200: (/projetos) - [] - {"url":"/projetos?_dc=1487120643329&page=1&start=0&limit=25&sort=nomeusuario&dir=desc","ip":"::1","http_method":"GET","server":"localhost","referrer":"http://localhost:8081/","uid":"49ab2b9"}
[2017-02-15 02:04:03] INFO > #200: (/hora) - [] - {"url":"/hora?_dc=1487120643333&page=1&start=0&limit=25","ip":"::1","http_method":"GET","server":"localhost","referrer":"http://localhost:8081/","uid":"e218a60"}
[2017-02-15 02:04:03] INFO > #200: (/sistemasinternos) - [] - {"url":"/sistemasinternos?_dc=1487120643334&page=1&start=0&limit=25","ip":"::1","http_method":"GET","server":"localhost","referrer":"http://localhost:8081/","uid":"b0a574f"}
[2017-02-15 02:04:03] INFO > #200: (/sistemasexternos) - [] - {"url":"/sistemasexternos?_dc=1487120643334&page=1&start=0&limit=25","ip":"::1","http_method":"GET","server":"localhost","referrer":"http://localhost:8081/","uid":"be49eef"}
[2017-02-15 02:04:03] INFO > #200: (/sistemas) - [] - {"url":"/sistemas?_dc=1487120643335&page=1&start=0&limit=25","ip":"::1","http_method":"GET","server":"localhost","referrer":"http://localhost:8081/","uid":"1a342a0"}
[2017-02-15 02:04:03] INFO > #200: (/sistemas) - [] - {"url":"/sistemas?_dc=1487120643336&page=1&start=0&limit=25","ip":"::1","http_method":"GET","server":"localhost","referrer":"http://localhost:8081/","uid":"bc492cb"}
[2017-02-15 02:04:03] INFO > #200: (/abrangencia) - [] - {"url":"/abrangencia?_dc=1487120643336&page=1&start=0&limit=25","ip":"::1","http_method":"GET","server":"localhost","referrer":"http://localhost:8081/","uid":"6aa7d15"}
[2017-02-15 02:04:03] INFO > #200: (/estabilidade) - [] - {"url":"/estabilidade?_dc=1487120643337&page=1&start=0&limit=25","ip":"::1","http_method":"GET","server":"localhost","referrer":"http://localhost:8081/","uid":"8cc8b43"}
[2017-02-15 02:04:03] INFO > #200: (/conhecimento) - [] - {"url":"/conhecimento?_dc=1487120643337&page=1&start=0&limit=25","ip":"::1","http_method":"GET","server":"localhost","referrer":"http://localhost:8081/","uid":"0d005e9"}
[2017-02-15 02:04:03] INFO > #200: (/classificacao) - [] - {"url":"/classificacao?_dc=1487120643338&page=1&start=0&limit=25","ip":"::1","http_method":"GET","server":"localhost","referrer":"http://localhost:8081/","uid":"a8a4c2e"}
[2017-02-15 02:04:03] INFO > #200: (/nivelrisco) - [] - {"url":"/nivelrisco?_dc=1487120643338&page=1&start=0&limit=25","ip":"::1","http_method":"GET","server":"localhost","referrer":"http://localhost:8081/","uid":"fb3161a"}
