[2017-01-16 12:23:36] INFO > #200: (/usuarios) - [] - {"url":"/usuarios?_dc=1484565816442&page=1&start=0&limit=25&sort=nomeusuario&dir=desc","ip":"::1","http_method":"OPTIONS","server":"localhost","referrer":"http://localhost:8081/","uid":"bfc57a2"}
[2017-01-16 12:23:36] INFO > #200: (/usuarios) - [] - {"url":"/usuarios?_dc=1484565816442&page=1&start=0&limit=25&sort=nomeusuario&dir=desc","ip":"::1","http_method":"GET","server":"localhost","referrer":"http://localhost:8081/","uid":"84c958d"}
[2017-01-16 12:23:57] INFO > #200: (/usuarios/97) - [] - {"url":"/usuarios/97","ip":"::1","http_method":"OPTIONS","server":"localhost","referrer":"http://localhost:8081/","uid":"baa808e"}
[2017-01-16 12:23:57] INFO > #200: (/usuarios/97) - [] - {"url":"/usuarios/97","ip":"::1","http_method":"DELETE","server":"localhost","referrer":"http://localhost:8081/","uid":"647c1d4"}
[2017-01-16 12:23:58] INFO > #200: (/usuarios) - [] - {"url":"/usuarios?_dc=1484565838375&page=1&start=0&limit=25&sort=nomeusuario&dir=desc","ip":"::1","http_method":"OPTIONS","server":"localhost","referrer":"http://localhost:8081/","uid":"47647e1"}
[2017-01-16 12:23:58] INFO > #200: (/usuarios) - [] - {"url":"/usuarios?_dc=1484565838375&page=1&start=0&limit=25&sort=nomeusuario&dir=desc","ip":"::1","http_method":"GET","server":"localhost","referrer":"http://localhost:8081/","uid":"29c7f77"}
[2017-01-16 12:29:12] INFO > #200: (/usuarios) - [] - {"url":"/usuarios?_dc=1484566152338&page=1&start=0&limit=25&sort=nomeusuario&dir=desc","ip":"::1","http_method":"OPTIONS","server":"localhost","referrer":"http://localhost:8081/","uid":"7a7bcb3"}
[2017-01-16 12:29:12] INFO > #200: (/usuarios) - [] - {"url":"/usuarios?_dc=1484566152338&page=1&start=0&limit=25&sort=nomeusuario&dir=desc","ip":"::1","http_method":"GET","server":"localhost","referrer":"http://localhost:8081/","uid":"33be1a3"}
[2017-01-16 12:33:48] INFO > #200: (/usuarios) - [] - {"url":"/usuarios","ip":"::1","http_method":"OPTIONS","server":"localhost","referrer":"http://localhost:8081/","uid":"eddd13c"}
[2017-01-16 12:33:48] INFO > #200: (/usuarios) - [] - {"url":"/usuarios","ip":"::1","http_method":"POST","server":"localhost","referrer":"http://localhost:8081/","uid":"408858f"}
[2017-01-16 12:33:49] INFO > #200: (/usuarios) - [] - {"url":"/usuarios?_dc=1484566429469&page=1&start=0&limit=25&sort=nomeusuario&dir=desc","ip":"::1","http_method":"OPTIONS","server":"localhost","referrer":"http://localhost:8081/","uid":"e86062b"}
[2017-01-16 12:33:49] INFO > #200: (/usuarios) - [] - {"url":"/usuarios?_dc=1484566429469&page=1&start=0&limit=25&sort=nomeusuario&dir=desc","ip":"::1","http_method":"GET","server":"localhost","referrer":"http://localhost:8081/","uid":"61ebf22"}
[2017-01-16 12:34:17] INFO > #200: (/usuarios/105) - [] - {"url":"/usuarios/105","ip":"::1","http_method":"OPTIONS","server":"localhost","referrer":"http://localhost:8081/","uid":"727bb49"}
[2017-01-16 12:34:17] INFO > #200: (/usuarios/105) - [] - {"url":"/usuarios/105","ip":"::1","http_method":"PATCH","server":"localhost","referrer":"http://localhost:8081/","uid":"7320fd2"}
[2017-01-16 12:34:18] INFO > #200: (/usuarios) - [] - {"url":"/usuarios?_dc=1484566458117&page=1&start=0&limit=25&sort=nomeusuario&dir=desc","ip":"::1","http_method":"OPTIONS","server":"localhost","referrer":"http://localhost:8081/","uid":"f81b75e"}
[2017-01-16 12:34:18] INFO > #200: (/usuarios) - [] - {"url":"/usuarios?_dc=1484566458117&page=1&start=0&limit=25&sort=nomeusuario&dir=desc","ip":"::1","http_method":"GET","server":"localhost","referrer":"http://localhost:8081/","uid":"4261403"}
[2017-01-16 12:36:45] INFO > #200: (/usuarios) - [] - {"url":"/usuarios?_dc=1484566605881&page=1&start=0&limit=25&sort=nomeusuario&dir=desc","ip":"::1","http_method":"OPTIONS","server":"localhost","referrer":"http://localhost:8081/","uid":"10385e0"}
[2017-01-16 12:36:45] INFO > #200: (/usuarios) - [] - {"url":"/usuarios?_dc=1484566605881&page=1&start=0&limit=25&sort=nomeusuario&dir=desc","ip":"::1","http_method":"GET","server":"localhost","referrer":"http://localhost:8081/","uid":"6ce60bc"}
[2017-01-16 12:37:25] INFO > #200: (/usuarios) - [] - {"url":"/usuarios?_dc=1484566645504&page=1&start=0&limit=25&sort=nomeusuario&dir=desc","ip":"::1","http_method":"OPTIONS","server":"localhost","referrer":"http://localhost:8081/","uid":"8cae12b"}
[2017-01-16 12:37:25] INFO > #200: (/usuarios) - [] - {"url":"/usuarios?_dc=1484566645504&page=1&start=0&limit=25&sort=nomeusuario&dir=desc","ip":"::1","http_method":"GET","server":"localhost","referrer":"http://localhost:8081/","uid":"9debecd"}
[2017-01-16 12:38:02] INFO > #200: (/usuarios) - [] - {"url":"/usuarios?_dc=1484566682127&page=1&start=0&limit=25&sort=nomeusuario&dir=desc","ip":"::1","http_method":"OPTIONS","server":"localhost","referrer":"http://localhost:8081/","uid":"548bf38"}
[2017-01-16 12:38:02] INFO > #200: (/usuarios) - [] - {"url":"/usuarios?_dc=1484566682127&page=1&start=0&limit=25&sort=nomeusuario&dir=desc","ip":"::1","http_method":"GET","server":"localhost","referrer":"http://localhost:8081/","uid":"a981e36"}
[2017-01-16 12:38:18] INFO > #200: (/usuarios) - [] - {"url":"/usuarios?_dc=1484566698383&page=1&start=0&limit=25&sort=nomeusuario&dir=desc","ip":"::1","http_method":"OPTIONS","server":"localhost","referrer":"http://localhost:8081/","uid":"5041f92"}
[2017-01-16 12:38:18] INFO > #200: (/usuarios) - [] - {"url":"/usuarios?_dc=1484566698383&page=1&start=0&limit=25&sort=nomeusuario&dir=desc","ip":"::1","http_method":"GET","server":"localhost","referrer":"http://localhost:8081/","uid":"f12c363"}
[2017-01-16 12:38:28] INFO > #200: (/usuarios) - [] - {"url":"/usuarios?_dc=1484566708317&page=1&start=0&limit=25&sort=nomeusuario&dir=desc","ip":"::1","http_method":"OPTIONS","server":"localhost","referrer":"http://localhost:8081/","uid":"250dbe8"}
[2017-01-16 12:38:28] INFO > #200: (/usuarios) - [] - {"url":"/usuarios?_dc=1484566708317&page=1&start=0&limit=25&sort=nomeusuario&dir=desc","ip":"::1","http_method":"GET","server":"localhost","referrer":"http://localhost:8081/","uid":"3a4c103"}
[2017-01-16 12:39:07] INFO > #200: (/usuarios) - [] - {"url":"/usuarios?_dc=1484566747380&page=1&start=0&limit=25&sort=nomeusuario&dir=desc","ip":"::1","http_method":"OPTIONS","server":"localhost","referrer":"http://localhost:8081/","uid":"2d765e4"}
[2017-01-16 12:39:07] INFO > #200: (/usuarios) - [] - {"url":"/usuarios?_dc=1484566747380&page=1&start=0&limit=25&sort=nomeusuario&dir=desc","ip":"::1","http_method":"GET","server":"localhost","referrer":"http://localhost:8081/","uid":"1cdb62c"}
[2017-01-16 12:39:47] INFO > #200: (/usuarios) - [] - {"url":"/usuarios?_dc=1484566787109&page=1&start=0&limit=25&sort=nomeusuario&dir=desc","ip":"::1","http_method":"OPTIONS","server":"localhost","referrer":"http://localhost:8081/","uid":"f3a6184"}
[2017-01-16 12:39:47] INFO > #200: (/usuarios) - [] - {"url":"/usuarios?_dc=1484566787109&page=1&start=0&limit=25&sort=nomeusuario&dir=desc","ip":"::1","http_method":"GET","server":"localhost","referrer":"http://localhost:8081/","uid":"d974a27"}
[2017-01-16 12:40:23] INFO > #200: (/usuarios) - [] - {"url":"/usuarios?_dc=1484566823616&page=1&start=0&limit=25&sort=nomeusuario&dir=desc","ip":"::1","http_method":"OPTIONS","server":"localhost","referrer":"http://localhost:8081/","uid":"c0e768a"}
[2017-01-16 12:40:23] INFO > #200: (/usuarios) - [] - {"url":"/usuarios?_dc=1484566823616&page=1&start=0&limit=25&sort=nomeusuario&dir=desc","ip":"::1","http_method":"GET","server":"localhost","referrer":"http://localhost:8081/","uid":"d89e2d6"}
[2017-01-16 12:40:47] INFO > #200: (/usuarios) - [] - {"url":"/usuarios?_dc=1484566846998&page=1&start=0&limit=25&sort=nomeusuario&dir=desc","ip":"::1","http_method":"OPTIONS","server":"localhost","referrer":"http://localhost:8081/","uid":"5ec474d"}
[2017-01-16 12:40:47] INFO > #200: (/usuarios) - [] - {"url":"/usuarios?_dc=1484566846998&page=1&start=0&limit=25&sort=nomeusuario&dir=desc","ip":"::1","http_method":"GET","server":"localhost","referrer":"http://localhost:8081/","uid":"a911b74"}
[2017-01-16 12:41:07] INFO > #200: (/usuarios) - [] - {"url":"/usuarios?_dc=1484566867311&page=1&start=0&limit=25&sort=nomeusuario&dir=desc","ip":"::1","http_method":"OPTIONS","server":"localhost","referrer":"http://localhost:8081/","uid":"8472e5d"}
[2017-01-16 12:41:07] INFO > #200: (/usuarios) - [] - {"url":"/usuarios?_dc=1484566867311&page=1&start=0&limit=25&sort=nomeusuario&dir=desc","ip":"::1","http_method":"GET","server":"localhost","referrer":"http://localhost:8081/","uid":"935779d"}
[2017-01-16 12:41:35] INFO > #200: (/usuarios) - [] - {"url":"/usuarios?_dc=1484566895323&page=1&start=0&limit=25&sort=nomeusuario&dir=desc","ip":"::1","http_method":"OPTIONS","server":"localhost","referrer":"http://localhost:8081/","uid":"66c5a38"}
[2017-01-16 12:41:35] INFO > #200: (/usuarios) - [] - {"url":"/usuarios?_dc=1484566895323&page=1&start=0&limit=25&sort=nomeusuario&dir=desc","ip":"::1","http_method":"GET","server":"localhost","referrer":"http://localhost:8081/","uid":"a90c401"}
[2017-01-16 12:44:16] INFO > #200: (/usuarios) - [] - {"url":"/usuarios?_dc=1484567056031&page=1&start=0&limit=25&sort=nomeusuario&dir=desc","ip":"::1","http_method":"OPTIONS","server":"localhost","referrer":"http://localhost:8081/","uid":"2f6b613"}
[2017-01-16 12:44:16] INFO > #200: (/usuarios) - [] - {"url":"/usuarios?_dc=1484567056031&page=1&start=0&limit=25&sort=nomeusuario&dir=desc","ip":"::1","http_method":"GET","server":"localhost","referrer":"http://localhost:8081/","uid":"fef0d56"}
[2017-01-16 12:48:37] INFO > #200: (/usuarios) - [] - {"url":"/usuarios?_dc=1484567317905&page=1&start=0&limit=25&sort=nomeusuario&dir=desc","ip":"::1","http_method":"OPTIONS","server":"localhost","referrer":"http://localhost:8081/","uid":"d81f6ef"}
[2017-01-16 12:48:37] INFO > #200: (/usuarios) - [] - {"url":"/usuarios?_dc=1484567317905&page=1&start=0&limit=25&sort=nomeusuario&dir=desc","ip":"::1","http_method":"GET","server":"localhost","referrer":"http://localhost:8081/","uid":"b6cbaed"}
[2017-01-16 12:49:29] INFO > #200: (/usuarios) - [] - {"url":"/usuarios?_dc=1484567369860&page=1&start=0&limit=25&sort=nomeusuario&dir=desc","ip":"::1","http_method":"OPTIONS","server":"localhost","referrer":"http://localhost:8081/","uid":"18aa76b"}
[2017-01-16 12:49:29] INFO > #200: (/usuarios) - [] - {"url":"/usuarios?_dc=1484567369860&page=1&start=0&limit=25&sort=nomeusuario&dir=desc","ip":"::1","http_method":"GET","server":"localhost","referrer":"http://localhost:8081/","uid":"7167cb2"}
[2017-01-16 12:54:32] INFO > #200: (/usuarios) - [] - {"url":"/usuarios?_dc=1484567672833&page=1&start=0&limit=25&sort=nomeusuario&dir=desc","ip":"::1","http_method":"OPTIONS","server":"localhost","referrer":"http://localhost:8081/","uid":"cd0ff2a"}
[2017-01-16 12:54:32] INFO > #200: (/usuarios) - [] - {"url":"/usuarios?_dc=1484567672833&page=1&start=0&limit=25&sort=nomeusuario&dir=desc","ip":"::1","http_method":"GET","server":"localhost","referrer":"http://localhost:8081/","uid":"d0d51c5"}
[2017-01-16 12:56:39] INFO > #200: (/usuarios) - [] - {"url":"/usuarios?_dc=1484567799058&page=1&start=0&limit=25&sort=nomeusuario&dir=desc","ip":"::1","http_method":"OPTIONS","server":"localhost","referrer":"http://localhost:8081/","uid":"c16d5c8"}
[2017-01-16 12:56:39] INFO > #200: (/usuarios) - [] - {"url":"/usuarios?_dc=1484567799058&page=1&start=0&limit=25&sort=nomeusuario&dir=desc","ip":"::1","http_method":"GET","server":"localhost","referrer":"http://localhost:8081/","uid":"bb4a089"}
[2017-01-16 12:56:45] INFO > #200: (/usuarios) - [] - {"url":"/usuarios?_dc=1484567805466&nomeusuario=fabio&page=1&start=0&limit=25&sort=nomeusuario&dir=desc","ip":"::1","http_method":"OPTIONS","server":"localhost","referrer":"http://localhost:8081/","uid":"80c7eb7"}
[2017-01-16 12:56:45] INFO > #200: (/usuarios) - [] - {"url":"/usuarios?_dc=1484567805466&nomeusuario=fabio&page=1&start=0&limit=25&sort=nomeusuario&dir=desc","ip":"::1","http_method":"GET","server":"localhost","referrer":"http://localhost:8081/","uid":"6ab08d3"}
[2017-01-16 12:56:47] INFO > #200: (/usuarios) - [] - {"url":"/usuarios?_dc=1484567807048&nomeusuario=fabio&page=1&start=0&limit=25&sort=nomeusuario&dir=desc","ip":"::1","http_method":"OPTIONS","server":"localhost","referrer":"http://localhost:8081/","uid":"8e15d58"}
[2017-01-16 12:56:47] INFO > #200: (/usuarios) - [] - {"url":"/usuarios?_dc=1484567807048&nomeusuario=fabio&page=1&start=0&limit=25&sort=nomeusuario&dir=desc","ip":"::1","http_method":"GET","server":"localhost","referrer":"http://localhost:8081/","uid":"3b96d78"}
[2017-01-16 13:07:19] INFO > #200: (/usuarios) - [] - {"url":"/usuarios?_dc=1484568439776&nomeusuario=fabio&page=1&start=0&limit=25&sort=nomeusuario&dir=desc","ip":"::1","http_method":"OPTIONS","server":"localhost","referrer":"http://localhost:8081/","uid":"dfad4a3"}
[2017-01-16 13:07:19] INFO > #200: (/usuarios) - [] - {"url":"/usuarios?_dc=1484568439776&nomeusuario=fabio&page=1&start=0&limit=25&sort=nomeusuario&dir=desc","ip":"::1","http_method":"GET","server":"localhost","referrer":"http://localhost:8081/","uid":"d506d9a"}
[2017-01-16 13:07:23] INFO > #200: (/usuarios) - [] - {"url":"/usuarios?_dc=1484568443340&nomeusuario=fabio&page=1&start=0&limit=25&sort=nomeusuario&dir=desc","ip":"::1","http_method":"OPTIONS","server":"localhost","referrer":"http://localhost:8081/","uid":"4299862"}
[2017-01-16 13:07:23] INFO > #200: (/usuarios) - [] - {"url":"/usuarios?_dc=1484568443340&nomeusuario=fabio&page=1&start=0&limit=25&sort=nomeusuario&dir=desc","ip":"::1","http_method":"GET","server":"localhost","referrer":"http://localhost:8081/","uid":"b11caa3"}
[2017-01-16 13:10:39] INFO > #200: (/usuarios) - [] - {"url":"/usuarios?_dc=1484568639953&page=1&start=0&limit=25&sort=nomeusuario&dir=desc","ip":"::1","http_method":"OPTIONS","server":"localhost","referrer":"http://localhost:8081/","uid":"10b7a7f"}
[2017-01-16 13:11:15] INFO > #200: (/usuarios) - [] - {"url":"/usuarios?_dc=1484568674968&page=1&start=0&limit=25&sort=nomeusuario&dir=desc","ip":"::1","http_method":"OPTIONS","server":"localhost","referrer":"http://localhost:8081/","uid":"a803d96"}
[2017-01-16 13:12:27] INFO > #200: (/usuarios) - [] - {"url":"/usuarios?_dc=1484568747091&page=1&start=0&limit=25&sort=nomeusuario&dir=desc","ip":"::1","http_method":"OPTIONS","server":"localhost","referrer":"http://localhost:8081/","uid":"812ebc7"}
[2017-01-16 13:14:34] INFO > #200: (/usuarios) - [] - {"url":"/usuarios?_dc=1484568874781&page=1&start=0&limit=25&sort=nomeusuario&dir=desc","ip":"::1","http_method":"OPTIONS","server":"localhost","referrer":"http://localhost:8081/","uid":"75b1b65"}
[2017-01-16 13:15:10] INFO > #200: (/usuarios) - [] - {"url":"/usuarios?_dc=1484568910740&page=1&start=0&limit=25&sort=nomeusuario&dir=desc","ip":"::1","http_method":"OPTIONS","server":"localhost","referrer":"http://localhost:8081/","uid":"7f05f4f"}
[2017-01-16 13:15:46] INFO > #200: (/usuarios) - [] - {"url":"/usuarios?_dc=1484568946317&page=1&start=0&limit=25&sort=nomeusuario&dir=desc","ip":"::1","http_method":"OPTIONS","server":"localhost","referrer":"http://localhost:8081/","uid":"a362b24"}
[2017-01-16 13:16:07] INFO > #200: (/usuarios) - [] - {"url":"/usuarios?_dc=1484568967840&page=1&start=0&limit=25&sort=nomeusuario&dir=desc","ip":"::1","http_method":"OPTIONS","server":"localhost","referrer":"http://localhost:8081/","uid":"644de2d"}
[2017-01-16 13:16:38] INFO > #200: (/usuarios) - [] - {"url":"/usuarios?_dc=1484568998118&page=1&start=0&limit=25&sort=nomeusuario&dir=desc","ip":"::1","http_method":"OPTIONS","server":"localhost","referrer":"http://localhost:8081/","uid":"e4a174a"}
[2017-01-16 13:16:38] INFO > #200: (/usuarios) - [] - {"url":"/usuarios?_dc=1484568998118&page=1&start=0&limit=25&sort=nomeusuario&dir=desc","ip":"::1","http_method":"GET","server":"localhost","referrer":"http://localhost:8081/","uid":"cc48291"}
[2017-01-16 13:20:30] INFO > #200: (/usuarios) - [] - {"url":"/usuarios","ip":"::1","http_method":"GET","server":"localhost","referrer":null,"uid":"9beffbc"}
[2017-01-16 13:20:36] INFO > #200: (/usuarios/nome) - [] - {"url":"/usuarios/nome","ip":"::1","http_method":"GET","server":"localhost","referrer":null,"uid":"059fa24"}
[2017-01-16 13:20:58] INFO > #200: (/usuarios/nome) - [] - {"url":"/usuarios/nome","ip":"::1","http_method":"GET","server":"localhost","referrer":null,"uid":"e3c4f11"}
[2017-01-16 13:23:37] INFO > #200: (/usuarios/fabio) - [] - {"url":"/usuarios/fabio","ip":"::1","http_method":"GET","server":"localhost","referrer":null,"uid":"6d6e0f9"}
[2017-01-16 13:24:37] INFO > #200: (/usuarios/fabio) - [] - {"url":"/usuarios/fabio","ip":"::1","http_method":"GET","server":"localhost","referrer":null,"uid":"f9e1b04"}
[2017-01-16 16:17:26] INFO > #200: (/usuarios) - [] - {"url":"/usuarios","ip":"::1","http_method":"GET","server":"localhost","referrer":null,"uid":"ffbc6bf"}
[2017-01-16 16:22:55] INFO > #200: (/projetos) - [] - {"url":"/projetos","ip":"::1","http_method":"GET","server":"localhost","referrer":null,"uid":"2a26b8d"}
[2017-01-16 16:34:37] INFO > #200: (/usuarios) - [] - {"url":"/usuarios?_dc=1484580877872&page=1&start=0&limit=25&sort=nomeusuario&dir=desc","ip":"::1","http_method":"OPTIONS","server":"localhost","referrer":"http://localhost:8081/","uid":"6364510"}
[2017-01-16 16:34:37] INFO > #200: (/usuarios) - [] - {"url":"/usuarios?_dc=1484580877872&page=1&start=0&limit=25&sort=nomeusuario&dir=desc","ip":"::1","http_method":"GET","server":"localhost","referrer":"http://localhost:8081/","uid":"325ff58"}
[2017-01-16 16:35:46] WARNING > #404: (/programadores) - [] - {"url":"/programadores?_dc=1484580946615&page=1&start=0&limit=25&sort=nomeprogramador&dir=desc","ip":"::1","http_method":"OPTIONS","server":"localhost","referrer":"http://localhost:8081/","uid":"d26dc63"}
[2017-01-16 16:36:05] WARNING > #404: (/programadores) - [] - {"url":"/programadores?_dc=1484580965838&page=1&start=0&limit=25&sort=nomeprogramador&dir=desc","ip":"::1","http_method":"OPTIONS","server":"localhost","referrer":"http://localhost:8081/","uid":"05ab5d2"}
[2017-01-16 16:37:03] WARNING > #404: (/programadores) - [] - {"url":"/programadores?_dc=1484581023778&page=1&start=0&limit=25&sort=nomeprogramador&dir=desc","ip":"::1","http_method":"OPTIONS","server":"localhost","referrer":"http://localhost:8081/","uid":"246a900"}
[2017-01-16 16:37:40] WARNING > #404: (/programadores) - [] - {"url":"/programadores?_dc=1484581060812&page=1&start=0&limit=25&sort=nomeprogramador&dir=desc","ip":"::1","http_method":"OPTIONS","server":"localhost","referrer":"http://localhost:8081/","uid":"d9f65bb"}
[2017-01-16 16:41:16] INFO > #200: (/usuarios) - [] - {"url":"/usuarios?_dc=1484581276673&page=1&start=0&limit=25&sort=nomeusuario&dir=desc","ip":"::1","http_method":"OPTIONS","server":"localhost","referrer":"http://localhost:8081/","uid":"65029af"}
[2017-01-16 16:41:16] INFO > #200: (/usuarios) - [] - {"url":"/usuarios?_dc=1484581276673&page=1&start=0&limit=25&sort=nomeusuario&dir=desc","ip":"::1","http_method":"GET","server":"localhost","referrer":"http://localhost:8081/","uid":"1adc3a3"}
[2017-01-16 16:45:29] INFO > #200: (/usuarios) - [] - {"url":"/usuarios?_dc=1484581529724&page=1&start=0&limit=25&sort=nomeusuario&dir=desc","ip":"::1","http_method":"OPTIONS","server":"localhost","referrer":"http://localhost:8081/","uid":"8593046"}
[2017-01-16 16:45:29] INFO > #200: (/usuarios) - [] - {"url":"/usuarios?_dc=1484581529724&page=1&start=0&limit=25&sort=nomeusuario&dir=desc","ip":"::1","http_method":"GET","server":"localhost","referrer":"http://localhost:8081/","uid":"e06f330"}
[2017-01-16 16:47:04] INFO > #200: (/usuarios) - [] - {"url":"/usuarios?_dc=1484581624018&page=1&start=0&limit=25&sort=nomeusuario&dir=desc","ip":"::1","http_method":"OPTIONS","server":"localhost","referrer":"http://localhost:8081/","uid":"8af262a"}
[2017-01-16 16:47:04] INFO > #200: (/usuarios) - [] - {"url":"/usuarios?_dc=1484581624018&page=1&start=0&limit=25&sort=nomeusuario&dir=desc","ip":"::1","http_method":"GET","server":"localhost","referrer":"http://localhost:8081/","uid":"c27ad33"}
[2017-01-16 16:47:48] INFO > #200: (/usuarios) - [] - {"url":"/usuarios?_dc=1484581668253&page=1&start=0&limit=25&sort=nomeusuario&dir=desc","ip":"::1","http_method":"OPTIONS","server":"localhost","referrer":"http://localhost:8081/","uid":"9cd3f8f"}
[2017-01-16 16:47:48] INFO > #200: (/usuarios) - [] - {"url":"/usuarios?_dc=1484581668253&page=1&start=0&limit=25&sort=nomeusuario&dir=desc","ip":"::1","http_method":"GET","server":"localhost","referrer":"http://localhost:8081/","uid":"073a1d4"}
[2017-01-16 16:47:58] INFO > #200: (/usuarios) - [] - {"url":"/usuarios?_dc=1484581678078&page=1&start=0&limit=25&sort=nomeusuario&dir=desc","ip":"::1","http_method":"OPTIONS","server":"localhost","referrer":"http://localhost:8081/","uid":"4c5031a"}
[2017-01-16 16:47:58] INFO > #200: (/usuarios) - [] - {"url":"/usuarios?_dc=1484581678078&page=1&start=0&limit=25&sort=nomeusuario&dir=desc","ip":"::1","http_method":"GET","server":"localhost","referrer":"http://localhost:8081/","uid":"8fc37c0"}
[2017-01-16 16:48:11] INFO > #200: (/usuarios) - [] - {"url":"/usuarios?_dc=1484581691906&page=1&start=0&limit=25&sort=nomeusuario&dir=desc","ip":"::1","http_method":"OPTIONS","server":"localhost","referrer":"http://localhost:8081/","uid":"c28bb43"}
[2017-01-16 16:48:11] INFO > #200: (/usuarios) - [] - {"url":"/usuarios?_dc=1484581691906&page=1&start=0&limit=25&sort=nomeusuario&dir=desc","ip":"::1","http_method":"GET","server":"localhost","referrer":"http://localhost:8081/","uid":"b66a476"}
[2017-01-16 16:49:26] INFO > #200: (/usuarios) - [] - {"url":"/usuarios?_dc=1484581766370&page=1&start=0&limit=25&sort=nomeusuario&dir=desc","ip":"::1","http_method":"OPTIONS","server":"localhost","referrer":"http://localhost:8081/","uid":"29199cd"}
[2017-01-16 16:49:26] INFO > #200: (/usuarios) - [] - {"url":"/usuarios?_dc=1484581766370&page=1&start=0&limit=25&sort=nomeusuario&dir=desc","ip":"::1","http_method":"GET","server":"localhost","referrer":"http://localhost:8081/","uid":"5883eed"}
[2017-01-16 16:49:28] INFO > #200: (/usuarios/1) - [] - {"url":"/usuarios/1","ip":"::1","http_method":"OPTIONS","server":"localhost","referrer":"http://localhost:8081/","uid":"e387934"}
[2017-01-16 16:50:01] INFO > #200: (/usuarios) - [] - {"url":"/usuarios?_dc=1484581801839&page=1&start=0&limit=25&sort=nomeusuario&dir=desc","ip":"::1","http_method":"OPTIONS","server":"localhost","referrer":"http://localhost:8081/","uid":"e555c89"}
[2017-01-16 16:50:01] INFO > #200: (/usuarios) - [] - {"url":"/usuarios?_dc=1484581801839&page=1&start=0&limit=25&sort=nomeusuario&dir=desc","ip":"::1","http_method":"GET","server":"localhost","referrer":"http://localhost:8081/","uid":"dd02c54"}
[2017-01-16 16:50:22] INFO > #200: (/usuarios) - [] - {"url":"/usuarios?_dc=1484581821996&page=1&start=0&limit=25&sort=nomeusuario&dir=desc","ip":"::1","http_method":"OPTIONS","server":"localhost","referrer":"http://localhost:8081/","uid":"6861092"}
[2017-01-16 16:50:22] INFO > #200: (/usuarios) - [] - {"url":"/usuarios?_dc=1484581821996&page=1&start=0&limit=25&sort=nomeusuario&dir=desc","ip":"::1","http_method":"GET","server":"localhost","referrer":"http://localhost:8081/","uid":"67a3208"}
[2017-01-16 16:50:30] INFO > #200: (/usuarios/fabio) - [] - {"url":"/usuarios/fabio","ip":"::1","http_method":"OPTIONS","server":"localhost","referrer":"http://localhost:8081/","uid":"6af6ce2"}
[2017-01-16 16:50:57] INFO > #200: (/usuarios/fabio) - [] - {"url":"/usuarios/fabio","ip":"::1","http_method":"GET","server":"localhost","referrer":"http://localhost:8081/","uid":"47c231b"}
[2017-01-16 16:51:49] INFO > #200: (/usuarios) - [] - {"url":"/usuarios?_dc=1484581909692&page=1&start=0&limit=25&sort=nomeusuario&dir=desc","ip":"::1","http_method":"OPTIONS","server":"localhost","referrer":"http://localhost:8081/","uid":"e5445d7"}
[2017-01-16 16:51:49] INFO > #200: (/usuarios) - [] - {"url":"/usuarios?_dc=1484581909692&page=1&start=0&limit=25&sort=nomeusuario&dir=desc","ip":"::1","http_method":"GET","server":"localhost","referrer":"http://localhost:8081/","uid":"f152440"}
[2017-01-16 16:51:53] INFO > #200: (/usuarios/fabio) - [] - {"url":"/usuarios/fabio","ip":"::1","http_method":"GET","server":"localhost","referrer":"http://localhost:8081/","uid":"7bea4d0"}
[2017-01-16 16:52:03] INFO > #200: (/usuarios/gomes) - [] - {"url":"/usuarios/gomes","ip":"::1","http_method":"OPTIONS","server":"localhost","referrer":"http://localhost:8081/","uid":"08f5cbc"}
[2017-01-16 16:52:03] INFO > #200: (/usuarios/gomes) - [] - {"url":"/usuarios/gomes","ip":"::1","http_method":"GET","server":"localhost","referrer":"http://localhost:8081/","uid":"76b0fbd"}
[2017-01-16 16:52:07] INFO > #200: (/usuarios/jose) - [] - {"url":"/usuarios/jose","ip":"::1","http_method":"OPTIONS","server":"localhost","referrer":"http://localhost:8081/","uid":"724dad2"}
[2017-01-16 16:52:08] INFO > #200: (/usuarios/jose) - [] - {"url":"/usuarios/jose","ip":"::1","http_method":"GET","server":"localhost","referrer":"http://localhost:8081/","uid":"635c1a4"}
[2017-01-16 16:52:12] INFO > #200: (/usuarios/adriano) - [] - {"url":"/usuarios/adriano","ip":"::1","http_method":"OPTIONS","server":"localhost","referrer":"http://localhost:8081/","uid":"1ef02b5"}
[2017-01-16 16:52:12] INFO > #200: (/usuarios/adriano) - [] - {"url":"/usuarios/adriano","ip":"::1","http_method":"GET","server":"localhost","referrer":"http://localhost:8081/","uid":"ff36d8d"}
[2017-01-16 16:53:06] WARNING > #404: (/usuarios/) - [] - {"url":"/usuarios/","ip":"::1","http_method":"OPTIONS","server":"localhost","referrer":"http://localhost:8081/","uid":"1f38672"}
[2017-01-16 16:56:16] INFO > #200: (/usuarios) - [] - {"url":"/usuarios?_dc=1484582176620&page=1&start=0&limit=25&sort=nomeusuario&dir=desc","ip":"::1","http_method":"OPTIONS","server":"localhost","referrer":"http://localhost:8081/","uid":"d1c1c34"}
[2017-01-16 16:56:16] INFO > #200: (/usuarios) - [] - {"url":"/usuarios?_dc=1484582176620&page=1&start=0&limit=25&sort=nomeusuario&dir=desc","ip":"::1","http_method":"GET","server":"localhost","referrer":"http://localhost:8081/","uid":"c37910d"}
[2017-01-16 16:56:18] INFO > #200: (/usuarios) - [] - {"url":"/usuarios","ip":"::1","http_method":"OPTIONS","server":"localhost","referrer":"http://localhost:8081/","uid":"bc23802"}
[2017-01-16 16:56:18] INFO > #200: (/usuarios) - [] - {"url":"/usuarios","ip":"::1","http_method":"GET","server":"localhost","referrer":"http://localhost:8081/","uid":"16c992d"}
[2017-01-16 16:56:22] INFO > #200: (/usuarios/fabio) - [] - {"url":"/usuarios/fabio","ip":"::1","http_method":"GET","server":"localhost","referrer":"http://localhost:8081/","uid":"bc7ba58"}
[2017-01-16 16:56:27] INFO > #200: (/usuarios/gomes) - [] - {"url":"/usuarios/gomes","ip":"::1","http_method":"GET","server":"localhost","referrer":"http://localhost:8081/","uid":"70cdeef"}
[2017-01-16 16:56:30] INFO > #200: (/usuarios) - [] - {"url":"/usuarios","ip":"::1","http_method":"GET","server":"localhost","referrer":"http://localhost:8081/","uid":"1800cf0"}
[2017-01-16 16:59:05] INFO > #200: (/usuarios) - [] - {"url":"/usuarios","ip":"::1","http_method":"GET","server":"localhost","referrer":"http://localhost:8081/","uid":"5979af7"}
[2017-01-16 16:59:11] INFO > #200: (/usuarios/marcos) - [] - {"url":"/usuarios/marcos","ip":"::1","http_method":"OPTIONS","server":"localhost","referrer":"http://localhost:8081/","uid":"5944e6c"}
[2017-01-16 16:59:11] INFO > #200: (/usuarios/marcos) - [] - {"url":"/usuarios/marcos","ip":"::1","http_method":"GET","server":"localhost","referrer":"http://localhost:8081/","uid":"c1f2a95"}
[2017-01-16 17:03:12] INFO > #200: (/usuarios) - [] - {"url":"/usuarios?_dc=1484582592429&page=1&start=0&limit=25&sort=nomeusuario&dir=desc","ip":"::1","http_method":"OPTIONS","server":"localhost","referrer":"http://localhost:8081/","uid":"362a38a"}
[2017-01-16 17:03:12] INFO > #200: (/usuarios) - [] - {"url":"/usuarios?_dc=1484582592429&page=1&start=0&limit=25&sort=nomeusuario&dir=desc","ip":"::1","http_method":"GET","server":"localhost","referrer":"http://localhost:8081/","uid":"c27d035"}
[2017-01-16 17:03:31] INFO > #200: (/usuarios) - [] - {"url":"/usuarios?_dc=1484582611781&page=1&start=0&limit=25&sort=nomeusuario&dir=desc","ip":"::1","http_method":"OPTIONS","server":"localhost","referrer":"http://localhost:8081/","uid":"abe9cd8"}
[2017-01-16 17:03:31] INFO > #200: (/usuarios) - [] - {"url":"/usuarios?_dc=1484582611781&page=1&start=0&limit=25&sort=nomeusuario&dir=desc","ip":"::1","http_method":"GET","server":"localhost","referrer":"http://localhost:8081/","uid":"353df1c"}
[2017-01-16 17:03:44] INFO > #200: (/usuarios) - [] - {"url":"/usuarios?_dc=1484582624218&page=1&start=0&limit=25&sort=nomeusuario&dir=desc","ip":"::1","http_method":"OPTIONS","server":"localhost","referrer":"http://localhost:8081/","uid":"400a151"}
[2017-01-16 17:03:44] INFO > #200: (/usuarios) - [] - {"url":"/usuarios?_dc=1484582624218&page=1&start=0&limit=25&sort=nomeusuario&dir=desc","ip":"::1","http_method":"GET","server":"localhost","referrer":"http://localhost:8081/","uid":"d64e9a6"}
[2017-01-16 17:09:25] INFO > #200: (/usuarios) - [] - {"url":"/usuarios?_dc=1484582965338&page=1&start=0&limit=25&sort=nomeusuario&dir=desc","ip":"::1","http_method":"OPTIONS","server":"localhost","referrer":"http://localhost:8081/","uid":"a995e0b"}
[2017-01-16 17:09:25] INFO > #200: (/usuarios) - [] - {"url":"/usuarios?_dc=1484582965338&page=1&start=0&limit=25&sort=nomeusuario&dir=desc","ip":"::1","http_method":"GET","server":"localhost","referrer":"http://localhost:8081/","uid":"94e4de6"}
[2017-01-16 17:09:28] INFO > #200: (/usuarios) - [] - {"url":"/usuarios?_dc=1484582968275&page=1&start=0&limit=25&sort=nomeusuario&dir=desc","ip":"::1","http_method":"OPTIONS","server":"localhost","referrer":"http://localhost:8081/","uid":"2020c08"}
[2017-01-16 17:09:28] INFO > #200: (/usuarios) - [] - {"url":"/usuarios?_dc=1484582968275&page=1&start=0&limit=25&sort=nomeusuario&dir=desc","ip":"::1","http_method":"GET","server":"localhost","referrer":"http://localhost:8081/","uid":"18701c1"}
[2017-01-16 17:09:29] INFO > #200: (/usuarios) - [] - {"url":"/usuarios?_dc=1484582969101&page=1&start=0&limit=25&sort=nomeusuario&dir=desc","ip":"::1","http_method":"OPTIONS","server":"localhost","referrer":"http://localhost:8081/","uid":"a7cd1bc"}
[2017-01-16 17:09:29] INFO > #200: (/usuarios) - [] - {"url":"/usuarios?_dc=1484582969101&page=1&start=0&limit=25&sort=nomeusuario&dir=desc","ip":"::1","http_method":"GET","server":"localhost","referrer":"http://localhost:8081/","uid":"2be45f3"}
[2017-01-16 17:10:00] INFO > #200: (/usuarios) - [] - {"url":"/usuarios?_dc=1484583000275&page=1&start=0&limit=25&sort=nomeusuario&dir=desc","ip":"::1","http_method":"OPTIONS","server":"localhost","referrer":"http://localhost:8081/","uid":"efd08d5"}
[2017-01-16 17:10:00] INFO > #200: (/usuarios) - [] - {"url":"/usuarios?_dc=1484583000275&page=1&start=0&limit=25&sort=nomeusuario&dir=desc","ip":"::1","http_method":"GET","server":"localhost","referrer":"http://localhost:8081/","uid":"60937d6"}
[2017-01-16 17:11:03] INFO > #200: (/usuarios) - [] - {"url":"/usuarios?_dc=1484583063334&page=1&start=0&limit=25&sort=nomeusuario&dir=desc","ip":"::1","http_method":"OPTIONS","server":"localhost","referrer":"http://localhost:8081/","uid":"e85f5cc"}
[2017-01-16 17:11:03] INFO > #200: (/usuarios) - [] - {"url":"/usuarios?_dc=1484583063334&page=1&start=0&limit=25&sort=nomeusuario&dir=desc","ip":"::1","http_method":"GET","server":"localhost","referrer":"http://localhost:8081/","uid":"20e127f"}
[2017-01-16 17:11:15] INFO > #200: (/usuarios) - [] - {"url":"/usuarios?_dc=1484583075627&page=1&start=0&limit=25&sort=nomeusuario&dir=desc","ip":"::1","http_method":"OPTIONS","server":"localhost","referrer":"http://localhost:8081/","uid":"513c3e6"}
[2017-01-16 17:11:15] INFO > #200: (/usuarios) - [] - {"url":"/usuarios?_dc=1484583075627&page=1&start=0&limit=25&sort=nomeusuario&dir=desc","ip":"::1","http_method":"GET","server":"localhost","referrer":"http://localhost:8081/","uid":"d2cb524"}
[2017-01-16 17:13:23] INFO > #200: (/usuarios) - [] - {"url":"/usuarios?_dc=1484583203114&page=1&start=0&limit=25&sort=nomeusuario&dir=desc","ip":"::1","http_method":"OPTIONS","server":"localhost","referrer":"http://localhost:8081/","uid":"a07aba0"}
[2017-01-16 17:13:23] INFO > #200: (/usuarios) - [] - {"url":"/usuarios?_dc=1484583203114&page=1&start=0&limit=25&sort=nomeusuario&dir=desc","ip":"::1","http_method":"GET","server":"localhost","referrer":"http://localhost:8081/","uid":"50feca9"}
[2017-01-16 17:13:23] INFO > #200: (/usuarios) - [] - {"url":"/usuarios?_dc=1484583203914&page=1&start=0&limit=25&sort=nomeusuario&dir=desc","ip":"::1","http_method":"OPTIONS","server":"localhost","referrer":"http://localhost:8081/","uid":"a90ea56"}
[2017-01-16 17:13:23] INFO > #200: (/usuarios) - [] - {"url":"/usuarios?_dc=1484583203914&page=1&start=0&limit=25&sort=nomeusuario&dir=desc","ip":"::1","http_method":"GET","server":"localhost","referrer":"http://localhost:8081/","uid":"6fdbfc6"}
[2017-01-16 17:13:24] INFO > #200: (/usuarios) - [] - {"url":"/usuarios?_dc=1484583204218&page=1&start=0&limit=25&sort=nomeusuario&dir=desc","ip":"::1","http_method":"OPTIONS","server":"localhost","referrer":"http://localhost:8081/","uid":"025eb55"}
[2017-01-16 17:13:24] INFO > #200: (/usuarios) - [] - {"url":"/usuarios?_dc=1484583204218&page=1&start=0&limit=25&sort=nomeusuario&dir=desc","ip":"::1","http_method":"GET","server":"localhost","referrer":"http://localhost:8081/","uid":"651cf1f"}
[2017-01-16 17:13:24] INFO > #200: (/usuarios) - [] - {"url":"/usuarios?_dc=1484583204466&page=1&start=0&limit=25&sort=nomeusuario&dir=desc","ip":"::1","http_method":"OPTIONS","server":"localhost","referrer":"http://localhost:8081/","uid":"a686d52"}
[2017-01-16 17:13:24] INFO > #200: (/usuarios) - [] - {"url":"/usuarios?_dc=1484583204466&page=1&start=0&limit=25&sort=nomeusuario&dir=desc","ip":"::1","http_method":"GET","server":"localhost","referrer":"http://localhost:8081/","uid":"9c63461"}
[2017-01-16 17:13:24] INFO > #200: (/usuarios) - [] - {"url":"/usuarios?_dc=1484583204745&page=1&start=0&limit=25&sort=nomeusuario&dir=desc","ip":"::1","http_method":"OPTIONS","server":"localhost","referrer":"http://localhost:8081/","uid":"481c12e"}
[2017-01-16 17:13:24] INFO > #200: (/usuarios) - [] - {"url":"/usuarios?_dc=1484583204745&page=1&start=0&limit=25&sort=nomeusuario&dir=desc","ip":"::1","http_method":"GET","server":"localhost","referrer":"http://localhost:8081/","uid":"e3c7330"}
[2017-01-16 17:13:25] INFO > #200: (/usuarios) - [] - {"url":"/usuarios?_dc=1484583205235&page=1&start=0&limit=25&sort=nomeusuario&dir=desc","ip":"::1","http_method":"OPTIONS","server":"localhost","referrer":"http://localhost:8081/","uid":"00508ca"}
[2017-01-16 17:13:25] INFO > #200: (/usuarios) - [] - {"url":"/usuarios?_dc=1484583205235&page=1&start=0&limit=25&sort=nomeusuario&dir=desc","ip":"::1","http_method":"GET","server":"localhost","referrer":"http://localhost:8081/","uid":"3228104"}
[2017-01-16 17:13:25] INFO > #200: (/usuarios) - [] - {"url":"/usuarios?_dc=1484583205808&page=1&start=0&limit=25&sort=nomeusuario&dir=desc","ip":"::1","http_method":"OPTIONS","server":"localhost","referrer":"http://localhost:8081/","uid":"3890fe2"}
[2017-01-16 17:13:25] INFO > #200: (/usuarios) - [] - {"url":"/usuarios?_dc=1484583205808&page=1&start=0&limit=25&sort=nomeusuario&dir=desc","ip":"::1","http_method":"GET","server":"localhost","referrer":"http://localhost:8081/","uid":"5cff7e0"}
[2017-01-16 17:14:50] INFO > #200: (/usuarios) - [] - {"url":"/usuarios","ip":"::1","http_method":"OPTIONS","server":"localhost","referrer":"http://localhost:8081/","uid":"322e521"}
[2017-01-16 17:14:50] INFO > #200: (/usuarios) - [] - {"url":"/usuarios","ip":"::1","http_method":"GET","server":"localhost","referrer":"http://localhost:8081/","uid":"0dcd419"}
[2017-01-16 17:14:55] INFO > #200: (/usuarios/marcos) - [] - {"url":"/usuarios/marcos","ip":"::1","http_method":"OPTIONS","server":"localhost","referrer":"http://localhost:8081/","uid":"1b84929"}
[2017-01-16 17:14:55] INFO > #200: (/usuarios/marcos) - [] - {"url":"/usuarios/marcos","ip":"::1","http_method":"GET","server":"localhost","referrer":"http://localhost:8081/","uid":"39bd57f"}
[2017-01-16 17:15:13] INFO > #200: (/usuarios/104) - [] - {"url":"/usuarios/104","ip":"::1","http_method":"OPTIONS","server":"localhost","referrer":"http://localhost:8081/","uid":"b804527"}
[2017-01-16 17:15:13] INFO > #200: (/usuarios/104) - [] - {"url":"/usuarios/104","ip":"::1","http_method":"PATCH","server":"localhost","referrer":"http://localhost:8081/","uid":"9c8290a"}
[2017-01-16 17:15:15] INFO > #200: (/usuarios) - [] - {"url":"/usuarios?_dc=1484583315377&page=1&start=0&limit=25&sort=nomeusuario&dir=desc","ip":"::1","http_method":"OPTIONS","server":"localhost","referrer":"http://localhost:8081/","uid":"23aff4c"}
[2017-01-16 17:15:15] INFO > #200: (/usuarios) - [] - {"url":"/usuarios?_dc=1484583315377&page=1&start=0&limit=25&sort=nomeusuario&dir=desc","ip":"::1","http_method":"GET","server":"localhost","referrer":"http://localhost:8081/","uid":"6642236"}
[2017-01-16 17:15:39] INFO > #200: (/usuarios) - [] - {"url":"/usuarios?_dc=1484583339139&page=1&start=0&limit=25&sort=nomeusuario&dir=desc","ip":"::1","http_method":"OPTIONS","server":"localhost","referrer":"http://localhost:8081/","uid":"65c2b44"}
[2017-01-16 17:15:39] INFO > #200: (/usuarios) - [] - {"url":"/usuarios?_dc=1484583339139&page=1&start=0&limit=25&sort=nomeusuario&dir=desc","ip":"::1","http_method":"GET","server":"localhost","referrer":"http://localhost:8081/","uid":"aeac549"}
[2017-01-16 17:15:43] INFO > #200: (/usuarios) - [] - {"url":"/usuarios?_dc=1484583343111&page=1&start=0&limit=25&sort=nomeusuario&dir=desc","ip":"::1","http_method":"OPTIONS","server":"localhost","referrer":"http://localhost:8081/","uid":"7762460"}
[2017-01-16 17:15:43] INFO > #200: (/usuarios) - [] - {"url":"/usuarios?_dc=1484583343111&page=1&start=0&limit=25&sort=nomeusuario&dir=desc","ip":"::1","http_method":"GET","server":"localhost","referrer":"http://localhost:8081/","uid":"b157883"}
[2017-01-16 17:15:51] INFO > #200: (/usuarios) - [] - {"url":"/usuarios?_dc=1484583350992&page=1&start=0&limit=25&sort=nomeusuario&dir=desc","ip":"::1","http_method":"OPTIONS","server":"localhost","referrer":"http://localhost:8081/","uid":"2b3c489"}
[2017-01-16 17:15:51] INFO > #200: (/usuarios) - [] - {"url":"/usuarios?_dc=1484583350992&page=1&start=0&limit=25&sort=nomeusuario&dir=desc","ip":"::1","http_method":"GET","server":"localhost","referrer":"http://localhost:8081/","uid":"60db8df"}
