[2017-03-11 23:19:20] INFO > #200: (/programadores) - [] - {"url":"/programadores?_dc=1489270760741&page=1&start=0&limit=25&sort=nomeprogramador&dir=desc","ip":"::1","http_method":"OPTIONS","server":"localhost","referrer":"http://localhost:8081/","uid":"1276044"}
[2017-03-11 23:19:21] INFO > #200: (/programadores) - [] - {"url":"/programadores?_dc=1489270760741&page=1&start=0&limit=25&sort=nomeprogramador&dir=desc","ip":"::1","http_method":"GET","server":"localhost","referrer":"http://localhost:8081/","uid":"4037282"}
[2017-03-11 23:19:26] INFO > #200: (/projetos) - [] - {"url":"/projetos?_dc=1489270766459&page=1&start=0&limit=25&sort=nomeusuario&dir=desc","ip":"::1","http_method":"OPTIONS","server":"localhost","referrer":"http://localhost:8081/","uid":"f388495"}
[2017-03-11 23:19:26] INFO > #200: (/situacaoprojeto) - [] - {"url":"/situacaoprojeto?_dc=1489270766461&page=1&start=0&limit=25","ip":"::1","http_method":"OPTIONS","server":"localhost","referrer":"http://localhost:8081/","uid":"cc8bf77"}
[2017-03-11 23:19:26] INFO > #200: (/hora) - [] - {"url":"/hora?_dc=1489270766462&page=1&start=0&limit=25","ip":"::1","http_method":"OPTIONS","server":"localhost","referrer":"http://localhost:8081/","uid":"368e4f8"}
[2017-03-11 23:19:26] INFO > #200: (/sistemasinternos) - [] - {"url":"/sistemasinternos?_dc=1489270766462&page=1&start=0&limit=25","ip":"::1","http_method":"OPTIONS","server":"localhost","referrer":"http://localhost:8081/","uid":"4d5a5c2"}
[2017-03-11 23:19:26] INFO > #200: (/sistemasexternos) - [] - {"url":"/sistemasexternos?_dc=1489270766463&page=1&start=0&limit=25","ip":"::1","http_method":"OPTIONS","server":"localhost","referrer":"http://localhost:8081/","uid":"1fa1e6e"}
[2017-03-11 23:19:26] INFO > #200: (/sistemas) - [] - {"url":"/sistemas?_dc=1489270766464&page=1&start=0&limit=25","ip":"::1","http_method":"OPTIONS","server":"localhost","referrer":"http://localhost:8081/","uid":"bb66561"}
[2017-03-11 23:19:26] INFO > #200: (/sistemas) - [] - {"url":"/sistemas?_dc=1489270766464&page=1&start=0&limit=25","ip":"::1","http_method":"OPTIONS","server":"localhost","referrer":"http://localhost:8081/","uid":"5366084"}
[2017-03-11 23:19:26] INFO > #200: (/abrangencia) - [] - {"url":"/abrangencia?_dc=1489270766465&page=1&start=0&limit=25","ip":"::1","http_method":"OPTIONS","server":"localhost","referrer":"http://localhost:8081/","uid":"608a98b"}
[2017-03-11 23:19:26] INFO > #200: (/estabilidade) - [] - {"url":"/estabilidade?_dc=1489270766465&page=1&start=0&limit=25","ip":"::1","http_method":"OPTIONS","server":"localhost","referrer":"http://localhost:8081/","uid":"61fd9eb"}
[2017-03-11 23:19:26] INFO > #200: (/conhecimento) - [] - {"url":"/conhecimento?_dc=1489270766466&page=1&start=0&limit=25","ip":"::1","http_method":"OPTIONS","server":"localhost","referrer":"http://localhost:8081/","uid":"6a425aa"}
[2017-03-11 23:19:26] INFO > #200: (/classificacao) - [] - {"url":"/classificacao?_dc=1489270766467&page=1&start=0&limit=25","ip":"::1","http_method":"OPTIONS","server":"localhost","referrer":"http://localhost:8081/","uid":"b2340e4"}
[2017-03-11 23:19:26] INFO > #200: (/nivelrisco) - [] - {"url":"/nivelrisco?_dc=1489270766485&page=1&start=0&limit=25","ip":"::1","http_method":"OPTIONS","server":"localhost","referrer":"http://localhost:8081/","uid":"fa694c4"}
[2017-03-11 23:19:26] INFO > #200: (/projetos) - [] - {"url":"/projetos?_dc=1489270766459&page=1&start=0&limit=25&sort=nomeusuario&dir=desc","ip":"::1","http_method":"GET","server":"localhost","referrer":"http://localhost:8081/","uid":"1aa15cf"}
[2017-03-11 23:19:26] INFO > #200: (/situacaoprojeto) - [] - {"url":"/situacaoprojeto?_dc=1489270766461&page=1&start=0&limit=25","ip":"::1","http_method":"GET","server":"localhost","referrer":"http://localhost:8081/","uid":"e606980"}
[2017-03-11 23:19:26] INFO > #200: (/hora) - [] - {"url":"/hora?_dc=1489270766462&page=1&start=0&limit=25","ip":"::1","http_method":"GET","server":"localhost","referrer":"http://localhost:8081/","uid":"e1e14ae"}
[2017-03-11 23:19:26] INFO > #200: (/sistemasinternos) - [] - {"url":"/sistemasinternos?_dc=1489270766462&page=1&start=0&limit=25","ip":"::1","http_method":"GET","server":"localhost","referrer":"http://localhost:8081/","uid":"677c21f"}
[2017-03-11 23:19:27] INFO > #200: (/sistemasexternos) - [] - {"url":"/sistemasexternos?_dc=1489270766463&page=1&start=0&limit=25","ip":"::1","http_method":"GET","server":"localhost","referrer":"http://localhost:8081/","uid":"3ef6d85"}
[2017-03-11 23:19:27] INFO > #200: (/sistemas) - [] - {"url":"/sistemas?_dc=1489270766464&page=1&start=0&limit=25","ip":"::1","http_method":"GET","server":"localhost","referrer":"http://localhost:8081/","uid":"6ca1b30"}
[2017-03-11 23:19:27] INFO > #200: (/abrangencia) - [] - {"url":"/abrangencia?_dc=1489270766465&page=1&start=0&limit=25","ip":"::1","http_method":"GET","server":"localhost","referrer":"http://localhost:8081/","uid":"4a5bd9e"}
[2017-03-11 23:19:27] INFO > #200: (/estabilidade) - [] - {"url":"/estabilidade?_dc=1489270766465&page=1&start=0&limit=25","ip":"::1","http_method":"GET","server":"localhost","referrer":"http://localhost:8081/","uid":"6e4c789"}
[2017-03-11 23:19:27] INFO > #200: (/conhecimento) - [] - {"url":"/conhecimento?_dc=1489270766466&page=1&start=0&limit=25","ip":"::1","http_method":"GET","server":"localhost","referrer":"http://localhost:8081/","uid":"8fc5c22"}
[2017-03-11 23:19:27] INFO > #200: (/classificacao) - [] - {"url":"/classificacao?_dc=1489270766467&page=1&start=0&limit=25","ip":"::1","http_method":"GET","server":"localhost","referrer":"http://localhost:8081/","uid":"1251c46"}
[2017-03-11 23:19:27] INFO > #200: (/nivelrisco) - [] - {"url":"/nivelrisco?_dc=1489270766485&page=1&start=0&limit=25","ip":"::1","http_method":"GET","server":"localhost","referrer":"http://localhost:8081/","uid":"e519dd2"}
[2017-03-11 23:19:27] INFO > #200: (/sistemas) - [] - {"url":"/sistemas?_dc=1489270766464&page=1&start=0&limit=25","ip":"::1","http_method":"GET","server":"localhost","referrer":"http://localhost:8081/","uid":"2196d9f"}
[2017-03-11 23:19:31] INFO > #200: (/comboprojeto) - [] - {"url":"/comboprojeto?_dc=1489270771471&page=1&start=0&limit=25","ip":"::1","http_method":"OPTIONS","server":"localhost","referrer":"http://localhost:8081/","uid":"80cfd84"}
[2017-03-11 23:19:31] INFO > #200: (/comboprogramadores) - [] - {"url":"/comboprogramadores?_dc=1489270771473&page=1&start=0&limit=25","ip":"::1","http_method":"OPTIONS","server":"localhost","referrer":"http://localhost:8081/","uid":"44bfd7b"}
[2017-03-11 23:19:31] INFO > #200: (/comboprojeto) - [] - {"url":"/comboprojeto?_dc=1489270771471&page=1&start=0&limit=25","ip":"::1","http_method":"GET","server":"localhost","referrer":"http://localhost:8081/","uid":"206fea4"}
[2017-03-11 23:19:31] INFO > #200: (/comboprogramadores) - [] - {"url":"/comboprogramadores?_dc=1489270771473&page=1&start=0&limit=25","ip":"::1","http_method":"GET","server":"localhost","referrer":"http://localhost:8081/","uid":"2957c16"}
[2017-03-11 23:19:37] INFO > #200: (/sprint/13) - [] - {"url":"/sprint/13","ip":"::1","http_method":"OPTIONS","server":"localhost","referrer":"http://localhost:8081/","uid":"31897ec"}
[2017-03-11 23:19:37] INFO > #200: (/sprint/13) - [] - {"url":"/sprint/13","ip":"::1","http_method":"GET","server":"localhost","referrer":"http://localhost:8081/","uid":"d8d9a70"}
[2017-03-11 23:19:44] INFO > #200: (//sprint/tarefas/12) - [] - {"url":"//sprint/tarefas/12","ip":"::1","http_method":"OPTIONS","server":"localhost","referrer":"http://localhost:8081/","uid":"d28f390"}
[2017-03-11 23:19:44] INFO > #200: (//sprint/tarefas/12) - [] - {"url":"//sprint/tarefas/12","ip":"::1","http_method":"GET","server":"localhost","referrer":"http://localhost:8081/","uid":"7aba279"}
[2017-03-11 23:21:48] INFO > #200: (/comboprojeto) - [] - {"url":"/comboprojeto?_dc=1489270908190&page=1&start=0&limit=25","ip":"::1","http_method":"OPTIONS","server":"localhost","referrer":"http://localhost:8081/","uid":"f70def8"}
[2017-03-11 23:21:48] INFO > #200: (/comboprogramadores) - [] - {"url":"/comboprogramadores?_dc=1489270908194&page=1&start=0&limit=25","ip":"::1","http_method":"OPTIONS","server":"localhost","referrer":"http://localhost:8081/","uid":"b734584"}
[2017-03-11 23:21:48] INFO > #200: (/comboprojeto) - [] - {"url":"/comboprojeto?_dc=1489270908190&page=1&start=0&limit=25","ip":"::1","http_method":"GET","server":"localhost","referrer":"http://localhost:8081/","uid":"e70a1a8"}
[2017-03-11 23:21:48] INFO > #200: (/comboprogramadores) - [] - {"url":"/comboprogramadores?_dc=1489270908194&page=1&start=0&limit=25","ip":"::1","http_method":"GET","server":"localhost","referrer":"http://localhost:8081/","uid":"4d8bd5a"}
[2017-03-11 23:21:50] INFO > #200: (/sprint/13) - [] - {"url":"/sprint/13","ip":"::1","http_method":"GET","server":"localhost","referrer":"http://localhost:8081/","uid":"8e8f20d"}
[2017-03-11 23:21:52] INFO > #200: (//sprint/tarefas/12) - [] - {"url":"//sprint/tarefas/12","ip":"::1","http_method":"GET","server":"localhost","referrer":"http://localhost:8081/","uid":"a0938a0"}
[2017-03-11 23:22:09] INFO > #200: (//sprint/tarefas/12) - [] - {"url":"//sprint/tarefas/12","ip":"::1","http_method":"GET","server":"localhost","referrer":"http://localhost:8081/","uid":"4b9e38d"}
[2017-03-11 23:23:12] WARNING > #404: (/tarefas) - [] - {"url":"/tarefas","ip":"::1","http_method":"GET","server":"localhost","referrer":null,"uid":"1e4fcf6"}
[2017-03-11 23:23:15] WARNING > #404: (/tarefa) - [] - {"url":"/tarefa","ip":"::1","http_method":"GET","server":"localhost","referrer":null,"uid":"2ab07de"}
[2017-03-11 23:40:27] INFO > #200: (/tarefas) - [] - {"url":"/tarefas","ip":"::1","http_method":"GET","server":"localhost","referrer":null,"uid":"b559d1b"}
[2017-03-11 23:40:52] INFO > #200: (/tarefas) - [] - {"url":"/tarefas","ip":"::1","http_method":"GET","server":"localhost","referrer":null,"uid":"546b007"}
[2017-03-11 23:41:17] INFO > #200: (/tarefas) - [] - {"url":"/tarefas?_dc=1489272077525&page=1&start=0&limit=25&sort=descricaotarefa&dir=desc","ip":"::1","http_method":"OPTIONS","server":"localhost","referrer":"http://localhost:8081/","uid":"9856d8b"}
[2017-03-11 23:41:17] INFO > #200: (/tarefas) - [] - {"url":"/tarefas?_dc=1489272077525&page=1&start=0&limit=25&sort=descricaotarefa&dir=desc","ip":"::1","http_method":"GET","server":"localhost","referrer":"http://localhost:8081/","uid":"d763e8a"}
[2017-03-11 23:41:26] INFO > #200: (/tarefas) - [] - {"url":"/tarefas?_dc=1489272086927&page=1&start=0&limit=25&sort=descricaotarefa&dir=desc","ip":"::1","http_method":"OPTIONS","server":"localhost","referrer":"http://localhost:8081/","uid":"2bd6c3f"}
[2017-03-11 23:41:26] INFO > #200: (/tarefas) - [] - {"url":"/tarefas?_dc=1489272086927&page=1&start=0&limit=25&sort=descricaotarefa&dir=desc","ip":"::1","http_method":"GET","server":"localhost","referrer":"http://localhost:8081/","uid":"eba7ea4"}
[2017-03-11 23:42:02] INFO > #200: (/tarefas) - [] - {"url":"/tarefas?_dc=1489272122498&page=1&start=0&limit=25&sort=descricaotarefa&dir=desc","ip":"::1","http_method":"OPTIONS","server":"localhost","referrer":"http://localhost:8081/","uid":"0a4cbc1"}
[2017-03-11 23:42:02] INFO > #200: (/tarefas) - [] - {"url":"/tarefas?_dc=1489272122498&page=1&start=0&limit=25&sort=descricaotarefa&dir=desc","ip":"::1","http_method":"GET","server":"localhost","referrer":"http://localhost:8081/","uid":"775d497"}
[2017-03-11 23:42:25] INFO > #200: (/tarefas) - [] - {"url":"/tarefas?_dc=1489272145117&page=1&start=0&limit=25&sort=descricaotarefa&dir=desc","ip":"::1","http_method":"OPTIONS","server":"localhost","referrer":"http://localhost:8081/","uid":"2951a94"}
[2017-03-11 23:42:25] INFO > #200: (/tarefas) - [] - {"url":"/tarefas?_dc=1489272145117&page=1&start=0&limit=25&sort=descricaotarefa&dir=desc","ip":"::1","http_method":"GET","server":"localhost","referrer":"http://localhost:8081/","uid":"9faf1d2"}
[2017-03-11 23:42:25] INFO > #200: (/tarefas) - [] - {"url":"/tarefas?_dc=1489272145235&page=1&start=0&limit=25&sort=descricaotarefa&dir=desc","ip":"::1","http_method":"OPTIONS","server":"localhost","referrer":"http://localhost:8081/","uid":"a949d4a"}
[2017-03-11 23:42:25] INFO > #200: (/tarefas) - [] - {"url":"/tarefas?_dc=1489272145235&page=1&start=0&limit=25&sort=descricaotarefa&dir=desc","ip":"::1","http_method":"GET","server":"localhost","referrer":"http://localhost:8081/","uid":"57a8fca"}
[2017-03-11 23:42:25] INFO > #200: (/tarefas) - [] - {"url":"/tarefas?_dc=1489272145408&page=1&start=0&limit=25&sort=descricaotarefa&dir=desc","ip":"::1","http_method":"OPTIONS","server":"localhost","referrer":"http://localhost:8081/","uid":"6c15f49"}
[2017-03-11 23:42:25] INFO > #200: (/tarefas) - [] - {"url":"/tarefas?_dc=1489272145408&page=1&start=0&limit=25&sort=descricaotarefa&dir=desc","ip":"::1","http_method":"GET","server":"localhost","referrer":"http://localhost:8081/","uid":"4c5654e"}
[2017-03-11 23:42:25] INFO > #200: (/tarefas) - [] - {"url":"/tarefas?_dc=1489272145669&page=1&start=0&limit=25&sort=descricaotarefa&dir=desc","ip":"::1","http_method":"OPTIONS","server":"localhost","referrer":"http://localhost:8081/","uid":"60701da"}
[2017-03-11 23:42:25] INFO > #200: (/tarefas) - [] - {"url":"/tarefas?_dc=1489272145669&page=1&start=0&limit=25&sort=descricaotarefa&dir=desc","ip":"::1","http_method":"GET","server":"localhost","referrer":"http://localhost:8081/","uid":"4e3eb2c"}
[2017-03-11 23:42:25] INFO > #200: (/tarefas) - [] - {"url":"/tarefas?_dc=1489272145884&page=1&start=0&limit=25&sort=descricaotarefa&dir=desc","ip":"::1","http_method":"OPTIONS","server":"localhost","referrer":"http://localhost:8081/","uid":"bf5a2d3"}
[2017-03-11 23:42:25] INFO > #200: (/tarefas) - [] - {"url":"/tarefas?_dc=1489272145884&page=1&start=0&limit=25&sort=descricaotarefa&dir=desc","ip":"::1","http_method":"GET","server":"localhost","referrer":"http://localhost:8081/","uid":"66f18ef"}
[2017-03-11 23:42:33] INFO > #200: (/tarefas) - [] - {"url":"/tarefas?_dc=1489272153758&page=1&start=0&limit=25&sort=descricaotarefa&dir=desc","ip":"::1","http_method":"OPTIONS","server":"localhost","referrer":"http://localhost:8081/","uid":"a91ed51"}
[2017-03-11 23:42:33] INFO > #200: (/tarefas) - [] - {"url":"/tarefas?_dc=1489272153758&page=1&start=0&limit=25&sort=descricaotarefa&dir=desc","ip":"::1","http_method":"GET","server":"localhost","referrer":"http://localhost:8081/","uid":"c40918a"}
[2017-03-11 23:42:41] INFO > #200: (/tarefas) - [] - {"url":"/tarefas?_dc=1489272161180&page=1&start=0&limit=25&sort=descricaotarefa&dir=desc","ip":"::1","http_method":"OPTIONS","server":"localhost","referrer":"http://localhost:8081/","uid":"15cd004"}
[2017-03-11 23:42:41] INFO > #200: (/tarefas) - [] - {"url":"/tarefas?_dc=1489272161180&page=1&start=0&limit=25&sort=descricaotarefa&dir=desc","ip":"::1","http_method":"GET","server":"localhost","referrer":"http://localhost:8081/","uid":"f35327f"}
[2017-03-11 23:42:41] INFO > #200: (/tarefas) - [] - {"url":"/tarefas?_dc=1489272161484&page=1&start=0&limit=25&sort=descricaotarefa&dir=desc","ip":"::1","http_method":"OPTIONS","server":"localhost","referrer":"http://localhost:8081/","uid":"fc5ee73"}
[2017-03-11 23:42:41] INFO > #200: (/tarefas) - [] - {"url":"/tarefas?_dc=1489272161484&page=1&start=0&limit=25&sort=descricaotarefa&dir=desc","ip":"::1","http_method":"GET","server":"localhost","referrer":"http://localhost:8081/","uid":"8c209a3"}
[2017-03-11 23:42:41] INFO > #200: (/tarefas) - [] - {"url":"/tarefas?_dc=1489272161715&page=1&start=0&limit=25&sort=descricaotarefa&dir=desc","ip":"::1","http_method":"OPTIONS","server":"localhost","referrer":"http://localhost:8081/","uid":"e233983"}
[2017-03-11 23:42:41] INFO > #200: (/tarefas) - [] - {"url":"/tarefas?_dc=1489272161715&page=1&start=0&limit=25&sort=descricaotarefa&dir=desc","ip":"::1","http_method":"GET","server":"localhost","referrer":"http://localhost:8081/","uid":"ae3c61b"}
[2017-03-11 23:42:42] INFO > #200: (/tarefas) - [] - {"url":"/tarefas?_dc=1489272162754&page=1&start=0&limit=25&sort=descricaotarefa&dir=desc","ip":"::1","http_method":"OPTIONS","server":"localhost","referrer":"http://localhost:8081/","uid":"c5fc636"}
[2017-03-11 23:42:42] INFO > #200: (/tarefas) - [] - {"url":"/tarefas?_dc=1489272162754&page=1&start=0&limit=25&sort=descricaotarefa&dir=desc","ip":"::1","http_method":"GET","server":"localhost","referrer":"http://localhost:8081/","uid":"aef6902"}
[2017-03-11 23:42:43] INFO > #200: (/tarefas) - [] - {"url":"/tarefas?_dc=1489272163071&page=1&start=0&limit=25&sort=descricaotarefa&dir=desc","ip":"::1","http_method":"OPTIONS","server":"localhost","referrer":"http://localhost:8081/","uid":"d2dfe85"}
[2017-03-11 23:42:43] INFO > #200: (/tarefas) - [] - {"url":"/tarefas?_dc=1489272163071&page=1&start=0&limit=25&sort=descricaotarefa&dir=desc","ip":"::1","http_method":"GET","server":"localhost","referrer":"http://localhost:8081/","uid":"42cab3e"}
[2017-03-11 23:42:43] INFO > #200: (/tarefas) - [] - {"url":"/tarefas?_dc=1489272163400&page=1&start=0&limit=25&sort=descricaotarefa&dir=desc","ip":"::1","http_method":"OPTIONS","server":"localhost","referrer":"http://localhost:8081/","uid":"7f2c31e"}
[2017-03-11 23:42:43] INFO > #200: (/tarefas) - [] - {"url":"/tarefas?_dc=1489272163400&page=1&start=0&limit=25&sort=descricaotarefa&dir=desc","ip":"::1","http_method":"GET","server":"localhost","referrer":"http://localhost:8081/","uid":"7728491"}
[2017-03-11 23:42:44] INFO > #200: (/tarefas) - [] - {"url":"/tarefas?_dc=1489272164730&page=1&start=0&limit=25&sort=descricaotarefa&dir=desc","ip":"::1","http_method":"OPTIONS","server":"localhost","referrer":"http://localhost:8081/","uid":"e5d28e2"}
[2017-03-11 23:42:44] INFO > #200: (/tarefas) - [] - {"url":"/tarefas?_dc=1489272164730&page=1&start=0&limit=25&sort=descricaotarefa&dir=desc","ip":"::1","http_method":"GET","server":"localhost","referrer":"http://localhost:8081/","uid":"50abb96"}
[2017-03-11 23:42:45] INFO > #200: (/tarefas) - [] - {"url":"/tarefas?_dc=1489272165385&page=1&start=0&limit=25&sort=descricaotarefa&dir=desc","ip":"::1","http_method":"OPTIONS","server":"localhost","referrer":"http://localhost:8081/","uid":"0f7f9e7"}
[2017-03-11 23:42:45] INFO > #200: (/tarefas) - [] - {"url":"/tarefas?_dc=1489272165385&page=1&start=0&limit=25&sort=descricaotarefa&dir=desc","ip":"::1","http_method":"GET","server":"localhost","referrer":"http://localhost:8081/","uid":"a5048c7"}
[2017-03-11 23:43:14] INFO > #200: (/tarefas) - [] - {"url":"/tarefas?_dc=1489272194678&page=1&start=0&limit=25&sort=descricaotarefa&dir=desc","ip":"::1","http_method":"OPTIONS","server":"localhost","referrer":"http://localhost:8081/","uid":"abb1eb3"}
[2017-03-11 23:43:14] INFO > #200: (/tarefas) - [] - {"url":"/tarefas?_dc=1489272194678&page=1&start=0&limit=25&sort=descricaotarefa&dir=desc","ip":"::1","http_method":"GET","server":"localhost","referrer":"http://localhost:8081/","uid":"742a956"}
[2017-03-11 23:43:16] INFO > #200: (/tarefas) - [] - {"url":"/tarefas?_dc=1489272196737&page=1&start=0&limit=25&sort=descricaotarefa&dir=desc","ip":"::1","http_method":"OPTIONS","server":"localhost","referrer":"http://localhost:8081/","uid":"6ee9f0f"}
[2017-03-11 23:43:16] INFO > #200: (/tarefas) - [] - {"url":"/tarefas?_dc=1489272196737&page=1&start=0&limit=25&sort=descricaotarefa&dir=desc","ip":"::1","http_method":"GET","server":"localhost","referrer":"http://localhost:8081/","uid":"05aa31b"}
[2017-03-11 23:43:16] INFO > #200: (/tarefas) - [] - {"url":"/tarefas?_dc=1489272196905&page=1&start=0&limit=25&sort=descricaotarefa&dir=desc","ip":"::1","http_method":"OPTIONS","server":"localhost","referrer":"http://localhost:8081/","uid":"ba23317"}
[2017-03-11 23:43:16] INFO > #200: (/tarefas) - [] - {"url":"/tarefas?_dc=1489272196905&page=1&start=0&limit=25&sort=descricaotarefa&dir=desc","ip":"::1","http_method":"GET","server":"localhost","referrer":"http://localhost:8081/","uid":"e2ddbdf"}
[2017-03-11 23:43:19] INFO > #200: (/tarefas) - [] - {"url":"/tarefas?_dc=1489272199736&page=1&start=0&limit=25&sort=descricaotarefa&dir=desc","ip":"::1","http_method":"OPTIONS","server":"localhost","referrer":"http://localhost:8081/","uid":"5b324f5"}
[2017-03-11 23:43:19] INFO > #200: (/tarefas) - [] - {"url":"/tarefas?_dc=1489272199736&page=1&start=0&limit=25&sort=descricaotarefa&dir=desc","ip":"::1","http_method":"GET","server":"localhost","referrer":"http://localhost:8081/","uid":"211ae13"}
[2017-03-11 23:43:20] INFO > #200: (/tarefas) - [] - {"url":"/tarefas?_dc=1489272200089&page=1&start=0&limit=25&sort=descricaotarefa&dir=desc","ip":"::1","http_method":"OPTIONS","server":"localhost","referrer":"http://localhost:8081/","uid":"c3911eb"}
[2017-03-11 23:43:20] INFO > #200: (/tarefas) - [] - {"url":"/tarefas?_dc=1489272200089&page=1&start=0&limit=25&sort=descricaotarefa&dir=desc","ip":"::1","http_method":"GET","server":"localhost","referrer":"http://localhost:8081/","uid":"ea86eb7"}
[2017-03-11 23:43:20] INFO > #200: (/tarefas) - [] - {"url":"/tarefas?_dc=1489272200327&page=1&start=0&limit=25&sort=descricaotarefa&dir=desc","ip":"::1","http_method":"OPTIONS","server":"localhost","referrer":"http://localhost:8081/","uid":"cbaeb2f"}
[2017-03-11 23:43:20] INFO > #200: (/tarefas) - [] - {"url":"/tarefas?_dc=1489272200327&page=1&start=0&limit=25&sort=descricaotarefa&dir=desc","ip":"::1","http_method":"GET","server":"localhost","referrer":"http://localhost:8081/","uid":"60da027"}
[2017-03-11 23:43:53] INFO > #200: (/comboprojeto) - [] - {"url":"/comboprojeto?_dc=1489272233931&page=1&start=0&limit=25","ip":"::1","http_method":"OPTIONS","server":"localhost","referrer":"http://localhost:8081/","uid":"d8158d9"}
[2017-03-11 23:43:53] INFO > #200: (/comboprogramadores) - [] - {"url":"/comboprogramadores?_dc=1489272233932&page=1&start=0&limit=25","ip":"::1","http_method":"OPTIONS","server":"localhost","referrer":"http://localhost:8081/","uid":"8f4dfca"}
[2017-03-11 23:43:54] INFO > #200: (/comboprojeto) - [] - {"url":"/comboprojeto?_dc=1489272233931&page=1&start=0&limit=25","ip":"::1","http_method":"GET","server":"localhost","referrer":"http://localhost:8081/","uid":"1343415"}
[2017-03-11 23:43:54] INFO > #200: (/comboprogramadores) - [] - {"url":"/comboprogramadores?_dc=1489272233932&page=1&start=0&limit=25","ip":"::1","http_method":"GET","server":"localhost","referrer":"http://localhost:8081/","uid":"615512c"}
[2017-03-11 23:43:57] INFO > #200: (/sprint/13) - [] - {"url":"/sprint/13","ip":"::1","http_method":"OPTIONS","server":"localhost","referrer":"http://localhost:8081/","uid":"7da50cf"}
[2017-03-11 23:43:57] INFO > #200: (/sprint/13) - [] - {"url":"/sprint/13","ip":"::1","http_method":"GET","server":"localhost","referrer":"http://localhost:8081/","uid":"7873641"}
[2017-03-11 23:43:59] INFO > #200: (//sprint/tarefas/12) - [] - {"url":"//sprint/tarefas/12","ip":"::1","http_method":"OPTIONS","server":"localhost","referrer":"http://localhost:8081/","uid":"322a12f"}
[2017-03-11 23:44:00] INFO > #200: (//sprint/tarefas/12) - [] - {"url":"//sprint/tarefas/12","ip":"::1","http_method":"GET","server":"localhost","referrer":"http://localhost:8081/","uid":"35295ab"}
[2017-03-11 23:45:26] INFO > #200: (/sprint/12) - [] - {"url":"/sprint/12","ip":"::1","http_method":"OPTIONS","server":"localhost","referrer":"http://localhost:8081/","uid":"2406740"}
[2017-03-11 23:45:27] INFO > #200: (/sprint/12) - [] - {"url":"/sprint/12","ip":"::1","http_method":"PATCH","server":"localhost","referrer":"http://localhost:8081/","uid":"f7af427"}
[2017-03-11 23:45:28] INFO > #200: (/sprint/13) - [] - {"url":"/sprint/13","ip":"::1","http_method":"GET","server":"localhost","referrer":"http://localhost:8081/","uid":"d3c12ca"}
[2017-03-11 23:46:33] INFO > #200: (/tarefas) - [] - {"url":"/tarefas?_dc=1489272393865&page=1&start=0&limit=25&sort=descricaotarefa&dir=desc","ip":"::1","http_method":"OPTIONS","server":"localhost","referrer":"http://localhost:8081/","uid":"8f8c7c9"}
[2017-03-11 23:46:33] INFO > #200: (/tarefas) - [] - {"url":"/tarefas?_dc=1489272393865&page=1&start=0&limit=25&sort=descricaotarefa&dir=desc","ip":"::1","http_method":"GET","server":"localhost","referrer":"http://localhost:8081/","uid":"d526efb"}
[2017-03-11 23:49:07] INFO > #200: (/tarefas) - [] - {"url":"/tarefas?_dc=1489272547447&page=1&start=0&limit=25&sort=descricaotarefa&dir=desc","ip":"::1","http_method":"OPTIONS","server":"localhost","referrer":"http://localhost:8081/","uid":"4e5bffc"}
[2017-03-11 23:49:07] INFO > #200: (/tarefas) - [] - {"url":"/tarefas?_dc=1489272547447&page=1&start=0&limit=25&sort=descricaotarefa&dir=desc","ip":"::1","http_method":"GET","server":"localhost","referrer":"http://localhost:8081/","uid":"c5fee3a"}
[2017-03-11 23:49:07] INFO > #200: (/tarefas) - [] - {"url":"/tarefas?_dc=1489272547683&page=1&start=0&limit=25&sort=descricaotarefa&dir=desc","ip":"::1","http_method":"OPTIONS","server":"localhost","referrer":"http://localhost:8081/","uid":"b214840"}
[2017-03-11 23:49:07] INFO > #200: (/tarefas) - [] - {"url":"/tarefas?_dc=1489272547683&page=1&start=0&limit=25&sort=descricaotarefa&dir=desc","ip":"::1","http_method":"GET","server":"localhost","referrer":"http://localhost:8081/","uid":"889921f"}
[2017-03-11 23:49:07] INFO > #200: (/tarefas) - [] - {"url":"/tarefas?_dc=1489272547928&page=1&start=0&limit=25&sort=descricaotarefa&dir=desc","ip":"::1","http_method":"OPTIONS","server":"localhost","referrer":"http://localhost:8081/","uid":"71a15b0"}
[2017-03-11 23:49:07] INFO > #200: (/tarefas) - [] - {"url":"/tarefas?_dc=1489272547928&page=1&start=0&limit=25&sort=descricaotarefa&dir=desc","ip":"::1","http_method":"GET","server":"localhost","referrer":"http://localhost:8081/","uid":"5418103"}
[2017-03-11 23:49:08] INFO > #200: (/tarefas) - [] - {"url":"/tarefas?_dc=1489272548226&page=1&start=0&limit=25&sort=descricaotarefa&dir=desc","ip":"::1","http_method":"OPTIONS","server":"localhost","referrer":"http://localhost:8081/","uid":"ed419a1"}
[2017-03-11 23:49:08] INFO > #200: (/tarefas) - [] - {"url":"/tarefas?_dc=1489272548226&page=1&start=0&limit=25&sort=descricaotarefa&dir=desc","ip":"::1","http_method":"GET","server":"localhost","referrer":"http://localhost:8081/","uid":"537e93f"}
[2017-03-11 23:49:08] INFO > #200: (/tarefas) - [] - {"url":"/tarefas?_dc=1489272548689&page=1&start=0&limit=25&sort=descricaotarefa&dir=desc","ip":"::1","http_method":"OPTIONS","server":"localhost","referrer":"http://localhost:8081/","uid":"8894fab"}
[2017-03-11 23:49:08] INFO > #200: (/tarefas) - [] - {"url":"/tarefas?_dc=1489272548689&page=1&start=0&limit=25&sort=descricaotarefa&dir=desc","ip":"::1","http_method":"GET","server":"localhost","referrer":"http://localhost:8081/","uid":"79862f7"}
[2017-03-11 23:49:08] INFO > #200: (/tarefas) - [] - {"url":"/tarefas?_dc=1489272548872&page=1&start=0&limit=25&sort=descricaotarefa&dir=desc","ip":"::1","http_method":"OPTIONS","server":"localhost","referrer":"http://localhost:8081/","uid":"e71796f"}
[2017-03-11 23:49:08] INFO > #200: (/tarefas) - [] - {"url":"/tarefas?_dc=1489272548872&page=1&start=0&limit=25&sort=descricaotarefa&dir=desc","ip":"::1","http_method":"GET","server":"localhost","referrer":"http://localhost:8081/","uid":"17e4069"}
[2017-03-11 23:49:09] INFO > #200: (/tarefas) - [] - {"url":"/tarefas?_dc=1489272549036&page=1&start=0&limit=25&sort=descricaotarefa&dir=desc","ip":"::1","http_method":"OPTIONS","server":"localhost","referrer":"http://localhost:8081/","uid":"85f15b5"}
[2017-03-11 23:49:09] INFO > #200: (/tarefas) - [] - {"url":"/tarefas?_dc=1489272549036&page=1&start=0&limit=25&sort=descricaotarefa&dir=desc","ip":"::1","http_method":"GET","server":"localhost","referrer":"http://localhost:8081/","uid":"39e2555"}
[2017-03-11 23:49:09] INFO > #200: (/tarefas) - [] - {"url":"/tarefas?_dc=1489272549182&page=1&start=0&limit=25&sort=descricaotarefa&dir=desc","ip":"::1","http_method":"OPTIONS","server":"localhost","referrer":"http://localhost:8081/","uid":"87e475b"}
[2017-03-11 23:49:09] INFO > #200: (/tarefas) - [] - {"url":"/tarefas?_dc=1489272549182&page=1&start=0&limit=25&sort=descricaotarefa&dir=desc","ip":"::1","http_method":"GET","server":"localhost","referrer":"http://localhost:8081/","uid":"137f1f3"}
[2017-03-11 23:49:12] INFO > #200: (/tarefas) - [] - {"url":"/tarefas?_dc=1489272552955&page=1&start=0&limit=25&sort=descricaotarefa&dir=desc","ip":"::1","http_method":"OPTIONS","server":"localhost","referrer":"http://localhost:8081/","uid":"eef4461"}
[2017-03-11 23:49:13] INFO > #200: (/tarefas) - [] - {"url":"/tarefas?_dc=1489272552955&page=1&start=0&limit=25&sort=descricaotarefa&dir=desc","ip":"::1","http_method":"GET","server":"localhost","referrer":"http://localhost:8081/","uid":"24bd481"}
[2017-03-11 23:49:13] INFO > #200: (/tarefas) - [] - {"url":"/tarefas?_dc=1489272553660&page=1&start=0&limit=25&sort=descricaotarefa&dir=desc","ip":"::1","http_method":"OPTIONS","server":"localhost","referrer":"http://localhost:8081/","uid":"2f7d796"}
[2017-03-11 23:49:13] INFO > #200: (/tarefas) - [] - {"url":"/tarefas?_dc=1489272553660&page=1&start=0&limit=25&sort=descricaotarefa&dir=desc","ip":"::1","http_method":"GET","server":"localhost","referrer":"http://localhost:8081/","uid":"79a7a1f"}
[2017-03-11 23:49:14] INFO > #200: (/tarefas) - [] - {"url":"/tarefas?_dc=1489272554495&page=1&start=0&limit=25&sort=descricaotarefa&dir=desc","ip":"::1","http_method":"OPTIONS","server":"localhost","referrer":"http://localhost:8081/","uid":"d31287d"}
[2017-03-11 23:49:14] INFO > #200: (/tarefas) - [] - {"url":"/tarefas?_dc=1489272554495&page=1&start=0&limit=25&sort=descricaotarefa&dir=desc","ip":"::1","http_method":"GET","server":"localhost","referrer":"http://localhost:8081/","uid":"357e5b0"}
[2017-03-11 23:49:14] INFO > #200: (/tarefas) - [] - {"url":"/tarefas?_dc=1489272554603&page=1&start=0&limit=25&sort=descricaotarefa&dir=desc","ip":"::1","http_method":"OPTIONS","server":"localhost","referrer":"http://localhost:8081/","uid":"824f6c4"}
[2017-03-11 23:49:14] INFO > #200: (/tarefas) - [] - {"url":"/tarefas?_dc=1489272554603&page=1&start=0&limit=25&sort=descricaotarefa&dir=desc","ip":"::1","http_method":"GET","server":"localhost","referrer":"http://localhost:8081/","uid":"13c0e6a"}
[2017-03-11 23:49:14] INFO > #200: (/tarefas) - [] - {"url":"/tarefas?_dc=1489272554834&page=1&start=0&limit=25&sort=descricaotarefa&dir=desc","ip":"::1","http_method":"OPTIONS","server":"localhost","referrer":"http://localhost:8081/","uid":"d90891d"}
[2017-03-11 23:49:14] INFO > #200: (/tarefas) - [] - {"url":"/tarefas?_dc=1489272554834&page=1&start=0&limit=25&sort=descricaotarefa&dir=desc","ip":"::1","http_method":"GET","server":"localhost","referrer":"http://localhost:8081/","uid":"2fc6490"}
[2017-03-11 23:49:15] INFO > #200: (/tarefas) - [] - {"url":"/tarefas?_dc=1489272555018&page=1&start=0&limit=25&sort=descricaotarefa&dir=desc","ip":"::1","http_method":"OPTIONS","server":"localhost","referrer":"http://localhost:8081/","uid":"7220c65"}
[2017-03-11 23:49:15] INFO > #200: (/tarefas) - [] - {"url":"/tarefas?_dc=1489272555018&page=1&start=0&limit=25&sort=descricaotarefa&dir=desc","ip":"::1","http_method":"GET","server":"localhost","referrer":"http://localhost:8081/","uid":"9250922"}
[2017-03-11 23:49:15] INFO > #200: (/tarefas) - [] - {"url":"/tarefas?_dc=1489272555197&page=1&start=0&limit=25&sort=descricaotarefa&dir=desc","ip":"::1","http_method":"OPTIONS","server":"localhost","referrer":"http://localhost:8081/","uid":"8e7c6e8"}
[2017-03-11 23:49:15] INFO > #200: (/tarefas) - [] - {"url":"/tarefas?_dc=1489272555197&page=1&start=0&limit=25&sort=descricaotarefa&dir=desc","ip":"::1","http_method":"GET","server":"localhost","referrer":"http://localhost:8081/","uid":"7cf180f"}
[2017-03-11 23:49:15] INFO > #200: (/tarefas) - [] - {"url":"/tarefas?_dc=1489272555346&page=1&start=0&limit=25&sort=descricaotarefa&dir=desc","ip":"::1","http_method":"OPTIONS","server":"localhost","referrer":"http://localhost:8081/","uid":"9579d39"}
[2017-03-11 23:49:15] INFO > #200: (/tarefas) - [] - {"url":"/tarefas?_dc=1489272555346&page=1&start=0&limit=25&sort=descricaotarefa&dir=desc","ip":"::1","http_method":"GET","server":"localhost","referrer":"http://localhost:8081/","uid":"a79dbfc"}
[2017-03-11 23:49:16] INFO > #200: (/tarefas) - [] - {"url":"/tarefas?_dc=1489272556152&page=1&start=0&limit=25&sort=descricaotarefa&dir=desc","ip":"::1","http_method":"OPTIONS","server":"localhost","referrer":"http://localhost:8081/","uid":"cd8e1ce"}
[2017-03-11 23:49:16] INFO > #200: (/tarefas) - [] - {"url":"/tarefas?_dc=1489272556152&page=1&start=0&limit=25&sort=descricaotarefa&dir=desc","ip":"::1","http_method":"GET","server":"localhost","referrer":"http://localhost:8081/","uid":"ba911b4"}
[2017-03-11 23:49:16] INFO > #200: (/tarefas) - [] - {"url":"/tarefas?_dc=1489272556787&page=1&start=0&limit=25&sort=descricaotarefa&dir=desc","ip":"::1","http_method":"OPTIONS","server":"localhost","referrer":"http://localhost:8081/","uid":"b4a3f6a"}
[2017-03-11 23:49:16] INFO > #200: (/tarefas) - [] - {"url":"/tarefas?_dc=1489272556787&page=1&start=0&limit=25&sort=descricaotarefa&dir=desc","ip":"::1","http_method":"GET","server":"localhost","referrer":"http://localhost:8081/","uid":"fccac47"}
[2017-03-11 23:49:19] INFO > #200: (/tarefas) - [] - {"url":"/tarefas?_dc=1489272559226&page=1&start=0&limit=25&sort=descricaotarefa&dir=desc","ip":"::1","http_method":"OPTIONS","server":"localhost","referrer":"http://localhost:8081/","uid":"6cf1ef2"}
[2017-03-11 23:49:19] INFO > #200: (/tarefas) - [] - {"url":"/tarefas?_dc=1489272559226&page=1&start=0&limit=25&sort=descricaotarefa&dir=desc","ip":"::1","http_method":"GET","server":"localhost","referrer":"http://localhost:8081/","uid":"26a7f81"}
[2017-03-11 23:49:19] INFO > #200: (/tarefas) - [] - {"url":"/tarefas?_dc=1489272559882&page=1&start=0&limit=25&sort=descricaotarefa&dir=desc","ip":"::1","http_method":"OPTIONS","server":"localhost","referrer":"http://localhost:8081/","uid":"357b635"}
[2017-03-11 23:49:19] INFO > #200: (/tarefas) - [] - {"url":"/tarefas?_dc=1489272559882&page=1&start=0&limit=25&sort=descricaotarefa&dir=desc","ip":"::1","http_method":"GET","server":"localhost","referrer":"http://localhost:8081/","uid":"f9353fd"}
[2017-03-11 23:49:21] INFO > #200: (/tarefas) - [] - {"url":"/tarefas?_dc=1489272561425&page=1&start=0&limit=25&sort=descricaotarefa&dir=desc","ip":"::1","http_method":"OPTIONS","server":"localhost","referrer":"http://localhost:8081/","uid":"d46b0d2"}
[2017-03-11 23:49:21] INFO > #200: (/tarefas) - [] - {"url":"/tarefas?_dc=1489272561425&page=1&start=0&limit=25&sort=descricaotarefa&dir=desc","ip":"::1","http_method":"GET","server":"localhost","referrer":"http://localhost:8081/","uid":"4c23fbe"}
[2017-03-11 23:49:21] INFO > #200: (/tarefas) - [] - {"url":"/tarefas?_dc=1489272561653&page=1&start=0&limit=25&sort=descricaotarefa&dir=desc","ip":"::1","http_method":"OPTIONS","server":"localhost","referrer":"http://localhost:8081/","uid":"e8b180a"}
[2017-03-11 23:49:21] INFO > #200: (/tarefas) - [] - {"url":"/tarefas?_dc=1489272561653&page=1&start=0&limit=25&sort=descricaotarefa&dir=desc","ip":"::1","http_method":"GET","server":"localhost","referrer":"http://localhost:8081/","uid":"65cd622"}
[2017-03-11 23:49:21] INFO > #200: (/tarefas) - [] - {"url":"/tarefas?_dc=1489272561862&page=1&start=0&limit=25&sort=descricaotarefa&dir=desc","ip":"::1","http_method":"OPTIONS","server":"localhost","referrer":"http://localhost:8081/","uid":"ace93b9"}
[2017-03-11 23:49:21] INFO > #200: (/tarefas) - [] - {"url":"/tarefas?_dc=1489272561862&page=1&start=0&limit=25&sort=descricaotarefa&dir=desc","ip":"::1","http_method":"GET","server":"localhost","referrer":"http://localhost:8081/","uid":"4e67943"}
[2017-03-11 23:49:22] INFO > #200: (/tarefas) - [] - {"url":"/tarefas?_dc=1489272562113&page=1&start=0&limit=25&sort=descricaotarefa&dir=desc","ip":"::1","http_method":"OPTIONS","server":"localhost","referrer":"http://localhost:8081/","uid":"f617bff"}
[2017-03-11 23:49:22] INFO > #200: (/tarefas) - [] - {"url":"/tarefas?_dc=1489272562113&page=1&start=0&limit=25&sort=descricaotarefa&dir=desc","ip":"::1","http_method":"GET","server":"localhost","referrer":"http://localhost:8081/","uid":"2df8583"}
[2017-03-11 23:49:22] INFO > #200: (/tarefas) - [] - {"url":"/tarefas?_dc=1489272562342&page=1&start=0&limit=25&sort=descricaotarefa&dir=desc","ip":"::1","http_method":"OPTIONS","server":"localhost","referrer":"http://localhost:8081/","uid":"7bdc20d"}
[2017-03-11 23:49:22] INFO > #200: (/tarefas) - [] - {"url":"/tarefas?_dc=1489272562342&page=1&start=0&limit=25&sort=descricaotarefa&dir=desc","ip":"::1","http_method":"GET","server":"localhost","referrer":"http://localhost:8081/","uid":"0ce2da6"}
[2017-03-11 23:49:22] INFO > #200: (/tarefas) - [] - {"url":"/tarefas?_dc=1489272562594&page=1&start=0&limit=25&sort=descricaotarefa&dir=desc","ip":"::1","http_method":"OPTIONS","server":"localhost","referrer":"http://localhost:8081/","uid":"2955db0"}
[2017-03-11 23:49:22] INFO > #200: (/tarefas) - [] - {"url":"/tarefas?_dc=1489272562594&page=1&start=0&limit=25&sort=descricaotarefa&dir=desc","ip":"::1","http_method":"GET","server":"localhost","referrer":"http://localhost:8081/","uid":"db10fd6"}
[2017-03-11 23:49:22] INFO > #200: (/tarefas) - [] - {"url":"/tarefas?_dc=1489272562883&page=1&start=0&limit=25&sort=descricaotarefa&dir=desc","ip":"::1","http_method":"OPTIONS","server":"localhost","referrer":"http://localhost:8081/","uid":"f28f9ac"}
[2017-03-11 23:49:22] INFO > #200: (/tarefas) - [] - {"url":"/tarefas?_dc=1489272562883&page=1&start=0&limit=25&sort=descricaotarefa&dir=desc","ip":"::1","http_method":"GET","server":"localhost","referrer":"http://localhost:8081/","uid":"ea4bc25"}
[2017-03-11 23:49:23] INFO > #200: (/tarefas) - [] - {"url":"/tarefas?_dc=1489272563042&page=1&start=0&limit=25&sort=descricaotarefa&dir=desc","ip":"::1","http_method":"OPTIONS","server":"localhost","referrer":"http://localhost:8081/","uid":"da057ed"}
[2017-03-11 23:49:23] INFO > #200: (/tarefas) - [] - {"url":"/tarefas?_dc=1489272563042&page=1&start=0&limit=25&sort=descricaotarefa&dir=desc","ip":"::1","http_method":"GET","server":"localhost","referrer":"http://localhost:8081/","uid":"062edbe"}
[2017-03-11 23:49:23] INFO > #200: (/tarefas) - [] - {"url":"/tarefas?_dc=1489272563193&page=1&start=0&limit=25&sort=descricaotarefa&dir=desc","ip":"::1","http_method":"OPTIONS","server":"localhost","referrer":"http://localhost:8081/","uid":"e0d44c9"}
[2017-03-11 23:49:23] INFO > #200: (/tarefas) - [] - {"url":"/tarefas?_dc=1489272563193&page=1&start=0&limit=25&sort=descricaotarefa&dir=desc","ip":"::1","http_method":"GET","server":"localhost","referrer":"http://localhost:8081/","uid":"fda2f84"}
[2017-03-11 23:49:23] INFO > #200: (/tarefas) - [] - {"url":"/tarefas?_dc=1489272563847&page=1&start=0&limit=25&sort=descricaotarefa&dir=desc","ip":"::1","http_method":"OPTIONS","server":"localhost","referrer":"http://localhost:8081/","uid":"ea05008"}
[2017-03-11 23:49:23] INFO > #200: (/tarefas) - [] - {"url":"/tarefas?_dc=1489272563847&page=1&start=0&limit=25&sort=descricaotarefa&dir=desc","ip":"::1","http_method":"GET","server":"localhost","referrer":"http://localhost:8081/","uid":"4bf5424"}
[2017-03-11 23:49:28] INFO > #200: (/tarefas) - [] - {"url":"/tarefas?_dc=1489272568163&page=1&start=0&limit=25&sort=descricaotarefa&dir=desc","ip":"::1","http_method":"OPTIONS","server":"localhost","referrer":"http://localhost:8081/","uid":"de00f61"}
[2017-03-11 23:49:28] INFO > #200: (/tarefas) - [] - {"url":"/tarefas?_dc=1489272568163&page=1&start=0&limit=25&sort=descricaotarefa&dir=desc","ip":"::1","http_method":"GET","server":"localhost","referrer":"http://localhost:8081/","uid":"ea17de8"}
[2017-03-11 23:49:28] INFO > #200: (/tarefas) - [] - {"url":"/tarefas?_dc=1489272568363&page=1&start=0&limit=25&sort=descricaotarefa&dir=desc","ip":"::1","http_method":"OPTIONS","server":"localhost","referrer":"http://localhost:8081/","uid":"0f265da"}
[2017-03-11 23:49:28] INFO > #200: (/tarefas) - [] - {"url":"/tarefas?_dc=1489272568363&page=1&start=0&limit=25&sort=descricaotarefa&dir=desc","ip":"::1","http_method":"GET","server":"localhost","referrer":"http://localhost:8081/","uid":"a32e800"}
[2017-03-11 23:49:29] INFO > #200: (/tarefas) - [] - {"url":"/tarefas?_dc=1489272569441&page=1&start=0&limit=25&sort=descricaotarefa&dir=desc","ip":"::1","http_method":"OPTIONS","server":"localhost","referrer":"http://localhost:8081/","uid":"8f2ba58"}
[2017-03-11 23:49:29] INFO > #200: (/tarefas) - [] - {"url":"/tarefas?_dc=1489272569441&page=1&start=0&limit=25&sort=descricaotarefa&dir=desc","ip":"::1","http_method":"GET","server":"localhost","referrer":"http://localhost:8081/","uid":"fee6e25"}
[2017-03-11 23:49:29] INFO > #200: (/tarefas) - [] - {"url":"/tarefas?_dc=1489272569588&page=1&start=0&limit=25&sort=descricaotarefa&dir=desc","ip":"::1","http_method":"OPTIONS","server":"localhost","referrer":"http://localhost:8081/","uid":"90c1cef"}
[2017-03-11 23:49:29] INFO > #200: (/tarefas) - [] - {"url":"/tarefas?_dc=1489272569588&page=1&start=0&limit=25&sort=descricaotarefa&dir=desc","ip":"::1","http_method":"GET","server":"localhost","referrer":"http://localhost:8081/","uid":"f6ea2d3"}
[2017-03-11 23:49:30] INFO > #200: (/tarefas) - [] - {"url":"/tarefas?_dc=1489272570480&page=1&start=0&limit=25&sort=descricaotarefa&dir=desc","ip":"::1","http_method":"OPTIONS","server":"localhost","referrer":"http://localhost:8081/","uid":"313f9af"}
[2017-03-11 23:49:30] INFO > #200: (/tarefas) - [] - {"url":"/tarefas?_dc=1489272570480&page=1&start=0&limit=25&sort=descricaotarefa&dir=desc","ip":"::1","http_method":"GET","server":"localhost","referrer":"http://localhost:8081/","uid":"9953d26"}
[2017-03-11 23:49:30] INFO > #200: (/tarefas) - [] - {"url":"/tarefas?_dc=1489272570607&page=1&start=0&limit=25&sort=descricaotarefa&dir=desc","ip":"::1","http_method":"OPTIONS","server":"localhost","referrer":"http://localhost:8081/","uid":"dd23ebe"}
[2017-03-11 23:49:30] INFO > #200: (/tarefas) - [] - {"url":"/tarefas?_dc=1489272570607&page=1&start=0&limit=25&sort=descricaotarefa&dir=desc","ip":"::1","http_method":"GET","server":"localhost","referrer":"http://localhost:8081/","uid":"5d13ee0"}
[2017-03-11 23:49:30] INFO > #200: (/tarefas) - [] - {"url":"/tarefas?_dc=1489272570850&page=1&start=0&limit=25&sort=descricaotarefa&dir=desc","ip":"::1","http_method":"OPTIONS","server":"localhost","referrer":"http://localhost:8081/","uid":"f9d17b6"}
[2017-03-11 23:49:30] INFO > #200: (/tarefas) - [] - {"url":"/tarefas?_dc=1489272570850&page=1&start=0&limit=25&sort=descricaotarefa&dir=desc","ip":"::1","http_method":"GET","server":"localhost","referrer":"http://localhost:8081/","uid":"6c62b93"}
[2017-03-11 23:49:31] INFO > #200: (/tarefas) - [] - {"url":"/tarefas?_dc=1489272571034&page=1&start=0&limit=25&sort=descricaotarefa&dir=desc","ip":"::1","http_method":"OPTIONS","server":"localhost","referrer":"http://localhost:8081/","uid":"fa359f1"}
[2017-03-11 23:49:31] INFO > #200: (/tarefas) - [] - {"url":"/tarefas?_dc=1489272571034&page=1&start=0&limit=25&sort=descricaotarefa&dir=desc","ip":"::1","http_method":"GET","server":"localhost","referrer":"http://localhost:8081/","uid":"e978013"}
[2017-03-11 23:49:31] INFO > #200: (/tarefas) - [] - {"url":"/tarefas?_dc=1489272571184&page=1&start=0&limit=25&sort=descricaotarefa&dir=desc","ip":"::1","http_method":"OPTIONS","server":"localhost","referrer":"http://localhost:8081/","uid":"ca0dd8d"}
[2017-03-11 23:49:31] INFO > #200: (/tarefas) - [] - {"url":"/tarefas?_dc=1489272571184&page=1&start=0&limit=25&sort=descricaotarefa&dir=desc","ip":"::1","http_method":"GET","server":"localhost","referrer":"http://localhost:8081/","uid":"7fbfa5d"}
[2017-03-11 23:49:31] INFO > #200: (/tarefas) - [] - {"url":"/tarefas?_dc=1489272571305&page=1&start=0&limit=25&sort=descricaotarefa&dir=desc","ip":"::1","http_method":"OPTIONS","server":"localhost","referrer":"http://localhost:8081/","uid":"92c71fb"}
[2017-03-11 23:49:31] INFO > #200: (/tarefas) - [] - {"url":"/tarefas?_dc=1489272571305&page=1&start=0&limit=25&sort=descricaotarefa&dir=desc","ip":"::1","http_method":"GET","server":"localhost","referrer":"http://localhost:8081/","uid":"a2f4141"}
[2017-03-11 23:49:32] INFO > #200: (/tarefas) - [] - {"url":"/tarefas?_dc=1489272572184&page=1&start=0&limit=25&sort=descricaotarefa&dir=desc","ip":"::1","http_method":"OPTIONS","server":"localhost","referrer":"http://localhost:8081/","uid":"d52a02c"}
[2017-03-11 23:49:32] INFO > #200: (/tarefas) - [] - {"url":"/tarefas?_dc=1489272572184&page=1&start=0&limit=25&sort=descricaotarefa&dir=desc","ip":"::1","http_method":"GET","server":"localhost","referrer":"http://localhost:8081/","uid":"a447064"}
[2017-03-11 23:49:32] INFO > #200: (/tarefas) - [] - {"url":"/tarefas?_dc=1489272572845&page=1&start=0&limit=25&sort=descricaotarefa&dir=desc","ip":"::1","http_method":"OPTIONS","server":"localhost","referrer":"http://localhost:8081/","uid":"7491376"}
[2017-03-11 23:49:32] INFO > #200: (/tarefas) - [] - {"url":"/tarefas?_dc=1489272572845&page=1&start=0&limit=25&sort=descricaotarefa&dir=desc","ip":"::1","http_method":"GET","server":"localhost","referrer":"http://localhost:8081/","uid":"69a4e6a"}
[2017-03-11 23:49:39] INFO > #200: (/tarefas) - [] - {"url":"/tarefas?_dc=1489272579041&page=1&start=0&limit=25&sort=descricaotarefa&dir=desc","ip":"::1","http_method":"OPTIONS","server":"localhost","referrer":"http://localhost:8081/","uid":"c66f0fb"}
[2017-03-11 23:49:39] INFO > #200: (/tarefas) - [] - {"url":"/tarefas?_dc=1489272579041&page=1&start=0&limit=25&sort=descricaotarefa&dir=desc","ip":"::1","http_method":"GET","server":"localhost","referrer":"http://localhost:8081/","uid":"09aa9d2"}
[2017-03-11 23:49:40] INFO > #200: (/tarefas) - [] - {"url":"/tarefas?_dc=1489272580407&page=1&start=0&limit=25&sort=descricaotarefa&dir=desc","ip":"::1","http_method":"OPTIONS","server":"localhost","referrer":"http://localhost:8081/","uid":"2c09dee"}
[2017-03-11 23:49:40] INFO > #200: (/tarefas) - [] - {"url":"/tarefas?_dc=1489272580407&page=1&start=0&limit=25&sort=descricaotarefa&dir=desc","ip":"::1","http_method":"GET","server":"localhost","referrer":"http://localhost:8081/","uid":"ac68328"}
[2017-03-11 23:51:13] INFO > #200: (/sprint/13) - [] - {"url":"/sprint/13","ip":"::1","http_method":"GET","server":"localhost","referrer":"http://localhost:8081/","uid":"e89cbe4"}
[2017-03-11 23:51:15] INFO > #200: (//sprint/tarefas/12) - [] - {"url":"//sprint/tarefas/12","ip":"::1","http_method":"GET","server":"localhost","referrer":"http://localhost:8081/","uid":"07eb3f5"}
[2017-03-11 23:52:17] INFO > #200: (/projetos) - [] - {"url":"/projetos?_dc=1489272737871&page=1&start=0&limit=25&sort=nomeusuario&dir=desc","ip":"::1","http_method":"OPTIONS","server":"localhost","referrer":"http://localhost:8081/","uid":"4c8f886"}
[2017-03-11 23:52:17] INFO > #200: (/hora) - [] - {"url":"/hora?_dc=1489272737873&page=1&start=0&limit=25","ip":"::1","http_method":"OPTIONS","server":"localhost","referrer":"http://localhost:8081/","uid":"e7f8e51"}
[2017-03-11 23:52:17] INFO > #200: (/situacaoprojeto) - [] - {"url":"/situacaoprojeto?_dc=1489272737872&page=1&start=0&limit=25","ip":"::1","http_method":"OPTIONS","server":"localhost","referrer":"http://localhost:8081/","uid":"84d831c"}
[2017-03-11 23:52:17] INFO > #200: (/sistemasinternos) - [] - {"url":"/sistemasinternos?_dc=1489272737874&page=1&start=0&limit=25","ip":"::1","http_method":"OPTIONS","server":"localhost","referrer":"http://localhost:8081/","uid":"c5c317f"}
[2017-03-11 23:52:17] INFO > #200: (/sistemasexternos) - [] - {"url":"/sistemasexternos?_dc=1489272737875&page=1&start=0&limit=25","ip":"::1","http_method":"OPTIONS","server":"localhost","referrer":"http://localhost:8081/","uid":"24fb9ed"}
[2017-03-11 23:52:17] INFO > #200: (/sistemas) - [] - {"url":"/sistemas?_dc=1489272737876&page=1&start=0&limit=25","ip":"::1","http_method":"OPTIONS","server":"localhost","referrer":"http://localhost:8081/","uid":"9435492"}
[2017-03-11 23:52:18] INFO > #200: (/sistemas) - [] - {"url":"/sistemas?_dc=1489272737877&page=1&start=0&limit=25","ip":"::1","http_method":"OPTIONS","server":"localhost","referrer":"http://localhost:8081/","uid":"b19652f"}
[2017-03-11 23:52:18] INFO > #200: (/abrangencia) - [] - {"url":"/abrangencia?_dc=1489272737878&page=1&start=0&limit=25","ip":"::1","http_method":"OPTIONS","server":"localhost","referrer":"http://localhost:8081/","uid":"2d3a35f"}
[2017-03-11 23:52:18] INFO > #200: (/estabilidade) - [] - {"url":"/estabilidade?_dc=1489272737878&page=1&start=0&limit=25","ip":"::1","http_method":"OPTIONS","server":"localhost","referrer":"http://localhost:8081/","uid":"a257a70"}
[2017-03-11 23:52:18] INFO > #200: (/conhecimento) - [] - {"url":"/conhecimento?_dc=1489272737879&page=1&start=0&limit=25","ip":"::1","http_method":"OPTIONS","server":"localhost","referrer":"http://localhost:8081/","uid":"24ab931"}
[2017-03-11 23:52:18] INFO > #200: (/classificacao) - [] - {"url":"/classificacao?_dc=1489272737884&page=1&start=0&limit=25","ip":"::1","http_method":"OPTIONS","server":"localhost","referrer":"http://localhost:8081/","uid":"1d0b99c"}
[2017-03-11 23:52:18] INFO > #200: (/nivelrisco) - [] - {"url":"/nivelrisco?_dc=1489272737884&page=1&start=0&limit=25","ip":"::1","http_method":"OPTIONS","server":"localhost","referrer":"http://localhost:8081/","uid":"9cb40f6"}
[2017-03-11 23:52:18] INFO > #200: (/projetos) - [] - {"url":"/projetos?_dc=1489272737871&page=1&start=0&limit=25&sort=nomeusuario&dir=desc","ip":"::1","http_method":"GET","server":"localhost","referrer":"http://localhost:8081/","uid":"66a09e4"}
[2017-03-11 23:52:18] INFO > #200: (/hora) - [] - {"url":"/hora?_dc=1489272737873&page=1&start=0&limit=25","ip":"::1","http_method":"GET","server":"localhost","referrer":"http://localhost:8081/","uid":"6ad4ed5"}
[2017-03-11 23:52:18] INFO > #200: (/situacaoprojeto) - [] - {"url":"/situacaoprojeto?_dc=1489272737872&page=1&start=0&limit=25","ip":"::1","http_method":"GET","server":"localhost","referrer":"http://localhost:8081/","uid":"11ae5eb"}
[2017-03-11 23:52:18] INFO > #200: (/sistemasinternos) - [] - {"url":"/sistemasinternos?_dc=1489272737874&page=1&start=0&limit=25","ip":"::1","http_method":"GET","server":"localhost","referrer":"http://localhost:8081/","uid":"b0bd911"}
[2017-03-11 23:52:18] INFO > #200: (/sistemasexternos) - [] - {"url":"/sistemasexternos?_dc=1489272737875&page=1&start=0&limit=25","ip":"::1","http_method":"GET","server":"localhost","referrer":"http://localhost:8081/","uid":"e38841e"}
[2017-03-11 23:52:18] INFO > #200: (/sistemas) - [] - {"url":"/sistemas?_dc=1489272737876&page=1&start=0&limit=25","ip":"::1","http_method":"GET","server":"localhost","referrer":"http://localhost:8081/","uid":"0db2747"}
[2017-03-11 23:52:18] INFO > #200: (/sistemas) - [] - {"url":"/sistemas?_dc=1489272737877&page=1&start=0&limit=25","ip":"::1","http_method":"GET","server":"localhost","referrer":"http://localhost:8081/","uid":"6f2b6e2"}
[2017-03-11 23:52:18] INFO > #200: (/abrangencia) - [] - {"url":"/abrangencia?_dc=1489272737878&page=1&start=0&limit=25","ip":"::1","http_method":"GET","server":"localhost","referrer":"http://localhost:8081/","uid":"afb1e2b"}
[2017-03-11 23:52:18] INFO > #200: (/estabilidade) - [] - {"url":"/estabilidade?_dc=1489272737878&page=1&start=0&limit=25","ip":"::1","http_method":"GET","server":"localhost","referrer":"http://localhost:8081/","uid":"7ed1222"}
[2017-03-11 23:52:18] INFO > #200: (/conhecimento) - [] - {"url":"/conhecimento?_dc=1489272737879&page=1&start=0&limit=25","ip":"::1","http_method":"GET","server":"localhost","referrer":"http://localhost:8081/","uid":"285c019"}
[2017-03-11 23:52:18] INFO > #200: (/classificacao) - [] - {"url":"/classificacao?_dc=1489272737884&page=1&start=0&limit=25","ip":"::1","http_method":"GET","server":"localhost","referrer":"http://localhost:8081/","uid":"3a12abe"}
[2017-03-11 23:52:18] INFO > #200: (/nivelrisco) - [] - {"url":"/nivelrisco?_dc=1489272737884&page=1&start=0&limit=25","ip":"::1","http_method":"GET","server":"localhost","referrer":"http://localhost:8081/","uid":"90ba2cf"}
[2017-03-11 23:52:20] INFO > #200: (/projetos/solicitantes/13) - [] - {"url":"/projetos/solicitantes/13","ip":"::1","http_method":"OPTIONS","server":"localhost","referrer":"http://localhost:8081/","uid":"48e54df"}
[2017-03-11 23:52:20] INFO > #200: (/projetos/riscos/13) - [] - {"url":"/projetos/riscos/13","ip":"::1","http_method":"OPTIONS","server":"localhost","referrer":"http://localhost:8081/","uid":"49cc019"}
[2017-03-11 23:52:20] INFO > #200: (/projetos/solicitantes/13) - [] - {"url":"/projetos/solicitantes/13","ip":"::1","http_method":"GET","server":"localhost","referrer":"http://localhost:8081/","uid":"ce3fad2"}
[2017-03-11 23:52:20] INFO > #200: (/projetos/riscos/13) - [] - {"url":"/projetos/riscos/13","ip":"::1","http_method":"GET","server":"localhost","referrer":"http://localhost:8081/","uid":"e90b86a"}
[2017-03-11 23:53:39] INFO > #200: (/projetos/solicitantes/13) - [] - {"url":"/projetos/solicitantes/13","ip":"::1","http_method":"GET","server":"localhost","referrer":"http://localhost:8081/","uid":"325cf81"}
[2017-03-11 23:53:39] INFO > #200: (/projetos/riscos/13) - [] - {"url":"/projetos/riscos/13","ip":"::1","http_method":"GET","server":"localhost","referrer":"http://localhost:8081/","uid":"62e71ac"}
[2017-03-11 23:53:47] INFO > #200: (/projetos) - [] - {"url":"/projetos?_dc=1489272827102&page=1&start=0&limit=25&sort=nomeusuario&dir=desc","ip":"::1","http_method":"OPTIONS","server":"localhost","referrer":"http://localhost:8081/","uid":"2c2f449"}
[2017-03-11 23:53:47] INFO > #200: (/situacaoprojeto) - [] - {"url":"/situacaoprojeto?_dc=1489272827105&page=1&start=0&limit=25","ip":"::1","http_method":"OPTIONS","server":"localhost","referrer":"http://localhost:8081/","uid":"0f4d58a"}
[2017-03-11 23:53:47] INFO > #200: (/sistemasinternos) - [] - {"url":"/sistemasinternos?_dc=1489272827108&page=1&start=0&limit=25","ip":"::1","http_method":"OPTIONS","server":"localhost","referrer":"http://localhost:8081/","uid":"7fe2268"}
[2017-03-11 23:53:47] INFO > #200: (/hora) - [] - {"url":"/hora?_dc=1489272827107&page=1&start=0&limit=25","ip":"::1","http_method":"OPTIONS","server":"localhost","referrer":"http://localhost:8081/","uid":"c58c1f6"}
[2017-03-11 23:53:47] INFO > #200: (/sistemasexternos) - [] - {"url":"/sistemasexternos?_dc=1489272827109&page=1&start=0&limit=25","ip":"::1","http_method":"OPTIONS","server":"localhost","referrer":"http://localhost:8081/","uid":"ad9f474"}
[2017-03-11 23:53:47] INFO > #200: (/sistemas) - [] - {"url":"/sistemas?_dc=1489272827110&page=1&start=0&limit=25","ip":"::1","http_method":"OPTIONS","server":"localhost","referrer":"http://localhost:8081/","uid":"0d2ff22"}
[2017-03-11 23:53:47] INFO > #200: (/sistemas) - [] - {"url":"/sistemas?_dc=1489272827112&page=1&start=0&limit=25","ip":"::1","http_method":"OPTIONS","server":"localhost","referrer":"http://localhost:8081/","uid":"7055dab"}
[2017-03-11 23:53:47] INFO > #200: (/abrangencia) - [] - {"url":"/abrangencia?_dc=1489272827113&page=1&start=0&limit=25","ip":"::1","http_method":"OPTIONS","server":"localhost","referrer":"http://localhost:8081/","uid":"86d4d01"}
[2017-03-11 23:53:47] INFO > #200: (/estabilidade) - [] - {"url":"/estabilidade?_dc=1489272827114&page=1&start=0&limit=25","ip":"::1","http_method":"OPTIONS","server":"localhost","referrer":"http://localhost:8081/","uid":"e82dd51"}
[2017-03-11 23:53:47] INFO > #200: (/conhecimento) - [] - {"url":"/conhecimento?_dc=1489272827115&page=1&start=0&limit=25","ip":"::1","http_method":"OPTIONS","server":"localhost","referrer":"http://localhost:8081/","uid":"5e382aa"}
[2017-03-11 23:53:47] INFO > #200: (/classificacao) - [] - {"url":"/classificacao?_dc=1489272827118&page=1&start=0&limit=25","ip":"::1","http_method":"OPTIONS","server":"localhost","referrer":"http://localhost:8081/","uid":"024aba4"}
[2017-03-11 23:53:47] INFO > #200: (/nivelrisco) - [] - {"url":"/nivelrisco?_dc=1489272827119&page=1&start=0&limit=25","ip":"::1","http_method":"OPTIONS","server":"localhost","referrer":"http://localhost:8081/","uid":"56389de"}
[2017-03-11 23:53:47] INFO > #200: (/projetos) - [] - {"url":"/projetos?_dc=1489272827102&page=1&start=0&limit=25&sort=nomeusuario&dir=desc","ip":"::1","http_method":"GET","server":"localhost","referrer":"http://localhost:8081/","uid":"3e5dcd1"}
[2017-03-11 23:53:47] INFO > #200: (/situacaoprojeto) - [] - {"url":"/situacaoprojeto?_dc=1489272827105&page=1&start=0&limit=25","ip":"::1","http_method":"GET","server":"localhost","referrer":"http://localhost:8081/","uid":"c97a15f"}
[2017-03-11 23:53:47] INFO > #200: (/sistemasinternos) - [] - {"url":"/sistemasinternos?_dc=1489272827108&page=1&start=0&limit=25","ip":"::1","http_method":"GET","server":"localhost","referrer":"http://localhost:8081/","uid":"ba28634"}
[2017-03-11 23:53:47] INFO > #200: (/hora) - [] - {"url":"/hora?_dc=1489272827107&page=1&start=0&limit=25","ip":"::1","http_method":"GET","server":"localhost","referrer":"http://localhost:8081/","uid":"9128282"}
[2017-03-11 23:53:47] INFO > #200: (/sistemasexternos) - [] - {"url":"/sistemasexternos?_dc=1489272827109&page=1&start=0&limit=25","ip":"::1","http_method":"GET","server":"localhost","referrer":"http://localhost:8081/","uid":"514340d"}
[2017-03-11 23:53:47] INFO > #200: (/sistemas) - [] - {"url":"/sistemas?_dc=1489272827110&page=1&start=0&limit=25","ip":"::1","http_method":"GET","server":"localhost","referrer":"http://localhost:8081/","uid":"25490ae"}
[2017-03-11 23:53:47] INFO > #200: (/sistemas) - [] - {"url":"/sistemas?_dc=1489272827112&page=1&start=0&limit=25","ip":"::1","http_method":"GET","server":"localhost","referrer":"http://localhost:8081/","uid":"7e82251"}
[2017-03-11 23:53:47] INFO > #200: (/abrangencia) - [] - {"url":"/abrangencia?_dc=1489272827113&page=1&start=0&limit=25","ip":"::1","http_method":"GET","server":"localhost","referrer":"http://localhost:8081/","uid":"a402998"}
[2017-03-11 23:53:47] INFO > #200: (/estabilidade) - [] - {"url":"/estabilidade?_dc=1489272827114&page=1&start=0&limit=25","ip":"::1","http_method":"GET","server":"localhost","referrer":"http://localhost:8081/","uid":"a248fb6"}
[2017-03-11 23:53:47] INFO > #200: (/conhecimento) - [] - {"url":"/conhecimento?_dc=1489272827115&page=1&start=0&limit=25","ip":"::1","http_method":"GET","server":"localhost","referrer":"http://localhost:8081/","uid":"64efaaf"}
[2017-03-11 23:53:47] INFO > #200: (/classificacao) - [] - {"url":"/classificacao?_dc=1489272827118&page=1&start=0&limit=25","ip":"::1","http_method":"GET","server":"localhost","referrer":"http://localhost:8081/","uid":"d444965"}
[2017-03-11 23:53:47] INFO > #200: (/nivelrisco) - [] - {"url":"/nivelrisco?_dc=1489272827119&page=1&start=0&limit=25","ip":"::1","http_method":"GET","server":"localhost","referrer":"http://localhost:8081/","uid":"70750e5"}
[2017-03-11 23:53:48] INFO > #200: (/projetos/solicitantes/13) - [] - {"url":"/projetos/solicitantes/13","ip":"::1","http_method":"GET","server":"localhost","referrer":"http://localhost:8081/","uid":"59d5048"}
[2017-03-11 23:53:48] INFO > #200: (/projetos/riscos/13) - [] - {"url":"/projetos/riscos/13","ip":"::1","http_method":"GET","server":"localhost","referrer":"http://localhost:8081/","uid":"6d4c416"}
[2017-03-11 23:55:20] INFO > #200: (/tarefas) - [] - {"url":"/tarefas?_dc=1489272920580&page=1&start=0&limit=25&sort=descricaotarefa&dir=desc","ip":"::1","http_method":"OPTIONS","server":"localhost","referrer":"http://localhost:8081/","uid":"42ce357"}
[2017-03-11 23:55:20] INFO > #200: (/tarefas) - [] - {"url":"/tarefas?_dc=1489272920580&page=1&start=0&limit=25&sort=descricaotarefa&dir=desc","ip":"::1","http_method":"GET","server":"localhost","referrer":"http://localhost:8081/","uid":"5dfd051"}
[2017-03-11 23:57:37] INFO > #200: (/comboprojeto) - [] - {"url":"/comboprojeto?_dc=1489273057584&page=1&start=0&limit=25","ip":"::1","http_method":"OPTIONS","server":"localhost","referrer":"http://localhost:8081/","uid":"fe97b55"}
[2017-03-11 23:57:37] INFO > #200: (/comboprogramadores) - [] - {"url":"/comboprogramadores?_dc=1489273057586&page=1&start=0&limit=25","ip":"::1","http_method":"OPTIONS","server":"localhost","referrer":"http://localhost:8081/","uid":"b53fe16"}
[2017-03-11 23:57:37] INFO > #200: (/comboprojeto) - [] - {"url":"/comboprojeto?_dc=1489273057584&page=1&start=0&limit=25","ip":"::1","http_method":"GET","server":"localhost","referrer":"http://localhost:8081/","uid":"6162913"}
[2017-03-11 23:57:37] INFO > #200: (/comboprogramadores) - [] - {"url":"/comboprogramadores?_dc=1489273057586&page=1&start=0&limit=25","ip":"::1","http_method":"GET","server":"localhost","referrer":"http://localhost:8081/","uid":"7279f3b"}
[2017-03-11 23:57:40] INFO > #200: (/sprint/13) - [] - {"url":"/sprint/13","ip":"::1","http_method":"OPTIONS","server":"localhost","referrer":"http://localhost:8081/","uid":"c98f43d"}
[2017-03-11 23:57:40] INFO > #200: (/sprint/13) - [] - {"url":"/sprint/13","ip":"::1","http_method":"GET","server":"localhost","referrer":"http://localhost:8081/","uid":"40f6e6a"}
[2017-03-11 23:57:42] INFO > #200: (//sprint/tarefas/12) - [] - {"url":"//sprint/tarefas/12","ip":"::1","http_method":"OPTIONS","server":"localhost","referrer":"http://localhost:8081/","uid":"722ef5b"}
[2017-03-11 23:57:42] INFO > #200: (//sprint/tarefas/12) - [] - {"url":"//sprint/tarefas/12","ip":"::1","http_method":"GET","server":"localhost","referrer":"http://localhost:8081/","uid":"6952656"}
