[2017-03-08 01:23:25] INFO > #200: (/comboprojeto) - [] - {"url":"/comboprojeto?_dc=1488932604916&page=1&start=0&limit=25","ip":"::1","http_method":"OPTIONS","server":"localhost","referrer":"http://localhost:8081/","uid":"55defe1"}
[2017-03-08 01:23:25] INFO > #200: (/comboprogramadores) - [] - {"url":"/comboprogramadores?_dc=1488932604918&page=1&start=0&limit=25","ip":"::1","http_method":"OPTIONS","server":"localhost","referrer":"http://localhost:8081/","uid":"4b83e7c"}
[2017-03-08 01:23:26] INFO > #200: (/comboprojeto) - [] - {"url":"/comboprojeto?_dc=1488932604916&page=1&start=0&limit=25","ip":"::1","http_method":"GET","server":"localhost","referrer":"http://localhost:8081/","uid":"9655a06"}
[2017-03-08 01:23:26] INFO > #200: (/comboprogramadores) - [] - {"url":"/comboprogramadores?_dc=1488932604918&page=1&start=0&limit=25","ip":"::1","http_method":"GET","server":"localhost","referrer":"http://localhost:8081/","uid":"2b882b0"}
[2017-03-08 01:23:28] INFO > #200: (/sprint/13) - [] - {"url":"/sprint/13","ip":"::1","http_method":"OPTIONS","server":"localhost","referrer":"http://localhost:8081/","uid":"38fa111"}
[2017-03-08 01:23:28] INFO > #200: (/sprint/13) - [] - {"url":"/sprint/13","ip":"::1","http_method":"GET","server":"localhost","referrer":"http://localhost:8081/","uid":"b26779f"}
[2017-03-08 01:23:31] INFO > #200: (//sprint/tarefas/11) - [] - {"url":"//sprint/tarefas/11","ip":"::1","http_method":"OPTIONS","server":"localhost","referrer":"http://localhost:8081/","uid":"4e67de2"}
[2017-03-08 01:23:31] INFO > #200: (//sprint/tarefas/11) - [] - {"url":"//sprint/tarefas/11","ip":"::1","http_method":"GET","server":"localhost","referrer":"http://localhost:8081/","uid":"a2578fe"}
[2017-03-08 01:30:19] INFO > #200: (//sprint/tarefas/11) - [] - {"url":"//sprint/tarefas/11","ip":"::1","http_method":"GET","server":"localhost","referrer":"http://localhost:8081/","uid":"b8f55f1"}
[2017-03-08 01:30:22] INFO > #200: (//sprint/tarefas/11) - [] - {"url":"//sprint/tarefas/11","ip":"::1","http_method":"GET","server":"localhost","referrer":"http://localhost:8081/","uid":"c637411"}
[2017-03-08 01:31:54] INFO > #200: (//sprint/tarefas/11) - [] - {"url":"//sprint/tarefas/11","ip":"::1","http_method":"GET","server":"localhost","referrer":"http://localhost:8081/","uid":"20480bb"}
[2017-03-08 01:32:47] INFO > #200: (/sprint/13) - [] - {"url":"/sprint/13","ip":"::1","http_method":"GET","server":"localhost","referrer":"http://localhost:8081/","uid":"5b2df07"}
[2017-03-08 01:33:30] INFO > #200: (/sprint/13) - [] - {"url":"/sprint/13","ip":"::1","http_method":"OPTIONS","server":"localhost","referrer":"http://localhost:8081/","uid":"f550405"}
[2017-03-08 01:33:30] INFO > #200: (/sprint/13) - [] - {"url":"/sprint/13","ip":"::1","http_method":"GET","server":"localhost","referrer":"http://localhost:8081/","uid":"523836e"}
[2017-03-08 01:34:07] INFO > #200: (/comboprojeto) - [] - {"url":"/comboprojeto?_dc=1488933247705&page=1&start=0&limit=25","ip":"::1","http_method":"OPTIONS","server":"localhost","referrer":"http://localhost:8081/","uid":"6296603"}
[2017-03-08 01:34:07] INFO > #200: (/comboprogramadores) - [] - {"url":"/comboprogramadores?_dc=1488933247708&page=1&start=0&limit=25","ip":"::1","http_method":"OPTIONS","server":"localhost","referrer":"http://localhost:8081/","uid":"0abae60"}
[2017-03-08 01:34:07] INFO > #200: (/comboprojeto) - [] - {"url":"/comboprojeto?_dc=1488933247705&page=1&start=0&limit=25","ip":"::1","http_method":"GET","server":"localhost","referrer":"http://localhost:8081/","uid":"03aa350"}
[2017-03-08 01:34:07] INFO > #200: (/comboprogramadores) - [] - {"url":"/comboprogramadores?_dc=1488933247708&page=1&start=0&limit=25","ip":"::1","http_method":"GET","server":"localhost","referrer":"http://localhost:8081/","uid":"5182ff0"}
[2017-03-08 01:34:10] INFO > #200: (/sprint/13) - [] - {"url":"/sprint/13","ip":"::1","http_method":"GET","server":"localhost","referrer":"http://localhost:8081/","uid":"123a6e0"}
[2017-03-08 01:47:13] INFO > #200: (/comboprojeto) - [] - {"url":"/comboprojeto?_dc=1488934033917&page=1&start=0&limit=25","ip":"::1","http_method":"OPTIONS","server":"localhost","referrer":"http://localhost:8081/","uid":"49010a7"}
[2017-03-08 01:47:13] INFO > #200: (/comboprogramadores) - [] - {"url":"/comboprogramadores?_dc=1488934033920&page=1&start=0&limit=25","ip":"::1","http_method":"OPTIONS","server":"localhost","referrer":"http://localhost:8081/","uid":"a190e36"}
[2017-03-08 01:47:13] INFO > #200: (/comboprojeto) - [] - {"url":"/comboprojeto?_dc=1488934033917&page=1&start=0&limit=25","ip":"::1","http_method":"GET","server":"localhost","referrer":"http://localhost:8081/","uid":"179d7f8"}
[2017-03-08 01:47:14] INFO > #200: (/comboprogramadores) - [] - {"url":"/comboprogramadores?_dc=1488934033920&page=1&start=0&limit=25","ip":"::1","http_method":"GET","server":"localhost","referrer":"http://localhost:8081/","uid":"25c69be"}
[2017-03-08 01:47:18] INFO > #200: (/sprint/14) - [] - {"url":"/sprint/14","ip":"::1","http_method":"OPTIONS","server":"localhost","referrer":"http://localhost:8081/","uid":"efc619f"}
[2017-03-08 01:47:18] INFO > #200: (/sprint/14) - [] - {"url":"/sprint/14","ip":"::1","http_method":"GET","server":"localhost","referrer":"http://localhost:8081/","uid":"6d9d598"}
[2017-03-08 01:47:25] INFO > #200: (//sprint/tarefas/15) - [] - {"url":"//sprint/tarefas/15","ip":"::1","http_method":"OPTIONS","server":"localhost","referrer":"http://localhost:8081/","uid":"90c4729"}
[2017-03-08 01:47:25] INFO > #200: (//sprint/tarefas/15) - [] - {"url":"//sprint/tarefas/15","ip":"::1","http_method":"GET","server":"localhost","referrer":"http://localhost:8081/","uid":"22562a8"}
[2017-03-08 01:47:46] INFO > #200: (//sprint/tarefas/15) - [] - {"url":"//sprint/tarefas/15","ip":"::1","http_method":"GET","server":"localhost","referrer":"http://localhost:8081/","uid":"d471bc1"}
[2017-03-08 01:48:39] INFO > #200: (//sprint/tarefas/15) - [] - {"url":"//sprint/tarefas/15","ip":"::1","http_method":"GET","server":"localhost","referrer":"http://localhost:8081/","uid":"26b4d0d"}
[2017-03-08 01:48:46] INFO > #200: (/sprint/15) - [] - {"url":"/sprint/15","ip":"::1","http_method":"OPTIONS","server":"localhost","referrer":"http://localhost:8081/","uid":"ddc479b"}
[2017-03-08 01:49:09] INFO > #200: (/sprint/15) - [] - {"url":"/sprint/15","ip":"::1","http_method":"DELETE","server":"localhost","referrer":"http://localhost:8081/","uid":"99016a9"}
[2017-03-08 01:49:42] INFO > #200: (/sprint/14) - [] - {"url":"/sprint/14","ip":"::1","http_method":"GET","server":"localhost","referrer":"http://localhost:8081/","uid":"d81f1c6"}
[2017-03-08 01:50:23] INFO > #200: (/sprint/14) - [] - {"url":"/sprint/14","ip":"::1","http_method":"GET","server":"localhost","referrer":"http://localhost:8081/","uid":"9dec689"}
[2017-03-08 01:50:31] INFO > #200: (/sprint/8) - [] - {"url":"/sprint/8","ip":"::1","http_method":"OPTIONS","server":"localhost","referrer":"http://localhost:8081/","uid":"cba3791"}
[2017-03-08 01:50:31] INFO > #200: (/sprint/8) - [] - {"url":"/sprint/8","ip":"::1","http_method":"GET","server":"localhost","referrer":"http://localhost:8081/","uid":"80576f8"}
[2017-03-08 01:50:34] INFO > #200: (/sprint/13) - [] - {"url":"/sprint/13","ip":"::1","http_method":"OPTIONS","server":"localhost","referrer":"http://localhost:8081/","uid":"e896d2d"}
[2017-03-08 01:50:34] INFO > #200: (/sprint/13) - [] - {"url":"/sprint/13","ip":"::1","http_method":"GET","server":"localhost","referrer":"http://localhost:8081/","uid":"1dc9db5"}
[2017-03-08 01:50:37] INFO > #200: (//sprint/tarefas/11) - [] - {"url":"//sprint/tarefas/11","ip":"::1","http_method":"OPTIONS","server":"localhost","referrer":"http://localhost:8081/","uid":"33edff0"}
[2017-03-08 01:50:37] INFO > #200: (//sprint/tarefas/11) - [] - {"url":"//sprint/tarefas/11","ip":"::1","http_method":"GET","server":"localhost","referrer":"http://localhost:8081/","uid":"252e046"}
[2017-03-08 01:56:28] INFO > #200: (/comboprojeto) - [] - {"url":"/comboprojeto?_dc=1488934588453&page=1&start=0&limit=25","ip":"::1","http_method":"OPTIONS","server":"localhost","referrer":"http://localhost:8081/","uid":"62eb9fd"}
[2017-03-08 01:56:28] INFO > #200: (/comboprogramadores) - [] - {"url":"/comboprogramadores?_dc=1488934588457&page=1&start=0&limit=25","ip":"::1","http_method":"OPTIONS","server":"localhost","referrer":"http://localhost:8081/","uid":"1e706c2"}
[2017-03-08 01:56:28] INFO > #200: (/comboprojeto) - [] - {"url":"/comboprojeto?_dc=1488934588453&page=1&start=0&limit=25","ip":"::1","http_method":"GET","server":"localhost","referrer":"http://localhost:8081/","uid":"c3d3915"}
[2017-03-08 01:56:28] INFO > #200: (/comboprogramadores) - [] - {"url":"/comboprogramadores?_dc=1488934588457&page=1&start=0&limit=25","ip":"::1","http_method":"GET","server":"localhost","referrer":"http://localhost:8081/","uid":"9b46985"}
[2017-03-08 01:56:31] INFO > #200: (/sprint/13) - [] - {"url":"/sprint/13","ip":"::1","http_method":"GET","server":"localhost","referrer":"http://localhost:8081/","uid":"3a871cc"}
[2017-03-08 01:57:14] INFO > #200: (//sprint/tarefas/11) - [] - {"url":"//sprint/tarefas/11","ip":"::1","http_method":"GET","server":"localhost","referrer":"http://localhost:8081/","uid":"e86c828"}
[2017-03-08 01:58:48] INFO > #200: (/comboprojeto) - [] - {"url":"/comboprojeto?_dc=1488934728409&page=1&start=0&limit=25","ip":"::1","http_method":"OPTIONS","server":"localhost","referrer":"http://localhost:8081/","uid":"698cd61"}
[2017-03-08 01:58:48] INFO > #200: (/comboprogramadores) - [] - {"url":"/comboprogramadores?_dc=1488934728412&page=1&start=0&limit=25","ip":"::1","http_method":"OPTIONS","server":"localhost","referrer":"http://localhost:8081/","uid":"a4e41b3"}
[2017-03-08 01:58:48] INFO > #200: (/comboprojeto) - [] - {"url":"/comboprojeto?_dc=1488934728409&page=1&start=0&limit=25","ip":"::1","http_method":"GET","server":"localhost","referrer":"http://localhost:8081/","uid":"75412ab"}
[2017-03-08 01:58:48] INFO > #200: (/comboprogramadores) - [] - {"url":"/comboprogramadores?_dc=1488934728412&page=1&start=0&limit=25","ip":"::1","http_method":"GET","server":"localhost","referrer":"http://localhost:8081/","uid":"aa25ad1"}
[2017-03-08 01:58:51] INFO > #200: (/sprint/13) - [] - {"url":"/sprint/13","ip":"::1","http_method":"GET","server":"localhost","referrer":"http://localhost:8081/","uid":"c0ab5ff"}
[2017-03-08 01:58:53] INFO > #200: (//sprint/tarefas/11) - [] - {"url":"//sprint/tarefas/11","ip":"::1","http_method":"GET","server":"localhost","referrer":"http://localhost:8081/","uid":"5eb6f03"}
[2017-03-08 01:59:30] INFO > #200: (/sprint/tarefa/3) - [] - {"url":"/sprint/tarefa/3","ip":"::1","http_method":"OPTIONS","server":"localhost","referrer":"http://localhost:8081/","uid":"2b0bd58"}
[2017-03-08 01:59:48] INFO > #200: (/sprint/tarefa/3) - [] - {"url":"/sprint/tarefa/3","ip":"::1","http_method":"DELETE","server":"localhost","referrer":"http://localhost:8081/","uid":"d88257a"}
[2017-03-08 02:00:21] INFO > #200: (//sprint/tarefas/11) - [] - {"url":"//sprint/tarefas/11","ip":"::1","http_method":"GET","server":"localhost","referrer":"http://localhost:8081/","uid":"a251b39"}
[2017-03-08 02:00:57] INFO > #200: (/sprint/13) - [] - {"url":"/sprint/13","ip":"::1","http_method":"OPTIONS","server":"localhost","referrer":"http://localhost:8081/","uid":"0eb44e3"}
[2017-03-08 02:00:57] INFO > #200: (/sprint/13) - [] - {"url":"/sprint/13","ip":"::1","http_method":"GET","server":"localhost","referrer":"http://localhost:8081/","uid":"99db3f3"}
[2017-03-08 02:01:22] INFO > #200: (/sprint/13) - [] - {"url":"/sprint/13","ip":"::1","http_method":"GET","server":"localhost","referrer":"http://localhost:8081/","uid":"74f611d"}
[2017-03-08 02:01:48] INFO > #200: (//sprint/tarefas/11) - [] - {"url":"//sprint/tarefas/11","ip":"::1","http_method":"OPTIONS","server":"localhost","referrer":"http://localhost:8081/","uid":"e35d936"}
[2017-03-08 02:01:48] INFO > #200: (//sprint/tarefas/11) - [] - {"url":"//sprint/tarefas/11","ip":"::1","http_method":"GET","server":"localhost","referrer":"http://localhost:8081/","uid":"4eb2f49"}
[2017-03-08 02:01:55] INFO > #200: (//sprint/tarefas/11) - [] - {"url":"//sprint/tarefas/11","ip":"::1","http_method":"GET","server":"localhost","referrer":"http://localhost:8081/","uid":"86ef3c3"}
[2017-03-08 02:02:30] INFO > #200: (/sprint/11) - [] - {"url":"/sprint/11","ip":"::1","http_method":"OPTIONS","server":"localhost","referrer":"http://localhost:8081/","uid":"bc820a9"}
[2017-03-08 02:02:30] INFO > #200: (/sprint/11) - [] - {"url":"/sprint/11","ip":"::1","http_method":"PATCH","server":"localhost","referrer":"http://localhost:8081/","uid":"e82d7f1"}
[2017-03-08 02:02:31] INFO > #200: (/sprint/13) - [] - {"url":"/sprint/13","ip":"::1","http_method":"GET","server":"localhost","referrer":"http://localhost:8081/","uid":"8ae9c6d"}
[2017-03-08 02:02:44] INFO > #200: (//sprint/tarefas/11) - [] - {"url":"//sprint/tarefas/11","ip":"::1","http_method":"GET","server":"localhost","referrer":"http://localhost:8081/","uid":"07fe6c0"}
[2017-03-08 02:03:16] INFO > #200: (//sprint/tarefas/11) - [] - {"url":"//sprint/tarefas/11","ip":"::1","http_method":"GET","server":"localhost","referrer":"http://localhost:8081/","uid":"b534e3f"}
[2017-03-08 02:04:17] INFO > #200: (//sprint/tarefas/12) - [] - {"url":"//sprint/tarefas/12","ip":"::1","http_method":"OPTIONS","server":"localhost","referrer":"http://localhost:8081/","uid":"49bd278"}
[2017-03-08 02:04:18] INFO > #200: (//sprint/tarefas/12) - [] - {"url":"//sprint/tarefas/12","ip":"::1","http_method":"GET","server":"localhost","referrer":"http://localhost:8081/","uid":"edbedd6"}
[2017-03-08 02:07:08] INFO > #200: (/comboprojeto) - [] - {"url":"/comboprojeto?_dc=1488935228317&page=1&start=0&limit=25","ip":"::1","http_method":"OPTIONS","server":"localhost","referrer":"http://localhost:8081/","uid":"bb04106"}
[2017-03-08 02:07:08] INFO > #200: (/comboprogramadores) - [] - {"url":"/comboprogramadores?_dc=1488935228321&page=1&start=0&limit=25","ip":"::1","http_method":"OPTIONS","server":"localhost","referrer":"http://localhost:8081/","uid":"82edcbd"}
[2017-03-08 02:07:08] INFO > #200: (/comboprojeto) - [] - {"url":"/comboprojeto?_dc=1488935228317&page=1&start=0&limit=25","ip":"::1","http_method":"GET","server":"localhost","referrer":"http://localhost:8081/","uid":"8206232"}
[2017-03-08 02:07:08] INFO > #200: (/comboprogramadores) - [] - {"url":"/comboprogramadores?_dc=1488935228321&page=1&start=0&limit=25","ip":"::1","http_method":"GET","server":"localhost","referrer":"http://localhost:8081/","uid":"11f7a6c"}
[2017-03-08 02:07:10] INFO > #200: (/sprint/13) - [] - {"url":"/sprint/13","ip":"::1","http_method":"GET","server":"localhost","referrer":"http://localhost:8081/","uid":"7a98144"}
[2017-03-08 02:12:21] INFO > #200: (/comboprojeto) - [] - {"url":"/comboprojeto?_dc=1488935541226&page=1&start=0&limit=25","ip":"::1","http_method":"OPTIONS","server":"localhost","referrer":"http://localhost:8081/","uid":"0a427b3"}
[2017-03-08 02:12:21] INFO > #200: (/comboprogramadores) - [] - {"url":"/comboprogramadores?_dc=1488935541230&page=1&start=0&limit=25","ip":"::1","http_method":"OPTIONS","server":"localhost","referrer":"http://localhost:8081/","uid":"270e620"}
[2017-03-08 02:12:21] INFO > #200: (/comboprojeto) - [] - {"url":"/comboprojeto?_dc=1488935541226&page=1&start=0&limit=25","ip":"::1","http_method":"GET","server":"localhost","referrer":"http://localhost:8081/","uid":"8441d85"}
[2017-03-08 02:12:21] INFO > #200: (/comboprogramadores) - [] - {"url":"/comboprogramadores?_dc=1488935541230&page=1&start=0&limit=25","ip":"::1","http_method":"GET","server":"localhost","referrer":"http://localhost:8081/","uid":"3f7e098"}
[2017-03-08 02:12:24] INFO > #200: (/sprint/13) - [] - {"url":"/sprint/13","ip":"::1","http_method":"OPTIONS","server":"localhost","referrer":"http://localhost:8081/","uid":"f015d84"}
[2017-03-08 02:12:24] INFO > #200: (/sprint/13) - [] - {"url":"/sprint/13","ip":"::1","http_method":"GET","server":"localhost","referrer":"http://localhost:8081/","uid":"08f413f"}
[2017-03-08 02:13:24] INFO > #200: (/comboprojeto) - [] - {"url":"/comboprojeto?_dc=1488935604679&page=1&start=0&limit=25","ip":"::1","http_method":"OPTIONS","server":"localhost","referrer":"http://localhost:8081/","uid":"365eb34"}
[2017-03-08 02:13:24] INFO > #200: (/comboprogramadores) - [] - {"url":"/comboprogramadores?_dc=1488935604682&page=1&start=0&limit=25","ip":"::1","http_method":"OPTIONS","server":"localhost","referrer":"http://localhost:8081/","uid":"f2c8055"}
[2017-03-08 02:13:24] INFO > #200: (/comboprojeto) - [] - {"url":"/comboprojeto?_dc=1488935604679&page=1&start=0&limit=25","ip":"::1","http_method":"GET","server":"localhost","referrer":"http://localhost:8081/","uid":"7b55859"}
[2017-03-08 02:13:24] INFO > #200: (/comboprogramadores) - [] - {"url":"/comboprogramadores?_dc=1488935604682&page=1&start=0&limit=25","ip":"::1","http_method":"GET","server":"localhost","referrer":"http://localhost:8081/","uid":"66443c9"}
[2017-03-08 02:13:27] INFO > #200: (/sprint/13) - [] - {"url":"/sprint/13","ip":"::1","http_method":"GET","server":"localhost","referrer":"http://localhost:8081/","uid":"12297b9"}
[2017-03-08 02:13:48] INFO > #200: (/comboprojeto) - [] - {"url":"/comboprojeto?_dc=1488935628753&page=1&start=0&limit=25","ip":"::1","http_method":"OPTIONS","server":"localhost","referrer":"http://localhost:8081/","uid":"ce2dff2"}
[2017-03-08 02:13:48] INFO > #200: (/comboprogramadores) - [] - {"url":"/comboprogramadores?_dc=1488935628757&page=1&start=0&limit=25","ip":"::1","http_method":"OPTIONS","server":"localhost","referrer":"http://localhost:8081/","uid":"65467db"}
[2017-03-08 02:13:48] INFO > #200: (/comboprojeto) - [] - {"url":"/comboprojeto?_dc=1488935628753&page=1&start=0&limit=25","ip":"::1","http_method":"GET","server":"localhost","referrer":"http://localhost:8081/","uid":"f5ea99d"}
[2017-03-08 02:13:48] INFO > #200: (/comboprogramadores) - [] - {"url":"/comboprogramadores?_dc=1488935628757&page=1&start=0&limit=25","ip":"::1","http_method":"GET","server":"localhost","referrer":"http://localhost:8081/","uid":"28441b6"}
[2017-03-08 02:13:51] INFO > #200: (/sprint/13) - [] - {"url":"/sprint/13","ip":"::1","http_method":"GET","server":"localhost","referrer":"http://localhost:8081/","uid":"993a4c7"}
[2017-03-08 02:16:12] INFO > #200: (/comboprojeto) - [] - {"url":"/comboprojeto?_dc=1488935772170&page=1&start=0&limit=25","ip":"::1","http_method":"OPTIONS","server":"localhost","referrer":"http://localhost:8081/","uid":"7316a1c"}
[2017-03-08 02:16:12] INFO > #200: (/comboprogramadores) - [] - {"url":"/comboprogramadores?_dc=1488935772173&page=1&start=0&limit=25","ip":"::1","http_method":"OPTIONS","server":"localhost","referrer":"http://localhost:8081/","uid":"1edab78"}
[2017-03-08 02:16:12] INFO > #200: (/comboprojeto) - [] - {"url":"/comboprojeto?_dc=1488935772170&page=1&start=0&limit=25","ip":"::1","http_method":"GET","server":"localhost","referrer":"http://localhost:8081/","uid":"7d8653f"}
[2017-03-08 02:16:12] INFO > #200: (/comboprogramadores) - [] - {"url":"/comboprogramadores?_dc=1488935772173&page=1&start=0&limit=25","ip":"::1","http_method":"GET","server":"localhost","referrer":"http://localhost:8081/","uid":"470aaa2"}
[2017-03-08 02:16:15] INFO > #200: (/sprint/13) - [] - {"url":"/sprint/13","ip":"::1","http_method":"GET","server":"localhost","referrer":"http://localhost:8081/","uid":"2ec1e25"}
[2017-03-08 02:16:21] INFO > #200: (//sprint/tarefas/12) - [] - {"url":"//sprint/tarefas/12","ip":"::1","http_method":"OPTIONS","server":"localhost","referrer":"http://localhost:8081/","uid":"f0d086a"}
[2017-03-08 02:16:22] INFO > #200: (//sprint/tarefas/12) - [] - {"url":"//sprint/tarefas/12","ip":"::1","http_method":"GET","server":"localhost","referrer":"http://localhost:8081/","uid":"d6a7ec7"}
[2017-03-08 02:16:24] INFO > #200: (//sprint/tarefas/11) - [] - {"url":"//sprint/tarefas/11","ip":"::1","http_method":"OPTIONS","server":"localhost","referrer":"http://localhost:8081/","uid":"40f1a78"}
[2017-03-08 02:16:24] INFO > #200: (//sprint/tarefas/11) - [] - {"url":"//sprint/tarefas/11","ip":"::1","http_method":"GET","server":"localhost","referrer":"http://localhost:8081/","uid":"cf80981"}
[2017-03-08 02:16:27] INFO > #200: (//sprint/tarefas/13) - [] - {"url":"//sprint/tarefas/13","ip":"::1","http_method":"OPTIONS","server":"localhost","referrer":"http://localhost:8081/","uid":"32fd696"}
[2017-03-08 02:16:27] INFO > #200: (//sprint/tarefas/13) - [] - {"url":"//sprint/tarefas/13","ip":"::1","http_method":"GET","server":"localhost","referrer":"http://localhost:8081/","uid":"7195de6"}
[2017-03-08 02:16:41] INFO > #200: (/comboprojeto) - [] - {"url":"/comboprojeto?_dc=1488935801286&page=1&start=0&limit=25","ip":"::1","http_method":"OPTIONS","server":"localhost","referrer":"http://localhost:8081/","uid":"0af0ac3"}
[2017-03-08 02:16:41] INFO > #200: (/comboprogramadores) - [] - {"url":"/comboprogramadores?_dc=1488935801289&page=1&start=0&limit=25","ip":"::1","http_method":"OPTIONS","server":"localhost","referrer":"http://localhost:8081/","uid":"2d6c18e"}
[2017-03-08 02:16:41] INFO > #200: (/comboprojeto) - [] - {"url":"/comboprojeto?_dc=1488935801286&page=1&start=0&limit=25","ip":"::1","http_method":"GET","server":"localhost","referrer":"http://localhost:8081/","uid":"70fd198"}
[2017-03-08 02:16:41] INFO > #200: (/comboprogramadores) - [] - {"url":"/comboprogramadores?_dc=1488935801289&page=1&start=0&limit=25","ip":"::1","http_method":"GET","server":"localhost","referrer":"http://localhost:8081/","uid":"3ed3b60"}
[2017-03-08 02:16:45] INFO > #200: (/sprint/13) - [] - {"url":"/sprint/13","ip":"::1","http_method":"GET","server":"localhost","referrer":"http://localhost:8081/","uid":"306012d"}
[2017-03-08 02:16:55] INFO > #200: (//sprint/tarefas/11) - [] - {"url":"//sprint/tarefas/11","ip":"::1","http_method":"GET","server":"localhost","referrer":"http://localhost:8081/","uid":"d54fba3"}
[2017-03-08 02:16:58] INFO > #200: (//sprint/tarefas/13) - [] - {"url":"//sprint/tarefas/13","ip":"::1","http_method":"GET","server":"localhost","referrer":"http://localhost:8081/","uid":"3bed322"}
[2017-03-08 02:17:00] INFO > #200: (//sprint/tarefas/12) - [] - {"url":"//sprint/tarefas/12","ip":"::1","http_method":"GET","server":"localhost","referrer":"http://localhost:8081/","uid":"6232235"}
[2017-03-08 02:17:03] INFO > #200: (/sprint/14) - [] - {"url":"/sprint/14","ip":"::1","http_method":"OPTIONS","server":"localhost","referrer":"http://localhost:8081/","uid":"cd53b96"}
[2017-03-08 02:17:03] INFO > #200: (/sprint/14) - [] - {"url":"/sprint/14","ip":"::1","http_method":"GET","server":"localhost","referrer":"http://localhost:8081/","uid":"4ca4317"}
[2017-03-08 02:17:05] INFO > #200: (//sprint/tarefas/17) - [] - {"url":"//sprint/tarefas/17","ip":"::1","http_method":"OPTIONS","server":"localhost","referrer":"http://localhost:8081/","uid":"fe561de"}
[2017-03-08 02:17:05] INFO > #200: (//sprint/tarefas/17) - [] - {"url":"//sprint/tarefas/17","ip":"::1","http_method":"GET","server":"localhost","referrer":"http://localhost:8081/","uid":"ea51496"}
[2017-03-08 02:17:10] INFO > #200: (/sprint/8) - [] - {"url":"/sprint/8","ip":"::1","http_method":"OPTIONS","server":"localhost","referrer":"http://localhost:8081/","uid":"67efaf6"}
[2017-03-08 02:17:10] INFO > #200: (/sprint/8) - [] - {"url":"/sprint/8","ip":"::1","http_method":"GET","server":"localhost","referrer":"http://localhost:8081/","uid":"e04cd43"}
[2017-03-08 02:17:11] INFO > #200: (//sprint/tarefas/14) - [] - {"url":"//sprint/tarefas/14","ip":"::1","http_method":"OPTIONS","server":"localhost","referrer":"http://localhost:8081/","uid":"eca0c68"}
[2017-03-08 02:17:11] INFO > #200: (//sprint/tarefas/14) - [] - {"url":"//sprint/tarefas/14","ip":"::1","http_method":"GET","server":"localhost","referrer":"http://localhost:8081/","uid":"6c49a3f"}
[2017-03-08 02:17:14] INFO > #200: (/sprint/13) - [] - {"url":"/sprint/13","ip":"::1","http_method":"GET","server":"localhost","referrer":"http://localhost:8081/","uid":"3821e27"}
[2017-03-08 02:17:17] INFO > #200: (//sprint/tarefas/11) - [] - {"url":"//sprint/tarefas/11","ip":"::1","http_method":"GET","server":"localhost","referrer":"http://localhost:8081/","uid":"344e42d"}
[2017-03-08 02:24:55] INFO > #200: (/comboprojeto) - [] - {"url":"/comboprojeto?_dc=1488936295213&page=1&start=0&limit=25","ip":"::1","http_method":"OPTIONS","server":"localhost","referrer":"http://localhost:8081/","uid":"6abf11d"}
[2017-03-08 02:24:55] INFO > #200: (/comboprogramadores) - [] - {"url":"/comboprogramadores?_dc=1488936295219&page=1&start=0&limit=25","ip":"::1","http_method":"OPTIONS","server":"localhost","referrer":"http://localhost:8081/","uid":"35a0b12"}
[2017-03-08 02:24:55] INFO > #200: (/comboprojeto) - [] - {"url":"/comboprojeto?_dc=1488936295213&page=1&start=0&limit=25","ip":"::1","http_method":"GET","server":"localhost","referrer":"http://localhost:8081/","uid":"15ff994"}
[2017-03-08 02:24:55] INFO > #200: (/comboprogramadores) - [] - {"url":"/comboprogramadores?_dc=1488936295219&page=1&start=0&limit=25","ip":"::1","http_method":"GET","server":"localhost","referrer":"http://localhost:8081/","uid":"4921f6f"}
[2017-03-08 02:24:58] INFO > #200: (/sprint/13) - [] - {"url":"/sprint/13","ip":"::1","http_method":"OPTIONS","server":"localhost","referrer":"http://localhost:8081/","uid":"17e62b7"}
[2017-03-08 02:24:58] INFO > #200: (/sprint/13) - [] - {"url":"/sprint/13","ip":"::1","http_method":"GET","server":"localhost","referrer":"http://localhost:8081/","uid":"0721d89"}
[2017-03-08 02:25:11] INFO > #200: (//sprint/tarefas/12) - [] - {"url":"//sprint/tarefas/12","ip":"::1","http_method":"GET","server":"localhost","referrer":"http://localhost:8081/","uid":"98db00b"}
[2017-03-08 02:28:25] INFO > #200: (/comboprojeto) - [] - {"url":"/comboprojeto?_dc=1488936505537&page=1&start=0&limit=25","ip":"::1","http_method":"OPTIONS","server":"localhost","referrer":"http://localhost:8081/","uid":"a94412c"}
[2017-03-08 02:28:25] INFO > #200: (/comboprogramadores) - [] - {"url":"/comboprogramadores?_dc=1488936505540&page=1&start=0&limit=25","ip":"::1","http_method":"OPTIONS","server":"localhost","referrer":"http://localhost:8081/","uid":"742d50f"}
[2017-03-08 02:28:25] INFO > #200: (/comboprojeto) - [] - {"url":"/comboprojeto?_dc=1488936505537&page=1&start=0&limit=25","ip":"::1","http_method":"GET","server":"localhost","referrer":"http://localhost:8081/","uid":"a4107a7"}
[2017-03-08 02:28:25] INFO > #200: (/comboprogramadores) - [] - {"url":"/comboprogramadores?_dc=1488936505540&page=1&start=0&limit=25","ip":"::1","http_method":"GET","server":"localhost","referrer":"http://localhost:8081/","uid":"15f28c4"}
[2017-03-08 02:28:29] INFO > #200: (/sprint/13) - [] - {"url":"/sprint/13","ip":"::1","http_method":"GET","server":"localhost","referrer":"http://localhost:8081/","uid":"2a6a07f"}
[2017-03-08 02:28:31] INFO > #200: (//sprint/tarefas/11) - [] - {"url":"//sprint/tarefas/11","ip":"::1","http_method":"OPTIONS","server":"localhost","referrer":"http://localhost:8081/","uid":"a4f6044"}
[2017-03-08 02:28:31] INFO > #200: (//sprint/tarefas/11) - [] - {"url":"//sprint/tarefas/11","ip":"::1","http_method":"GET","server":"localhost","referrer":"http://localhost:8081/","uid":"ea98ca3"}
[2017-03-08 02:29:20] INFO > #200: (/sprint/13) - [] - {"url":"/sprint/13","ip":"::1","http_method":"GET","server":"localhost","referrer":"http://localhost:8081/","uid":"f3b7e30"}
[2017-03-08 02:29:22] INFO > #200: (//sprint/tarefas/11) - [] - {"url":"//sprint/tarefas/11","ip":"::1","http_method":"GET","server":"localhost","referrer":"http://localhost:8081/","uid":"5617e8a"}
[2017-03-08 02:31:45] INFO > #200: (/comboprojeto) - [] - {"url":"/comboprojeto?_dc=1488936705409&page=1&start=0&limit=25","ip":"::1","http_method":"OPTIONS","server":"localhost","referrer":"http://localhost:8081/","uid":"d73fdd2"}
[2017-03-08 02:31:45] INFO > #200: (/comboprogramadores) - [] - {"url":"/comboprogramadores?_dc=1488936705413&page=1&start=0&limit=25","ip":"::1","http_method":"OPTIONS","server":"localhost","referrer":"http://localhost:8081/","uid":"ea2f1bc"}
[2017-03-08 02:31:45] INFO > #200: (/comboprojeto) - [] - {"url":"/comboprojeto?_dc=1488936705409&page=1&start=0&limit=25","ip":"::1","http_method":"GET","server":"localhost","referrer":"http://localhost:8081/","uid":"4d1c953"}
[2017-03-08 02:31:45] INFO > #200: (/comboprogramadores) - [] - {"url":"/comboprogramadores?_dc=1488936705413&page=1&start=0&limit=25","ip":"::1","http_method":"GET","server":"localhost","referrer":"http://localhost:8081/","uid":"392b7f8"}
[2017-03-08 02:31:48] INFO > #200: (/sprint/13) - [] - {"url":"/sprint/13","ip":"::1","http_method":"GET","server":"localhost","referrer":"http://localhost:8081/","uid":"cbb3e5e"}
[2017-03-08 02:31:50] INFO > #200: (//sprint/tarefas/11) - [] - {"url":"//sprint/tarefas/11","ip":"::1","http_method":"GET","server":"localhost","referrer":"http://localhost:8081/","uid":"6a3faaa"}
[2017-03-08 02:33:21] INFO > #200: (/sprint/11) - [] - {"url":"/sprint/11","ip":"::1","http_method":"OPTIONS","server":"localhost","referrer":"http://localhost:8081/","uid":"7332bb6"}
[2017-03-08 02:33:21] INFO > #200: (/sprint/11) - [] - {"url":"/sprint/11","ip":"::1","http_method":"DELETE","server":"localhost","referrer":"http://localhost:8081/","uid":"0d5daeb"}
[2017-03-08 02:33:37] INFO > #200: (/sprint/13) - [] - {"url":"/sprint/13","ip":"::1","http_method":"GET","server":"localhost","referrer":"http://localhost:8081/","uid":"1c30a02"}
[2017-03-08 02:35:59] INFO > #200: (/sprint/13) - [] - {"url":"/sprint/13","ip":"::1","http_method":"OPTIONS","server":"localhost","referrer":"http://localhost:8081/","uid":"f904aaf"}
[2017-03-08 02:35:59] INFO > #200: (/sprint/13) - [] - {"url":"/sprint/13","ip":"::1","http_method":"GET","server":"localhost","referrer":"http://localhost:8081/","uid":"9e28fa1"}
[2017-03-08 02:36:43] INFO > #200: (/sprint) - [] - {"url":"/sprint","ip":"::1","http_method":"OPTIONS","server":"localhost","referrer":"http://localhost:8081/","uid":"16b79b6"}
[2017-03-08 02:36:43] INFO > #200: (/sprint) - [] - {"url":"/sprint","ip":"::1","http_method":"POST","server":"localhost","referrer":"http://localhost:8081/","uid":"4e86891"}
[2017-03-08 02:36:44] INFO > #200: (/sprint/13) - [] - {"url":"/sprint/13","ip":"::1","http_method":"GET","server":"localhost","referrer":"http://localhost:8081/","uid":"98678dd"}
[2017-03-08 02:36:53] INFO > #200: (//sprint/tarefas/18) - [] - {"url":"//sprint/tarefas/18","ip":"::1","http_method":"OPTIONS","server":"localhost","referrer":"http://localhost:8081/","uid":"6b95e2f"}
[2017-03-08 02:36:54] INFO > #200: (//sprint/tarefas/18) - [] - {"url":"//sprint/tarefas/18","ip":"::1","http_method":"GET","server":"localhost","referrer":"http://localhost:8081/","uid":"3dffe8b"}
[2017-03-08 02:37:16] INFO > #200: (/sprint/18) - [] - {"url":"/sprint/18","ip":"::1","http_method":"OPTIONS","server":"localhost","referrer":"http://localhost:8081/","uid":"83bbe0b"}
[2017-03-08 02:37:16] INFO > #200: (/sprint/18) - [] - {"url":"/sprint/18","ip":"::1","http_method":"DELETE","server":"localhost","referrer":"http://localhost:8081/","uid":"2207fd6"}
[2017-03-08 02:38:20] INFO > #200: (/comboprojeto) - [] - {"url":"/comboprojeto?_dc=1488937100192&page=1&start=0&limit=25","ip":"::1","http_method":"OPTIONS","server":"localhost","referrer":"http://localhost:8081/","uid":"afe431b"}
[2017-03-08 02:38:20] INFO > #200: (/comboprogramadores) - [] - {"url":"/comboprogramadores?_dc=1488937100196&page=1&start=0&limit=25","ip":"::1","http_method":"OPTIONS","server":"localhost","referrer":"http://localhost:8081/","uid":"669709d"}
[2017-03-08 02:38:20] INFO > #200: (/comboprojeto) - [] - {"url":"/comboprojeto?_dc=1488937100192&page=1&start=0&limit=25","ip":"::1","http_method":"GET","server":"localhost","referrer":"http://localhost:8081/","uid":"9da07ee"}
[2017-03-08 02:38:20] INFO > #200: (/comboprogramadores) - [] - {"url":"/comboprogramadores?_dc=1488937100196&page=1&start=0&limit=25","ip":"::1","http_method":"GET","server":"localhost","referrer":"http://localhost:8081/","uid":"9eef8e7"}
[2017-03-08 02:38:22] INFO > #200: (/sprint/13) - [] - {"url":"/sprint/13","ip":"::1","http_method":"GET","server":"localhost","referrer":"http://localhost:8081/","uid":"a836e8c"}
[2017-03-08 02:38:23] INFO > #200: (//sprint/tarefas/13) - [] - {"url":"//sprint/tarefas/13","ip":"::1","http_method":"OPTIONS","server":"localhost","referrer":"http://localhost:8081/","uid":"90a81ad"}
[2017-03-08 02:38:23] INFO > #200: (//sprint/tarefas/13) - [] - {"url":"//sprint/tarefas/13","ip":"::1","http_method":"GET","server":"localhost","referrer":"http://localhost:8081/","uid":"c4a80f0"}
[2017-03-08 02:39:47] INFO > #200: (/comboprojeto) - [] - {"url":"/comboprojeto?_dc=1488937187292&page=1&start=0&limit=25","ip":"::1","http_method":"OPTIONS","server":"localhost","referrer":"http://localhost:8081/","uid":"6618a21"}
[2017-03-08 02:39:47] INFO > #200: (/comboprogramadores) - [] - {"url":"/comboprogramadores?_dc=1488937187292&page=1&start=0&limit=25","ip":"::1","http_method":"OPTIONS","server":"localhost","referrer":"http://localhost:8081/","uid":"aa2c6b7"}
[2017-03-08 02:39:47] INFO > #200: (/comboprojeto) - [] - {"url":"/comboprojeto?_dc=1488937187292&page=1&start=0&limit=25","ip":"::1","http_method":"GET","server":"localhost","referrer":"http://localhost:8081/","uid":"caa46f1"}
[2017-03-08 02:39:47] INFO > #200: (/comboprogramadores) - [] - {"url":"/comboprogramadores?_dc=1488937187292&page=1&start=0&limit=25","ip":"::1","http_method":"GET","server":"localhost","referrer":"http://localhost:8081/","uid":"125c3d7"}
[2017-03-08 02:39:49] INFO > #200: (/sprint/13) - [] - {"url":"/sprint/13","ip":"::1","http_method":"GET","server":"localhost","referrer":"http://localhost:8081/","uid":"5790733"}
[2017-03-08 02:40:20] INFO > #200: (/sprint) - [] - {"url":"/sprint","ip":"::1","http_method":"POST","server":"localhost","referrer":"http://localhost:8081/","uid":"787b28a"}
[2017-03-08 02:40:21] INFO > #200: (/sprint/13) - [] - {"url":"/sprint/13","ip":"::1","http_method":"GET","server":"localhost","referrer":"http://localhost:8081/","uid":"4b324c0"}
[2017-03-08 02:40:24] INFO > #200: (//sprint/tarefas/19) - [] - {"url":"//sprint/tarefas/19","ip":"::1","http_method":"OPTIONS","server":"localhost","referrer":"http://localhost:8081/","uid":"b19d04e"}
[2017-03-08 02:40:24] INFO > #200: (//sprint/tarefas/19) - [] - {"url":"//sprint/tarefas/19","ip":"::1","http_method":"GET","server":"localhost","referrer":"http://localhost:8081/","uid":"8c7b806"}
[2017-03-08 02:40:31] INFO > #200: (/sprint/19) - [] - {"url":"/sprint/19","ip":"::1","http_method":"OPTIONS","server":"localhost","referrer":"http://localhost:8081/","uid":"5a0dd7d"}
[2017-03-08 02:40:31] INFO > #200: (/sprint/19) - [] - {"url":"/sprint/19","ip":"::1","http_method":"DELETE","server":"localhost","referrer":"http://localhost:8081/","uid":"7da85ee"}
[2017-03-08 02:41:53] INFO > #200: (/sprint/13) - [] - {"url":"/sprint/13","ip":"::1","http_method":"GET","server":"localhost","referrer":"http://localhost:8081/","uid":"073331e"}
[2017-03-08 02:42:25] INFO > #200: (/sprint) - [] - {"url":"/sprint","ip":"::1","http_method":"POST","server":"localhost","referrer":"http://localhost:8081/","uid":"8bc90e1"}
[2017-03-08 02:42:26] INFO > #200: (/sprint/13) - [] - {"url":"/sprint/13","ip":"::1","http_method":"GET","server":"localhost","referrer":"http://localhost:8081/","uid":"03e44a1"}
[2017-03-08 02:42:29] INFO > #200: (//sprint/tarefas/20) - [] - {"url":"//sprint/tarefas/20","ip":"::1","http_method":"OPTIONS","server":"localhost","referrer":"http://localhost:8081/","uid":"97483fe"}
[2017-03-08 02:42:29] INFO > #200: (//sprint/tarefas/20) - [] - {"url":"//sprint/tarefas/20","ip":"::1","http_method":"GET","server":"localhost","referrer":"http://localhost:8081/","uid":"c4973b4"}
[2017-03-08 02:42:42] INFO > #200: (/sprint/20) - [] - {"url":"/sprint/20","ip":"::1","http_method":"OPTIONS","server":"localhost","referrer":"http://localhost:8081/","uid":"deb329f"}
[2017-03-08 02:42:42] INFO > #200: (/sprint/20) - [] - {"url":"/sprint/20","ip":"::1","http_method":"DELETE","server":"localhost","referrer":"http://localhost:8081/","uid":"cd531f4"}
[2017-03-08 02:43:38] INFO > #200: (/sprint) - [] - {"url":"/sprint","ip":"::1","http_method":"POST","server":"localhost","referrer":"http://localhost:8081/","uid":"4bf9a00"}
[2017-03-08 02:43:39] INFO > #200: (/sprint/13) - [] - {"url":"/sprint/13","ip":"::1","http_method":"GET","server":"localhost","referrer":"http://localhost:8081/","uid":"4422ec2"}
[2017-03-08 02:44:44] INFO > #200: (/sprint/13) - [] - {"url":"/sprint/13","ip":"::1","http_method":"GET","server":"localhost","referrer":"http://localhost:8081/","uid":"43e83fb"}
[2017-03-08 02:46:34] INFO > #200: (//sprint/tarefas/21) - [] - {"url":"//sprint/tarefas/21","ip":"::1","http_method":"OPTIONS","server":"localhost","referrer":"http://localhost:8081/","uid":"82163a6"}
[2017-03-08 02:46:34] INFO > #200: (//sprint/tarefas/21) - [] - {"url":"//sprint/tarefas/21","ip":"::1","http_method":"GET","server":"localhost","referrer":"http://localhost:8081/","uid":"f6cc7bc"}
[2017-03-08 02:46:39] INFO > #200: (/sprint/21) - [] - {"url":"/sprint/21","ip":"::1","http_method":"OPTIONS","server":"localhost","referrer":"http://localhost:8081/","uid":"a39c2b9"}
[2017-03-08 02:46:39] INFO > #200: (/sprint/21) - [] - {"url":"/sprint/21","ip":"::1","http_method":"DELETE","server":"localhost","referrer":"http://localhost:8081/","uid":"a323e26"}
[2017-03-08 02:46:48] INFO > #200: (/comboprojeto) - [] - {"url":"/comboprojeto?_dc=1488937608655&page=1&start=0&limit=25","ip":"::1","http_method":"OPTIONS","server":"localhost","referrer":"http://localhost:8081/","uid":"768c1db"}
[2017-03-08 02:46:48] INFO > #200: (/comboprogramadores) - [] - {"url":"/comboprogramadores?_dc=1488937608659&page=1&start=0&limit=25","ip":"::1","http_method":"OPTIONS","server":"localhost","referrer":"http://localhost:8081/","uid":"213a99c"}
[2017-03-08 02:46:48] INFO > #200: (/comboprojeto) - [] - {"url":"/comboprojeto?_dc=1488937608655&page=1&start=0&limit=25","ip":"::1","http_method":"GET","server":"localhost","referrer":"http://localhost:8081/","uid":"763618f"}
[2017-03-08 02:46:48] INFO > #200: (/comboprogramadores) - [] - {"url":"/comboprogramadores?_dc=1488937608659&page=1&start=0&limit=25","ip":"::1","http_method":"GET","server":"localhost","referrer":"http://localhost:8081/","uid":"4510a39"}
[2017-03-08 02:46:51] INFO > #200: (/sprint/13) - [] - {"url":"/sprint/13","ip":"::1","http_method":"OPTIONS","server":"localhost","referrer":"http://localhost:8081/","uid":"27dff4d"}
[2017-03-08 02:46:51] INFO > #200: (/sprint/13) - [] - {"url":"/sprint/13","ip":"::1","http_method":"GET","server":"localhost","referrer":"http://localhost:8081/","uid":"ceb807c"}
[2017-03-08 02:47:17] INFO > #200: (/sprint) - [] - {"url":"/sprint","ip":"::1","http_method":"OPTIONS","server":"localhost","referrer":"http://localhost:8081/","uid":"52fe8fa"}
[2017-03-08 02:47:17] INFO > #200: (/sprint) - [] - {"url":"/sprint","ip":"::1","http_method":"POST","server":"localhost","referrer":"http://localhost:8081/","uid":"868750e"}
[2017-03-08 02:47:18] INFO > #200: (/sprint/13) - [] - {"url":"/sprint/13","ip":"::1","http_method":"GET","server":"localhost","referrer":"http://localhost:8081/","uid":"d5c3390"}
[2017-03-08 02:47:30] INFO > #200: (//sprint/tarefas/22) - [] - {"url":"//sprint/tarefas/22","ip":"::1","http_method":"OPTIONS","server":"localhost","referrer":"http://localhost:8081/","uid":"e6f48aa"}
[2017-03-08 02:47:30] INFO > #200: (//sprint/tarefas/22) - [] - {"url":"//sprint/tarefas/22","ip":"::1","http_method":"GET","server":"localhost","referrer":"http://localhost:8081/","uid":"cdab806"}
[2017-03-08 02:47:45] INFO > #200: (/sprint/22) - [] - {"url":"/sprint/22","ip":"::1","http_method":"OPTIONS","server":"localhost","referrer":"http://localhost:8081/","uid":"5acc9ea"}
[2017-03-08 02:47:45] INFO > #200: (/sprint/22) - [] - {"url":"/sprint/22","ip":"::1","http_method":"DELETE","server":"localhost","referrer":"http://localhost:8081/","uid":"27674f7"}
[2017-03-08 02:48:55] INFO > #200: (/comboprojeto) - [] - {"url":"/comboprojeto?_dc=1488937735206&page=1&start=0&limit=25","ip":"::1","http_method":"OPTIONS","server":"localhost","referrer":"http://localhost:8081/","uid":"bd83687"}
[2017-03-08 02:48:55] INFO > #200: (/comboprogramadores) - [] - {"url":"/comboprogramadores?_dc=1488937735210&page=1&start=0&limit=25","ip":"::1","http_method":"OPTIONS","server":"localhost","referrer":"http://localhost:8081/","uid":"aeb04ae"}
[2017-03-08 02:48:55] INFO > #200: (/comboprojeto) - [] - {"url":"/comboprojeto?_dc=1488937735206&page=1&start=0&limit=25","ip":"::1","http_method":"GET","server":"localhost","referrer":"http://localhost:8081/","uid":"f91b6ee"}
[2017-03-08 02:48:55] INFO > #200: (/comboprogramadores) - [] - {"url":"/comboprogramadores?_dc=1488937735210&page=1&start=0&limit=25","ip":"::1","http_method":"GET","server":"localhost","referrer":"http://localhost:8081/","uid":"8f19fac"}
[2017-03-08 02:48:57] INFO > #200: (/sprint/13) - [] - {"url":"/sprint/13","ip":"::1","http_method":"GET","server":"localhost","referrer":"http://localhost:8081/","uid":"412f33e"}
[2017-03-08 02:49:22] INFO > #200: (/sprint) - [] - {"url":"/sprint","ip":"::1","http_method":"POST","server":"localhost","referrer":"http://localhost:8081/","uid":"82d6932"}
[2017-03-08 02:49:23] INFO > #200: (/sprint/13) - [] - {"url":"/sprint/13","ip":"::1","http_method":"GET","server":"localhost","referrer":"http://localhost:8081/","uid":"a41187b"}
[2017-03-08 02:49:25] INFO > #200: (//sprint/tarefas/23) - [] - {"url":"//sprint/tarefas/23","ip":"::1","http_method":"OPTIONS","server":"localhost","referrer":"http://localhost:8081/","uid":"a253578"}
[2017-03-08 02:49:25] INFO > #200: (//sprint/tarefas/23) - [] - {"url":"//sprint/tarefas/23","ip":"::1","http_method":"GET","server":"localhost","referrer":"http://localhost:8081/","uid":"945759d"}
[2017-03-08 02:49:31] INFO > #200: (/sprint/23) - [] - {"url":"/sprint/23","ip":"::1","http_method":"OPTIONS","server":"localhost","referrer":"http://localhost:8081/","uid":"6605350"}
[2017-03-08 02:49:31] INFO > #200: (/sprint/23) - [] - {"url":"/sprint/23","ip":"::1","http_method":"DELETE","server":"localhost","referrer":"http://localhost:8081/","uid":"809baac"}
[2017-03-08 02:49:32] INFO > #200: (/sprint/13) - [] - {"url":"/sprint/13","ip":"::1","http_method":"GET","server":"localhost","referrer":"http://localhost:8081/","uid":"d98afd2"}
[2017-03-08 02:50:12] INFO > #200: (/sprint) - [] - {"url":"/sprint","ip":"::1","http_method":"POST","server":"localhost","referrer":"http://localhost:8081/","uid":"3a39b39"}
[2017-03-08 02:50:12] INFO > #200: (/sprint/13) - [] - {"url":"/sprint/13","ip":"::1","http_method":"GET","server":"localhost","referrer":"http://localhost:8081/","uid":"a63a80d"}
