[2017-03-15 01:20:23] INFO > #200: (/programadores) - [] - {"url":"/programadores?_dc=1489537223468&page=1&start=0&limit=25&sort=nomeprogramador&dir=desc","ip":"::1","http_method":"OPTIONS","server":"localhost","referrer":"http://localhost:8081/","uid":"224ba1f"}
[2017-03-15 01:20:23] INFO > #200: (/programadores) - [] - {"url":"/programadores?_dc=1489537223468&page=1&start=0&limit=25&sort=nomeprogramador&dir=desc","ip":"::1","http_method":"GET","server":"localhost","referrer":"http://localhost:8081/","uid":"9b68b70"}
[2017-03-15 01:20:24] INFO > #200: (/projetos) - [] - {"url":"/projetos?_dc=1489537224857&page=1&start=0&limit=25&sort=nomeusuario&dir=desc","ip":"::1","http_method":"OPTIONS","server":"localhost","referrer":"http://localhost:8081/","uid":"23ca86a"}
[2017-03-15 01:20:24] INFO > #200: (/situacaoprojeto) - [] - {"url":"/situacaoprojeto?_dc=1489537224858&page=1&start=0&limit=25","ip":"::1","http_method":"OPTIONS","server":"localhost","referrer":"http://localhost:8081/","uid":"868872f"}
[2017-03-15 01:20:24] INFO > #200: (/hora) - [] - {"url":"/hora?_dc=1489537224859&page=1&start=0&limit=25","ip":"::1","http_method":"OPTIONS","server":"localhost","referrer":"http://localhost:8081/","uid":"f992bfd"}
[2017-03-15 01:20:24] INFO > #200: (/sistemasinternos) - [] - {"url":"/sistemasinternos?_dc=1489537224860&page=1&start=0&limit=25","ip":"::1","http_method":"OPTIONS","server":"localhost","referrer":"http://localhost:8081/","uid":"fd4710e"}
[2017-03-15 01:20:24] INFO > #200: (/sistemasexternos) - [] - {"url":"/sistemasexternos?_dc=1489537224861&page=1&start=0&limit=25","ip":"::1","http_method":"OPTIONS","server":"localhost","referrer":"http://localhost:8081/","uid":"a39b032"}
[2017-03-15 01:20:24] INFO > #200: (/sistemas) - [] - {"url":"/sistemas?_dc=1489537224863&page=1&start=0&limit=25","ip":"::1","http_method":"OPTIONS","server":"localhost","referrer":"http://localhost:8081/","uid":"9e65462"}
[2017-03-15 01:20:25] INFO > #200: (/sistemas) - [] - {"url":"/sistemas?_dc=1489537224871&page=1&start=0&limit=25","ip":"::1","http_method":"OPTIONS","server":"localhost","referrer":"http://localhost:8081/","uid":"a4a8805"}
[2017-03-15 01:20:25] INFO > #200: (/abrangencia) - [] - {"url":"/abrangencia?_dc=1489537224871&page=1&start=0&limit=25","ip":"::1","http_method":"OPTIONS","server":"localhost","referrer":"http://localhost:8081/","uid":"66316ad"}
[2017-03-15 01:20:25] INFO > #200: (/estabilidade) - [] - {"url":"/estabilidade?_dc=1489537224872&page=1&start=0&limit=25","ip":"::1","http_method":"OPTIONS","server":"localhost","referrer":"http://localhost:8081/","uid":"fa7e4bf"}
[2017-03-15 01:20:25] INFO > #200: (/conhecimento) - [] - {"url":"/conhecimento?_dc=1489537224873&page=1&start=0&limit=25","ip":"::1","http_method":"OPTIONS","server":"localhost","referrer":"http://localhost:8081/","uid":"01f268c"}
[2017-03-15 01:20:25] INFO > #200: (/classificacao) - [] - {"url":"/classificacao?_dc=1489537224873&page=1&start=0&limit=25","ip":"::1","http_method":"OPTIONS","server":"localhost","referrer":"http://localhost:8081/","uid":"2325b99"}
[2017-03-15 01:20:25] INFO > #200: (/nivelrisco) - [] - {"url":"/nivelrisco?_dc=1489537224874&page=1&start=0&limit=25","ip":"::1","http_method":"OPTIONS","server":"localhost","referrer":"http://localhost:8081/","uid":"e39b526"}
[2017-03-15 01:20:25] INFO > #200: (/projetos) - [] - {"url":"/projetos?_dc=1489537224857&page=1&start=0&limit=25&sort=nomeusuario&dir=desc","ip":"::1","http_method":"GET","server":"localhost","referrer":"http://localhost:8081/","uid":"0cecb49"}
[2017-03-15 01:20:25] INFO > #200: (/situacaoprojeto) - [] - {"url":"/situacaoprojeto?_dc=1489537224858&page=1&start=0&limit=25","ip":"::1","http_method":"GET","server":"localhost","referrer":"http://localhost:8081/","uid":"488651f"}
[2017-03-15 01:20:25] INFO > #200: (/hora) - [] - {"url":"/hora?_dc=1489537224859&page=1&start=0&limit=25","ip":"::1","http_method":"GET","server":"localhost","referrer":"http://localhost:8081/","uid":"f72a8d9"}
[2017-03-15 01:20:25] INFO > #200: (/sistemasinternos) - [] - {"url":"/sistemasinternos?_dc=1489537224860&page=1&start=0&limit=25","ip":"::1","http_method":"GET","server":"localhost","referrer":"http://localhost:8081/","uid":"66a3a74"}
[2017-03-15 01:20:25] INFO > #200: (/sistemasexternos) - [] - {"url":"/sistemasexternos?_dc=1489537224861&page=1&start=0&limit=25","ip":"::1","http_method":"GET","server":"localhost","referrer":"http://localhost:8081/","uid":"da8a658"}
[2017-03-15 01:20:25] INFO > #200: (/sistemas) - [] - {"url":"/sistemas?_dc=1489537224863&page=1&start=0&limit=25","ip":"::1","http_method":"GET","server":"localhost","referrer":"http://localhost:8081/","uid":"44dbb3d"}
[2017-03-15 01:20:25] INFO > #200: (/sistemas) - [] - {"url":"/sistemas?_dc=1489537224871&page=1&start=0&limit=25","ip":"::1","http_method":"GET","server":"localhost","referrer":"http://localhost:8081/","uid":"3d69875"}
[2017-03-15 01:20:25] INFO > #200: (/abrangencia) - [] - {"url":"/abrangencia?_dc=1489537224871&page=1&start=0&limit=25","ip":"::1","http_method":"GET","server":"localhost","referrer":"http://localhost:8081/","uid":"cc47f19"}
[2017-03-15 01:20:25] INFO > #200: (/estabilidade) - [] - {"url":"/estabilidade?_dc=1489537224872&page=1&start=0&limit=25","ip":"::1","http_method":"GET","server":"localhost","referrer":"http://localhost:8081/","uid":"61dd796"}
[2017-03-15 01:20:25] INFO > #200: (/conhecimento) - [] - {"url":"/conhecimento?_dc=1489537224873&page=1&start=0&limit=25","ip":"::1","http_method":"GET","server":"localhost","referrer":"http://localhost:8081/","uid":"1846ccb"}
[2017-03-15 01:20:25] INFO > #200: (/classificacao) - [] - {"url":"/classificacao?_dc=1489537224873&page=1&start=0&limit=25","ip":"::1","http_method":"GET","server":"localhost","referrer":"http://localhost:8081/","uid":"52faa36"}
[2017-03-15 01:20:25] INFO > #200: (/nivelrisco) - [] - {"url":"/nivelrisco?_dc=1489537224874&page=1&start=0&limit=25","ip":"::1","http_method":"GET","server":"localhost","referrer":"http://localhost:8081/","uid":"aeb6a69"}
[2017-03-15 01:20:32] INFO > #200: (/comboprojeto) - [] - {"url":"/comboprojeto?_dc=1489537232425&page=1&start=0&limit=25","ip":"::1","http_method":"OPTIONS","server":"localhost","referrer":"http://localhost:8081/","uid":"0de61f0"}
[2017-03-15 01:20:32] INFO > #200: (/comboprogramadores) - [] - {"url":"/comboprogramadores?_dc=1489537232427&page=1&start=0&limit=25","ip":"::1","http_method":"OPTIONS","server":"localhost","referrer":"http://localhost:8081/","uid":"e4355da"}
[2017-03-15 01:20:32] INFO > #200: (/comboprojeto) - [] - {"url":"/comboprojeto?_dc=1489537232425&page=1&start=0&limit=25","ip":"::1","http_method":"GET","server":"localhost","referrer":"http://localhost:8081/","uid":"3078241"}
[2017-03-15 01:20:32] INFO > #200: (/comboprogramadores) - [] - {"url":"/comboprogramadores?_dc=1489537232427&page=1&start=0&limit=25","ip":"::1","http_method":"GET","server":"localhost","referrer":"http://localhost:8081/","uid":"9bb9069"}
[2017-03-15 01:20:33] INFO > #200: (/tarefas) - [] - {"url":"/tarefas?_dc=1489537233383&page=1&start=0&limit=25&sort=descricaotarefa&dir=desc","ip":"::1","http_method":"OPTIONS","server":"localhost","referrer":"http://localhost:8081/","uid":"0931196"}
[2017-03-15 01:20:33] INFO > #200: (/tarefas) - [] - {"url":"/tarefas?_dc=1489537233383&page=1&start=0&limit=25&sort=descricaotarefa&dir=desc","ip":"::1","http_method":"GET","server":"localhost","referrer":"http://localhost:8081/","uid":"38332c7"}
[2017-03-15 01:20:37] INFO > #200: (/acompanha/7) - [] - {"url":"/acompanha/7","ip":"::1","http_method":"OPTIONS","server":"localhost","referrer":"http://localhost:8081/","uid":"e91285e"}
[2017-03-15 01:20:37] INFO > #200: (/acompanha/tarefas/7) - [] - {"url":"/acompanha/tarefas/7","ip":"::1","http_method":"OPTIONS","server":"localhost","referrer":"http://localhost:8081/","uid":"a1989ed"}
[2017-03-15 01:20:37] INFO > #200: (/acompanha/7) - [] - {"url":"/acompanha/7","ip":"::1","http_method":"GET","server":"localhost","referrer":"http://localhost:8081/","uid":"6ed3194"}
[2017-03-15 01:20:37] INFO > #200: (/acompanha/tarefas/7) - [] - {"url":"/acompanha/tarefas/7","ip":"::1","http_method":"GET","server":"localhost","referrer":"http://localhost:8081/","uid":"d52d26e"}
[2017-03-15 01:20:41] INFO > #200: (/acompanha/4) - [] - {"url":"/acompanha/4","ip":"::1","http_method":"OPTIONS","server":"localhost","referrer":"http://localhost:8081/","uid":"1a42dc3"}
[2017-03-15 01:20:41] INFO > #200: (/acompanha/tarefas/4) - [] - {"url":"/acompanha/tarefas/4","ip":"::1","http_method":"OPTIONS","server":"localhost","referrer":"http://localhost:8081/","uid":"cf6b604"}
[2017-03-15 01:20:41] INFO > #200: (/acompanha/4) - [] - {"url":"/acompanha/4","ip":"::1","http_method":"GET","server":"localhost","referrer":"http://localhost:8081/","uid":"4172ca8"}
[2017-03-15 01:20:41] INFO > #200: (/acompanha/tarefas/4) - [] - {"url":"/acompanha/tarefas/4","ip":"::1","http_method":"GET","server":"localhost","referrer":"http://localhost:8081/","uid":"14cd9f1"}
[2017-03-15 01:21:57] INFO > #200: (/acompanha/4) - [] - {"url":"/acompanha/4","ip":"::1","http_method":"GET","server":"localhost","referrer":"http://localhost:8081/","uid":"1baee20"}
[2017-03-15 01:21:58] INFO > #200: (/acompanha/tarefas/4) - [] - {"url":"/acompanha/tarefas/4","ip":"::1","http_method":"GET","server":"localhost","referrer":"http://localhost:8081/","uid":"794d222"}
[2017-03-15 01:21:58] INFO > #200: (/acompanha/9) - [] - {"url":"/acompanha/9","ip":"::1","http_method":"OPTIONS","server":"localhost","referrer":"http://localhost:8081/","uid":"1185b9b"}
[2017-03-15 01:21:58] INFO > #200: (/acompanha/tarefas/9) - [] - {"url":"/acompanha/tarefas/9","ip":"::1","http_method":"OPTIONS","server":"localhost","referrer":"http://localhost:8081/","uid":"42e59c4"}
[2017-03-15 01:21:58] INFO > #200: (/acompanha/9) - [] - {"url":"/acompanha/9","ip":"::1","http_method":"GET","server":"localhost","referrer":"http://localhost:8081/","uid":"f05d942"}
[2017-03-15 01:21:58] INFO > #200: (/acompanha/tarefas/9) - [] - {"url":"/acompanha/tarefas/9","ip":"::1","http_method":"GET","server":"localhost","referrer":"http://localhost:8081/","uid":"cf2c976"}
[2017-03-15 01:21:59] INFO > #200: (/acompanha/16) - [] - {"url":"/acompanha/16","ip":"::1","http_method":"OPTIONS","server":"localhost","referrer":"http://localhost:8081/","uid":"37df404"}
[2017-03-15 01:21:59] INFO > #200: (/acompanha/tarefas/16) - [] - {"url":"/acompanha/tarefas/16","ip":"::1","http_method":"OPTIONS","server":"localhost","referrer":"http://localhost:8081/","uid":"8d861e2"}
[2017-03-15 01:21:59] INFO > #200: (/acompanha/16) - [] - {"url":"/acompanha/16","ip":"::1","http_method":"GET","server":"localhost","referrer":"http://localhost:8081/","uid":"74471b3"}
[2017-03-15 01:21:59] INFO > #200: (/acompanha/tarefas/16) - [] - {"url":"/acompanha/tarefas/16","ip":"::1","http_method":"GET","server":"localhost","referrer":"http://localhost:8081/","uid":"62edcb5"}
[2017-03-15 01:26:17] INFO > #200: (/sprint/13) - [] - {"url":"/sprint/13","ip":"::1","http_method":"OPTIONS","server":"localhost","referrer":"http://localhost:8081/","uid":"f025dcc"}
[2017-03-15 01:26:17] INFO > #200: (/sprint/13) - [] - {"url":"/sprint/13","ip":"::1","http_method":"GET","server":"localhost","referrer":"http://localhost:8081/","uid":"f319780"}
[2017-03-15 01:26:26] INFO > #200: (//sprint/tarefas/12) - [] - {"url":"//sprint/tarefas/12","ip":"::1","http_method":"OPTIONS","server":"localhost","referrer":"http://localhost:8081/","uid":"a14af03"}
[2017-03-15 01:26:26] INFO > #200: (//sprint/tarefas/12) - [] - {"url":"//sprint/tarefas/12","ip":"::1","http_method":"GET","server":"localhost","referrer":"http://localhost:8081/","uid":"3ead1e4"}
[2017-03-15 01:27:47] INFO > #200: (//sprint/tarefas/12) - [] - {"url":"//sprint/tarefas/12","ip":"::1","http_method":"GET","server":"localhost","referrer":"http://localhost:8081/","uid":"d9f3891"}
[2017-03-15 01:39:48] INFO > #200: (/tarefas) - [] - {"url":"/tarefas?_dc=1489538388791&page=1&start=0&limit=25&sort=descricaotarefa&dir=desc","ip":"::1","http_method":"OPTIONS","server":"localhost","referrer":"http://localhost:8081/","uid":"04f00dc"}
[2017-03-15 01:39:48] INFO > #200: (/tarefas) - [] - {"url":"/tarefas?_dc=1489538388791&page=1&start=0&limit=25&sort=descricaotarefa&dir=desc","ip":"::1","http_method":"GET","server":"localhost","referrer":"http://localhost:8081/","uid":"6d9337d"}
[2017-03-15 01:39:49] INFO > #200: (/acompanha/14) - [] - {"url":"/acompanha/14","ip":"::1","http_method":"OPTIONS","server":"localhost","referrer":"http://localhost:8081/","uid":"e4e3d29"}
[2017-03-15 01:39:49] INFO > #200: (/acompanha/tarefas/14) - [] - {"url":"/acompanha/tarefas/14","ip":"::1","http_method":"OPTIONS","server":"localhost","referrer":"http://localhost:8081/","uid":"1aace2f"}
[2017-03-15 01:39:49] INFO > #200: (/acompanha/14) - [] - {"url":"/acompanha/14","ip":"::1","http_method":"GET","server":"localhost","referrer":"http://localhost:8081/","uid":"274278e"}
[2017-03-15 01:39:49] INFO > #200: (/acompanha/tarefas/14) - [] - {"url":"/acompanha/tarefas/14","ip":"::1","http_method":"GET","server":"localhost","referrer":"http://localhost:8081/","uid":"be6f6ee"}
[2017-03-15 01:39:50] INFO > #200: (/acompanha/16) - [] - {"url":"/acompanha/16","ip":"::1","http_method":"OPTIONS","server":"localhost","referrer":"http://localhost:8081/","uid":"0dbfa81"}
[2017-03-15 01:39:50] INFO > #200: (/acompanha/tarefas/16) - [] - {"url":"/acompanha/tarefas/16","ip":"::1","http_method":"OPTIONS","server":"localhost","referrer":"http://localhost:8081/","uid":"d5ec63f"}
[2017-03-15 01:39:50] INFO > #200: (/acompanha/16) - [] - {"url":"/acompanha/16","ip":"::1","http_method":"GET","server":"localhost","referrer":"http://localhost:8081/","uid":"fc40bbd"}
[2017-03-15 01:39:50] INFO > #200: (/acompanha/tarefas/16) - [] - {"url":"/acompanha/tarefas/16","ip":"::1","http_method":"GET","server":"localhost","referrer":"http://localhost:8081/","uid":"314d090"}
[2017-03-15 01:40:21] INFO > #200: (/tarefas) - [] - {"url":"/tarefas?_dc=1489538421679&page=1&start=0&limit=25&sort=descricaotarefa&dir=desc","ip":"::1","http_method":"OPTIONS","server":"localhost","referrer":"http://localhost:8081/","uid":"bf6c7cd"}
[2017-03-15 01:40:21] INFO > #200: (/tarefas) - [] - {"url":"/tarefas?_dc=1489538421679&page=1&start=0&limit=25&sort=descricaotarefa&dir=desc","ip":"::1","http_method":"GET","server":"localhost","referrer":"http://localhost:8081/","uid":"90495b5"}
[2017-03-15 01:40:22] INFO > #200: (/acompanha/15) - [] - {"url":"/acompanha/15","ip":"::1","http_method":"OPTIONS","server":"localhost","referrer":"http://localhost:8081/","uid":"a08cb68"}
[2017-03-15 01:40:22] INFO > #200: (/acompanha/tarefas/15) - [] - {"url":"/acompanha/tarefas/15","ip":"::1","http_method":"OPTIONS","server":"localhost","referrer":"http://localhost:8081/","uid":"3a3fee4"}
[2017-03-15 01:40:22] INFO > #200: (/acompanha/15) - [] - {"url":"/acompanha/15","ip":"::1","http_method":"GET","server":"localhost","referrer":"http://localhost:8081/","uid":"345e920"}
[2017-03-15 01:40:22] INFO > #200: (/acompanha/tarefas/15) - [] - {"url":"/acompanha/tarefas/15","ip":"::1","http_method":"GET","server":"localhost","referrer":"http://localhost:8081/","uid":"d3dd539"}
[2017-03-15 01:40:23] INFO > #200: (/acompanha/15) - [] - {"url":"/acompanha/15","ip":"::1","http_method":"GET","server":"localhost","referrer":"http://localhost:8081/","uid":"eb3fb52"}
[2017-03-15 01:40:23] INFO > #200: (/acompanha/tarefas/15) - [] - {"url":"/acompanha/tarefas/15","ip":"::1","http_method":"GET","server":"localhost","referrer":"http://localhost:8081/","uid":"61e00cf"}
[2017-03-15 01:40:49] INFO > #200: (/tarefas) - [] - {"url":"/tarefas?_dc=1489538449957&page=1&start=0&limit=25&sort=descricaotarefa&dir=desc","ip":"::1","http_method":"OPTIONS","server":"localhost","referrer":"http://localhost:8081/","uid":"2c5a784"}
[2017-03-15 01:40:50] INFO > #200: (/tarefas) - [] - {"url":"/tarefas?_dc=1489538449957&page=1&start=0&limit=25&sort=descricaotarefa&dir=desc","ip":"::1","http_method":"GET","server":"localhost","referrer":"http://localhost:8081/","uid":"da74d73"}
[2017-03-15 01:40:51] INFO > #200: (/acompanha/15) - [] - {"url":"/acompanha/15","ip":"::1","http_method":"GET","server":"localhost","referrer":"http://localhost:8081/","uid":"70224be"}
[2017-03-15 01:40:51] INFO > #200: (/acompanha/tarefas/15) - [] - {"url":"/acompanha/tarefas/15","ip":"::1","http_method":"GET","server":"localhost","referrer":"http://localhost:8081/","uid":"81147a9"}
[2017-03-15 01:40:51] INFO > #200: (/acompanha/9) - [] - {"url":"/acompanha/9","ip":"::1","http_method":"OPTIONS","server":"localhost","referrer":"http://localhost:8081/","uid":"e12dde1"}
[2017-03-15 01:40:51] INFO > #200: (/acompanha/tarefas/9) - [] - {"url":"/acompanha/tarefas/9","ip":"::1","http_method":"OPTIONS","server":"localhost","referrer":"http://localhost:8081/","uid":"254299b"}
[2017-03-15 01:40:51] INFO > #200: (/acompanha/9) - [] - {"url":"/acompanha/9","ip":"::1","http_method":"GET","server":"localhost","referrer":"http://localhost:8081/","uid":"2d99ff1"}
[2017-03-15 01:40:51] INFO > #200: (/acompanha/tarefas/9) - [] - {"url":"/acompanha/tarefas/9","ip":"::1","http_method":"GET","server":"localhost","referrer":"http://localhost:8081/","uid":"d1419f8"}
[2017-03-15 01:40:52] INFO > #200: (/acompanha/4) - [] - {"url":"/acompanha/4","ip":"::1","http_method":"OPTIONS","server":"localhost","referrer":"http://localhost:8081/","uid":"32bf1c1"}
[2017-03-15 01:40:52] INFO > #200: (/acompanha/tarefas/4) - [] - {"url":"/acompanha/tarefas/4","ip":"::1","http_method":"OPTIONS","server":"localhost","referrer":"http://localhost:8081/","uid":"56573ff"}
[2017-03-15 01:40:52] INFO > #200: (/acompanha/4) - [] - {"url":"/acompanha/4","ip":"::1","http_method":"GET","server":"localhost","referrer":"http://localhost:8081/","uid":"0afbee9"}
[2017-03-15 01:40:52] INFO > #200: (/acompanha/tarefas/4) - [] - {"url":"/acompanha/tarefas/4","ip":"::1","http_method":"GET","server":"localhost","referrer":"http://localhost:8081/","uid":"435aa8d"}
[2017-03-15 01:40:54] INFO > #200: (/acompanha/5) - [] - {"url":"/acompanha/5","ip":"::1","http_method":"OPTIONS","server":"localhost","referrer":"http://localhost:8081/","uid":"581a131"}
[2017-03-15 01:40:54] INFO > #200: (/acompanha/tarefas/5) - [] - {"url":"/acompanha/tarefas/5","ip":"::1","http_method":"OPTIONS","server":"localhost","referrer":"http://localhost:8081/","uid":"c5e56a8"}
[2017-03-15 01:40:54] INFO > #200: (/acompanha/5) - [] - {"url":"/acompanha/5","ip":"::1","http_method":"GET","server":"localhost","referrer":"http://localhost:8081/","uid":"0d0fb6a"}
[2017-03-15 01:40:54] INFO > #200: (/acompanha/tarefas/5) - [] - {"url":"/acompanha/tarefas/5","ip":"::1","http_method":"GET","server":"localhost","referrer":"http://localhost:8081/","uid":"8bfaa9a"}
[2017-03-15 01:40:55] INFO > #200: (/acompanha/6) - [] - {"url":"/acompanha/6","ip":"::1","http_method":"OPTIONS","server":"localhost","referrer":"http://localhost:8081/","uid":"9b6a3fa"}
[2017-03-15 01:40:55] INFO > #200: (/acompanha/tarefas/6) - [] - {"url":"/acompanha/tarefas/6","ip":"::1","http_method":"OPTIONS","server":"localhost","referrer":"http://localhost:8081/","uid":"fe98503"}
[2017-03-15 01:40:55] INFO > #200: (/acompanha/6) - [] - {"url":"/acompanha/6","ip":"::1","http_method":"GET","server":"localhost","referrer":"http://localhost:8081/","uid":"c3156d4"}
[2017-03-15 01:40:55] INFO > #200: (/acompanha/tarefas/6) - [] - {"url":"/acompanha/tarefas/6","ip":"::1","http_method":"GET","server":"localhost","referrer":"http://localhost:8081/","uid":"318b287"}
[2017-03-15 01:40:56] INFO > #200: (/acompanha/7) - [] - {"url":"/acompanha/7","ip":"::1","http_method":"OPTIONS","server":"localhost","referrer":"http://localhost:8081/","uid":"923b29e"}
[2017-03-15 01:40:56] INFO > #200: (/acompanha/tarefas/7) - [] - {"url":"/acompanha/tarefas/7","ip":"::1","http_method":"OPTIONS","server":"localhost","referrer":"http://localhost:8081/","uid":"94ec678"}
[2017-03-15 01:40:56] INFO > #200: (/acompanha/7) - [] - {"url":"/acompanha/7","ip":"::1","http_method":"GET","server":"localhost","referrer":"http://localhost:8081/","uid":"062403d"}
[2017-03-15 01:40:56] INFO > #200: (/acompanha/tarefas/7) - [] - {"url":"/acompanha/tarefas/7","ip":"::1","http_method":"GET","server":"localhost","referrer":"http://localhost:8081/","uid":"42bd77e"}
[2017-03-15 01:40:58] INFO > #200: (/acompanha/24) - [] - {"url":"/acompanha/24","ip":"::1","http_method":"OPTIONS","server":"localhost","referrer":"http://localhost:8081/","uid":"a1a9d6e"}
[2017-03-15 01:40:58] INFO > #200: (/acompanha/tarefas/24) - [] - {"url":"/acompanha/tarefas/24","ip":"::1","http_method":"OPTIONS","server":"localhost","referrer":"http://localhost:8081/","uid":"8b63889"}
[2017-03-15 01:40:58] INFO > #200: (/acompanha/24) - [] - {"url":"/acompanha/24","ip":"::1","http_method":"GET","server":"localhost","referrer":"http://localhost:8081/","uid":"71a8dac"}
[2017-03-15 01:40:58] INFO > #200: (/acompanha/tarefas/24) - [] - {"url":"/acompanha/tarefas/24","ip":"::1","http_method":"GET","server":"localhost","referrer":"http://localhost:8081/","uid":"fa8be94"}
[2017-03-15 01:40:59] INFO > #200: (/acompanha/14) - [] - {"url":"/acompanha/14","ip":"::1","http_method":"GET","server":"localhost","referrer":"http://localhost:8081/","uid":"8e3151b"}
[2017-03-15 01:40:59] INFO > #200: (/acompanha/tarefas/14) - [] - {"url":"/acompanha/tarefas/14","ip":"::1","http_method":"GET","server":"localhost","referrer":"http://localhost:8081/","uid":"af6a341"}
[2017-03-15 01:41:01] INFO > #200: (/acompanha/15) - [] - {"url":"/acompanha/15","ip":"::1","http_method":"GET","server":"localhost","referrer":"http://localhost:8081/","uid":"b79f27e"}
[2017-03-15 01:41:01] INFO > #200: (/acompanha/tarefas/15) - [] - {"url":"/acompanha/tarefas/15","ip":"::1","http_method":"GET","server":"localhost","referrer":"http://localhost:8081/","uid":"2c40cf5"}
[2017-03-15 01:41:14] INFO > #200: (/tarefas) - [] - {"url":"/tarefas?_dc=1489538474163&page=1&start=0&limit=25&sort=descricaotarefa&dir=desc","ip":"::1","http_method":"OPTIONS","server":"localhost","referrer":"http://localhost:8081/","uid":"abf9f00"}
[2017-03-15 01:41:14] INFO > #200: (/tarefas) - [] - {"url":"/tarefas?_dc=1489538474163&page=1&start=0&limit=25&sort=descricaotarefa&dir=desc","ip":"::1","http_method":"GET","server":"localhost","referrer":"http://localhost:8081/","uid":"521f65c"}
[2017-03-15 01:41:15] INFO > #200: (/acompanha/14) - [] - {"url":"/acompanha/14","ip":"::1","http_method":"GET","server":"localhost","referrer":"http://localhost:8081/","uid":"55ae2c2"}
[2017-03-15 01:41:15] INFO > #200: (/acompanha/tarefas/14) - [] - {"url":"/acompanha/tarefas/14","ip":"::1","http_method":"GET","server":"localhost","referrer":"http://localhost:8081/","uid":"94938ac"}
[2017-03-15 01:42:37] INFO > #200: (/programadores) - [] - {"url":"/programadores?_dc=1489538557114&page=1&start=0&limit=25&sort=nomeprogramador&dir=desc","ip":"::1","http_method":"OPTIONS","server":"localhost","referrer":"http://localhost:8081/","uid":"4840f59"}
[2017-03-15 01:42:37] INFO > #200: (/programadores) - [] - {"url":"/programadores?_dc=1489538557114&page=1&start=0&limit=25&sort=nomeprogramador&dir=desc","ip":"::1","http_method":"GET","server":"localhost","referrer":"http://localhost:8081/","uid":"1a62b49"}
[2017-03-15 01:42:38] INFO > #200: (/projetos) - [] - {"url":"/projetos?_dc=1489538558512&page=1&start=0&limit=25&sort=nomeusuario&dir=desc","ip":"::1","http_method":"OPTIONS","server":"localhost","referrer":"http://localhost:8081/","uid":"7c73431"}
[2017-03-15 01:42:38] INFO > #200: (/situacaoprojeto) - [] - {"url":"/situacaoprojeto?_dc=1489538558513&page=1&start=0&limit=25","ip":"::1","http_method":"OPTIONS","server":"localhost","referrer":"http://localhost:8081/","uid":"0210107"}
[2017-03-15 01:42:38] INFO > #200: (/hora) - [] - {"url":"/hora?_dc=1489538558514&page=1&start=0&limit=25","ip":"::1","http_method":"OPTIONS","server":"localhost","referrer":"http://localhost:8081/","uid":"3d59378"}
[2017-03-15 01:42:38] INFO > #200: (/sistemasinternos) - [] - {"url":"/sistemasinternos?_dc=1489538558515&page=1&start=0&limit=25","ip":"::1","http_method":"OPTIONS","server":"localhost","referrer":"http://localhost:8081/","uid":"75e7740"}
[2017-03-15 01:42:38] INFO > #200: (/sistemasexternos) - [] - {"url":"/sistemasexternos?_dc=1489538558516&page=1&start=0&limit=25","ip":"::1","http_method":"OPTIONS","server":"localhost","referrer":"http://localhost:8081/","uid":"1d6b627"}
[2017-03-15 01:42:38] INFO > #200: (/sistemas) - [] - {"url":"/sistemas?_dc=1489538558517&page=1&start=0&limit=25","ip":"::1","http_method":"OPTIONS","server":"localhost","referrer":"http://localhost:8081/","uid":"65d884c"}
[2017-03-15 01:42:38] INFO > #200: (/sistemas) - [] - {"url":"/sistemas?_dc=1489538558518&page=1&start=0&limit=25","ip":"::1","http_method":"OPTIONS","server":"localhost","referrer":"http://localhost:8081/","uid":"42e3dd3"}
[2017-03-15 01:42:38] INFO > #200: (/abrangencia) - [] - {"url":"/abrangencia?_dc=1489538558519&page=1&start=0&limit=25","ip":"::1","http_method":"OPTIONS","server":"localhost","referrer":"http://localhost:8081/","uid":"6c4208c"}
[2017-03-15 01:42:38] INFO > #200: (/estabilidade) - [] - {"url":"/estabilidade?_dc=1489538558520&page=1&start=0&limit=25","ip":"::1","http_method":"OPTIONS","server":"localhost","referrer":"http://localhost:8081/","uid":"bac6af0"}
[2017-03-15 01:42:38] INFO > #200: (/conhecimento) - [] - {"url":"/conhecimento?_dc=1489538558521&page=1&start=0&limit=25","ip":"::1","http_method":"OPTIONS","server":"localhost","referrer":"http://localhost:8081/","uid":"e1978aa"}
[2017-03-15 01:42:38] INFO > #200: (/classificacao) - [] - {"url":"/classificacao?_dc=1489538558522&page=1&start=0&limit=25","ip":"::1","http_method":"OPTIONS","server":"localhost","referrer":"http://localhost:8081/","uid":"1a8d87c"}
[2017-03-15 01:42:38] INFO > #200: (/nivelrisco) - [] - {"url":"/nivelrisco?_dc=1489538558523&page=1&start=0&limit=25","ip":"::1","http_method":"OPTIONS","server":"localhost","referrer":"http://localhost:8081/","uid":"84c644c"}
[2017-03-15 01:42:38] INFO > #200: (/projetos) - [] - {"url":"/projetos?_dc=1489538558512&page=1&start=0&limit=25&sort=nomeusuario&dir=desc","ip":"::1","http_method":"GET","server":"localhost","referrer":"http://localhost:8081/","uid":"779f2e8"}
[2017-03-15 01:42:38] INFO > #200: (/situacaoprojeto) - [] - {"url":"/situacaoprojeto?_dc=1489538558513&page=1&start=0&limit=25","ip":"::1","http_method":"GET","server":"localhost","referrer":"http://localhost:8081/","uid":"a8987f3"}
[2017-03-15 01:42:38] INFO > #200: (/hora) - [] - {"url":"/hora?_dc=1489538558514&page=1&start=0&limit=25","ip":"::1","http_method":"GET","server":"localhost","referrer":"http://localhost:8081/","uid":"d1aec5a"}
[2017-03-15 01:42:38] INFO > #200: (/sistemasinternos) - [] - {"url":"/sistemasinternos?_dc=1489538558515&page=1&start=0&limit=25","ip":"::1","http_method":"GET","server":"localhost","referrer":"http://localhost:8081/","uid":"4634297"}
[2017-03-15 01:42:38] INFO > #200: (/sistemasexternos) - [] - {"url":"/sistemasexternos?_dc=1489538558516&page=1&start=0&limit=25","ip":"::1","http_method":"GET","server":"localhost","referrer":"http://localhost:8081/","uid":"3a4855c"}
[2017-03-15 01:42:38] INFO > #200: (/sistemas) - [] - {"url":"/sistemas?_dc=1489538558517&page=1&start=0&limit=25","ip":"::1","http_method":"GET","server":"localhost","referrer":"http://localhost:8081/","uid":"9dc1834"}
[2017-03-15 01:42:38] INFO > #200: (/sistemas) - [] - {"url":"/sistemas?_dc=1489538558518&page=1&start=0&limit=25","ip":"::1","http_method":"GET","server":"localhost","referrer":"http://localhost:8081/","uid":"3f1e1d4"}
[2017-03-15 01:42:38] INFO > #200: (/abrangencia) - [] - {"url":"/abrangencia?_dc=1489538558519&page=1&start=0&limit=25","ip":"::1","http_method":"GET","server":"localhost","referrer":"http://localhost:8081/","uid":"89fdc06"}
[2017-03-15 01:42:39] INFO > #200: (/estabilidade) - [] - {"url":"/estabilidade?_dc=1489538558520&page=1&start=0&limit=25","ip":"::1","http_method":"GET","server":"localhost","referrer":"http://localhost:8081/","uid":"ef24bd3"}
[2017-03-15 01:42:39] INFO > #200: (/conhecimento) - [] - {"url":"/conhecimento?_dc=1489538558521&page=1&start=0&limit=25","ip":"::1","http_method":"GET","server":"localhost","referrer":"http://localhost:8081/","uid":"e01dfe3"}
[2017-03-15 01:42:39] INFO > #200: (/classificacao) - [] - {"url":"/classificacao?_dc=1489538558522&page=1&start=0&limit=25","ip":"::1","http_method":"GET","server":"localhost","referrer":"http://localhost:8081/","uid":"9b14a24"}
[2017-03-15 01:42:39] INFO > #200: (/nivelrisco) - [] - {"url":"/nivelrisco?_dc=1489538558523&page=1&start=0&limit=25","ip":"::1","http_method":"GET","server":"localhost","referrer":"http://localhost:8081/","uid":"64d760d"}
[2017-03-15 01:42:41] INFO > #200: (/tarefas) - [] - {"url":"/tarefas?_dc=1489538561160&page=1&start=0&limit=25&sort=descricaotarefa&dir=desc","ip":"::1","http_method":"OPTIONS","server":"localhost","referrer":"http://localhost:8081/","uid":"0687da7"}
[2017-03-15 01:42:41] INFO > #200: (/tarefas) - [] - {"url":"/tarefas?_dc=1489538561160&page=1&start=0&limit=25&sort=descricaotarefa&dir=desc","ip":"::1","http_method":"GET","server":"localhost","referrer":"http://localhost:8081/","uid":"63c0469"}
[2017-03-15 01:42:42] INFO > #200: (/acompanha/7) - [] - {"url":"/acompanha/7","ip":"::1","http_method":"GET","server":"localhost","referrer":"http://localhost:8081/","uid":"4e09d76"}
[2017-03-15 01:42:42] INFO > #200: (/acompanha/tarefas/7) - [] - {"url":"/acompanha/tarefas/7","ip":"::1","http_method":"GET","server":"localhost","referrer":"http://localhost:8081/","uid":"f9bc5f9"}
[2017-03-15 01:43:43] INFO > #200: (/tarefas) - [] - {"url":"/tarefas?_dc=1489538623673&page=1&start=0&limit=25&sort=descricaotarefa&dir=desc","ip":"::1","http_method":"OPTIONS","server":"localhost","referrer":"http://localhost:8081/","uid":"2405861"}
[2017-03-15 01:43:43] INFO > #200: (/tarefas) - [] - {"url":"/tarefas?_dc=1489538623673&page=1&start=0&limit=25&sort=descricaotarefa&dir=desc","ip":"::1","http_method":"GET","server":"localhost","referrer":"http://localhost:8081/","uid":"1565208"}
[2017-03-15 01:43:45] INFO > #200: (/acompanha/14) - [] - {"url":"/acompanha/14","ip":"::1","http_method":"GET","server":"localhost","referrer":"http://localhost:8081/","uid":"c756d57"}
[2017-03-15 01:43:45] INFO > #200: (/acompanha/tarefas/14) - [] - {"url":"/acompanha/tarefas/14","ip":"::1","http_method":"GET","server":"localhost","referrer":"http://localhost:8081/","uid":"983b665"}
[2017-03-15 01:44:48] INFO > #200: (/tarefas) - [] - {"url":"/tarefas?_dc=1489538688582&page=1&start=0&limit=25&sort=descricaotarefa&dir=desc","ip":"::1","http_method":"OPTIONS","server":"localhost","referrer":"http://localhost:8081/","uid":"88cda06"}
[2017-03-15 01:44:48] INFO > #200: (/tarefas) - [] - {"url":"/tarefas?_dc=1489538688582&page=1&start=0&limit=25&sort=descricaotarefa&dir=desc","ip":"::1","http_method":"GET","server":"localhost","referrer":"http://localhost:8081/","uid":"6872a4c"}
[2017-03-15 01:44:51] INFO > #200: (/acompanha/9) - [] - {"url":"/acompanha/9","ip":"::1","http_method":"GET","server":"localhost","referrer":"http://localhost:8081/","uid":"feac4ae"}
[2017-03-15 01:44:51] INFO > #200: (/acompanha/tarefas/9) - [] - {"url":"/acompanha/tarefas/9","ip":"::1","http_method":"GET","server":"localhost","referrer":"http://localhost:8081/","uid":"bec96ec"}
[2017-03-15 01:45:42] INFO > #200: (/tarefas) - [] - {"url":"/tarefas?_dc=1489538742057&page=1&start=0&limit=25&sort=descricaotarefa&dir=desc","ip":"::1","http_method":"OPTIONS","server":"localhost","referrer":"http://localhost:8081/","uid":"f09c02e"}
[2017-03-15 01:45:42] INFO > #200: (/tarefas) - [] - {"url":"/tarefas?_dc=1489538742057&page=1&start=0&limit=25&sort=descricaotarefa&dir=desc","ip":"::1","http_method":"GET","server":"localhost","referrer":"http://localhost:8081/","uid":"7702182"}
[2017-03-15 01:45:43] INFO > #200: (/acompanha/7) - [] - {"url":"/acompanha/7","ip":"::1","http_method":"GET","server":"localhost","referrer":"http://localhost:8081/","uid":"da6717b"}
[2017-03-15 01:45:43] INFO > #200: (/acompanha/tarefas/7) - [] - {"url":"/acompanha/tarefas/7","ip":"::1","http_method":"GET","server":"localhost","referrer":"http://localhost:8081/","uid":"43ff6e6"}
[2017-03-15 01:49:37] INFO > #200: (/tarefas) - [] - {"url":"/tarefas?_dc=1489538977595&page=1&start=0&limit=25&sort=descricaotarefa&dir=desc","ip":"::1","http_method":"OPTIONS","server":"localhost","referrer":"http://localhost:8081/","uid":"2de8258"}
[2017-03-15 01:49:37] INFO > #200: (/tarefas) - [] - {"url":"/tarefas?_dc=1489538977595&page=1&start=0&limit=25&sort=descricaotarefa&dir=desc","ip":"::1","http_method":"GET","server":"localhost","referrer":"http://localhost:8081/","uid":"3a5e1c2"}
[2017-03-15 01:49:48] INFO > #200: (/tarefas) - [] - {"url":"/tarefas?_dc=1489538988052&page=1&start=0&limit=25&sort=descricaotarefa&dir=desc","ip":"::1","http_method":"OPTIONS","server":"localhost","referrer":"http://localhost:8081/","uid":"91899d8"}
[2017-03-15 01:49:48] INFO > #200: (/tarefas) - [] - {"url":"/tarefas?_dc=1489538988052&page=1&start=0&limit=25&sort=descricaotarefa&dir=desc","ip":"::1","http_method":"GET","server":"localhost","referrer":"http://localhost:8081/","uid":"8c0a1c9"}
[2017-03-15 01:50:17] INFO > #200: (/tarefas) - [] - {"url":"/tarefas?_dc=1489539017863&page=1&start=0&limit=25&sort=descricaotarefa&dir=desc","ip":"::1","http_method":"OPTIONS","server":"localhost","referrer":"http://localhost:8081/","uid":"5adf95a"}
[2017-03-15 01:50:17] INFO > #200: (/tarefas) - [] - {"url":"/tarefas?_dc=1489539017863&page=1&start=0&limit=25&sort=descricaotarefa&dir=desc","ip":"::1","http_method":"GET","server":"localhost","referrer":"http://localhost:8081/","uid":"3a6921f"}
[2017-03-15 01:50:44] INFO > #200: (/tarefas) - [] - {"url":"/tarefas?_dc=1489539044576&page=1&start=0&limit=25&sort=descricaotarefa&dir=desc","ip":"::1","http_method":"OPTIONS","server":"localhost","referrer":"http://localhost:8081/","uid":"d2e5595"}
[2017-03-15 01:50:44] INFO > #200: (/tarefas) - [] - {"url":"/tarefas?_dc=1489539044576&page=1&start=0&limit=25&sort=descricaotarefa&dir=desc","ip":"::1","http_method":"GET","server":"localhost","referrer":"http://localhost:8081/","uid":"efb8d89"}
[2017-03-15 01:51:06] INFO > #200: (/tarefas) - [] - {"url":"/tarefas?_dc=1489539066568&page=1&start=0&limit=25&sort=descricaotarefa&dir=desc","ip":"::1","http_method":"OPTIONS","server":"localhost","referrer":"http://localhost:8081/","uid":"7cc36cf"}
[2017-03-15 01:51:06] INFO > #200: (/tarefas) - [] - {"url":"/tarefas?_dc=1489539066568&page=1&start=0&limit=25&sort=descricaotarefa&dir=desc","ip":"::1","http_method":"GET","server":"localhost","referrer":"http://localhost:8081/","uid":"dba078a"}
[2017-03-15 01:51:49] INFO > #200: (/tarefas) - [] - {"url":"/tarefas?_dc=1489539109801&page=1&start=0&limit=25&sort=descricaotarefa&dir=desc","ip":"::1","http_method":"OPTIONS","server":"localhost","referrer":"http://localhost:8081/","uid":"307cc2d"}
[2017-03-15 01:51:49] INFO > #200: (/tarefas) - [] - {"url":"/tarefas?_dc=1489539109801&page=1&start=0&limit=25&sort=descricaotarefa&dir=desc","ip":"::1","http_method":"GET","server":"localhost","referrer":"http://localhost:8081/","uid":"3a097f6"}
[2017-03-15 01:51:53] INFO > #200: (/acompanha/16) - [] - {"url":"/acompanha/16","ip":"::1","http_method":"OPTIONS","server":"localhost","referrer":"http://localhost:8081/","uid":"4bc1059"}
[2017-03-15 01:51:53] INFO > #200: (/acompanha/tarefas/16) - [] - {"url":"/acompanha/tarefas/16","ip":"::1","http_method":"OPTIONS","server":"localhost","referrer":"http://localhost:8081/","uid":"d2db327"}
[2017-03-15 01:51:53] INFO > #200: (/acompanha/16) - [] - {"url":"/acompanha/16","ip":"::1","http_method":"GET","server":"localhost","referrer":"http://localhost:8081/","uid":"0c6a14f"}
[2017-03-15 01:51:53] INFO > #200: (/acompanha/tarefas/16) - [] - {"url":"/acompanha/tarefas/16","ip":"::1","http_method":"GET","server":"localhost","referrer":"http://localhost:8081/","uid":"8ccdeb1"}
[2017-03-15 01:55:53] INFO > #200: (/tarefas) - [] - {"url":"/tarefas?_dc=1489539353863&page=1&start=0&limit=25&sort=descricaotarefa&dir=desc","ip":"::1","http_method":"OPTIONS","server":"localhost","referrer":"http://localhost:8081/","uid":"84fda20"}
[2017-03-15 01:55:53] INFO > #200: (/tarefas) - [] - {"url":"/tarefas?_dc=1489539353863&page=1&start=0&limit=25&sort=descricaotarefa&dir=desc","ip":"::1","http_method":"GET","server":"localhost","referrer":"http://localhost:8081/","uid":"987cef0"}
[2017-03-15 01:55:54] INFO > #200: (/acompanha/7) - [] - {"url":"/acompanha/7","ip":"::1","http_method":"OPTIONS","server":"localhost","referrer":"http://localhost:8081/","uid":"1c7711a"}
[2017-03-15 01:55:54] INFO > #200: (/acompanha/tarefas/7) - [] - {"url":"/acompanha/tarefas/7","ip":"::1","http_method":"OPTIONS","server":"localhost","referrer":"http://localhost:8081/","uid":"ef1b14d"}
[2017-03-15 01:55:54] INFO > #200: (/acompanha/7) - [] - {"url":"/acompanha/7","ip":"::1","http_method":"GET","server":"localhost","referrer":"http://localhost:8081/","uid":"6fea93d"}
[2017-03-15 01:55:55] INFO > #200: (/acompanha/tarefas/7) - [] - {"url":"/acompanha/tarefas/7","ip":"::1","http_method":"GET","server":"localhost","referrer":"http://localhost:8081/","uid":"c3fd898"}
[2017-03-15 01:56:00] INFO > #200: (/tarefas) - [] - {"url":"/tarefas?_dc=1489539360419&page=1&start=0&limit=25&sort=descricaotarefa&dir=desc","ip":"::1","http_method":"OPTIONS","server":"localhost","referrer":"http://localhost:8081/","uid":"70ab00c"}
[2017-03-15 01:56:00] INFO > #200: (/tarefas) - [] - {"url":"/tarefas?_dc=1489539360419&page=1&start=0&limit=25&sort=descricaotarefa&dir=desc","ip":"::1","http_method":"GET","server":"localhost","referrer":"http://localhost:8081/","uid":"edcbd94"}
[2017-03-15 01:56:03] INFO > #200: (/acompanha/24) - [] - {"url":"/acompanha/24","ip":"::1","http_method":"OPTIONS","server":"localhost","referrer":"http://localhost:8081/","uid":"f363ca6"}
[2017-03-15 01:56:03] INFO > #200: (/acompanha/tarefas/24) - [] - {"url":"/acompanha/tarefas/24","ip":"::1","http_method":"OPTIONS","server":"localhost","referrer":"http://localhost:8081/","uid":"8832590"}
[2017-03-15 01:56:03] INFO > #200: (/acompanha/24) - [] - {"url":"/acompanha/24","ip":"::1","http_method":"GET","server":"localhost","referrer":"http://localhost:8081/","uid":"1d2b315"}
[2017-03-15 01:56:03] INFO > #200: (/acompanha/tarefas/24) - [] - {"url":"/acompanha/tarefas/24","ip":"::1","http_method":"GET","server":"localhost","referrer":"http://localhost:8081/","uid":"2112d37"}
[2017-03-15 01:56:05] INFO > #200: (/acompanha/7) - [] - {"url":"/acompanha/7","ip":"::1","http_method":"GET","server":"localhost","referrer":"http://localhost:8081/","uid":"78f1fa2"}
[2017-03-15 01:56:05] INFO > #200: (/acompanha/tarefas/7) - [] - {"url":"/acompanha/tarefas/7","ip":"::1","http_method":"GET","server":"localhost","referrer":"http://localhost:8081/","uid":"d2ebdfa"}
[2017-03-15 01:56:08] INFO > #200: (/acompanha/4) - [] - {"url":"/acompanha/4","ip":"::1","http_method":"OPTIONS","server":"localhost","referrer":"http://localhost:8081/","uid":"f84e5b7"}
[2017-03-15 01:56:08] INFO > #200: (/acompanha/tarefas/4) - [] - {"url":"/acompanha/tarefas/4","ip":"::1","http_method":"OPTIONS","server":"localhost","referrer":"http://localhost:8081/","uid":"51d4062"}
[2017-03-15 01:56:08] INFO > #200: (/acompanha/4) - [] - {"url":"/acompanha/4","ip":"::1","http_method":"GET","server":"localhost","referrer":"http://localhost:8081/","uid":"3b1aebc"}
[2017-03-15 01:56:08] INFO > #200: (/acompanha/tarefas/4) - [] - {"url":"/acompanha/tarefas/4","ip":"::1","http_method":"GET","server":"localhost","referrer":"http://localhost:8081/","uid":"6315547"}
[2017-03-15 01:58:48] INFO > #200: (/acompanha/7) - [] - {"url":"/acompanha/7","ip":"::1","http_method":"GET","server":"localhost","referrer":"http://localhost:8081/","uid":"f14f84d"}
[2017-03-15 01:58:48] INFO > #200: (/acompanha/tarefas/7) - [] - {"url":"/acompanha/tarefas/7","ip":"::1","http_method":"GET","server":"localhost","referrer":"http://localhost:8081/","uid":"34f6f64"}
[2017-03-15 02:01:44] INFO > #200: (/tarefas) - [] - {"url":"/tarefas?_dc=1489539704314&page=1&start=0&limit=25&sort=descricaotarefa&dir=desc","ip":"::1","http_method":"OPTIONS","server":"localhost","referrer":"http://localhost:8081/","uid":"52b3957"}
[2017-03-15 02:01:44] INFO > #200: (/tarefas) - [] - {"url":"/tarefas?_dc=1489539704314&page=1&start=0&limit=25&sort=descricaotarefa&dir=desc","ip":"::1","http_method":"GET","server":"localhost","referrer":"http://localhost:8081/","uid":"d341526"}
[2017-03-15 02:04:31] INFO > #200: (/tarefas) - [] - {"url":"/tarefas?_dc=1489539871049&page=1&start=0&limit=25&sort=descricaotarefa&dir=desc","ip":"::1","http_method":"OPTIONS","server":"localhost","referrer":"http://localhost:8081/","uid":"924ecbb"}
[2017-03-15 02:04:31] INFO > #200: (/tarefas) - [] - {"url":"/tarefas?_dc=1489539871049&page=1&start=0&limit=25&sort=descricaotarefa&dir=desc","ip":"::1","http_method":"GET","server":"localhost","referrer":"http://localhost:8081/","uid":"9ff3c85"}
[2017-03-15 02:04:33] INFO > #200: (/acompanha/14) - [] - {"url":"/acompanha/14","ip":"::1","http_method":"OPTIONS","server":"localhost","referrer":"http://localhost:8081/","uid":"25b024e"}
[2017-03-15 02:04:33] INFO > #200: (/acompanha/tarefas/14) - [] - {"url":"/acompanha/tarefas/14","ip":"::1","http_method":"OPTIONS","server":"localhost","referrer":"http://localhost:8081/","uid":"246e35d"}
[2017-03-15 02:04:33] INFO > #200: (/acompanha/14) - [] - {"url":"/acompanha/14","ip":"::1","http_method":"GET","server":"localhost","referrer":"http://localhost:8081/","uid":"4ffcd16"}
[2017-03-15 02:04:33] INFO > #200: (/acompanha/tarefas/14) - [] - {"url":"/acompanha/tarefas/14","ip":"::1","http_method":"GET","server":"localhost","referrer":"http://localhost:8081/","uid":"f361f6f"}
[2017-03-15 02:08:40] INFO > #200: (/tarefas) - [] - {"url":"/tarefas?_dc=1489540120935&page=1&start=0&limit=25&sort=descricaotarefa&dir=desc","ip":"::1","http_method":"OPTIONS","server":"localhost","referrer":"http://localhost:8081/","uid":"383140c"}
[2017-03-15 02:08:40] INFO > #200: (/tarefas) - [] - {"url":"/tarefas?_dc=1489540120935&page=1&start=0&limit=25&sort=descricaotarefa&dir=desc","ip":"::1","http_method":"GET","server":"localhost","referrer":"http://localhost:8081/","uid":"749a960"}
[2017-03-15 02:08:42] INFO > #200: (/acompanha/24) - [] - {"url":"/acompanha/24","ip":"::1","http_method":"OPTIONS","server":"localhost","referrer":"http://localhost:8081/","uid":"f5a8c2b"}
[2017-03-15 02:08:42] INFO > #200: (/acompanha/tarefas/24) - [] - {"url":"/acompanha/tarefas/24","ip":"::1","http_method":"OPTIONS","server":"localhost","referrer":"http://localhost:8081/","uid":"3404a37"}
[2017-03-15 02:08:42] INFO > #200: (/acompanha/24) - [] - {"url":"/acompanha/24","ip":"::1","http_method":"GET","server":"localhost","referrer":"http://localhost:8081/","uid":"997e264"}
[2017-03-15 02:08:42] INFO > #200: (/acompanha/tarefas/24) - [] - {"url":"/acompanha/tarefas/24","ip":"::1","http_method":"GET","server":"localhost","referrer":"http://localhost:8081/","uid":"731b586"}
[2017-03-15 02:08:49] INFO > #200: (/acompanha/14) - [] - {"url":"/acompanha/14","ip":"::1","http_method":"GET","server":"localhost","referrer":"http://localhost:8081/","uid":"af83667"}
[2017-03-15 02:08:49] INFO > #200: (/acompanha/tarefas/14) - [] - {"url":"/acompanha/tarefas/14","ip":"::1","http_method":"GET","server":"localhost","referrer":"http://localhost:8081/","uid":"ad07973"}
[2017-03-15 02:09:32] INFO > #200: (/tarefas) - [] - {"url":"/tarefas?_dc=1489540172811&page=1&start=0&limit=25&sort=descricaotarefa&dir=desc","ip":"::1","http_method":"OPTIONS","server":"localhost","referrer":"http://localhost:8081/","uid":"5eb6710"}
[2017-03-15 02:09:32] INFO > #200: (/tarefas) - [] - {"url":"/tarefas?_dc=1489540172811&page=1&start=0&limit=25&sort=descricaotarefa&dir=desc","ip":"::1","http_method":"GET","server":"localhost","referrer":"http://localhost:8081/","uid":"dcd3b70"}
[2017-03-15 02:09:33] INFO > #200: (/acompanha/24) - [] - {"url":"/acompanha/24","ip":"::1","http_method":"GET","server":"localhost","referrer":"http://localhost:8081/","uid":"6b62de7"}
[2017-03-15 02:09:33] INFO > #200: (/acompanha/tarefas/24) - [] - {"url":"/acompanha/tarefas/24","ip":"::1","http_method":"GET","server":"localhost","referrer":"http://localhost:8081/","uid":"d815d37"}
[2017-03-15 02:10:20] INFO > #200: (/acompanha/9) - [] - {"url":"/acompanha/9","ip":"::1","http_method":"OPTIONS","server":"localhost","referrer":"http://localhost:8081/","uid":"380439e"}
[2017-03-15 02:10:20] INFO > #200: (/acompanha/tarefas/9) - [] - {"url":"/acompanha/tarefas/9","ip":"::1","http_method":"OPTIONS","server":"localhost","referrer":"http://localhost:8081/","uid":"22e1790"}
[2017-03-15 02:10:20] INFO > #200: (/acompanha/9) - [] - {"url":"/acompanha/9","ip":"::1","http_method":"GET","server":"localhost","referrer":"http://localhost:8081/","uid":"3cb61f2"}
[2017-03-15 02:10:20] INFO > #200: (/acompanha/tarefas/9) - [] - {"url":"/acompanha/tarefas/9","ip":"::1","http_method":"GET","server":"localhost","referrer":"http://localhost:8081/","uid":"77218bb"}
[2017-03-15 02:10:32] INFO > #200: (/acompanha/14) - [] - {"url":"/acompanha/14","ip":"::1","http_method":"GET","server":"localhost","referrer":"http://localhost:8081/","uid":"6642e6f"}
[2017-03-15 02:10:32] INFO > #200: (/acompanha/tarefas/14) - [] - {"url":"/acompanha/tarefas/14","ip":"::1","http_method":"GET","server":"localhost","referrer":"http://localhost:8081/","uid":"864c429"}
[2017-03-15 02:10:32] INFO > #200: (/acompanha/16) - [] - {"url":"/acompanha/16","ip":"::1","http_method":"OPTIONS","server":"localhost","referrer":"http://localhost:8081/","uid":"73b80c7"}
[2017-03-15 02:10:32] INFO > #200: (/acompanha/tarefas/16) - [] - {"url":"/acompanha/tarefas/16","ip":"::1","http_method":"OPTIONS","server":"localhost","referrer":"http://localhost:8081/","uid":"3accd37"}
[2017-03-15 02:10:32] INFO > #200: (/acompanha/16) - [] - {"url":"/acompanha/16","ip":"::1","http_method":"GET","server":"localhost","referrer":"http://localhost:8081/","uid":"cb731d0"}
[2017-03-15 02:10:32] INFO > #200: (/acompanha/tarefas/16) - [] - {"url":"/acompanha/tarefas/16","ip":"::1","http_method":"GET","server":"localhost","referrer":"http://localhost:8081/","uid":"1f5b793"}
[2017-03-15 02:14:37] INFO > #200: (/tarefas) - [] - {"url":"/tarefas?_dc=1489540477046&page=1&start=0&limit=25&sort=descricaotarefa&dir=desc","ip":"::1","http_method":"OPTIONS","server":"localhost","referrer":"http://localhost:8081/","uid":"0dedd2d"}
[2017-03-15 02:14:37] INFO > #200: (/tarefas) - [] - {"url":"/tarefas?_dc=1489540477046&page=1&start=0&limit=25&sort=descricaotarefa&dir=desc","ip":"::1","http_method":"GET","server":"localhost","referrer":"http://localhost:8081/","uid":"198fed1"}
[2017-03-15 02:14:39] INFO > #200: (/acompanha/24) - [] - {"url":"/acompanha/24","ip":"::1","http_method":"GET","server":"localhost","referrer":"http://localhost:8081/","uid":"55f9b73"}
[2017-03-15 02:14:39] INFO > #200: (/acompanha/tarefas/24) - [] - {"url":"/acompanha/tarefas/24","ip":"::1","http_method":"GET","server":"localhost","referrer":"http://localhost:8081/","uid":"edd328f"}
[2017-03-15 02:18:12] INFO > #200: (/acompanha/15) - [] - {"url":"/acompanha/15","ip":"::1","http_method":"OPTIONS","server":"localhost","referrer":"http://localhost:8081/","uid":"3ebe31f"}
[2017-03-15 02:18:12] INFO > #200: (/acompanha/tarefas/15) - [] - {"url":"/acompanha/tarefas/15","ip":"::1","http_method":"OPTIONS","server":"localhost","referrer":"http://localhost:8081/","uid":"29038ba"}
[2017-03-15 02:18:12] INFO > #200: (/acompanha/15) - [] - {"url":"/acompanha/15","ip":"::1","http_method":"GET","server":"localhost","referrer":"http://localhost:8081/","uid":"ea8776e"}
[2017-03-15 02:18:12] INFO > #200: (/acompanha/tarefas/15) - [] - {"url":"/acompanha/tarefas/15","ip":"::1","http_method":"GET","server":"localhost","referrer":"http://localhost:8081/","uid":"6907f46"}
[2017-03-15 02:18:12] INFO > #200: (/acompanha/24) - [] - {"url":"/acompanha/24","ip":"::1","http_method":"GET","server":"localhost","referrer":"http://localhost:8081/","uid":"4052f14"}
[2017-03-15 02:18:12] INFO > #200: (/acompanha/tarefas/24) - [] - {"url":"/acompanha/tarefas/24","ip":"::1","http_method":"GET","server":"localhost","referrer":"http://localhost:8081/","uid":"351c82a"}
[2017-03-15 02:18:13] INFO > #200: (/acompanha/15) - [] - {"url":"/acompanha/15","ip":"::1","http_method":"GET","server":"localhost","referrer":"http://localhost:8081/","uid":"b6e3680"}
[2017-03-15 02:18:13] INFO > #200: (/acompanha/tarefas/15) - [] - {"url":"/acompanha/tarefas/15","ip":"::1","http_method":"GET","server":"localhost","referrer":"http://localhost:8081/","uid":"04fefb9"}
[2017-03-15 02:18:14] INFO > #200: (/acompanha/5) - [] - {"url":"/acompanha/5","ip":"::1","http_method":"OPTIONS","server":"localhost","referrer":"http://localhost:8081/","uid":"287ca30"}
[2017-03-15 02:18:14] INFO > #200: (/acompanha/tarefas/5) - [] - {"url":"/acompanha/tarefas/5","ip":"::1","http_method":"OPTIONS","server":"localhost","referrer":"http://localhost:8081/","uid":"c6f8e7d"}
[2017-03-15 02:18:14] INFO > #200: (/acompanha/5) - [] - {"url":"/acompanha/5","ip":"::1","http_method":"GET","server":"localhost","referrer":"http://localhost:8081/","uid":"8d794dc"}
[2017-03-15 02:18:14] INFO > #200: (/acompanha/tarefas/5) - [] - {"url":"/acompanha/tarefas/5","ip":"::1","http_method":"GET","server":"localhost","referrer":"http://localhost:8081/","uid":"421f75c"}
[2017-03-15 02:19:43] INFO > #200: (/tarefas) - [] - {"url":"/tarefas?_dc=1489540783811&page=1&start=0&limit=25&sort=descricaotarefa&dir=desc","ip":"::1","http_method":"OPTIONS","server":"localhost","referrer":"http://localhost:8081/","uid":"7d4aa1a"}
[2017-03-15 02:19:43] INFO > #200: (/tarefas) - [] - {"url":"/tarefas?_dc=1489540783811&page=1&start=0&limit=25&sort=descricaotarefa&dir=desc","ip":"::1","http_method":"GET","server":"localhost","referrer":"http://localhost:8081/","uid":"41a003a"}
[2017-03-15 02:19:45] INFO > #200: (/acompanha/24) - [] - {"url":"/acompanha/24","ip":"::1","http_method":"OPTIONS","server":"localhost","referrer":"http://localhost:8081/","uid":"94430e7"}
[2017-03-15 02:19:45] INFO > #200: (/acompanha/tarefas/24) - [] - {"url":"/acompanha/tarefas/24","ip":"::1","http_method":"OPTIONS","server":"localhost","referrer":"http://localhost:8081/","uid":"f77aa61"}
[2017-03-15 02:19:45] INFO > #200: (/acompanha/24) - [] - {"url":"/acompanha/24","ip":"::1","http_method":"GET","server":"localhost","referrer":"http://localhost:8081/","uid":"7894225"}
[2017-03-15 02:19:45] INFO > #200: (/acompanha/tarefas/24) - [] - {"url":"/acompanha/tarefas/24","ip":"::1","http_method":"GET","server":"localhost","referrer":"http://localhost:8081/","uid":"df5ed05"}
[2017-03-15 02:19:49] INFO > #200: (/acompanha/4) - [] - {"url":"/acompanha/4","ip":"::1","http_method":"OPTIONS","server":"localhost","referrer":"http://localhost:8081/","uid":"80cfa58"}
[2017-03-15 02:19:49] INFO > #200: (/acompanha/tarefas/4) - [] - {"url":"/acompanha/tarefas/4","ip":"::1","http_method":"OPTIONS","server":"localhost","referrer":"http://localhost:8081/","uid":"8ffec6b"}
[2017-03-15 02:19:49] INFO > #200: (/acompanha/4) - [] - {"url":"/acompanha/4","ip":"::1","http_method":"GET","server":"localhost","referrer":"http://localhost:8081/","uid":"4e52eb1"}
[2017-03-15 02:19:49] INFO > #200: (/acompanha/tarefas/4) - [] - {"url":"/acompanha/tarefas/4","ip":"::1","http_method":"GET","server":"localhost","referrer":"http://localhost:8081/","uid":"a3bb894"}
[2017-03-15 02:19:50] INFO > #200: (/acompanha/9) - [] - {"url":"/acompanha/9","ip":"::1","http_method":"GET","server":"localhost","referrer":"http://localhost:8081/","uid":"30a5b40"}
[2017-03-15 02:19:50] INFO > #200: (/acompanha/tarefas/9) - [] - {"url":"/acompanha/tarefas/9","ip":"::1","http_method":"GET","server":"localhost","referrer":"http://localhost:8081/","uid":"5225338"}
[2017-03-15 02:19:50] INFO > #200: (/acompanha/15) - [] - {"url":"/acompanha/15","ip":"::1","http_method":"GET","server":"localhost","referrer":"http://localhost:8081/","uid":"4a46e9a"}
[2017-03-15 02:19:50] INFO > #200: (/acompanha/tarefas/15) - [] - {"url":"/acompanha/tarefas/15","ip":"::1","http_method":"GET","server":"localhost","referrer":"http://localhost:8081/","uid":"275eabf"}
[2017-03-15 02:20:06] INFO > #200: (/acompanha/4) - [] - {"url":"/acompanha/4","ip":"::1","http_method":"GET","server":"localhost","referrer":"http://localhost:8081/","uid":"3e88a29"}
[2017-03-15 02:20:06] INFO > #200: (/acompanha/tarefas/4) - [] - {"url":"/acompanha/tarefas/4","ip":"::1","http_method":"GET","server":"localhost","referrer":"http://localhost:8081/","uid":"9edd48b"}
[2017-03-15 02:20:07] INFO > #200: (/acompanha/9) - [] - {"url":"/acompanha/9","ip":"::1","http_method":"GET","server":"localhost","referrer":"http://localhost:8081/","uid":"43ce625"}
[2017-03-15 02:20:07] INFO > #200: (/acompanha/tarefas/9) - [] - {"url":"/acompanha/tarefas/9","ip":"::1","http_method":"GET","server":"localhost","referrer":"http://localhost:8081/","uid":"f4fa102"}
[2017-03-15 02:20:09] INFO > #200: (/acompanha/6) - [] - {"url":"/acompanha/6","ip":"::1","http_method":"OPTIONS","server":"localhost","referrer":"http://localhost:8081/","uid":"71619b9"}
[2017-03-15 02:20:09] INFO > #200: (/acompanha/tarefas/6) - [] - {"url":"/acompanha/tarefas/6","ip":"::1","http_method":"OPTIONS","server":"localhost","referrer":"http://localhost:8081/","uid":"4b70e82"}
[2017-03-15 02:20:09] INFO > #200: (/acompanha/6) - [] - {"url":"/acompanha/6","ip":"::1","http_method":"GET","server":"localhost","referrer":"http://localhost:8081/","uid":"1ad58ac"}
[2017-03-15 02:20:09] INFO > #200: (/acompanha/tarefas/6) - [] - {"url":"/acompanha/tarefas/6","ip":"::1","http_method":"GET","server":"localhost","referrer":"http://localhost:8081/","uid":"50cedae"}
[2017-03-15 02:20:10] INFO > #200: (/acompanha/5) - [] - {"url":"/acompanha/5","ip":"::1","http_method":"GET","server":"localhost","referrer":"http://localhost:8081/","uid":"685cc1b"}
[2017-03-15 02:20:10] INFO > #200: (/acompanha/tarefas/5) - [] - {"url":"/acompanha/tarefas/5","ip":"::1","http_method":"GET","server":"localhost","referrer":"http://localhost:8081/","uid":"b81aeea"}
[2017-03-15 02:20:58] INFO > #200: (/tarefas) - [] - {"url":"/tarefas?_dc=1489540858191&page=1&start=0&limit=25&sort=descricaotarefa&dir=desc","ip":"::1","http_method":"OPTIONS","server":"localhost","referrer":"http://localhost:8081/","uid":"8eed939"}
[2017-03-15 02:20:58] INFO > #200: (/tarefas) - [] - {"url":"/tarefas?_dc=1489540858191&page=1&start=0&limit=25&sort=descricaotarefa&dir=desc","ip":"::1","http_method":"GET","server":"localhost","referrer":"http://localhost:8081/","uid":"1e276e0"}
[2017-03-15 02:20:59] INFO > #200: (/acompanha/24) - [] - {"url":"/acompanha/24","ip":"::1","http_method":"GET","server":"localhost","referrer":"http://localhost:8081/","uid":"8515534"}
[2017-03-15 02:20:59] INFO > #200: (/acompanha/tarefas/24) - [] - {"url":"/acompanha/tarefas/24","ip":"::1","http_method":"GET","server":"localhost","referrer":"http://localhost:8081/","uid":"a7e85c1"}
[2017-03-15 02:21:01] INFO > #200: (/acompanha/16) - [] - {"url":"/acompanha/16","ip":"::1","http_method":"OPTIONS","server":"localhost","referrer":"http://localhost:8081/","uid":"78b0fae"}
[2017-03-15 02:21:01] INFO > #200: (/acompanha/tarefas/16) - [] - {"url":"/acompanha/tarefas/16","ip":"::1","http_method":"OPTIONS","server":"localhost","referrer":"http://localhost:8081/","uid":"25a617b"}
[2017-03-15 02:21:01] INFO > #200: (/acompanha/16) - [] - {"url":"/acompanha/16","ip":"::1","http_method":"GET","server":"localhost","referrer":"http://localhost:8081/","uid":"ec4a7f7"}
[2017-03-15 02:21:01] INFO > #200: (/acompanha/tarefas/16) - [] - {"url":"/acompanha/tarefas/16","ip":"::1","http_method":"GET","server":"localhost","referrer":"http://localhost:8081/","uid":"54856b1"}
[2017-03-15 02:22:04] INFO > #200: (/tarefas) - [] - {"url":"/tarefas?_dc=1489540924969&page=1&start=0&limit=25&sort=descricaotarefa&dir=desc","ip":"::1","http_method":"OPTIONS","server":"localhost","referrer":"http://localhost:8081/","uid":"67104d8"}
[2017-03-15 02:22:05] INFO > #200: (/tarefas) - [] - {"url":"/tarefas?_dc=1489540924969&page=1&start=0&limit=25&sort=descricaotarefa&dir=desc","ip":"::1","http_method":"GET","server":"localhost","referrer":"http://localhost:8081/","uid":"20b9923"}
[2017-03-15 02:22:06] INFO > #200: (/acompanha/14) - [] - {"url":"/acompanha/14","ip":"::1","http_method":"OPTIONS","server":"localhost","referrer":"http://localhost:8081/","uid":"1462069"}
[2017-03-15 02:22:06] INFO > #200: (/acompanha/tarefas/14) - [] - {"url":"/acompanha/tarefas/14","ip":"::1","http_method":"OPTIONS","server":"localhost","referrer":"http://localhost:8081/","uid":"b1f8dbc"}
[2017-03-15 02:22:06] INFO > #200: (/acompanha/14) - [] - {"url":"/acompanha/14","ip":"::1","http_method":"GET","server":"localhost","referrer":"http://localhost:8081/","uid":"c06a11a"}
[2017-03-15 02:22:06] INFO > #200: (/acompanha/tarefas/14) - [] - {"url":"/acompanha/tarefas/14","ip":"::1","http_method":"GET","server":"localhost","referrer":"http://localhost:8081/","uid":"24b5aea"}
[2017-03-15 02:22:19] INFO > #200: (/tarefas) - [] - {"url":"/tarefas?_dc=1489540939839&page=1&start=0&limit=25&sort=descricaotarefa&dir=desc","ip":"::1","http_method":"OPTIONS","server":"localhost","referrer":"http://localhost:8081/","uid":"1f6ffc3"}
[2017-03-15 02:22:19] INFO > #200: (/tarefas) - [] - {"url":"/tarefas?_dc=1489540939839&page=1&start=0&limit=25&sort=descricaotarefa&dir=desc","ip":"::1","http_method":"GET","server":"localhost","referrer":"http://localhost:8081/","uid":"98e3b17"}
[2017-03-15 02:22:20] INFO > #200: (/acompanha/24) - [] - {"url":"/acompanha/24","ip":"::1","http_method":"GET","server":"localhost","referrer":"http://localhost:8081/","uid":"8061843"}
[2017-03-15 02:22:20] INFO > #200: (/acompanha/tarefas/24) - [] - {"url":"/acompanha/tarefas/24","ip":"::1","http_method":"GET","server":"localhost","referrer":"http://localhost:8081/","uid":"3998cff"}
[2017-03-15 02:22:52] INFO > #200: (/acompanha/4) - [] - {"url":"/acompanha/4","ip":"::1","http_method":"GET","server":"localhost","referrer":"http://localhost:8081/","uid":"406a781"}
[2017-03-15 02:22:52] INFO > #200: (/acompanha/tarefas/4) - [] - {"url":"/acompanha/tarefas/4","ip":"::1","http_method":"GET","server":"localhost","referrer":"http://localhost:8081/","uid":"c844dae"}
[2017-03-15 02:24:31] INFO > #200: (/acompanha/9) - [] - {"url":"/acompanha/9","ip":"::1","http_method":"OPTIONS","server":"localhost","referrer":"http://localhost:8081/","uid":"3dd7dde"}
[2017-03-15 02:24:31] INFO > #200: (/acompanha/tarefas/9) - [] - {"url":"/acompanha/tarefas/9","ip":"::1","http_method":"OPTIONS","server":"localhost","referrer":"http://localhost:8081/","uid":"dfb3ca0"}
[2017-03-15 02:24:31] INFO > #200: (/acompanha/9) - [] - {"url":"/acompanha/9","ip":"::1","http_method":"GET","server":"localhost","referrer":"http://localhost:8081/","uid":"15cffe2"}
[2017-03-15 02:24:31] INFO > #200: (/acompanha/tarefas/9) - [] - {"url":"/acompanha/tarefas/9","ip":"::1","http_method":"GET","server":"localhost","referrer":"http://localhost:8081/","uid":"497429b"}
[2017-03-15 02:25:15] INFO > #200: (/tarefas) - [] - {"url":"/tarefas?_dc=1489541115926&page=1&start=0&limit=25&sort=descricaotarefa&dir=desc","ip":"::1","http_method":"OPTIONS","server":"localhost","referrer":"http://localhost:8081/","uid":"e07b0e4"}
[2017-03-15 02:25:15] INFO > #200: (/tarefas) - [] - {"url":"/tarefas?_dc=1489541115926&page=1&start=0&limit=25&sort=descricaotarefa&dir=desc","ip":"::1","http_method":"GET","server":"localhost","referrer":"http://localhost:8081/","uid":"8deb5dc"}
[2017-03-15 02:25:17] INFO > #200: (/acompanha/7) - [] - {"url":"/acompanha/7","ip":"::1","http_method":"OPTIONS","server":"localhost","referrer":"http://localhost:8081/","uid":"f89f94a"}
[2017-03-15 02:25:17] INFO > #200: (/acompanha/tarefas/7) - [] - {"url":"/acompanha/tarefas/7","ip":"::1","http_method":"OPTIONS","server":"localhost","referrer":"http://localhost:8081/","uid":"6da1739"}
[2017-03-15 02:25:17] INFO > #200: (/acompanha/7) - [] - {"url":"/acompanha/7","ip":"::1","http_method":"GET","server":"localhost","referrer":"http://localhost:8081/","uid":"2664d11"}
[2017-03-15 02:25:17] INFO > #200: (/acompanha/tarefas/7) - [] - {"url":"/acompanha/tarefas/7","ip":"::1","http_method":"GET","server":"localhost","referrer":"http://localhost:8081/","uid":"a2f3a47"}
[2017-03-15 02:28:29] INFO > #200: (/acompanha/16) - [] - {"url":"/acompanha/16","ip":"::1","http_method":"GET","server":"localhost","referrer":"http://localhost:8081/","uid":"f2ac2b6"}
[2017-03-15 02:28:29] INFO > #200: (/acompanha/tarefas/16) - [] - {"url":"/acompanha/tarefas/16","ip":"::1","http_method":"GET","server":"localhost","referrer":"http://localhost:8081/","uid":"fbaeca2"}
[2017-03-15 02:28:30] INFO > #200: (/acompanha/4) - [] - {"url":"/acompanha/4","ip":"::1","http_method":"GET","server":"localhost","referrer":"http://localhost:8081/","uid":"13a4bbf"}
[2017-03-15 02:28:30] INFO > #200: (/acompanha/tarefas/4) - [] - {"url":"/acompanha/tarefas/4","ip":"::1","http_method":"GET","server":"localhost","referrer":"http://localhost:8081/","uid":"dfe796e"}
[2017-03-15 02:28:31] INFO > #200: (/acompanha/7) - [] - {"url":"/acompanha/7","ip":"::1","http_method":"GET","server":"localhost","referrer":"http://localhost:8081/","uid":"af99d01"}
[2017-03-15 02:28:31] INFO > #200: (/acompanha/tarefas/7) - [] - {"url":"/acompanha/tarefas/7","ip":"::1","http_method":"GET","server":"localhost","referrer":"http://localhost:8081/","uid":"d51b455"}
[2017-03-15 02:30:39] INFO > #200: (/tarefas) - [] - {"url":"/tarefas?_dc=1489541439867&page=1&start=0&limit=25&sort=descricaotarefa&dir=desc","ip":"::1","http_method":"OPTIONS","server":"localhost","referrer":"http://localhost:8081/","uid":"1a44834"}
[2017-03-15 02:30:39] INFO > #200: (/tarefas) - [] - {"url":"/tarefas?_dc=1489541439867&page=1&start=0&limit=25&sort=descricaotarefa&dir=desc","ip":"::1","http_method":"GET","server":"localhost","referrer":"http://localhost:8081/","uid":"29596dd"}
[2017-03-15 02:30:42] INFO > #200: (/acompanha/7) - [] - {"url":"/acompanha/7","ip":"::1","http_method":"GET","server":"localhost","referrer":"http://localhost:8081/","uid":"c2e975a"}
[2017-03-15 02:30:42] INFO > #200: (/acompanha/tarefas/7) - [] - {"url":"/acompanha/tarefas/7","ip":"::1","http_method":"GET","server":"localhost","referrer":"http://localhost:8081/","uid":"8a923fb"}
[2017-03-15 02:31:38] INFO > #200: (/tarefas) - [] - {"url":"/tarefas?_dc=1489541498693&page=1&start=0&limit=25&sort=descricaotarefa&dir=desc","ip":"::1","http_method":"OPTIONS","server":"localhost","referrer":"http://localhost:8081/","uid":"f8a4bba"}
[2017-03-15 02:31:38] INFO > #200: (/tarefas) - [] - {"url":"/tarefas?_dc=1489541498693&page=1&start=0&limit=25&sort=descricaotarefa&dir=desc","ip":"::1","http_method":"GET","server":"localhost","referrer":"http://localhost:8081/","uid":"b4948f8"}
[2017-03-15 02:31:39] INFO > #200: (/acompanha/14) - [] - {"url":"/acompanha/14","ip":"::1","http_method":"GET","server":"localhost","referrer":"http://localhost:8081/","uid":"582cc79"}
[2017-03-15 02:31:39] INFO > #200: (/acompanha/tarefas/14) - [] - {"url":"/acompanha/tarefas/14","ip":"::1","http_method":"GET","server":"localhost","referrer":"http://localhost:8081/","uid":"8890a5b"}
[2017-03-15 02:31:47] INFO > #200: (/acompanha/9) - [] - {"url":"/acompanha/9","ip":"::1","http_method":"GET","server":"localhost","referrer":"http://localhost:8081/","uid":"6dc1b22"}
[2017-03-15 02:31:47] INFO > #200: (/acompanha/tarefas/9) - [] - {"url":"/acompanha/tarefas/9","ip":"::1","http_method":"GET","server":"localhost","referrer":"http://localhost:8081/","uid":"2131cce"}
[2017-03-15 02:35:07] INFO > #200: (/acompanha/4) - [] - {"url":"/acompanha/4","ip":"::1","http_method":"OPTIONS","server":"localhost","referrer":"http://localhost:8081/","uid":"04456d1"}
[2017-03-15 02:35:07] INFO > #200: (/acompanha/tarefas/4) - [] - {"url":"/acompanha/tarefas/4","ip":"::1","http_method":"OPTIONS","server":"localhost","referrer":"http://localhost:8081/","uid":"4cc4c93"}
[2017-03-15 02:35:07] INFO > #200: (/acompanha/4) - [] - {"url":"/acompanha/4","ip":"::1","http_method":"GET","server":"localhost","referrer":"http://localhost:8081/","uid":"0b2016e"}
[2017-03-15 02:35:07] INFO > #200: (/acompanha/tarefas/4) - [] - {"url":"/acompanha/tarefas/4","ip":"::1","http_method":"GET","server":"localhost","referrer":"http://localhost:8081/","uid":"46173ab"}
[2017-03-15 02:35:08] INFO > #200: (/acompanha/9) - [] - {"url":"/acompanha/9","ip":"::1","http_method":"OPTIONS","server":"localhost","referrer":"http://localhost:8081/","uid":"22e6434"}
[2017-03-15 02:35:08] INFO > #200: (/acompanha/tarefas/9) - [] - {"url":"/acompanha/tarefas/9","ip":"::1","http_method":"OPTIONS","server":"localhost","referrer":"http://localhost:8081/","uid":"847bff8"}
[2017-03-15 02:35:08] INFO > #200: (/acompanha/9) - [] - {"url":"/acompanha/9","ip":"::1","http_method":"GET","server":"localhost","referrer":"http://localhost:8081/","uid":"12dac79"}
[2017-03-15 02:35:08] INFO > #200: (/acompanha/tarefas/9) - [] - {"url":"/acompanha/tarefas/9","ip":"::1","http_method":"GET","server":"localhost","referrer":"http://localhost:8081/","uid":"cb0c911"}
[2017-03-15 02:35:20] INFO > #200: (/acompanha/5) - [] - {"url":"/acompanha/5","ip":"::1","http_method":"OPTIONS","server":"localhost","referrer":"http://localhost:8081/","uid":"9dbd612"}
[2017-03-15 02:35:20] INFO > #200: (/acompanha/tarefas/5) - [] - {"url":"/acompanha/tarefas/5","ip":"::1","http_method":"OPTIONS","server":"localhost","referrer":"http://localhost:8081/","uid":"e1d6b42"}
[2017-03-15 02:35:20] INFO > #200: (/acompanha/5) - [] - {"url":"/acompanha/5","ip":"::1","http_method":"GET","server":"localhost","referrer":"http://localhost:8081/","uid":"7cd5aa9"}
[2017-03-15 02:35:20] INFO > #200: (/acompanha/tarefas/5) - [] - {"url":"/acompanha/tarefas/5","ip":"::1","http_method":"GET","server":"localhost","referrer":"http://localhost:8081/","uid":"c1ec0ba"}
[2017-03-15 02:35:21] INFO > #200: (/acompanha/9) - [] - {"url":"/acompanha/9","ip":"::1","http_method":"GET","server":"localhost","referrer":"http://localhost:8081/","uid":"927b7a4"}
[2017-03-15 02:35:21] INFO > #200: (/acompanha/tarefas/9) - [] - {"url":"/acompanha/tarefas/9","ip":"::1","http_method":"GET","server":"localhost","referrer":"http://localhost:8081/","uid":"cb40488"}
[2017-03-15 02:36:10] INFO > #200: (/acompanha/4) - [] - {"url":"/acompanha/4","ip":"::1","http_method":"GET","server":"localhost","referrer":"http://localhost:8081/","uid":"6bf1167"}
[2017-03-15 02:36:10] INFO > #200: (/acompanha/tarefas/4) - [] - {"url":"/acompanha/tarefas/4","ip":"::1","http_method":"GET","server":"localhost","referrer":"http://localhost:8081/","uid":"fef2800"}
[2017-03-15 02:36:11] INFO > #200: (/acompanha/9) - [] - {"url":"/acompanha/9","ip":"::1","http_method":"GET","server":"localhost","referrer":"http://localhost:8081/","uid":"4d05d92"}
[2017-03-15 02:36:11] INFO > #200: (/acompanha/tarefas/9) - [] - {"url":"/acompanha/tarefas/9","ip":"::1","http_method":"GET","server":"localhost","referrer":"http://localhost:8081/","uid":"52ea504"}
[2017-03-15 02:36:48] INFO > #200: (/acompanha/9) - [] - {"url":"/acompanha/9","ip":"::1","http_method":"GET","server":"localhost","referrer":"http://localhost:8081/","uid":"9be1e18"}
[2017-03-15 02:36:48] INFO > #200: (/acompanha/tarefas/9) - [] - {"url":"/acompanha/tarefas/9","ip":"::1","http_method":"GET","server":"localhost","referrer":"http://localhost:8081/","uid":"ca89baf"}
[2017-03-15 02:39:36] INFO > #200: (/acompanha/15) - [] - {"url":"/acompanha/15","ip":"::1","http_method":"OPTIONS","server":"localhost","referrer":"http://localhost:8081/","uid":"53828dc"}
[2017-03-15 02:39:36] INFO > #200: (/acompanha/tarefas/15) - [] - {"url":"/acompanha/tarefas/15","ip":"::1","http_method":"OPTIONS","server":"localhost","referrer":"http://localhost:8081/","uid":"98d9030"}
[2017-03-15 02:39:37] INFO > #200: (/acompanha/15) - [] - {"url":"/acompanha/15","ip":"::1","http_method":"GET","server":"localhost","referrer":"http://localhost:8081/","uid":"5645ac3"}
[2017-03-15 02:39:37] INFO > #200: (/acompanha/tarefas/15) - [] - {"url":"/acompanha/tarefas/15","ip":"::1","http_method":"GET","server":"localhost","referrer":"http://localhost:8081/","uid":"2a47dba"}
[2017-03-15 02:39:37] INFO > #200: (/acompanha/14) - [] - {"url":"/acompanha/14","ip":"::1","http_method":"OPTIONS","server":"localhost","referrer":"http://localhost:8081/","uid":"938c5a2"}
[2017-03-15 02:39:37] INFO > #200: (/acompanha/tarefas/14) - [] - {"url":"/acompanha/tarefas/14","ip":"::1","http_method":"OPTIONS","server":"localhost","referrer":"http://localhost:8081/","uid":"e0f59d6"}
[2017-03-15 02:39:37] INFO > #200: (/acompanha/14) - [] - {"url":"/acompanha/14","ip":"::1","http_method":"GET","server":"localhost","referrer":"http://localhost:8081/","uid":"db4e671"}
[2017-03-15 02:39:37] INFO > #200: (/acompanha/tarefas/14) - [] - {"url":"/acompanha/tarefas/14","ip":"::1","http_method":"GET","server":"localhost","referrer":"http://localhost:8081/","uid":"1967174"}
[2017-03-15 02:39:38] INFO > #200: (/acompanha/15) - [] - {"url":"/acompanha/15","ip":"::1","http_method":"GET","server":"localhost","referrer":"http://localhost:8081/","uid":"5544c80"}
[2017-03-15 02:39:38] INFO > #200: (/acompanha/tarefas/15) - [] - {"url":"/acompanha/tarefas/15","ip":"::1","http_method":"GET","server":"localhost","referrer":"http://localhost:8081/","uid":"f811115"}
[2017-03-15 02:41:59] INFO > #200: (/acompanha/15) - [] - {"url":"/acompanha/15","ip":"::1","http_method":"GET","server":"localhost","referrer":"http://localhost:8081/","uid":"e9b23a6"}
[2017-03-15 02:41:59] INFO > #200: (/acompanha/tarefas/15) - [] - {"url":"/acompanha/tarefas/15","ip":"::1","http_method":"GET","server":"localhost","referrer":"http://localhost:8081/","uid":"0bdded8"}
[2017-03-15 02:43:06] INFO > #200: (/acompanha/4) - [] - {"url":"/acompanha/4","ip":"::1","http_method":"GET","server":"localhost","referrer":"http://localhost:8081/","uid":"998d27e"}
[2017-03-15 02:43:06] INFO > #200: (/acompanha/tarefas/4) - [] - {"url":"/acompanha/tarefas/4","ip":"::1","http_method":"GET","server":"localhost","referrer":"http://localhost:8081/","uid":"fe69eca"}
[2017-03-15 02:43:06] INFO > #200: (/acompanha/8) - [] - {"url":"/acompanha/8","ip":"::1","http_method":"OPTIONS","server":"localhost","referrer":"http://localhost:8081/","uid":"cc82dc0"}
[2017-03-15 02:43:06] INFO > #200: (/acompanha/tarefas/8) - [] - {"url":"/acompanha/tarefas/8","ip":"::1","http_method":"OPTIONS","server":"localhost","referrer":"http://localhost:8081/","uid":"9493d59"}
[2017-03-15 02:43:06] INFO > #200: (/acompanha/8) - [] - {"url":"/acompanha/8","ip":"::1","http_method":"GET","server":"localhost","referrer":"http://localhost:8081/","uid":"a54c359"}
[2017-03-15 02:43:06] INFO > #200: (/acompanha/tarefas/8) - [] - {"url":"/acompanha/tarefas/8","ip":"::1","http_method":"GET","server":"localhost","referrer":"http://localhost:8081/","uid":"029bb1c"}
[2017-03-15 02:43:10] INFO > #200: (/acompanha/5) - [] - {"url":"/acompanha/5","ip":"::1","http_method":"GET","server":"localhost","referrer":"http://localhost:8081/","uid":"f4cc03d"}
[2017-03-15 02:43:11] INFO > #200: (/acompanha/tarefas/5) - [] - {"url":"/acompanha/tarefas/5","ip":"::1","http_method":"GET","server":"localhost","referrer":"http://localhost:8081/","uid":"5ec9214"}
[2017-03-15 02:45:20] INFO > #200: (/tarefas) - [] - {"url":"/tarefas?_dc=1489542320405&page=1&start=0&limit=25&sort=descricaotarefa&dir=desc","ip":"::1","http_method":"OPTIONS","server":"localhost","referrer":"http://localhost:8081/","uid":"c5b6890"}
[2017-03-15 02:45:20] INFO > #200: (/tarefas) - [] - {"url":"/tarefas?_dc=1489542320405&page=1&start=0&limit=25&sort=descricaotarefa&dir=desc","ip":"::1","http_method":"GET","server":"localhost","referrer":"http://localhost:8081/","uid":"c3c7778"}
[2017-03-15 02:45:21] INFO > #200: (/acompanha/24) - [] - {"url":"/acompanha/24","ip":"::1","http_method":"OPTIONS","server":"localhost","referrer":"http://localhost:8081/","uid":"ce24876"}
[2017-03-15 02:45:21] INFO > #200: (/acompanha/tarefas/24) - [] - {"url":"/acompanha/tarefas/24","ip":"::1","http_method":"OPTIONS","server":"localhost","referrer":"http://localhost:8081/","uid":"7baddf5"}
[2017-03-15 02:45:21] INFO > #200: (/acompanha/24) - [] - {"url":"/acompanha/24","ip":"::1","http_method":"GET","server":"localhost","referrer":"http://localhost:8081/","uid":"706ad01"}
[2017-03-15 02:45:21] INFO > #200: (/acompanha/tarefas/24) - [] - {"url":"/acompanha/tarefas/24","ip":"::1","http_method":"GET","server":"localhost","referrer":"http://localhost:8081/","uid":"a666556"}
[2017-03-15 02:45:57] INFO > #200: (/acompanha/9) - [] - {"url":"/acompanha/9","ip":"::1","http_method":"OPTIONS","server":"localhost","referrer":"http://localhost:8081/","uid":"7190655"}
[2017-03-15 02:45:57] INFO > #200: (/acompanha/tarefas/9) - [] - {"url":"/acompanha/tarefas/9","ip":"::1","http_method":"OPTIONS","server":"localhost","referrer":"http://localhost:8081/","uid":"755d5d1"}
[2017-03-15 02:45:57] INFO > #200: (/acompanha/9) - [] - {"url":"/acompanha/9","ip":"::1","http_method":"GET","server":"localhost","referrer":"http://localhost:8081/","uid":"fb8998d"}
[2017-03-15 02:45:57] INFO > #200: (/acompanha/tarefas/9) - [] - {"url":"/acompanha/tarefas/9","ip":"::1","http_method":"GET","server":"localhost","referrer":"http://localhost:8081/","uid":"c9b47ff"}
[2017-03-15 02:45:58] INFO > #200: (/acompanha/4) - [] - {"url":"/acompanha/4","ip":"::1","http_method":"OPTIONS","server":"localhost","referrer":"http://localhost:8081/","uid":"20e5554"}
[2017-03-15 02:45:58] INFO > #200: (/acompanha/tarefas/4) - [] - {"url":"/acompanha/tarefas/4","ip":"::1","http_method":"OPTIONS","server":"localhost","referrer":"http://localhost:8081/","uid":"637c921"}
[2017-03-15 02:45:58] INFO > #200: (/acompanha/4) - [] - {"url":"/acompanha/4","ip":"::1","http_method":"GET","server":"localhost","referrer":"http://localhost:8081/","uid":"429712e"}
[2017-03-15 02:45:58] INFO > #200: (/acompanha/tarefas/4) - [] - {"url":"/acompanha/tarefas/4","ip":"::1","http_method":"GET","server":"localhost","referrer":"http://localhost:8081/","uid":"f1041ae"}
[2017-03-15 02:48:39] INFO > #200: (/acompanha/16) - [] - {"url":"/acompanha/16","ip":"::1","http_method":"OPTIONS","server":"localhost","referrer":"http://localhost:8081/","uid":"97fd775"}
[2017-03-15 02:48:39] INFO > #200: (/acompanha/tarefas/16) - [] - {"url":"/acompanha/tarefas/16","ip":"::1","http_method":"OPTIONS","server":"localhost","referrer":"http://localhost:8081/","uid":"9d01977"}
[2017-03-15 02:48:39] INFO > #200: (/acompanha/16) - [] - {"url":"/acompanha/16","ip":"::1","http_method":"GET","server":"localhost","referrer":"http://localhost:8081/","uid":"f552bc6"}
[2017-03-15 02:48:39] INFO > #200: (/acompanha/tarefas/16) - [] - {"url":"/acompanha/tarefas/16","ip":"::1","http_method":"GET","server":"localhost","referrer":"http://localhost:8081/","uid":"256affa"}
[2017-03-15 02:48:40] INFO > #200: (/acompanha/15) - [] - {"url":"/acompanha/15","ip":"::1","http_method":"GET","server":"localhost","referrer":"http://localhost:8081/","uid":"dab4608"}
[2017-03-15 02:48:40] INFO > #200: (/acompanha/tarefas/15) - [] - {"url":"/acompanha/tarefas/15","ip":"::1","http_method":"GET","server":"localhost","referrer":"http://localhost:8081/","uid":"3df5956"}
[2017-03-15 02:49:56] INFO > #200: (/acompanha/16) - [] - {"url":"/acompanha/16","ip":"::1","http_method":"GET","server":"localhost","referrer":"http://localhost:8081/","uid":"428d156"}
[2017-03-15 02:49:56] INFO > #200: (/acompanha/tarefas/16) - [] - {"url":"/acompanha/tarefas/16","ip":"::1","http_method":"GET","server":"localhost","referrer":"http://localhost:8081/","uid":"53ff110"}
[2017-03-15 02:49:57] INFO > #200: (/acompanha/8) - [] - {"url":"/acompanha/8","ip":"::1","http_method":"GET","server":"localhost","referrer":"http://localhost:8081/","uid":"1a2dde2"}
[2017-03-15 02:49:57] INFO > #200: (/acompanha/tarefas/8) - [] - {"url":"/acompanha/tarefas/8","ip":"::1","http_method":"GET","server":"localhost","referrer":"http://localhost:8081/","uid":"367070b"}
[2017-03-15 02:56:00] INFO > #200: (/tarefas) - [] - {"url":"/tarefas?_dc=1489542960023&page=1&start=0&limit=25&sort=descricaotarefa&dir=desc","ip":"::1","http_method":"OPTIONS","server":"localhost","referrer":"http://localhost:8081/","uid":"70ae185"}
[2017-03-15 02:56:00] INFO > #200: (/tarefas) - [] - {"url":"/tarefas?_dc=1489542960023&page=1&start=0&limit=25&sort=descricaotarefa&dir=desc","ip":"::1","http_method":"GET","server":"localhost","referrer":"http://localhost:8081/","uid":"964dbd4"}
[2017-03-15 02:56:01] INFO > #200: (/acompanha/15) - [] - {"url":"/acompanha/15","ip":"::1","http_method":"OPTIONS","server":"localhost","referrer":"http://localhost:8081/","uid":"e0d86b5"}
[2017-03-15 02:56:01] INFO > #200: (/acompanha/tarefas/15) - [] - {"url":"/acompanha/tarefas/15","ip":"::1","http_method":"OPTIONS","server":"localhost","referrer":"http://localhost:8081/","uid":"f71c52f"}
[2017-03-15 02:56:01] INFO > #200: (/acompanha/15) - [] - {"url":"/acompanha/15","ip":"::1","http_method":"GET","server":"localhost","referrer":"http://localhost:8081/","uid":"9d19d9a"}
[2017-03-15 02:56:01] INFO > #200: (/acompanha/tarefas/15) - [] - {"url":"/acompanha/tarefas/15","ip":"::1","http_method":"GET","server":"localhost","referrer":"http://localhost:8081/","uid":"a5af000"}
[2017-03-15 02:56:48] INFO > #200: (/tarefas) - [] - {"url":"/tarefas?_dc=1489543008473&page=1&start=0&limit=25&sort=descricaotarefa&dir=desc","ip":"::1","http_method":"OPTIONS","server":"localhost","referrer":"http://localhost:8081/","uid":"b843b52"}
[2017-03-15 02:56:48] INFO > #200: (/tarefas) - [] - {"url":"/tarefas?_dc=1489543008473&page=1&start=0&limit=25&sort=descricaotarefa&dir=desc","ip":"::1","http_method":"GET","server":"localhost","referrer":"http://localhost:8081/","uid":"a756107"}
[2017-03-15 02:56:49] INFO > #200: (/acompanha/24) - [] - {"url":"/acompanha/24","ip":"::1","http_method":"OPTIONS","server":"localhost","referrer":"http://localhost:8081/","uid":"d487353"}
[2017-03-15 02:56:49] INFO > #200: (/acompanha/tarefas/24) - [] - {"url":"/acompanha/tarefas/24","ip":"::1","http_method":"OPTIONS","server":"localhost","referrer":"http://localhost:8081/","uid":"06928b6"}
[2017-03-15 02:56:50] INFO > #200: (/acompanha/24) - [] - {"url":"/acompanha/24","ip":"::1","http_method":"GET","server":"localhost","referrer":"http://localhost:8081/","uid":"fd0c5dc"}
[2017-03-15 02:56:50] INFO > #200: (/acompanha/tarefas/24) - [] - {"url":"/acompanha/tarefas/24","ip":"::1","http_method":"GET","server":"localhost","referrer":"http://localhost:8081/","uid":"220effa"}
[2017-03-15 02:58:08] INFO > #200: (/tarefas) - [] - {"url":"/tarefas?_dc=1489543088609&page=1&start=0&limit=25&sort=descricaotarefa&dir=desc","ip":"::1","http_method":"OPTIONS","server":"localhost","referrer":"http://localhost:8081/","uid":"7e3c733"}
[2017-03-15 02:58:08] INFO > #200: (/tarefas) - [] - {"url":"/tarefas?_dc=1489543088609&page=1&start=0&limit=25&sort=descricaotarefa&dir=desc","ip":"::1","http_method":"GET","server":"localhost","referrer":"http://localhost:8081/","uid":"d628edb"}
[2017-03-15 02:58:09] INFO > #200: (/acompanha/15) - [] - {"url":"/acompanha/15","ip":"::1","http_method":"GET","server":"localhost","referrer":"http://localhost:8081/","uid":"25cfbf6"}
[2017-03-15 02:58:09] INFO > #200: (/acompanha/tarefas/15) - [] - {"url":"/acompanha/tarefas/15","ip":"::1","http_method":"GET","server":"localhost","referrer":"http://localhost:8081/","uid":"bc8f745"}
[2017-03-15 02:58:18] INFO > #200: (/acompanha/6) - [] - {"url":"/acompanha/6","ip":"::1","http_method":"OPTIONS","server":"localhost","referrer":"http://localhost:8081/","uid":"9b40337"}
[2017-03-15 02:58:18] INFO > #200: (/acompanha/tarefas/6) - [] - {"url":"/acompanha/tarefas/6","ip":"::1","http_method":"OPTIONS","server":"localhost","referrer":"http://localhost:8081/","uid":"eabdf7a"}
[2017-03-15 02:58:18] INFO > #200: (/acompanha/6) - [] - {"url":"/acompanha/6","ip":"::1","http_method":"GET","server":"localhost","referrer":"http://localhost:8081/","uid":"12a4691"}
[2017-03-15 02:58:18] INFO > #200: (/acompanha/tarefas/6) - [] - {"url":"/acompanha/tarefas/6","ip":"::1","http_method":"GET","server":"localhost","referrer":"http://localhost:8081/","uid":"9163905"}
[2017-03-15 02:58:18] INFO > #200: (/acompanha/4) - [] - {"url":"/acompanha/4","ip":"::1","http_method":"OPTIONS","server":"localhost","referrer":"http://localhost:8081/","uid":"9257125"}
[2017-03-15 02:58:19] INFO > #200: (/acompanha/tarefas/4) - [] - {"url":"/acompanha/tarefas/4","ip":"::1","http_method":"OPTIONS","server":"localhost","referrer":"http://localhost:8081/","uid":"7171e52"}
[2017-03-15 02:58:19] INFO > #200: (/acompanha/4) - [] - {"url":"/acompanha/4","ip":"::1","http_method":"GET","server":"localhost","referrer":"http://localhost:8081/","uid":"c304b47"}
[2017-03-15 02:58:19] INFO > #200: (/acompanha/tarefas/4) - [] - {"url":"/acompanha/tarefas/4","ip":"::1","http_method":"GET","server":"localhost","referrer":"http://localhost:8081/","uid":"020a65c"}
[2017-03-15 02:58:19] INFO > #200: (/acompanha/15) - [] - {"url":"/acompanha/15","ip":"::1","http_method":"GET","server":"localhost","referrer":"http://localhost:8081/","uid":"f5ac5be"}
[2017-03-15 02:58:19] INFO > #200: (/acompanha/tarefas/15) - [] - {"url":"/acompanha/tarefas/15","ip":"::1","http_method":"GET","server":"localhost","referrer":"http://localhost:8081/","uid":"277c433"}
[2017-03-15 02:58:22] INFO > #200: (/acompanha/4) - [] - {"url":"/acompanha/4","ip":"::1","http_method":"GET","server":"localhost","referrer":"http://localhost:8081/","uid":"7acbf87"}
[2017-03-15 02:58:22] INFO > #200: (/acompanha/tarefas/4) - [] - {"url":"/acompanha/tarefas/4","ip":"::1","http_method":"GET","server":"localhost","referrer":"http://localhost:8081/","uid":"bf464fc"}
[2017-03-15 02:58:25] INFO > #200: (/acompanha/15) - [] - {"url":"/acompanha/15","ip":"::1","http_method":"GET","server":"localhost","referrer":"http://localhost:8081/","uid":"82aab3a"}
[2017-03-15 02:58:25] INFO > #200: (/acompanha/tarefas/15) - [] - {"url":"/acompanha/tarefas/15","ip":"::1","http_method":"GET","server":"localhost","referrer":"http://localhost:8081/","uid":"f4e64c6"}
[2017-03-15 02:58:29] INFO > #200: (/acompanha/4) - [] - {"url":"/acompanha/4","ip":"::1","http_method":"GET","server":"localhost","referrer":"http://localhost:8081/","uid":"8a107d9"}
[2017-03-15 02:58:29] INFO > #200: (/acompanha/tarefas/4) - [] - {"url":"/acompanha/tarefas/4","ip":"::1","http_method":"GET","server":"localhost","referrer":"http://localhost:8081/","uid":"effce3c"}
[2017-03-15 02:59:12] INFO > #200: (/acompanha/15) - [] - {"url":"/acompanha/15","ip":"::1","http_method":"GET","server":"localhost","referrer":"http://localhost:8081/","uid":"126c33a"}
[2017-03-15 02:59:12] INFO > #200: (/acompanha/tarefas/15) - [] - {"url":"/acompanha/tarefas/15","ip":"::1","http_method":"GET","server":"localhost","referrer":"http://localhost:8081/","uid":"a84eca1"}
[2017-03-15 02:59:32] INFO > #200: (/acompanha/15) - [] - {"url":"/acompanha/15","ip":"::1","http_method":"GET","server":"localhost","referrer":"http://localhost:8081/","uid":"7ec2f89"}
[2017-03-15 02:59:32] INFO > #200: (/acompanha/tarefas/15) - [] - {"url":"/acompanha/tarefas/15","ip":"::1","http_method":"GET","server":"localhost","referrer":"http://localhost:8081/","uid":"606c825"}
[2017-03-15 03:00:36] INFO > #200: (/tarefas) - [] - {"url":"/tarefas?_dc=1489543236775&page=1&start=0&limit=25&sort=descricaotarefa&dir=desc","ip":"::1","http_method":"OPTIONS","server":"localhost","referrer":"http://localhost:8081/","uid":"4927663"}
[2017-03-15 03:00:36] INFO > #200: (/tarefas) - [] - {"url":"/tarefas?_dc=1489543236775&page=1&start=0&limit=25&sort=descricaotarefa&dir=desc","ip":"::1","http_method":"GET","server":"localhost","referrer":"http://localhost:8081/","uid":"26d959c"}
[2017-03-15 03:00:37] INFO > #200: (/acompanha/15) - [] - {"url":"/acompanha/15","ip":"::1","http_method":"GET","server":"localhost","referrer":"http://localhost:8081/","uid":"d2ee517"}
[2017-03-15 03:00:37] INFO > #200: (/acompanha/tarefas/15) - [] - {"url":"/acompanha/tarefas/15","ip":"::1","http_method":"GET","server":"localhost","referrer":"http://localhost:8081/","uid":"f66d188"}
[2017-03-15 03:01:01] INFO > #200: (/acompanha/4) - [] - {"url":"/acompanha/4","ip":"::1","http_method":"GET","server":"localhost","referrer":"http://localhost:8081/","uid":"d8298c5"}
[2017-03-15 03:01:01] INFO > #200: (/acompanha/tarefas/4) - [] - {"url":"/acompanha/tarefas/4","ip":"::1","http_method":"GET","server":"localhost","referrer":"http://localhost:8081/","uid":"1f90660"}
