[2017-02-16 18:54:45] INFO > #200: (/projetos) - [] - {"url":"/projetos?_dc=1487267685229&page=1&start=0&limit=25&sort=nomeusuario&dir=desc","ip":"::1","http_method":"OPTIONS","server":"localhost","referrer":"http://localhost:8081/","uid":"66fe0b3"}
[2017-02-16 18:54:45] INFO > #200: (/hora) - [] - {"url":"/hora?_dc=1487267685232&page=1&start=0&limit=25","ip":"::1","http_method":"OPTIONS","server":"localhost","referrer":"http://localhost:8081/","uid":"2f3d586"}
[2017-02-16 18:54:45] INFO > #200: (/sistemasinternos) - [] - {"url":"/sistemasinternos?_dc=1487267685233&page=1&start=0&limit=25","ip":"::1","http_method":"OPTIONS","server":"localhost","referrer":"http://localhost:8081/","uid":"41efd0c"}
[2017-02-16 18:54:45] INFO > #200: (/sistemasexternos) - [] - {"url":"/sistemasexternos?_dc=1487267685234&page=1&start=0&limit=25","ip":"::1","http_method":"OPTIONS","server":"localhost","referrer":"http://localhost:8081/","uid":"0970604"}
[2017-02-16 18:54:45] INFO > #200: (/sistemas) - [] - {"url":"/sistemas?_dc=1487267685234&page=1&start=0&limit=25","ip":"::1","http_method":"OPTIONS","server":"localhost","referrer":"http://localhost:8081/","uid":"2728220"}
[2017-02-16 18:54:45] INFO > #200: (/sistemas) - [] - {"url":"/sistemas?_dc=1487267685235&page=1&start=0&limit=25","ip":"::1","http_method":"OPTIONS","server":"localhost","referrer":"http://localhost:8081/","uid":"9407772"}
[2017-02-16 18:54:45] INFO > #200: (/abrangencia) - [] - {"url":"/abrangencia?_dc=1487267685235&page=1&start=0&limit=25","ip":"::1","http_method":"OPTIONS","server":"localhost","referrer":"http://localhost:8081/","uid":"88facb5"}
[2017-02-16 18:54:45] INFO > #200: (/estabilidade) - [] - {"url":"/estabilidade?_dc=1487267685236&page=1&start=0&limit=25","ip":"::1","http_method":"OPTIONS","server":"localhost","referrer":"http://localhost:8081/","uid":"77489db"}
[2017-02-16 18:54:45] INFO > #200: (/conhecimento) - [] - {"url":"/conhecimento?_dc=1487267685236&page=1&start=0&limit=25","ip":"::1","http_method":"OPTIONS","server":"localhost","referrer":"http://localhost:8081/","uid":"fe0844b"}
[2017-02-16 18:54:45] INFO > #200: (/classificacao) - [] - {"url":"/classificacao?_dc=1487267685236&page=1&start=0&limit=25","ip":"::1","http_method":"OPTIONS","server":"localhost","referrer":"http://localhost:8081/","uid":"7dc57bb"}
[2017-02-16 18:54:45] INFO > #200: (/nivelrisco) - [] - {"url":"/nivelrisco?_dc=1487267685237&page=1&start=0&limit=25","ip":"::1","http_method":"OPTIONS","server":"localhost","referrer":"http://localhost:8081/","uid":"f676c65"}
[2017-02-16 18:54:45] INFO > #200: (/projetos) - [] - {"url":"/projetos?_dc=1487267685229&page=1&start=0&limit=25&sort=nomeusuario&dir=desc","ip":"::1","http_method":"GET","server":"localhost","referrer":"http://localhost:8081/","uid":"e9b0277"}
[2017-02-16 18:54:45] INFO > #200: (/hora) - [] - {"url":"/hora?_dc=1487267685232&page=1&start=0&limit=25","ip":"::1","http_method":"GET","server":"localhost","referrer":"http://localhost:8081/","uid":"e91cfc5"}
[2017-02-16 18:54:45] INFO > #200: (/sistemasinternos) - [] - {"url":"/sistemasinternos?_dc=1487267685233&page=1&start=0&limit=25","ip":"::1","http_method":"GET","server":"localhost","referrer":"http://localhost:8081/","uid":"b9afb04"}
[2017-02-16 18:54:45] INFO > #200: (/sistemasexternos) - [] - {"url":"/sistemasexternos?_dc=1487267685234&page=1&start=0&limit=25","ip":"::1","http_method":"GET","server":"localhost","referrer":"http://localhost:8081/","uid":"f8518a5"}
[2017-02-16 18:54:45] INFO > #200: (/sistemas) - [] - {"url":"/sistemas?_dc=1487267685234&page=1&start=0&limit=25","ip":"::1","http_method":"GET","server":"localhost","referrer":"http://localhost:8081/","uid":"6f8f81c"}
[2017-02-16 18:54:45] INFO > #200: (/sistemas) - [] - {"url":"/sistemas?_dc=1487267685235&page=1&start=0&limit=25","ip":"::1","http_method":"GET","server":"localhost","referrer":"http://localhost:8081/","uid":"efffabe"}
[2017-02-16 18:54:45] INFO > #200: (/abrangencia) - [] - {"url":"/abrangencia?_dc=1487267685235&page=1&start=0&limit=25","ip":"::1","http_method":"GET","server":"localhost","referrer":"http://localhost:8081/","uid":"b59f32a"}
[2017-02-16 18:54:45] INFO > #200: (/estabilidade) - [] - {"url":"/estabilidade?_dc=1487267685236&page=1&start=0&limit=25","ip":"::1","http_method":"GET","server":"localhost","referrer":"http://localhost:8081/","uid":"86297dc"}
[2017-02-16 18:54:46] INFO > #200: (/conhecimento) - [] - {"url":"/conhecimento?_dc=1487267685236&page=1&start=0&limit=25","ip":"::1","http_method":"GET","server":"localhost","referrer":"http://localhost:8081/","uid":"55046c5"}
[2017-02-16 18:54:46] INFO > #200: (/classificacao) - [] - {"url":"/classificacao?_dc=1487267685236&page=1&start=0&limit=25","ip":"::1","http_method":"GET","server":"localhost","referrer":"http://localhost:8081/","uid":"37c5414"}
[2017-02-16 18:54:46] INFO > #200: (/nivelrisco) - [] - {"url":"/nivelrisco?_dc=1487267685237&page=1&start=0&limit=25","ip":"::1","http_method":"GET","server":"localhost","referrer":"http://localhost:8081/","uid":"c7ce637"}
[2017-02-16 18:56:18] INFO > #200: (/projetos) - [] - {"url":"/projetos?_dc=1487267778777&page=1&start=0&limit=25&sort=nomeusuario&dir=desc","ip":"::1","http_method":"OPTIONS","server":"localhost","referrer":"http://localhost:8081/","uid":"5f3e0a0"}
[2017-02-16 18:56:18] INFO > #200: (/hora) - [] - {"url":"/hora?_dc=1487267778779&page=1&start=0&limit=25","ip":"::1","http_method":"OPTIONS","server":"localhost","referrer":"http://localhost:8081/","uid":"a5ae530"}
[2017-02-16 18:56:18] INFO > #200: (/sistemasinternos) - [] - {"url":"/sistemasinternos?_dc=1487267778780&page=1&start=0&limit=25","ip":"::1","http_method":"OPTIONS","server":"localhost","referrer":"http://localhost:8081/","uid":"08ebdb9"}
[2017-02-16 18:56:18] INFO > #200: (/sistemasexternos) - [] - {"url":"/sistemasexternos?_dc=1487267778781&page=1&start=0&limit=25","ip":"::1","http_method":"OPTIONS","server":"localhost","referrer":"http://localhost:8081/","uid":"4bfadfc"}
[2017-02-16 18:56:18] INFO > #200: (/sistemas) - [] - {"url":"/sistemas?_dc=1487267778781&page=1&start=0&limit=25","ip":"::1","http_method":"OPTIONS","server":"localhost","referrer":"http://localhost:8081/","uid":"9547a2f"}
[2017-02-16 18:56:18] INFO > #200: (/sistemas) - [] - {"url":"/sistemas?_dc=1487267778782&page=1&start=0&limit=25","ip":"::1","http_method":"OPTIONS","server":"localhost","referrer":"http://localhost:8081/","uid":"528f4f1"}
[2017-02-16 18:56:18] INFO > #200: (/abrangencia) - [] - {"url":"/abrangencia?_dc=1487267778783&page=1&start=0&limit=25","ip":"::1","http_method":"OPTIONS","server":"localhost","referrer":"http://localhost:8081/","uid":"5adb15e"}
[2017-02-16 18:56:18] INFO > #200: (/estabilidade) - [] - {"url":"/estabilidade?_dc=1487267778783&page=1&start=0&limit=25","ip":"::1","http_method":"OPTIONS","server":"localhost","referrer":"http://localhost:8081/","uid":"eb8b86f"}
[2017-02-16 18:56:18] INFO > #200: (/conhecimento) - [] - {"url":"/conhecimento?_dc=1487267778784&page=1&start=0&limit=25","ip":"::1","http_method":"OPTIONS","server":"localhost","referrer":"http://localhost:8081/","uid":"f0d0489"}
[2017-02-16 18:56:18] INFO > #200: (/classificacao) - [] - {"url":"/classificacao?_dc=1487267778784&page=1&start=0&limit=25","ip":"::1","http_method":"OPTIONS","server":"localhost","referrer":"http://localhost:8081/","uid":"279e923"}
[2017-02-16 18:56:18] INFO > #200: (/nivelrisco) - [] - {"url":"/nivelrisco?_dc=1487267778785&page=1&start=0&limit=25","ip":"::1","http_method":"OPTIONS","server":"localhost","referrer":"http://localhost:8081/","uid":"39e08f3"}
[2017-02-16 18:56:19] INFO > #200: (/projetos) - [] - {"url":"/projetos?_dc=1487267778777&page=1&start=0&limit=25&sort=nomeusuario&dir=desc","ip":"::1","http_method":"GET","server":"localhost","referrer":"http://localhost:8081/","uid":"0c8e752"}
[2017-02-16 18:56:19] INFO > #200: (/hora) - [] - {"url":"/hora?_dc=1487267778779&page=1&start=0&limit=25","ip":"::1","http_method":"GET","server":"localhost","referrer":"http://localhost:8081/","uid":"7c46e70"}
[2017-02-16 18:56:19] INFO > #200: (/sistemasinternos) - [] - {"url":"/sistemasinternos?_dc=1487267778780&page=1&start=0&limit=25","ip":"::1","http_method":"GET","server":"localhost","referrer":"http://localhost:8081/","uid":"ea6208c"}
[2017-02-16 18:56:19] INFO > #200: (/sistemasexternos) - [] - {"url":"/sistemasexternos?_dc=1487267778781&page=1&start=0&limit=25","ip":"::1","http_method":"GET","server":"localhost","referrer":"http://localhost:8081/","uid":"09ae9ea"}
[2017-02-16 18:56:19] INFO > #200: (/sistemas) - [] - {"url":"/sistemas?_dc=1487267778781&page=1&start=0&limit=25","ip":"::1","http_method":"GET","server":"localhost","referrer":"http://localhost:8081/","uid":"962a8d4"}
[2017-02-16 18:56:19] INFO > #200: (/sistemas) - [] - {"url":"/sistemas?_dc=1487267778782&page=1&start=0&limit=25","ip":"::1","http_method":"GET","server":"localhost","referrer":"http://localhost:8081/","uid":"d51792c"}
[2017-02-16 18:56:19] INFO > #200: (/abrangencia) - [] - {"url":"/abrangencia?_dc=1487267778783&page=1&start=0&limit=25","ip":"::1","http_method":"GET","server":"localhost","referrer":"http://localhost:8081/","uid":"7003e04"}
[2017-02-16 18:56:19] INFO > #200: (/estabilidade) - [] - {"url":"/estabilidade?_dc=1487267778783&page=1&start=0&limit=25","ip":"::1","http_method":"GET","server":"localhost","referrer":"http://localhost:8081/","uid":"39b7d1b"}
[2017-02-16 18:56:19] INFO > #200: (/conhecimento) - [] - {"url":"/conhecimento?_dc=1487267778784&page=1&start=0&limit=25","ip":"::1","http_method":"GET","server":"localhost","referrer":"http://localhost:8081/","uid":"2418359"}
[2017-02-16 18:56:19] INFO > #200: (/classificacao) - [] - {"url":"/classificacao?_dc=1487267778784&page=1&start=0&limit=25","ip":"::1","http_method":"GET","server":"localhost","referrer":"http://localhost:8081/","uid":"0627a90"}
[2017-02-16 18:56:19] INFO > #200: (/nivelrisco) - [] - {"url":"/nivelrisco?_dc=1487267778785&page=1&start=0&limit=25","ip":"::1","http_method":"GET","server":"localhost","referrer":"http://localhost:8081/","uid":"ed54c23"}
[2017-02-16 18:57:25] INFO > #200: (/projetos) - [] - {"url":"/projetos?_dc=1487267845612&page=1&start=0&limit=25&sort=nomeusuario&dir=desc","ip":"::1","http_method":"OPTIONS","server":"localhost","referrer":"http://localhost:8081/","uid":"e982be3"}
[2017-02-16 18:57:25] INFO > #200: (/hora) - [] - {"url":"/hora?_dc=1487267845615&page=1&start=0&limit=25","ip":"::1","http_method":"OPTIONS","server":"localhost","referrer":"http://localhost:8081/","uid":"419d1fe"}
[2017-02-16 18:57:25] INFO > #200: (/sistemasinternos) - [] - {"url":"/sistemasinternos?_dc=1487267845617&page=1&start=0&limit=25","ip":"::1","http_method":"OPTIONS","server":"localhost","referrer":"http://localhost:8081/","uid":"cfaef31"}
[2017-02-16 18:57:25] INFO > #200: (/sistemasexternos) - [] - {"url":"/sistemasexternos?_dc=1487267845618&page=1&start=0&limit=25","ip":"::1","http_method":"OPTIONS","server":"localhost","referrer":"http://localhost:8081/","uid":"57957da"}
[2017-02-16 18:57:25] INFO > #200: (/sistemas) - [] - {"url":"/sistemas?_dc=1487267845619&page=1&start=0&limit=25","ip":"::1","http_method":"OPTIONS","server":"localhost","referrer":"http://localhost:8081/","uid":"4610826"}
[2017-02-16 18:57:25] INFO > #200: (/sistemas) - [] - {"url":"/sistemas?_dc=1487267845620&page=1&start=0&limit=25","ip":"::1","http_method":"OPTIONS","server":"localhost","referrer":"http://localhost:8081/","uid":"04c1652"}
[2017-02-16 18:57:25] INFO > #200: (/abrangencia) - [] - {"url":"/abrangencia?_dc=1487267845621&page=1&start=0&limit=25","ip":"::1","http_method":"OPTIONS","server":"localhost","referrer":"http://localhost:8081/","uid":"09d863f"}
[2017-02-16 18:57:25] INFO > #200: (/estabilidade) - [] - {"url":"/estabilidade?_dc=1487267845621&page=1&start=0&limit=25","ip":"::1","http_method":"OPTIONS","server":"localhost","referrer":"http://localhost:8081/","uid":"60e9d96"}
[2017-02-16 18:57:25] INFO > #200: (/conhecimento) - [] - {"url":"/conhecimento?_dc=1487267845624&page=1&start=0&limit=25","ip":"::1","http_method":"OPTIONS","server":"localhost","referrer":"http://localhost:8081/","uid":"a638c72"}
[2017-02-16 18:57:25] INFO > #200: (/classificacao) - [] - {"url":"/classificacao?_dc=1487267845626&page=1&start=0&limit=25","ip":"::1","http_method":"OPTIONS","server":"localhost","referrer":"http://localhost:8081/","uid":"c2c84f8"}
[2017-02-16 18:57:25] INFO > #200: (/nivelrisco) - [] - {"url":"/nivelrisco?_dc=1487267845627&page=1&start=0&limit=25","ip":"::1","http_method":"OPTIONS","server":"localhost","referrer":"http://localhost:8081/","uid":"27d5282"}
[2017-02-16 18:57:25] INFO > #200: (/projetos) - [] - {"url":"/projetos?_dc=1487267845612&page=1&start=0&limit=25&sort=nomeusuario&dir=desc","ip":"::1","http_method":"GET","server":"localhost","referrer":"http://localhost:8081/","uid":"7f11ea7"}
[2017-02-16 18:57:25] INFO > #200: (/hora) - [] - {"url":"/hora?_dc=1487267845615&page=1&start=0&limit=25","ip":"::1","http_method":"GET","server":"localhost","referrer":"http://localhost:8081/","uid":"880438e"}
[2017-02-16 18:57:25] INFO > #200: (/sistemasinternos) - [] - {"url":"/sistemasinternos?_dc=1487267845617&page=1&start=0&limit=25","ip":"::1","http_method":"GET","server":"localhost","referrer":"http://localhost:8081/","uid":"86e8077"}
[2017-02-16 18:57:25] INFO > #200: (/sistemasexternos) - [] - {"url":"/sistemasexternos?_dc=1487267845618&page=1&start=0&limit=25","ip":"::1","http_method":"GET","server":"localhost","referrer":"http://localhost:8081/","uid":"8a39eb8"}
[2017-02-16 18:57:25] INFO > #200: (/sistemas) - [] - {"url":"/sistemas?_dc=1487267845619&page=1&start=0&limit=25","ip":"::1","http_method":"GET","server":"localhost","referrer":"http://localhost:8081/","uid":"669a915"}
[2017-02-16 18:57:26] INFO > #200: (/sistemas) - [] - {"url":"/sistemas?_dc=1487267845620&page=1&start=0&limit=25","ip":"::1","http_method":"GET","server":"localhost","referrer":"http://localhost:8081/","uid":"db3a05c"}
[2017-02-16 18:57:26] INFO > #200: (/abrangencia) - [] - {"url":"/abrangencia?_dc=1487267845621&page=1&start=0&limit=25","ip":"::1","http_method":"GET","server":"localhost","referrer":"http://localhost:8081/","uid":"b9ee1dc"}
[2017-02-16 18:57:26] INFO > #200: (/estabilidade) - [] - {"url":"/estabilidade?_dc=1487267845621&page=1&start=0&limit=25","ip":"::1","http_method":"GET","server":"localhost","referrer":"http://localhost:8081/","uid":"0c5b8de"}
[2017-02-16 18:57:26] INFO > #200: (/conhecimento) - [] - {"url":"/conhecimento?_dc=1487267845624&page=1&start=0&limit=25","ip":"::1","http_method":"GET","server":"localhost","referrer":"http://localhost:8081/","uid":"9a9ecc3"}
[2017-02-16 18:57:26] INFO > #200: (/classificacao) - [] - {"url":"/classificacao?_dc=1487267845626&page=1&start=0&limit=25","ip":"::1","http_method":"GET","server":"localhost","referrer":"http://localhost:8081/","uid":"fc43449"}
[2017-02-16 18:57:26] INFO > #200: (/nivelrisco) - [] - {"url":"/nivelrisco?_dc=1487267845627&page=1&start=0&limit=25","ip":"::1","http_method":"GET","server":"localhost","referrer":"http://localhost:8081/","uid":"d2486fb"}
[2017-02-16 19:02:15] INFO > #200: (/projetos) - [] - {"url":"/projetos?_dc=1487268135532&page=1&start=0&limit=25&sort=nomeusuario&dir=desc","ip":"::1","http_method":"OPTIONS","server":"localhost","referrer":"http://localhost:8081/","uid":"0522f93"}
[2017-02-16 19:02:15] INFO > #200: (/hora) - [] - {"url":"/hora?_dc=1487268135534&page=1&start=0&limit=25","ip":"::1","http_method":"OPTIONS","server":"localhost","referrer":"http://localhost:8081/","uid":"09388cf"}
[2017-02-16 19:02:15] INFO > #200: (/sistemasinternos) - [] - {"url":"/sistemasinternos?_dc=1487268135535&page=1&start=0&limit=25","ip":"::1","http_method":"OPTIONS","server":"localhost","referrer":"http://localhost:8081/","uid":"9d268a0"}
[2017-02-16 19:02:15] INFO > #200: (/sistemasexternos) - [] - {"url":"/sistemasexternos?_dc=1487268135536&page=1&start=0&limit=25","ip":"::1","http_method":"OPTIONS","server":"localhost","referrer":"http://localhost:8081/","uid":"05b4c67"}
[2017-02-16 19:02:15] INFO > #200: (/sistemas) - [] - {"url":"/sistemas?_dc=1487268135536&page=1&start=0&limit=25","ip":"::1","http_method":"OPTIONS","server":"localhost","referrer":"http://localhost:8081/","uid":"951e355"}
[2017-02-16 19:02:15] INFO > #200: (/sistemas) - [] - {"url":"/sistemas?_dc=1487268135537&page=1&start=0&limit=25","ip":"::1","http_method":"OPTIONS","server":"localhost","referrer":"http://localhost:8081/","uid":"f7c8f95"}
[2017-02-16 19:02:15] INFO > #200: (/abrangencia) - [] - {"url":"/abrangencia?_dc=1487268135537&page=1&start=0&limit=25","ip":"::1","http_method":"OPTIONS","server":"localhost","referrer":"http://localhost:8081/","uid":"f049178"}
[2017-02-16 19:02:15] INFO > #200: (/estabilidade) - [] - {"url":"/estabilidade?_dc=1487268135538&page=1&start=0&limit=25","ip":"::1","http_method":"OPTIONS","server":"localhost","referrer":"http://localhost:8081/","uid":"d362d44"}
[2017-02-16 19:02:15] INFO > #200: (/conhecimento) - [] - {"url":"/conhecimento?_dc=1487268135538&page=1&start=0&limit=25","ip":"::1","http_method":"OPTIONS","server":"localhost","referrer":"http://localhost:8081/","uid":"ebdf378"}
[2017-02-16 19:02:15] INFO > #200: (/classificacao) - [] - {"url":"/classificacao?_dc=1487268135539&page=1&start=0&limit=25","ip":"::1","http_method":"OPTIONS","server":"localhost","referrer":"http://localhost:8081/","uid":"fbf686a"}
[2017-02-16 19:02:15] INFO > #200: (/nivelrisco) - [] - {"url":"/nivelrisco?_dc=1487268135539&page=1&start=0&limit=25","ip":"::1","http_method":"OPTIONS","server":"localhost","referrer":"http://localhost:8081/","uid":"c93f530"}
[2017-02-16 19:02:15] INFO > #200: (/projetos) - [] - {"url":"/projetos?_dc=1487268135532&page=1&start=0&limit=25&sort=nomeusuario&dir=desc","ip":"::1","http_method":"GET","server":"localhost","referrer":"http://localhost:8081/","uid":"66ea341"}
[2017-02-16 19:02:15] INFO > #200: (/hora) - [] - {"url":"/hora?_dc=1487268135534&page=1&start=0&limit=25","ip":"::1","http_method":"GET","server":"localhost","referrer":"http://localhost:8081/","uid":"a743f65"}
[2017-02-16 19:02:15] INFO > #200: (/sistemasinternos) - [] - {"url":"/sistemasinternos?_dc=1487268135535&page=1&start=0&limit=25","ip":"::1","http_method":"GET","server":"localhost","referrer":"http://localhost:8081/","uid":"02db6d6"}
[2017-02-16 19:02:15] INFO > #200: (/sistemasexternos) - [] - {"url":"/sistemasexternos?_dc=1487268135536&page=1&start=0&limit=25","ip":"::1","http_method":"GET","server":"localhost","referrer":"http://localhost:8081/","uid":"8686331"}
[2017-02-16 19:02:15] INFO > #200: (/sistemas) - [] - {"url":"/sistemas?_dc=1487268135536&page=1&start=0&limit=25","ip":"::1","http_method":"GET","server":"localhost","referrer":"http://localhost:8081/","uid":"4bc5e6f"}
[2017-02-16 19:02:15] INFO > #200: (/sistemas) - [] - {"url":"/sistemas?_dc=1487268135537&page=1&start=0&limit=25","ip":"::1","http_method":"GET","server":"localhost","referrer":"http://localhost:8081/","uid":"5d7fee4"}
[2017-02-16 19:02:15] INFO > #200: (/abrangencia) - [] - {"url":"/abrangencia?_dc=1487268135537&page=1&start=0&limit=25","ip":"::1","http_method":"GET","server":"localhost","referrer":"http://localhost:8081/","uid":"4a304bb"}
[2017-02-16 19:02:15] INFO > #200: (/estabilidade) - [] - {"url":"/estabilidade?_dc=1487268135538&page=1&start=0&limit=25","ip":"::1","http_method":"GET","server":"localhost","referrer":"http://localhost:8081/","uid":"df68556"}
[2017-02-16 19:02:16] INFO > #200: (/conhecimento) - [] - {"url":"/conhecimento?_dc=1487268135538&page=1&start=0&limit=25","ip":"::1","http_method":"GET","server":"localhost","referrer":"http://localhost:8081/","uid":"c15a4da"}
[2017-02-16 19:02:16] INFO > #200: (/classificacao) - [] - {"url":"/classificacao?_dc=1487268135539&page=1&start=0&limit=25","ip":"::1","http_method":"GET","server":"localhost","referrer":"http://localhost:8081/","uid":"c195518"}
[2017-02-16 19:02:16] INFO > #200: (/nivelrisco) - [] - {"url":"/nivelrisco?_dc=1487268135539&page=1&start=0&limit=25","ip":"::1","http_method":"GET","server":"localhost","referrer":"http://localhost:8081/","uid":"beb4283"}
[2017-02-16 19:03:37] INFO > #200: (/projetos) - [] - {"url":"/projetos?_dc=1487268217601&page=1&start=0&limit=25&sort=nomeusuario&dir=desc","ip":"::1","http_method":"OPTIONS","server":"localhost","referrer":"http://localhost:8081/","uid":"32b11c7"}
[2017-02-16 19:03:37] INFO > #200: (/hora) - [] - {"url":"/hora?_dc=1487268217604&page=1&start=0&limit=25","ip":"::1","http_method":"OPTIONS","server":"localhost","referrer":"http://localhost:8081/","uid":"ccdf707"}
[2017-02-16 19:03:37] INFO > #200: (/sistemasinternos) - [] - {"url":"/sistemasinternos?_dc=1487268217605&page=1&start=0&limit=25","ip":"::1","http_method":"OPTIONS","server":"localhost","referrer":"http://localhost:8081/","uid":"d6c361a"}
[2017-02-16 19:03:37] INFO > #200: (/sistemasexternos) - [] - {"url":"/sistemasexternos?_dc=1487268217606&page=1&start=0&limit=25","ip":"::1","http_method":"OPTIONS","server":"localhost","referrer":"http://localhost:8081/","uid":"7787d19"}
[2017-02-16 19:03:37] INFO > #200: (/sistemas) - [] - {"url":"/sistemas?_dc=1487268217606&page=1&start=0&limit=25","ip":"::1","http_method":"OPTIONS","server":"localhost","referrer":"http://localhost:8081/","uid":"5c72bbd"}
[2017-02-16 19:03:37] INFO > #200: (/sistemas) - [] - {"url":"/sistemas?_dc=1487268217607&page=1&start=0&limit=25","ip":"::1","http_method":"OPTIONS","server":"localhost","referrer":"http://localhost:8081/","uid":"1d8d66a"}
[2017-02-16 19:03:37] INFO > #200: (/abrangencia) - [] - {"url":"/abrangencia?_dc=1487268217608&page=1&start=0&limit=25","ip":"::1","http_method":"OPTIONS","server":"localhost","referrer":"http://localhost:8081/","uid":"5130971"}
[2017-02-16 19:03:37] INFO > #200: (/estabilidade) - [] - {"url":"/estabilidade?_dc=1487268217608&page=1&start=0&limit=25","ip":"::1","http_method":"OPTIONS","server":"localhost","referrer":"http://localhost:8081/","uid":"d0df196"}
[2017-02-16 19:03:37] INFO > #200: (/conhecimento) - [] - {"url":"/conhecimento?_dc=1487268217610&page=1&start=0&limit=25","ip":"::1","http_method":"OPTIONS","server":"localhost","referrer":"http://localhost:8081/","uid":"d431b95"}
[2017-02-16 19:03:37] INFO > #200: (/classificacao) - [] - {"url":"/classificacao?_dc=1487268217611&page=1&start=0&limit=25","ip":"::1","http_method":"OPTIONS","server":"localhost","referrer":"http://localhost:8081/","uid":"0bf8725"}
[2017-02-16 19:03:37] INFO > #200: (/nivelrisco) - [] - {"url":"/nivelrisco?_dc=1487268217612&page=1&start=0&limit=25","ip":"::1","http_method":"OPTIONS","server":"localhost","referrer":"http://localhost:8081/","uid":"cacb36e"}
[2017-02-16 19:03:37] INFO > #200: (/projetos) - [] - {"url":"/projetos?_dc=1487268217601&page=1&start=0&limit=25&sort=nomeusuario&dir=desc","ip":"::1","http_method":"GET","server":"localhost","referrer":"http://localhost:8081/","uid":"ce05cf2"}
[2017-02-16 19:03:37] INFO > #200: (/hora) - [] - {"url":"/hora?_dc=1487268217604&page=1&start=0&limit=25","ip":"::1","http_method":"GET","server":"localhost","referrer":"http://localhost:8081/","uid":"845a153"}
[2017-02-16 19:03:37] INFO > #200: (/sistemasinternos) - [] - {"url":"/sistemasinternos?_dc=1487268217605&page=1&start=0&limit=25","ip":"::1","http_method":"GET","server":"localhost","referrer":"http://localhost:8081/","uid":"b4deee2"}
[2017-02-16 19:03:37] INFO > #200: (/sistemasexternos) - [] - {"url":"/sistemasexternos?_dc=1487268217606&page=1&start=0&limit=25","ip":"::1","http_method":"GET","server":"localhost","referrer":"http://localhost:8081/","uid":"cdbb83f"}
[2017-02-16 19:03:37] INFO > #200: (/sistemas) - [] - {"url":"/sistemas?_dc=1487268217606&page=1&start=0&limit=25","ip":"::1","http_method":"GET","server":"localhost","referrer":"http://localhost:8081/","uid":"f20327b"}
[2017-02-16 19:03:37] INFO > #200: (/sistemas) - [] - {"url":"/sistemas?_dc=1487268217607&page=1&start=0&limit=25","ip":"::1","http_method":"GET","server":"localhost","referrer":"http://localhost:8081/","uid":"5d4029d"}
[2017-02-16 19:03:38] INFO > #200: (/abrangencia) - [] - {"url":"/abrangencia?_dc=1487268217608&page=1&start=0&limit=25","ip":"::1","http_method":"GET","server":"localhost","referrer":"http://localhost:8081/","uid":"4186f5a"}
[2017-02-16 19:03:38] INFO > #200: (/estabilidade) - [] - {"url":"/estabilidade?_dc=1487268217608&page=1&start=0&limit=25","ip":"::1","http_method":"GET","server":"localhost","referrer":"http://localhost:8081/","uid":"dd1ee46"}
[2017-02-16 19:03:38] INFO > #200: (/conhecimento) - [] - {"url":"/conhecimento?_dc=1487268217610&page=1&start=0&limit=25","ip":"::1","http_method":"GET","server":"localhost","referrer":"http://localhost:8081/","uid":"dbdb4fd"}
[2017-02-16 19:03:38] INFO > #200: (/classificacao) - [] - {"url":"/classificacao?_dc=1487268217611&page=1&start=0&limit=25","ip":"::1","http_method":"GET","server":"localhost","referrer":"http://localhost:8081/","uid":"6fdb648"}
[2017-02-16 19:03:38] INFO > #200: (/nivelrisco) - [] - {"url":"/nivelrisco?_dc=1487268217612&page=1&start=0&limit=25","ip":"::1","http_method":"GET","server":"localhost","referrer":"http://localhost:8081/","uid":"4e0fdc2"}
[2017-02-16 19:05:15] INFO > #200: (/projetos) - [] - {"url":"/projetos?_dc=1487268315643&page=1&start=0&limit=25&sort=nomeusuario&dir=desc","ip":"::1","http_method":"OPTIONS","server":"localhost","referrer":"http://localhost:8081/","uid":"a938a69"}
[2017-02-16 19:05:15] INFO > #200: (/hora) - [] - {"url":"/hora?_dc=1487268315647&page=1&start=0&limit=25","ip":"::1","http_method":"OPTIONS","server":"localhost","referrer":"http://localhost:8081/","uid":"4ead516"}
[2017-02-16 19:05:15] INFO > #200: (/sistemasinternos) - [] - {"url":"/sistemasinternos?_dc=1487268315647&page=1&start=0&limit=25","ip":"::1","http_method":"OPTIONS","server":"localhost","referrer":"http://localhost:8081/","uid":"285bd32"}
[2017-02-16 19:05:15] INFO > #200: (/sistemasexternos) - [] - {"url":"/sistemasexternos?_dc=1487268315648&page=1&start=0&limit=25","ip":"::1","http_method":"OPTIONS","server":"localhost","referrer":"http://localhost:8081/","uid":"21cdad0"}
[2017-02-16 19:05:15] INFO > #200: (/sistemas) - [] - {"url":"/sistemas?_dc=1487268315649&page=1&start=0&limit=25","ip":"::1","http_method":"OPTIONS","server":"localhost","referrer":"http://localhost:8081/","uid":"ea9a169"}
[2017-02-16 19:05:15] INFO > #200: (/sistemas) - [] - {"url":"/sistemas?_dc=1487268315649&page=1&start=0&limit=25","ip":"::1","http_method":"OPTIONS","server":"localhost","referrer":"http://localhost:8081/","uid":"f9c1a58"}
[2017-02-16 19:05:15] INFO > #200: (/abrangencia) - [] - {"url":"/abrangencia?_dc=1487268315650&page=1&start=0&limit=25","ip":"::1","http_method":"OPTIONS","server":"localhost","referrer":"http://localhost:8081/","uid":"d1ed99b"}
[2017-02-16 19:05:15] INFO > #200: (/estabilidade) - [] - {"url":"/estabilidade?_dc=1487268315650&page=1&start=0&limit=25","ip":"::1","http_method":"OPTIONS","server":"localhost","referrer":"http://localhost:8081/","uid":"08e444a"}
[2017-02-16 19:05:15] INFO > #200: (/conhecimento) - [] - {"url":"/conhecimento?_dc=1487268315651&page=1&start=0&limit=25","ip":"::1","http_method":"OPTIONS","server":"localhost","referrer":"http://localhost:8081/","uid":"52ee39f"}
[2017-02-16 19:05:15] INFO > #200: (/classificacao) - [] - {"url":"/classificacao?_dc=1487268315651&page=1&start=0&limit=25","ip":"::1","http_method":"OPTIONS","server":"localhost","referrer":"http://localhost:8081/","uid":"8bad924"}
[2017-02-16 19:05:15] INFO > #200: (/nivelrisco) - [] - {"url":"/nivelrisco?_dc=1487268315652&page=1&start=0&limit=25","ip":"::1","http_method":"OPTIONS","server":"localhost","referrer":"http://localhost:8081/","uid":"7f69a2d"}
[2017-02-16 19:05:15] INFO > #200: (/projetos) - [] - {"url":"/projetos?_dc=1487268315643&page=1&start=0&limit=25&sort=nomeusuario&dir=desc","ip":"::1","http_method":"GET","server":"localhost","referrer":"http://localhost:8081/","uid":"51661d6"}
[2017-02-16 19:05:15] INFO > #200: (/hora) - [] - {"url":"/hora?_dc=1487268315647&page=1&start=0&limit=25","ip":"::1","http_method":"GET","server":"localhost","referrer":"http://localhost:8081/","uid":"be1100e"}
[2017-02-16 19:05:15] INFO > #200: (/sistemasinternos) - [] - {"url":"/sistemasinternos?_dc=1487268315647&page=1&start=0&limit=25","ip":"::1","http_method":"GET","server":"localhost","referrer":"http://localhost:8081/","uid":"7762ceb"}
[2017-02-16 19:05:15] INFO > #200: (/sistemasexternos) - [] - {"url":"/sistemasexternos?_dc=1487268315648&page=1&start=0&limit=25","ip":"::1","http_method":"GET","server":"localhost","referrer":"http://localhost:8081/","uid":"fd73dea"}
[2017-02-16 19:05:16] INFO > #200: (/sistemas) - [] - {"url":"/sistemas?_dc=1487268315649&page=1&start=0&limit=25","ip":"::1","http_method":"GET","server":"localhost","referrer":"http://localhost:8081/","uid":"0e99eb0"}
[2017-02-16 19:05:16] INFO > #200: (/abrangencia) - [] - {"url":"/abrangencia?_dc=1487268315650&page=1&start=0&limit=25","ip":"::1","http_method":"GET","server":"localhost","referrer":"http://localhost:8081/","uid":"0714306"}
[2017-02-16 19:05:16] INFO > #200: (/estabilidade) - [] - {"url":"/estabilidade?_dc=1487268315650&page=1&start=0&limit=25","ip":"::1","http_method":"GET","server":"localhost","referrer":"http://localhost:8081/","uid":"41aa6a1"}
[2017-02-16 19:05:16] INFO > #200: (/conhecimento) - [] - {"url":"/conhecimento?_dc=1487268315651&page=1&start=0&limit=25","ip":"::1","http_method":"GET","server":"localhost","referrer":"http://localhost:8081/","uid":"fc69a1f"}
[2017-02-16 19:05:16] INFO > #200: (/classificacao) - [] - {"url":"/classificacao?_dc=1487268315651&page=1&start=0&limit=25","ip":"::1","http_method":"GET","server":"localhost","referrer":"http://localhost:8081/","uid":"d7cdd22"}
[2017-02-16 19:05:16] INFO > #200: (/nivelrisco) - [] - {"url":"/nivelrisco?_dc=1487268315652&page=1&start=0&limit=25","ip":"::1","http_method":"GET","server":"localhost","referrer":"http://localhost:8081/","uid":"d09ab23"}
[2017-02-16 19:05:16] INFO > #200: (/sistemas) - [] - {"url":"/sistemas?_dc=1487268315649&page=1&start=0&limit=25","ip":"::1","http_method":"GET","server":"localhost","referrer":"http://localhost:8081/","uid":"e6af73d"}
[2017-02-16 19:06:34] INFO > #200: (/projetos) - [] - {"url":"/projetos?_dc=1487268394258&page=1&start=0&limit=25&sort=nomeusuario&dir=desc","ip":"::1","http_method":"OPTIONS","server":"localhost","referrer":"http://localhost:8081/","uid":"c1c3976"}
[2017-02-16 19:06:34] INFO > #200: (/hora) - [] - {"url":"/hora?_dc=1487268394261&page=1&start=0&limit=25","ip":"::1","http_method":"OPTIONS","server":"localhost","referrer":"http://localhost:8081/","uid":"ff4553c"}
[2017-02-16 19:06:34] INFO > #200: (/sistemasinternos) - [] - {"url":"/sistemasinternos?_dc=1487268394262&page=1&start=0&limit=25","ip":"::1","http_method":"OPTIONS","server":"localhost","referrer":"http://localhost:8081/","uid":"0e608be"}
[2017-02-16 19:06:34] INFO > #200: (/sistemasexternos) - [] - {"url":"/sistemasexternos?_dc=1487268394262&page=1&start=0&limit=25","ip":"::1","http_method":"OPTIONS","server":"localhost","referrer":"http://localhost:8081/","uid":"7c1fa73"}
[2017-02-16 19:06:34] INFO > #200: (/sistemas) - [] - {"url":"/sistemas?_dc=1487268394264&page=1&start=0&limit=25","ip":"::1","http_method":"OPTIONS","server":"localhost","referrer":"http://localhost:8081/","uid":"d6d6207"}
[2017-02-16 19:06:34] INFO > #200: (/sistemas) - [] - {"url":"/sistemas?_dc=1487268394264&page=1&start=0&limit=25","ip":"::1","http_method":"OPTIONS","server":"localhost","referrer":"http://localhost:8081/","uid":"65bdf1b"}
[2017-02-16 19:06:34] INFO > #200: (/abrangencia) - [] - {"url":"/abrangencia?_dc=1487268394265&page=1&start=0&limit=25","ip":"::1","http_method":"OPTIONS","server":"localhost","referrer":"http://localhost:8081/","uid":"3d5e00a"}
[2017-02-16 19:06:34] INFO > #200: (/estabilidade) - [] - {"url":"/estabilidade?_dc=1487268394265&page=1&start=0&limit=25","ip":"::1","http_method":"OPTIONS","server":"localhost","referrer":"http://localhost:8081/","uid":"34d051b"}
[2017-02-16 19:06:34] INFO > #200: (/conhecimento) - [] - {"url":"/conhecimento?_dc=1487268394266&page=1&start=0&limit=25","ip":"::1","http_method":"OPTIONS","server":"localhost","referrer":"http://localhost:8081/","uid":"f7eb722"}
[2017-02-16 19:06:34] INFO > #200: (/classificacao) - [] - {"url":"/classificacao?_dc=1487268394266&page=1&start=0&limit=25","ip":"::1","http_method":"OPTIONS","server":"localhost","referrer":"http://localhost:8081/","uid":"eaf91f2"}
[2017-02-16 19:06:34] INFO > #200: (/nivelrisco) - [] - {"url":"/nivelrisco?_dc=1487268394267&page=1&start=0&limit=25","ip":"::1","http_method":"OPTIONS","server":"localhost","referrer":"http://localhost:8081/","uid":"c8491ea"}
[2017-02-16 19:06:34] INFO > #200: (/projetos) - [] - {"url":"/projetos?_dc=1487268394258&page=1&start=0&limit=25&sort=nomeusuario&dir=desc","ip":"::1","http_method":"GET","server":"localhost","referrer":"http://localhost:8081/","uid":"2280fac"}
[2017-02-16 19:06:34] INFO > #200: (/hora) - [] - {"url":"/hora?_dc=1487268394261&page=1&start=0&limit=25","ip":"::1","http_method":"GET","server":"localhost","referrer":"http://localhost:8081/","uid":"94387cb"}
[2017-02-16 19:06:34] INFO > #200: (/sistemasinternos) - [] - {"url":"/sistemasinternos?_dc=1487268394262&page=1&start=0&limit=25","ip":"::1","http_method":"GET","server":"localhost","referrer":"http://localhost:8081/","uid":"4a1fc14"}
[2017-02-16 19:06:34] INFO > #200: (/sistemasexternos) - [] - {"url":"/sistemasexternos?_dc=1487268394262&page=1&start=0&limit=25","ip":"::1","http_method":"GET","server":"localhost","referrer":"http://localhost:8081/","uid":"ddc51ac"}
[2017-02-16 19:06:34] INFO > #200: (/sistemas) - [] - {"url":"/sistemas?_dc=1487268394264&page=1&start=0&limit=25","ip":"::1","http_method":"GET","server":"localhost","referrer":"http://localhost:8081/","uid":"42165eb"}
[2017-02-16 19:06:34] INFO > #200: (/abrangencia) - [] - {"url":"/abrangencia?_dc=1487268394265&page=1&start=0&limit=25","ip":"::1","http_method":"GET","server":"localhost","referrer":"http://localhost:8081/","uid":"b4026e3"}
[2017-02-16 19:06:34] INFO > #200: (/estabilidade) - [] - {"url":"/estabilidade?_dc=1487268394265&page=1&start=0&limit=25","ip":"::1","http_method":"GET","server":"localhost","referrer":"http://localhost:8081/","uid":"c46c70a"}
[2017-02-16 19:06:34] INFO > #200: (/conhecimento) - [] - {"url":"/conhecimento?_dc=1487268394266&page=1&start=0&limit=25","ip":"::1","http_method":"GET","server":"localhost","referrer":"http://localhost:8081/","uid":"b990c5a"}
[2017-02-16 19:06:34] INFO > #200: (/classificacao) - [] - {"url":"/classificacao?_dc=1487268394266&page=1&start=0&limit=25","ip":"::1","http_method":"GET","server":"localhost","referrer":"http://localhost:8081/","uid":"641c52e"}
[2017-02-16 19:06:34] INFO > #200: (/nivelrisco) - [] - {"url":"/nivelrisco?_dc=1487268394267&page=1&start=0&limit=25","ip":"::1","http_method":"GET","server":"localhost","referrer":"http://localhost:8081/","uid":"b1e1ace"}
[2017-02-16 19:06:34] INFO > #200: (/sistemas) - [] - {"url":"/sistemas?_dc=1487268394264&page=1&start=0&limit=25","ip":"::1","http_method":"GET","server":"localhost","referrer":"http://localhost:8081/","uid":"a157be7"}
[2017-02-16 19:07:10] INFO > #200: (/projetos) - [] - {"url":"/projetos?_dc=1487268430557&page=1&start=0&limit=25&sort=nomeusuario&dir=desc","ip":"::1","http_method":"OPTIONS","server":"localhost","referrer":"http://localhost:8081/","uid":"a9f0412"}
[2017-02-16 19:07:10] INFO > #200: (/hora) - [] - {"url":"/hora?_dc=1487268430560&page=1&start=0&limit=25","ip":"::1","http_method":"OPTIONS","server":"localhost","referrer":"http://localhost:8081/","uid":"71f9946"}
[2017-02-16 19:07:10] INFO > #200: (/sistemasinternos) - [] - {"url":"/sistemasinternos?_dc=1487268430561&page=1&start=0&limit=25","ip":"::1","http_method":"OPTIONS","server":"localhost","referrer":"http://localhost:8081/","uid":"0cd3128"}
[2017-02-16 19:07:10] INFO > #200: (/sistemasexternos) - [] - {"url":"/sistemasexternos?_dc=1487268430561&page=1&start=0&limit=25","ip":"::1","http_method":"OPTIONS","server":"localhost","referrer":"http://localhost:8081/","uid":"50445ad"}
[2017-02-16 19:07:10] INFO > #200: (/sistemas) - [] - {"url":"/sistemas?_dc=1487268430562&page=1&start=0&limit=25","ip":"::1","http_method":"OPTIONS","server":"localhost","referrer":"http://localhost:8081/","uid":"7ef45f5"}
[2017-02-16 19:07:10] INFO > #200: (/sistemas) - [] - {"url":"/sistemas?_dc=1487268430562&page=1&start=0&limit=25","ip":"::1","http_method":"OPTIONS","server":"localhost","referrer":"http://localhost:8081/","uid":"66ee297"}
[2017-02-16 19:07:10] INFO > #200: (/abrangencia) - [] - {"url":"/abrangencia?_dc=1487268430563&page=1&start=0&limit=25","ip":"::1","http_method":"OPTIONS","server":"localhost","referrer":"http://localhost:8081/","uid":"5d06a2a"}
[2017-02-16 19:07:10] INFO > #200: (/estabilidade) - [] - {"url":"/estabilidade?_dc=1487268430563&page=1&start=0&limit=25","ip":"::1","http_method":"OPTIONS","server":"localhost","referrer":"http://localhost:8081/","uid":"0396547"}
[2017-02-16 19:07:10] INFO > #200: (/conhecimento) - [] - {"url":"/conhecimento?_dc=1487268430564&page=1&start=0&limit=25","ip":"::1","http_method":"OPTIONS","server":"localhost","referrer":"http://localhost:8081/","uid":"0543ba9"}
[2017-02-16 19:07:10] INFO > #200: (/classificacao) - [] - {"url":"/classificacao?_dc=1487268430564&page=1&start=0&limit=25","ip":"::1","http_method":"OPTIONS","server":"localhost","referrer":"http://localhost:8081/","uid":"5eff270"}
[2017-02-16 19:07:10] INFO > #200: (/nivelrisco) - [] - {"url":"/nivelrisco?_dc=1487268430565&page=1&start=0&limit=25","ip":"::1","http_method":"OPTIONS","server":"localhost","referrer":"http://localhost:8081/","uid":"309dbbd"}
[2017-02-16 19:07:10] INFO > #200: (/projetos) - [] - {"url":"/projetos?_dc=1487268430557&page=1&start=0&limit=25&sort=nomeusuario&dir=desc","ip":"::1","http_method":"GET","server":"localhost","referrer":"http://localhost:8081/","uid":"ed26ba5"}
[2017-02-16 19:07:10] INFO > #200: (/hora) - [] - {"url":"/hora?_dc=1487268430560&page=1&start=0&limit=25","ip":"::1","http_method":"GET","server":"localhost","referrer":"http://localhost:8081/","uid":"a34a720"}
[2017-02-16 19:07:10] INFO > #200: (/sistemasinternos) - [] - {"url":"/sistemasinternos?_dc=1487268430561&page=1&start=0&limit=25","ip":"::1","http_method":"GET","server":"localhost","referrer":"http://localhost:8081/","uid":"2e41962"}
[2017-02-16 19:07:10] INFO > #200: (/sistemasexternos) - [] - {"url":"/sistemasexternos?_dc=1487268430561&page=1&start=0&limit=25","ip":"::1","http_method":"GET","server":"localhost","referrer":"http://localhost:8081/","uid":"4cc9d76"}
[2017-02-16 19:07:10] INFO > #200: (/sistemas) - [] - {"url":"/sistemas?_dc=1487268430562&page=1&start=0&limit=25","ip":"::1","http_method":"GET","server":"localhost","referrer":"http://localhost:8081/","uid":"c9e7443"}
[2017-02-16 19:07:10] INFO > #200: (/abrangencia) - [] - {"url":"/abrangencia?_dc=1487268430563&page=1&start=0&limit=25","ip":"::1","http_method":"GET","server":"localhost","referrer":"http://localhost:8081/","uid":"4dae13a"}
[2017-02-16 19:07:10] INFO > #200: (/estabilidade) - [] - {"url":"/estabilidade?_dc=1487268430563&page=1&start=0&limit=25","ip":"::1","http_method":"GET","server":"localhost","referrer":"http://localhost:8081/","uid":"275cf39"}
[2017-02-16 19:07:11] INFO > #200: (/conhecimento) - [] - {"url":"/conhecimento?_dc=1487268430564&page=1&start=0&limit=25","ip":"::1","http_method":"GET","server":"localhost","referrer":"http://localhost:8081/","uid":"437de7c"}
[2017-02-16 19:07:11] INFO > #200: (/classificacao) - [] - {"url":"/classificacao?_dc=1487268430564&page=1&start=0&limit=25","ip":"::1","http_method":"GET","server":"localhost","referrer":"http://localhost:8081/","uid":"fba840d"}
[2017-02-16 19:07:11] INFO > #200: (/nivelrisco) - [] - {"url":"/nivelrisco?_dc=1487268430565&page=1&start=0&limit=25","ip":"::1","http_method":"GET","server":"localhost","referrer":"http://localhost:8081/","uid":"749a49e"}
[2017-02-16 19:07:11] INFO > #200: (/sistemas) - [] - {"url":"/sistemas?_dc=1487268430562&page=1&start=0&limit=25","ip":"::1","http_method":"GET","server":"localhost","referrer":"http://localhost:8081/","uid":"5812da1"}
[2017-02-16 19:08:33] INFO > #200: (/projetos) - [] - {"url":"/projetos","ip":"::1","http_method":"OPTIONS","server":"localhost","referrer":"http://localhost:8081/","uid":"6c078dc"}
[2017-02-16 19:08:33] INFO > #200: (/projetos) - [] - {"url":"/projetos","ip":"::1","http_method":"POST","server":"localhost","referrer":"http://localhost:8081/","uid":"12de2a0"}
[2017-02-16 19:22:16] INFO > #200: (/projetos) - [] - {"url":"/projetos?_dc=1487269336949&page=1&start=0&limit=25&sort=nomeusuario&dir=desc","ip":"::1","http_method":"OPTIONS","server":"localhost","referrer":"http://localhost:8081/","uid":"e76519f"}
[2017-02-16 19:22:17] INFO > #200: (/hora) - [] - {"url":"/hora?_dc=1487269336953&page=1&start=0&limit=25","ip":"::1","http_method":"OPTIONS","server":"localhost","referrer":"http://localhost:8081/","uid":"b126fce"}
[2017-02-16 19:22:17] INFO > #200: (/sistemasinternos) - [] - {"url":"/sistemasinternos?_dc=1487269336955&page=1&start=0&limit=25","ip":"::1","http_method":"OPTIONS","server":"localhost","referrer":"http://localhost:8081/","uid":"ca8dffb"}
[2017-02-16 19:22:17] INFO > #200: (/sistemasexternos) - [] - {"url":"/sistemasexternos?_dc=1487269336956&page=1&start=0&limit=25","ip":"::1","http_method":"OPTIONS","server":"localhost","referrer":"http://localhost:8081/","uid":"06c5534"}
[2017-02-16 19:22:17] INFO > #200: (/sistemas) - [] - {"url":"/sistemas?_dc=1487269336956&page=1&start=0&limit=25","ip":"::1","http_method":"OPTIONS","server":"localhost","referrer":"http://localhost:8081/","uid":"d02a40b"}
[2017-02-16 19:22:17] INFO > #200: (/sistemas) - [] - {"url":"/sistemas?_dc=1487269336957&page=1&start=0&limit=25","ip":"::1","http_method":"OPTIONS","server":"localhost","referrer":"http://localhost:8081/","uid":"d5394b9"}
[2017-02-16 19:22:17] INFO > #200: (/abrangencia) - [] - {"url":"/abrangencia?_dc=1487269336959&page=1&start=0&limit=25","ip":"::1","http_method":"OPTIONS","server":"localhost","referrer":"http://localhost:8081/","uid":"60baaae"}
[2017-02-16 19:22:17] INFO > #200: (/estabilidade) - [] - {"url":"/estabilidade?_dc=1487269336960&page=1&start=0&limit=25","ip":"::1","http_method":"OPTIONS","server":"localhost","referrer":"http://localhost:8081/","uid":"8d4d2eb"}
[2017-02-16 19:22:17] INFO > #200: (/conhecimento) - [] - {"url":"/conhecimento?_dc=1487269336964&page=1&start=0&limit=25","ip":"::1","http_method":"OPTIONS","server":"localhost","referrer":"http://localhost:8081/","uid":"29b97c4"}
[2017-02-16 19:22:17] INFO > #200: (/classificacao) - [] - {"url":"/classificacao?_dc=1487269336966&page=1&start=0&limit=25","ip":"::1","http_method":"OPTIONS","server":"localhost","referrer":"http://localhost:8081/","uid":"f0d2876"}
[2017-02-16 19:22:17] INFO > #200: (/nivelrisco) - [] - {"url":"/nivelrisco?_dc=1487269336968&page=1&start=0&limit=25","ip":"::1","http_method":"OPTIONS","server":"localhost","referrer":"http://localhost:8081/","uid":"5413007"}
[2017-02-16 19:22:17] INFO > #200: (/projetos) - [] - {"url":"/projetos?_dc=1487269336949&page=1&start=0&limit=25&sort=nomeusuario&dir=desc","ip":"::1","http_method":"GET","server":"localhost","referrer":"http://localhost:8081/","uid":"a8c926d"}
[2017-02-16 19:22:17] INFO > #200: (/hora) - [] - {"url":"/hora?_dc=1487269336953&page=1&start=0&limit=25","ip":"::1","http_method":"GET","server":"localhost","referrer":"http://localhost:8081/","uid":"14c6af7"}
[2017-02-16 19:22:17] INFO > #200: (/sistemasinternos) - [] - {"url":"/sistemasinternos?_dc=1487269336955&page=1&start=0&limit=25","ip":"::1","http_method":"GET","server":"localhost","referrer":"http://localhost:8081/","uid":"b6c1cca"}
[2017-02-16 19:22:17] INFO > #200: (/sistemasexternos) - [] - {"url":"/sistemasexternos?_dc=1487269336956&page=1&start=0&limit=25","ip":"::1","http_method":"GET","server":"localhost","referrer":"http://localhost:8081/","uid":"ba69dcb"}
[2017-02-16 19:22:17] INFO > #200: (/sistemas) - [] - {"url":"/sistemas?_dc=1487269336956&page=1&start=0&limit=25","ip":"::1","http_method":"GET","server":"localhost","referrer":"http://localhost:8081/","uid":"54fc6da"}
[2017-02-16 19:22:17] INFO > #200: (/sistemas) - [] - {"url":"/sistemas?_dc=1487269336957&page=1&start=0&limit=25","ip":"::1","http_method":"GET","server":"localhost","referrer":"http://localhost:8081/","uid":"564529e"}
[2017-02-16 19:22:17] INFO > #200: (/abrangencia) - [] - {"url":"/abrangencia?_dc=1487269336959&page=1&start=0&limit=25","ip":"::1","http_method":"GET","server":"localhost","referrer":"http://localhost:8081/","uid":"1763825"}
[2017-02-16 19:22:17] INFO > #200: (/estabilidade) - [] - {"url":"/estabilidade?_dc=1487269336960&page=1&start=0&limit=25","ip":"::1","http_method":"GET","server":"localhost","referrer":"http://localhost:8081/","uid":"000d293"}
[2017-02-16 19:22:17] INFO > #200: (/conhecimento) - [] - {"url":"/conhecimento?_dc=1487269336964&page=1&start=0&limit=25","ip":"::1","http_method":"GET","server":"localhost","referrer":"http://localhost:8081/","uid":"539a0c0"}
[2017-02-16 19:22:17] INFO > #200: (/classificacao) - [] - {"url":"/classificacao?_dc=1487269336966&page=1&start=0&limit=25","ip":"::1","http_method":"GET","server":"localhost","referrer":"http://localhost:8081/","uid":"c1ddc4f"}
[2017-02-16 19:22:17] INFO > #200: (/nivelrisco) - [] - {"url":"/nivelrisco?_dc=1487269336968&page=1&start=0&limit=25","ip":"::1","http_method":"GET","server":"localhost","referrer":"http://localhost:8081/","uid":"637dfb1"}
[2017-02-16 19:26:42] INFO > #200: (/projetos) - [] - {"url":"/projetos?_dc=1487269602868&page=1&start=0&limit=25&sort=nomeusuario&dir=desc","ip":"::1","http_method":"OPTIONS","server":"localhost","referrer":"http://localhost:8081/","uid":"6c2f5fa"}
[2017-02-16 19:26:42] INFO > #200: (/hora) - [] - {"url":"/hora?_dc=1487269602872&page=1&start=0&limit=25","ip":"::1","http_method":"OPTIONS","server":"localhost","referrer":"http://localhost:8081/","uid":"7f89699"}
[2017-02-16 19:26:42] INFO > #200: (/sistemasinternos) - [] - {"url":"/sistemasinternos?_dc=1487269602874&page=1&start=0&limit=25","ip":"::1","http_method":"OPTIONS","server":"localhost","referrer":"http://localhost:8081/","uid":"84a6154"}
[2017-02-16 19:26:42] INFO > #200: (/sistemasexternos) - [] - {"url":"/sistemasexternos?_dc=1487269602875&page=1&start=0&limit=25","ip":"::1","http_method":"OPTIONS","server":"localhost","referrer":"http://localhost:8081/","uid":"1840f73"}
[2017-02-16 19:26:42] INFO > #200: (/sistemas) - [] - {"url":"/sistemas?_dc=1487269602876&page=1&start=0&limit=25","ip":"::1","http_method":"OPTIONS","server":"localhost","referrer":"http://localhost:8081/","uid":"dd6783a"}
[2017-02-16 19:26:42] INFO > #200: (/sistemas) - [] - {"url":"/sistemas?_dc=1487269602877&page=1&start=0&limit=25","ip":"::1","http_method":"OPTIONS","server":"localhost","referrer":"http://localhost:8081/","uid":"315f722"}
[2017-02-16 19:26:43] INFO > #200: (/abrangencia) - [] - {"url":"/abrangencia?_dc=1487269602878&page=1&start=0&limit=25","ip":"::1","http_method":"OPTIONS","server":"localhost","referrer":"http://localhost:8081/","uid":"c1878c5"}
[2017-02-16 19:26:43] INFO > #200: (/estabilidade) - [] - {"url":"/estabilidade?_dc=1487269602878&page=1&start=0&limit=25","ip":"::1","http_method":"OPTIONS","server":"localhost","referrer":"http://localhost:8081/","uid":"249e9c8"}
[2017-02-16 19:26:43] INFO > #200: (/conhecimento) - [] - {"url":"/conhecimento?_dc=1487269602879&page=1&start=0&limit=25","ip":"::1","http_method":"OPTIONS","server":"localhost","referrer":"http://localhost:8081/","uid":"1da9da5"}
[2017-02-16 19:26:43] INFO > #200: (/classificacao) - [] - {"url":"/classificacao?_dc=1487269602880&page=1&start=0&limit=25","ip":"::1","http_method":"OPTIONS","server":"localhost","referrer":"http://localhost:8081/","uid":"749a883"}
[2017-02-16 19:26:43] INFO > #200: (/nivelrisco) - [] - {"url":"/nivelrisco?_dc=1487269602884&page=1&start=0&limit=25","ip":"::1","http_method":"OPTIONS","server":"localhost","referrer":"http://localhost:8081/","uid":"f1da547"}
[2017-02-16 19:26:43] INFO > #200: (/projetos) - [] - {"url":"/projetos?_dc=1487269602868&page=1&start=0&limit=25&sort=nomeusuario&dir=desc","ip":"::1","http_method":"GET","server":"localhost","referrer":"http://localhost:8081/","uid":"088ee63"}
[2017-02-16 19:26:43] INFO > #200: (/hora) - [] - {"url":"/hora?_dc=1487269602872&page=1&start=0&limit=25","ip":"::1","http_method":"GET","server":"localhost","referrer":"http://localhost:8081/","uid":"1f665bb"}
[2017-02-16 19:26:43] INFO > #200: (/sistemasinternos) - [] - {"url":"/sistemasinternos?_dc=1487269602874&page=1&start=0&limit=25","ip":"::1","http_method":"GET","server":"localhost","referrer":"http://localhost:8081/","uid":"513bdbc"}
[2017-02-16 19:26:43] INFO > #200: (/sistemasexternos) - [] - {"url":"/sistemasexternos?_dc=1487269602875&page=1&start=0&limit=25","ip":"::1","http_method":"GET","server":"localhost","referrer":"http://localhost:8081/","uid":"0b82d51"}
[2017-02-16 19:26:43] INFO > #200: (/sistemas) - [] - {"url":"/sistemas?_dc=1487269602876&page=1&start=0&limit=25","ip":"::1","http_method":"GET","server":"localhost","referrer":"http://localhost:8081/","uid":"ff5b37e"}
[2017-02-16 19:26:43] INFO > #200: (/sistemas) - [] - {"url":"/sistemas?_dc=1487269602877&page=1&start=0&limit=25","ip":"::1","http_method":"GET","server":"localhost","referrer":"http://localhost:8081/","uid":"4f34735"}
[2017-02-16 19:26:43] INFO > #200: (/abrangencia) - [] - {"url":"/abrangencia?_dc=1487269602878&page=1&start=0&limit=25","ip":"::1","http_method":"GET","server":"localhost","referrer":"http://localhost:8081/","uid":"b50c027"}
[2017-02-16 19:26:43] INFO > #200: (/estabilidade) - [] - {"url":"/estabilidade?_dc=1487269602878&page=1&start=0&limit=25","ip":"::1","http_method":"GET","server":"localhost","referrer":"http://localhost:8081/","uid":"42dc792"}
[2017-02-16 19:26:43] INFO > #200: (/conhecimento) - [] - {"url":"/conhecimento?_dc=1487269602879&page=1&start=0&limit=25","ip":"::1","http_method":"GET","server":"localhost","referrer":"http://localhost:8081/","uid":"af29ea7"}
[2017-02-16 19:26:43] INFO > #200: (/classificacao) - [] - {"url":"/classificacao?_dc=1487269602880&page=1&start=0&limit=25","ip":"::1","http_method":"GET","server":"localhost","referrer":"http://localhost:8081/","uid":"a751021"}
[2017-02-16 19:26:43] INFO > #200: (/nivelrisco) - [] - {"url":"/nivelrisco?_dc=1487269602884&page=1&start=0&limit=25","ip":"::1","http_method":"GET","server":"localhost","referrer":"http://localhost:8081/","uid":"017e232"}
[2017-02-16 19:27:05] INFO > #200: (/projetos) - [] - {"url":"/projetos","ip":"::1","http_method":"OPTIONS","server":"localhost","referrer":"http://localhost:8081/","uid":"305de75"}
[2017-02-16 19:27:05] INFO > #200: (/projetos) - [] - {"url":"/projetos","ip":"::1","http_method":"POST","server":"localhost","referrer":"http://localhost:8081/","uid":"7ce362d"}
[2017-02-16 19:36:16] INFO > #200: (/projetos) - [] - {"url":"/projetos","ip":"::1","http_method":"POST","server":"localhost","referrer":"http://localhost:8081/","uid":"06aa556"}
[2017-02-16 19:38:40] INFO > #200: (/projetos) - [] - {"url":"/projetos","ip":"::1","http_method":"OPTIONS","server":"localhost","referrer":"http://localhost:8081/","uid":"ae47331"}
[2017-02-16 19:39:37] INFO > #200: (/projetos) - [] - {"url":"/projetos","ip":"::1","http_method":"POST","server":"localhost","referrer":"http://localhost:8081/","uid":"42a633f"}
[2017-02-16 19:40:31] INFO > #200: (/projetos) - [] - {"url":"/projetos","ip":"::1","http_method":"POST","server":"localhost","referrer":"http://localhost:8081/","uid":"64473a1"}
[2017-02-16 19:41:09] INFO > #200: (/projetos) - [] - {"url":"/projetos?_dc=1487270469309&page=1&start=0&limit=25&sort=nomeusuario&dir=desc","ip":"::1","http_method":"OPTIONS","server":"localhost","referrer":"http://localhost:8081/","uid":"db48e91"}
[2017-02-16 19:41:09] INFO > #200: (/hora) - [] - {"url":"/hora?_dc=1487270469313&page=1&start=0&limit=25","ip":"::1","http_method":"OPTIONS","server":"localhost","referrer":"http://localhost:8081/","uid":"d9404f1"}
[2017-02-16 19:41:09] INFO > #200: (/sistemasinternos) - [] - {"url":"/sistemasinternos?_dc=1487270469313&page=1&start=0&limit=25","ip":"::1","http_method":"OPTIONS","server":"localhost","referrer":"http://localhost:8081/","uid":"483b12b"}
[2017-02-16 19:41:09] INFO > #200: (/sistemasexternos) - [] - {"url":"/sistemasexternos?_dc=1487270469315&page=1&start=0&limit=25","ip":"::1","http_method":"OPTIONS","server":"localhost","referrer":"http://localhost:8081/","uid":"fbda8eb"}
[2017-02-16 19:41:09] INFO > #200: (/sistemas) - [] - {"url":"/sistemas?_dc=1487270469315&page=1&start=0&limit=25","ip":"::1","http_method":"OPTIONS","server":"localhost","referrer":"http://localhost:8081/","uid":"b0b4c25"}
[2017-02-16 19:41:09] INFO > #200: (/sistemas) - [] - {"url":"/sistemas?_dc=1487270469316&page=1&start=0&limit=25","ip":"::1","http_method":"OPTIONS","server":"localhost","referrer":"http://localhost:8081/","uid":"1d5856d"}
[2017-02-16 19:41:09] INFO > #200: (/abrangencia) - [] - {"url":"/abrangencia?_dc=1487270469316&page=1&start=0&limit=25","ip":"::1","http_method":"OPTIONS","server":"localhost","referrer":"http://localhost:8081/","uid":"9808b35"}
[2017-02-16 19:41:09] INFO > #200: (/estabilidade) - [] - {"url":"/estabilidade?_dc=1487270469317&page=1&start=0&limit=25","ip":"::1","http_method":"OPTIONS","server":"localhost","referrer":"http://localhost:8081/","uid":"2038549"}
[2017-02-16 19:41:09] INFO > #200: (/conhecimento) - [] - {"url":"/conhecimento?_dc=1487270469317&page=1&start=0&limit=25","ip":"::1","http_method":"OPTIONS","server":"localhost","referrer":"http://localhost:8081/","uid":"00b0b34"}
[2017-02-16 19:41:09] INFO > #200: (/classificacao) - [] - {"url":"/classificacao?_dc=1487270469318&page=1&start=0&limit=25","ip":"::1","http_method":"OPTIONS","server":"localhost","referrer":"http://localhost:8081/","uid":"37e0366"}
[2017-02-16 19:41:09] INFO > #200: (/nivelrisco) - [] - {"url":"/nivelrisco?_dc=1487270469318&page=1&start=0&limit=25","ip":"::1","http_method":"OPTIONS","server":"localhost","referrer":"http://localhost:8081/","uid":"5dad1f4"}
[2017-02-16 19:41:09] INFO > #200: (/projetos) - [] - {"url":"/projetos?_dc=1487270469309&page=1&start=0&limit=25&sort=nomeusuario&dir=desc","ip":"::1","http_method":"GET","server":"localhost","referrer":"http://localhost:8081/","uid":"2ba306a"}
[2017-02-16 19:41:09] INFO > #200: (/hora) - [] - {"url":"/hora?_dc=1487270469313&page=1&start=0&limit=25","ip":"::1","http_method":"GET","server":"localhost","referrer":"http://localhost:8081/","uid":"9473be2"}
[2017-02-16 19:41:09] INFO > #200: (/sistemasinternos) - [] - {"url":"/sistemasinternos?_dc=1487270469313&page=1&start=0&limit=25","ip":"::1","http_method":"GET","server":"localhost","referrer":"http://localhost:8081/","uid":"7fe719f"}
[2017-02-16 19:41:09] INFO > #200: (/sistemasexternos) - [] - {"url":"/sistemasexternos?_dc=1487270469315&page=1&start=0&limit=25","ip":"::1","http_method":"GET","server":"localhost","referrer":"http://localhost:8081/","uid":"9249d8c"}
[2017-02-16 19:41:09] INFO > #200: (/sistemas) - [] - {"url":"/sistemas?_dc=1487270469315&page=1&start=0&limit=25","ip":"::1","http_method":"GET","server":"localhost","referrer":"http://localhost:8081/","uid":"9391a78"}
[2017-02-16 19:41:09] INFO > #200: (/sistemas) - [] - {"url":"/sistemas?_dc=1487270469316&page=1&start=0&limit=25","ip":"::1","http_method":"GET","server":"localhost","referrer":"http://localhost:8081/","uid":"8fc2ead"}
[2017-02-16 19:41:09] INFO > #200: (/abrangencia) - [] - {"url":"/abrangencia?_dc=1487270469316&page=1&start=0&limit=25","ip":"::1","http_method":"GET","server":"localhost","referrer":"http://localhost:8081/","uid":"27cfee2"}
[2017-02-16 19:41:09] INFO > #200: (/estabilidade) - [] - {"url":"/estabilidade?_dc=1487270469317&page=1&start=0&limit=25","ip":"::1","http_method":"GET","server":"localhost","referrer":"http://localhost:8081/","uid":"58f700e"}
[2017-02-16 19:41:09] INFO > #200: (/conhecimento) - [] - {"url":"/conhecimento?_dc=1487270469317&page=1&start=0&limit=25","ip":"::1","http_method":"GET","server":"localhost","referrer":"http://localhost:8081/","uid":"220ea2f"}
[2017-02-16 19:41:09] INFO > #200: (/classificacao) - [] - {"url":"/classificacao?_dc=1487270469318&page=1&start=0&limit=25","ip":"::1","http_method":"GET","server":"localhost","referrer":"http://localhost:8081/","uid":"79a6c4b"}
[2017-02-16 19:41:09] INFO > #200: (/nivelrisco) - [] - {"url":"/nivelrisco?_dc=1487270469318&page=1&start=0&limit=25","ip":"::1","http_method":"GET","server":"localhost","referrer":"http://localhost:8081/","uid":"6b2d6fc"}
[2017-02-16 19:47:16] INFO > #200: (/projetos) - [] - {"url":"/projetos?_dc=1487270836833&page=1&start=0&limit=25&sort=nomeusuario&dir=desc","ip":"::1","http_method":"OPTIONS","server":"localhost","referrer":"http://localhost:8081/","uid":"b1486d5"}
[2017-02-16 19:47:16] INFO > #200: (/hora) - [] - {"url":"/hora?_dc=1487270836837&page=1&start=0&limit=25","ip":"::1","http_method":"OPTIONS","server":"localhost","referrer":"http://localhost:8081/","uid":"58e2388"}
[2017-02-16 19:47:16] INFO > #200: (/sistemasinternos) - [] - {"url":"/sistemasinternos?_dc=1487270836838&page=1&start=0&limit=25","ip":"::1","http_method":"OPTIONS","server":"localhost","referrer":"http://localhost:8081/","uid":"853192f"}
[2017-02-16 19:47:16] INFO > #200: (/sistemasexternos) - [] - {"url":"/sistemasexternos?_dc=1487270836838&page=1&start=0&limit=25","ip":"::1","http_method":"OPTIONS","server":"localhost","referrer":"http://localhost:8081/","uid":"8fe04cc"}
[2017-02-16 19:47:16] INFO > #200: (/sistemas) - [] - {"url":"/sistemas?_dc=1487270836839&page=1&start=0&limit=25","ip":"::1","http_method":"OPTIONS","server":"localhost","referrer":"http://localhost:8081/","uid":"5bd0401"}
[2017-02-16 19:47:16] INFO > #200: (/sistemas) - [] - {"url":"/sistemas?_dc=1487270836840&page=1&start=0&limit=25","ip":"::1","http_method":"OPTIONS","server":"localhost","referrer":"http://localhost:8081/","uid":"2c8aae4"}
[2017-02-16 19:47:16] INFO > #200: (/abrangencia) - [] - {"url":"/abrangencia?_dc=1487270836841&page=1&start=0&limit=25","ip":"::1","http_method":"OPTIONS","server":"localhost","referrer":"http://localhost:8081/","uid":"04ad37b"}
[2017-02-16 19:47:16] INFO > #200: (/estabilidade) - [] - {"url":"/estabilidade?_dc=1487270836841&page=1&start=0&limit=25","ip":"::1","http_method":"OPTIONS","server":"localhost","referrer":"http://localhost:8081/","uid":"7ef6de6"}
[2017-02-16 19:47:17] INFO > #200: (/conhecimento) - [] - {"url":"/conhecimento?_dc=1487270836842&page=1&start=0&limit=25","ip":"::1","http_method":"OPTIONS","server":"localhost","referrer":"http://localhost:8081/","uid":"962a5a9"}
[2017-02-16 19:47:17] INFO > #200: (/classificacao) - [] - {"url":"/classificacao?_dc=1487270836842&page=1&start=0&limit=25","ip":"::1","http_method":"OPTIONS","server":"localhost","referrer":"http://localhost:8081/","uid":"7f1537c"}
[2017-02-16 19:47:17] INFO > #200: (/nivelrisco) - [] - {"url":"/nivelrisco?_dc=1487270836843&page=1&start=0&limit=25","ip":"::1","http_method":"OPTIONS","server":"localhost","referrer":"http://localhost:8081/","uid":"08e0514"}
[2017-02-16 19:47:17] INFO > #200: (/projetos) - [] - {"url":"/projetos?_dc=1487270836833&page=1&start=0&limit=25&sort=nomeusuario&dir=desc","ip":"::1","http_method":"GET","server":"localhost","referrer":"http://localhost:8081/","uid":"6ae9bc5"}
[2017-02-16 19:47:17] INFO > #200: (/hora) - [] - {"url":"/hora?_dc=1487270836837&page=1&start=0&limit=25","ip":"::1","http_method":"GET","server":"localhost","referrer":"http://localhost:8081/","uid":"c06e1e7"}
[2017-02-16 19:47:17] INFO > #200: (/sistemasinternos) - [] - {"url":"/sistemasinternos?_dc=1487270836838&page=1&start=0&limit=25","ip":"::1","http_method":"GET","server":"localhost","referrer":"http://localhost:8081/","uid":"cef0dc8"}
[2017-02-16 19:47:17] INFO > #200: (/sistemasexternos) - [] - {"url":"/sistemasexternos?_dc=1487270836838&page=1&start=0&limit=25","ip":"::1","http_method":"GET","server":"localhost","referrer":"http://localhost:8081/","uid":"b71e1d5"}
[2017-02-16 19:47:17] INFO > #200: (/sistemas) - [] - {"url":"/sistemas?_dc=1487270836839&page=1&start=0&limit=25","ip":"::1","http_method":"GET","server":"localhost","referrer":"http://localhost:8081/","uid":"873d9d9"}
[2017-02-16 19:47:17] INFO > #200: (/sistemas) - [] - {"url":"/sistemas?_dc=1487270836840&page=1&start=0&limit=25","ip":"::1","http_method":"GET","server":"localhost","referrer":"http://localhost:8081/","uid":"4a78fed"}
[2017-02-16 19:47:17] INFO > #200: (/abrangencia) - [] - {"url":"/abrangencia?_dc=1487270836841&page=1&start=0&limit=25","ip":"::1","http_method":"GET","server":"localhost","referrer":"http://localhost:8081/","uid":"1346960"}
[2017-02-16 19:47:17] INFO > #200: (/estabilidade) - [] - {"url":"/estabilidade?_dc=1487270836841&page=1&start=0&limit=25","ip":"::1","http_method":"GET","server":"localhost","referrer":"http://localhost:8081/","uid":"d9a4183"}
[2017-02-16 19:47:17] INFO > #200: (/conhecimento) - [] - {"url":"/conhecimento?_dc=1487270836842&page=1&start=0&limit=25","ip":"::1","http_method":"GET","server":"localhost","referrer":"http://localhost:8081/","uid":"46b4081"}
[2017-02-16 19:47:17] INFO > #200: (/classificacao) - [] - {"url":"/classificacao?_dc=1487270836842&page=1&start=0&limit=25","ip":"::1","http_method":"GET","server":"localhost","referrer":"http://localhost:8081/","uid":"0d355d9"}
[2017-02-16 19:47:17] INFO > #200: (/nivelrisco) - [] - {"url":"/nivelrisco?_dc=1487270836843&page=1&start=0&limit=25","ip":"::1","http_method":"GET","server":"localhost","referrer":"http://localhost:8081/","uid":"aabc1e1"}
[2017-02-16 19:56:31] INFO > #200: (/projetos) - [] - {"url":"/projetos?_dc=1487271391297&page=1&start=0&limit=25&sort=nomeusuario&dir=desc","ip":"::1","http_method":"OPTIONS","server":"localhost","referrer":"http://localhost:8081/","uid":"eba39a7"}
[2017-02-16 19:56:31] INFO > #200: (/hora) - [] - {"url":"/hora?_dc=1487271391300&page=1&start=0&limit=25","ip":"::1","http_method":"OPTIONS","server":"localhost","referrer":"http://localhost:8081/","uid":"1f47a90"}
[2017-02-16 19:56:31] INFO > #200: (/sistemasinternos) - [] - {"url":"/sistemasinternos?_dc=1487271391301&page=1&start=0&limit=25","ip":"::1","http_method":"OPTIONS","server":"localhost","referrer":"http://localhost:8081/","uid":"3c62f77"}
[2017-02-16 19:56:31] INFO > #200: (/sistemasexternos) - [] - {"url":"/sistemasexternos?_dc=1487271391301&page=1&start=0&limit=25","ip":"::1","http_method":"OPTIONS","server":"localhost","referrer":"http://localhost:8081/","uid":"82080dc"}
[2017-02-16 19:56:31] INFO > #200: (/sistemas) - [] - {"url":"/sistemas?_dc=1487271391302&page=1&start=0&limit=25","ip":"::1","http_method":"OPTIONS","server":"localhost","referrer":"http://localhost:8081/","uid":"1f80eea"}
[2017-02-16 19:56:31] INFO > #200: (/sistemas) - [] - {"url":"/sistemas?_dc=1487271391303&page=1&start=0&limit=25","ip":"::1","http_method":"OPTIONS","server":"localhost","referrer":"http://localhost:8081/","uid":"617041d"}
[2017-02-16 19:56:31] INFO > #200: (/abrangencia) - [] - {"url":"/abrangencia?_dc=1487271391303&page=1&start=0&limit=25","ip":"::1","http_method":"OPTIONS","server":"localhost","referrer":"http://localhost:8081/","uid":"8382c5e"}
[2017-02-16 19:56:31] INFO > #200: (/estabilidade) - [] - {"url":"/estabilidade?_dc=1487271391304&page=1&start=0&limit=25","ip":"::1","http_method":"OPTIONS","server":"localhost","referrer":"http://localhost:8081/","uid":"ff17c86"}
[2017-02-16 19:56:31] INFO > #200: (/conhecimento) - [] - {"url":"/conhecimento?_dc=1487271391305&page=1&start=0&limit=25","ip":"::1","http_method":"OPTIONS","server":"localhost","referrer":"http://localhost:8081/","uid":"c8e4035"}
[2017-02-16 19:56:31] INFO > #200: (/classificacao) - [] - {"url":"/classificacao?_dc=1487271391305&page=1&start=0&limit=25","ip":"::1","http_method":"OPTIONS","server":"localhost","referrer":"http://localhost:8081/","uid":"8f04104"}
[2017-02-16 19:56:31] INFO > #200: (/nivelrisco) - [] - {"url":"/nivelrisco?_dc=1487271391306&page=1&start=0&limit=25","ip":"::1","http_method":"OPTIONS","server":"localhost","referrer":"http://localhost:8081/","uid":"1ad3014"}
[2017-02-16 19:56:31] INFO > #200: (/hora) - [] - {"url":"/hora?_dc=1487271391300&page=1&start=0&limit=25","ip":"::1","http_method":"GET","server":"localhost","referrer":"http://localhost:8081/","uid":"4022391"}
[2017-02-16 19:56:31] INFO > #200: (/sistemasinternos) - [] - {"url":"/sistemasinternos?_dc=1487271391301&page=1&start=0&limit=25","ip":"::1","http_method":"GET","server":"localhost","referrer":"http://localhost:8081/","uid":"1721f62"}
[2017-02-16 19:56:31] INFO > #200: (/sistemasexternos) - [] - {"url":"/sistemasexternos?_dc=1487271391301&page=1&start=0&limit=25","ip":"::1","http_method":"GET","server":"localhost","referrer":"http://localhost:8081/","uid":"89abef2"}
[2017-02-16 19:56:31] INFO > #200: (/sistemas) - [] - {"url":"/sistemas?_dc=1487271391302&page=1&start=0&limit=25","ip":"::1","http_method":"GET","server":"localhost","referrer":"http://localhost:8081/","uid":"c677ece"}
[2017-02-16 19:56:31] INFO > #200: (/sistemas) - [] - {"url":"/sistemas?_dc=1487271391303&page=1&start=0&limit=25","ip":"::1","http_method":"GET","server":"localhost","referrer":"http://localhost:8081/","uid":"6cf11b4"}
[2017-02-16 19:56:31] INFO > #200: (/abrangencia) - [] - {"url":"/abrangencia?_dc=1487271391303&page=1&start=0&limit=25","ip":"::1","http_method":"GET","server":"localhost","referrer":"http://localhost:8081/","uid":"fa29a06"}
[2017-02-16 19:56:31] INFO > #200: (/estabilidade) - [] - {"url":"/estabilidade?_dc=1487271391304&page=1&start=0&limit=25","ip":"::1","http_method":"GET","server":"localhost","referrer":"http://localhost:8081/","uid":"cf3ea34"}
[2017-02-16 19:56:31] INFO > #200: (/conhecimento) - [] - {"url":"/conhecimento?_dc=1487271391305&page=1&start=0&limit=25","ip":"::1","http_method":"GET","server":"localhost","referrer":"http://localhost:8081/","uid":"369cfad"}
[2017-02-16 19:56:31] INFO > #200: (/classificacao) - [] - {"url":"/classificacao?_dc=1487271391305&page=1&start=0&limit=25","ip":"::1","http_method":"GET","server":"localhost","referrer":"http://localhost:8081/","uid":"f0164af"}
[2017-02-16 19:56:31] INFO > #200: (/nivelrisco) - [] - {"url":"/nivelrisco?_dc=1487271391306&page=1&start=0&limit=25","ip":"::1","http_method":"GET","server":"localhost","referrer":"http://localhost:8081/","uid":"e4f7401"}
[2017-02-16 19:58:06] INFO > #200: (/projetos) - [] - {"url":"/projetos","ip":"::1","http_method":"GET","server":"localhost","referrer":null,"uid":"f18a7c7"}
[2017-02-16 19:58:11] INFO > #200: (/projetos) - [] - {"url":"/projetos?_dc=1487271491944&page=1&start=0&limit=25&sort=nomeusuario&dir=desc","ip":"::1","http_method":"OPTIONS","server":"localhost","referrer":"http://localhost:8081/","uid":"a7d6892"}
[2017-02-16 19:58:11] INFO > #200: (/hora) - [] - {"url":"/hora?_dc=1487271491947&page=1&start=0&limit=25","ip":"::1","http_method":"OPTIONS","server":"localhost","referrer":"http://localhost:8081/","uid":"328b208"}
[2017-02-16 19:58:12] INFO > #200: (/sistemasinternos) - [] - {"url":"/sistemasinternos?_dc=1487271491948&page=1&start=0&limit=25","ip":"::1","http_method":"OPTIONS","server":"localhost","referrer":"http://localhost:8081/","uid":"c03baaa"}
[2017-02-16 19:58:12] INFO > #200: (/sistemasexternos) - [] - {"url":"/sistemasexternos?_dc=1487271491948&page=1&start=0&limit=25","ip":"::1","http_method":"OPTIONS","server":"localhost","referrer":"http://localhost:8081/","uid":"32a1b5f"}
[2017-02-16 19:58:12] INFO > #200: (/sistemas) - [] - {"url":"/sistemas?_dc=1487271491949&page=1&start=0&limit=25","ip":"::1","http_method":"OPTIONS","server":"localhost","referrer":"http://localhost:8081/","uid":"dfd4d42"}
[2017-02-16 19:58:12] INFO > #200: (/sistemas) - [] - {"url":"/sistemas?_dc=1487271491949&page=1&start=0&limit=25","ip":"::1","http_method":"OPTIONS","server":"localhost","referrer":"http://localhost:8081/","uid":"d06b328"}
[2017-02-16 19:58:12] INFO > #200: (/abrangencia) - [] - {"url":"/abrangencia?_dc=1487271491950&page=1&start=0&limit=25","ip":"::1","http_method":"OPTIONS","server":"localhost","referrer":"http://localhost:8081/","uid":"8db866b"}
[2017-02-16 19:58:12] INFO > #200: (/estabilidade) - [] - {"url":"/estabilidade?_dc=1487271491950&page=1&start=0&limit=25","ip":"::1","http_method":"OPTIONS","server":"localhost","referrer":"http://localhost:8081/","uid":"6277dbd"}
[2017-02-16 19:58:12] INFO > #200: (/conhecimento) - [] - {"url":"/conhecimento?_dc=1487271491951&page=1&start=0&limit=25","ip":"::1","http_method":"OPTIONS","server":"localhost","referrer":"http://localhost:8081/","uid":"9c63a73"}
[2017-02-16 19:58:12] INFO > #200: (/classificacao) - [] - {"url":"/classificacao?_dc=1487271491952&page=1&start=0&limit=25","ip":"::1","http_method":"OPTIONS","server":"localhost","referrer":"http://localhost:8081/","uid":"9000861"}
[2017-02-16 19:58:12] INFO > #200: (/nivelrisco) - [] - {"url":"/nivelrisco?_dc=1487271491953&page=1&start=0&limit=25","ip":"::1","http_method":"OPTIONS","server":"localhost","referrer":"http://localhost:8081/","uid":"ab140d3"}
[2017-02-16 19:58:12] INFO > #200: (/projetos) - [] - {"url":"/projetos?_dc=1487271491944&page=1&start=0&limit=25&sort=nomeusuario&dir=desc","ip":"::1","http_method":"GET","server":"localhost","referrer":"http://localhost:8081/","uid":"8bc6a9b"}
[2017-02-16 19:58:12] INFO > #200: (/hora) - [] - {"url":"/hora?_dc=1487271491947&page=1&start=0&limit=25","ip":"::1","http_method":"GET","server":"localhost","referrer":"http://localhost:8081/","uid":"193640a"}
[2017-02-16 19:58:12] INFO > #200: (/sistemasinternos) - [] - {"url":"/sistemasinternos?_dc=1487271491948&page=1&start=0&limit=25","ip":"::1","http_method":"GET","server":"localhost","referrer":"http://localhost:8081/","uid":"109b503"}
[2017-02-16 19:58:12] INFO > #200: (/sistemasexternos) - [] - {"url":"/sistemasexternos?_dc=1487271491948&page=1&start=0&limit=25","ip":"::1","http_method":"GET","server":"localhost","referrer":"http://localhost:8081/","uid":"35fa9c0"}
[2017-02-16 19:58:12] INFO > #200: (/sistemas) - [] - {"url":"/sistemas?_dc=1487271491949&page=1&start=0&limit=25","ip":"::1","http_method":"GET","server":"localhost","referrer":"http://localhost:8081/","uid":"2a0d1f7"}
[2017-02-16 19:58:12] INFO > #200: (/abrangencia) - [] - {"url":"/abrangencia?_dc=1487271491950&page=1&start=0&limit=25","ip":"::1","http_method":"GET","server":"localhost","referrer":"http://localhost:8081/","uid":"3e20e2a"}
[2017-02-16 19:58:12] INFO > #200: (/estabilidade) - [] - {"url":"/estabilidade?_dc=1487271491950&page=1&start=0&limit=25","ip":"::1","http_method":"GET","server":"localhost","referrer":"http://localhost:8081/","uid":"6d17fa2"}
[2017-02-16 19:58:12] INFO > #200: (/conhecimento) - [] - {"url":"/conhecimento?_dc=1487271491951&page=1&start=0&limit=25","ip":"::1","http_method":"GET","server":"localhost","referrer":"http://localhost:8081/","uid":"3f88450"}
[2017-02-16 19:58:12] INFO > #200: (/classificacao) - [] - {"url":"/classificacao?_dc=1487271491952&page=1&start=0&limit=25","ip":"::1","http_method":"GET","server":"localhost","referrer":"http://localhost:8081/","uid":"3204b94"}
[2017-02-16 19:58:12] INFO > #200: (/nivelrisco) - [] - {"url":"/nivelrisco?_dc=1487271491953&page=1&start=0&limit=25","ip":"::1","http_method":"GET","server":"localhost","referrer":"http://localhost:8081/","uid":"8717ac4"}
[2017-02-16 19:58:12] INFO > #200: (/sistemas) - [] - {"url":"/sistemas?_dc=1487271491949&page=1&start=0&limit=25","ip":"::1","http_method":"GET","server":"localhost","referrer":"http://localhost:8081/","uid":"0d7c3e5"}
[2017-02-16 20:00:49] INFO > #200: (/projetos) - [] - {"url":"/projetos","ip":"::1","http_method":"OPTIONS","server":"localhost","referrer":"http://localhost:8081/","uid":"f54b58f"}
[2017-02-16 20:06:16] INFO > #200: (/projetos) - [] - {"url":"/projetos","ip":"::1","http_method":"POST","server":"localhost","referrer":"http://localhost:8081/","uid":"c5325eb"}
[2017-02-16 20:07:01] INFO > #200: (/projetos) - [] - {"url":"/projetos","ip":"::1","http_method":"POST","server":"localhost","referrer":"http://localhost:8081/","uid":"795478a"}
[2017-02-16 20:12:54] INFO > #200: (/projetos) - [] - {"url":"/projetos?_dc=1487272374617&page=1&start=0&limit=25&sort=nomeusuario&dir=desc","ip":"::1","http_method":"OPTIONS","server":"localhost","referrer":"http://localhost:8081/","uid":"9c13afb"}
[2017-02-16 20:12:54] INFO > #200: (/sistemasinternos) - [] - {"url":"/sistemasinternos?_dc=1487272374623&page=1&start=0&limit=25","ip":"::1","http_method":"OPTIONS","server":"localhost","referrer":"http://localhost:8081/","uid":"f19df6b"}
[2017-02-16 20:12:54] INFO > #200: (/hora) - [] - {"url":"/hora?_dc=1487272374621&page=1&start=0&limit=25","ip":"::1","http_method":"OPTIONS","server":"localhost","referrer":"http://localhost:8081/","uid":"d176f59"}
[2017-02-16 20:12:54] INFO > #200: (/sistemasexternos) - [] - {"url":"/sistemasexternos?_dc=1487272374626&page=1&start=0&limit=25","ip":"::1","http_method":"OPTIONS","server":"localhost","referrer":"http://localhost:8081/","uid":"21b01fe"}
[2017-02-16 20:12:54] INFO > #200: (/sistemas) - [] - {"url":"/sistemas?_dc=1487272374627&page=1&start=0&limit=25","ip":"::1","http_method":"OPTIONS","server":"localhost","referrer":"http://localhost:8081/","uid":"393319c"}
[2017-02-16 20:12:54] INFO > #200: (/sistemas) - [] - {"url":"/sistemas?_dc=1487272374628&page=1&start=0&limit=25","ip":"::1","http_method":"OPTIONS","server":"localhost","referrer":"http://localhost:8081/","uid":"e1acea5"}
[2017-02-16 20:12:54] INFO > #200: (/abrangencia) - [] - {"url":"/abrangencia?_dc=1487272374629&page=1&start=0&limit=25","ip":"::1","http_method":"OPTIONS","server":"localhost","referrer":"http://localhost:8081/","uid":"bd2736b"}
[2017-02-16 20:12:54] INFO > #200: (/estabilidade) - [] - {"url":"/estabilidade?_dc=1487272374630&page=1&start=0&limit=25","ip":"::1","http_method":"OPTIONS","server":"localhost","referrer":"http://localhost:8081/","uid":"7086023"}
[2017-02-16 20:12:54] INFO > #200: (/conhecimento) - [] - {"url":"/conhecimento?_dc=1487272374630&page=1&start=0&limit=25","ip":"::1","http_method":"OPTIONS","server":"localhost","referrer":"http://localhost:8081/","uid":"933bf67"}
[2017-02-16 20:12:54] INFO > #200: (/classificacao) - [] - {"url":"/classificacao?_dc=1487272374631&page=1&start=0&limit=25","ip":"::1","http_method":"OPTIONS","server":"localhost","referrer":"http://localhost:8081/","uid":"2bf46f2"}
[2017-02-16 20:12:54] INFO > #200: (/nivelrisco) - [] - {"url":"/nivelrisco?_dc=1487272374633&page=1&start=0&limit=25","ip":"::1","http_method":"OPTIONS","server":"localhost","referrer":"http://localhost:8081/","uid":"f0f357f"}
[2017-02-16 20:12:54] INFO > #200: (/projetos) - [] - {"url":"/projetos?_dc=1487272374617&page=1&start=0&limit=25&sort=nomeusuario&dir=desc","ip":"::1","http_method":"GET","server":"localhost","referrer":"http://localhost:8081/","uid":"bba652a"}
[2017-02-16 20:12:54] INFO > #200: (/sistemasinternos) - [] - {"url":"/sistemasinternos?_dc=1487272374623&page=1&start=0&limit=25","ip":"::1","http_method":"GET","server":"localhost","referrer":"http://localhost:8081/","uid":"fd3b2f0"}
[2017-02-16 20:12:54] INFO > #200: (/hora) - [] - {"url":"/hora?_dc=1487272374621&page=1&start=0&limit=25","ip":"::1","http_method":"GET","server":"localhost","referrer":"http://localhost:8081/","uid":"4cf6ef0"}
[2017-02-16 20:12:55] INFO > #200: (/sistemasexternos) - [] - {"url":"/sistemasexternos?_dc=1487272374626&page=1&start=0&limit=25","ip":"::1","http_method":"GET","server":"localhost","referrer":"http://localhost:8081/","uid":"d79093a"}
[2017-02-16 20:12:55] INFO > #200: (/sistemas) - [] - {"url":"/sistemas?_dc=1487272374627&page=1&start=0&limit=25","ip":"::1","http_method":"GET","server":"localhost","referrer":"http://localhost:8081/","uid":"3218270"}
[2017-02-16 20:12:55] INFO > #200: (/sistemas) - [] - {"url":"/sistemas?_dc=1487272374628&page=1&start=0&limit=25","ip":"::1","http_method":"GET","server":"localhost","referrer":"http://localhost:8081/","uid":"97df054"}
[2017-02-16 20:12:55] INFO > #200: (/abrangencia) - [] - {"url":"/abrangencia?_dc=1487272374629&page=1&start=0&limit=25","ip":"::1","http_method":"GET","server":"localhost","referrer":"http://localhost:8081/","uid":"6451a26"}
[2017-02-16 20:12:55] INFO > #200: (/estabilidade) - [] - {"url":"/estabilidade?_dc=1487272374630&page=1&start=0&limit=25","ip":"::1","http_method":"GET","server":"localhost","referrer":"http://localhost:8081/","uid":"fedbdb0"}
[2017-02-16 20:12:55] INFO > #200: (/conhecimento) - [] - {"url":"/conhecimento?_dc=1487272374630&page=1&start=0&limit=25","ip":"::1","http_method":"GET","server":"localhost","referrer":"http://localhost:8081/","uid":"7bee1bf"}
[2017-02-16 20:12:55] INFO > #200: (/classificacao) - [] - {"url":"/classificacao?_dc=1487272374631&page=1&start=0&limit=25","ip":"::1","http_method":"GET","server":"localhost","referrer":"http://localhost:8081/","uid":"3368b6d"}
[2017-02-16 20:12:55] INFO > #200: (/nivelrisco) - [] - {"url":"/nivelrisco?_dc=1487272374633&page=1&start=0&limit=25","ip":"::1","http_method":"GET","server":"localhost","referrer":"http://localhost:8081/","uid":"8b94aa8"}
[2017-02-16 20:13:42] INFO > #200: (/projetos) - [] - {"url":"/projetos?_dc=1487272422354&page=1&start=0&limit=25&sort=nomeusuario&dir=desc","ip":"::1","http_method":"OPTIONS","server":"localhost","referrer":"http://localhost:8081/","uid":"02062e3"}
[2017-02-16 20:13:42] INFO > #200: (/hora) - [] - {"url":"/hora?_dc=1487272422358&page=1&start=0&limit=25","ip":"::1","http_method":"OPTIONS","server":"localhost","referrer":"http://localhost:8081/","uid":"bfcebfa"}
[2017-02-16 20:13:42] INFO > #200: (/sistemasinternos) - [] - {"url":"/sistemasinternos?_dc=1487272422360&page=1&start=0&limit=25","ip":"::1","http_method":"OPTIONS","server":"localhost","referrer":"http://localhost:8081/","uid":"0688ac1"}
[2017-02-16 20:13:42] INFO > #200: (/sistemasexternos) - [] - {"url":"/sistemasexternos?_dc=1487272422361&page=1&start=0&limit=25","ip":"::1","http_method":"OPTIONS","server":"localhost","referrer":"http://localhost:8081/","uid":"9ac98bd"}
[2017-02-16 20:13:42] INFO > #200: (/sistemas) - [] - {"url":"/sistemas?_dc=1487272422362&page=1&start=0&limit=25","ip":"::1","http_method":"OPTIONS","server":"localhost","referrer":"http://localhost:8081/","uid":"d5edf6f"}
[2017-02-16 20:13:42] INFO > #200: (/sistemas) - [] - {"url":"/sistemas?_dc=1487272422363&page=1&start=0&limit=25","ip":"::1","http_method":"OPTIONS","server":"localhost","referrer":"http://localhost:8081/","uid":"7548d8b"}
[2017-02-16 20:13:42] INFO > #200: (/abrangencia) - [] - {"url":"/abrangencia?_dc=1487272422363&page=1&start=0&limit=25","ip":"::1","http_method":"OPTIONS","server":"localhost","referrer":"http://localhost:8081/","uid":"ee4f10b"}
[2017-02-16 20:13:42] INFO > #200: (/estabilidade) - [] - {"url":"/estabilidade?_dc=1487272422365&page=1&start=0&limit=25","ip":"::1","http_method":"OPTIONS","server":"localhost","referrer":"http://localhost:8081/","uid":"c78b7ae"}
[2017-02-16 20:13:42] INFO > #200: (/conhecimento) - [] - {"url":"/conhecimento?_dc=1487272422366&page=1&start=0&limit=25","ip":"::1","http_method":"OPTIONS","server":"localhost","referrer":"http://localhost:8081/","uid":"52bd4b3"}
[2017-02-16 20:13:42] INFO > #200: (/classificacao) - [] - {"url":"/classificacao?_dc=1487272422367&page=1&start=0&limit=25","ip":"::1","http_method":"OPTIONS","server":"localhost","referrer":"http://localhost:8081/","uid":"30fd09a"}
[2017-02-16 20:13:42] INFO > #200: (/nivelrisco) - [] - {"url":"/nivelrisco?_dc=1487272422368&page=1&start=0&limit=25","ip":"::1","http_method":"OPTIONS","server":"localhost","referrer":"http://localhost:8081/","uid":"873b97b"}
[2017-02-16 20:13:42] INFO > #200: (/projetos) - [] - {"url":"/projetos?_dc=1487272422354&page=1&start=0&limit=25&sort=nomeusuario&dir=desc","ip":"::1","http_method":"GET","server":"localhost","referrer":"http://localhost:8081/","uid":"2575e3c"}
[2017-02-16 20:13:42] INFO > #200: (/hora) - [] - {"url":"/hora?_dc=1487272422358&page=1&start=0&limit=25","ip":"::1","http_method":"GET","server":"localhost","referrer":"http://localhost:8081/","uid":"3048d00"}
[2017-02-16 20:13:42] INFO > #200: (/sistemasinternos) - [] - {"url":"/sistemasinternos?_dc=1487272422360&page=1&start=0&limit=25","ip":"::1","http_method":"GET","server":"localhost","referrer":"http://localhost:8081/","uid":"78a312c"}
[2017-02-16 20:13:42] INFO > #200: (/sistemasexternos) - [] - {"url":"/sistemasexternos?_dc=1487272422361&page=1&start=0&limit=25","ip":"::1","http_method":"GET","server":"localhost","referrer":"http://localhost:8081/","uid":"63ff30b"}
[2017-02-16 20:13:42] INFO > #200: (/sistemas) - [] - {"url":"/sistemas?_dc=1487272422362&page=1&start=0&limit=25","ip":"::1","http_method":"GET","server":"localhost","referrer":"http://localhost:8081/","uid":"4966672"}
[2017-02-16 20:13:42] INFO > #200: (/sistemas) - [] - {"url":"/sistemas?_dc=1487272422363&page=1&start=0&limit=25","ip":"::1","http_method":"GET","server":"localhost","referrer":"http://localhost:8081/","uid":"f5f2fae"}
[2017-02-16 20:13:42] INFO > #200: (/abrangencia) - [] - {"url":"/abrangencia?_dc=1487272422363&page=1&start=0&limit=25","ip":"::1","http_method":"GET","server":"localhost","referrer":"http://localhost:8081/","uid":"b907f90"}
[2017-02-16 20:13:42] INFO > #200: (/estabilidade) - [] - {"url":"/estabilidade?_dc=1487272422365&page=1&start=0&limit=25","ip":"::1","http_method":"GET","server":"localhost","referrer":"http://localhost:8081/","uid":"7212855"}
[2017-02-16 20:13:42] INFO > #200: (/conhecimento) - [] - {"url":"/conhecimento?_dc=1487272422366&page=1&start=0&limit=25","ip":"::1","http_method":"GET","server":"localhost","referrer":"http://localhost:8081/","uid":"a3ffdd1"}
[2017-02-16 20:13:42] INFO > #200: (/classificacao) - [] - {"url":"/classificacao?_dc=1487272422367&page=1&start=0&limit=25","ip":"::1","http_method":"GET","server":"localhost","referrer":"http://localhost:8081/","uid":"11236e7"}
[2017-02-16 20:13:42] INFO > #200: (/nivelrisco) - [] - {"url":"/nivelrisco?_dc=1487272422368&page=1&start=0&limit=25","ip":"::1","http_method":"GET","server":"localhost","referrer":"http://localhost:8081/","uid":"1eda18d"}
[2017-02-16 20:14:22] INFO > #200: (/projetos) - [] - {"url":"/projetos","ip":"::1","http_method":"OPTIONS","server":"localhost","referrer":"http://localhost:8081/","uid":"4d6de20"}
[2017-02-16 20:16:04] INFO > #200: (/projetos) - [] - {"url":"/projetos","ip":"::1","http_method":"POST","server":"localhost","referrer":"http://localhost:8081/","uid":"a407461"}
[2017-02-16 20:16:10] INFO > #200: (/projetos) - [] - {"url":"/projetos","ip":"::1","http_method":"POST","server":"localhost","referrer":"http://localhost:8081/","uid":"90ab846"}
[2017-02-16 20:16:51] INFO > #200: (/projetos) - [] - {"url":"/projetos?_dc=1487272610999&page=1&start=0&limit=25&sort=nomeusuario&dir=desc","ip":"::1","http_method":"OPTIONS","server":"localhost","referrer":"http://localhost:8081/","uid":"efdc273"}
[2017-02-16 20:16:51] INFO > #200: (/projetos) - [] - {"url":"/projetos?_dc=1487272610999&page=1&start=0&limit=25&sort=nomeusuario&dir=desc","ip":"::1","http_method":"GET","server":"localhost","referrer":"http://localhost:8081/","uid":"203f36a"}
